[  2%] Built target action_tutorials_interfaces__rosidl_generator_type_description
[  2%] Built target ament_cmake_python_copy_action_tutorials_interfaces
[  4%] Built target action_tutorials_interfaces__cpp
[ 22%] Built target action_tutorials_interfaces__rosidl_generator_c
[ 31%] Built target action_tutorials_interfaces__rosidl_typesupport_c
[ 50%] Built target action_tutorials_interfaces__rosidl_typesupport_fastrtps_c
[ 50%] Built target action_tutorials_interfaces__rosidl_typesupport_introspection_cpp
[ 68%] Built target action_tutorials_interfaces__rosidl_typesupport_fastrtps_cpp
[ 68%] Built target action_tutorials_interfaces__rosidl_typesupport_introspection_c
[ 77%] Built target action_tutorials_interfaces__rosidl_typesupport_cpp
[ 77%] Built target action_tutorials_interfaces
[ 79%] Built target action_tutorials_interfaces__py
[ 86%] Built target action_tutorials_interfaces__rosidl_generator_py
[ 97%] Built target action_tutorials_interfaces_s__rosidl_typesupport_introspection_c
[100%] Built target action_tutorials_interfaces_s__rosidl_typesupport_c
[100%] Built target action_tutorials_interfaces_s__rosidl_typesupport_fastrtps_c
running egg_info
writing action_tutorials_interfaces.egg-info/PKG-INFO
writing dependency_links to action_tutorials_interfaces.egg-info/dependency_links.txt
writing top-level names to action_tutorials_interfaces.egg-info/top_level.txt
reading manifest file 'action_tutorials_interfaces.egg-info/SOURCES.txt'
writing manifest file 'action_tutorials_interfaces.egg-info/SOURCES.txt'
[100%] Built target ament_cmake_python_build_action_tutorials_interfaces_egg
-- Install configuration: ""
-- Installing: /home/ubuntu/ros_workspace/install/action_tutorials_interfaces/share/ament_index/resource_index/rosidl_interfaces/action_tutorials_interfaces
-- Installing: /home/ubuntu/ros_workspace/install/action_tutorials_interfaces/share/action_tutorials_interfaces/action/Fibonacci.json
-- Installing: /home/ubuntu/ros_workspace/install/action_tutorials_interfaces/share/action_tutorials_interfaces/action/Tut1.json
-- Installing: /home/ubuntu/ros_workspace/install/action_tutorials_interfaces/include/action_tutorials_interfaces/action_tutorials_interfaces
-- Installing: /home/ubuntu/ros_workspace/install/action_tutorials_interfaces/include/action_tutorials_interfaces/action_tutorials_interfaces/action
-- Installing: /home/ubuntu/ros_workspace/install/action_tutorials_interfaces/include/action_tutorials_interfaces/action_tutorials_interfaces/action/detail
-- Installing: /home/ubuntu/ros_workspace/install/action_tutorials_interfaces/include/action_tutorials_interfaces/action_tutorials_interfaces/action/detail/tut1__type_support.c
-- Installing: /home/ubuntu/ros_workspace/install/action_tutorials_interfaces/include/action_tutorials_interfaces/action_tutorials_interfaces/action/detail/tut1__description.c
-- Installing: /home/ubuntu/ros_workspace/install/action_tutorials_interfaces/include/action_tutorials_interfaces/action_tutorials_interfaces/action/detail/fibonacci__description.c
-- Installing: /home/ubuntu/ros_workspace/install/action_tutorials_interfaces/include/action_tutorials_interfaces/action_tutorials_interfaces/action/detail/tut1__functions.c
-- Installing: /home/ubuntu/ros_workspace/install/action_tutorials_interfaces/include/action_tutorials_interfaces/action_tutorials_interfaces/action/detail/fibonacci__functions.h
-- Installing: /home/ubuntu/ros_workspace/install/action_tutorials_interfaces/include/action_tutorials_interfaces/action_tutorials_interfaces/action/detail/fibonacci__functions.c
-- Installing: /home/ubuntu/ros_workspace/install/action_tutorials_interfaces/include/action_tutorials_interfaces/action_tutorials_interfaces/action/detail/fibonacci__type_support.h
-- Installing: /home/ubuntu/ros_workspace/install/action_tutorials_interfaces/include/action_tutorials_interfaces/action_tutorials_interfaces/action/detail/fibonacci__type_support.c
-- Installing: /home/ubuntu/ros_workspace/install/action_tutorials_interfaces/include/action_tutorials_interfaces/action_tutorials_interfaces/action/detail/tut1__struct.h
-- Installing: /home/ubuntu/ros_workspace/install/action_tutorials_interfaces/include/action_tutorials_interfaces/action_tutorials_interfaces/action/detail/tut1__functions.h
-- Installing: /home/ubuntu/ros_workspace/install/action_tutorials_interfaces/include/action_tutorials_interfaces/action_tutorials_interfaces/action/detail/tut1__type_support.h
-- Installing: /home/ubuntu/ros_workspace/install/action_tutorials_interfaces/include/action_tutorials_interfaces/action_tutorials_interfaces/action/detail/fibonacci__struct.h
-- Installing: /home/ubuntu/ros_workspace/install/action_tutorials_interfaces/include/action_tutorials_interfaces/action_tutorials_interfaces/action/fibonacci.h
-- Installing: /home/ubuntu/ros_workspace/install/action_tutorials_interfaces/include/action_tutorials_interfaces/action_tutorials_interfaces/action/tut1.h
-- Installing: /home/ubuntu/ros_workspace/install/action_tutorials_interfaces/include/action_tutorials_interfaces/action_tutorials_interfaces/msg
-- Installing: /home/ubuntu/ros_workspace/install/action_tutorials_interfaces/include/action_tutorials_interfaces/action_tutorials_interfaces/msg/rosidl_generator_c__visibility_control.h
-- Installing: /home/ubuntu/ros_workspace/install/action_tutorials_interfaces/share/action_tutorials_interfaces/environment/library_path.sh
-- Installing: /home/ubuntu/ros_workspace/install/action_tutorials_interfaces/share/action_tutorials_interfaces/environment/library_path.dsv
-- Installing: /home/ubuntu/ros_workspace/install/action_tutorials_interfaces/lib/libaction_tutorials_interfaces__rosidl_generator_c.so
-- Set non-toolchain portion of runtime path of "/home/ubuntu/ros_workspace/install/action_tutorials_interfaces/lib/libaction_tutorials_interfaces__rosidl_generator_c.so" to ""
-- Up-to-date: /home/ubuntu/ros_workspace/install/action_tutorials_interfaces/include/action_tutorials_interfaces/action_tutorials_interfaces
-- Up-to-date: /home/ubuntu/ros_workspace/install/action_tutorials_interfaces/include/action_tutorials_interfaces/action_tutorials_interfaces/action
-- Up-to-date: /home/ubuntu/ros_workspace/install/action_tutorials_interfaces/include/action_tutorials_interfaces/action_tutorials_interfaces/action/detail
-- Installing: /home/ubuntu/ros_workspace/install/action_tutorials_interfaces/include/action_tutorials_interfaces/action_tutorials_interfaces/action/detail/tut1__rosidl_typesupport_fastrtps_c.h
-- Installing: /home/ubuntu/ros_workspace/install/action_tutorials_interfaces/include/action_tutorials_interfaces/action_tutorials_interfaces/action/detail/fibonacci__rosidl_typesupport_fastrtps_c.h
-- Up-to-date: /home/ubuntu/ros_workspace/install/action_tutorials_interfaces/include/action_tutorials_interfaces/action_tutorials_interfaces/msg
-- Installing: /home/ubuntu/ros_workspace/install/action_tutorials_interfaces/include/action_tutorials_interfaces/action_tutorials_interfaces/msg/rosidl_typesupport_fastrtps_c__visibility_control.h
-- Installing: /home/ubuntu/ros_workspace/install/action_tutorials_interfaces/lib/libaction_tutorials_interfaces__rosidl_typesupport_fastrtps_c.so
-- Set non-toolchain portion of runtime path of "/home/ubuntu/ros_workspace/install/action_tutorials_interfaces/lib/libaction_tutorials_interfaces__rosidl_typesupport_fastrtps_c.so" to ""
-- Up-to-date: /home/ubuntu/ros_workspace/install/action_tutorials_interfaces/include/action_tutorials_interfaces/action_tutorials_interfaces
-- Up-to-date: /home/ubuntu/ros_workspace/install/action_tutorials_interfaces/include/action_tutorials_interfaces/action_tutorials_interfaces/action
-- Up-to-date: /home/ubuntu/ros_workspace/install/action_tutorials_interfaces/include/action_tutorials_interfaces/action_tutorials_interfaces/action/detail
-- Installing: /home/ubuntu/ros_workspace/install/action_tutorials_interfaces/include/action_tutorials_interfaces/action_tutorials_interfaces/action/detail/tut1__type_support.c
-- Installing: /home/ubuntu/ros_workspace/install/action_tutorials_interfaces/include/action_tutorials_interfaces/action_tutorials_interfaces/action/detail/fibonacci__rosidl_typesupport_introspection_c.h
-- Installing: /home/ubuntu/ros_workspace/install/action_tutorials_interfaces/include/action_tutorials_interfaces/action_tutorials_interfaces/action/detail/tut1__rosidl_typesupport_introspection_c.h
-- Installing: /home/ubuntu/ros_workspace/install/action_tutorials_interfaces/include/action_tutorials_interfaces/action_tutorials_interfaces/action/detail/fibonacci__type_support.c
-- Up-to-date: /home/ubuntu/ros_workspace/install/action_tutorials_interfaces/include/action_tutorials_interfaces/action_tutorials_interfaces/msg
-- Installing: /home/ubuntu/ros_workspace/install/action_tutorials_interfaces/include/action_tutorials_interfaces/action_tutorials_interfaces/msg/rosidl_typesupport_introspection_c__visibility_control.h
-- Installing: /home/ubuntu/ros_workspace/install/action_tutorials_interfaces/lib/libaction_tutorials_interfaces__rosidl_typesupport_introspection_c.so
-- Set non-toolchain portion of runtime path of "/home/ubuntu/ros_workspace/install/action_tutorials_interfaces/lib/libaction_tutorials_interfaces__rosidl_typesupport_introspection_c.so" to ""
-- Installing: /home/ubuntu/ros_workspace/install/action_tutorials_interfaces/lib/libaction_tutorials_interfaces__rosidl_typesupport_c.so
-- Set non-toolchain portion of runtime path of "/home/ubuntu/ros_workspace/install/action_tutorials_interfaces/lib/libaction_tutorials_interfaces__rosidl_typesupport_c.so" to ""
-- Up-to-date: /home/ubuntu/ros_workspace/install/action_tutorials_interfaces/include/action_tutorials_interfaces/action_tutorials_interfaces
-- Up-to-date: /home/ubuntu/ros_workspace/install/action_tutorials_interfaces/include/action_tutorials_interfaces/action_tutorials_interfaces/action
-- Up-to-date: /home/ubuntu/ros_workspace/install/action_tutorials_interfaces/include/action_tutorials_interfaces/action_tutorials_interfaces/action/detail
-- Installing: /home/ubuntu/ros_workspace/install/action_tutorials_interfaces/include/action_tutorials_interfaces/action_tutorials_interfaces/action/detail/tut1__type_support.hpp
-- Installing: /home/ubuntu/ros_workspace/install/action_tutorials_interfaces/include/action_tutorials_interfaces/action_tutorials_interfaces/action/detail/fibonacci__builder.hpp
-- Installing: /home/ubuntu/ros_workspace/install/action_tutorials_interfaces/include/action_tutorials_interfaces/action_tutorials_interfaces/action/detail/fibonacci__type_support.hpp
-- Installing: /home/ubuntu/ros_workspace/install/action_tutorials_interfaces/include/action_tutorials_interfaces/action_tutorials_interfaces/action/detail/tut1__traits.hpp
-- Installing: /home/ubuntu/ros_workspace/install/action_tutorials_interfaces/include/action_tutorials_interfaces/action_tutorials_interfaces/action/detail/fibonacci__struct.hpp
-- Installing: /home/ubuntu/ros_workspace/install/action_tutorials_interfaces/include/action_tutorials_interfaces/action_tutorials_interfaces/action/detail/tut1__builder.hpp
-- Installing: /home/ubuntu/ros_workspace/install/action_tutorials_interfaces/include/action_tutorials_interfaces/action_tutorials_interfaces/action/detail/fibonacci__traits.hpp
-- Installing: /home/ubuntu/ros_workspace/install/action_tutorials_interfaces/include/action_tutorials_interfaces/action_tutorials_interfaces/action/detail/tut1__struct.hpp
-- Installing: /home/ubuntu/ros_workspace/install/action_tutorials_interfaces/include/action_tutorials_interfaces/action_tutorials_interfaces/action/fibonacci.hpp
-- Installing: /home/ubuntu/ros_workspace/install/action_tutorials_interfaces/include/action_tutorials_interfaces/action_tutorials_interfaces/action/tut1.hpp
-- Up-to-date: /home/ubuntu/ros_workspace/install/action_tutorials_interfaces/include/action_tutorials_interfaces/action_tutorials_interfaces/msg
-- Installing: /home/ubuntu/ros_workspace/install/action_tutorials_interfaces/include/action_tutorials_interfaces/action_tutorials_interfaces/msg/rosidl_generator_cpp__visibility_control.hpp
-- Up-to-date: /home/ubuntu/ros_workspace/install/action_tutorials_interfaces/include/action_tutorials_interfaces/action_tutorials_interfaces
-- Up-to-date: /home/ubuntu/ros_workspace/install/action_tutorials_interfaces/include/action_tutorials_interfaces/action_tutorials_interfaces/action
-- Up-to-date: /home/ubuntu/ros_workspace/install/action_tutorials_interfaces/include/action_tutorials_interfaces/action_tutorials_interfaces/action/detail
-- Installing: /home/ubuntu/ros_workspace/install/action_tutorials_interfaces/include/action_tutorials_interfaces/action_tutorials_interfaces/action/detail/dds_fastrtps
-- Installing: /home/ubuntu/ros_workspace/install/action_tutorials_interfaces/include/action_tutorials_interfaces/action_tutorials_interfaces/action/detail/fibonacci__rosidl_typesupport_fastrtps_cpp.hpp
-- Installing: /home/ubuntu/ros_workspace/install/action_tutorials_interfaces/include/action_tutorials_interfaces/action_tutorials_interfaces/action/detail/tut1__rosidl_typesupport_fastrtps_cpp.hpp
-- Up-to-date: /home/ubuntu/ros_workspace/install/action_tutorials_interfaces/include/action_tutorials_interfaces/action_tutorials_interfaces/msg
-- Installing: /home/ubuntu/ros_workspace/install/action_tutorials_interfaces/include/action_tutorials_interfaces/action_tutorials_interfaces/msg/rosidl_typesupport_fastrtps_cpp__visibility_control.h
-- Installing: /home/ubuntu/ros_workspace/install/action_tutorials_interfaces/lib/libaction_tutorials_interfaces__rosidl_typesupport_fastrtps_cpp.so
-- Set non-toolchain portion of runtime path of "/home/ubuntu/ros_workspace/install/action_tutorials_interfaces/lib/libaction_tutorials_interfaces__rosidl_typesupport_fastrtps_cpp.so" to ""
-- Up-to-date: /home/ubuntu/ros_workspace/install/action_tutorials_interfaces/include/action_tutorials_interfaces/action_tutorials_interfaces
-- Up-to-date: /home/ubuntu/ros_workspace/install/action_tutorials_interfaces/include/action_tutorials_interfaces/action_tutorials_interfaces/action
-- Up-to-date: /home/ubuntu/ros_workspace/install/action_tutorials_interfaces/include/action_tutorials_interfaces/action_tutorials_interfaces/action/detail
-- Installing: /home/ubuntu/ros_workspace/install/action_tutorials_interfaces/include/action_tutorials_interfaces/action_tutorials_interfaces/action/detail/fibonacci__type_support.cpp
-- Installing: /home/ubuntu/ros_workspace/install/action_tutorials_interfaces/include/action_tutorials_interfaces/action_tutorials_interfaces/action/detail/fibonacci__rosidl_typesupport_introspection_cpp.hpp
-- Installing: /home/ubuntu/ros_workspace/install/action_tutorials_interfaces/include/action_tutorials_interfaces/action_tutorials_interfaces/action/detail/tut1__rosidl_typesupport_introspection_cpp.hpp
-- Installing: /home/ubuntu/ros_workspace/install/action_tutorials_interfaces/include/action_tutorials_interfaces/action_tutorials_interfaces/action/detail/tut1__type_support.cpp
-- Installing: /home/ubuntu/ros_workspace/install/action_tutorials_interfaces/lib/libaction_tutorials_interfaces__rosidl_typesupport_introspection_cpp.so
-- Set non-toolchain portion of runtime path of "/home/ubuntu/ros_workspace/install/action_tutorials_interfaces/lib/libaction_tutorials_interfaces__rosidl_typesupport_introspection_cpp.so" to ""
-- Installing: /home/ubuntu/ros_workspace/install/action_tutorials_interfaces/lib/libaction_tutorials_interfaces__rosidl_typesupport_cpp.so
-- Set non-toolchain portion of runtime path of "/home/ubuntu/ros_workspace/install/action_tutorials_interfaces/lib/libaction_tutorials_interfaces__rosidl_typesupport_cpp.so" to ""
-- Installing: /home/ubuntu/ros_workspace/install/action_tutorials_interfaces/share/action_tutorials_interfaces/environment/pythonpath.sh
-- Installing: /home/ubuntu/ros_workspace/install/action_tutorials_interfaces/share/action_tutorials_interfaces/environment/pythonpath.dsv
-- Installing: /home/ubuntu/ros_workspace/install/action_tutorials_interfaces/lib/python3.12/site-packages/action_tutorials_interfaces-0.0.0-py3.12.egg-info
-- Installing: /home/ubuntu/ros_workspace/install/action_tutorials_interfaces/lib/python3.12/site-packages/action_tutorials_interfaces-0.0.0-py3.12.egg-info/top_level.txt
-- Installing: /home/ubuntu/ros_workspace/install/action_tutorials_interfaces/lib/python3.12/site-packages/action_tutorials_interfaces-0.0.0-py3.12.egg-info/SOURCES.txt
-- Installing: /home/ubuntu/ros_workspace/install/action_tutorials_interfaces/lib/python3.12/site-packages/action_tutorials_interfaces-0.0.0-py3.12.egg-info/PKG-INFO
-- Installing: /home/ubuntu/ros_workspace/install/action_tutorials_interfaces/lib/python3.12/site-packages/action_tutorials_interfaces-0.0.0-py3.12.egg-info/dependency_links.txt
-- Installing: /home/ubuntu/ros_workspace/install/action_tutorials_interfaces/lib/python3.12/site-packages/action_tutorials_interfaces
-- Installing: /home/ubuntu/ros_workspace/install/action_tutorials_interfaces/lib/python3.12/site-packages/action_tutorials_interfaces/_action_tutorials_interfaces_s.ep.rosidl_typesupport_c.c
-- Installing: /home/ubuntu/ros_workspace/install/action_tutorials_interfaces/lib/python3.12/site-packages/action_tutorials_interfaces/action_tutorials_interfaces_s__rosidl_typesupport_fastrtps_c.so
-- Installing: /home/ubuntu/ros_workspace/install/action_tutorials_interfaces/lib/python3.12/site-packages/action_tutorials_interfaces/action_tutorials_interfaces_s__rosidl_typesupport_introspection_c.so
-- Installing: /home/ubuntu/ros_workspace/install/action_tutorials_interfaces/lib/python3.12/site-packages/action_tutorials_interfaces/_action_tutorials_interfaces_s.ep.rosidl_typesupport_introspection_c.c
-- Installing: /home/ubuntu/ros_workspace/install/action_tutorials_interfaces/lib/python3.12/site-packages/action_tutorials_interfaces/action_tutorials_interfaces_s__rosidl_typesupport_c.so
-- Installing: /home/ubuntu/ros_workspace/install/action_tutorials_interfaces/lib/python3.12/site-packages/action_tutorials_interfaces/_action_tutorials_interfaces_s.ep.rosidl_typesupport_fastrtps_c.c
-- Installing: /home/ubuntu/ros_workspace/install/action_tutorials_interfaces/lib/python3.12/site-packages/action_tutorials_interfaces/action
-- Installing: /home/ubuntu/ros_workspace/install/action_tutorials_interfaces/lib/python3.12/site-packages/action_tutorials_interfaces/action/_tut1_s.c
-- Installing: /home/ubuntu/ros_workspace/install/action_tutorials_interfaces/lib/python3.12/site-packages/action_tutorials_interfaces/action/_fibonacci_s.c
-- Installing: /home/ubuntu/ros_workspace/install/action_tutorials_interfaces/lib/python3.12/site-packages/action_tutorials_interfaces/action/_tut1.py
-- Installing: /home/ubuntu/ros_workspace/install/action_tutorials_interfaces/lib/python3.12/site-packages/action_tutorials_interfaces/action/__init__.py
-- Installing: /home/ubuntu/ros_workspace/install/action_tutorials_interfaces/lib/python3.12/site-packages/action_tutorials_interfaces/action/_fibonacci.py
-- Installing: /home/ubuntu/ros_workspace/install/action_tutorials_interfaces/lib/python3.12/site-packages/action_tutorials_interfaces/__init__.py
Listing '/home/ubuntu/ros_workspace/install/action_tutorials_interfaces/lib/python3.12/site-packages/action_tutorials_interfaces'...
Compiling '/home/ubuntu/ros_workspace/install/action_tutorials_interfaces/lib/python3.12/site-packages/action_tutorials_interfaces/__init__.py'...
Listing '/home/ubuntu/ros_workspace/install/action_tutorials_interfaces/lib/python3.12/site-packages/action_tutorials_interfaces/action'...
Compiling '/home/ubuntu/ros_workspace/install/action_tutorials_interfaces/lib/python3.12/site-packages/action_tutorials_interfaces/action/__init__.py'...
Compiling '/home/ubuntu/ros_workspace/install/action_tutorials_interfaces/lib/python3.12/site-packages/action_tutorials_interfaces/action/_fibonacci.py'...
Compiling '/home/ubuntu/ros_workspace/install/action_tutorials_interfaces/lib/python3.12/site-packages/action_tutorials_interfaces/action/_tut1.py'...
-- Installing: /home/ubuntu/ros_workspace/install/action_tutorials_interfaces/lib/python3.12/site-packages/action_tutorials_interfaces/action_tutorials_interfaces_s__rosidl_typesupport_fastrtps_c.so
-- Set non-toolchain portion of runtime path of "/home/ubuntu/ros_workspace/install/action_tutorials_interfaces/lib/python3.12/site-packages/action_tutorials_interfaces/action_tutorials_interfaces_s__rosidl_typesupport_fastrtps_c.so" to ""
-- Installing: /home/ubuntu/ros_workspace/install/action_tutorials_interfaces/lib/python3.12/site-packages/action_tutorials_interfaces/action_tutorials_interfaces_s__rosidl_typesupport_introspection_c.so
-- Set non-toolchain portion of runtime path of "/home/ubuntu/ros_workspace/install/action_tutorials_interfaces/lib/python3.12/site-packages/action_tutorials_interfaces/action_tutorials_interfaces_s__rosidl_typesupport_introspection_c.so" to ""
-- Installing: /home/ubuntu/ros_workspace/install/action_tutorials_interfaces/lib/python3.12/site-packages/action_tutorials_interfaces/action_tutorials_interfaces_s__rosidl_typesupport_c.so
-- Set non-toolchain portion of runtime path of "/home/ubuntu/ros_workspace/install/action_tutorials_interfaces/lib/python3.12/site-packages/action_tutorials_interfaces/action_tutorials_interfaces_s__rosidl_typesupport_c.so" to ""
-- Installing: /home/ubuntu/ros_workspace/install/action_tutorials_interfaces/lib/libaction_tutorials_interfaces__rosidl_generator_py.so
-- Set non-toolchain portion of runtime path of "/home/ubuntu/ros_workspace/install/action_tutorials_interfaces/lib/libaction_tutorials_interfaces__rosidl_generator_py.so" to ""
-- Installing: /home/ubuntu/ros_workspace/install/action_tutorials_interfaces/share/action_tutorials_interfaces/action/Fibonacci.idl
-- Installing: /home/ubuntu/ros_workspace/install/action_tutorials_interfaces/share/action_tutorials_interfaces/action/Tut1.idl
-- Installing: /home/ubuntu/ros_workspace/install/action_tutorials_interfaces/share/action_tutorials_interfaces/action/Fibonacci.action
-- Installing: /home/ubuntu/ros_workspace/install/action_tutorials_interfaces/share/action_tutorials_interfaces/action/Tut1.action
-- Installing: /home/ubuntu/ros_workspace/install/action_tutorials_interfaces/share/ament_index/resource_index/package_run_dependencies/action_tutorials_interfaces
-- Installing: /home/ubuntu/ros_workspace/install/action_tutorials_interfaces/share/ament_index/resource_index/parent_prefix_path/action_tutorials_interfaces
-- Installing: /home/ubuntu/ros_workspace/install/action_tutorials_interfaces/share/action_tutorials_interfaces/environment/ament_prefix_path.sh
-- Installing: /home/ubuntu/ros_workspace/install/action_tutorials_interfaces/share/action_tutorials_interfaces/environment/ament_prefix_path.dsv
-- Installing: /home/ubuntu/ros_workspace/install/action_tutorials_interfaces/share/action_tutorials_interfaces/environment/path.sh
-- Installing: /home/ubuntu/ros_workspace/install/action_tutorials_interfaces/share/action_tutorials_interfaces/environment/path.dsv
-- Installing: /home/ubuntu/ros_workspace/install/action_tutorials_interfaces/share/action_tutorials_interfaces/local_setup.bash
-- Installing: /home/ubuntu/ros_workspace/install/action_tutorials_interfaces/share/action_tutorials_interfaces/local_setup.sh
-- Installing: /home/ubuntu/ros_workspace/install/action_tutorials_interfaces/share/action_tutorials_interfaces/local_setup.zsh
-- Installing: /home/ubuntu/ros_workspace/install/action_tutorials_interfaces/share/action_tutorials_interfaces/local_setup.dsv
-- Installing: /home/ubuntu/ros_workspace/install/action_tutorials_interfaces/share/action_tutorials_interfaces/package.dsv
-- Installing: /home/ubuntu/ros_workspace/install/action_tutorials_interfaces/share/ament_index/resource_index/packages/action_tutorials_interfaces
-- Installing: /home/ubuntu/ros_workspace/install/action_tutorials_interfaces/share/action_tutorials_interfaces/cmake/export_action_tutorials_interfaces__rosidl_generator_cExport.cmake
-- Installing: /home/ubuntu/ros_workspace/install/action_tutorials_interfaces/share/action_tutorials_interfaces/cmake/export_action_tutorials_interfaces__rosidl_generator_cExport-noconfig.cmake
-- Installing: /home/ubuntu/ros_workspace/install/action_tutorials_interfaces/share/action_tutorials_interfaces/cmake/export_action_tutorials_interfaces__rosidl_typesupport_fastrtps_cExport.cmake
-- Installing: /home/ubuntu/ros_workspace/install/action_tutorials_interfaces/share/action_tutorials_interfaces/cmake/export_action_tutorials_interfaces__rosidl_typesupport_fastrtps_cExport-noconfig.cmake
-- Installing: /home/ubuntu/ros_workspace/install/action_tutorials_interfaces/share/action_tutorials_interfaces/cmake/action_tutorials_interfaces__rosidl_typesupport_introspection_cExport.cmake
-- Installing: /home/ubuntu/ros_workspace/install/action_tutorials_interfaces/share/action_tutorials_interfaces/cmake/action_tutorials_interfaces__rosidl_typesupport_introspection_cExport-noconfig.cmake
-- Installing: /home/ubuntu/ros_workspace/install/action_tutorials_interfaces/share/action_tutorials_interfaces/cmake/action_tutorials_interfaces__rosidl_typesupport_cExport.cmake
-- Installing: /home/ubuntu/ros_workspace/install/action_tutorials_interfaces/share/action_tutorials_interfaces/cmake/action_tutorials_interfaces__rosidl_typesupport_cExport-noconfig.cmake
-- Installing: /home/ubuntu/ros_workspace/install/action_tutorials_interfaces/share/action_tutorials_interfaces/cmake/export_action_tutorials_interfaces__rosidl_generator_cppExport.cmake
-- Installing: /home/ubuntu/ros_workspace/install/action_tutorials_interfaces/share/action_tutorials_interfaces/cmake/export_action_tutorials_interfaces__rosidl_typesupport_fastrtps_cppExport.cmake
-- Installing: /home/ubuntu/ros_workspace/install/action_tutorials_interfaces/share/action_tutorials_interfaces/cmake/export_action_tutorials_interfaces__rosidl_typesupport_fastrtps_cppExport-noconfig.cmake
-- Installing: /home/ubuntu/ros_workspace/install/action_tutorials_interfaces/share/action_tutorials_interfaces/cmake/action_tutorials_interfaces__rosidl_typesupport_introspection_cppExport.cmake
-- Installing: /home/ubuntu/ros_workspace/install/action_tutorials_interfaces/share/action_tutorials_interfaces/cmake/action_tutorials_interfaces__rosidl_typesupport_introspection_cppExport-noconfig.cmake
-- Installing: /home/ubuntu/ros_workspace/install/action_tutorials_interfaces/share/action_tutorials_interfaces/cmake/action_tutorials_interfaces__rosidl_typesupport_cppExport.cmake
-- Installing: /home/ubuntu/ros_workspace/install/action_tutorials_interfaces/share/action_tutorials_interfaces/cmake/action_tutorials_interfaces__rosidl_typesupport_cppExport-noconfig.cmake
-- Installing: /home/ubuntu/ros_workspace/install/action_tutorials_interfaces/share/action_tutorials_interfaces/cmake/export_action_tutorials_interfaces__rosidl_generator_pyExport.cmake
-- Installing: /home/ubuntu/ros_workspace/install/action_tutorials_interfaces/share/action_tutorials_interfaces/cmake/export_action_tutorials_interfaces__rosidl_generator_pyExport-noconfig.cmake
-- Installing: /home/ubuntu/ros_workspace/install/action_tutorials_interfaces/share/action_tutorials_interfaces/cmake/rosidl_cmake-extras.cmake
-- Installing: /home/ubuntu/ros_workspace/install/action_tutorials_interfaces/share/action_tutorials_interfaces/cmake/ament_cmake_export_dependencies-extras.cmake
-- Installing: /home/ubuntu/ros_workspace/install/action_tutorials_interfaces/share/action_tutorials_interfaces/cmake/ament_cmake_export_include_directories-extras.cmake
-- Installing: /home/ubuntu/ros_workspace/install/action_tutorials_interfaces/share/action_tutorials_interfaces/cmake/ament_cmake_export_libraries-extras.cmake
-- Installing: /home/ubuntu/ros_workspace/install/action_tutorials_interfaces/share/action_tutorials_interfaces/cmake/ament_cmake_export_targets-extras.cmake
-- Installing: /home/ubuntu/ros_workspace/install/action_tutorials_interfaces/share/action_tutorials_interfaces/cmake/rosidl_cmake_export_typesupport_targets-extras.cmake
-- Installing: /home/ubuntu/ros_workspace/install/action_tutorials_interfaces/share/action_tutorials_interfaces/cmake/rosidl_cmake_export_typesupport_libraries-extras.cmake
-- Installing: /home/ubuntu/ros_workspace/install/action_tutorials_interfaces/share/action_tutorials_interfaces/cmake/action_tutorials_interfacesConfig.cmake
-- Installing: /home/ubuntu/ros_workspace/install/action_tutorials_interfaces/share/action_tutorials_interfaces/cmake/action_tutorials_interfacesConfig-version.cmake
-- Installing: /home/ubuntu/ros_workspace/install/action_tutorials_interfaces/share/action_tutorials_interfaces/package.xml
