[0.749s] Invoking command in '/home/ubuntu/ros_workspace/src/python_tf2_pkg': PYTHONPATH=/home/ubuntu/ros_workspace/build/python_tf2_pkg/prefix_override:/usr/lib/python3/dist-packages/colcon_core/task/python/colcon_distutils_commands:/home/ubuntu/ros_workspace/install/python_tf2_pkg/lib/python3.12/site-packages:${PYTHONPATH} /usr/bin/python3 -W ignore:setup.py install is deprecated -W ignore:easy_install command is deprecated setup.py egg_info --egg-base ../../build/python_tf2_pkg build --build-base /home/ubuntu/ros_workspace/build/python_tf2_pkg/build install --record /home/ubuntu/ros_workspace/build/python_tf2_pkg/install.log --single-version-externally-managed install_data
[0.983s] running egg_info
[0.998s] writing ../../build/python_tf2_pkg/python_tf2_pkg.egg-info/PKG-INFO
[0.999s] writing dependency_links to ../../build/python_tf2_pkg/python_tf2_pkg.egg-info/dependency_links.txt
[0.999s] writing entry points to ../../build/python_tf2_pkg/python_tf2_pkg.egg-info/entry_points.txt
[0.999s] writing requirements to ../../build/python_tf2_pkg/python_tf2_pkg.egg-info/requires.txt
[1.000s] writing top-level names to ../../build/python_tf2_pkg/python_tf2_pkg.egg-info/top_level.txt
[1.033s] reading manifest file '../../build/python_tf2_pkg/python_tf2_pkg.egg-info/SOURCES.txt'
[1.034s] writing manifest file '../../build/python_tf2_pkg/python_tf2_pkg.egg-info/SOURCES.txt'
[1.034s] running build
[1.034s] running build_py
[1.034s] running install
[1.039s] running install_lib
[1.057s] running install_data
[1.057s] creating /home/ubuntu/ros_workspace/install/python_tf2_pkg/share/python_tf2_pkg/launch
[1.058s] copying launch/broadcaster.launch.py -> /home/ubuntu/ros_workspace/install/python_tf2_pkg/share/python_tf2_pkg/launch
[1.058s] copying launch/demo.launch.py -> /home/ubuntu/ros_workspace/install/python_tf2_pkg/share/python_tf2_pkg/launch
[1.059s] copying launch/broadcaster2.launch.py -> /home/ubuntu/ros_workspace/install/python_tf2_pkg/share/python_tf2_pkg/launch
[1.060s] copying launch/demo2.launch.py -> /home/ubuntu/ros_workspace/install/python_tf2_pkg/share/python_tf2_pkg/launch
[1.060s] running install_egg_info
[1.078s] removing '/home/ubuntu/ros_workspace/install/python_tf2_pkg/lib/python3.12/site-packages/python_tf2_pkg-0.0.0-py3.12.egg-info' (and everything under it)
[1.078s] Copying ../../build/python_tf2_pkg/python_tf2_pkg.egg-info to /home/ubuntu/ros_workspace/install/python_tf2_pkg/lib/python3.12/site-packages/python_tf2_pkg-0.0.0-py3.12.egg-info
[1.080s] running install_scripts
[1.198s] Installing carrot script to /home/ubuntu/ros_workspace/install/python_tf2_pkg/lib/python_tf2_pkg
[1.199s] Installing simple_quaternion script to /home/ubuntu/ros_workspace/install/python_tf2_pkg/lib/python_tf2_pkg
[1.199s] Installing static_broadcaster script to /home/ubuntu/ros_workspace/install/python_tf2_pkg/lib/python_tf2_pkg
[1.199s] Installing turtle_broadcaster script to /home/ubuntu/ros_workspace/install/python_tf2_pkg/lib/python_tf2_pkg
[1.199s] Installing turtle_listener script to /home/ubuntu/ros_workspace/install/python_tf2_pkg/lib/python_tf2_pkg
[1.200s] writing list of installed files to '/home/ubuntu/ros_workspace/build/python_tf2_pkg/install.log'
[1.232s] Invoked command in '/home/ubuntu/ros_workspace/src/python_tf2_pkg' returned '0': PYTHONPATH=/home/ubuntu/ros_workspace/build/python_tf2_pkg/prefix_override:/usr/lib/python3/dist-packages/colcon_core/task/python/colcon_distutils_commands:/home/ubuntu/ros_workspace/install/python_tf2_pkg/lib/python3.12/site-packages:${PYTHONPATH} /usr/bin/python3 -W ignore:setup.py install is deprecated -W ignore:easy_install command is deprecated setup.py egg_info --egg-base ../../build/python_tf2_pkg build --build-base /home/ubuntu/ros_workspace/build/python_tf2_pkg/build install --record /home/ubuntu/ros_workspace/build/python_tf2_pkg/install.log --single-version-externally-managed install_data
