[0.299s] Invoking command in '/home/ubuntu/ros_workspace/build/turtlesim_controller': CMAKE_PREFIX_PATH=${CMAKE_PREFIX_PATH}:/opt/ros/jazzy /usr/bin/cmake --build /home/ubuntu/ros_workspace/build/turtlesim_controller -- -j16 -l16
[0.445s] [ 50%] [32mBuilding CXX object CMakeFiles/turtlesim_controller.dir/src/turtlesim_controller.cpp.o[0m
[9.083s] [100%] [32m[1mLinking CXX executable turtlesim_controller[0m
[9.581s] [100%] Built target turtlesim_controller
[9.602s] Invoked command in '/home/ubuntu/ros_workspace/build/turtlesim_controller' returned '0': CMAKE_PREFIX_PATH=${CMAKE_PREFIX_PATH}:/opt/ros/jazzy /usr/bin/cmake --build /home/ubuntu/ros_workspace/build/turtlesim_controller -- -j16 -l16
[9.605s] Invoking command in '/home/ubuntu/ros_workspace/build/turtlesim_controller': CMAKE_PREFIX_PATH=${CMAKE_PREFIX_PATH}:/opt/ros/jazzy /usr/bin/cmake --install /home/ubuntu/ros_workspace/build/turtlesim_controller
[9.620s] -- Install configuration: ""
[9.622s] -- Installing: /home/ubuntu/ros_workspace/install/turtlesim_controller/lib/turtlesim_controller/turtlesim_controller
[9.633s] -- Set non-toolchain portion of runtime path of "/home/ubuntu/ros_workspace/install/turtlesim_controller/lib/turtlesim_controller/turtlesim_controller" to ""
[9.633s] -- Up-to-date: /home/ubuntu/ros_workspace/install/turtlesim_controller/share/ament_index/resource_index/package_run_dependencies/turtlesim_controller
[9.633s] -- Up-to-date: /home/ubuntu/ros_workspace/install/turtlesim_controller/share/ament_index/resource_index/parent_prefix_path/turtlesim_controller
[9.634s] -- Up-to-date: /home/ubuntu/ros_workspace/install/turtlesim_controller/share/turtlesim_controller/environment/ament_prefix_path.sh
[9.634s] -- Up-to-date: /home/ubuntu/ros_workspace/install/turtlesim_controller/share/turtlesim_controller/environment/ament_prefix_path.dsv
[9.634s] -- Up-to-date: /home/ubuntu/ros_workspace/install/turtlesim_controller/share/turtlesim_controller/environment/path.sh
[9.634s] -- Up-to-date: /home/ubuntu/ros_workspace/install/turtlesim_controller/share/turtlesim_controller/environment/path.dsv
[9.634s] -- Up-to-date: /home/ubuntu/ros_workspace/install/turtlesim_controller/share/turtlesim_controller/local_setup.bash
[9.634s] -- Up-to-date: /home/ubuntu/ros_workspace/install/turtlesim_controller/share/turtlesim_controller/local_setup.sh
[9.634s] -- Up-to-date: /home/ubuntu/ros_workspace/install/turtlesim_controller/share/turtlesim_controller/local_setup.zsh
[9.634s] -- Up-to-date: /home/ubuntu/ros_workspace/install/turtlesim_controller/share/turtlesim_controller/local_setup.dsv
[9.634s] -- Installing: /home/ubuntu/ros_workspace/install/turtlesim_controller/share/turtlesim_controller/package.dsv
[9.635s] -- Up-to-date: /home/ubuntu/ros_workspace/install/turtlesim_controller/share/ament_index/resource_index/packages/turtlesim_controller
[9.635s] -- Up-to-date: /home/ubuntu/ros_workspace/install/turtlesim_controller/share/turtlesim_controller/cmake/turtlesim_controllerConfig.cmake
[9.635s] -- Up-to-date: /home/ubuntu/ros_workspace/install/turtlesim_controller/share/turtlesim_controller/cmake/turtlesim_controllerConfig-version.cmake
[9.635s] -- Up-to-date: /home/ubuntu/ros_workspace/install/turtlesim_controller/share/turtlesim_controller/package.xml
[9.639s] Invoked command in '/home/ubuntu/ros_workspace/build/turtlesim_controller' returned '0': CMAKE_PREFIX_PATH=${CMAKE_PREFIX_PATH}:/opt/ros/jazzy /usr/bin/cmake --install /home/ubuntu/ros_workspace/build/turtlesim_controller
