[0.021s] Invoking command in '/home/ubuntu/ros_workspace/build/action_tutorials_interfaces': CMAKE_PREFIX_PATH=${CMAKE_PREFIX_PATH}:/home/ubuntu/ros_workspace/install/tutorial_1_action:/home/ubuntu/ros_workspace/install/exam_example_2:/home/ubuntu/ros_workspace/install/turtle_action_client:/home/ubuntu/ros_workspace/install/assignment2_rt_py:/home/ubuntu/ros_workspace/install/assignment1_rt_py:/home/ubuntu/ros_workspace/install/python_package:/home/ubuntu/ros_workspace/install/first_package_py:/home/ubuntu/ros_workspace/install/fibonacci:/home/ubuntu/ros_workspace/install/exam_example:/opt/ros/jazzy /usr/bin/cmake --build /home/ubuntu/ros_workspace/build/action_tutorials_interfaces -- -j16 -l16
[0.158s] -- Found ament_cmake: 2.5.4 (/opt/ros/jazzy/share/ament_cmake/cmake)
[0.196s] -- Found Python3: /usr/bin/python3 (found version "3.12.3") found components: Interpreter 
[0.311s] -- Found rosidl_default_generators: 1.6.0 (/opt/ros/jazzy/share/rosidl_default_generators/cmake)
[0.320s] -- Using all available rosidl_typesupport_c: rosidl_typesupport_fastrtps_c;rosidl_typesupport_introspection_c
[0.401s] -- Using all available rosidl_typesupport_cpp: rosidl_typesupport_fastrtps_cpp;rosidl_typesupport_introspection_cpp
[0.445s] -- Found rosidl_adapter: 4.6.6 (/opt/ros/jazzy/share/rosidl_adapter/cmake)
[0.818s] -- Found ament_cmake_ros: 0.12.0 (/opt/ros/jazzy/share/ament_cmake_ros/cmake)
[0.939s] -- Using all available rosidl_typesupport_c: rosidl_typesupport_fastrtps_c;rosidl_typesupport_introspection_c
[1.088s] -- Using all available rosidl_typesupport_cpp: rosidl_typesupport_fastrtps_cpp;rosidl_typesupport_introspection_cpp
[1.090s] -- Found python_cmake_module: 0.11.1 (/opt/ros/jazzy/share/python_cmake_module/cmake)
[1.364s] -- Found Python3: /usr/bin/python3 (found version "3.12.3") found components: Interpreter Development NumPy Development.Module Development.Embed 
[1.382s] -- Found ament_lint_auto: 0.17.3 (/opt/ros/jazzy/share/ament_lint_auto/cmake)
[1.413s] -- Added test 'lint_cmake' to check CMake code style
[1.416s] -- Added test 'xmllint' to check XML markup files
[1.422s] -- Configuring done (1.3s)
[1.512s] -- Generating done (0.1s)
[1.529s] -- Build files have been written to: /home/ubuntu/ros_workspace/build/action_tutorials_interfaces
[1.589s] [  2%] [34m[1mGenerating type hashes for ROS interfaces[0m
[1.615s] [  2%] Built target ament_cmake_python_copy_action_tutorials_interfaces
[1.797s] [  2%] Built target action_tutorials_interfaces__rosidl_generator_type_description
[1.815s] [  4%] [34m[1mGenerating C code for ROS interfaces[0m
[1.836s] [  6%] [34m[1mGenerating C++ code for ROS interfaces[0m
[1.851s] running egg_info
[1.870s] writing action_tutorials_interfaces.egg-info/PKG-INFO
[1.870s] writing dependency_links to action_tutorials_interfaces.egg-info/dependency_links.txt
[1.871s] writing top-level names to action_tutorials_interfaces.egg-info/top_level.txt
[1.927s] reading manifest file 'action_tutorials_interfaces.egg-info/SOURCES.txt'
[1.928s] writing manifest file 'action_tutorials_interfaces.egg-info/SOURCES.txt'
[1.965s] [  6%] Built target ament_cmake_python_build_action_tutorials_interfaces_egg
[2.370s] [  6%] Built target action_tutorials_interfaces__cpp
[2.434s] [  9%] [32mBuilding C object CMakeFiles/action_tutorials_interfaces__rosidl_generator_c.dir/rosidl_generator_c/action_tutorials_interfaces/action/detail/fibonacci__description.c.o[0m
[2.434s] [ 11%] [32mBuilding C object CMakeFiles/action_tutorials_interfaces__rosidl_generator_c.dir/rosidl_generator_c/action_tutorials_interfaces/action/detail/fibonacci__functions.c.o[0m
[2.434s] [ 13%] [32mBuilding C object CMakeFiles/action_tutorials_interfaces__rosidl_generator_c.dir/rosidl_generator_c/action_tutorials_interfaces/action/detail/tut1__description.c.o[0m
[2.435s] [ 15%] [32mBuilding C object CMakeFiles/action_tutorials_interfaces__rosidl_generator_c.dir/rosidl_generator_c/action_tutorials_interfaces/action/detail/fibonacci__type_support.c.o[0m
[2.435s] [ 18%] [32mBuilding C object CMakeFiles/action_tutorials_interfaces__rosidl_generator_c.dir/rosidl_generator_c/action_tutorials_interfaces/action/detail/tut1__functions.c.o[0m
[2.438s] [ 20%] [32mBuilding C object CMakeFiles/action_tutorials_interfaces__rosidl_generator_c.dir/rosidl_generator_c/action_tutorials_interfaces/action/detail/tut1__type_support.c.o[0m
[2.671s] [ 22%] [32m[1mLinking C shared library libaction_tutorials_interfaces__rosidl_generator_c.so[0m
[2.744s] [ 22%] Built target action_tutorials_interfaces__rosidl_generator_c
[2.762s] [ 36%] [34m[1mGenerating C type support for eProsima Fast-RTPS[0m
[2.762s] [ 36%] [34m[1mGenerating C++ introspection for ROS interfaces[0m
[2.762s] [ 36%] [34m[1mGenerating C introspection for ROS interfaces[0m
[2.762s] [ 36%] [34m[1mGenerating C++ type support for eProsima Fast-RTPS[0m
[2.762s] [ 36%] [34m[1mGenerating C type support dispatch for ROS interfaces[0m
[2.762s] [ 36%] [34m[1mGenerating C++ type support dispatch for ROS interfaces[0m
[3.127s] [ 38%] [32mBuilding CXX object CMakeFiles/action_tutorials_interfaces__rosidl_typesupport_c.dir/rosidl_typesupport_c/action_tutorials_interfaces/action/fibonacci__type_support.cpp.o[0m
[3.127s] [ 40%] [32mBuilding CXX object CMakeFiles/action_tutorials_interfaces__rosidl_typesupport_c.dir/rosidl_typesupport_c/action_tutorials_interfaces/action/tut1__type_support.cpp.o[0m
[3.167s] [ 43%] [32mBuilding CXX object CMakeFiles/action_tutorials_interfaces__rosidl_typesupport_cpp.dir/rosidl_typesupport_cpp/action_tutorials_interfaces/action/tut1__type_support.cpp.o[0m
[3.168s] [ 45%] [32mBuilding CXX object CMakeFiles/action_tutorials_interfaces__rosidl_typesupport_cpp.dir/rosidl_typesupport_cpp/action_tutorials_interfaces/action/fibonacci__type_support.cpp.o[0m
[3.235s] [ 47%] [32mBuilding CXX object CMakeFiles/action_tutorials_interfaces__rosidl_typesupport_introspection_cpp.dir/rosidl_typesupport_introspection_cpp/action_tutorials_interfaces/action/detail/fibonacci__type_support.cpp.o[0m
[3.238s] [ 50%] [32mBuilding CXX object CMakeFiles/action_tutorials_interfaces__rosidl_typesupport_introspection_cpp.dir/rosidl_typesupport_introspection_cpp/action_tutorials_interfaces/action/detail/tut1__type_support.cpp.o[0m
[3.257s] [ 54%] [32mBuilding C object CMakeFiles/action_tutorials_interfaces__rosidl_typesupport_introspection_c.dir/rosidl_typesupport_introspection_c/action_tutorials_interfaces/action/detail/fibonacci__type_support.c.o[0m
[3.257s] [ 54%] [32mBuilding C object CMakeFiles/action_tutorials_interfaces__rosidl_typesupport_introspection_c.dir/rosidl_typesupport_introspection_c/action_tutorials_interfaces/action/detail/tut1__type_support.c.o[0m
[3.300s] [ 56%] [32m[1mLinking CXX shared library libaction_tutorials_interfaces__rosidl_typesupport_c.so[0m
[3.369s] [ 59%] [32m[1mLinking C shared library libaction_tutorials_interfaces__rosidl_typesupport_introspection_c.so[0m
[3.395s] [ 59%] Built target action_tutorials_interfaces__rosidl_typesupport_c
[3.444s] [ 59%] Built target action_tutorials_interfaces__rosidl_typesupport_introspection_c
[3.543s] [ 63%] [32mBuilding CXX object CMakeFiles/action_tutorials_interfaces__rosidl_typesupport_fastrtps_cpp.dir/rosidl_typesupport_fastrtps_cpp/action_tutorials_interfaces/action/detail/dds_fastrtps/tut1__type_support.cpp.o[0m
[3.543s] [ 63%] [32mBuilding CXX object CMakeFiles/action_tutorials_interfaces__rosidl_typesupport_fastrtps_cpp.dir/rosidl_typesupport_fastrtps_cpp/action_tutorials_interfaces/action/detail/dds_fastrtps/fibonacci__type_support.cpp.o[0m
[3.579s] [ 65%] [32mBuilding CXX object CMakeFiles/action_tutorials_interfaces__rosidl_typesupport_fastrtps_c.dir/rosidl_typesupport_fastrtps_c/action_tutorials_interfaces/action/detail/fibonacci__type_support_c.cpp.o[0m
[3.579s] [ 68%] [32mBuilding CXX object CMakeFiles/action_tutorials_interfaces__rosidl_typesupport_fastrtps_c.dir/rosidl_typesupport_fastrtps_c/action_tutorials_interfaces/action/detail/tut1__type_support_c.cpp.o[0m
[4.274s] [ 70%] [32m[1mLinking CXX shared library libaction_tutorials_interfaces__rosidl_typesupport_cpp.so[0m
[4.295s] [ 72%] [32m[1mLinking CXX shared library libaction_tutorials_interfaces__rosidl_typesupport_introspection_cpp.so[0m
[4.417s] [ 75%] [32m[1mLinking CXX shared library libaction_tutorials_interfaces__rosidl_typesupport_fastrtps_c.so[0m
[4.430s] [ 75%] Built target action_tutorials_interfaces__rosidl_typesupport_cpp
[4.448s] [ 75%] Built target action_tutorials_interfaces__rosidl_typesupport_introspection_cpp
[4.569s] [ 75%] Built target action_tutorials_interfaces__rosidl_typesupport_fastrtps_c
[4.976s] [ 77%] [32m[1mLinking CXX shared library libaction_tutorials_interfaces__rosidl_typesupport_fastrtps_cpp.so[0m
[5.094s] [ 77%] Built target action_tutorials_interfaces__rosidl_typesupport_fastrtps_cpp
[5.132s] [ 77%] Built target action_tutorials_interfaces
[5.170s] [ 79%] [34m[1mGenerating Python code for ROS interfaces[0m
[6.039s] [ 79%] Built target action_tutorials_interfaces__py
[6.083s] [ 81%] [32mBuilding C object CMakeFiles/action_tutorials_interfaces__rosidl_generator_py.dir/rosidl_generator_py/action_tutorials_interfaces/action/_fibonacci_s.c.o[0m
[6.085s] [ 84%] [32mBuilding C object CMakeFiles/action_tutorials_interfaces__rosidl_generator_py.dir/rosidl_generator_py/action_tutorials_interfaces/action/_tut1_s.c.o[0m
[6.368s] [ 86%] [32m[1mLinking C shared library libaction_tutorials_interfaces__rosidl_generator_py.so[0m
[6.442s] [ 86%] Built target action_tutorials_interfaces__rosidl_generator_py
[6.485s] [ 88%] [32mBuilding C object CMakeFiles/action_tutorials_interfaces_s__rosidl_typesupport_c.dir/rosidl_generator_py/action_tutorials_interfaces/_action_tutorials_interfaces_s.ep.rosidl_typesupport_c.c.o[0m
[6.485s] [ 90%] [32mBuilding C object CMakeFiles/action_tutorials_interfaces_s__rosidl_typesupport_introspection_c.dir/rosidl_generator_py/action_tutorials_interfaces/_action_tutorials_interfaces_s.ep.rosidl_typesupport_introspection_c.c.o[0m
[6.485s] [ 93%] [32mBuilding C object CMakeFiles/action_tutorials_interfaces_s__rosidl_typesupport_fastrtps_c.dir/rosidl_generator_py/action_tutorials_interfaces/_action_tutorials_interfaces_s.ep.rosidl_typesupport_fastrtps_c.c.o[0m
[6.683s] [ 95%] [32m[1mLinking C shared module rosidl_generator_py/action_tutorials_interfaces/action_tutorials_interfaces_s__rosidl_typesupport_c.so[0m
[6.687s] [ 97%] [32m[1mLinking C shared module rosidl_generator_py/action_tutorials_interfaces/action_tutorials_interfaces_s__rosidl_typesupport_introspection_c.so[0m
[6.695s] [100%] [32m[1mLinking C shared module rosidl_generator_py/action_tutorials_interfaces/action_tutorials_interfaces_s__rosidl_typesupport_fastrtps_c.so[0m
[6.743s] [100%] Built target action_tutorials_interfaces_s__rosidl_typesupport_c
[6.746s] [100%] Built target action_tutorials_interfaces_s__rosidl_typesupport_introspection_c
[6.754s] [100%] Built target action_tutorials_interfaces_s__rosidl_typesupport_fastrtps_c
[6.777s] Invoked command in '/home/ubuntu/ros_workspace/build/action_tutorials_interfaces' returned '0': CMAKE_PREFIX_PATH=${CMAKE_PREFIX_PATH}:/home/ubuntu/ros_workspace/install/tutorial_1_action:/home/ubuntu/ros_workspace/install/exam_example_2:/home/ubuntu/ros_workspace/install/turtle_action_client:/home/ubuntu/ros_workspace/install/assignment2_rt_py:/home/ubuntu/ros_workspace/install/assignment1_rt_py:/home/ubuntu/ros_workspace/install/python_package:/home/ubuntu/ros_workspace/install/first_package_py:/home/ubuntu/ros_workspace/install/fibonacci:/home/ubuntu/ros_workspace/install/exam_example:/opt/ros/jazzy /usr/bin/cmake --build /home/ubuntu/ros_workspace/build/action_tutorials_interfaces -- -j16 -l16
[6.795s] Invoking command in '/home/ubuntu/ros_workspace/build/action_tutorials_interfaces': CMAKE_PREFIX_PATH=${CMAKE_PREFIX_PATH}:/home/ubuntu/ros_workspace/install/tutorial_1_action:/home/ubuntu/ros_workspace/install/exam_example_2:/home/ubuntu/ros_workspace/install/turtle_action_client:/home/ubuntu/ros_workspace/install/assignment2_rt_py:/home/ubuntu/ros_workspace/install/assignment1_rt_py:/home/ubuntu/ros_workspace/install/python_package:/home/ubuntu/ros_workspace/install/first_package_py:/home/ubuntu/ros_workspace/install/fibonacci:/home/ubuntu/ros_workspace/install/exam_example:/opt/ros/jazzy /usr/bin/cmake --install /home/ubuntu/ros_workspace/build/action_tutorials_interfaces
[6.810s] -- Install configuration: ""
[6.810s] -- Installing: /home/ubuntu/ros_workspace/install/action_tutorials_interfaces/share/ament_index/resource_index/rosidl_interfaces/action_tutorials_interfaces
[6.810s] -- Installing: /home/ubuntu/ros_workspace/install/action_tutorials_interfaces/share/action_tutorials_interfaces/action/Fibonacci.json
[6.811s] -- Installing: /home/ubuntu/ros_workspace/install/action_tutorials_interfaces/share/action_tutorials_interfaces/action/Tut1.json
[6.811s] -- Up-to-date: /home/ubuntu/ros_workspace/install/action_tutorials_interfaces/include/action_tutorials_interfaces/action_tutorials_interfaces
[6.811s] -- Up-to-date: /home/ubuntu/ros_workspace/install/action_tutorials_interfaces/include/action_tutorials_interfaces/action_tutorials_interfaces/action
[6.812s] -- Up-to-date: /home/ubuntu/ros_workspace/install/action_tutorials_interfaces/include/action_tutorials_interfaces/action_tutorials_interfaces/action/detail
[6.812s] -- Installing: /home/ubuntu/ros_workspace/install/action_tutorials_interfaces/include/action_tutorials_interfaces/action_tutorials_interfaces/action/detail/tut1__type_support.c
[6.812s] -- Installing: /home/ubuntu/ros_workspace/install/action_tutorials_interfaces/include/action_tutorials_interfaces/action_tutorials_interfaces/action/detail/tut1__description.c
[6.813s] -- Installing: /home/ubuntu/ros_workspace/install/action_tutorials_interfaces/include/action_tutorials_interfaces/action_tutorials_interfaces/action/detail/fibonacci__description.c
[6.813s] -- Installing: /home/ubuntu/ros_workspace/install/action_tutorials_interfaces/include/action_tutorials_interfaces/action_tutorials_interfaces/action/detail/tut1__functions.c
[6.814s] -- Installing: /home/ubuntu/ros_workspace/install/action_tutorials_interfaces/include/action_tutorials_interfaces/action_tutorials_interfaces/action/detail/fibonacci__functions.h
[6.814s] -- Installing: /home/ubuntu/ros_workspace/install/action_tutorials_interfaces/include/action_tutorials_interfaces/action_tutorials_interfaces/action/detail/fibonacci__functions.c
[6.815s] -- Installing: /home/ubuntu/ros_workspace/install/action_tutorials_interfaces/include/action_tutorials_interfaces/action_tutorials_interfaces/action/detail/fibonacci__type_support.h
[6.815s] -- Installing: /home/ubuntu/ros_workspace/install/action_tutorials_interfaces/include/action_tutorials_interfaces/action_tutorials_interfaces/action/detail/fibonacci__type_support.c
[6.815s] -- Installing: /home/ubuntu/ros_workspace/install/action_tutorials_interfaces/include/action_tutorials_interfaces/action_tutorials_interfaces/action/detail/tut1__struct.h
[6.816s] -- Installing: /home/ubuntu/ros_workspace/install/action_tutorials_interfaces/include/action_tutorials_interfaces/action_tutorials_interfaces/action/detail/tut1__functions.h
[6.816s] -- Installing: /home/ubuntu/ros_workspace/install/action_tutorials_interfaces/include/action_tutorials_interfaces/action_tutorials_interfaces/action/detail/tut1__type_support.h
[6.817s] -- Installing: /home/ubuntu/ros_workspace/install/action_tutorials_interfaces/include/action_tutorials_interfaces/action_tutorials_interfaces/action/detail/fibonacci__struct.h
[6.817s] -- Installing: /home/ubuntu/ros_workspace/install/action_tutorials_interfaces/include/action_tutorials_interfaces/action_tutorials_interfaces/action/fibonacci.h
[6.817s] -- Installing: /home/ubuntu/ros_workspace/install/action_tutorials_interfaces/include/action_tutorials_interfaces/action_tutorials_interfaces/action/tut1.h
[6.818s] -- Up-to-date: /home/ubuntu/ros_workspace/install/action_tutorials_interfaces/include/action_tutorials_interfaces/action_tutorials_interfaces/msg
[6.818s] -- Up-to-date: /home/ubuntu/ros_workspace/install/action_tutorials_interfaces/include/action_tutorials_interfaces/action_tutorials_interfaces/msg/rosidl_generator_c__visibility_control.h
[6.818s] -- Up-to-date: /home/ubuntu/ros_workspace/install/action_tutorials_interfaces/share/action_tutorials_interfaces/environment/library_path.sh
[6.818s] -- Up-to-date: /home/ubuntu/ros_workspace/install/action_tutorials_interfaces/share/action_tutorials_interfaces/environment/library_path.dsv
[6.820s] -- Installing: /home/ubuntu/ros_workspace/install/action_tutorials_interfaces/lib/libaction_tutorials_interfaces__rosidl_generator_c.so
[6.822s] -- Set non-toolchain portion of runtime path of "/home/ubuntu/ros_workspace/install/action_tutorials_interfaces/lib/libaction_tutorials_interfaces__rosidl_generator_c.so" to ""
[6.822s] -- Up-to-date: /home/ubuntu/ros_workspace/install/action_tutorials_interfaces/include/action_tutorials_interfaces/action_tutorials_interfaces
[6.822s] -- Up-to-date: /home/ubuntu/ros_workspace/install/action_tutorials_interfaces/include/action_tutorials_interfaces/action_tutorials_interfaces/action
[6.822s] -- Up-to-date: /home/ubuntu/ros_workspace/install/action_tutorials_interfaces/include/action_tutorials_interfaces/action_tutorials_interfaces/action/detail
[6.823s] -- Installing: /home/ubuntu/ros_workspace/install/action_tutorials_interfaces/include/action_tutorials_interfaces/action_tutorials_interfaces/action/detail/tut1__rosidl_typesupport_fastrtps_c.h
[6.823s] -- Installing: /home/ubuntu/ros_workspace/install/action_tutorials_interfaces/include/action_tutorials_interfaces/action_tutorials_interfaces/action/detail/fibonacci__rosidl_typesupport_fastrtps_c.h
[6.823s] -- Up-to-date: /home/ubuntu/ros_workspace/install/action_tutorials_interfaces/include/action_tutorials_interfaces/action_tutorials_interfaces/msg
[6.823s] -- Up-to-date: /home/ubuntu/ros_workspace/install/action_tutorials_interfaces/include/action_tutorials_interfaces/action_tutorials_interfaces/msg/rosidl_typesupport_fastrtps_c__visibility_control.h
[6.824s] -- Installing: /home/ubuntu/ros_workspace/install/action_tutorials_interfaces/lib/libaction_tutorials_interfaces__rosidl_typesupport_fastrtps_c.so
[6.825s] -- Set non-toolchain portion of runtime path of "/home/ubuntu/ros_workspace/install/action_tutorials_interfaces/lib/libaction_tutorials_interfaces__rosidl_typesupport_fastrtps_c.so" to ""
[6.826s] -- Up-to-date: /home/ubuntu/ros_workspace/install/action_tutorials_interfaces/include/action_tutorials_interfaces/action_tutorials_interfaces
[6.826s] -- Up-to-date: /home/ubuntu/ros_workspace/install/action_tutorials_interfaces/include/action_tutorials_interfaces/action_tutorials_interfaces/action
[6.826s] -- Up-to-date: /home/ubuntu/ros_workspace/install/action_tutorials_interfaces/include/action_tutorials_interfaces/action_tutorials_interfaces/action/detail
[6.826s] -- Up-to-date: /home/ubuntu/ros_workspace/install/action_tutorials_interfaces/include/action_tutorials_interfaces/action_tutorials_interfaces/action/detail/tut1__type_support.c
[6.827s] -- Installing: /home/ubuntu/ros_workspace/install/action_tutorials_interfaces/include/action_tutorials_interfaces/action_tutorials_interfaces/action/detail/fibonacci__rosidl_typesupport_introspection_c.h
[6.827s] -- Installing: /home/ubuntu/ros_workspace/install/action_tutorials_interfaces/include/action_tutorials_interfaces/action_tutorials_interfaces/action/detail/tut1__rosidl_typesupport_introspection_c.h
[6.827s] -- Up-to-date: /home/ubuntu/ros_workspace/install/action_tutorials_interfaces/include/action_tutorials_interfaces/action_tutorials_interfaces/action/detail/fibonacci__type_support.c
[6.827s] -- Up-to-date: /home/ubuntu/ros_workspace/install/action_tutorials_interfaces/include/action_tutorials_interfaces/action_tutorials_interfaces/msg
[6.827s] -- Up-to-date: /home/ubuntu/ros_workspace/install/action_tutorials_interfaces/include/action_tutorials_interfaces/action_tutorials_interfaces/msg/rosidl_typesupport_introspection_c__visibility_control.h
[6.828s] -- Installing: /home/ubuntu/ros_workspace/install/action_tutorials_interfaces/lib/libaction_tutorials_interfaces__rosidl_typesupport_introspection_c.so
[6.830s] -- Set non-toolchain portion of runtime path of "/home/ubuntu/ros_workspace/install/action_tutorials_interfaces/lib/libaction_tutorials_interfaces__rosidl_typesupport_introspection_c.so" to ""
[6.830s] -- Installing: /home/ubuntu/ros_workspace/install/action_tutorials_interfaces/lib/libaction_tutorials_interfaces__rosidl_typesupport_c.so
[6.831s] -- Set non-toolchain portion of runtime path of "/home/ubuntu/ros_workspace/install/action_tutorials_interfaces/lib/libaction_tutorials_interfaces__rosidl_typesupport_c.so" to ""
[6.831s] -- Up-to-date: /home/ubuntu/ros_workspace/install/action_tutorials_interfaces/include/action_tutorials_interfaces/action_tutorials_interfaces
[6.832s] -- Up-to-date: /home/ubuntu/ros_workspace/install/action_tutorials_interfaces/include/action_tutorials_interfaces/action_tutorials_interfaces/action
[6.832s] -- Up-to-date: /home/ubuntu/ros_workspace/install/action_tutorials_interfaces/include/action_tutorials_interfaces/action_tutorials_interfaces/action/detail
[6.832s] -- Installing: /home/ubuntu/ros_workspace/install/action_tutorials_interfaces/include/action_tutorials_interfaces/action_tutorials_interfaces/action/detail/tut1__type_support.hpp
[6.832s] -- Installing: /home/ubuntu/ros_workspace/install/action_tutorials_interfaces/include/action_tutorials_interfaces/action_tutorials_interfaces/action/detail/fibonacci__builder.hpp
[6.832s] -- Installing: /home/ubuntu/ros_workspace/install/action_tutorials_interfaces/include/action_tutorials_interfaces/action_tutorials_interfaces/action/detail/fibonacci__type_support.hpp
[6.833s] -- Installing: /home/ubuntu/ros_workspace/install/action_tutorials_interfaces/include/action_tutorials_interfaces/action_tutorials_interfaces/action/detail/tut1__traits.hpp
[6.833s] -- Installing: /home/ubuntu/ros_workspace/install/action_tutorials_interfaces/include/action_tutorials_interfaces/action_tutorials_interfaces/action/detail/fibonacci__struct.hpp
[6.834s] -- Installing: /home/ubuntu/ros_workspace/install/action_tutorials_interfaces/include/action_tutorials_interfaces/action_tutorials_interfaces/action/detail/tut1__builder.hpp
[6.834s] -- Installing: /home/ubuntu/ros_workspace/install/action_tutorials_interfaces/include/action_tutorials_interfaces/action_tutorials_interfaces/action/detail/fibonacci__traits.hpp
[6.834s] -- Installing: /home/ubuntu/ros_workspace/install/action_tutorials_interfaces/include/action_tutorials_interfaces/action_tutorials_interfaces/action/detail/tut1__struct.hpp
[6.835s] -- Installing: /home/ubuntu/ros_workspace/install/action_tutorials_interfaces/include/action_tutorials_interfaces/action_tutorials_interfaces/action/fibonacci.hpp
[6.835s] -- Installing: /home/ubuntu/ros_workspace/install/action_tutorials_interfaces/include/action_tutorials_interfaces/action_tutorials_interfaces/action/tut1.hpp
[6.835s] -- Up-to-date: /home/ubuntu/ros_workspace/install/action_tutorials_interfaces/include/action_tutorials_interfaces/action_tutorials_interfaces/msg
[6.836s] -- Installing: /home/ubuntu/ros_workspace/install/action_tutorials_interfaces/include/action_tutorials_interfaces/action_tutorials_interfaces/msg/rosidl_generator_cpp__visibility_control.hpp
[6.836s] -- Up-to-date: /home/ubuntu/ros_workspace/install/action_tutorials_interfaces/include/action_tutorials_interfaces/action_tutorials_interfaces
[6.836s] -- Up-to-date: /home/ubuntu/ros_workspace/install/action_tutorials_interfaces/include/action_tutorials_interfaces/action_tutorials_interfaces/action
[6.837s] -- Up-to-date: /home/ubuntu/ros_workspace/install/action_tutorials_interfaces/include/action_tutorials_interfaces/action_tutorials_interfaces/action/detail
[6.837s] -- Up-to-date: /home/ubuntu/ros_workspace/install/action_tutorials_interfaces/include/action_tutorials_interfaces/action_tutorials_interfaces/action/detail/dds_fastrtps
[6.837s] -- Installing: /home/ubuntu/ros_workspace/install/action_tutorials_interfaces/include/action_tutorials_interfaces/action_tutorials_interfaces/action/detail/fibonacci__rosidl_typesupport_fastrtps_cpp.hpp
[6.837s] -- Installing: /home/ubuntu/ros_workspace/install/action_tutorials_interfaces/include/action_tutorials_interfaces/action_tutorials_interfaces/action/detail/tut1__rosidl_typesupport_fastrtps_cpp.hpp
[6.838s] -- Up-to-date: /home/ubuntu/ros_workspace/install/action_tutorials_interfaces/include/action_tutorials_interfaces/action_tutorials_interfaces/msg
[6.838s] -- Up-to-date: /home/ubuntu/ros_workspace/install/action_tutorials_interfaces/include/action_tutorials_interfaces/action_tutorials_interfaces/msg/rosidl_typesupport_fastrtps_cpp__visibility_control.h
[6.839s] -- Installing: /home/ubuntu/ros_workspace/install/action_tutorials_interfaces/lib/libaction_tutorials_interfaces__rosidl_typesupport_fastrtps_cpp.so
[6.842s] -- Set non-toolchain portion of runtime path of "/home/ubuntu/ros_workspace/install/action_tutorials_interfaces/lib/libaction_tutorials_interfaces__rosidl_typesupport_fastrtps_cpp.so" to ""
[6.842s] -- Up-to-date: /home/ubuntu/ros_workspace/install/action_tutorials_interfaces/include/action_tutorials_interfaces/action_tutorials_interfaces
[6.842s] -- Up-to-date: /home/ubuntu/ros_workspace/install/action_tutorials_interfaces/include/action_tutorials_interfaces/action_tutorials_interfaces/action
[6.842s] -- Up-to-date: /home/ubuntu/ros_workspace/install/action_tutorials_interfaces/include/action_tutorials_interfaces/action_tutorials_interfaces/action/detail
[6.842s] -- Installing: /home/ubuntu/ros_workspace/install/action_tutorials_interfaces/include/action_tutorials_interfaces/action_tutorials_interfaces/action/detail/fibonacci__type_support.cpp
[6.843s] -- Installing: /home/ubuntu/ros_workspace/install/action_tutorials_interfaces/include/action_tutorials_interfaces/action_tutorials_interfaces/action/detail/fibonacci__rosidl_typesupport_introspection_cpp.hpp
[6.843s] -- Installing: /home/ubuntu/ros_workspace/install/action_tutorials_interfaces/include/action_tutorials_interfaces/action_tutorials_interfaces/action/detail/tut1__rosidl_typesupport_introspection_cpp.hpp
[6.844s] -- Installing: /home/ubuntu/ros_workspace/install/action_tutorials_interfaces/include/action_tutorials_interfaces/action_tutorials_interfaces/action/detail/tut1__type_support.cpp
[6.846s] -- Installing: /home/ubuntu/ros_workspace/install/action_tutorials_interfaces/lib/libaction_tutorials_interfaces__rosidl_typesupport_introspection_cpp.so
[6.848s] -- Set non-toolchain portion of runtime path of "/home/ubuntu/ros_workspace/install/action_tutorials_interfaces/lib/libaction_tutorials_interfaces__rosidl_typesupport_introspection_cpp.so" to ""
[6.849s] -- Installing: /home/ubuntu/ros_workspace/install/action_tutorials_interfaces/lib/libaction_tutorials_interfaces__rosidl_typesupport_cpp.so
[6.850s] -- Set non-toolchain portion of runtime path of "/home/ubuntu/ros_workspace/install/action_tutorials_interfaces/lib/libaction_tutorials_interfaces__rosidl_typesupport_cpp.so" to ""
[6.850s] -- Up-to-date: /home/ubuntu/ros_workspace/install/action_tutorials_interfaces/share/action_tutorials_interfaces/environment/pythonpath.sh
[6.851s] -- Up-to-date: /home/ubuntu/ros_workspace/install/action_tutorials_interfaces/share/action_tutorials_interfaces/environment/pythonpath.dsv
[6.851s] -- Up-to-date: /home/ubuntu/ros_workspace/install/action_tutorials_interfaces/lib/python3.12/site-packages/action_tutorials_interfaces-0.0.0-py3.12.egg-info
[6.851s] -- Installing: /home/ubuntu/ros_workspace/install/action_tutorials_interfaces/lib/python3.12/site-packages/action_tutorials_interfaces-0.0.0-py3.12.egg-info/top_level.txt
[6.851s] -- Installing: /home/ubuntu/ros_workspace/install/action_tutorials_interfaces/lib/python3.12/site-packages/action_tutorials_interfaces-0.0.0-py3.12.egg-info/SOURCES.txt
[6.851s] -- Installing: /home/ubuntu/ros_workspace/install/action_tutorials_interfaces/lib/python3.12/site-packages/action_tutorials_interfaces-0.0.0-py3.12.egg-info/PKG-INFO
[6.851s] -- Installing: /home/ubuntu/ros_workspace/install/action_tutorials_interfaces/lib/python3.12/site-packages/action_tutorials_interfaces-0.0.0-py3.12.egg-info/dependency_links.txt
[6.852s] -- Up-to-date: /home/ubuntu/ros_workspace/install/action_tutorials_interfaces/lib/python3.12/site-packages/action_tutorials_interfaces
[6.852s] -- Installing: /home/ubuntu/ros_workspace/install/action_tutorials_interfaces/lib/python3.12/site-packages/action_tutorials_interfaces/_action_tutorials_interfaces_s.ep.rosidl_typesupport_c.c
[6.853s] -- Installing: /home/ubuntu/ros_workspace/install/action_tutorials_interfaces/lib/python3.12/site-packages/action_tutorials_interfaces/action_tutorials_interfaces_s__rosidl_typesupport_fastrtps_c.so
[6.853s] -- Installing: /home/ubuntu/ros_workspace/install/action_tutorials_interfaces/lib/python3.12/site-packages/action_tutorials_interfaces/action_tutorials_interfaces_s__rosidl_typesupport_introspection_c.so
[6.854s] -- Installing: /home/ubuntu/ros_workspace/install/action_tutorials_interfaces/lib/python3.12/site-packages/action_tutorials_interfaces/_action_tutorials_interfaces_s.ep.rosidl_typesupport_introspection_c.c
[6.854s] -- Installing: /home/ubuntu/ros_workspace/install/action_tutorials_interfaces/lib/python3.12/site-packages/action_tutorials_interfaces/action_tutorials_interfaces_s__rosidl_typesupport_c.so
[6.855s] -- Installing: /home/ubuntu/ros_workspace/install/action_tutorials_interfaces/lib/python3.12/site-packages/action_tutorials_interfaces/_action_tutorials_interfaces_s.ep.rosidl_typesupport_fastrtps_c.c
[6.855s] -- Up-to-date: /home/ubuntu/ros_workspace/install/action_tutorials_interfaces/lib/python3.12/site-packages/action_tutorials_interfaces/action
[6.856s] -- Installing: /home/ubuntu/ros_workspace/install/action_tutorials_interfaces/lib/python3.12/site-packages/action_tutorials_interfaces/action/_tut1_s.c
[6.856s] -- Installing: /home/ubuntu/ros_workspace/install/action_tutorials_interfaces/lib/python3.12/site-packages/action_tutorials_interfaces/action/_fibonacci_s.c
[6.857s] -- Installing: /home/ubuntu/ros_workspace/install/action_tutorials_interfaces/lib/python3.12/site-packages/action_tutorials_interfaces/action/_tut1.py
[6.857s] -- Installing: /home/ubuntu/ros_workspace/install/action_tutorials_interfaces/lib/python3.12/site-packages/action_tutorials_interfaces/action/__init__.py
[6.857s] -- Installing: /home/ubuntu/ros_workspace/install/action_tutorials_interfaces/lib/python3.12/site-packages/action_tutorials_interfaces/action/_fibonacci.py
[6.858s] -- Installing: /home/ubuntu/ros_workspace/install/action_tutorials_interfaces/lib/python3.12/site-packages/action_tutorials_interfaces/__init__.py
[6.923s] Listing '/home/ubuntu/ros_workspace/install/action_tutorials_interfaces/lib/python3.12/site-packages/action_tutorials_interfaces'...
[6.923s] Compiling '/home/ubuntu/ros_workspace/install/action_tutorials_interfaces/lib/python3.12/site-packages/action_tutorials_interfaces/__init__.py'...
[6.923s] Listing '/home/ubuntu/ros_workspace/install/action_tutorials_interfaces/lib/python3.12/site-packages/action_tutorials_interfaces/action'...
[6.924s] Compiling '/home/ubuntu/ros_workspace/install/action_tutorials_interfaces/lib/python3.12/site-packages/action_tutorials_interfaces/action/__init__.py'...
[6.924s] Compiling '/home/ubuntu/ros_workspace/install/action_tutorials_interfaces/lib/python3.12/site-packages/action_tutorials_interfaces/action/_fibonacci.py'...
[6.924s] Compiling '/home/ubuntu/ros_workspace/install/action_tutorials_interfaces/lib/python3.12/site-packages/action_tutorials_interfaces/action/_tut1.py'...
[6.931s] -- Installing: /home/ubuntu/ros_workspace/install/action_tutorials_interfaces/lib/python3.12/site-packages/action_tutorials_interfaces/action_tutorials_interfaces_s__rosidl_typesupport_fastrtps_c.so
[6.932s] -- Set non-toolchain portion of runtime path of "/home/ubuntu/ros_workspace/install/action_tutorials_interfaces/lib/python3.12/site-packages/action_tutorials_interfaces/action_tutorials_interfaces_s__rosidl_typesupport_fastrtps_c.so" to ""
[6.932s] -- Installing: /home/ubuntu/ros_workspace/install/action_tutorials_interfaces/lib/python3.12/site-packages/action_tutorials_interfaces/action_tutorials_interfaces_s__rosidl_typesupport_introspection_c.so
[6.933s] -- Set non-toolchain portion of runtime path of "/home/ubuntu/ros_workspace/install/action_tutorials_interfaces/lib/python3.12/site-packages/action_tutorials_interfaces/action_tutorials_interfaces_s__rosidl_typesupport_introspection_c.so" to ""
[6.934s] -- Installing: /home/ubuntu/ros_workspace/install/action_tutorials_interfaces/lib/python3.12/site-packages/action_tutorials_interfaces/action_tutorials_interfaces_s__rosidl_typesupport_c.so
[6.935s] -- Set non-toolchain portion of runtime path of "/home/ubuntu/ros_workspace/install/action_tutorials_interfaces/lib/python3.12/site-packages/action_tutorials_interfaces/action_tutorials_interfaces_s__rosidl_typesupport_c.so" to ""
[6.937s] -- Installing: /home/ubuntu/ros_workspace/install/action_tutorials_interfaces/lib/libaction_tutorials_interfaces__rosidl_generator_py.so
[6.938s] -- Set non-toolchain portion of runtime path of "/home/ubuntu/ros_workspace/install/action_tutorials_interfaces/lib/libaction_tutorials_interfaces__rosidl_generator_py.so" to ""
[6.938s] -- Up-to-date: /home/ubuntu/ros_workspace/install/action_tutorials_interfaces/share/action_tutorials_interfaces/action/Fibonacci.idl
[6.938s] -- Installing: /home/ubuntu/ros_workspace/install/action_tutorials_interfaces/share/action_tutorials_interfaces/action/Tut1.idl
[6.939s] -- Up-to-date: /home/ubuntu/ros_workspace/install/action_tutorials_interfaces/share/action_tutorials_interfaces/action/Fibonacci.action
[6.939s] -- Installing: /home/ubuntu/ros_workspace/install/action_tutorials_interfaces/share/action_tutorials_interfaces/action/Tut1.action
[6.939s] -- Up-to-date: /home/ubuntu/ros_workspace/install/action_tutorials_interfaces/share/ament_index/resource_index/package_run_dependencies/action_tutorials_interfaces
[6.939s] -- Installing: /home/ubuntu/ros_workspace/install/action_tutorials_interfaces/share/ament_index/resource_index/parent_prefix_path/action_tutorials_interfaces
[6.940s] -- Up-to-date: /home/ubuntu/ros_workspace/install/action_tutorials_interfaces/share/action_tutorials_interfaces/environment/ament_prefix_path.sh
[6.940s] -- Up-to-date: /home/ubuntu/ros_workspace/install/action_tutorials_interfaces/share/action_tutorials_interfaces/environment/ament_prefix_path.dsv
[6.940s] -- Up-to-date: /home/ubuntu/ros_workspace/install/action_tutorials_interfaces/share/action_tutorials_interfaces/environment/path.sh
[6.940s] -- Up-to-date: /home/ubuntu/ros_workspace/install/action_tutorials_interfaces/share/action_tutorials_interfaces/environment/path.dsv
[6.941s] -- Up-to-date: /home/ubuntu/ros_workspace/install/action_tutorials_interfaces/share/action_tutorials_interfaces/local_setup.bash
[6.941s] -- Up-to-date: /home/ubuntu/ros_workspace/install/action_tutorials_interfaces/share/action_tutorials_interfaces/local_setup.sh
[6.941s] -- Up-to-date: /home/ubuntu/ros_workspace/install/action_tutorials_interfaces/share/action_tutorials_interfaces/local_setup.zsh
[6.941s] -- Up-to-date: /home/ubuntu/ros_workspace/install/action_tutorials_interfaces/share/action_tutorials_interfaces/local_setup.dsv
[6.941s] -- Installing: /home/ubuntu/ros_workspace/install/action_tutorials_interfaces/share/action_tutorials_interfaces/package.dsv
[6.942s] -- Up-to-date: /home/ubuntu/ros_workspace/install/action_tutorials_interfaces/share/ament_index/resource_index/packages/action_tutorials_interfaces
[6.942s] -- Up-to-date: /home/ubuntu/ros_workspace/install/action_tutorials_interfaces/share/action_tutorials_interfaces/cmake/export_action_tutorials_interfaces__rosidl_generator_cExport.cmake
[6.942s] -- Up-to-date: /home/ubuntu/ros_workspace/install/action_tutorials_interfaces/share/action_tutorials_interfaces/cmake/export_action_tutorials_interfaces__rosidl_generator_cExport-noconfig.cmake
[6.942s] -- Up-to-date: /home/ubuntu/ros_workspace/install/action_tutorials_interfaces/share/action_tutorials_interfaces/cmake/export_action_tutorials_interfaces__rosidl_typesupport_fastrtps_cExport.cmake
[6.942s] -- Up-to-date: /home/ubuntu/ros_workspace/install/action_tutorials_interfaces/share/action_tutorials_interfaces/cmake/export_action_tutorials_interfaces__rosidl_typesupport_fastrtps_cExport-noconfig.cmake
[6.943s] -- Up-to-date: /home/ubuntu/ros_workspace/install/action_tutorials_interfaces/share/action_tutorials_interfaces/cmake/action_tutorials_interfaces__rosidl_typesupport_introspection_cExport.cmake
[6.943s] -- Up-to-date: /home/ubuntu/ros_workspace/install/action_tutorials_interfaces/share/action_tutorials_interfaces/cmake/action_tutorials_interfaces__rosidl_typesupport_introspection_cExport-noconfig.cmake
[6.943s] -- Up-to-date: /home/ubuntu/ros_workspace/install/action_tutorials_interfaces/share/action_tutorials_interfaces/cmake/action_tutorials_interfaces__rosidl_typesupport_cExport.cmake
[6.943s] -- Up-to-date: /home/ubuntu/ros_workspace/install/action_tutorials_interfaces/share/action_tutorials_interfaces/cmake/action_tutorials_interfaces__rosidl_typesupport_cExport-noconfig.cmake
[6.944s] -- Up-to-date: /home/ubuntu/ros_workspace/install/action_tutorials_interfaces/share/action_tutorials_interfaces/cmake/export_action_tutorials_interfaces__rosidl_generator_cppExport.cmake
[6.944s] -- Up-to-date: /home/ubuntu/ros_workspace/install/action_tutorials_interfaces/share/action_tutorials_interfaces/cmake/export_action_tutorials_interfaces__rosidl_typesupport_fastrtps_cppExport.cmake
[6.944s] -- Up-to-date: /home/ubuntu/ros_workspace/install/action_tutorials_interfaces/share/action_tutorials_interfaces/cmake/export_action_tutorials_interfaces__rosidl_typesupport_fastrtps_cppExport-noconfig.cmake
[6.945s] -- Up-to-date: /home/ubuntu/ros_workspace/install/action_tutorials_interfaces/share/action_tutorials_interfaces/cmake/action_tutorials_interfaces__rosidl_typesupport_introspection_cppExport.cmake
[6.945s] -- Up-to-date: /home/ubuntu/ros_workspace/install/action_tutorials_interfaces/share/action_tutorials_interfaces/cmake/action_tutorials_interfaces__rosidl_typesupport_introspection_cppExport-noconfig.cmake
[6.945s] -- Up-to-date: /home/ubuntu/ros_workspace/install/action_tutorials_interfaces/share/action_tutorials_interfaces/cmake/action_tutorials_interfaces__rosidl_typesupport_cppExport.cmake
[6.945s] -- Up-to-date: /home/ubuntu/ros_workspace/install/action_tutorials_interfaces/share/action_tutorials_interfaces/cmake/action_tutorials_interfaces__rosidl_typesupport_cppExport-noconfig.cmake
[6.946s] -- Up-to-date: /home/ubuntu/ros_workspace/install/action_tutorials_interfaces/share/action_tutorials_interfaces/cmake/export_action_tutorials_interfaces__rosidl_generator_pyExport.cmake
[6.946s] -- Up-to-date: /home/ubuntu/ros_workspace/install/action_tutorials_interfaces/share/action_tutorials_interfaces/cmake/export_action_tutorials_interfaces__rosidl_generator_pyExport-noconfig.cmake
[6.946s] -- Installing: /home/ubuntu/ros_workspace/install/action_tutorials_interfaces/share/action_tutorials_interfaces/cmake/rosidl_cmake-extras.cmake
[6.946s] -- Up-to-date: /home/ubuntu/ros_workspace/install/action_tutorials_interfaces/share/action_tutorials_interfaces/cmake/ament_cmake_export_dependencies-extras.cmake
[6.947s] -- Up-to-date: /home/ubuntu/ros_workspace/install/action_tutorials_interfaces/share/action_tutorials_interfaces/cmake/ament_cmake_export_include_directories-extras.cmake
[6.947s] -- Up-to-date: /home/ubuntu/ros_workspace/install/action_tutorials_interfaces/share/action_tutorials_interfaces/cmake/ament_cmake_export_libraries-extras.cmake
[6.947s] -- Up-to-date: /home/ubuntu/ros_workspace/install/action_tutorials_interfaces/share/action_tutorials_interfaces/cmake/ament_cmake_export_targets-extras.cmake
[6.947s] -- Up-to-date: /home/ubuntu/ros_workspace/install/action_tutorials_interfaces/share/action_tutorials_interfaces/cmake/rosidl_cmake_export_typesupport_targets-extras.cmake
[6.947s] -- Up-to-date: /home/ubuntu/ros_workspace/install/action_tutorials_interfaces/share/action_tutorials_interfaces/cmake/rosidl_cmake_export_typesupport_libraries-extras.cmake
[6.947s] -- Up-to-date: /home/ubuntu/ros_workspace/install/action_tutorials_interfaces/share/action_tutorials_interfaces/cmake/action_tutorials_interfacesConfig.cmake
[6.947s] -- Up-to-date: /home/ubuntu/ros_workspace/install/action_tutorials_interfaces/share/action_tutorials_interfaces/cmake/action_tutorials_interfacesConfig-version.cmake
[6.947s] -- Up-to-date: /home/ubuntu/ros_workspace/install/action_tutorials_interfaces/share/action_tutorials_interfaces/package.xml
[6.951s] Invoked command in '/home/ubuntu/ros_workspace/build/action_tutorials_interfaces' returned '0': CMAKE_PREFIX_PATH=${CMAKE_PREFIX_PATH}:/home/ubuntu/ros_workspace/install/tutorial_1_action:/home/ubuntu/ros_workspace/install/exam_example_2:/home/ubuntu/ros_workspace/install/turtle_action_client:/home/ubuntu/ros_workspace/install/assignment2_rt_py:/home/ubuntu/ros_workspace/install/assignment1_rt_py:/home/ubuntu/ros_workspace/install/python_package:/home/ubuntu/ros_workspace/install/first_package_py:/home/ubuntu/ros_workspace/install/fibonacci:/home/ubuntu/ros_workspace/install/exam_example:/opt/ros/jazzy /usr/bin/cmake --install /home/ubuntu/ros_workspace/build/action_tutorials_interfaces
