[01m[K/home/ubuntu/ros_workspace/src/assignment1_rt/src/two_turtles.cpp:[m[K In constructor ‘[01m[KTwoTurtles::[01;32m[KTwoTurtles[m[K()[m[K’:
[01m[K/home/ubuntu/ros_workspace/src/assignment1_rt/src/two_turtles.cpp:24:7:[m[K [01;31m[Kerror: [m[K‘[01m[Kpublisher_1[m[K’ was not declared in this scope; did you mean ‘[01m[Krmw_publisher_t[m[K’?
   24 |       [01;31m[Kpublisher_1[m[K = this->create_publisher<geometry_msgs::msg::Twist>("turtle1/cmd_vel", 10);
      |       [01;31m[K^~~~~~~~~~~[m[K
      |       [32m[Krmw_publisher_t[m[K
[01m[K/home/ubuntu/ros_workspace/src/assignment1_rt/src/two_turtles.cpp:25:7:[m[K [01;31m[Kerror: [m[K‘[01m[Kpublisher_2[m[K’ was not declared in this scope; did you mean ‘[01m[Krmw_publisher_t[m[K’?
   25 |       [01;31m[Kpublisher_2[m[K = this->create_publisher<geometry_msgs::msg::Twist>("turtle2/cmd_vel", 10);
      |       [01;31m[K^~~~~~~~~~~[m[K
      |       [32m[Krmw_publisher_t[m[K
[01m[K/home/ubuntu/ros_workspace/src/assignment1_rt/src/two_turtles.cpp:27:7:[m[K [01;31m[Kerror: [m[K‘[01m[Ksubscribe_[m[K’ was not declared in this scope
   27 |       [01;31m[Ksubscribe_[m[K = this->create_subscription<std_msgs::msg::String>("distance_topic",10,std::bind(&TwoTurtles::topic_callback, this, _1));
      |       [01;31m[K^~~~~~~~~~[m[K
[01m[K/home/ubuntu/ros_workspace/src/assignment1_rt/src/two_turtles.cpp:28:7:[m[K [01;31m[Kerror: [m[K‘[01m[Ktimer_[m[K’ was not declared in this scope; did you mean ‘[01m[Ktimer_t[m[K’?
   28 |       [01;31m[Ktimer_[m[K = this->create_wall_timer(std::chrono::milliseconds(100), std::bind(&TwoTurtles::timer_callback, this)); //wakes up every 0.2s
      |       [01;31m[K^~~~~~[m[K
      |       [32m[Ktimer_t[m[K
[01m[K/home/ubuntu/ros_workspace/src/assignment1_rt/src/two_turtles.cpp:[m[K In member function ‘[01m[Kvoid TwoTurtles::[01;32m[Ktopic_callback[m[K(std_msgs::msg::String_<std::allocator<void> >::SharedPtr)[m[K’:
[01m[K/home/ubuntu/ros_workspace/src/assignment1_rt/src/two_turtles.cpp:35:9:[m[K [01;31m[Kerror: [m[K‘[01m[Kdistance_[m[K’ was not declared in this scope
   35 |         [01;31m[Kdistance_[m[K =msg->data.c_str();
      |         [01;31m[K^~~~~~~~~[m[K
[01m[K/home/ubuntu/ros_workspace/src/assignment1_rt/src/two_turtles.cpp:37:29:[m[K [01;31m[Kerror: [m[K‘[01m[Kbounds_xy[m[K’ was not declared in this scope
   37 |         if ((distance_.find([01;31m[Kbounds_xy[m[K) != std::string::npos) || (distance_.find(close_turtles) != std::string::npos)){
      |                             [01;31m[K^~~~~~~~~[m[K
[01m[K/home/ubuntu/ros_workspace/src/assignment1_rt/src/two_turtles.cpp:37:81:[m[K [01;31m[Kerror: [m[K‘[01m[Kclose_turtles[m[K’ was not declared in this scope
   37 |         if ((distance_.find(bounds_xy) != std::string::npos) || (distance_.find([01;31m[Kclose_turtles[m[K) != std::string::npos)){
      |                                                                                 [01;31m[K^~~~~~~~~~~~~[m[K
[01m[K/home/ubuntu/ros_workspace/src/assignment1_rt/src/two_turtles.cpp:38:12:[m[K [01;31m[Kerror: [m[K‘[01m[Kstop_[m[K’ was not declared in this scope
   38 |            [01;31m[Kstop_[m[K=true;
      |            [01;31m[K^~~~~[m[K
[01m[K/home/ubuntu/ros_workspace/src/assignment1_rt/src/two_turtles.cpp:39:34:[m[K [01;31m[Kerror: [m[K‘[01m[Ksafe_turtles[m[K’ was not declared in this scope
   39 |         }else if (distance_.find([01;31m[Ksafe_turtles[m[K) != std::string::npos) {
      |                                  [01;31m[K^~~~~~~~~~~~[m[K
[01m[K/home/ubuntu/ros_workspace/src/assignment1_rt/src/two_turtles.cpp:40:13:[m[K [01;31m[Kerror: [m[K‘[01m[Kstop_[m[K’ was not declared in this scope
   40 |             [01;31m[Kstop_[m[K=false;
      |             [01;31m[K^~~~~[m[K
[01m[K/home/ubuntu/ros_workspace/src/assignment1_rt/src/two_turtles.cpp:[m[K In member function ‘[01m[Kvoid TwoTurtles::[01;32m[Ktimer_callback[m[K()[m[K’:
[01m[K/home/ubuntu/ros_workspace/src/assignment1_rt/src/two_turtles.cpp:46:10:[m[K [01;31m[Kerror: [m[K‘[01m[Kvalid_choice[m[K’ was not declared in this scope
   46 |     if (![01;31m[Kvalid_choice[m[K) {
      |          [01;31m[K^~~~~~~~~~~~[m[K
[01m[K/home/ubuntu/ros_workspace/src/assignment1_rt/src/two_turtles.cpp:48:9:[m[K [01;31m[Kerror: [m[K‘[01m[Kturtle_choice[m[K’ was not declared in this scope
   48 |         [01;31m[Kturtle_choice[m[K=0;
      |         [01;31m[K^~~~~~~~~~~~~[m[K
[01m[K/home/ubuntu/ros_workspace/src/assignment1_rt/src/two_turtles.cpp:49:9:[m[K [01;31m[Kerror: [m[K‘[01m[Krunning_[m[K’ was not declared in this scope
   49 |         [01;31m[Krunning_[m[K = false;
      |         [01;31m[K^~~~~~~~[m[K
[01m[K/home/ubuntu/ros_workspace/src/assignment1_rt/src/two_turtles.cpp:50:9:[m[K [01;31m[Kerror: [m[K‘[01m[Ktick_count_[m[K’ was not declared in this scope
   50 |         [01;31m[Ktick_count_[m[K = 0;
      |         [01;31m[K^~~~~~~~~~~[m[K
[01m[K/home/ubuntu/ros_workspace/src/assignment1_rt/src/two_turtles.cpp:51:9:[m[K [01;31m[Kerror: [m[K‘[01m[Kreverse_[m[K’ was not declared in this scope
   51 |         [01;31m[Kreverse_[m[K=false;
      |         [01;31m[K^~~~~~~~[m[K
[01m[K/home/ubuntu/ros_workspace/src/assignment1_rt/src/two_turtles.cpp:61:29:[m[K [01;31m[Kerror: [m[K‘[01m[Kturtle_velocity_linear[m[K’ was not declared in this scope
   61 |                 std::cin >> [01;31m[Kturtle_velocity_linear[m[K;
      |                             [01;31m[K^~~~~~~~~~~~~~~~~~~~~~[m[K
[01m[K/home/ubuntu/ros_workspace/src/assignment1_rt/src/two_turtles.cpp:64:29:[m[K [01;31m[Kerror: [m[K‘[01m[Kturtle_velocity_angular[m[K’ was not declared in this scope
   64 |                 std::cin >> [01;31m[Kturtle_velocity_angular[m[K;
      |                             [01;31m[K^~~~~~~~~~~~~~~~~~~~~~~[m[K
[01m[K/home/ubuntu/ros_workspace/src/assignment1_rt/src/two_turtles.cpp:69:29:[m[K [01;31m[Kerror: [m[K‘[01m[Kturtle_velocity_linear[m[K’ was not declared in this scope
   69 |                 std::cin >> [01;31m[Kturtle_velocity_linear[m[K;
      |                             [01;31m[K^~~~~~~~~~~~~~~~~~~~~~[m[K
[01m[K/home/ubuntu/ros_workspace/src/assignment1_rt/src/two_turtles.cpp:72:29:[m[K [01;31m[Kerror: [m[K‘[01m[Kturtle_velocity_angular[m[K’ was not declared in this scope
   72 |                 std::cin >> [01;31m[Kturtle_velocity_angular[m[K;
      |                             [01;31m[K^~~~~~~~~~~~~~~~~~~~~~~[m[K
[01m[K/home/ubuntu/ros_workspace/src/assignment1_rt/src/two_turtles.cpp:83:13:[m[K [01;31m[Kerror: [m[K‘[01m[Kturtle_choice[m[K’ was not declared in this scope
   83 |         if ([01;31m[Kturtle_choice[m[K==1){
      |             [01;31m[K^~~~~~~~~~~~~[m[K
[01m[K/home/ubuntu/ros_workspace/src/assignment1_rt/src/two_turtles.cpp:85:18:[m[K [01;31m[Kerror: [m[K‘[01m[Krunning_[m[K’ was not declared in this scope
   85 |             if (![01;31m[Krunning_[m[K){
      |                  [01;31m[K^~~~~~~~[m[K
[01m[K/home/ubuntu/ros_workspace/src/assignment1_rt/src/two_turtles.cpp:86:17:[m[K [01;31m[Kerror: [m[K‘[01m[Ktick_count_[m[K’ was not declared in this scope
   86 |                 [01;31m[Ktick_count_[m[K++;
      |                 [01;31m[K^~~~~~~~~~~[m[K
[01m[K/home/ubuntu/ros_workspace/src/assignment1_rt/src/two_turtles.cpp:88:21:[m[K [01;31m[Kerror: [m[K‘[01m[Kstop_[m[K’ was not declared in this scope
   88 |                 if ([01;31m[Kstop_[m[K){
      |                     [01;31m[K^~~~~[m[K
[01m[K/home/ubuntu/ros_workspace/src/assignment1_rt/src/two_turtles.cpp:91:25:[m[K [01;31m[Kerror: [m[K‘[01m[Ktick_reverse_count_[m[K’ was not declared in this scope
   91 |                     if ([01;31m[Ktick_reverse_count_[m[K < max_reverse_ticks_){
      |                         [01;31m[K^~~~~~~~~~~~~~~~~~~[m[K
[01m[K/home/ubuntu/ros_workspace/src/assignment1_rt/src/two_turtles.cpp:91:47:[m[K [01;31m[Kerror: [m[K‘[01m[Kmax_reverse_ticks_[m[K’ was not declared in this scope
   91 |                     if (tick_reverse_count_ < [01;31m[Kmax_reverse_ticks_[m[K){
      |                                               [01;31m[K^~~~~~~~~~~~~~~~~~[m[K
[01m[K/home/ubuntu/ros_workspace/src/assignment1_rt/src/two_turtles.cpp:93:25:[m[K [01;31m[Kerror: [m[K‘[01m[Kmessage[m[K’ was not declared in this scope
   93 |                         [01;31m[Kmessage[m[K.linear.x = -turtle_velocity_linear/2;
      |                         [01;31m[K^~~~~~~[m[K
[01m[K/home/ubuntu/ros_workspace/src/assignment1_rt/src/two_turtles.cpp:93:45:[m[K [01;31m[Kerror: [m[K‘[01m[Kturtle_velocity_linear[m[K’ was not declared in this scope
   93 |                         message.linear.x = -[01;31m[Kturtle_velocity_linear[m[K/2;
      |                                             [01;31m[K^~~~~~~~~~~~~~~~~~~~~~[m[K
[01m[K/home/ubuntu/ros_workspace/src/assignment1_rt/src/two_turtles.cpp:94:46:[m[K [01;31m[Kerror: [m[K‘[01m[Kturtle_velocity_angular[m[K’ was not declared in this scope
   94 |                         message.angular.z = -[01;31m[Kturtle_velocity_angular[m[K/2;
      |                                              [01;31m[K^~~~~~~~~~~~~~~~~~~~~~~[m[K
[01m[K/home/ubuntu/ros_workspace/src/assignment1_rt/src/two_turtles.cpp:95:25:[m[K [01;31m[Kerror: [m[K‘[01m[Kpublisher_1[m[K’ was not declared in this scope; did you mean ‘[01m[Krmw_publisher_t[m[K’?
   95 |                         [01;31m[Kpublisher_1[m[K->publish(message);
      |                         [01;31m[K^~~~~~~~~~~[m[K
      |                         [32m[Krmw_publisher_t[m[K
[01m[K/home/ubuntu/ros_workspace/src/assignment1_rt/src/two_turtles.cpp:98:25:[m[K [01;31m[Kerror: [m[K‘[01m[Kmessage[m[K’ was not declared in this scope
   98 |                         [01;31m[Kmessage[m[K.linear.x = 0.0;
      |                         [01;31m[K^~~~~~~[m[K
[01m[K/home/ubuntu/ros_workspace/src/assignment1_rt/src/two_turtles.cpp:100:25:[m[K [01;31m[Kerror: [m[K‘[01m[Kpublisher_1[m[K’ was not declared in this scope; did you mean ‘[01m[Krmw_publisher_t[m[K’?
  100 |                         [01;31m[Kpublisher_1[m[K->publish(message);
      |                         [01;31m[K^~~~~~~~~~~[m[K
      |                         [32m[Krmw_publisher_t[m[K
[01m[K/home/ubuntu/ros_workspace/src/assignment1_rt/src/two_turtles.cpp:111:25:[m[K [01;31m[Kerror: [m[K‘[01m[Ktick_count_[m[K’ was not declared in this scope
  111 |                     if ([01;31m[Ktick_count_[m[K < max_ticks_){
      |                         [01;31m[K^~~~~~~~~~~[m[K
[01m[K/home/ubuntu/ros_workspace/src/assignment1_rt/src/two_turtles.cpp:111:39:[m[K [01;31m[Kerror: [m[K‘[01m[Kmax_ticks_[m[K’ was not declared in this scope
  111 |                     if (tick_count_ < [01;31m[Kmax_ticks_[m[K){
      |                                       [01;31m[K^~~~~~~~~~[m[K
[01m[K/home/ubuntu/ros_workspace/src/assignment1_rt/src/two_turtles.cpp:113:29:[m[K [01;31m[Kerror: [m[K‘[01m[Kmessage[m[K’ was not declared in this scope
  113 |                             [01;31m[Kmessage[m[K.linear.x = turtle_velocity_linear;
      |                             [01;31m[K^~~~~~~[m[K
[01m[K/home/ubuntu/ros_workspace/src/assignment1_rt/src/two_turtles.cpp:113:48:[m[K [01;31m[Kerror: [m[K‘[01m[Kturtle_velocity_linear[m[K’ was not declared in this scope
  113 |                             message.linear.x = [01;31m[Kturtle_velocity_linear[m[K;
      |                                                [01;31m[K^~~~~~~~~~~~~~~~~~~~~~[m[K
[01m[K/home/ubuntu/ros_workspace/src/assignment1_rt/src/two_turtles.cpp:114:49:[m[K [01;31m[Kerror: [m[K‘[01m[Kturtle_velocity_angular[m[K’ was not declared in this scope
  114 |                             message.angular.z = [01;31m[Kturtle_velocity_angular[m[K;
      |                                                 [01;31m[K^~~~~~~~~~~~~~~~~~~~~~~[m[K
[01m[K/home/ubuntu/ros_workspace/src/assignment1_rt/src/two_turtles.cpp:115:29:[m[K [01;31m[Kerror: [m[K‘[01m[Kpublisher_1[m[K’ was not declared in this scope; did you mean ‘[01m[Krmw_publisher_t[m[K’?
  115 |                             [01;31m[Kpublisher_1[m[K->publish(message);
      |                             [01;31m[K^~~~~~~~~~~[m[K
      |                             [32m[Krmw_publisher_t[m[K
[01m[K/home/ubuntu/ros_workspace/src/assignment1_rt/src/two_turtles.cpp:117:25:[m[K [01;31m[Kerror: [m[K‘[01m[Kmessage[m[K’ was not declared in this scope
  117 |                         [01;31m[Kmessage[m[K.linear.x = 0.0;
      |                         [01;31m[K^~~~~~~[m[K
[01m[K/home/ubuntu/ros_workspace/src/assignment1_rt/src/two_turtles.cpp:119:25:[m[K [01;31m[Kerror: [m[K‘[01m[Kpublisher_1[m[K’ was not declared in this scope; did you mean ‘[01m[Krmw_publisher_t[m[K’?
  119 |                         [01;31m[Kpublisher_1[m[K->publish(message);
      |                         [01;31m[K^~~~~~~~~~~[m[K
      |                         [32m[Krmw_publisher_t[m[K
[01m[K/home/ubuntu/ros_workspace/src/assignment1_rt/src/two_turtles.cpp:129:22:[m[K [01;31m[Kerror: [m[K‘[01m[Kturtle_choice[m[K’ was not declared in this scope
  129 |             else if ([01;31m[Kturtle_choice[m[K==2){
      |                      [01;31m[K^~~~~~~~~~~~~[m[K
[01m[K/home/ubuntu/ros_workspace/src/assignment1_rt/src/two_turtles.cpp:131:22:[m[K [01;31m[Kerror: [m[K‘[01m[Krunning_[m[K’ was not declared in this scope
  131 |                 if (![01;31m[Krunning_[m[K){
      |                      [01;31m[K^~~~~~~~[m[K
[01m[K/home/ubuntu/ros_workspace/src/assignment1_rt/src/two_turtles.cpp:132:21:[m[K [01;31m[Kerror: [m[K‘[01m[Ktick_count_[m[K’ was not declared in this scope
  132 |                     [01;31m[Ktick_count_[m[K++;
      |                     [01;31m[K^~~~~~~~~~~[m[K
[01m[K/home/ubuntu/ros_workspace/src/assignment1_rt/src/two_turtles.cpp:133:25:[m[K [01;31m[Kerror: [m[K‘[01m[Kstop_[m[K’ was not declared in this scope
  133 |                     if ([01;31m[Kstop_[m[K){
      |                         [01;31m[K^~~~~[m[K
[01m[K/home/ubuntu/ros_workspace/src/assignment1_rt/src/two_turtles.cpp:134:29:[m[K [01;31m[Kerror: [m[K‘[01m[Kmessage[m[K’ was not declared in this scope
  134 |                             [01;31m[Kmessage[m[K.linear.x = 0.0;
      |                             [01;31m[K^~~~~~~[m[K
[01m[K/home/ubuntu/ros_workspace/src/assignment1_rt/src/two_turtles.cpp:136:29:[m[K [01;31m[Kerror: [m[K‘[01m[Kpublisher_2[m[K’ was not declared in this scope; did you mean ‘[01m[Krmw_publisher_t[m[K’?
  136 |                             [01;31m[Kpublisher_2[m[K->publish(message);
      |                             [01;31m[K^~~~~~~~~~~[m[K
      |                             [32m[Krmw_publisher_t[m[K
[01m[K/home/ubuntu/ros_workspace/src/assignment1_rt/src/two_turtles.cpp:140:43:[m[K [01;31m[Kerror: [m[K‘[01m[Kmax_ticks_[m[K’ was not declared in this scope
  140 |                         if (tick_count_ < [01;31m[Kmax_ticks_[m[K){
      |                                           [01;31m[K^~~~~~~~~~[m[K
[01m[K/home/ubuntu/ros_workspace/src/assignment1_rt/src/two_turtles.cpp:142:33:[m[K [01;31m[Kerror: [m[K‘[01m[Kmessage[m[K’ was not declared in this scope
  142 |                                 [01;31m[Kmessage[m[K.linear.x= turtle_velocity_linear;
      |                                 [01;31m[K^~~~~~~[m[K
[01m[K/home/ubuntu/ros_workspace/src/assignment1_rt/src/two_turtles.cpp:142:51:[m[K [01;31m[Kerror: [m[K‘[01m[Kturtle_velocity_linear[m[K’ was not declared in this scope
  142 |                                 message.linear.x= [01;31m[Kturtle_velocity_linear[m[K;
      |                                                   [01;31m[K^~~~~~~~~~~~~~~~~~~~~~[m[K
[01m[K/home/ubuntu/ros_workspace/src/assignment1_rt/src/two_turtles.cpp:143:53:[m[K [01;31m[Kerror: [m[K‘[01m[Kturtle_velocity_angular[m[K’ was not declared in this scope
  143 |                                 message.angular.z = [01;31m[Kturtle_velocity_angular[m[K;
      |                                                     [01;31m[K^~~~~~~~~~~~~~~~~~~~~~~[m[K
[01m[K/home/ubuntu/ros_workspace/src/assignment1_rt/src/two_turtles.cpp:144:33:[m[K [01;31m[Kerror: [m[K‘[01m[Kpublisher_2[m[K’ was not declared in this scope; did you mean ‘[01m[Krmw_publisher_t[m[K’?
  144 |                                 [01;31m[Kpublisher_2[m[K->publish(message);
      |                                 [01;31m[K^~~~~~~~~~~[m[K
      |                                 [32m[Krmw_publisher_t[m[K
[01m[K/home/ubuntu/ros_workspace/src/assignment1_rt/src/two_turtles.cpp:147:29:[m[K [01;31m[Kerror: [m[K‘[01m[Kmessage[m[K’ was not declared in this scope
  147 |                             [01;31m[Kmessage[m[K.linear.x= 0.0;
      |                             [01;31m[K^~~~~~~[m[K
[01m[K/home/ubuntu/ros_workspace/src/assignment1_rt/src/two_turtles.cpp:149:29:[m[K [01;31m[Kerror: [m[K‘[01m[Kpublisher_2[m[K’ was not declared in this scope; did you mean ‘[01m[Krmw_publisher_t[m[K’?
  149 |                             [01;31m[Kpublisher_2[m[K->publish(message);
      |                             [01;31m[K^~~~~~~~~~~[m[K
      |                             [32m[Krmw_publisher_t[m[K
[01m[K/home/ubuntu/ros_workspace/src/assignment1_rt/src/two_turtles.cpp:[m[K At global scope:
[01m[K/home/ubuntu/ros_workspace/src/assignment1_rt/src/two_turtles.cpp:161:5:[m[K [01;31m[Kerror: [m[Kspecializing member ‘[01m[Krclcpp::Subscription<std_msgs::msg::String_<std::allocator<void> >, std::allocator<void>, std_msgs::msg::String_<std::allocator<void> >, std_msgs::msg::String_<std::allocator<void> >, rclcpp::message_memory_strategy::MessageMemoryStrategy<std_msgs::msg::String_<std::allocator<void> >, std::allocator<void> > >::SharedPtr[m[K’ requires ‘[01m[Ktemplate<>[m[K’ syntax
  161 |     [01;31m[Krclcpp[m[K::Subscription<std_msgs::msg::String>::SharedPtr subscribe_;
      |     [01;31m[K^~~~~~[m[K
[01m[K/home/ubuntu/ros_workspace/src/assignment1_rt/src/two_turtles.cpp:195:2:[m[K [01;31m[Kerror: [m[Kexpected declaration before ‘[01m[K}[m[K’ token
  195 |  [01;31m[K}[m[K;
      |  [01;31m[K^[m[K
gmake[2]: *** [CMakeFiles/turtles.dir/build.make:76: CMakeFiles/turtles.dir/src/two_turtles.cpp.o] Error 1
gmake[1]: *** [CMakeFiles/Makefile2:139: CMakeFiles/turtles.dir/all] Error 2
gmake: *** [Makefile:146: all] Error 2
