[0.030s] Invoking command in '/home/ubuntu/ros_workspace/build/assignment_1_rt2': CMAKE_PREFIX_PATH=/home/ubuntu/ros_workspace/install/bme_gazebo_sensors:/home/ubuntu/ros_workspace/install/action_tutorials_interfaces:/home/ubuntu/ros_workspace/install/tutorial_1_action_cpp:/home/ubuntu/ros_workspace/install/robot_custom_msgs:/home/ubuntu/ros_workspace/install/ob_first_package_cpp:/home/ubuntu/ros_workspace/install/first_package_cpp:/home/ubuntu/ros_workspace/install/cmake_package:/home/ubuntu/ros_workspace/install/assignment_1_rt2:/home/ubuntu/ros_workspace/install/assignment1_rt:/home/ubuntu/ros_workspace/install/action_assignment:/opt/ros/jazzy/opt/gz_launch_vendor:/opt/ros/jazzy/opt/gz_sim_vendor:/opt/ros/jazzy/opt/gz_sensors_vendor:/opt/ros/jazzy/opt/gz_physics_vendor:/opt/ros/jazzy/opt/sdformat_vendor:/opt/ros/jazzy/opt/gz_gui_vendor:/opt/ros/jazzy/opt/gz_transport_vendor:/opt/ros/jazzy/opt/gz_rendering_vendor:/opt/ros/jazzy/opt/gz_plugin_vendor:/opt/ros/jazzy/opt/gz_fuel_tools_vendor:/opt/ros/jazzy/opt/gz_msgs_vendor:/opt/ros/jazzy/opt/gz_common_vendor:/opt/ros/jazzy/opt/gz_math_vendor:/opt/ros/jazzy/opt/gz_utils_vendor:/opt/ros/jazzy/opt/gz_tools_vendor:/opt/ros/jazzy/opt/gz_ogre_next_vendor:/opt/ros/jazzy/opt/gz_dartsim_vendor:/opt/ros/jazzy/opt/gz_cmake_vendor:/home/ubuntu/ros_workspace/install/tutorial_1_action:/home/ubuntu/ros_workspace/install/turtle_action_client:/home/ubuntu/ros_workspace/install/assignment2_rt_py:/home/ubuntu/ros_workspace/install/assignment1_rt_py:/home/ubuntu/ros_workspace/install/python_tf2_pkg:/home/ubuntu/ros_workspace/install/python_package:/home/ubuntu/ros_workspace/install/first_package_py:/home/ubuntu/ros_workspace/install/fibonacci:/home/ubuntu/ros_workspace/install/exam_example_2:/home/ubuntu/ros_workspace/install/exam_example:/opt/ros/jazzy LD_LIBRARY_PATH=/home/ubuntu/ros_workspace/install/action_tutorials_interfaces/lib:/home/ubuntu/ros_workspace/install/tutorial_1_action_cpp/lib:/home/ubuntu/ros_workspace/install/robot_custom_msgs/lib:/home/ubuntu/ros_workspace/install/first_package_cpp/lib:/opt/ros/jazzy/opt/gz_launch_vendor/lib:/opt/ros/jazzy/opt/gz_sim_vendor/lib:/opt/ros/jazzy/opt/gz_sensors_vendor/lib:/opt/ros/jazzy/opt/gz_physics_vendor/lib:/opt/ros/jazzy/opt/sdformat_vendor/lib:/opt/ros/jazzy/opt/rviz_ogre_vendor/lib:/opt/ros/jazzy/lib/x86_64-linux-gnu:/opt/ros/jazzy/opt/gz_gui_vendor/lib:/opt/ros/jazzy/opt/gz_transport_vendor/lib:/opt/ros/jazzy/opt/gz_rendering_vendor/lib:/opt/ros/jazzy/opt/gz_plugin_vendor/lib:/opt/ros/jazzy/opt/gz_fuel_tools_vendor/lib:/opt/ros/jazzy/opt/gz_msgs_vendor/lib:/opt/ros/jazzy/opt/gz_common_vendor/lib:/opt/ros/jazzy/opt/gz_math_vendor/lib:/opt/ros/jazzy/opt/gz_utils_vendor/lib:/opt/ros/jazzy/opt/gz_tools_vendor/lib:/opt/ros/jazzy/opt/gz_ogre_next_vendor/lib:/opt/ros/jazzy/opt/gz_dartsim_vendor/lib:/opt/ros/jazzy/opt/gz_cmake_vendor/lib:/opt/ros/jazzy/lib PYTHONPATH=/home/ubuntu/ros_workspace/install/action_tutorials_interfaces/lib/python3.12/site-packages:/home/ubuntu/ros_workspace/install/tutorial_1_action/lib/python3.12/site-packages:/home/ubuntu/ros_workspace/install/turtle_action_client/lib/python3.12/site-packages:/home/ubuntu/ros_workspace/install/assignment2_rt_py/lib/python3.12/site-packages:/home/ubuntu/ros_workspace/install/assignment1_rt_py/lib/python3.12/site-packages:/home/ubuntu/ros_workspace/install/robot_custom_msgs/lib/python3.12/site-packages:/home/ubuntu/ros_workspace/install/python_tf2_pkg/lib/python3.12/site-packages:/home/ubuntu/ros_workspace/install/python_package/lib/python3.12/site-packages:/home/ubuntu/ros_workspace/install/first_package_py/lib/python3.12/site-packages:/home/ubuntu/ros_workspace/install/fibonacci/lib/python3.12/site-packages:/home/ubuntu/ros_workspace/install/exam_example_2/lib/python3.12/site-packages:/home/ubuntu/ros_workspace/install/exam_example/lib/python3.12/site-packages:/opt/ros/jazzy/lib/python3.12/site-packages /usr/bin/cmake --build /home/ubuntu/ros_workspace/build/assignment_1_rt2 -- -j16 -l16
[0.080s] -- Found ament_cmake: 2.5.4 (/opt/ros/jazzy/share/ament_cmake/cmake)
[0.355s] -- Found rclcpp: 28.1.11 (/opt/ros/jazzy/share/rclcpp/cmake)
[0.392s] -- Found rosidl_generator_c: 4.6.6 (/opt/ros/jazzy/share/rosidl_generator_c/cmake)
[0.402s] -- Found rosidl_generator_cpp: 4.6.6 (/opt/ros/jazzy/share/rosidl_generator_cpp/cmake)
[0.414s] -- Using all available rosidl_typesupport_c: rosidl_typesupport_fastrtps_c;rosidl_typesupport_introspection_c
[0.434s] -- Using all available rosidl_typesupport_cpp: rosidl_typesupport_fastrtps_cpp;rosidl_typesupport_introspection_cpp
[0.523s] -- Found rmw_implementation_cmake: 7.3.2 (/opt/ros/jazzy/share/rmw_implementation_cmake/cmake)
[0.528s] -- Found rmw_fastrtps_cpp: 8.4.3 (/opt/ros/jazzy/share/rmw_fastrtps_cpp/cmake)
[0.648s] -- Using RMW implementation 'rmw_fastrtps_cpp' as default
[0.752s] -- Found tf2: 0.36.14 (/opt/ros/jazzy/share/tf2/cmake)
[0.805s] -- Found tf2_ros: 0.36.19 (/opt/ros/jazzy/share/tf2_ros/cmake)
[0.953s] -- Found tf2_geometry_msgs: 0.36.14 (/opt/ros/jazzy/share/tf2_geometry_msgs/cmake)
[0.963s] -- Found eigen3_cmake_module: 0.3.0 (/opt/ros/jazzy/share/eigen3_cmake_module/cmake)
[0.964s] -- Ensuring Eigen3 include directory is part of orocos-kdl CMake target
[0.967s] -- Found action_tutorials_interfaces: 0.0.0 (/home/ubuntu/ros_workspace/install/action_tutorials_interfaces/share/action_tutorials_interfaces/cmake)
[0.987s] -- Found nav_msgs: 5.3.6 (/opt/ros/jazzy/share/nav_msgs/cmake)
[1.031s] -- Found ament_lint_auto: 0.17.3 (/opt/ros/jazzy/share/ament_lint_auto/cmake)
[1.138s] -- Added test 'cppcheck' to perform static code analysis on C / C++ code
[1.138s] -- Configured cppcheck include dirs: 
[1.139s] -- Configured cppcheck exclude dirs and/or files: 
[1.139s] -- Added test 'flake8' to check Python code syntax and style conventions
[1.139s] -- Configured 'flake8' exclude dirs and/or files: 
[1.139s] -- Added test 'lint_cmake' to check CMake code style
[1.139s] -- Added test 'pep257' to check Python code against some of the docstring style conventions in PEP 257
[1.141s] -- Added test 'uncrustify' to check C / C++ code style
[1.141s] -- Configured uncrustify additional arguments: 
[1.141s] -- Added test 'xmllint' to check XML markup files
[1.145s] -- Configuring done (1.1s)
[1.204s] -- Generating done (0.0s)
[1.216s] -- Build files have been written to: /home/ubuntu/ros_workspace/build/assignment_1_rt2
[1.285s] [ 25%] [32mBuilding CXX object CMakeFiles/server.dir/src/action_server.cpp.o[0m
[1.285s] [ 25%] [32mBuilding CXX object CMakeFiles/client.dir/src/action_client.cpp.o[0m
[1.305s] [ 50%] Built target client_exe
[1.305s] [ 75%] Built target server_exe
[4.418s] [01m[K/home/ubuntu/ros_workspace/src/assignment_1_rt2/src/action_client.cpp:85:65:[m[K [01;31m[Kerror: [m[K‘[01m[KSharedPtr[m[K’ in ‘[01m[Kusing GoalHandleAssignment1RT2 = class rclcpp_action::ServerGoalHandle<action_tutorials_interfaces::action::Assignment1RT2>[m[K’ {aka ‘[01m[Kclass rclcpp_action::ServerGoalHandle<action_tutorials_interfaces::action::Assignment1RT2>[m[K’} does not name a type
[4.418s]    85 |     void goal_response_callback(const GoalHandleAssignment1RT2::[01;31m[KSharedPtr[m[K & goal_handle)
[4.418s]       |                                                                 [01;31m[K^~~~~~~~~[m[K
[4.418s] [01m[K/home/ubuntu/ros_workspace/src/assignment_1_rt2/src/action_client.cpp:94:28:[m[K [01;31m[Kerror: [m[K‘[01m[Krclcpp_action::GoalHandleAssignment1RT2::SharedPtr[m[K’ has not been declared
[4.418s]    94 |     void feedback_callback([01;31m[KGoalHandleAssignment1RT2[m[K::SharedPtr, const std::shared_ptr<const Assignment1RT2::Feedback> feedback)
[4.418s]       |                            [01;31m[K^~~~~~~~~~~~~~~~~~~~~~~~[m[K
[4.419s] [01m[K/home/ubuntu/ros_workspace/src/assignment_1_rt2/src/action_client.cpp:99:62:[m[K [01;31m[Kerror: [m[K‘[01m[KWrappedResult[m[K’ in ‘[01m[Kusing GoalHandleAssignment1RT2 = class rclcpp_action::ServerGoalHandle<action_tutorials_interfaces::action::Assignment1RT2>[m[K’ {aka ‘[01m[Kclass rclcpp_action::ServerGoalHandle<action_tutorials_interfaces::action::Assignment1RT2>[m[K’} does not name a type
[4.419s]    99 |     void get_result_callback(const GoalHandleAssignment1RT2::[01;31m[KWrappedResult[m[K & result)
[4.419s]       |                                                              [01;31m[K^~~~~~~~~~~~~[m[K
[4.420s] [01m[K/home/ubuntu/ros_workspace/src/assignment_1_rt2/src/action_client.cpp:[m[K In constructor ‘[01m[Kassignment_1_rt2::RobotActionClient::[01;32m[KRobotActionClient[m[K(const rclcpp::NodeOptions&)[m[K’:
[4.420s] [01m[K/home/ubuntu/ros_workspace/src/assignment_1_rt2/src/action_client.cpp:28:91:[m[K [01;31m[Kerror: [m[K‘[01m[K_1[m[K’ was not declared in this scope; did you mean ‘[01m[Kstd::placeholders::_1[m[K’?
[4.421s]    28 |       "/user_interface", 10, std::bind(&RobotActionClient::user_interface_callback, this, [01;31m[K_1[m[K));
[4.421s]       |                                                                                           [01;31m[K^~[m[K
[4.421s]       |                                                                                           [32m[Kstd::placeholders::_1[m[K
[4.421s] In file included from [01m[K/opt/ros/jazzy/include/rclcpp/rclcpp/utilities.hpp:19[m[K,
[4.421s]                  from [01m[K/opt/ros/jazzy/include/rclcpp/rclcpp/logging.hpp:25[m[K,
[4.421s]                  from [01m[K/opt/ros/jazzy/include/rclcpp/rclcpp/copy_all_parameter_values.hpp:27[m[K,
[4.421s]                  from [01m[K/opt/ros/jazzy/include/rclcpp/rclcpp/rclcpp.hpp:171[m[K,
[4.421s]                  from [01m[K/home/ubuntu/ros_workspace/src/assignment_1_rt2/src/action_client.cpp:4[m[K:
[4.421s] [01m[K/usr/include/c++/13/functional:294:48:[m[K [01;36m[Knote: [m[K‘[01m[Kstd::placeholders::_1[m[K’ declared here
[4.421s]   294 |     _GLIBCXX_PLACEHOLDER const _Placeholder<1> [01;36m[K_1[m[K;
[4.421s]       |                                                [01;36m[K^~[m[K
[4.432s] [01m[K/home/ubuntu/ros_workspace/src/assignment_1_rt2/src/action_client.cpp:[m[K In member function ‘[01m[Kvoid assignment_1_rt2::RobotActionClient::[01;32m[Ksend_goal[m[K(float, float, float)[m[K’:
[4.433s] [01m[K/home/ubuntu/ros_workspace/src/assignment_1_rt2/src/action_client.cpp:47:94:[m[K [01;31m[Kerror: [m[Kno match for ‘[01m[Koperator=[m[K’ (operand types are ‘[01m[Krclcpp_action::Client<action_tutorials_interfaces::action::Assignment1RT2>::GoalResponseCallback[m[K’ {aka ‘[01m[Kstd::function<void(std::shared_ptr<rclcpp_action::ClientGoalHandle<action_tutorials_interfaces::action::Assignment1RT2> >)>[m[K’} and ‘[01m[Kstd::_Bind_helper<false, void (assignment_1_rt2::RobotActionClient::*)(const int&), assignment_1_rt2::RobotActionClient*, const std::_Placeholder<1>&>::type[m[K’)
[4.433s]    47 |             std::bind(&RobotActionClient::goal_response_callback, this, std::placeholders::_1[01;31m[K)[m[K;
[4.433s]       |                                                                                              [01;31m[K^[m[K
[4.433s] In file included from [01m[K/usr/include/c++/13/functional:59[m[K:
[4.433s] [01m[K/usr/include/c++/13/bits/std_function.h:531:9:[m[K [01;36m[Knote: [m[Kcandidate: ‘[01m[Ktemplate<class _Functor> std::function<_Res(_ArgTypes ...)>::_Requires<std::function<_Res(_ArgTypes ...)>::_Callable<_Functor>, std::function<_Res(_ArgTypes ...)>&> std::function<_Res(_ArgTypes ...)>::[01;32m[Koperator=[m[K(_Functor&&) [35m[K[with _Res = void; _ArgTypes = {std::shared_ptr<rclcpp_action::ClientGoalHandle<action_tutorials_interfaces::action::Assignment1RT2> >}][m[K[m[K’
[4.434s]   531 |         [01;36m[Koperator[m[K=(_Functor&& __f)
[4.434s]       |         [01;36m[K^~~~~~~~[m[K
[4.434s] [01m[K/usr/include/c++/13/bits/std_function.h:531:9:[m[K [01;36m[Knote: [m[K  template argument deduction/substitution failed:
[4.434s] In file included from [01m[K/usr/include/c++/13/bits/move.h:37[m[K,
[4.434s]                  from [01m[K/usr/include/c++/13/bits/new_allocator.h:36[m[K,
[4.434s]                  from [01m[K/usr/include/x86_64-linux-gnu/c++/13/bits/c++allocator.h:33[m[K,
[4.434s]                  from [01m[K/usr/include/c++/13/bits/allocator.h:46[m[K,
[4.434s]                  from [01m[K/usr/include/c++/13/memory:65[m[K,
[4.434s]                  from [01m[K/home/ubuntu/ros_workspace/src/assignment_1_rt2/src/action_client.cpp:1[m[K:
[4.434s] /usr/include/c++/13/type_traits: In substitution of ‘[01m[Ktemplate<bool _Cond, class _Tp> using std::__enable_if_t = typename std::enable_if::type [35m[K[with bool _Cond = false; _Tp = std::function<void(std::shared_ptr<rclcpp_action::ClientGoalHandle<action_tutorials_interfaces::action::Assignment1RT2> >)>&][m[K[m[K’:
[4.434s] [01m[K/usr/include/c++/13/bits/std_function.h:353:8:[m[K   required by substitution of ‘[01m[Ktemplate<class _Res, class ... _ArgTypes> template<class _Cond, class _Tp> using std::function<_Res(_ArgTypes ...)>::_Requires = std::__enable_if_t<_Cond::value, _Tp> [35m[K[with _Cond = std::function<void(std::shared_ptr<rclcpp_action::ClientGoalHandle<action_tutorials_interfaces::action::Assignment1RT2> >)>::_Callable<std::_Bind<void (assignment_1_rt2::RobotActionClient::*(assignment_1_rt2::RobotActionClient*, std::_Placeholder<1>))(const int&)>, std::_Bind<void (assignment_1_rt2::RobotActionClient::*(assignment_1_rt2::RobotActionClient*, std::_Placeholder<1>))(const int&)>, std::__invoke_result<std::_Bind<void (assignment_1_rt2::RobotActionClient::*(assignment_1_rt2::RobotActionClient*, std::_Placeholder<1>))(const int&)>&, std::shared_ptr<rclcpp_action::ClientGoalHandle<action_tutorials_interfaces::action::Assignment1RT2> > > >; _Tp = std::function<void(std::shared_ptr<rclcpp_action::ClientGoalHandle<action_tutorials_interfaces::action::Assignment1RT2> >)>&; _Res = void; _ArgTypes = {std::shared_ptr<rclcpp_action::ClientGoalHandle<action_tutorials_interfaces::action::Assignment1RT2> >}][m[K[m[K’
[4.434s] [01m[K/usr/include/c++/13/bits/std_function.h:531:2:[m[K   required by substitution of ‘[01m[Ktemplate<class _Functor> std::function<void(std::shared_ptr<rclcpp_action::ClientGoalHandle<action_tutorials_interfaces::action::Assignment1RT2> >)>::_Requires<std::function<void(std::shared_ptr<rclcpp_action::ClientGoalHandle<action_tutorials_interfaces::action::Assignment1RT2> >)>::_Callable<_Functor, typename std::enable_if<(! std::is_same<typename std::remove_cv<typename std::remove_reference<_Tp>::type>::type, std::function<void(std::shared_ptr<rclcpp_action::ClientGoalHandle<action_tutorials_interfaces::action::Assignment1RT2> >)> >::value), std::decay<_Ex> >::type::type, std::__invoke_result<typename std::enable_if<(! std::is_same<typename std::remove_cv<typename std::remove_reference<_Tp>::type>::type, std::function<void(std::shared_ptr<rclcpp_action::ClientGoalHandle<action_tutorials_interfaces::action::Assignment1RT2> >)> >::value), std::decay<_Ex> >::type::type&, std::shared_ptr<rclcpp_action::ClientGoalHandle<action_tutorials_interfaces::action::Assignment1RT2> > > >, std::function<void(std::shared_ptr<rclcpp_action::ClientGoalHandle<action_tutorials_interfaces::action::Assignment1RT2> >)>&> std::function<void(std::shared_ptr<rclcpp_action::ClientGoalHandle<action_tutorials_interfaces::action::Assignment1RT2> >)>::[01;32m[Koperator=[m[K(_Functor&&) [35m[K[with _Functor = std::_Bind<void (assignment_1_rt2::RobotActionClient::*(assignment_1_rt2::RobotActionClient*, std::_Placeholder<1>))(const int&)>][m[K[m[K’
[4.434s] [01m[K/home/ubuntu/ros_workspace/src/assignment_1_rt2/src/action_client.cpp:47:94:[m[K   required from here
[4.434s] [01m[K/usr/include/c++/13/type_traits:116:11:[m[K [01;31m[Kerror: [m[Kno type named ‘[01m[Ktype[m[K’ in ‘[01m[Kstruct std::enable_if<false, std::function<void(std::shared_ptr<rclcpp_action::ClientGoalHandle<action_tutorials_interfaces::action::Assignment1RT2> >)>&>[m[K’
[4.434s]   116 |     using [01;31m[K__enable_if_t[m[K = typename enable_if<_Cond, _Tp>::type;
[4.435s]       |           [01;31m[K^~~~~~~~~~~~~[m[K
[4.435s] [01m[K/usr/include/c++/13/bits/std_function.h:541:9:[m[K [01;36m[Knote: [m[Kcandidate: ‘[01m[Ktemplate<class _Functor> std::function<_Res(_ArgTypes ...)>& std::function<_Res(_ArgTypes ...)>::[01;32m[Koperator=[m[K(std::reference_wrapper<_Functor>) [35m[K[with _Res = void; _ArgTypes = {std::shared_ptr<rclcpp_action::ClientGoalHandle<action_tutorials_interfaces::action::Assignment1RT2> >}][m[K[m[K’
[4.435s]   541 |         [01;36m[Koperator[m[K=(reference_wrapper<_Functor> __f) noexcept
[4.435s]       |         [01;36m[K^~~~~~~~[m[K
[4.435s] [01m[K/usr/include/c++/13/bits/std_function.h:541:9:[m[K [01;36m[Knote: [m[K  template argument deduction/substitution failed:
[4.435s] [01m[K/home/ubuntu/ros_workspace/src/assignment_1_rt2/src/action_client.cpp:47:94:[m[K [01;36m[Knote: [m[K  ‘[01m[Kstd::_Bind<void (assignment_1_rt2::RobotActionClient::*(assignment_1_rt2::RobotActionClient*, std::_Placeholder<1>))(const int&)>[m[K’ is not derived from ‘[01m[Kstd::reference_wrapper<_Tp>[m[K’
[4.435s]    47 |             std::bind(&RobotActionClient::goal_response_callback, this, std::placeholders::_1[01;36m[K)[m[K;
[4.435s]       |                                                                                              [01;36m[K^[m[K
[4.435s] [01m[K/usr/include/c++/13/bits/std_function.h:469:7:[m[K [01;36m[Knote: [m[Kcandidate: ‘[01m[Kstd::function<_Res(_ArgTypes ...)>& std::function<_Res(_ArgTypes ...)>::[01;32m[Koperator=[m[K(const std::function<_Res(_ArgTypes ...)>&) [35m[K[with _Res = void; _ArgTypes = {std::shared_ptr<rclcpp_action::ClientGoalHandle<action_tutorials_interfaces::action::Assignment1RT2> >}][m[K[m[K’
[4.435s]   469 |       [01;36m[Koperator[m[K=(const function& __x)
[4.435s]       |       [01;36m[K^~~~~~~~[m[K
[4.435s] [01m[K/usr/include/c++/13/bits/std_function.h:469:33:[m[K [01;36m[Knote: [m[K  no known conversion for argument 1 from ‘[01m[Kstd::_Bind_helper<false, void (assignment_1_rt2::RobotActionClient::*)(const int&), assignment_1_rt2::RobotActionClient*, const std::_Placeholder<1>&>::type[m[K’ to ‘[01m[Kconst std::function<void(std::shared_ptr<rclcpp_action::ClientGoalHandle<action_tutorials_interfaces::action::Assignment1RT2> >)>&[m[K’
[4.435s]   469 |       operator=([01;36m[Kconst function& __x[m[K)
[4.435s]       |                 [01;36m[K~~~~~~~~~~~~~~~~^~~[m[K
[4.435s] [01m[K/usr/include/c++/13/bits/std_function.h:487:7:[m[K [01;36m[Knote: [m[Kcandidate: ‘[01m[Kstd::function<_Res(_ArgTypes ...)>& std::function<_Res(_ArgTypes ...)>::[01;32m[Koperator=[m[K(std::function<_Res(_ArgTypes ...)>&&) [35m[K[with _Res = void; _ArgTypes = {std::shared_ptr<rclcpp_action::ClientGoalHandle<action_tutorials_interfaces::action::Assignment1RT2> >}][m[K[m[K’
[4.435s]   487 |       [01;36m[Koperator[m[K=(function&& __x) noexcept
[4.435s]       |       [01;36m[K^~~~~~~~[m[K
[4.435s] [01m[K/usr/include/c++/13/bits/std_function.h:487:28:[m[K [01;36m[Knote: [m[K  no known conversion for argument 1 from ‘[01m[Kstd::_Bind_helper<false, void (assignment_1_rt2::RobotActionClient::*)(const int&), assignment_1_rt2::RobotActionClient*, const std::_Placeholder<1>&>::type[m[K’ to ‘[01m[Kstd::function<void(std::shared_ptr<rclcpp_action::ClientGoalHandle<action_tutorials_interfaces::action::Assignment1RT2> >)>&&[m[K’
[4.436s]   487 |       operator=([01;36m[Kfunction&& __x[m[K) noexcept
[4.436s]       |                 [01;36m[K~~~~~~~~~~~^~~[m[K
[4.436s] [01m[K/usr/include/c++/13/bits/std_function.h:501:7:[m[K [01;36m[Knote: [m[Kcandidate: ‘[01m[Kstd::function<_Res(_ArgTypes ...)>& std::function<_Res(_ArgTypes ...)>::[01;32m[Koperator=[m[K(std::nullptr_t) [35m[K[with _Res = void; _ArgTypes = {std::shared_ptr<rclcpp_action::ClientGoalHandle<action_tutorials_interfaces::action::Assignment1RT2> >}; std::nullptr_t = std::nullptr_t][m[K[m[K’
[4.436s]   501 |       [01;36m[Koperator[m[K=(nullptr_t) noexcept
[4.436s]       |       [01;36m[K^~~~~~~~[m[K
[4.436s] [01m[K/usr/include/c++/13/bits/std_function.h:501:17:[m[K [01;36m[Knote: [m[K  no known conversion for argument 1 from ‘[01m[Kstd::_Bind_helper<false, void (assignment_1_rt2::RobotActionClient::*)(const int&), assignment_1_rt2::RobotActionClient*, const std::_Placeholder<1>&>::type[m[K’ to ‘[01m[Kstd::nullptr_t[m[K’
[4.436s]   501 |       operator=([01;36m[Knullptr_t[m[K) noexcept
[4.436s]       |                 [01;36m[K^~~~~~~~~[m[K
[4.442s] [01m[K/home/ubuntu/ros_workspace/src/assignment_1_rt2/src/action_client.cpp:50:112:[m[K [01;31m[Kerror: [m[Kno match for ‘[01m[Koperator=[m[K’ (operand types are ‘[01m[Krclcpp_action::Client<action_tutorials_interfaces::action::Assignment1RT2>::FeedbackCallback[m[K’ {aka ‘[01m[Kstd::function<void(std::shared_ptr<rclcpp_action::ClientGoalHandle<action_tutorials_interfaces::action::Assignment1RT2> >, std::shared_ptr<const action_tutorials_interfaces::action::Assignment1RT2_Feedback_<std::allocator<void> > >)>[m[K’} and ‘[01m[Kstd::_Bind_helper<false, void (assignment_1_rt2::RobotActionClient::*)(int, std::shared_ptr<const action_tutorials_interfaces::action::Assignment1RT2_Feedback_<std::allocator<void> > >), assignment_1_rt2::RobotActionClient*, const std::_Placeholder<1>&, const std::_Placeholder<2>&>::type[m[K’)
[4.442s]    50 |             std::bind(&RobotActionClient::feedback_callback, this, std::placeholders::_1, std::placeholders::_2[01;31m[K)[m[K;
[4.442s]       |                                                                                                                [01;31m[K^[m[K
[4.442s] [01m[K/usr/include/c++/13/bits/std_function.h:531:9:[m[K [01;36m[Knote: [m[Kcandidate: ‘[01m[Ktemplate<class _Functor> std::function<_Res(_ArgTypes ...)>::_Requires<std::function<_Res(_ArgTypes ...)>::_Callable<_Functor>, std::function<_Res(_ArgTypes ...)>&> std::function<_Res(_ArgTypes ...)>::[01;32m[Koperator=[m[K(_Functor&&) [35m[K[with _Res = void; _ArgTypes = {std::shared_ptr<rclcpp_action::ClientGoalHandle<action_tutorials_interfaces::action::Assignment1RT2> >, std::shared_ptr<const action_tutorials_interfaces::action::Assignment1RT2_Feedback_<std::allocator<void> > >}][m[K[m[K’
[4.442s]   531 |         [01;36m[Koperator[m[K=(_Functor&& __f)
[4.443s]       |         [01;36m[K^~~~~~~~[m[K
[4.443s] [01m[K/usr/include/c++/13/bits/std_function.h:531:9:[m[K [01;36m[Knote: [m[K  template argument deduction/substitution failed:
[4.443s] /usr/include/c++/13/type_traits: In substitution of ‘[01m[Ktemplate<bool _Cond, class _Tp> using std::__enable_if_t = typename std::enable_if::type [35m[K[with bool _Cond = false; _Tp = std::function<void(std::shared_ptr<rclcpp_action::ClientGoalHandle<action_tutorials_interfaces::action::Assignment1RT2> >, std::shared_ptr<const action_tutorials_interfaces::action::Assignment1RT2_Feedback_<std::allocator<void> > >)>&][m[K[m[K’:
[4.443s] [01m[K/usr/include/c++/13/bits/std_function.h:353:8:[m[K   required by substitution of ‘[01m[Ktemplate<class _Res, class ... _ArgTypes> template<class _Cond, class _Tp> using std::function<_Res(_ArgTypes ...)>::_Requires = std::__enable_if_t<_Cond::value, _Tp> [35m[K[with _Cond = std::function<void(std::shared_ptr<rclcpp_action::ClientGoalHandle<action_tutorials_interfaces::action::Assignment1RT2> >, std::shared_ptr<const action_tutorials_interfaces::action::Assignment1RT2_Feedback_<std::allocator<void> > >)>::_Callable<std::_Bind<void (assignment_1_rt2::RobotActionClient::*(assignment_1_rt2::RobotActionClient*, std::_Placeholder<1>, std::_Placeholder<2>))(int, std::shared_ptr<const action_tutorials_interfaces::action::Assignment1RT2_Feedback_<std::allocator<void> > >)>, std::_Bind<void (assignment_1_rt2::RobotActionClient::*(assignment_1_rt2::RobotActionClient*, std::_Placeholder<1>, std::_Placeholder<2>))(int, std::shared_ptr<const action_tutorials_interfaces::action::Assignment1RT2_Feedback_<std::allocator<void> > >)>, std::__invoke_result<std::_Bind<void (assignment_1_rt2::RobotActionClient::*(assignment_1_rt2::RobotActionClient*, std::_Placeholder<1>, std::_Placeholder<2>))(int, std::shared_ptr<const action_tutorials_interfaces::action::Assignment1RT2_Feedback_<std::allocator<void> > >)>&, std::shared_ptr<rclcpp_action::ClientGoalHandle<action_tutorials_interfaces::action::Assignment1RT2> >, std::shared_ptr<const action_tutorials_interfaces::action::Assignment1RT2_Feedback_<std::allocator<void> > > > >; _Tp = std::function<void(std::shared_ptr<rclcpp_action::ClientGoalHandle<action_tutorials_interfaces::action::Assignment1RT2> >, std::shared_ptr<const action_tutorials_interfaces::action::Assignment1RT2_Feedback_<std::allocator<void> > >)>&; _Res = void; _ArgTypes = {std::shared_ptr<rclcpp_action::ClientGoalHandle<action_tutorials_interfaces::action::Assignment1RT2> >, std::shared_ptr<const action_tutorials_interfaces::action::Assignment1RT2_Feedback_<std::allocator<void> > >}][m[K[m[K’
[4.444s] [01m[K/usr/include/c++/13/bits/std_function.h:531:2:[m[K   required by substitution of ‘[01m[Ktemplate<class _Functor> std::function<void(std::shared_ptr<rclcpp_action::ClientGoalHandle<action_tutorials_interfaces::action::Assignment1RT2> >, std::shared_ptr<const action_tutorials_interfaces::action::Assignment1RT2_Feedback_<std::allocator<void> > >)>::_Requires<std::function<void(std::shared_ptr<rclcpp_action::ClientGoalHandle<action_tutorials_interfaces::action::Assignment1RT2> >, std::shared_ptr<const action_tutorials_interfaces::action::Assignment1RT2_Feedback_<std::allocator<void> > >)>::_Callable<_Functor, typename std::enable_if<(! std::is_same<typename std::remove_cv<typename std::remove_reference<_Tp>::type>::type, std::function<void(std::shared_ptr<rclcpp_action::ClientGoalHandle<action_tutorials_interfaces::action::Assignment1RT2> >, std::shared_ptr<const action_tutorials_interfaces::action::Assignment1RT2_Feedback_<std::allocator<void> > >)> >::value), std::decay<_Ex> >::type::type, std::__invoke_result<typename std::enable_if<(! std::is_same<typename std::remove_cv<typename std::remove_reference<_Tp>::type>::type, std::function<void(std::shared_ptr<rclcpp_action::ClientGoalHandle<action_tutorials_interfaces::action::Assignment1RT2> >, std::shared_ptr<const action_tutorials_interfaces::action::Assignment1RT2_Feedback_<std::allocator<void> > >)> >::value), std::decay<_Ex> >::type::type&, std::shared_ptr<rclcpp_action::ClientGoalHandle<action_tutorials_interfaces::action::Assignment1RT2> >, std::shared_ptr<const action_tutorials_interfaces::action::Assignment1RT2_Feedback_<std::allocator<void> > > > >, std::function<void(std::shared_ptr<rclcpp_action::ClientGoalHandle<action_tutorials_interfaces::action::Assignment1RT2> >, std::shared_ptr<const action_tutorials_interfaces::action::Assignment1RT2_Feedback_<std::allocator<void> > >)>&> std::function<void(std::shared_ptr<rclcpp_action::ClientGoalHandle<action_tutorials_interfaces::action::Assignment1RT2> >, std::shared_ptr<const action_tutorials_interfaces::action::Assignment1RT2_Feedback_<std::allocator<void> > >)>::[01;32m[Koperator=[m[K(_Functor&&) [35m[K[with _Functor = std::_Bind<void (assignment_1_rt2::RobotActionClient::*(assignment_1_rt2::RobotActionClient*, std::_Placeholder<1>, std::_Placeholder<2>))(int, std::shared_ptr<const action_tutorials_interfaces::action::Assignment1RT2_Feedback_<std::allocator<void> > >)>][m[K[m[K’
[4.444s] [01m[K/home/ubuntu/ros_workspace/src/assignment_1_rt2/src/action_client.cpp:50:112:[m[K   required from here
[4.444s] [01m[K/usr/include/c++/13/type_traits:116:11:[m[K [01;31m[Kerror: [m[Kno type named ‘[01m[Ktype[m[K’ in ‘[01m[Kstruct std::enable_if<false, std::function<void(std::shared_ptr<rclcpp_action::ClientGoalHandle<action_tutorials_interfaces::action::Assignment1RT2> >, std::shared_ptr<const action_tutorials_interfaces::action::Assignment1RT2_Feedback_<std::allocator<void> > >)>&>[m[K’
[4.444s]   116 |     using [01;31m[K__enable_if_t[m[K = typename enable_if<_Cond, _Tp>::type;
[4.444s]       |           [01;31m[K^~~~~~~~~~~~~[m[K
[4.445s] [01m[K/usr/include/c++/13/bits/std_function.h:541:9:[m[K [01;36m[Knote: [m[Kcandidate: ‘[01m[Ktemplate<class _Functor> std::function<_Res(_ArgTypes ...)>& std::function<_Res(_ArgTypes ...)>::[01;32m[Koperator=[m[K(std::reference_wrapper<_Functor>) [35m[K[with _Res = void; _ArgTypes = {std::shared_ptr<rclcpp_action::ClientGoalHandle<action_tutorials_interfaces::action::Assignment1RT2> >, std::shared_ptr<const action_tutorials_interfaces::action::Assignment1RT2_Feedback_<std::allocator<void> > >}][m[K[m[K’
[4.445s]   541 |         [01;36m[Koperator[m[K=(reference_wrapper<_Functor> __f) noexcept
[4.445s]       |         [01;36m[K^~~~~~~~[m[K
[4.445s] [01m[K/usr/include/c++/13/bits/std_function.h:541:9:[m[K [01;36m[Knote: [m[K  template argument deduction/substitution failed:
[4.445s] [01m[K/home/ubuntu/ros_workspace/src/assignment_1_rt2/src/action_client.cpp:50:112:[m[K [01;36m[Knote: [m[K  ‘[01m[Kstd::_Bind<void (assignment_1_rt2::RobotActionClient::*(assignment_1_rt2::RobotActionClient*, std::_Placeholder<1>, std::_Placeholder<2>))(int, std::shared_ptr<const action_tutorials_interfaces::action::Assignment1RT2_Feedback_<std::allocator<void> > >)>[m[K’ is not derived from ‘[01m[Kstd::reference_wrapper<_Tp>[m[K’
[4.445s]    50 |             std::bind(&RobotActionClient::feedback_callback, this, std::placeholders::_1, std::placeholders::_2[01;36m[K)[m[K;
[4.445s]       |                                                                                                                [01;36m[K^[m[K
[4.445s] [01m[K/usr/include/c++/13/bits/std_function.h:469:7:[m[K [01;36m[Knote: [m[Kcandidate: ‘[01m[Kstd::function<_Res(_ArgTypes ...)>& std::function<_Res(_ArgTypes ...)>::[01;32m[Koperator=[m[K(const std::function<_Res(_ArgTypes ...)>&) [35m[K[with _Res = void; _ArgTypes = {std::shared_ptr<rclcpp_action::ClientGoalHandle<action_tutorials_interfaces::action::Assignment1RT2> >, std::shared_ptr<const action_tutorials_interfaces::action::Assignment1RT2_Feedback_<std::allocator<void> > >}][m[K[m[K’
[4.445s]   469 |       [01;36m[Koperator[m[K=(const function& __x)
[4.445s]       |       [01;36m[K^~~~~~~~[m[K
[4.445s] [01m[K/usr/include/c++/13/bits/std_function.h:469:33:[m[K [01;36m[Knote: [m[K  no known conversion for argument 1 from ‘[01m[Kstd::_Bind_helper<false, void (assignment_1_rt2::RobotActionClient::*)(int, std::shared_ptr<const action_tutorials_interfaces::action::Assignment1RT2_Feedback_<std::allocator<void> > >), assignment_1_rt2::RobotActionClient*, const std::_Placeholder<1>&, const std::_Placeholder<2>&>::type[m[K’ to ‘[01m[Kconst std::function<void(std::shared_ptr<rclcpp_action::ClientGoalHandle<action_tutorials_interfaces::action::Assignment1RT2> >, std::shared_ptr<const action_tutorials_interfaces::action::Assignment1RT2_Feedback_<std::allocator<void> > >)>&[m[K’
[4.445s]   469 |       operator=([01;36m[Kconst function& __x[m[K)
[4.445s]       |                 [01;36m[K~~~~~~~~~~~~~~~~^~~[m[K
[4.446s] [01m[K/usr/include/c++/13/bits/std_function.h:487:7:[m[K [01;36m[Knote: [m[Kcandidate: ‘[01m[Kstd::function<_Res(_ArgTypes ...)>& std::function<_Res(_ArgTypes ...)>::[01;32m[Koperator=[m[K(std::function<_Res(_ArgTypes ...)>&&) [35m[K[with _Res = void; _ArgTypes = {std::shared_ptr<rclcpp_action::ClientGoalHandle<action_tutorials_interfaces::action::Assignment1RT2> >, std::shared_ptr<const action_tutorials_interfaces::action::Assignment1RT2_Feedback_<std::allocator<void> > >}][m[K[m[K’
[4.446s]   487 |       [01;36m[Koperator[m[K=(function&& __x) noexcept
[4.446s]       |       [01;36m[K^~~~~~~~[m[K
[4.446s] [01m[K/usr/include/c++/13/bits/std_function.h:487:28:[m[K [01;36m[Knote: [m[K  no known conversion for argument 1 from ‘[01m[Kstd::_Bind_helper<false, void (assignment_1_rt2::RobotActionClient::*)(int, std::shared_ptr<const action_tutorials_interfaces::action::Assignment1RT2_Feedback_<std::allocator<void> > >), assignment_1_rt2::RobotActionClient*, const std::_Placeholder<1>&, const std::_Placeholder<2>&>::type[m[K’ to ‘[01m[Kstd::function<void(std::shared_ptr<rclcpp_action::ClientGoalHandle<action_tutorials_interfaces::action::Assignment1RT2> >, std::shared_ptr<const action_tutorials_interfaces::action::Assignment1RT2_Feedback_<std::allocator<void> > >)>&&[m[K’
[4.446s]   487 |       operator=([01;36m[Kfunction&& __x[m[K) noexcept
[4.446s]       |                 [01;36m[K~~~~~~~~~~~^~~[m[K
[4.446s] [01m[K/usr/include/c++/13/bits/std_function.h:501:7:[m[K [01;36m[Knote: [m[Kcandidate: ‘[01m[Kstd::function<_Res(_ArgTypes ...)>& std::function<_Res(_ArgTypes ...)>::[01;32m[Koperator=[m[K(std::nullptr_t) [35m[K[with _Res = void; _ArgTypes = {std::shared_ptr<rclcpp_action::ClientGoalHandle<action_tutorials_interfaces::action::Assignment1RT2> >, std::shared_ptr<const action_tutorials_interfaces::action::Assignment1RT2_Feedback_<std::allocator<void> > >}; std::nullptr_t = std::nullptr_t][m[K[m[K’
[4.446s]   501 |       [01;36m[Koperator[m[K=(nullptr_t) noexcept
[4.446s]       |       [01;36m[K^~~~~~~~[m[K
[4.446s] [01m[K/usr/include/c++/13/bits/std_function.h:501:17:[m[K [01;36m[Knote: [m[K  no known conversion for argument 1 from ‘[01m[Kstd::_Bind_helper<false, void (assignment_1_rt2::RobotActionClient::*)(int, std::shared_ptr<const action_tutorials_interfaces::action::Assignment1RT2_Feedback_<std::allocator<void> > >), assignment_1_rt2::RobotActionClient*, const std::_Placeholder<1>&, const std::_Placeholder<2>&>::type[m[K’ to ‘[01m[Kstd::nullptr_t[m[K’
[4.446s]   501 |       operator=([01;36m[Knullptr_t[m[K) noexcept
[4.446s]       |                 [01;36m[K^~~~~~~~~[m[K
[4.446s] [01m[K/home/ubuntu/ros_workspace/src/assignment_1_rt2/src/action_client.cpp:53:91:[m[K [01;31m[Kerror: [m[Kno match for ‘[01m[Koperator=[m[K’ (operand types are ‘[01m[Krclcpp_action::Client<action_tutorials_interfaces::action::Assignment1RT2>::ResultCallback[m[K’ {aka ‘[01m[Kstd::function<void(const rclcpp_action::ClientGoalHandle<action_tutorials_interfaces::action::Assignment1RT2>::WrappedResult&)>[m[K’} and ‘[01m[Kstd::_Bind_helper<false, void (assignment_1_rt2::RobotActionClient::*)(const int&), assignment_1_rt2::RobotActionClient*, const std::_Placeholder<1>&>::type[m[K’)
[4.446s]    53 |             std::bind(&RobotActionClient::get_result_callback, this, std::placeholders::_1[01;31m[K)[m[K;
[4.446s]       |                                                                                           [01;31m[K^[m[K
[4.446s] [01m[K/usr/include/c++/13/bits/std_function.h:531:9:[m[K [01;36m[Knote: [m[Kcandidate: ‘[01m[Ktemplate<class _Functor> std::function<_Res(_ArgTypes ...)>::_Requires<std::function<_Res(_ArgTypes ...)>::_Callable<_Functor>, std::function<_Res(_ArgTypes ...)>&> std::function<_Res(_ArgTypes ...)>::[01;32m[Koperator=[m[K(_Functor&&) [35m[K[with _Res = void; _ArgTypes = {const rclcpp_action::ClientGoalHandle<action_tutorials_interfaces::action::Assignment1RT2>::WrappedResult&}][m[K[m[K’
[4.447s]   531 |         [01;36m[Koperator[m[K=(_Functor&& __f)
[4.447s]       |         [01;36m[K^~~~~~~~[m[K
[4.447s] [01m[K/usr/include/c++/13/bits/std_function.h:531:9:[m[K [01;36m[Knote: [m[K  template argument deduction/substitution failed:
[4.447s] /usr/include/c++/13/type_traits: In substitution of ‘[01m[Ktemplate<bool _Cond, class _Tp> using std::__enable_if_t = typename std::enable_if::type [35m[K[with bool _Cond = false; _Tp = std::function<void(const rclcpp_action::ClientGoalHandle<action_tutorials_interfaces::action::Assignment1RT2>::WrappedResult&)>&][m[K[m[K’:
[4.447s] [01m[K/usr/include/c++/13/bits/std_function.h:353:8:[m[K   required by substitution of ‘[01m[Ktemplate<class _Res, class ... _ArgTypes> template<class _Cond, class _Tp> using std::function<_Res(_ArgTypes ...)>::_Requires = std::__enable_if_t<_Cond::value, _Tp> [35m[K[with _Cond = std::function<void(const rclcpp_action::ClientGoalHandle<action_tutorials_interfaces::action::Assignment1RT2>::WrappedResult&)>::_Callable<std::_Bind<void (assignment_1_rt2::RobotActionClient::*(assignment_1_rt2::RobotActionClient*, std::_Placeholder<1>))(const int&)>, std::_Bind<void (assignment_1_rt2::RobotActionClient::*(assignment_1_rt2::RobotActionClient*, std::_Placeholder<1>))(const int&)>, std::__invoke_result<std::_Bind<void (assignment_1_rt2::RobotActionClient::*(assignment_1_rt2::RobotActionClient*, std::_Placeholder<1>))(const int&)>&, const rclcpp_action::ClientGoalHandle<action_tutorials_interfaces::action::Assignment1RT2>::WrappedResult&> >; _Tp = std::function<void(const rclcpp_action::ClientGoalHandle<action_tutorials_interfaces::action::Assignment1RT2>::WrappedResult&)>&; _Res = void; _ArgTypes = {const rclcpp_action::ClientGoalHandle<action_tutorials_interfaces::action::Assignment1RT2>::WrappedResult&}][m[K[m[K’
[4.447s] [01m[K/usr/include/c++/13/bits/std_function.h:531:2:[m[K   required by substitution of ‘[01m[Ktemplate<class _Functor> std::function<void(const rclcpp_action::ClientGoalHandle<action_tutorials_interfaces::action::Assignment1RT2>::WrappedResult&)>::_Requires<std::function<void(const rclcpp_action::ClientGoalHandle<action_tutorials_interfaces::action::Assignment1RT2>::WrappedResult&)>::_Callable<_Functor, typename std::enable_if<(! std::is_same<typename std::remove_cv<typename std::remove_reference<_Tp>::type>::type, std::function<void(const rclcpp_action::ClientGoalHandle<action_tutorials_interfaces::action::Assignment1RT2>::WrappedResult&)> >::value), std::decay<_Ex> >::type::type, std::__invoke_result<typename std::enable_if<(! std::is_same<typename std::remove_cv<typename std::remove_reference<_Tp>::type>::type, std::function<void(const rclcpp_action::ClientGoalHandle<action_tutorials_interfaces::action::Assignment1RT2>::WrappedResult&)> >::value), std::decay<_Ex> >::type::type&, const rclcpp_action::ClientGoalHandle<action_tutorials_interfaces::action::Assignment1RT2>::WrappedResult&> >, std::function<void(const rclcpp_action::ClientGoalHandle<action_tutorials_interfaces::action::Assignment1RT2>::WrappedResult&)>&> std::function<void(const rclcpp_action::ClientGoalHandle<action_tutorials_interfaces::action::Assignment1RT2>::WrappedResult&)>::[01;32m[Koperator=[m[K(_Functor&&) [35m[K[with _Functor = std::_Bind<void (assignment_1_rt2::RobotActionClient::*(assignment_1_rt2::RobotActionClient*, std::_Placeholder<1>))(const int&)>][m[K[m[K’
[4.447s] [01m[K/home/ubuntu/ros_workspace/src/assignment_1_rt2/src/action_client.cpp:53:91:[m[K   required from here
[4.447s] [01m[K/usr/include/c++/13/type_traits:116:11:[m[K [01;31m[Kerror: [m[Kno type named ‘[01m[Ktype[m[K’ in ‘[01m[Kstruct std::enable_if<false, std::function<void(const rclcpp_action::ClientGoalHandle<action_tutorials_interfaces::action::Assignment1RT2>::WrappedResult&)>&>[m[K’
[4.447s]   116 |     using [01;31m[K__enable_if_t[m[K = typename enable_if<_Cond, _Tp>::type;
[4.447s]       |           [01;31m[K^~~~~~~~~~~~~[m[K
[4.447s] [01m[K/usr/include/c++/13/bits/std_function.h:541:9:[m[K [01;36m[Knote: [m[Kcandidate: ‘[01m[Ktemplate<class _Functor> std::function<_Res(_ArgTypes ...)>& std::function<_Res(_ArgTypes ...)>::[01;32m[Koperator=[m[K(std::reference_wrapper<_Functor>) [35m[K[with _Res = void; _ArgTypes = {const rclcpp_action::ClientGoalHandle<action_tutorials_interfaces::action::Assignment1RT2>::WrappedResult&}][m[K[m[K’
[4.447s]   541 |         [01;36m[Koperator[m[K=(reference_wrapper<_Functor> __f) noexcept
[4.448s]       |         [01;36m[K^~~~~~~~[m[K
[4.448s] [01m[K/usr/include/c++/13/bits/std_function.h:541:9:[m[K [01;36m[Knote: [m[K  template argument deduction/substitution failed:
[4.448s] [01m[K/home/ubuntu/ros_workspace/src/assignment_1_rt2/src/action_client.cpp:53:91:[m[K [01;36m[Knote: [m[K  ‘[01m[Kstd::_Bind<void (assignment_1_rt2::RobotActionClient::*(assignment_1_rt2::RobotActionClient*, std::_Placeholder<1>))(const int&)>[m[K’ is not derived from ‘[01m[Kstd::reference_wrapper<_Tp>[m[K’
[4.448s]    53 |             std::bind(&RobotActionClient::get_result_callback, this, std::placeholders::_1[01;36m[K)[m[K;
[4.448s]       |                                                                                           [01;36m[K^[m[K
[4.448s] [01m[K/usr/include/c++/13/bits/std_function.h:469:7:[m[K [01;36m[Knote: [m[Kcandidate: ‘[01m[Kstd::function<_Res(_ArgTypes ...)>& std::function<_Res(_ArgTypes ...)>::[01;32m[Koperator=[m[K(const std::function<_Res(_ArgTypes ...)>&) [35m[K[with _Res = void; _ArgTypes = {const rclcpp_action::ClientGoalHandle<action_tutorials_interfaces::action::Assignment1RT2>::WrappedResult&}][m[K[m[K’
[4.448s]   469 |       [01;36m[Koperator[m[K=(const function& __x)
[4.448s]       |       [01;36m[K^~~~~~~~[m[K
[4.448s] [01m[K/usr/include/c++/13/bits/std_function.h:469:33:[m[K [01;36m[Knote: [m[K  no known conversion for argument 1 from ‘[01m[Kstd::_Bind_helper<false, void (assignment_1_rt2::RobotActionClient::*)(const int&), assignment_1_rt2::RobotActionClient*, const std::_Placeholder<1>&>::type[m[K’ to ‘[01m[Kconst std::function<void(const rclcpp_action::ClientGoalHandle<action_tutorials_interfaces::action::Assignment1RT2>::WrappedResult&)>&[m[K’
[4.448s]   469 |       operator=([01;36m[Kconst function& __x[m[K)
[4.448s]       |                 [01;36m[K~~~~~~~~~~~~~~~~^~~[m[K
[4.448s] [01m[K/usr/include/c++/13/bits/std_function.h:487:7:[m[K [01;36m[Knote: [m[Kcandidate: ‘[01m[Kstd::function<_Res(_ArgTypes ...)>& std::function<_Res(_ArgTypes ...)>::[01;32m[Koperator=[m[K(std::function<_Res(_ArgTypes ...)>&&) [35m[K[with _Res = void; _ArgTypes = {const rclcpp_action::ClientGoalHandle<action_tutorials_interfaces::action::Assignment1RT2>::WrappedResult&}][m[K[m[K’
[4.448s]   487 |       [01;36m[Koperator[m[K=(function&& __x) noexcept
[4.448s]       |       [01;36m[K^~~~~~~~[m[K
[4.448s] [01m[K/usr/include/c++/13/bits/std_function.h:487:28:[m[K [01;36m[Knote: [m[K  no known conversion for argument 1 from ‘[01m[Kstd::_Bind_helper<false, void (assignment_1_rt2::RobotActionClient::*)(const int&), assignment_1_rt2::RobotActionClient*, const std::_Placeholder<1>&>::type[m[K’ to ‘[01m[Kstd::function<void(const rclcpp_action::ClientGoalHandle<action_tutorials_interfaces::action::Assignment1RT2>::WrappedResult&)>&&[m[K’
[4.448s]   487 |       operator=([01;36m[Kfunction&& __x[m[K) noexcept
[4.448s]       |                 [01;36m[K~~~~~~~~~~~^~~[m[K
[4.448s] [01m[K/usr/include/c++/13/bits/std_function.h:501:7:[m[K [01;36m[Knote: [m[Kcandidate: ‘[01m[Kstd::function<_Res(_ArgTypes ...)>& std::function<_Res(_ArgTypes ...)>::[01;32m[Koperator=[m[K(std::nullptr_t) [35m[K[with _Res = void; _ArgTypes = {const rclcpp_action::ClientGoalHandle<action_tutorials_interfaces::action::Assignment1RT2>::WrappedResult&}; std::nullptr_t = std::nullptr_t][m[K[m[K’
[4.449s]   501 |       [01;36m[Koperator[m[K=(nullptr_t) noexcept
[4.449s]       |       [01;36m[K^~~~~~~~[m[K
[4.449s] [01m[K/usr/include/c++/13/bits/std_function.h:501:17:[m[K [01;36m[Knote: [m[K  no known conversion for argument 1 from ‘[01m[Kstd::_Bind_helper<false, void (assignment_1_rt2::RobotActionClient::*)(const int&), assignment_1_rt2::RobotActionClient*, const std::_Placeholder<1>&>::type[m[K’ to ‘[01m[Kstd::nullptr_t[m[K’
[4.449s]   501 |       operator=([01;36m[Knullptr_t[m[K) noexcept
[4.449s]       |                 [01;36m[K^~~~~~~~~[m[K
[4.450s] In file included from [01m[K/opt/ros/jazzy/include/rclcpp/rclcpp/logging.hpp:24[m[K:
[4.450s] [01m[K/home/ubuntu/ros_workspace/src/assignment_1_rt2/src/action_client.cpp:[m[K In member function ‘[01m[Kvoid assignment_1_rt2::RobotActionClient::[01;32m[Kfeedback_callback[m[K(int, std::shared_ptr<const action_tutorials_interfaces::action::Assignment1RT2_Feedback_<std::allocator<void> > >)[m[K’:
[4.451s] [01m[K/home/ubuntu/ros_workspace/src/assignment_1_rt2/src/action_client.cpp:96:76:[m[K [01;31m[Kerror: [m[K‘[01m[Kusing std::__shared_ptr_access<const action_tutorials_interfaces::action::Assignment1RT2_Feedback_<std::allocator<void> >, __gnu_cxx::_S_atomic, false, false>::element_type = const struct action_tutorials_interfaces::action::Assignment1RT2_Feedback_<std::allocator<void> >[m[K’ {aka ‘[01m[Kconst struct action_tutorials_interfaces::action::Assignment1RT2_Feedback_<std::allocator<void> >[m[K’} has no member named ‘[01m[Kmoving[m[K’
[4.451s]    96 |         RCLCPP_INFO(this->get_logger(), "Received feedback: %f", feedback->[01;31m[Kmoving[m[K);
[4.451s]       |                                                                            [01;31m[K^~~~~~[m[K
[4.451s] [01m[K/home/ubuntu/ros_workspace/src/assignment_1_rt2/src/action_client.cpp:[m[K In member function ‘[01m[Kvoid assignment_1_rt2::RobotActionClient::[01;32m[Kget_result_callback[m[K(const int&)[m[K’:
[4.451s] [01m[K/home/ubuntu/ros_workspace/src/assignment_1_rt2/src/action_client.cpp:101:24:[m[K [01;31m[Kerror: [m[Krequest for member ‘[01m[Kcode[m[K’ in ‘[01m[Kresult[m[K’, which is of non-class type ‘[01m[Kconst int[m[K’
[4.451s]   101 |         switch (result.[01;31m[Kcode[m[K) {
[4.451s]       |                        [01;31m[K^~~~[m[K
[4.451s] [01m[K/home/ubuntu/ros_workspace/src/assignment_1_rt2/src/action_client.cpp:103:86:[m[K [01;31m[Kerror: [m[Krequest for member ‘[01m[Kresult[m[K’ in ‘[01m[Kresult[m[K’, which is of non-class type ‘[01m[Kconst int[m[K’
[4.451s]   103 |                 RCLCPP_INFO(this->get_logger(), "Goal succeeded. Result: %s", result.[01;31m[Kresult[m[K->final.c_str());
[4.451s]       |                                                                                      [01;31m[K^~~~~~[m[K
[4.610s] [01m[K/home/ubuntu/ros_workspace/src/assignment_1_rt2/src/action_server.cpp:254:2:[m[K [01;31m[Kerror: [m[Kexpected ‘[01m[K;[m[K’ after class definition
[4.611s]   254 | }
[4.611s]       |  [01;31m[K^[m[K
[4.611s]       |  [32m[K;[m[K
[4.618s] [01m[K/home/ubuntu/ros_workspace/src/assignment_1_rt2/src/action_server.cpp:[m[K In constructor ‘[01m[Kassignment_1_rt2::RobotActionServer::[01;32m[KRobotActionServer[m[K(const rclcpp::NodeOptions&)[m[K’:
[4.618s] [01m[K/home/ubuntu/ros_workspace/src/assignment_1_rt2/src/action_server.cpp:43:5:[m[K [01;31m[Kerror: [m[K‘[01m[Kcb_group_[m[K’ was not declared in this scope
[4.619s]    43 |     [01;31m[Kcb_group_[m[K = this->create_callback_group(rclcpp::CallbackGroupType::Reentrant);
[4.619s]       |     [01;31m[K^~~~~~~~~[m[K
[4.630s] [01m[K/home/ubuntu/ros_workspace/src/assignment_1_rt2/src/action_server.cpp:47:5:[m[K [01;31m[Kerror: [m[K‘[01m[Kpublisher_1_[m[K’ was not declared in this scope
[4.630s]    47 |     [01;31m[Kpublisher_1_[m[K = this->create_publisher<geometry_msgs::msg::Twist>("/cmd_vel", 10);
[4.630s]       |     [01;31m[K^~~~~~~~~~~~[m[K
[4.643s] [01m[K/home/ubuntu/ros_workspace/src/assignment_1_rt2/src/action_server.cpp:48:5:[m[K [01;31m[Kerror: [m[K‘[01m[Ktf_broadcaster_[m[K’ was not declared in this scope
[4.643s]    48 |     [01;31m[Ktf_broadcaster_[m[K = std::make_shared<tf2_ros::TransformBroadcaster>(this);
[4.643s]       |     [01;31m[K^~~~~~~~~~~~~~~[m[K
[4.653s] [01m[K/home/ubuntu/ros_workspace/src/assignment_1_rt2/src/action_server.cpp:50:5:[m[K [01;31m[Kerror: [m[K‘[01m[Ksubscribe_[m[K’ was not declared in this scope
[4.653s]    50 |     [01;31m[Ksubscribe_[m[K = this->create_subscription<nav_msgs::msg::Odometry>(
[4.653s]       |     [01;31m[K^~~~~~~~~~[m[K
[4.653s] [01m[K/home/ubuntu/ros_workspace/src/assignment_1_rt2/src/action_server.cpp:51:50:[m[K [01;31m[Kerror: [m[K‘[01m[Ktopic_callback[m[K’ is not a member of ‘[01m[Kassignment_1_rt2::RobotActionServer[m[K’
[4.653s]    51 |       "/odom", 10, std::bind(&RobotActionServer::[01;31m[Ktopic_callback[m[K, this, _1),sub_opts);
[4.654s]       |                                                  [01;31m[K^~~~~~~~~~~~~~[m[K
[4.666s] [01m[K/home/ubuntu/ros_workspace/src/assignment_1_rt2/src/action_server.cpp:53:5:[m[K [01;31m[Kerror: [m[K‘[01m[Ksubscribe_user_interface_[m[K’ was not declared in this scope
[4.666s]    53 |     [01;31m[Ksubscribe_user_interface_[m[K = this->create_subscription<std_msgs::msg::String>(
[4.666s]       |     [01;31m[K^~~~~~~~~~~~~~~~~~~~~~~~~[m[K
[4.667s] [01m[K/home/ubuntu/ros_workspace/src/assignment_1_rt2/src/action_server.cpp:54:60:[m[K [01;31m[Kerror: [m[K‘[01m[Kuser_interface_callback[m[K’ is not a member of ‘[01m[Kassignment_1_rt2::RobotActionServer[m[K’
[4.667s]    54 |       "/user_interface", 10, std::bind(&RobotActionServer::[01;31m[Kuser_interface_callback[m[K, this, _1),sub_opts);
[4.667s]       |                                                            [01;31m[K^~~~~~~~~~~~~~~~~~~~~~~[m[K
[4.675s] [01m[K/home/ubuntu/ros_workspace/src/assignment_1_rt2/src/action_server.cpp:56:5:[m[K [01;31m[Kerror: [m[K‘[01m[Kaction_server_[m[K’ was not declared in this scope; did you mean ‘[01m[Krcl_action_server_t[m[K’?
[4.675s]    56 |     [01;31m[Kaction_server_[m[K = rclcpp_action::create_server<Assignment1RT2>(
[4.675s]       |     [01;31m[K^~~~~~~~~~~~~~[m[K
[4.676s]       |     [32m[Krcl_action_server_t[m[K
[4.676s] [01m[K/home/ubuntu/ros_workspace/src/assignment_1_rt2/src/action_server.cpp:59:37:[m[K [01;31m[Kerror: [m[K‘[01m[Khandle_goal[m[K’ is not a member of ‘[01m[Kassignment_1_rt2::RobotActionServer[m[K’
[4.676s]    59 |       std::bind(&RobotActionServer::[01;31m[Khandle_goal[m[K, this, _1, _2),
[4.676s]       |                                     [01;31m[K^~~~~~~~~~~[m[K
[4.676s] [01m[K/home/ubuntu/ros_workspace/src/assignment_1_rt2/src/action_server.cpp:60:37:[m[K [01;31m[Kerror: [m[K‘[01m[Khandle_cancel[m[K’ is not a member of ‘[01m[Kassignment_1_rt2::RobotActionServer[m[K’
[4.676s]    60 |       std::bind(&RobotActionServer::[01;31m[Khandle_cancel[m[K, this, _1),
[4.676s]       |                                     [01;31m[K^~~~~~~~~~~~~[m[K
[4.676s] [01m[K/home/ubuntu/ros_workspace/src/assignment_1_rt2/src/action_server.cpp:61:37:[m[K [01;31m[Kerror: [m[K‘[01m[Khandle_accepted[m[K’ is not a member of ‘[01m[Kassignment_1_rt2::RobotActionServer[m[K’
[4.676s]    61 |       std::bind(&RobotActionServer::[01;31m[Khandle_accepted[m[K, this, _1),
[4.676s]       |                                     [01;31m[K^~~~~~~~~~~~~~~[m[K
[4.677s] [01m[K/home/ubuntu/ros_workspace/src/assignment_1_rt2/src/action_server.cpp:[m[K In lambda function:
[4.678s] [01m[K/home/ubuntu/ros_workspace/src/assignment_1_rt2/src/action_server.cpp:90:9:[m[K [01;31m[Kerror: [m[K‘[01m[Ktf_broadcaster_[m[K’ is not captured
[4.678s]    90 |         [01;31m[Ktf_broadcaster_[m[K->sendTransform(t);
[4.678s]       |         [01;31m[K^~~~~~~~~~~~~~~[m[K
[4.678s] [01m[K/home/ubuntu/ros_workspace/src/assignment_1_rt2/src/action_server.cpp:66:35:[m[K [01;36m[Knote: [m[Kthe lambda has no capture-default
[4.678s]    66 |     auto handle_robot_pose = [this[01;36m[K][m[K(const std::shared_ptr<const nav_msgs::msg::Odometry> msg){
[4.678s]       |                                   [01;36m[K^[m[K
[4.678s] [01m[K/home/ubuntu/ros_workspace/src/assignment_1_rt2/src/action_server.cpp:48:5:[m[K [01;36m[Knote: [m[K‘[01m[K<typeprefixerror>tf_broadcaster_[m[K’ declared here
[4.678s]    48 |     [01;36m[Ktf_broadcaster_[m[K = std::make_shared<tf2_ros::TransformBroadcaster>(this);
[4.678s]       |     [01;36m[K^~~~~~~~~~~~~~~[m[K
[4.678s] [01m[K/home/ubuntu/ros_workspace/src/assignment_1_rt2/src/action_server.cpp:[m[K In constructor ‘[01m[Kassignment_1_rt2::RobotActionServer::[01;32m[KRobotActionServer[m[K(const rclcpp::NodeOptions&)[m[K’:
[4.678s] [01m[K/home/ubuntu/ros_workspace/src/assignment_1_rt2/src/action_server.cpp:93:1:[m[K [01;31m[Kerror: [m[Kexpected primary-expression before ‘[01m[Kprivate[m[K’
[4.678s]    93 | [01;31m[Kprivate[m[K:
[4.678s]       | [01;31m[K^~~~~~~[m[K
[4.707s] [01m[K/home/ubuntu/ros_workspace/src/assignment_1_rt2/src/action_server.cpp:112:78:[m[K [01;31m[Kerror: [m[Ka function-definition is not allowed here before ‘[01m[K{[m[K’ token
[4.707s]   112 |     void user_interface_callback(const std_msgs::msg::String::SharedPtr msg) [01;31m[K{[m[K
[4.707s]       |                                                                              [01;31m[K^[m[K
[4.707s] [01m[K/home/ubuntu/ros_workspace/src/assignment_1_rt2/src/action_server.cpp:119:5:[m[K [01;31m[Kerror: [m[Ka function-definition is not allowed here before ‘[01m[K{[m[K’ token
[4.708s]   119 |     [01;31m[K{[m[K
[4.708s]       |     [01;31m[K^[m[K
[4.708s] [01m[K/home/ubuntu/ros_workspace/src/assignment_1_rt2/src/action_server.cpp:127:5:[m[K [01;31m[Kerror: [m[Ka function-definition is not allowed here before ‘[01m[K{[m[K’ token
[4.708s]   127 |     [01;31m[K{[m[K
[4.708s]       |     [01;31m[K^[m[K
[4.708s] [01m[K/home/ubuntu/ros_workspace/src/assignment_1_rt2/src/action_server.cpp:134:5:[m[K [01;31m[Kerror: [m[Ka function-definition is not allowed here before ‘[01m[K{[m[K’ token
[4.708s]   134 |     [01;31m[K{[m[K
[4.709s]       |     [01;31m[K^[m[K
[4.709s] [01m[K/home/ubuntu/ros_workspace/src/assignment_1_rt2/src/action_server.cpp:141:5:[m[K [01;31m[Kerror: [m[Ka function-definition is not allowed here before ‘[01m[K{[m[K’ token
[4.709s]   141 |     [01;31m[K{[m[K
[4.709s]       |     [01;31m[K^[m[K
[4.709s] [01m[K/home/ubuntu/ros_workspace/src/assignment_1_rt2/src/action_server.cpp:157:5:[m[K [01;31m[Kerror: [m[Ka function-definition is not allowed here before ‘[01m[K{[m[K’ token
[4.709s]   157 |     [01;31m[K{[m[K
[4.709s]       |     [01;31m[K^[m[K
[4.709s] [01m[K/home/ubuntu/ros_workspace/src/assignment_1_rt2/src/action_server.cpp:245:23:[m[K [01;31m[Kerror: [m[Ka function-definition is not allowed here before ‘[01m[K{[m[K’ token
[4.709s]   245 |     void stop_robot() [01;31m[K{[m[K
[4.709s]       |                       [01;31m[K^[m[K
[4.709s] [01m[K/home/ubuntu/ros_workspace/src/assignment_1_rt2/src/action_server.cpp:105:12:[m[K [01;35m[Kwarning: [m[Kunused variable ‘[01m[Kx_[m[K’ [[01;35m[K]8;;https://gcc.gnu.org/onlinedocs/gcc/Warning-Options.html#index-Wunused-variable-Wunused-variable]8;;[m[K]
[4.710s]   105 |     double [01;35m[Kx_[m[K = 0.0;
[4.710s]       |            [01;35m[K^~[m[K
[4.710s] [01m[K/home/ubuntu/ros_workspace/src/assignment_1_rt2/src/action_server.cpp:106:12:[m[K [01;35m[Kwarning: [m[Kunused variable ‘[01m[Ky_[m[K’ [[01;35m[K]8;;https://gcc.gnu.org/onlinedocs/gcc/Warning-Options.html#index-Wunused-variable-Wunused-variable]8;;[m[K]
[4.710s]   106 |     double [01;35m[Ky_[m[K = 0.0;
[4.710s]       |            [01;35m[K^~[m[K
[4.710s] [01m[K/home/ubuntu/ros_workspace/src/assignment_1_rt2/src/action_server.cpp:107:12:[m[K [01;35m[Kwarning: [m[Kunused variable ‘[01m[Ktheta_[m[K’ [[01;35m[K]8;;https://gcc.gnu.org/onlinedocs/gcc/Warning-Options.html#index-Wunused-variable-Wunused-variable]8;;[m[K]
[4.710s]   107 |     double [01;35m[Ktheta_[m[K = 0.0;
[4.710s]       |            [01;35m[K^~~~~~[m[K
[4.710s] [01m[K/home/ubuntu/ros_workspace/src/assignment_1_rt2/src/action_server.cpp:108:12:[m[K [01;35m[Kwarning: [m[Kunused variable ‘[01m[Kvelocity_linear_[m[K’ [[01;35m[K]8;;https://gcc.gnu.org/onlinedocs/gcc/Warning-Options.html#index-Wunused-variable-Wunused-variable]8;;[m[K]
[4.710s]   108 |     double [01;35m[Kvelocity_linear_[m[K = 0.0;
[4.710s]       |            [01;35m[K^~~~~~~~~~~~~~~~[m[K
[4.710s] [01m[K/home/ubuntu/ros_workspace/src/assignment_1_rt2/src/action_server.cpp:109:12:[m[K [01;35m[Kwarning: [m[Kunused variable ‘[01m[Ktolerance_[m[K’ [[01;35m[K]8;;https://gcc.gnu.org/onlinedocs/gcc/Warning-Options.html#index-Wunused-variable-Wunused-variable]8;;[m[K]
[4.710s]   109 |     double [01;35m[Ktolerance_[m[K = 0.0;
[4.710s]       |            [01;35m[K^~~~~~~~~~[m[K
[4.710s] [01m[K/home/ubuntu/ros_workspace/src/assignment_1_rt2/src/action_server.cpp:110:10:[m[K [01;35m[Kwarning: [m[Kunused variable ‘[01m[Krunning_[m[K’ [[01;35m[K]8;;https://gcc.gnu.org/onlinedocs/gcc/Warning-Options.html#index-Wunused-variable-Wunused-variable]8;;[m[K]
[4.710s]   110 |     bool [01;35m[Krunning_[m[K = false;
[4.711s]       |          [01;35m[K^~~~~~~~[m[K
[4.711s] In file included from [01m[K/opt/ros/jazzy/include/class_loader/class_loader/class_loader.hpp:56[m[K,
[4.711s]                  from [01m[K/opt/ros/jazzy/include/rclcpp_components/rclcpp_components/register_node_macro.hpp:18[m[K,
[4.711s]                  from [01m[K/home/ubuntu/ros_workspace/src/assignment_1_rt2/src/action_server.cpp:20[m[K:
[4.711s] [01m[K/home/ubuntu/ros_workspace/src/assignment_1_rt2/src/action_server.cpp:[m[K At global scope:
[4.711s] [01m[K/home/ubuntu/ros_workspace/src/assignment_1_rt2/src/action_server.cpp:255:1:[m[K [01;31m[Kerror: [m[Kexpected ‘[01m[K}[m[K’ at end of input
[4.711s]   255 | [01;31m[KRCLCPP_COMPONENTS_REGISTER_NODE[m[K(assignment_1_rt2::RobotActionServer)
[4.711s]       | [01;31m[K^~~~~~~~~~~~~~~~~~~~~~~~~~~~~~~[m[K
[4.711s] [01m[K/home/ubuntu/ros_workspace/src/assignment_1_rt2/src/action_server.cpp:33:1:[m[K [01;36m[Knote: [m[Kto match this ‘[01m[K{[m[K’
[4.711s]    33 | [01;36m[K{[m[K
[4.711s]       | [01;36m[K^[m[K
[5.588s] gmake[2]: *** [CMakeFiles/client.dir/build.make:76: CMakeFiles/client.dir/src/action_client.cpp.o] Error 1
[5.588s] gmake[1]: *** [CMakeFiles/Makefile2:143: CMakeFiles/client.dir/all] Error 2
[5.588s] gmake[1]: *** Waiting for unfinished jobs....
[6.454s] gmake[2]: *** [CMakeFiles/server.dir/build.make:76: CMakeFiles/server.dir/src/action_server.cpp.o] Error 1
[6.455s] gmake[1]: *** [CMakeFiles/Makefile2:169: CMakeFiles/server.dir/all] Error 2
[6.455s] gmake: *** [Makefile:146: all] Error 2
[6.459s] Invoked command in '/home/ubuntu/ros_workspace/build/assignment_1_rt2' returned '2': CMAKE_PREFIX_PATH=/home/ubuntu/ros_workspace/install/bme_gazebo_sensors:/home/ubuntu/ros_workspace/install/action_tutorials_interfaces:/home/ubuntu/ros_workspace/install/tutorial_1_action_cpp:/home/ubuntu/ros_workspace/install/robot_custom_msgs:/home/ubuntu/ros_workspace/install/ob_first_package_cpp:/home/ubuntu/ros_workspace/install/first_package_cpp:/home/ubuntu/ros_workspace/install/cmake_package:/home/ubuntu/ros_workspace/install/assignment_1_rt2:/home/ubuntu/ros_workspace/install/assignment1_rt:/home/ubuntu/ros_workspace/install/action_assignment:/opt/ros/jazzy/opt/gz_launch_vendor:/opt/ros/jazzy/opt/gz_sim_vendor:/opt/ros/jazzy/opt/gz_sensors_vendor:/opt/ros/jazzy/opt/gz_physics_vendor:/opt/ros/jazzy/opt/sdformat_vendor:/opt/ros/jazzy/opt/gz_gui_vendor:/opt/ros/jazzy/opt/gz_transport_vendor:/opt/ros/jazzy/opt/gz_rendering_vendor:/opt/ros/jazzy/opt/gz_plugin_vendor:/opt/ros/jazzy/opt/gz_fuel_tools_vendor:/opt/ros/jazzy/opt/gz_msgs_vendor:/opt/ros/jazzy/opt/gz_common_vendor:/opt/ros/jazzy/opt/gz_math_vendor:/opt/ros/jazzy/opt/gz_utils_vendor:/opt/ros/jazzy/opt/gz_tools_vendor:/opt/ros/jazzy/opt/gz_ogre_next_vendor:/opt/ros/jazzy/opt/gz_dartsim_vendor:/opt/ros/jazzy/opt/gz_cmake_vendor:/home/ubuntu/ros_workspace/install/tutorial_1_action:/home/ubuntu/ros_workspace/install/turtle_action_client:/home/ubuntu/ros_workspace/install/assignment2_rt_py:/home/ubuntu/ros_workspace/install/assignment1_rt_py:/home/ubuntu/ros_workspace/install/python_tf2_pkg:/home/ubuntu/ros_workspace/install/python_package:/home/ubuntu/ros_workspace/install/first_package_py:/home/ubuntu/ros_workspace/install/fibonacci:/home/ubuntu/ros_workspace/install/exam_example_2:/home/ubuntu/ros_workspace/install/exam_example:/opt/ros/jazzy LD_LIBRARY_PATH=/home/ubuntu/ros_workspace/install/action_tutorials_interfaces/lib:/home/ubuntu/ros_workspace/install/tutorial_1_action_cpp/lib:/home/ubuntu/ros_workspace/install/robot_custom_msgs/lib:/home/ubuntu/ros_workspace/install/first_package_cpp/lib:/opt/ros/jazzy/opt/gz_launch_vendor/lib:/opt/ros/jazzy/opt/gz_sim_vendor/lib:/opt/ros/jazzy/opt/gz_sensors_vendor/lib:/opt/ros/jazzy/opt/gz_physics_vendor/lib:/opt/ros/jazzy/opt/sdformat_vendor/lib:/opt/ros/jazzy/opt/rviz_ogre_vendor/lib:/opt/ros/jazzy/lib/x86_64-linux-gnu:/opt/ros/jazzy/opt/gz_gui_vendor/lib:/opt/ros/jazzy/opt/gz_transport_vendor/lib:/opt/ros/jazzy/opt/gz_rendering_vendor/lib:/opt/ros/jazzy/opt/gz_plugin_vendor/lib:/opt/ros/jazzy/opt/gz_fuel_tools_vendor/lib:/opt/ros/jazzy/opt/gz_msgs_vendor/lib:/opt/ros/jazzy/opt/gz_common_vendor/lib:/opt/ros/jazzy/opt/gz_math_vendor/lib:/opt/ros/jazzy/opt/gz_utils_vendor/lib:/opt/ros/jazzy/opt/gz_tools_vendor/lib:/opt/ros/jazzy/opt/gz_ogre_next_vendor/lib:/opt/ros/jazzy/opt/gz_dartsim_vendor/lib:/opt/ros/jazzy/opt/gz_cmake_vendor/lib:/opt/ros/jazzy/lib PYTHONPATH=/home/ubuntu/ros_workspace/install/action_tutorials_interfaces/lib/python3.12/site-packages:/home/ubuntu/ros_workspace/install/tutorial_1_action/lib/python3.12/site-packages:/home/ubuntu/ros_workspace/install/turtle_action_client/lib/python3.12/site-packages:/home/ubuntu/ros_workspace/install/assignment2_rt_py/lib/python3.12/site-packages:/home/ubuntu/ros_workspace/install/assignment1_rt_py/lib/python3.12/site-packages:/home/ubuntu/ros_workspace/install/robot_custom_msgs/lib/python3.12/site-packages:/home/ubuntu/ros_workspace/install/python_tf2_pkg/lib/python3.12/site-packages:/home/ubuntu/ros_workspace/install/python_package/lib/python3.12/site-packages:/home/ubuntu/ros_workspace/install/first_package_py/lib/python3.12/site-packages:/home/ubuntu/ros_workspace/install/fibonacci/lib/python3.12/site-packages:/home/ubuntu/ros_workspace/install/exam_example_2/lib/python3.12/site-packages:/home/ubuntu/ros_workspace/install/exam_example/lib/python3.12/site-packages:/opt/ros/jazzy/lib/python3.12/site-packages /usr/bin/cmake --build /home/ubuntu/ros_workspace/build/assignment_1_rt2 -- -j16 -l16
