[0.030s] Invoking command in '/home/ubuntu/ros_workspace/build/bme_gazebo_sensors': CMAKE_PREFIX_PATH=${CMAKE_PREFIX_PATH}:/home/ubuntu/ros_workspace/install/python_package:/opt/ros/jazzy /usr/bin/cmake /home/ubuntu/ros_workspace/src/bme_gazebo_sensors -DCMAKE_INSTALL_PREFIX=/home/ubuntu/ros_workspace/install/bme_gazebo_sensors
[0.268s] -- The C compiler identification is GNU 13.3.0
[0.413s] -- The CXX compiler identification is GNU 13.3.0
[0.446s] -- Detecting C compiler ABI info
[0.609s] -- Detecting C compiler ABI info - done
[0.617s] -- Check for working C compiler: /usr/bin/cc - skipped
[0.617s] -- Detecting C compile features
[0.618s] -- Detecting C compile features - done
[0.633s] -- Detecting CXX compiler ABI info
[0.781s] -- Detecting CXX compiler ABI info - done
[0.788s] -- Check for working CXX compiler: /usr/bin/c++ - skipped
[0.788s] -- Detecting CXX compile features
[0.789s] -- Detecting CXX compile features - done
[0.851s] -- Found ament_cmake: 2.5.4 (/opt/ros/jazzy/share/ament_cmake/cmake)
[1.057s] -- Found Python3: /usr/bin/python3 (found version "3.12.3") found components: Interpreter 
[1.292s] -- Found ament_lint_auto: 0.17.3 (/opt/ros/jazzy/share/ament_lint_auto/cmake)
[1.459s] -- Added test 'flake8' to check Python code syntax and style conventions
[1.459s] -- Configured 'flake8' exclude dirs and/or files: 
[1.463s] -- Added test 'lint_cmake' to check CMake code style
[1.466s] -- Added test 'pep257' to check Python code against some of the docstring style conventions in PEP 257
[1.476s] -- Added test 'xmllint' to check XML markup files
[1.481s] -- Configuring done (1.4s)
[1.490s] -- Generating done (0.0s)
[1.494s] -- Build files have been written to: /home/ubuntu/ros_workspace/build/bme_gazebo_sensors
[1.501s] Invoked command in '/home/ubuntu/ros_workspace/build/bme_gazebo_sensors' returned '0': CMAKE_PREFIX_PATH=${CMAKE_PREFIX_PATH}:/home/ubuntu/ros_workspace/install/python_package:/opt/ros/jazzy /usr/bin/cmake /home/ubuntu/ros_workspace/src/bme_gazebo_sensors -DCMAKE_INSTALL_PREFIX=/home/ubuntu/ros_workspace/install/bme_gazebo_sensors
[1.502s] Invoking command in '/home/ubuntu/ros_workspace/build/bme_gazebo_sensors': CMAKE_PREFIX_PATH=${CMAKE_PREFIX_PATH}:/home/ubuntu/ros_workspace/install/python_package:/opt/ros/jazzy /usr/bin/cmake --build /home/ubuntu/ros_workspace/build/bme_gazebo_sensors -- -j16 -l16
[1.564s] Invoked command in '/home/ubuntu/ros_workspace/build/bme_gazebo_sensors' returned '0': CMAKE_PREFIX_PATH=${CMAKE_PREFIX_PATH}:/home/ubuntu/ros_workspace/install/python_package:/opt/ros/jazzy /usr/bin/cmake --build /home/ubuntu/ros_workspace/build/bme_gazebo_sensors -- -j16 -l16
[1.580s] Invoking command in '/home/ubuntu/ros_workspace/build/bme_gazebo_sensors': CMAKE_PREFIX_PATH=${CMAKE_PREFIX_PATH}:/home/ubuntu/ros_workspace/install/python_package:/opt/ros/jazzy /usr/bin/cmake --install /home/ubuntu/ros_workspace/build/bme_gazebo_sensors
[1.593s] -- Install configuration: ""
[1.593s] -- Installing: /home/ubuntu/ros_workspace/install/bme_gazebo_sensors/share/bme_gazebo_sensors/launch
[1.595s] -- Installing: /home/ubuntu/ros_workspace/install/bme_gazebo_sensors/share/bme_gazebo_sensors/launch/world.launch.py
[1.595s] -- Installing: /home/ubuntu/ros_workspace/install/bme_gazebo_sensors/share/bme_gazebo_sensors/launch/spawn_robot.launch.py
[1.595s] -- Installing: /home/ubuntu/ros_workspace/install/bme_gazebo_sensors/share/bme_gazebo_sensors/worlds
[1.596s] -- Installing: /home/ubuntu/ros_workspace/install/bme_gazebo_sensors/share/bme_gazebo_sensors/worlds/my_world.sdf
[1.596s] -- Installing: /home/ubuntu/ros_workspace/install/bme_gazebo_sensors/share/bme_gazebo_sensors/worlds/world.sdf
[1.596s] -- Installing: /home/ubuntu/ros_workspace/install/bme_gazebo_sensors/share/bme_gazebo_sensors/worlds/my.sdf
[1.597s] -- Installing: /home/ubuntu/ros_workspace/install/bme_gazebo_sensors/share/bme_gazebo_sensors/worlds/home.sdf
[1.597s] -- Installing: /home/ubuntu/ros_workspace/install/bme_gazebo_sensors/share/bme_gazebo_sensors/rviz
[1.598s] -- Installing: /home/ubuntu/ros_workspace/install/bme_gazebo_sensors/share/bme_gazebo_sensors/rviz/urdf.rviz
[1.598s] -- Installing: /home/ubuntu/ros_workspace/install/bme_gazebo_sensors/share/bme_gazebo_sensors/rviz/rviz.rviz
[1.598s] -- Installing: /home/ubuntu/ros_workspace/install/bme_gazebo_sensors/share/bme_gazebo_sensors/rviz/gps.rviz
[1.598s] -- Installing: /home/ubuntu/ros_workspace/install/bme_gazebo_sensors/share/bme_gazebo_sensors/urdf
[1.599s] -- Installing: /home/ubuntu/ros_workspace/install/bme_gazebo_sensors/share/bme_gazebo_sensors/urdf/mogi_bot.gazebo
[1.599s] -- Installing: /home/ubuntu/ros_workspace/install/bme_gazebo_sensors/share/bme_gazebo_sensors/urdf/mogi_bot.urdf
[1.599s] -- Installing: /home/ubuntu/ros_workspace/install/bme_gazebo_sensors/share/bme_gazebo_sensors/urdf/materials.xacro
[1.600s] -- Installing: /home/ubuntu/ros_workspace/install/bme_gazebo_sensors/share/bme_gazebo_sensors/meshes
[1.600s] -- Installing: /home/ubuntu/ros_workspace/install/bme_gazebo_sensors/share/bme_gazebo_sensors/meshes/mogi_bot.dae
[1.601s] -- Installing: /home/ubuntu/ros_workspace/install/bme_gazebo_sensors/share/bme_gazebo_sensors/meshes/wheel.dae
[1.601s] -- Installing: /home/ubuntu/ros_workspace/install/bme_gazebo_sensors/share/bme_gazebo_sensors/meshes/lidar.dae
[1.602s] -- Installing: /home/ubuntu/ros_workspace/install/bme_gazebo_sensors/share/bme_gazebo_sensors/config
[1.602s] -- Installing: /home/ubuntu/ros_workspace/install/bme_gazebo_sensors/share/bme_gazebo_sensors/config/ekf.yaml
[1.604s] -- Installing: /home/ubuntu/ros_workspace/install/bme_gazebo_sensors/share/ament_index/resource_index/package_run_dependencies/bme_gazebo_sensors
[1.604s] -- Installing: /home/ubuntu/ros_workspace/install/bme_gazebo_sensors/share/ament_index/resource_index/parent_prefix_path/bme_gazebo_sensors
[1.605s] -- Installing: /home/ubuntu/ros_workspace/install/bme_gazebo_sensors/share/bme_gazebo_sensors/environment/ament_prefix_path.sh
[1.606s] -- Installing: /home/ubuntu/ros_workspace/install/bme_gazebo_sensors/share/bme_gazebo_sensors/environment/ament_prefix_path.dsv
[1.606s] -- Installing: /home/ubuntu/ros_workspace/install/bme_gazebo_sensors/share/bme_gazebo_sensors/environment/path.sh
[1.606s] -- Installing: /home/ubuntu/ros_workspace/install/bme_gazebo_sensors/share/bme_gazebo_sensors/environment/path.dsv
[1.606s] -- Installing: /home/ubuntu/ros_workspace/install/bme_gazebo_sensors/share/bme_gazebo_sensors/local_setup.bash
[1.607s] -- Installing: /home/ubuntu/ros_workspace/install/bme_gazebo_sensors/share/bme_gazebo_sensors/local_setup.sh
[1.607s] -- Installing: /home/ubuntu/ros_workspace/install/bme_gazebo_sensors/share/bme_gazebo_sensors/local_setup.zsh
[1.607s] -- Installing: /home/ubuntu/ros_workspace/install/bme_gazebo_sensors/share/bme_gazebo_sensors/local_setup.dsv
[1.608s] -- Installing: /home/ubuntu/ros_workspace/install/bme_gazebo_sensors/share/bme_gazebo_sensors/package.dsv
[1.608s] -- Installing: /home/ubuntu/ros_workspace/install/bme_gazebo_sensors/share/ament_index/resource_index/packages/bme_gazebo_sensors
[1.609s] -- Installing: /home/ubuntu/ros_workspace/install/bme_gazebo_sensors/share/bme_gazebo_sensors/cmake/bme_gazebo_sensorsConfig.cmake
[1.609s] -- Installing: /home/ubuntu/ros_workspace/install/bme_gazebo_sensors/share/bme_gazebo_sensors/cmake/bme_gazebo_sensorsConfig-version.cmake
[1.610s] -- Installing: /home/ubuntu/ros_workspace/install/bme_gazebo_sensors/share/bme_gazebo_sensors/package.xml
[1.613s] Invoked command in '/home/ubuntu/ros_workspace/build/bme_gazebo_sensors' returned '0': CMAKE_PREFIX_PATH=${CMAKE_PREFIX_PATH}:/home/ubuntu/ros_workspace/install/python_package:/opt/ros/jazzy /usr/bin/cmake --install /home/ubuntu/ros_workspace/build/bme_gazebo_sensors
