[0.017s] Invoking command in '/home/ubuntu/ros_workspace/build/first_package_cpp': CMAKE_PREFIX_PATH=${CMAKE_PREFIX_PATH}:/opt/ros/jazzy /usr/bin/cmake --build /home/ubuntu/ros_workspace/build/first_package_cpp -- -j16 -l16
[0.117s] [ 60%] Built target subscriber_component
[0.117s] [ 60%] Built target talker_exe
[0.117s] [ 60%] Built target talker_component
[0.117s] [ 80%] Built target subscriber_exe
[0.119s] [100%] Built target manual_composition
[0.138s] Invoked command in '/home/ubuntu/ros_workspace/build/first_package_cpp' returned '0': CMAKE_PREFIX_PATH=${CMAKE_PREFIX_PATH}:/opt/ros/jazzy /usr/bin/cmake --build /home/ubuntu/ros_workspace/build/first_package_cpp -- -j16 -l16
[0.155s] Invoking command in '/home/ubuntu/ros_workspace/build/first_package_cpp': CMAKE_PREFIX_PATH=${CMAKE_PREFIX_PATH}:/opt/ros/jazzy /usr/bin/cmake --install /home/ubuntu/ros_workspace/build/first_package_cpp
[0.168s] -- Install configuration: ""
[0.169s] -- Up-to-date: /home/ubuntu/ros_workspace/install/first_package_cpp/lib/first_package_cpp/talker_exe
[0.169s] -- Up-to-date: /home/ubuntu/ros_workspace/install/first_package_cpp/lib/first_package_cpp/subscriber_exe
[0.170s] -- Up-to-date: /home/ubuntu/ros_workspace/install/first_package_cpp/lib/libtalker_component.so
[0.170s] -- Up-to-date: /home/ubuntu/ros_workspace/install/first_package_cpp/lib/libsubscriber_component.so
[0.171s] -- Up-to-date: /home/ubuntu/ros_workspace/install/first_package_cpp/lib/first_package_cpp/manual_composition
[0.171s] -- Installing: /home/ubuntu/ros_workspace/install/first_package_cpp/share/first_package_cpp/launch
[0.172s] -- Installing: /home/ubuntu/ros_workspace/install/first_package_cpp/share/first_package_cpp/launch/composition.launch.py
[0.172s] -- Installing: /home/ubuntu/ros_workspace/install/first_package_cpp/share/ament_index/resource_index/package_run_dependencies/first_package_cpp
[0.172s] -- Up-to-date: /home/ubuntu/ros_workspace/install/first_package_cpp/share/ament_index/resource_index/parent_prefix_path/first_package_cpp
[0.173s] -- Up-to-date: /home/ubuntu/ros_workspace/install/first_package_cpp/share/first_package_cpp/environment/ament_prefix_path.sh
[0.173s] -- Up-to-date: /home/ubuntu/ros_workspace/install/first_package_cpp/share/first_package_cpp/environment/ament_prefix_path.dsv
[0.173s] -- Up-to-date: /home/ubuntu/ros_workspace/install/first_package_cpp/share/first_package_cpp/environment/path.sh
[0.173s] -- Up-to-date: /home/ubuntu/ros_workspace/install/first_package_cpp/share/first_package_cpp/environment/path.dsv
[0.174s] -- Up-to-date: /home/ubuntu/ros_workspace/install/first_package_cpp/share/first_package_cpp/local_setup.bash
[0.174s] -- Up-to-date: /home/ubuntu/ros_workspace/install/first_package_cpp/share/first_package_cpp/local_setup.sh
[0.174s] -- Up-to-date: /home/ubuntu/ros_workspace/install/first_package_cpp/share/first_package_cpp/local_setup.zsh
[0.174s] -- Up-to-date: /home/ubuntu/ros_workspace/install/first_package_cpp/share/first_package_cpp/local_setup.dsv
[0.174s] -- Installing: /home/ubuntu/ros_workspace/install/first_package_cpp/share/first_package_cpp/package.dsv
[0.175s] -- Up-to-date: /home/ubuntu/ros_workspace/install/first_package_cpp/share/ament_index/resource_index/packages/first_package_cpp
[0.175s] -- Installing: /home/ubuntu/ros_workspace/install/first_package_cpp/share/ament_index/resource_index/rclcpp_components/first_package_cpp
[0.175s] -- Installing: /home/ubuntu/ros_workspace/install/first_package_cpp/share/first_package_cpp/cmake/export_first_package_cpp_talker_componentExport.cmake
[0.175s] -- Installing: /home/ubuntu/ros_workspace/install/first_package_cpp/share/first_package_cpp/cmake/export_first_package_cpp_talker_componentExport-noconfig.cmake
[0.175s] -- Installing: /home/ubuntu/ros_workspace/install/first_package_cpp/share/first_package_cpp/cmake/export_first_package_cpp_subscriber_componentExport.cmake
[0.175s] -- Installing: /home/ubuntu/ros_workspace/install/first_package_cpp/share/first_package_cpp/cmake/export_first_package_cpp_subscriber_componentExport-noconfig.cmake
[0.176s] -- Installing: /home/ubuntu/ros_workspace/install/first_package_cpp/share/first_package_cpp/cmake/ament_cmake_export_targets-extras.cmake
[0.176s] -- Installing: /home/ubuntu/ros_workspace/install/first_package_cpp/share/first_package_cpp/cmake/first_package_cppConfig.cmake
[0.176s] -- Up-to-date: /home/ubuntu/ros_workspace/install/first_package_cpp/share/first_package_cpp/cmake/first_package_cppConfig-version.cmake
[0.176s] -- Installing: /home/ubuntu/ros_workspace/install/first_package_cpp/share/first_package_cpp/package.xml
[0.180s] Invoked command in '/home/ubuntu/ros_workspace/build/first_package_cpp' returned '0': CMAKE_PREFIX_PATH=${CMAKE_PREFIX_PATH}:/opt/ros/jazzy /usr/bin/cmake --install /home/ubuntu/ros_workspace/build/first_package_cpp
