[0.040s] Invoking command in '/home/ubuntu/ros_workspace/build/ob_first_package_cpp': CMAKE_PREFIX_PATH=${CMAKE_PREFIX_PATH}:/opt/ros/jazzy /usr/bin/cmake --build /home/ubuntu/ros_workspace/build/ob_first_package_cpp -- -j16 -l16
[0.177s] [100%] Built target subscriber
[0.177s] [100%] Built target talker
[0.300s] Invoked command in '/home/ubuntu/ros_workspace/build/ob_first_package_cpp' returned '0': CMAKE_PREFIX_PATH=${CMAKE_PREFIX_PATH}:/opt/ros/jazzy /usr/bin/cmake --build /home/ubuntu/ros_workspace/build/ob_first_package_cpp -- -j16 -l16
[0.301s] Invoking command in '/home/ubuntu/ros_workspace/build/ob_first_package_cpp': CMAKE_PREFIX_PATH=${CMAKE_PREFIX_PATH}:/opt/ros/jazzy /usr/bin/cmake --install /home/ubuntu/ros_workspace/build/ob_first_package_cpp
[0.317s] -- Install configuration: ""
[0.317s] -- Up-to-date: /home/ubuntu/ros_workspace/install/ob_first_package_cpp/lib/ob_first_package_cpp/talker
[0.317s] -- Up-to-date: /home/ubuntu/ros_workspace/install/ob_first_package_cpp/lib/ob_first_package_cpp/subscriber
[0.320s] -- Up-to-date: /home/ubuntu/ros_workspace/install/ob_first_package_cpp/share/ament_index/resource_index/package_run_dependencies/ob_first_package_cpp
[0.320s] -- Up-to-date: /home/ubuntu/ros_workspace/install/ob_first_package_cpp/share/ament_index/resource_index/parent_prefix_path/ob_first_package_cpp
[0.321s] -- Up-to-date: /home/ubuntu/ros_workspace/install/ob_first_package_cpp/share/ob_first_package_cpp/environment/ament_prefix_path.sh
[0.321s] -- Up-to-date: /home/ubuntu/ros_workspace/install/ob_first_package_cpp/share/ob_first_package_cpp/environment/ament_prefix_path.dsv
[0.322s] -- Up-to-date: /home/ubuntu/ros_workspace/install/ob_first_package_cpp/share/ob_first_package_cpp/environment/path.sh
[0.322s] -- Up-to-date: /home/ubuntu/ros_workspace/install/ob_first_package_cpp/share/ob_first_package_cpp/environment/path.dsv
[0.322s] -- Up-to-date: /home/ubuntu/ros_workspace/install/ob_first_package_cpp/share/ob_first_package_cpp/local_setup.bash
[0.323s] -- Up-to-date: /home/ubuntu/ros_workspace/install/ob_first_package_cpp/share/ob_first_package_cpp/local_setup.sh
[0.323s] -- Up-to-date: /home/ubuntu/ros_workspace/install/ob_first_package_cpp/share/ob_first_package_cpp/local_setup.zsh
[0.323s] -- Up-to-date: /home/ubuntu/ros_workspace/install/ob_first_package_cpp/share/ob_first_package_cpp/local_setup.dsv
[0.324s] -- Installing: /home/ubuntu/ros_workspace/install/ob_first_package_cpp/share/ob_first_package_cpp/package.dsv
[0.324s] -- Up-to-date: /home/ubuntu/ros_workspace/install/ob_first_package_cpp/share/ament_index/resource_index/packages/ob_first_package_cpp
[0.325s] -- Up-to-date: /home/ubuntu/ros_workspace/install/ob_first_package_cpp/share/ob_first_package_cpp/cmake/ob_first_package_cppConfig.cmake
[0.325s] -- Up-to-date: /home/ubuntu/ros_workspace/install/ob_first_package_cpp/share/ob_first_package_cpp/cmake/ob_first_package_cppConfig-version.cmake
[0.325s] -- Up-to-date: /home/ubuntu/ros_workspace/install/ob_first_package_cpp/share/ob_first_package_cpp/package.xml
[0.357s] Invoked command in '/home/ubuntu/ros_workspace/build/ob_first_package_cpp' returned '0': CMAKE_PREFIX_PATH=${CMAKE_PREFIX_PATH}:/opt/ros/jazzy /usr/bin/cmake --install /home/ubuntu/ros_workspace/build/ob_first_package_cpp
