[0.031s] Invoking command in '/home/ubuntu/ros_workspace/build/action_tutorials_interfaces': CMAKE_PREFIX_PATH=${CMAKE_PREFIX_PATH}:/home/ubuntu/ros_workspace/install/tutorial_1_action:/home/ubuntu/ros_workspace/install/turtle_action_client:/home/ubuntu/ros_workspace/install/assignment2_rt_py:/home/ubuntu/ros_workspace/install/assignment1_rt_py:/home/ubuntu/ros_workspace/install/python_tf2_pkg:/home/ubuntu/ros_workspace/install/python_package:/home/ubuntu/ros_workspace/install/first_package_py:/home/ubuntu/ros_workspace/install/fibonacci:/home/ubuntu/ros_workspace/install/exam_example_2:/home/ubuntu/ros_workspace/install/exam_example:/opt/ros/jazzy /usr/bin/cmake --build /home/ubuntu/ros_workspace/build/action_tutorials_interfaces -- -j16 -l16
[0.127s] -- Found ament_cmake: 2.5.4 (/opt/ros/jazzy/share/ament_cmake/cmake)
[0.162s] -- Found Python3: /usr/bin/python3 (found version "3.12.3") found components: Interpreter 
[0.277s] -- Found rosidl_default_generators: 1.6.0 (/opt/ros/jazzy/share/rosidl_default_generators/cmake)
[0.287s] -- Using all available rosidl_typesupport_c: rosidl_typesupport_fastrtps_c;rosidl_typesupport_introspection_c
[0.395s] -- Using all available rosidl_typesupport_cpp: rosidl_typesupport_fastrtps_cpp;rosidl_typesupport_introspection_cpp
[0.447s] -- Found rosidl_adapter: 4.6.6 (/opt/ros/jazzy/share/rosidl_adapter/cmake)
[0.839s] -- Found ament_cmake_ros: 0.12.0 (/opt/ros/jazzy/share/ament_cmake_ros/cmake)
[0.957s] -- Using all available rosidl_typesupport_c: rosidl_typesupport_fastrtps_c;rosidl_typesupport_introspection_c
[1.105s] -- Using all available rosidl_typesupport_cpp: rosidl_typesupport_fastrtps_cpp;rosidl_typesupport_introspection_cpp
[1.107s] -- Found python_cmake_module: 0.11.1 (/opt/ros/jazzy/share/python_cmake_module/cmake)
[1.485s] -- Found Python3: /usr/bin/python3 (found version "3.12.3") found components: Interpreter Development NumPy Development.Module Development.Embed 
[1.501s] -- Found ament_lint_auto: 0.17.3 (/opt/ros/jazzy/share/ament_lint_auto/cmake)
[1.532s] -- Added test 'lint_cmake' to check CMake code style
[1.535s] -- Added test 'xmllint' to check XML markup files
[1.539s] -- Configuring done (1.4s)
[1.636s] -- Generating done (0.1s)
[1.655s] -- Build files have been written to: /home/ubuntu/ros_workspace/build/action_tutorials_interfaces
[1.724s] [  1%] [34m[1mGenerating type hashes for ROS interfaces[0m
[1.754s] [  1%] Built target ament_cmake_python_copy_action_tutorials_interfaces
[1.983s] [  1%] Built target action_tutorials_interfaces__rosidl_generator_type_description
[1.992s] running egg_info
[2.004s] [  3%] [34m[1mGenerating C code for ROS interfaces[0m
[2.014s] writing action_tutorials_interfaces.egg-info/PKG-INFO
[2.014s] writing dependency_links to action_tutorials_interfaces.egg-info/dependency_links.txt
[2.015s] writing top-level names to action_tutorials_interfaces.egg-info/top_level.txt
[2.027s] [  5%] [34m[1mGenerating C++ code for ROS interfaces[0m
[2.075s] reading manifest file 'action_tutorials_interfaces.egg-info/SOURCES.txt'
[2.076s] writing manifest file 'action_tutorials_interfaces.egg-info/SOURCES.txt'
[2.116s] [  5%] Built target ament_cmake_python_build_action_tutorials_interfaces_egg
[2.729s] [  5%] Built target action_tutorials_interfaces__cpp
[2.836s] [ 11%] [32mBuilding C object CMakeFiles/action_tutorials_interfaces__rosidl_generator_c.dir/rosidl_generator_c/action_tutorials_interfaces/action/detail/fibonacci__functions.c.o[0m
[2.836s] [ 11%] [32mBuilding C object CMakeFiles/action_tutorials_interfaces__rosidl_generator_c.dir/rosidl_generator_c/action_tutorials_interfaces/action/detail/fibonacci__type_support.c.o[0m
[2.836s] [ 11%] [32mBuilding C object CMakeFiles/action_tutorials_interfaces__rosidl_generator_c.dir/rosidl_generator_c/action_tutorials_interfaces/action/detail/fibonacci__description.c.o[0m
[2.836s] [ 12%] [32mBuilding C object CMakeFiles/action_tutorials_interfaces__rosidl_generator_c.dir/rosidl_generator_c/action_tutorials_interfaces/action/detail/tut1__functions.c.o[0m
[2.837s] [ 16%] [32mBuilding C object CMakeFiles/action_tutorials_interfaces__rosidl_generator_c.dir/rosidl_generator_c/action_tutorials_interfaces/action/detail/assignment1_rt2__functions.c.o[0m
[2.837s] [ 18%] [32mBuilding C object CMakeFiles/action_tutorials_interfaces__rosidl_generator_c.dir/rosidl_generator_c/action_tutorials_interfaces/action/detail/tut1__description.c.o[0m
[2.837s] [ 18%] [32mBuilding C object CMakeFiles/action_tutorials_interfaces__rosidl_generator_c.dir/rosidl_generator_c/action_tutorials_interfaces/action/detail/tut1__type_support.c.o[0m
[2.837s] [ 20%] [32mBuilding C object CMakeFiles/action_tutorials_interfaces__rosidl_generator_c.dir/rosidl_generator_c/action_tutorials_interfaces/action/detail/assignment1_rt2__description.c.o[0m
[2.838s] [ 22%] [32mBuilding C object CMakeFiles/action_tutorials_interfaces__rosidl_generator_c.dir/rosidl_generator_c/action_tutorials_interfaces/action/detail/assignment1_rt2__type_support.c.o[0m
[3.081s] [ 24%] [32m[1mLinking C shared library libaction_tutorials_interfaces__rosidl_generator_c.so[0m
[3.161s] [ 24%] Built target action_tutorials_interfaces__rosidl_generator_c
[3.180s] [ 31%] [34m[1mGenerating C type support dispatch for ROS interfaces[0m
[3.180s] [ 31%] [34m[1mGenerating C introspection for ROS interfaces[0m
[3.181s] [ 31%] [34m[1mGenerating C type support for eProsima Fast-RTPS[0m
[3.181s] [ 31%] [34m[1mGenerating C++ type support dispatch for ROS interfaces[0m
[3.181s] [ 33%] [34m[1mGenerating C++ introspection for ROS interfaces[0m
[3.181s] [ 35%] [34m[1mGenerating C++ type support for eProsima Fast-RTPS[0m
[3.649s] [ 38%] [32mBuilding CXX object CMakeFiles/action_tutorials_interfaces__rosidl_typesupport_c.dir/rosidl_typesupport_c/action_tutorials_interfaces/action/tut1__type_support.cpp.o[0m
[3.650s] [ 38%] [32mBuilding CXX object CMakeFiles/action_tutorials_interfaces__rosidl_typesupport_c.dir/rosidl_typesupport_c/action_tutorials_interfaces/action/fibonacci__type_support.cpp.o[0m
[3.653s] [ 40%] [32mBuilding CXX object CMakeFiles/action_tutorials_interfaces__rosidl_typesupport_c.dir/rosidl_typesupport_c/action_tutorials_interfaces/action/assignment1_rt2__type_support.cpp.o[0m
[3.675s] [ 44%] [32mBuilding CXX object CMakeFiles/action_tutorials_interfaces__rosidl_typesupport_cpp.dir/rosidl_typesupport_cpp/action_tutorials_interfaces/action/fibonacci__type_support.cpp.o[0m
[3.675s] [ 44%] [32mBuilding CXX object CMakeFiles/action_tutorials_interfaces__rosidl_typesupport_cpp.dir/rosidl_typesupport_cpp/action_tutorials_interfaces/action/assignment1_rt2__type_support.cpp.o[0m
[3.676s] [ 46%] [32mBuilding CXX object CMakeFiles/action_tutorials_interfaces__rosidl_typesupport_cpp.dir/rosidl_typesupport_cpp/action_tutorials_interfaces/action/tut1__type_support.cpp.o[0m
[3.824s] [ 51%] [32mBuilding CXX object CMakeFiles/action_tutorials_interfaces__rosidl_typesupport_introspection_cpp.dir/rosidl_typesupport_introspection_cpp/action_tutorials_interfaces/action/detail/assignment1_rt2__type_support.cpp.o[0m
[3.824s] [ 51%] [32mBuilding CXX object CMakeFiles/action_tutorials_interfaces__rosidl_typesupport_introspection_cpp.dir/rosidl_typesupport_introspection_cpp/action_tutorials_interfaces/action/detail/tut1__type_support.cpp.o[0m
[3.825s] [ 51%] [32mBuilding CXX object CMakeFiles/action_tutorials_interfaces__rosidl_typesupport_introspection_cpp.dir/rosidl_typesupport_introspection_cpp/action_tutorials_interfaces/action/detail/fibonacci__type_support.cpp.o[0m
[3.868s] [ 53%] [32m[1mLinking CXX shared library libaction_tutorials_interfaces__rosidl_typesupport_c.so[0m
[3.908s] [ 59%] [32mBuilding C object CMakeFiles/action_tutorials_interfaces__rosidl_typesupport_introspection_c.dir/rosidl_typesupport_introspection_c/action_tutorials_interfaces/action/detail/fibonacci__type_support.c.o[0m
[3.910s] [ 59%] [32mBuilding C object CMakeFiles/action_tutorials_interfaces__rosidl_typesupport_introspection_c.dir/rosidl_typesupport_introspection_c/action_tutorials_interfaces/action/detail/tut1__type_support.c.o[0m
[3.911s] [ 59%] [32mBuilding C object CMakeFiles/action_tutorials_interfaces__rosidl_typesupport_introspection_c.dir/rosidl_typesupport_introspection_c/action_tutorials_interfaces/action/detail/assignment1_rt2__type_support.c.o[0m
[3.975s] [ 59%] Built target action_tutorials_interfaces__rosidl_typesupport_c
[4.039s] [ 61%] [32m[1mLinking C shared library libaction_tutorials_interfaces__rosidl_typesupport_introspection_c.so[0m
[4.126s] [ 61%] Built target action_tutorials_interfaces__rosidl_typesupport_introspection_c
[4.293s] [ 64%] [32mBuilding CXX object CMakeFiles/action_tutorials_interfaces__rosidl_typesupport_fastrtps_cpp.dir/rosidl_typesupport_fastrtps_cpp/action_tutorials_interfaces/action/detail/dds_fastrtps/fibonacci__type_support.cpp.o[0m
[4.293s] [ 64%] [32mBuilding CXX object CMakeFiles/action_tutorials_interfaces__rosidl_typesupport_fastrtps_cpp.dir/rosidl_typesupport_fastrtps_cpp/action_tutorials_interfaces/action/detail/dds_fastrtps/tut1__type_support.cpp.o[0m
[4.296s] [ 66%] [32mBuilding CXX object CMakeFiles/action_tutorials_interfaces__rosidl_typesupport_fastrtps_cpp.dir/rosidl_typesupport_fastrtps_cpp/action_tutorials_interfaces/action/detail/dds_fastrtps/assignment1_rt2__type_support.cpp.o[0m
[4.424s] [ 70%] [32mBuilding CXX object CMakeFiles/action_tutorials_interfaces__rosidl_typesupport_fastrtps_c.dir/rosidl_typesupport_fastrtps_c/action_tutorials_interfaces/action/detail/tut1__type_support_c.cpp.o[0m
[4.424s] [ 70%] [32mBuilding CXX object CMakeFiles/action_tutorials_interfaces__rosidl_typesupport_fastrtps_c.dir/rosidl_typesupport_fastrtps_c/action_tutorials_interfaces/action/detail/assignment1_rt2__type_support_c.cpp.o[0m
[4.426s] [ 72%] [32mBuilding CXX object CMakeFiles/action_tutorials_interfaces__rosidl_typesupport_fastrtps_c.dir/rosidl_typesupport_fastrtps_c/action_tutorials_interfaces/action/detail/fibonacci__type_support_c.cpp.o[0m
[4.854s] [ 74%] [32m[1mLinking CXX shared library libaction_tutorials_interfaces__rosidl_typesupport_cpp.so[0m
[5.034s] [ 75%] [32m[1mLinking CXX shared library libaction_tutorials_interfaces__rosidl_typesupport_introspection_cpp.so[0m
[5.039s] [ 75%] Built target action_tutorials_interfaces__rosidl_typesupport_cpp
[5.189s] [ 75%] Built target action_tutorials_interfaces__rosidl_typesupport_introspection_cpp
[5.293s] [ 77%] [32m[1mLinking CXX shared library libaction_tutorials_interfaces__rosidl_typesupport_fastrtps_c.so[0m
[5.423s] [ 77%] Built target action_tutorials_interfaces__rosidl_typesupport_fastrtps_c
[5.659s] [ 79%] [32m[1mLinking CXX shared library libaction_tutorials_interfaces__rosidl_typesupport_fastrtps_cpp.so[0m
[5.782s] [ 79%] Built target action_tutorials_interfaces__rosidl_typesupport_fastrtps_cpp
[5.823s] [ 79%] Built target action_tutorials_interfaces
[5.865s] [ 81%] [34m[1mGenerating Python code for ROS interfaces[0m
[7.274s] [ 81%] Built target action_tutorials_interfaces__py
[7.328s] [ 85%] [32mBuilding C object CMakeFiles/action_tutorials_interfaces__rosidl_generator_py.dir/rosidl_generator_py/action_tutorials_interfaces/action/_fibonacci_s.c.o[0m
[7.328s] [ 85%] [32mBuilding C object CMakeFiles/action_tutorials_interfaces__rosidl_generator_py.dir/rosidl_generator_py/action_tutorials_interfaces/action/_assignment1_rt2_s.c.o[0m
[7.328s] [ 87%] [32mBuilding C object CMakeFiles/action_tutorials_interfaces__rosidl_generator_py.dir/rosidl_generator_py/action_tutorials_interfaces/action/_tut1_s.c.o[0m
[7.622s] [ 88%] [32m[1mLinking C shared library libaction_tutorials_interfaces__rosidl_generator_py.so[0m
[7.696s] [ 88%] Built target action_tutorials_interfaces__rosidl_generator_py
[7.740s] [ 92%] [32mBuilding C object CMakeFiles/action_tutorials_interfaces_s__rosidl_typesupport_fastrtps_c.dir/rosidl_generator_py/action_tutorials_interfaces/_action_tutorials_interfaces_s.ep.rosidl_typesupport_fastrtps_c.c.o[0m
[7.740s] [ 92%] [32mBuilding C object CMakeFiles/action_tutorials_interfaces_s__rosidl_typesupport_introspection_c.dir/rosidl_generator_py/action_tutorials_interfaces/_action_tutorials_interfaces_s.ep.rosidl_typesupport_introspection_c.c.o[0m
[7.741s] [ 94%] [32mBuilding C object CMakeFiles/action_tutorials_interfaces_s__rosidl_typesupport_c.dir/rosidl_generator_py/action_tutorials_interfaces/_action_tutorials_interfaces_s.ep.rosidl_typesupport_c.c.o[0m
[7.951s] [ 96%] [32m[1mLinking C shared module rosidl_generator_py/action_tutorials_interfaces/action_tutorials_interfaces_s__rosidl_typesupport_c.so[0m
[7.966s] [ 98%] [32m[1mLinking C shared module rosidl_generator_py/action_tutorials_interfaces/action_tutorials_interfaces_s__rosidl_typesupport_fastrtps_c.so[0m
[7.975s] [100%] [32m[1mLinking C shared module rosidl_generator_py/action_tutorials_interfaces/action_tutorials_interfaces_s__rosidl_typesupport_introspection_c.so[0m
[8.010s] [100%] Built target action_tutorials_interfaces_s__rosidl_typesupport_c
[8.026s] [100%] Built target action_tutorials_interfaces_s__rosidl_typesupport_fastrtps_c
[8.032s] [100%] Built target action_tutorials_interfaces_s__rosidl_typesupport_introspection_c
[8.056s] Invoked command in '/home/ubuntu/ros_workspace/build/action_tutorials_interfaces' returned '0': CMAKE_PREFIX_PATH=${CMAKE_PREFIX_PATH}:/home/ubuntu/ros_workspace/install/tutorial_1_action:/home/ubuntu/ros_workspace/install/turtle_action_client:/home/ubuntu/ros_workspace/install/assignment2_rt_py:/home/ubuntu/ros_workspace/install/assignment1_rt_py:/home/ubuntu/ros_workspace/install/python_tf2_pkg:/home/ubuntu/ros_workspace/install/python_package:/home/ubuntu/ros_workspace/install/first_package_py:/home/ubuntu/ros_workspace/install/fibonacci:/home/ubuntu/ros_workspace/install/exam_example_2:/home/ubuntu/ros_workspace/install/exam_example:/opt/ros/jazzy /usr/bin/cmake --build /home/ubuntu/ros_workspace/build/action_tutorials_interfaces -- -j16 -l16
[8.076s] Invoking command in '/home/ubuntu/ros_workspace/build/action_tutorials_interfaces': CMAKE_PREFIX_PATH=${CMAKE_PREFIX_PATH}:/home/ubuntu/ros_workspace/install/tutorial_1_action:/home/ubuntu/ros_workspace/install/turtle_action_client:/home/ubuntu/ros_workspace/install/assignment2_rt_py:/home/ubuntu/ros_workspace/install/assignment1_rt_py:/home/ubuntu/ros_workspace/install/python_tf2_pkg:/home/ubuntu/ros_workspace/install/python_package:/home/ubuntu/ros_workspace/install/first_package_py:/home/ubuntu/ros_workspace/install/fibonacci:/home/ubuntu/ros_workspace/install/exam_example_2:/home/ubuntu/ros_workspace/install/exam_example:/opt/ros/jazzy /usr/bin/cmake --install /home/ubuntu/ros_workspace/build/action_tutorials_interfaces
[8.090s] -- Install configuration: ""
[8.091s] -- Installing: /home/ubuntu/ros_workspace/install/action_tutorials_interfaces/share/ament_index/resource_index/rosidl_interfaces/action_tutorials_interfaces
[8.091s] -- Installing: /home/ubuntu/ros_workspace/install/action_tutorials_interfaces/share/action_tutorials_interfaces/action/Fibonacci.json
[8.092s] -- Installing: /home/ubuntu/ros_workspace/install/action_tutorials_interfaces/share/action_tutorials_interfaces/action/Tut1.json
[8.092s] -- Installing: /home/ubuntu/ros_workspace/install/action_tutorials_interfaces/share/action_tutorials_interfaces/action/Assignment1RT2.json
[8.093s] -- Up-to-date: /home/ubuntu/ros_workspace/install/action_tutorials_interfaces/include/action_tutorials_interfaces/action_tutorials_interfaces
[8.093s] -- Up-to-date: /home/ubuntu/ros_workspace/install/action_tutorials_interfaces/include/action_tutorials_interfaces/action_tutorials_interfaces/action
[8.093s] -- Up-to-date: /home/ubuntu/ros_workspace/install/action_tutorials_interfaces/include/action_tutorials_interfaces/action_tutorials_interfaces/action/detail
[8.093s] -- Installing: /home/ubuntu/ros_workspace/install/action_tutorials_interfaces/include/action_tutorials_interfaces/action_tutorials_interfaces/action/detail/tut1__type_support.c
[8.093s] -- Installing: /home/ubuntu/ros_workspace/install/action_tutorials_interfaces/include/action_tutorials_interfaces/action_tutorials_interfaces/action/detail/assignment1_rt2__functions.c
[8.094s] -- Installing: /home/ubuntu/ros_workspace/install/action_tutorials_interfaces/include/action_tutorials_interfaces/action_tutorials_interfaces/action/detail/tut1__description.c
[8.094s] -- Installing: /home/ubuntu/ros_workspace/install/action_tutorials_interfaces/include/action_tutorials_interfaces/action_tutorials_interfaces/action/detail/fibonacci__description.c
[8.095s] -- Installing: /home/ubuntu/ros_workspace/install/action_tutorials_interfaces/include/action_tutorials_interfaces/action_tutorials_interfaces/action/detail/tut1__functions.c
[8.096s] -- Installing: /home/ubuntu/ros_workspace/install/action_tutorials_interfaces/include/action_tutorials_interfaces/action_tutorials_interfaces/action/detail/fibonacci__functions.h
[8.097s] -- Installing: /home/ubuntu/ros_workspace/install/action_tutorials_interfaces/include/action_tutorials_interfaces/action_tutorials_interfaces/action/detail/assignment1_rt2__struct.h
[8.097s] -- Installing: /home/ubuntu/ros_workspace/install/action_tutorials_interfaces/include/action_tutorials_interfaces/action_tutorials_interfaces/action/detail/fibonacci__functions.c
[8.098s] -- Installing: /home/ubuntu/ros_workspace/install/action_tutorials_interfaces/include/action_tutorials_interfaces/action_tutorials_interfaces/action/detail/assignment1_rt2__functions.h
[8.098s] -- Installing: /home/ubuntu/ros_workspace/install/action_tutorials_interfaces/include/action_tutorials_interfaces/action_tutorials_interfaces/action/detail/assignment1_rt2__description.c
[8.098s] -- Installing: /home/ubuntu/ros_workspace/install/action_tutorials_interfaces/include/action_tutorials_interfaces/action_tutorials_interfaces/action/detail/fibonacci__type_support.h
[8.099s] -- Installing: /home/ubuntu/ros_workspace/install/action_tutorials_interfaces/include/action_tutorials_interfaces/action_tutorials_interfaces/action/detail/fibonacci__type_support.c
[8.099s] -- Installing: /home/ubuntu/ros_workspace/install/action_tutorials_interfaces/include/action_tutorials_interfaces/action_tutorials_interfaces/action/detail/assignment1_rt2__type_support.h
[8.100s] -- Installing: /home/ubuntu/ros_workspace/install/action_tutorials_interfaces/include/action_tutorials_interfaces/action_tutorials_interfaces/action/detail/tut1__struct.h
[8.100s] -- Installing: /home/ubuntu/ros_workspace/install/action_tutorials_interfaces/include/action_tutorials_interfaces/action_tutorials_interfaces/action/detail/tut1__functions.h
[8.101s] -- Installing: /home/ubuntu/ros_workspace/install/action_tutorials_interfaces/include/action_tutorials_interfaces/action_tutorials_interfaces/action/detail/tut1__type_support.h
[8.101s] -- Installing: /home/ubuntu/ros_workspace/install/action_tutorials_interfaces/include/action_tutorials_interfaces/action_tutorials_interfaces/action/detail/fibonacci__struct.h
[8.101s] -- Installing: /home/ubuntu/ros_workspace/install/action_tutorials_interfaces/include/action_tutorials_interfaces/action_tutorials_interfaces/action/detail/assignment1_rt2__type_support.c
[8.102s] -- Installing: /home/ubuntu/ros_workspace/install/action_tutorials_interfaces/include/action_tutorials_interfaces/action_tutorials_interfaces/action/assignment1_rt2.h
[8.102s] -- Installing: /home/ubuntu/ros_workspace/install/action_tutorials_interfaces/include/action_tutorials_interfaces/action_tutorials_interfaces/action/fibonacci.h
[8.103s] -- Installing: /home/ubuntu/ros_workspace/install/action_tutorials_interfaces/include/action_tutorials_interfaces/action_tutorials_interfaces/action/tut1.h
[8.103s] -- Up-to-date: /home/ubuntu/ros_workspace/install/action_tutorials_interfaces/include/action_tutorials_interfaces/action_tutorials_interfaces/msg
[8.103s] -- Up-to-date: /home/ubuntu/ros_workspace/install/action_tutorials_interfaces/include/action_tutorials_interfaces/action_tutorials_interfaces/msg/rosidl_generator_c__visibility_control.h
[8.103s] -- Up-to-date: /home/ubuntu/ros_workspace/install/action_tutorials_interfaces/share/action_tutorials_interfaces/environment/library_path.sh
[8.103s] -- Up-to-date: /home/ubuntu/ros_workspace/install/action_tutorials_interfaces/share/action_tutorials_interfaces/environment/library_path.dsv
[8.104s] -- Installing: /home/ubuntu/ros_workspace/install/action_tutorials_interfaces/lib/libaction_tutorials_interfaces__rosidl_generator_c.so
[8.105s] -- Set non-toolchain portion of runtime path of "/home/ubuntu/ros_workspace/install/action_tutorials_interfaces/lib/libaction_tutorials_interfaces__rosidl_generator_c.so" to ""
[8.105s] -- Up-to-date: /home/ubuntu/ros_workspace/install/action_tutorials_interfaces/include/action_tutorials_interfaces/action_tutorials_interfaces
[8.106s] -- Up-to-date: /home/ubuntu/ros_workspace/install/action_tutorials_interfaces/include/action_tutorials_interfaces/action_tutorials_interfaces/action
[8.106s] -- Up-to-date: /home/ubuntu/ros_workspace/install/action_tutorials_interfaces/include/action_tutorials_interfaces/action_tutorials_interfaces/action/detail
[8.106s] -- Installing: /home/ubuntu/ros_workspace/install/action_tutorials_interfaces/include/action_tutorials_interfaces/action_tutorials_interfaces/action/detail/tut1__rosidl_typesupport_fastrtps_c.h
[8.106s] -- Installing: /home/ubuntu/ros_workspace/install/action_tutorials_interfaces/include/action_tutorials_interfaces/action_tutorials_interfaces/action/detail/assignment1_rt2__rosidl_typesupport_fastrtps_c.h
[8.106s] -- Installing: /home/ubuntu/ros_workspace/install/action_tutorials_interfaces/include/action_tutorials_interfaces/action_tutorials_interfaces/action/detail/fibonacci__rosidl_typesupport_fastrtps_c.h
[8.107s] -- Up-to-date: /home/ubuntu/ros_workspace/install/action_tutorials_interfaces/include/action_tutorials_interfaces/action_tutorials_interfaces/msg
[8.107s] -- Up-to-date: /home/ubuntu/ros_workspace/install/action_tutorials_interfaces/include/action_tutorials_interfaces/action_tutorials_interfaces/msg/rosidl_typesupport_fastrtps_c__visibility_control.h
[8.107s] -- Installing: /home/ubuntu/ros_workspace/install/action_tutorials_interfaces/lib/libaction_tutorials_interfaces__rosidl_typesupport_fastrtps_c.so
[8.109s] -- Set non-toolchain portion of runtime path of "/home/ubuntu/ros_workspace/install/action_tutorials_interfaces/lib/libaction_tutorials_interfaces__rosidl_typesupport_fastrtps_c.so" to ""
[8.109s] -- Up-to-date: /home/ubuntu/ros_workspace/install/action_tutorials_interfaces/include/action_tutorials_interfaces/action_tutorials_interfaces
[8.109s] -- Up-to-date: /home/ubuntu/ros_workspace/install/action_tutorials_interfaces/include/action_tutorials_interfaces/action_tutorials_interfaces/action
[8.109s] -- Up-to-date: /home/ubuntu/ros_workspace/install/action_tutorials_interfaces/include/action_tutorials_interfaces/action_tutorials_interfaces/action/detail
[8.110s] -- Installing: /home/ubuntu/ros_workspace/install/action_tutorials_interfaces/include/action_tutorials_interfaces/action_tutorials_interfaces/action/detail/tut1__type_support.c
[8.110s] -- Installing: /home/ubuntu/ros_workspace/install/action_tutorials_interfaces/include/action_tutorials_interfaces/action_tutorials_interfaces/action/detail/assignment1_rt2__rosidl_typesupport_introspection_c.h
[8.110s] -- Installing: /home/ubuntu/ros_workspace/install/action_tutorials_interfaces/include/action_tutorials_interfaces/action_tutorials_interfaces/action/detail/fibonacci__rosidl_typesupport_introspection_c.h
[8.111s] -- Installing: /home/ubuntu/ros_workspace/install/action_tutorials_interfaces/include/action_tutorials_interfaces/action_tutorials_interfaces/action/detail/tut1__rosidl_typesupport_introspection_c.h
[8.112s] -- Installing: /home/ubuntu/ros_workspace/install/action_tutorials_interfaces/include/action_tutorials_interfaces/action_tutorials_interfaces/action/detail/fibonacci__type_support.c
[8.113s] -- Installing: /home/ubuntu/ros_workspace/install/action_tutorials_interfaces/include/action_tutorials_interfaces/action_tutorials_interfaces/action/detail/assignment1_rt2__type_support.c
[8.114s] -- Up-to-date: /home/ubuntu/ros_workspace/install/action_tutorials_interfaces/include/action_tutorials_interfaces/action_tutorials_interfaces/msg
[8.114s] -- Up-to-date: /home/ubuntu/ros_workspace/install/action_tutorials_interfaces/include/action_tutorials_interfaces/action_tutorials_interfaces/msg/rosidl_typesupport_introspection_c__visibility_control.h
[8.114s] -- Installing: /home/ubuntu/ros_workspace/install/action_tutorials_interfaces/lib/libaction_tutorials_interfaces__rosidl_typesupport_introspection_c.so
[8.116s] -- Set non-toolchain portion of runtime path of "/home/ubuntu/ros_workspace/install/action_tutorials_interfaces/lib/libaction_tutorials_interfaces__rosidl_typesupport_introspection_c.so" to ""
[8.116s] -- Installing: /home/ubuntu/ros_workspace/install/action_tutorials_interfaces/lib/libaction_tutorials_interfaces__rosidl_typesupport_c.so
[8.117s] -- Set non-toolchain portion of runtime path of "/home/ubuntu/ros_workspace/install/action_tutorials_interfaces/lib/libaction_tutorials_interfaces__rosidl_typesupport_c.so" to ""
[8.118s] -- Up-to-date: /home/ubuntu/ros_workspace/install/action_tutorials_interfaces/include/action_tutorials_interfaces/action_tutorials_interfaces
[8.118s] -- Up-to-date: /home/ubuntu/ros_workspace/install/action_tutorials_interfaces/include/action_tutorials_interfaces/action_tutorials_interfaces/action
[8.118s] -- Up-to-date: /home/ubuntu/ros_workspace/install/action_tutorials_interfaces/include/action_tutorials_interfaces/action_tutorials_interfaces/action/detail
[8.118s] -- Installing: /home/ubuntu/ros_workspace/install/action_tutorials_interfaces/include/action_tutorials_interfaces/action_tutorials_interfaces/action/detail/assignment1_rt2__type_support.hpp
[8.119s] -- Installing: /home/ubuntu/ros_workspace/install/action_tutorials_interfaces/include/action_tutorials_interfaces/action_tutorials_interfaces/action/detail/tut1__type_support.hpp
[8.119s] -- Installing: /home/ubuntu/ros_workspace/install/action_tutorials_interfaces/include/action_tutorials_interfaces/action_tutorials_interfaces/action/detail/fibonacci__builder.hpp
[8.119s] -- Installing: /home/ubuntu/ros_workspace/install/action_tutorials_interfaces/include/action_tutorials_interfaces/action_tutorials_interfaces/action/detail/fibonacci__type_support.hpp
[8.120s] -- Installing: /home/ubuntu/ros_workspace/install/action_tutorials_interfaces/include/action_tutorials_interfaces/action_tutorials_interfaces/action/detail/tut1__traits.hpp
[8.121s] -- Installing: /home/ubuntu/ros_workspace/install/action_tutorials_interfaces/include/action_tutorials_interfaces/action_tutorials_interfaces/action/detail/assignment1_rt2__builder.hpp
[8.121s] -- Installing: /home/ubuntu/ros_workspace/install/action_tutorials_interfaces/include/action_tutorials_interfaces/action_tutorials_interfaces/action/detail/assignment1_rt2__struct.hpp
[8.122s] -- Installing: /home/ubuntu/ros_workspace/install/action_tutorials_interfaces/include/action_tutorials_interfaces/action_tutorials_interfaces/action/detail/fibonacci__struct.hpp
[8.122s] -- Installing: /home/ubuntu/ros_workspace/install/action_tutorials_interfaces/include/action_tutorials_interfaces/action_tutorials_interfaces/action/detail/tut1__builder.hpp
[8.123s] -- Installing: /home/ubuntu/ros_workspace/install/action_tutorials_interfaces/include/action_tutorials_interfaces/action_tutorials_interfaces/action/detail/fibonacci__traits.hpp
[8.124s] -- Installing: /home/ubuntu/ros_workspace/install/action_tutorials_interfaces/include/action_tutorials_interfaces/action_tutorials_interfaces/action/detail/tut1__struct.hpp
[8.124s] -- Installing: /home/ubuntu/ros_workspace/install/action_tutorials_interfaces/include/action_tutorials_interfaces/action_tutorials_interfaces/action/detail/assignment1_rt2__traits.hpp
[8.125s] -- Installing: /home/ubuntu/ros_workspace/install/action_tutorials_interfaces/include/action_tutorials_interfaces/action_tutorials_interfaces/action/fibonacci.hpp
[8.125s] -- Installing: /home/ubuntu/ros_workspace/install/action_tutorials_interfaces/include/action_tutorials_interfaces/action_tutorials_interfaces/action/assignment1_rt2.hpp
[8.125s] -- Installing: /home/ubuntu/ros_workspace/install/action_tutorials_interfaces/include/action_tutorials_interfaces/action_tutorials_interfaces/action/tut1.hpp
[8.126s] -- Up-to-date: /home/ubuntu/ros_workspace/install/action_tutorials_interfaces/include/action_tutorials_interfaces/action_tutorials_interfaces/msg
[8.126s] -- Installing: /home/ubuntu/ros_workspace/install/action_tutorials_interfaces/include/action_tutorials_interfaces/action_tutorials_interfaces/msg/rosidl_generator_cpp__visibility_control.hpp
[8.126s] -- Up-to-date: /home/ubuntu/ros_workspace/install/action_tutorials_interfaces/include/action_tutorials_interfaces/action_tutorials_interfaces
[8.126s] -- Up-to-date: /home/ubuntu/ros_workspace/install/action_tutorials_interfaces/include/action_tutorials_interfaces/action_tutorials_interfaces/action
[8.127s] -- Up-to-date: /home/ubuntu/ros_workspace/install/action_tutorials_interfaces/include/action_tutorials_interfaces/action_tutorials_interfaces/action/detail
[8.127s] -- Up-to-date: /home/ubuntu/ros_workspace/install/action_tutorials_interfaces/include/action_tutorials_interfaces/action_tutorials_interfaces/action/detail/dds_fastrtps
[8.127s] -- Installing: /home/ubuntu/ros_workspace/install/action_tutorials_interfaces/include/action_tutorials_interfaces/action_tutorials_interfaces/action/detail/fibonacci__rosidl_typesupport_fastrtps_cpp.hpp
[8.127s] -- Installing: /home/ubuntu/ros_workspace/install/action_tutorials_interfaces/include/action_tutorials_interfaces/action_tutorials_interfaces/action/detail/assignment1_rt2__rosidl_typesupport_fastrtps_cpp.hpp
[8.128s] -- Installing: /home/ubuntu/ros_workspace/install/action_tutorials_interfaces/include/action_tutorials_interfaces/action_tutorials_interfaces/action/detail/tut1__rosidl_typesupport_fastrtps_cpp.hpp
[8.128s] -- Up-to-date: /home/ubuntu/ros_workspace/install/action_tutorials_interfaces/include/action_tutorials_interfaces/action_tutorials_interfaces/msg
[8.128s] -- Up-to-date: /home/ubuntu/ros_workspace/install/action_tutorials_interfaces/include/action_tutorials_interfaces/action_tutorials_interfaces/msg/rosidl_typesupport_fastrtps_cpp__visibility_control.h
[8.129s] -- Installing: /home/ubuntu/ros_workspace/install/action_tutorials_interfaces/lib/libaction_tutorials_interfaces__rosidl_typesupport_fastrtps_cpp.so
[8.132s] -- Set non-toolchain portion of runtime path of "/home/ubuntu/ros_workspace/install/action_tutorials_interfaces/lib/libaction_tutorials_interfaces__rosidl_typesupport_fastrtps_cpp.so" to ""
[8.133s] -- Up-to-date: /home/ubuntu/ros_workspace/install/action_tutorials_interfaces/include/action_tutorials_interfaces/action_tutorials_interfaces
[8.133s] -- Up-to-date: /home/ubuntu/ros_workspace/install/action_tutorials_interfaces/include/action_tutorials_interfaces/action_tutorials_interfaces/action
[8.133s] -- Up-to-date: /home/ubuntu/ros_workspace/install/action_tutorials_interfaces/include/action_tutorials_interfaces/action_tutorials_interfaces/action/detail
[8.133s] -- Installing: /home/ubuntu/ros_workspace/install/action_tutorials_interfaces/include/action_tutorials_interfaces/action_tutorials_interfaces/action/detail/fibonacci__type_support.cpp
[8.133s] -- Installing: /home/ubuntu/ros_workspace/install/action_tutorials_interfaces/include/action_tutorials_interfaces/action_tutorials_interfaces/action/detail/assignment1_rt2__type_support.cpp
[8.134s] -- Installing: /home/ubuntu/ros_workspace/install/action_tutorials_interfaces/include/action_tutorials_interfaces/action_tutorials_interfaces/action/detail/fibonacci__rosidl_typesupport_introspection_cpp.hpp
[8.134s] -- Installing: /home/ubuntu/ros_workspace/install/action_tutorials_interfaces/include/action_tutorials_interfaces/action_tutorials_interfaces/action/detail/tut1__rosidl_typesupport_introspection_cpp.hpp
[8.135s] -- Installing: /home/ubuntu/ros_workspace/install/action_tutorials_interfaces/include/action_tutorials_interfaces/action_tutorials_interfaces/action/detail/tut1__type_support.cpp
[8.135s] -- Installing: /home/ubuntu/ros_workspace/install/action_tutorials_interfaces/include/action_tutorials_interfaces/action_tutorials_interfaces/action/detail/assignment1_rt2__rosidl_typesupport_introspection_cpp.hpp
[8.136s] -- Installing: /home/ubuntu/ros_workspace/install/action_tutorials_interfaces/lib/libaction_tutorials_interfaces__rosidl_typesupport_introspection_cpp.so
[8.138s] -- Set non-toolchain portion of runtime path of "/home/ubuntu/ros_workspace/install/action_tutorials_interfaces/lib/libaction_tutorials_interfaces__rosidl_typesupport_introspection_cpp.so" to ""
[8.139s] -- Installing: /home/ubuntu/ros_workspace/install/action_tutorials_interfaces/lib/libaction_tutorials_interfaces__rosidl_typesupport_cpp.so
[8.140s] -- Set non-toolchain portion of runtime path of "/home/ubuntu/ros_workspace/install/action_tutorials_interfaces/lib/libaction_tutorials_interfaces__rosidl_typesupport_cpp.so" to ""
[8.141s] -- Up-to-date: /home/ubuntu/ros_workspace/install/action_tutorials_interfaces/share/action_tutorials_interfaces/environment/pythonpath.sh
[8.141s] -- Up-to-date: /home/ubuntu/ros_workspace/install/action_tutorials_interfaces/share/action_tutorials_interfaces/environment/pythonpath.dsv
[8.141s] -- Up-to-date: /home/ubuntu/ros_workspace/install/action_tutorials_interfaces/lib/python3.12/site-packages/action_tutorials_interfaces-0.0.0-py3.12.egg-info
[8.141s] -- Installing: /home/ubuntu/ros_workspace/install/action_tutorials_interfaces/lib/python3.12/site-packages/action_tutorials_interfaces-0.0.0-py3.12.egg-info/top_level.txt
[8.141s] -- Installing: /home/ubuntu/ros_workspace/install/action_tutorials_interfaces/lib/python3.12/site-packages/action_tutorials_interfaces-0.0.0-py3.12.egg-info/SOURCES.txt
[8.141s] -- Installing: /home/ubuntu/ros_workspace/install/action_tutorials_interfaces/lib/python3.12/site-packages/action_tutorials_interfaces-0.0.0-py3.12.egg-info/PKG-INFO
[8.142s] -- Installing: /home/ubuntu/ros_workspace/install/action_tutorials_interfaces/lib/python3.12/site-packages/action_tutorials_interfaces-0.0.0-py3.12.egg-info/dependency_links.txt
[8.142s] -- Up-to-date: /home/ubuntu/ros_workspace/install/action_tutorials_interfaces/lib/python3.12/site-packages/action_tutorials_interfaces
[8.142s] -- Installing: /home/ubuntu/ros_workspace/install/action_tutorials_interfaces/lib/python3.12/site-packages/action_tutorials_interfaces/_action_tutorials_interfaces_s.ep.rosidl_typesupport_c.c
[8.144s] -- Installing: /home/ubuntu/ros_workspace/install/action_tutorials_interfaces/lib/python3.12/site-packages/action_tutorials_interfaces/action_tutorials_interfaces_s__rosidl_typesupport_fastrtps_c.so
[8.144s] -- Installing: /home/ubuntu/ros_workspace/install/action_tutorials_interfaces/lib/python3.12/site-packages/action_tutorials_interfaces/action_tutorials_interfaces_s__rosidl_typesupport_introspection_c.so
[8.145s] -- Installing: /home/ubuntu/ros_workspace/install/action_tutorials_interfaces/lib/python3.12/site-packages/action_tutorials_interfaces/_action_tutorials_interfaces_s.ep.rosidl_typesupport_introspection_c.c
[8.146s] -- Installing: /home/ubuntu/ros_workspace/install/action_tutorials_interfaces/lib/python3.12/site-packages/action_tutorials_interfaces/action_tutorials_interfaces_s__rosidl_typesupport_c.so
[8.147s] -- Installing: /home/ubuntu/ros_workspace/install/action_tutorials_interfaces/lib/python3.12/site-packages/action_tutorials_interfaces/_action_tutorials_interfaces_s.ep.rosidl_typesupport_fastrtps_c.c
[8.147s] -- Up-to-date: /home/ubuntu/ros_workspace/install/action_tutorials_interfaces/lib/python3.12/site-packages/action_tutorials_interfaces/action
[8.148s] -- Installing: /home/ubuntu/ros_workspace/install/action_tutorials_interfaces/lib/python3.12/site-packages/action_tutorials_interfaces/action/_tut1_s.c
[8.148s] -- Installing: /home/ubuntu/ros_workspace/install/action_tutorials_interfaces/lib/python3.12/site-packages/action_tutorials_interfaces/action/_fibonacci_s.c
[8.148s] -- Installing: /home/ubuntu/ros_workspace/install/action_tutorials_interfaces/lib/python3.12/site-packages/action_tutorials_interfaces/action/_tut1.py
[8.149s] -- Installing: /home/ubuntu/ros_workspace/install/action_tutorials_interfaces/lib/python3.12/site-packages/action_tutorials_interfaces/action/__init__.py
[8.149s] -- Installing: /home/ubuntu/ros_workspace/install/action_tutorials_interfaces/lib/python3.12/site-packages/action_tutorials_interfaces/action/_assignment1_rt2.py
[8.150s] -- Installing: /home/ubuntu/ros_workspace/install/action_tutorials_interfaces/lib/python3.12/site-packages/action_tutorials_interfaces/action/_fibonacci.py
[8.150s] -- Installing: /home/ubuntu/ros_workspace/install/action_tutorials_interfaces/lib/python3.12/site-packages/action_tutorials_interfaces/action/_assignment1_rt2_s.c
[8.151s] -- Installing: /home/ubuntu/ros_workspace/install/action_tutorials_interfaces/lib/python3.12/site-packages/action_tutorials_interfaces/__init__.py
[8.228s] Listing '/home/ubuntu/ros_workspace/install/action_tutorials_interfaces/lib/python3.12/site-packages/action_tutorials_interfaces'...
[8.228s] Compiling '/home/ubuntu/ros_workspace/install/action_tutorials_interfaces/lib/python3.12/site-packages/action_tutorials_interfaces/__init__.py'...
[8.228s] Listing '/home/ubuntu/ros_workspace/install/action_tutorials_interfaces/lib/python3.12/site-packages/action_tutorials_interfaces/action'...
[8.228s] Compiling '/home/ubuntu/ros_workspace/install/action_tutorials_interfaces/lib/python3.12/site-packages/action_tutorials_interfaces/action/__init__.py'...
[8.228s] Compiling '/home/ubuntu/ros_workspace/install/action_tutorials_interfaces/lib/python3.12/site-packages/action_tutorials_interfaces/action/_assignment1_rt2.py'...
[8.228s] Compiling '/home/ubuntu/ros_workspace/install/action_tutorials_interfaces/lib/python3.12/site-packages/action_tutorials_interfaces/action/_fibonacci.py'...
[8.228s] Compiling '/home/ubuntu/ros_workspace/install/action_tutorials_interfaces/lib/python3.12/site-packages/action_tutorials_interfaces/action/_tut1.py'...
[8.235s] -- Installing: /home/ubuntu/ros_workspace/install/action_tutorials_interfaces/lib/python3.12/site-packages/action_tutorials_interfaces/action_tutorials_interfaces_s__rosidl_typesupport_fastrtps_c.so
[8.236s] -- Set non-toolchain portion of runtime path of "/home/ubuntu/ros_workspace/install/action_tutorials_interfaces/lib/python3.12/site-packages/action_tutorials_interfaces/action_tutorials_interfaces_s__rosidl_typesupport_fastrtps_c.so" to ""
[8.236s] -- Installing: /home/ubuntu/ros_workspace/install/action_tutorials_interfaces/lib/python3.12/site-packages/action_tutorials_interfaces/action_tutorials_interfaces_s__rosidl_typesupport_introspection_c.so
[8.237s] -- Set non-toolchain portion of runtime path of "/home/ubuntu/ros_workspace/install/action_tutorials_interfaces/lib/python3.12/site-packages/action_tutorials_interfaces/action_tutorials_interfaces_s__rosidl_typesupport_introspection_c.so" to ""
[8.237s] -- Installing: /home/ubuntu/ros_workspace/install/action_tutorials_interfaces/lib/python3.12/site-packages/action_tutorials_interfaces/action_tutorials_interfaces_s__rosidl_typesupport_c.so
[8.238s] -- Set non-toolchain portion of runtime path of "/home/ubuntu/ros_workspace/install/action_tutorials_interfaces/lib/python3.12/site-packages/action_tutorials_interfaces/action_tutorials_interfaces_s__rosidl_typesupport_c.so" to ""
[8.238s] -- Installing: /home/ubuntu/ros_workspace/install/action_tutorials_interfaces/lib/libaction_tutorials_interfaces__rosidl_generator_py.so
[8.239s] -- Set non-toolchain portion of runtime path of "/home/ubuntu/ros_workspace/install/action_tutorials_interfaces/lib/libaction_tutorials_interfaces__rosidl_generator_py.so" to ""
[8.240s] -- Up-to-date: /home/ubuntu/ros_workspace/install/action_tutorials_interfaces/share/action_tutorials_interfaces/action/Fibonacci.idl
[8.240s] -- Up-to-date: /home/ubuntu/ros_workspace/install/action_tutorials_interfaces/share/action_tutorials_interfaces/action/Tut1.idl
[8.240s] -- Installing: /home/ubuntu/ros_workspace/install/action_tutorials_interfaces/share/action_tutorials_interfaces/action/Assignment1RT2.idl
[8.240s] -- Up-to-date: /home/ubuntu/ros_workspace/install/action_tutorials_interfaces/share/action_tutorials_interfaces/action/Fibonacci.action
[8.240s] -- Up-to-date: /home/ubuntu/ros_workspace/install/action_tutorials_interfaces/share/action_tutorials_interfaces/action/Tut1.action
[8.241s] -- Installing: /home/ubuntu/ros_workspace/install/action_tutorials_interfaces/share/action_tutorials_interfaces/action/Assignment1RT2.action
[8.241s] -- Up-to-date: /home/ubuntu/ros_workspace/install/action_tutorials_interfaces/share/ament_index/resource_index/package_run_dependencies/action_tutorials_interfaces
[8.241s] -- Installing: /home/ubuntu/ros_workspace/install/action_tutorials_interfaces/share/ament_index/resource_index/parent_prefix_path/action_tutorials_interfaces
[8.242s] -- Up-to-date: /home/ubuntu/ros_workspace/install/action_tutorials_interfaces/share/action_tutorials_interfaces/environment/ament_prefix_path.sh
[8.242s] -- Up-to-date: /home/ubuntu/ros_workspace/install/action_tutorials_interfaces/share/action_tutorials_interfaces/environment/ament_prefix_path.dsv
[8.242s] -- Up-to-date: /home/ubuntu/ros_workspace/install/action_tutorials_interfaces/share/action_tutorials_interfaces/environment/path.sh
[8.242s] -- Up-to-date: /home/ubuntu/ros_workspace/install/action_tutorials_interfaces/share/action_tutorials_interfaces/environment/path.dsv
[8.242s] -- Up-to-date: /home/ubuntu/ros_workspace/install/action_tutorials_interfaces/share/action_tutorials_interfaces/local_setup.bash
[8.242s] -- Up-to-date: /home/ubuntu/ros_workspace/install/action_tutorials_interfaces/share/action_tutorials_interfaces/local_setup.sh
[8.243s] -- Up-to-date: /home/ubuntu/ros_workspace/install/action_tutorials_interfaces/share/action_tutorials_interfaces/local_setup.zsh
[8.243s] -- Up-to-date: /home/ubuntu/ros_workspace/install/action_tutorials_interfaces/share/action_tutorials_interfaces/local_setup.dsv
[8.243s] -- Installing: /home/ubuntu/ros_workspace/install/action_tutorials_interfaces/share/action_tutorials_interfaces/package.dsv
[8.243s] -- Up-to-date: /home/ubuntu/ros_workspace/install/action_tutorials_interfaces/share/ament_index/resource_index/packages/action_tutorials_interfaces
[8.243s] -- Up-to-date: /home/ubuntu/ros_workspace/install/action_tutorials_interfaces/share/action_tutorials_interfaces/cmake/export_action_tutorials_interfaces__rosidl_generator_cExport.cmake
[8.243s] -- Up-to-date: /home/ubuntu/ros_workspace/install/action_tutorials_interfaces/share/action_tutorials_interfaces/cmake/export_action_tutorials_interfaces__rosidl_generator_cExport-noconfig.cmake
[8.243s] -- Up-to-date: /home/ubuntu/ros_workspace/install/action_tutorials_interfaces/share/action_tutorials_interfaces/cmake/export_action_tutorials_interfaces__rosidl_typesupport_fastrtps_cExport.cmake
[8.244s] -- Up-to-date: /home/ubuntu/ros_workspace/install/action_tutorials_interfaces/share/action_tutorials_interfaces/cmake/export_action_tutorials_interfaces__rosidl_typesupport_fastrtps_cExport-noconfig.cmake
[8.244s] -- Up-to-date: /home/ubuntu/ros_workspace/install/action_tutorials_interfaces/share/action_tutorials_interfaces/cmake/action_tutorials_interfaces__rosidl_typesupport_introspection_cExport.cmake
[8.244s] -- Up-to-date: /home/ubuntu/ros_workspace/install/action_tutorials_interfaces/share/action_tutorials_interfaces/cmake/action_tutorials_interfaces__rosidl_typesupport_introspection_cExport-noconfig.cmake
[8.244s] -- Up-to-date: /home/ubuntu/ros_workspace/install/action_tutorials_interfaces/share/action_tutorials_interfaces/cmake/action_tutorials_interfaces__rosidl_typesupport_cExport.cmake
[8.244s] -- Up-to-date: /home/ubuntu/ros_workspace/install/action_tutorials_interfaces/share/action_tutorials_interfaces/cmake/action_tutorials_interfaces__rosidl_typesupport_cExport-noconfig.cmake
[8.244s] -- Up-to-date: /home/ubuntu/ros_workspace/install/action_tutorials_interfaces/share/action_tutorials_interfaces/cmake/export_action_tutorials_interfaces__rosidl_generator_cppExport.cmake
[8.244s] -- Up-to-date: /home/ubuntu/ros_workspace/install/action_tutorials_interfaces/share/action_tutorials_interfaces/cmake/export_action_tutorials_interfaces__rosidl_typesupport_fastrtps_cppExport.cmake
[8.244s] -- Up-to-date: /home/ubuntu/ros_workspace/install/action_tutorials_interfaces/share/action_tutorials_interfaces/cmake/export_action_tutorials_interfaces__rosidl_typesupport_fastrtps_cppExport-noconfig.cmake
[8.245s] -- Up-to-date: /home/ubuntu/ros_workspace/install/action_tutorials_interfaces/share/action_tutorials_interfaces/cmake/action_tutorials_interfaces__rosidl_typesupport_introspection_cppExport.cmake
[8.245s] -- Up-to-date: /home/ubuntu/ros_workspace/install/action_tutorials_interfaces/share/action_tutorials_interfaces/cmake/action_tutorials_interfaces__rosidl_typesupport_introspection_cppExport-noconfig.cmake
[8.245s] -- Up-to-date: /home/ubuntu/ros_workspace/install/action_tutorials_interfaces/share/action_tutorials_interfaces/cmake/action_tutorials_interfaces__rosidl_typesupport_cppExport.cmake
[8.245s] -- Up-to-date: /home/ubuntu/ros_workspace/install/action_tutorials_interfaces/share/action_tutorials_interfaces/cmake/action_tutorials_interfaces__rosidl_typesupport_cppExport-noconfig.cmake
[8.245s] -- Up-to-date: /home/ubuntu/ros_workspace/install/action_tutorials_interfaces/share/action_tutorials_interfaces/cmake/export_action_tutorials_interfaces__rosidl_generator_pyExport.cmake
[8.245s] -- Up-to-date: /home/ubuntu/ros_workspace/install/action_tutorials_interfaces/share/action_tutorials_interfaces/cmake/export_action_tutorials_interfaces__rosidl_generator_pyExport-noconfig.cmake
[8.245s] -- Installing: /home/ubuntu/ros_workspace/install/action_tutorials_interfaces/share/action_tutorials_interfaces/cmake/rosidl_cmake-extras.cmake
[8.246s] -- Up-to-date: /home/ubuntu/ros_workspace/install/action_tutorials_interfaces/share/action_tutorials_interfaces/cmake/ament_cmake_export_dependencies-extras.cmake
[8.246s] -- Up-to-date: /home/ubuntu/ros_workspace/install/action_tutorials_interfaces/share/action_tutorials_interfaces/cmake/ament_cmake_export_include_directories-extras.cmake
[8.246s] -- Up-to-date: /home/ubuntu/ros_workspace/install/action_tutorials_interfaces/share/action_tutorials_interfaces/cmake/ament_cmake_export_libraries-extras.cmake
[8.246s] -- Up-to-date: /home/ubuntu/ros_workspace/install/action_tutorials_interfaces/share/action_tutorials_interfaces/cmake/ament_cmake_export_targets-extras.cmake
[8.247s] -- Up-to-date: /home/ubuntu/ros_workspace/install/action_tutorials_interfaces/share/action_tutorials_interfaces/cmake/rosidl_cmake_export_typesupport_targets-extras.cmake
[8.247s] -- Up-to-date: /home/ubuntu/ros_workspace/install/action_tutorials_interfaces/share/action_tutorials_interfaces/cmake/rosidl_cmake_export_typesupport_libraries-extras.cmake
[8.247s] -- Up-to-date: /home/ubuntu/ros_workspace/install/action_tutorials_interfaces/share/action_tutorials_interfaces/cmake/action_tutorials_interfacesConfig.cmake
[8.247s] -- Up-to-date: /home/ubuntu/ros_workspace/install/action_tutorials_interfaces/share/action_tutorials_interfaces/cmake/action_tutorials_interfacesConfig-version.cmake
[8.247s] -- Up-to-date: /home/ubuntu/ros_workspace/install/action_tutorials_interfaces/share/action_tutorials_interfaces/package.xml
[8.251s] Invoked command in '/home/ubuntu/ros_workspace/build/action_tutorials_interfaces' returned '0': CMAKE_PREFIX_PATH=${CMAKE_PREFIX_PATH}:/home/ubuntu/ros_workspace/install/tutorial_1_action:/home/ubuntu/ros_workspace/install/turtle_action_client:/home/ubuntu/ros_workspace/install/assignment2_rt_py:/home/ubuntu/ros_workspace/install/assignment1_rt_py:/home/ubuntu/ros_workspace/install/python_tf2_pkg:/home/ubuntu/ros_workspace/install/python_package:/home/ubuntu/ros_workspace/install/first_package_py:/home/ubuntu/ros_workspace/install/fibonacci:/home/ubuntu/ros_workspace/install/exam_example_2:/home/ubuntu/ros_workspace/install/exam_example:/opt/ros/jazzy /usr/bin/cmake --install /home/ubuntu/ros_workspace/build/action_tutorials_interfaces
