[0.040s] Invoking command in '/home/ubuntu/ros_workspace/build/first_package_cpp': CMAKE_PREFIX_PATH=${CMAKE_PREFIX_PATH}:/home/ubuntu/ros_workspace/install/python_package:/opt/ros/jazzy /usr/bin/cmake --build /home/ubuntu/ros_workspace/build/first_package_cpp -- -j16 -l16
[0.278s] [100%] Built target talker
[0.301s] Invoked command in '/home/ubuntu/ros_workspace/build/first_package_cpp' returned '0': CMAKE_PREFIX_PATH=${CMAKE_PREFIX_PATH}:/home/ubuntu/ros_workspace/install/python_package:/opt/ros/jazzy /usr/bin/cmake --build /home/ubuntu/ros_workspace/build/first_package_cpp -- -j16 -l16
[0.303s] Invoking command in '/home/ubuntu/ros_workspace/build/first_package_cpp': CMAKE_PREFIX_PATH=${CMAKE_PREFIX_PATH}:/home/ubuntu/ros_workspace/install/python_package:/opt/ros/jazzy /usr/bin/cmake --install /home/ubuntu/ros_workspace/build/first_package_cpp
[0.324s] -- Install configuration: ""
[0.326s] -- Up-to-date: /home/ubuntu/ros_workspace/install/first_package_cpp/lib/first_package_cpp/talker
[0.327s] -- Up-to-date: /home/ubuntu/ros_workspace/install/first_package_cpp/share/ament_index/resource_index/package_run_dependencies/first_package_cpp
[0.328s] -- Up-to-date: /home/ubuntu/ros_workspace/install/first_package_cpp/share/ament_index/resource_index/parent_prefix_path/first_package_cpp
[0.330s] -- Up-to-date: /home/ubuntu/ros_workspace/install/first_package_cpp/share/first_package_cpp/environment/ament_prefix_path.sh
[0.330s] -- Up-to-date: /home/ubuntu/ros_workspace/install/first_package_cpp/share/first_package_cpp/environment/ament_prefix_path.dsv
[0.330s] -- Up-to-date: /home/ubuntu/ros_workspace/install/first_package_cpp/share/first_package_cpp/environment/path.sh
[0.331s] -- Up-to-date: /home/ubuntu/ros_workspace/install/first_package_cpp/share/first_package_cpp/environment/path.dsv
[0.331s] -- Up-to-date: /home/ubuntu/ros_workspace/install/first_package_cpp/share/first_package_cpp/local_setup.bash
[0.331s] -- Up-to-date: /home/ubuntu/ros_workspace/install/first_package_cpp/share/first_package_cpp/local_setup.sh
[0.331s] -- Up-to-date: /home/ubuntu/ros_workspace/install/first_package_cpp/share/first_package_cpp/local_setup.zsh
[0.332s] -- Up-to-date: /home/ubuntu/ros_workspace/install/first_package_cpp/share/first_package_cpp/local_setup.dsv
[0.332s] -- Installing: /home/ubuntu/ros_workspace/install/first_package_cpp/share/first_package_cpp/package.dsv
[0.332s] -- Up-to-date: /home/ubuntu/ros_workspace/install/first_package_cpp/share/ament_index/resource_index/packages/first_package_cpp
[0.333s] -- Up-to-date: /home/ubuntu/ros_workspace/install/first_package_cpp/share/first_package_cpp/cmake/first_package_cppConfig.cmake
[0.333s] -- Up-to-date: /home/ubuntu/ros_workspace/install/first_package_cpp/share/first_package_cpp/cmake/first_package_cppConfig-version.cmake
[0.333s] -- Up-to-date: /home/ubuntu/ros_workspace/install/first_package_cpp/share/first_package_cpp/package.xml
[0.366s] Invoked command in '/home/ubuntu/ros_workspace/build/first_package_cpp' returned '0': CMAKE_PREFIX_PATH=${CMAKE_PREFIX_PATH}:/home/ubuntu/ros_workspace/install/python_package:/opt/ros/jazzy /usr/bin/cmake --install /home/ubuntu/ros_workspace/build/first_package_cpp
