[01m[K/home/ubuntu/ros_workspace/src/assignment1_rt/src/two_turtles.cpp:[m[K In constructor ‘[01m[KTwoTurtles::[01;32m[KTwoTurtles[m[K()[m[K’:
[01m[K/home/ubuntu/ros_workspace/src/assignment1_rt/src/two_turtles.cpp:27:26:[m[K [01;31m[Kerror: [m[K‘[01m[Kclass TwoTurtles[m[K’ has no member named ‘[01m[Kcreate_subscriber[m[K’; did you mean ‘[01m[Kcreate_subscription[m[K’?
   27 |       subscribe_ = this->[01;31m[Kcreate_subscriber[m[K<std_msgs::msg::String>("distance_topic",10,std::bind(&TwoTurtles::topic_callback, this, _1));
      |                          [01;31m[K^~~~~~~~~~~~~~~~~[m[K
      |                          [32m[Kcreate_subscription[m[K
[01m[K/home/ubuntu/ros_workspace/src/assignment1_rt/src/two_turtles.cpp:27:65:[m[K [01;31m[Kerror: [m[Kexpected primary-expression before ‘[01m[K>[m[K’ token
   27 |       subscribe_ = this->create_subscriber<std_msgs::msg::String[01;31m[K>[m[K("distance_topic",10,std::bind(&TwoTurtles::topic_callback, this, _1));
      |                                                                 [01;31m[K^[m[K
[01m[K/home/ubuntu/ros_workspace/src/assignment1_rt/src/two_turtles.cpp:27:67:[m[K [01;35m[Kwarning: [m[Kleft operand of comma operator has no effect [[01;35m[K]8;;https://gcc.gnu.org/onlinedocs/gcc/Warning-Options.html#index-Wunused-value-Wunused-value]8;;[m[K]
   27 |       subscribe_ = this->create_subscriber<std_msgs::msg::String>([01;35m[K"distance_topic"[m[K,10,std::bind(&TwoTurtles::topic_callback, this, _1));
      |                                                                   [01;35m[K^~~~~~~~~~~~~~~~[m[K
[01m[K/home/ubuntu/ros_workspace/src/assignment1_rt/src/two_turtles.cpp:27:134:[m[K [01;35m[Kwarning: [m[Kright operand of comma operator has no effect [[01;35m[K]8;;https://gcc.gnu.org/onlinedocs/gcc/Warning-Options.html#index-Wunused-value-Wunused-value]8;;[m[K]
   27 | be_ = this->create_subscriber<std_msgs::msg::String>("distance_topic",10,std::bind(&TwoTurtles::topic_callback, this, _1[01;35m[K)[m[K);
      |                                                                                                                         [01;35m[K^[m[K

[01m[K/home/ubuntu/ros_workspace/src/assignment1_rt/src/two_turtles.cpp:[m[K In member function ‘[01m[Kvoid TwoTurtles::[01;32m[Ktimer_callback[m[K()[m[K’:
[01m[K/home/ubuntu/ros_workspace/src/assignment1_rt/src/two_turtles.cpp:114:17:[m[K [01;31m[Kerror: [m[Kexpected ‘[01m[K}[m[K’ before ‘[01m[Kelse[m[K’
  114 |                 [01;31m[Kelse[m[K {
      |                 [01;31m[K^~~~[m[K
[01m[K/home/ubuntu/ros_workspace/src/assignment1_rt/src/two_turtles.cpp:63:24:[m[K [01;36m[Knote: [m[Kto match this ‘[01m[K{[m[K’
   63 |             if (!stop_)[01;36m[K{[m[K
      |                        [01;36m[K^[m[K
gmake[2]: *** [CMakeFiles/turtles.dir/build.make:76: CMakeFiles/turtles.dir/src/two_turtles.cpp.o] Error 1
gmake[1]: *** [CMakeFiles/Makefile2:139: CMakeFiles/turtles.dir/all] Error 2
gmake: *** [Makefile:146: all] Error 2
