[  1%] Built target robot_custom_msgs__rosidl_generator_type_description
[  1%] Built target ament_cmake_python_copy_robot_custom_msgs
[  2%] Built target robot_custom_msgs__cpp
[ 25%] Built target robot_custom_msgs__rosidl_generator_c
[ 35%] Built target robot_custom_msgs__rosidl_typesupport_introspection_c
[ 44%] Built target robot_custom_msgs__rosidl_typesupport_c
[ 60%] Built target robot_custom_msgs__rosidl_typesupport_introspection_cpp
[ 63%] Built target robot_custom_msgs__rosidl_typesupport_cpp
[ 82%] Built target robot_custom_msgs__rosidl_typesupport_fastrtps_c
[ 82%] Built target robot_custom_msgs__rosidl_typesupport_fastrtps_cpp
[ 82%] Built target robot_custom_msgs
[ 83%] Built target robot_custom_msgs__py
[ 91%] Built target robot_custom_msgs__rosidl_generator_py
running egg_info
writing robot_custom_msgs.egg-info/PKG-INFO
writing dependency_links to robot_custom_msgs.egg-info/dependency_links.txt
writing top-level names to robot_custom_msgs.egg-info/top_level.txt
[ 97%] Built target robot_custom_msgs_s__rosidl_typesupport_fastrtps_c
[ 97%] Built target robot_custom_msgs_s__rosidl_typesupport_introspection_c
[100%] Built target robot_custom_msgs_s__rosidl_typesupport_c
reading manifest file 'robot_custom_msgs.egg-info/SOURCES.txt'
writing manifest file 'robot_custom_msgs.egg-info/SOURCES.txt'
[100%] Built target ament_cmake_python_build_robot_custom_msgs_egg
-- Install configuration: ""
-- Installing: /home/ubuntu/ros_workspace/install/robot_custom_msgs/share/ament_index/resource_index/rosidl_interfaces/robot_custom_msgs
-- Installing: /home/ubuntu/ros_workspace/install/robot_custom_msgs/share/robot_custom_msgs/msg/Custom.json
-- Installing: /home/ubuntu/ros_workspace/install/robot_custom_msgs/share/robot_custom_msgs/msg/ExamCustom.json
-- Installing: /home/ubuntu/ros_workspace/install/robot_custom_msgs/share/robot_custom_msgs/srv/Velocity.json
-- Installing: /home/ubuntu/ros_workspace/install/robot_custom_msgs/share/robot_custom_msgs/srv/Average.json
-- Installing: /home/ubuntu/ros_workspace/install/robot_custom_msgs/share/robot_custom_msgs/srv/Threshold.json
-- Installing: /home/ubuntu/ros_workspace/install/robot_custom_msgs/include/robot_custom_msgs/robot_custom_msgs
-- Installing: /home/ubuntu/ros_workspace/install/robot_custom_msgs/include/robot_custom_msgs/robot_custom_msgs/srv
-- Installing: /home/ubuntu/ros_workspace/install/robot_custom_msgs/include/robot_custom_msgs/robot_custom_msgs/srv/detail
-- Installing: /home/ubuntu/ros_workspace/install/robot_custom_msgs/include/robot_custom_msgs/robot_custom_msgs/srv/detail/velocity__struct.h
-- Installing: /home/ubuntu/ros_workspace/install/robot_custom_msgs/include/robot_custom_msgs/robot_custom_msgs/srv/detail/average__functions.h
-- Installing: /home/ubuntu/ros_workspace/install/robot_custom_msgs/include/robot_custom_msgs/robot_custom_msgs/srv/detail/average__type_support.h
-- Installing: /home/ubuntu/ros_workspace/install/robot_custom_msgs/include/robot_custom_msgs/robot_custom_msgs/srv/detail/threshold__description.c
-- Installing: /home/ubuntu/ros_workspace/install/robot_custom_msgs/include/robot_custom_msgs/robot_custom_msgs/srv/detail/threshold__functions.c
-- Installing: /home/ubuntu/ros_workspace/install/robot_custom_msgs/include/robot_custom_msgs/robot_custom_msgs/srv/detail/threshold__type_support.h
-- Installing: /home/ubuntu/ros_workspace/install/robot_custom_msgs/include/robot_custom_msgs/robot_custom_msgs/srv/detail/velocity__description.c
-- Installing: /home/ubuntu/ros_workspace/install/robot_custom_msgs/include/robot_custom_msgs/robot_custom_msgs/srv/detail/threshold__type_support.c
-- Installing: /home/ubuntu/ros_workspace/install/robot_custom_msgs/include/robot_custom_msgs/robot_custom_msgs/srv/detail/average__type_support.c
-- Installing: /home/ubuntu/ros_workspace/install/robot_custom_msgs/include/robot_custom_msgs/robot_custom_msgs/srv/detail/velocity__type_support.h
-- Installing: /home/ubuntu/ros_workspace/install/robot_custom_msgs/include/robot_custom_msgs/robot_custom_msgs/srv/detail/velocity__functions.h
-- Installing: /home/ubuntu/ros_workspace/install/robot_custom_msgs/include/robot_custom_msgs/robot_custom_msgs/srv/detail/threshold__struct.h
-- Installing: /home/ubuntu/ros_workspace/install/robot_custom_msgs/include/robot_custom_msgs/robot_custom_msgs/srv/detail/velocity__type_support.c
-- Installing: /home/ubuntu/ros_workspace/install/robot_custom_msgs/include/robot_custom_msgs/robot_custom_msgs/srv/detail/velocity__functions.c
-- Installing: /home/ubuntu/ros_workspace/install/robot_custom_msgs/include/robot_custom_msgs/robot_custom_msgs/srv/detail/average__functions.c
-- Installing: /home/ubuntu/ros_workspace/install/robot_custom_msgs/include/robot_custom_msgs/robot_custom_msgs/srv/detail/threshold__functions.h
-- Installing: /home/ubuntu/ros_workspace/install/robot_custom_msgs/include/robot_custom_msgs/robot_custom_msgs/srv/detail/average__description.c
-- Installing: /home/ubuntu/ros_workspace/install/robot_custom_msgs/include/robot_custom_msgs/robot_custom_msgs/srv/detail/average__struct.h
-- Installing: /home/ubuntu/ros_workspace/install/robot_custom_msgs/include/robot_custom_msgs/robot_custom_msgs/srv/velocity.h
-- Installing: /home/ubuntu/ros_workspace/install/robot_custom_msgs/include/robot_custom_msgs/robot_custom_msgs/srv/threshold.h
-- Installing: /home/ubuntu/ros_workspace/install/robot_custom_msgs/include/robot_custom_msgs/robot_custom_msgs/srv/average.h
-- Installing: /home/ubuntu/ros_workspace/install/robot_custom_msgs/include/robot_custom_msgs/robot_custom_msgs/msg
-- Installing: /home/ubuntu/ros_workspace/install/robot_custom_msgs/include/robot_custom_msgs/robot_custom_msgs/msg/detail
-- Installing: /home/ubuntu/ros_workspace/install/robot_custom_msgs/include/robot_custom_msgs/robot_custom_msgs/msg/detail/custom__description.c
-- Installing: /home/ubuntu/ros_workspace/install/robot_custom_msgs/include/robot_custom_msgs/robot_custom_msgs/msg/detail/exam_custom__functions.c
-- Installing: /home/ubuntu/ros_workspace/install/robot_custom_msgs/include/robot_custom_msgs/robot_custom_msgs/msg/detail/exam_custom__description.c
-- Installing: /home/ubuntu/ros_workspace/install/robot_custom_msgs/include/robot_custom_msgs/robot_custom_msgs/msg/detail/custom__type_support.c
-- Installing: /home/ubuntu/ros_workspace/install/robot_custom_msgs/include/robot_custom_msgs/robot_custom_msgs/msg/detail/custom__functions.c
-- Installing: /home/ubuntu/ros_workspace/install/robot_custom_msgs/include/robot_custom_msgs/robot_custom_msgs/msg/detail/exam_custom__type_support.c
-- Installing: /home/ubuntu/ros_workspace/install/robot_custom_msgs/include/robot_custom_msgs/robot_custom_msgs/msg/detail/exam_custom__type_support.h
-- Installing: /home/ubuntu/ros_workspace/install/robot_custom_msgs/include/robot_custom_msgs/robot_custom_msgs/msg/detail/exam_custom__struct.h
-- Installing: /home/ubuntu/ros_workspace/install/robot_custom_msgs/include/robot_custom_msgs/robot_custom_msgs/msg/detail/exam_custom__functions.h
-- Installing: /home/ubuntu/ros_workspace/install/robot_custom_msgs/include/robot_custom_msgs/robot_custom_msgs/msg/detail/custom__type_support.h
-- Installing: /home/ubuntu/ros_workspace/install/robot_custom_msgs/include/robot_custom_msgs/robot_custom_msgs/msg/detail/custom__functions.h
-- Installing: /home/ubuntu/ros_workspace/install/robot_custom_msgs/include/robot_custom_msgs/robot_custom_msgs/msg/detail/custom__struct.h
-- Installing: /home/ubuntu/ros_workspace/install/robot_custom_msgs/include/robot_custom_msgs/robot_custom_msgs/msg/exam_custom.h
-- Installing: /home/ubuntu/ros_workspace/install/robot_custom_msgs/include/robot_custom_msgs/robot_custom_msgs/msg/custom.h
-- Installing: /home/ubuntu/ros_workspace/install/robot_custom_msgs/include/robot_custom_msgs/robot_custom_msgs/msg/rosidl_generator_c__visibility_control.h
-- Installing: /home/ubuntu/ros_workspace/install/robot_custom_msgs/share/robot_custom_msgs/environment/library_path.sh
-- Installing: /home/ubuntu/ros_workspace/install/robot_custom_msgs/share/robot_custom_msgs/environment/library_path.dsv
-- Installing: /home/ubuntu/ros_workspace/install/robot_custom_msgs/lib/librobot_custom_msgs__rosidl_generator_c.so
-- Set non-toolchain portion of runtime path of "/home/ubuntu/ros_workspace/install/robot_custom_msgs/lib/librobot_custom_msgs__rosidl_generator_c.so" to ""
-- Up-to-date: /home/ubuntu/ros_workspace/install/robot_custom_msgs/include/robot_custom_msgs/robot_custom_msgs
-- Up-to-date: /home/ubuntu/ros_workspace/install/robot_custom_msgs/include/robot_custom_msgs/robot_custom_msgs/srv
-- Up-to-date: /home/ubuntu/ros_workspace/install/robot_custom_msgs/include/robot_custom_msgs/robot_custom_msgs/srv/detail
-- Installing: /home/ubuntu/ros_workspace/install/robot_custom_msgs/include/robot_custom_msgs/robot_custom_msgs/srv/detail/velocity__rosidl_typesupport_fastrtps_c.h
-- Installing: /home/ubuntu/ros_workspace/install/robot_custom_msgs/include/robot_custom_msgs/robot_custom_msgs/srv/detail/average__rosidl_typesupport_fastrtps_c.h
-- Installing: /home/ubuntu/ros_workspace/install/robot_custom_msgs/include/robot_custom_msgs/robot_custom_msgs/srv/detail/threshold__rosidl_typesupport_fastrtps_c.h
-- Up-to-date: /home/ubuntu/ros_workspace/install/robot_custom_msgs/include/robot_custom_msgs/robot_custom_msgs/msg
-- Up-to-date: /home/ubuntu/ros_workspace/install/robot_custom_msgs/include/robot_custom_msgs/robot_custom_msgs/msg/detail
-- Installing: /home/ubuntu/ros_workspace/install/robot_custom_msgs/include/robot_custom_msgs/robot_custom_msgs/msg/detail/custom__rosidl_typesupport_fastrtps_c.h
-- Installing: /home/ubuntu/ros_workspace/install/robot_custom_msgs/include/robot_custom_msgs/robot_custom_msgs/msg/detail/exam_custom__rosidl_typesupport_fastrtps_c.h
-- Installing: /home/ubuntu/ros_workspace/install/robot_custom_msgs/include/robot_custom_msgs/robot_custom_msgs/msg/rosidl_typesupport_fastrtps_c__visibility_control.h
-- Installing: /home/ubuntu/ros_workspace/install/robot_custom_msgs/lib/librobot_custom_msgs__rosidl_typesupport_fastrtps_c.so
-- Set non-toolchain portion of runtime path of "/home/ubuntu/ros_workspace/install/robot_custom_msgs/lib/librobot_custom_msgs__rosidl_typesupport_fastrtps_c.so" to ""
-- Up-to-date: /home/ubuntu/ros_workspace/install/robot_custom_msgs/include/robot_custom_msgs/robot_custom_msgs
-- Up-to-date: /home/ubuntu/ros_workspace/install/robot_custom_msgs/include/robot_custom_msgs/robot_custom_msgs/srv
-- Up-to-date: /home/ubuntu/ros_workspace/install/robot_custom_msgs/include/robot_custom_msgs/robot_custom_msgs/srv/detail
-- Installing: /home/ubuntu/ros_workspace/install/robot_custom_msgs/include/robot_custom_msgs/robot_custom_msgs/srv/detail/threshold__rosidl_typesupport_introspection_c.h
-- Installing: /home/ubuntu/ros_workspace/install/robot_custom_msgs/include/robot_custom_msgs/robot_custom_msgs/srv/detail/threshold__type_support.c
-- Installing: /home/ubuntu/ros_workspace/install/robot_custom_msgs/include/robot_custom_msgs/robot_custom_msgs/srv/detail/average__rosidl_typesupport_introspection_c.h
-- Installing: /home/ubuntu/ros_workspace/install/robot_custom_msgs/include/robot_custom_msgs/robot_custom_msgs/srv/detail/average__type_support.c
-- Installing: /home/ubuntu/ros_workspace/install/robot_custom_msgs/include/robot_custom_msgs/robot_custom_msgs/srv/detail/velocity__type_support.c
-- Installing: /home/ubuntu/ros_workspace/install/robot_custom_msgs/include/robot_custom_msgs/robot_custom_msgs/srv/detail/velocity__rosidl_typesupport_introspection_c.h
-- Up-to-date: /home/ubuntu/ros_workspace/install/robot_custom_msgs/include/robot_custom_msgs/robot_custom_msgs/msg
-- Up-to-date: /home/ubuntu/ros_workspace/install/robot_custom_msgs/include/robot_custom_msgs/robot_custom_msgs/msg/detail
-- Installing: /home/ubuntu/ros_workspace/install/robot_custom_msgs/include/robot_custom_msgs/robot_custom_msgs/msg/detail/custom__rosidl_typesupport_introspection_c.h
-- Installing: /home/ubuntu/ros_workspace/install/robot_custom_msgs/include/robot_custom_msgs/robot_custom_msgs/msg/detail/exam_custom__rosidl_typesupport_introspection_c.h
-- Installing: /home/ubuntu/ros_workspace/install/robot_custom_msgs/include/robot_custom_msgs/robot_custom_msgs/msg/detail/custom__type_support.c
-- Installing: /home/ubuntu/ros_workspace/install/robot_custom_msgs/include/robot_custom_msgs/robot_custom_msgs/msg/detail/exam_custom__type_support.c
-- Installing: /home/ubuntu/ros_workspace/install/robot_custom_msgs/include/robot_custom_msgs/robot_custom_msgs/msg/rosidl_typesupport_introspection_c__visibility_control.h
-- Installing: /home/ubuntu/ros_workspace/install/robot_custom_msgs/lib/librobot_custom_msgs__rosidl_typesupport_introspection_c.so
-- Set non-toolchain portion of runtime path of "/home/ubuntu/ros_workspace/install/robot_custom_msgs/lib/librobot_custom_msgs__rosidl_typesupport_introspection_c.so" to ""
-- Installing: /home/ubuntu/ros_workspace/install/robot_custom_msgs/lib/librobot_custom_msgs__rosidl_typesupport_c.so
-- Set non-toolchain portion of runtime path of "/home/ubuntu/ros_workspace/install/robot_custom_msgs/lib/librobot_custom_msgs__rosidl_typesupport_c.so" to ""
-- Up-to-date: /home/ubuntu/ros_workspace/install/robot_custom_msgs/include/robot_custom_msgs/robot_custom_msgs
-- Up-to-date: /home/ubuntu/ros_workspace/install/robot_custom_msgs/include/robot_custom_msgs/robot_custom_msgs/srv
-- Up-to-date: /home/ubuntu/ros_workspace/install/robot_custom_msgs/include/robot_custom_msgs/robot_custom_msgs/srv/detail
-- Installing: /home/ubuntu/ros_workspace/install/robot_custom_msgs/include/robot_custom_msgs/robot_custom_msgs/srv/detail/threshold__struct.hpp
-- Installing: /home/ubuntu/ros_workspace/install/robot_custom_msgs/include/robot_custom_msgs/robot_custom_msgs/srv/detail/average__struct.hpp
-- Installing: /home/ubuntu/ros_workspace/install/robot_custom_msgs/include/robot_custom_msgs/robot_custom_msgs/srv/detail/average__type_support.hpp
-- Installing: /home/ubuntu/ros_workspace/install/robot_custom_msgs/include/robot_custom_msgs/robot_custom_msgs/srv/detail/threshold__builder.hpp
-- Installing: /home/ubuntu/ros_workspace/install/robot_custom_msgs/include/robot_custom_msgs/robot_custom_msgs/srv/detail/velocity__traits.hpp
-- Installing: /home/ubuntu/ros_workspace/install/robot_custom_msgs/include/robot_custom_msgs/robot_custom_msgs/srv/detail/threshold__type_support.hpp
-- Installing: /home/ubuntu/ros_workspace/install/robot_custom_msgs/include/robot_custom_msgs/robot_custom_msgs/srv/detail/threshold__traits.hpp
-- Installing: /home/ubuntu/ros_workspace/install/robot_custom_msgs/include/robot_custom_msgs/robot_custom_msgs/srv/detail/velocity__type_support.hpp
-- Installing: /home/ubuntu/ros_workspace/install/robot_custom_msgs/include/robot_custom_msgs/robot_custom_msgs/srv/detail/average__traits.hpp
-- Installing: /home/ubuntu/ros_workspace/install/robot_custom_msgs/include/robot_custom_msgs/robot_custom_msgs/srv/detail/average__builder.hpp
-- Installing: /home/ubuntu/ros_workspace/install/robot_custom_msgs/include/robot_custom_msgs/robot_custom_msgs/srv/detail/velocity__builder.hpp
-- Installing: /home/ubuntu/ros_workspace/install/robot_custom_msgs/include/robot_custom_msgs/robot_custom_msgs/srv/detail/velocity__struct.hpp
-- Installing: /home/ubuntu/ros_workspace/install/robot_custom_msgs/include/robot_custom_msgs/robot_custom_msgs/srv/threshold.hpp
-- Installing: /home/ubuntu/ros_workspace/install/robot_custom_msgs/include/robot_custom_msgs/robot_custom_msgs/srv/velocity.hpp
-- Installing: /home/ubuntu/ros_workspace/install/robot_custom_msgs/include/robot_custom_msgs/robot_custom_msgs/srv/average.hpp
-- Up-to-date: /home/ubuntu/ros_workspace/install/robot_custom_msgs/include/robot_custom_msgs/robot_custom_msgs/msg
-- Up-to-date: /home/ubuntu/ros_workspace/install/robot_custom_msgs/include/robot_custom_msgs/robot_custom_msgs/msg/detail
-- Installing: /home/ubuntu/ros_workspace/install/robot_custom_msgs/include/robot_custom_msgs/robot_custom_msgs/msg/detail/exam_custom__type_support.hpp
-- Installing: /home/ubuntu/ros_workspace/install/robot_custom_msgs/include/robot_custom_msgs/robot_custom_msgs/msg/detail/custom__builder.hpp
-- Installing: /home/ubuntu/ros_workspace/install/robot_custom_msgs/include/robot_custom_msgs/robot_custom_msgs/msg/detail/exam_custom__traits.hpp
-- Installing: /home/ubuntu/ros_workspace/install/robot_custom_msgs/include/robot_custom_msgs/robot_custom_msgs/msg/detail/custom__struct.hpp
-- Installing: /home/ubuntu/ros_workspace/install/robot_custom_msgs/include/robot_custom_msgs/robot_custom_msgs/msg/detail/custom__traits.hpp
-- Installing: /home/ubuntu/ros_workspace/install/robot_custom_msgs/include/robot_custom_msgs/robot_custom_msgs/msg/detail/exam_custom__builder.hpp
-- Installing: /home/ubuntu/ros_workspace/install/robot_custom_msgs/include/robot_custom_msgs/robot_custom_msgs/msg/detail/custom__type_support.hpp
-- Installing: /home/ubuntu/ros_workspace/install/robot_custom_msgs/include/robot_custom_msgs/robot_custom_msgs/msg/detail/exam_custom__struct.hpp
-- Installing: /home/ubuntu/ros_workspace/install/robot_custom_msgs/include/robot_custom_msgs/robot_custom_msgs/msg/custom.hpp
-- Installing: /home/ubuntu/ros_workspace/install/robot_custom_msgs/include/robot_custom_msgs/robot_custom_msgs/msg/rosidl_generator_cpp__visibility_control.hpp
-- Installing: /home/ubuntu/ros_workspace/install/robot_custom_msgs/include/robot_custom_msgs/robot_custom_msgs/msg/exam_custom.hpp
-- Up-to-date: /home/ubuntu/ros_workspace/install/robot_custom_msgs/include/robot_custom_msgs/robot_custom_msgs
-- Up-to-date: /home/ubuntu/ros_workspace/install/robot_custom_msgs/include/robot_custom_msgs/robot_custom_msgs/srv
-- Up-to-date: /home/ubuntu/ros_workspace/install/robot_custom_msgs/include/robot_custom_msgs/robot_custom_msgs/srv/detail
-- Installing: /home/ubuntu/ros_workspace/install/robot_custom_msgs/include/robot_custom_msgs/robot_custom_msgs/srv/detail/dds_fastrtps
-- Installing: /home/ubuntu/ros_workspace/install/robot_custom_msgs/include/robot_custom_msgs/robot_custom_msgs/srv/detail/velocity__rosidl_typesupport_fastrtps_cpp.hpp
-- Installing: /home/ubuntu/ros_workspace/install/robot_custom_msgs/include/robot_custom_msgs/robot_custom_msgs/srv/detail/average__rosidl_typesupport_fastrtps_cpp.hpp
-- Installing: /home/ubuntu/ros_workspace/install/robot_custom_msgs/include/robot_custom_msgs/robot_custom_msgs/srv/detail/threshold__rosidl_typesupport_fastrtps_cpp.hpp
-- Up-to-date: /home/ubuntu/ros_workspace/install/robot_custom_msgs/include/robot_custom_msgs/robot_custom_msgs/msg
-- Up-to-date: /home/ubuntu/ros_workspace/install/robot_custom_msgs/include/robot_custom_msgs/robot_custom_msgs/msg/detail
-- Installing: /home/ubuntu/ros_workspace/install/robot_custom_msgs/include/robot_custom_msgs/robot_custom_msgs/msg/detail/dds_fastrtps
-- Installing: /home/ubuntu/ros_workspace/install/robot_custom_msgs/include/robot_custom_msgs/robot_custom_msgs/msg/detail/custom__rosidl_typesupport_fastrtps_cpp.hpp
-- Installing: /home/ubuntu/ros_workspace/install/robot_custom_msgs/include/robot_custom_msgs/robot_custom_msgs/msg/detail/exam_custom__rosidl_typesupport_fastrtps_cpp.hpp
-- Installing: /home/ubuntu/ros_workspace/install/robot_custom_msgs/include/robot_custom_msgs/robot_custom_msgs/msg/rosidl_typesupport_fastrtps_cpp__visibility_control.h
-- Installing: /home/ubuntu/ros_workspace/install/robot_custom_msgs/lib/librobot_custom_msgs__rosidl_typesupport_fastrtps_cpp.so
-- Set non-toolchain portion of runtime path of "/home/ubuntu/ros_workspace/install/robot_custom_msgs/lib/librobot_custom_msgs__rosidl_typesupport_fastrtps_cpp.so" to ""
-- Up-to-date: /home/ubuntu/ros_workspace/install/robot_custom_msgs/include/robot_custom_msgs/robot_custom_msgs
-- Up-to-date: /home/ubuntu/ros_workspace/install/robot_custom_msgs/include/robot_custom_msgs/robot_custom_msgs/srv
-- Up-to-date: /home/ubuntu/ros_workspace/install/robot_custom_msgs/include/robot_custom_msgs/robot_custom_msgs/srv/detail
-- Installing: /home/ubuntu/ros_workspace/install/robot_custom_msgs/include/robot_custom_msgs/robot_custom_msgs/srv/detail/average__rosidl_typesupport_introspection_cpp.hpp
-- Installing: /home/ubuntu/ros_workspace/install/robot_custom_msgs/include/robot_custom_msgs/robot_custom_msgs/srv/detail/velocity__type_support.cpp
-- Installing: /home/ubuntu/ros_workspace/install/robot_custom_msgs/include/robot_custom_msgs/robot_custom_msgs/srv/detail/average__type_support.cpp
-- Installing: /home/ubuntu/ros_workspace/install/robot_custom_msgs/include/robot_custom_msgs/robot_custom_msgs/srv/detail/velocity__rosidl_typesupport_introspection_cpp.hpp
-- Installing: /home/ubuntu/ros_workspace/install/robot_custom_msgs/include/robot_custom_msgs/robot_custom_msgs/srv/detail/threshold__rosidl_typesupport_introspection_cpp.hpp
-- Installing: /home/ubuntu/ros_workspace/install/robot_custom_msgs/include/robot_custom_msgs/robot_custom_msgs/srv/detail/threshold__type_support.cpp
-- Up-to-date: /home/ubuntu/ros_workspace/install/robot_custom_msgs/include/robot_custom_msgs/robot_custom_msgs/msg
-- Up-to-date: /home/ubuntu/ros_workspace/install/robot_custom_msgs/include/robot_custom_msgs/robot_custom_msgs/msg/detail
-- Installing: /home/ubuntu/ros_workspace/install/robot_custom_msgs/include/robot_custom_msgs/robot_custom_msgs/msg/detail/exam_custom__type_support.cpp
-- Installing: /home/ubuntu/ros_workspace/install/robot_custom_msgs/include/robot_custom_msgs/robot_custom_msgs/msg/detail/custom__type_support.cpp
-- Installing: /home/ubuntu/ros_workspace/install/robot_custom_msgs/include/robot_custom_msgs/robot_custom_msgs/msg/detail/custom__rosidl_typesupport_introspection_cpp.hpp
-- Installing: /home/ubuntu/ros_workspace/install/robot_custom_msgs/include/robot_custom_msgs/robot_custom_msgs/msg/detail/exam_custom__rosidl_typesupport_introspection_cpp.hpp
-- Installing: /home/ubuntu/ros_workspace/install/robot_custom_msgs/lib/librobot_custom_msgs__rosidl_typesupport_introspection_cpp.so
-- Set non-toolchain portion of runtime path of "/home/ubuntu/ros_workspace/install/robot_custom_msgs/lib/librobot_custom_msgs__rosidl_typesupport_introspection_cpp.so" to ""
-- Installing: /home/ubuntu/ros_workspace/install/robot_custom_msgs/lib/librobot_custom_msgs__rosidl_typesupport_cpp.so
-- Set non-toolchain portion of runtime path of "/home/ubuntu/ros_workspace/install/robot_custom_msgs/lib/librobot_custom_msgs__rosidl_typesupport_cpp.so" to ""
-- Installing: /home/ubuntu/ros_workspace/install/robot_custom_msgs/share/robot_custom_msgs/environment/pythonpath.sh
-- Installing: /home/ubuntu/ros_workspace/install/robot_custom_msgs/share/robot_custom_msgs/environment/pythonpath.dsv
-- Installing: /home/ubuntu/ros_workspace/install/robot_custom_msgs/lib/python3.12/site-packages/robot_custom_msgs-0.0.0-py3.12.egg-info
-- Installing: /home/ubuntu/ros_workspace/install/robot_custom_msgs/lib/python3.12/site-packages/robot_custom_msgs-0.0.0-py3.12.egg-info/top_level.txt
-- Installing: /home/ubuntu/ros_workspace/install/robot_custom_msgs/lib/python3.12/site-packages/robot_custom_msgs-0.0.0-py3.12.egg-info/SOURCES.txt
-- Installing: /home/ubuntu/ros_workspace/install/robot_custom_msgs/lib/python3.12/site-packages/robot_custom_msgs-0.0.0-py3.12.egg-info/PKG-INFO
-- Installing: /home/ubuntu/ros_workspace/install/robot_custom_msgs/lib/python3.12/site-packages/robot_custom_msgs-0.0.0-py3.12.egg-info/dependency_links.txt
-- Installing: /home/ubuntu/ros_workspace/install/robot_custom_msgs/lib/python3.12/site-packages/robot_custom_msgs
-- Installing: /home/ubuntu/ros_workspace/install/robot_custom_msgs/lib/python3.12/site-packages/robot_custom_msgs/_robot_custom_msgs_s.ep.rosidl_typesupport_introspection_c.c
-- Installing: /home/ubuntu/ros_workspace/install/robot_custom_msgs/lib/python3.12/site-packages/robot_custom_msgs/robot_custom_msgs_s__rosidl_typesupport_introspection_c.so
-- Installing: /home/ubuntu/ros_workspace/install/robot_custom_msgs/lib/python3.12/site-packages/robot_custom_msgs/robot_custom_msgs_s__rosidl_typesupport_fastrtps_c.so
-- Installing: /home/ubuntu/ros_workspace/install/robot_custom_msgs/lib/python3.12/site-packages/robot_custom_msgs/robot_custom_msgs_s__rosidl_typesupport_c.so
-- Installing: /home/ubuntu/ros_workspace/install/robot_custom_msgs/lib/python3.12/site-packages/robot_custom_msgs/__init__.py
-- Installing: /home/ubuntu/ros_workspace/install/robot_custom_msgs/lib/python3.12/site-packages/robot_custom_msgs/srv
-- Installing: /home/ubuntu/ros_workspace/install/robot_custom_msgs/lib/python3.12/site-packages/robot_custom_msgs/srv/_average.py
-- Installing: /home/ubuntu/ros_workspace/install/robot_custom_msgs/lib/python3.12/site-packages/robot_custom_msgs/srv/_velocity.py
-- Installing: /home/ubuntu/ros_workspace/install/robot_custom_msgs/lib/python3.12/site-packages/robot_custom_msgs/srv/_average_s.c
-- Installing: /home/ubuntu/ros_workspace/install/robot_custom_msgs/lib/python3.12/site-packages/robot_custom_msgs/srv/_threshold_s.c
-- Installing: /home/ubuntu/ros_workspace/install/robot_custom_msgs/lib/python3.12/site-packages/robot_custom_msgs/srv/_velocity_s.c
-- Installing: /home/ubuntu/ros_workspace/install/robot_custom_msgs/lib/python3.12/site-packages/robot_custom_msgs/srv/__init__.py
-- Installing: /home/ubuntu/ros_workspace/install/robot_custom_msgs/lib/python3.12/site-packages/robot_custom_msgs/srv/_threshold.py
-- Installing: /home/ubuntu/ros_workspace/install/robot_custom_msgs/lib/python3.12/site-packages/robot_custom_msgs/_robot_custom_msgs_s.ep.rosidl_typesupport_fastrtps_c.c
-- Installing: /home/ubuntu/ros_workspace/install/robot_custom_msgs/lib/python3.12/site-packages/robot_custom_msgs/_robot_custom_msgs_s.ep.rosidl_typesupport_c.c
-- Installing: /home/ubuntu/ros_workspace/install/robot_custom_msgs/lib/python3.12/site-packages/robot_custom_msgs/msg
-- Installing: /home/ubuntu/ros_workspace/install/robot_custom_msgs/lib/python3.12/site-packages/robot_custom_msgs/msg/_custom_s.c
-- Installing: /home/ubuntu/ros_workspace/install/robot_custom_msgs/lib/python3.12/site-packages/robot_custom_msgs/msg/__init__.py
-- Installing: /home/ubuntu/ros_workspace/install/robot_custom_msgs/lib/python3.12/site-packages/robot_custom_msgs/msg/_exam_custom_s.c
-- Installing: /home/ubuntu/ros_workspace/install/robot_custom_msgs/lib/python3.12/site-packages/robot_custom_msgs/msg/_custom.py
-- Installing: /home/ubuntu/ros_workspace/install/robot_custom_msgs/lib/python3.12/site-packages/robot_custom_msgs/msg/_exam_custom.py
Listing '/home/ubuntu/ros_workspace/install/robot_custom_msgs/lib/python3.12/site-packages/robot_custom_msgs'...
Compiling '/home/ubuntu/ros_workspace/install/robot_custom_msgs/lib/python3.12/site-packages/robot_custom_msgs/__init__.py'...
Listing '/home/ubuntu/ros_workspace/install/robot_custom_msgs/lib/python3.12/site-packages/robot_custom_msgs/msg'...
Compiling '/home/ubuntu/ros_workspace/install/robot_custom_msgs/lib/python3.12/site-packages/robot_custom_msgs/msg/__init__.py'...
Compiling '/home/ubuntu/ros_workspace/install/robot_custom_msgs/lib/python3.12/site-packages/robot_custom_msgs/msg/_custom.py'...
Compiling '/home/ubuntu/ros_workspace/install/robot_custom_msgs/lib/python3.12/site-packages/robot_custom_msgs/msg/_exam_custom.py'...
Listing '/home/ubuntu/ros_workspace/install/robot_custom_msgs/lib/python3.12/site-packages/robot_custom_msgs/srv'...
Compiling '/home/ubuntu/ros_workspace/install/robot_custom_msgs/lib/python3.12/site-packages/robot_custom_msgs/srv/__init__.py'...
Compiling '/home/ubuntu/ros_workspace/install/robot_custom_msgs/lib/python3.12/site-packages/robot_custom_msgs/srv/_average.py'...
Compiling '/home/ubuntu/ros_workspace/install/robot_custom_msgs/lib/python3.12/site-packages/robot_custom_msgs/srv/_threshold.py'...
Compiling '/home/ubuntu/ros_workspace/install/robot_custom_msgs/lib/python3.12/site-packages/robot_custom_msgs/srv/_velocity.py'...
-- Installing: /home/ubuntu/ros_workspace/install/robot_custom_msgs/lib/python3.12/site-packages/robot_custom_msgs/robot_custom_msgs_s__rosidl_typesupport_fastrtps_c.so
-- Set non-toolchain portion of runtime path of "/home/ubuntu/ros_workspace/install/robot_custom_msgs/lib/python3.12/site-packages/robot_custom_msgs/robot_custom_msgs_s__rosidl_typesupport_fastrtps_c.so" to ""
-- Installing: /home/ubuntu/ros_workspace/install/robot_custom_msgs/lib/python3.12/site-packages/robot_custom_msgs/robot_custom_msgs_s__rosidl_typesupport_introspection_c.so
-- Set non-toolchain portion of runtime path of "/home/ubuntu/ros_workspace/install/robot_custom_msgs/lib/python3.12/site-packages/robot_custom_msgs/robot_custom_msgs_s__rosidl_typesupport_introspection_c.so" to ""
-- Installing: /home/ubuntu/ros_workspace/install/robot_custom_msgs/lib/python3.12/site-packages/robot_custom_msgs/robot_custom_msgs_s__rosidl_typesupport_c.so
-- Set non-toolchain portion of runtime path of "/home/ubuntu/ros_workspace/install/robot_custom_msgs/lib/python3.12/site-packages/robot_custom_msgs/robot_custom_msgs_s__rosidl_typesupport_c.so" to ""
-- Installing: /home/ubuntu/ros_workspace/install/robot_custom_msgs/lib/librobot_custom_msgs__rosidl_generator_py.so
-- Set non-toolchain portion of runtime path of "/home/ubuntu/ros_workspace/install/robot_custom_msgs/lib/librobot_custom_msgs__rosidl_generator_py.so" to ""
-- Installing: /home/ubuntu/ros_workspace/install/robot_custom_msgs/share/robot_custom_msgs/msg/Custom.idl
-- Installing: /home/ubuntu/ros_workspace/install/robot_custom_msgs/share/robot_custom_msgs/msg/ExamCustom.idl
-- Installing: /home/ubuntu/ros_workspace/install/robot_custom_msgs/share/robot_custom_msgs/srv/Velocity.idl
-- Installing: /home/ubuntu/ros_workspace/install/robot_custom_msgs/share/robot_custom_msgs/srv/Average.idl
-- Installing: /home/ubuntu/ros_workspace/install/robot_custom_msgs/share/robot_custom_msgs/srv/Threshold.idl
-- Installing: /home/ubuntu/ros_workspace/install/robot_custom_msgs/share/robot_custom_msgs/msg/Custom.msg
-- Installing: /home/ubuntu/ros_workspace/install/robot_custom_msgs/share/robot_custom_msgs/msg/ExamCustom.msg
-- Installing: /home/ubuntu/ros_workspace/install/robot_custom_msgs/share/robot_custom_msgs/srv/Velocity.srv
-- Installing: /home/ubuntu/ros_workspace/install/robot_custom_msgs/share/robot_custom_msgs/srv/Average.srv
-- Installing: /home/ubuntu/ros_workspace/install/robot_custom_msgs/share/robot_custom_msgs/srv/Threshold.srv
-- Installing: /home/ubuntu/ros_workspace/install/robot_custom_msgs/share/ament_index/resource_index/package_run_dependencies/robot_custom_msgs
-- Installing: /home/ubuntu/ros_workspace/install/robot_custom_msgs/share/ament_index/resource_index/parent_prefix_path/robot_custom_msgs
-- Installing: /home/ubuntu/ros_workspace/install/robot_custom_msgs/share/robot_custom_msgs/environment/ament_prefix_path.sh
-- Installing: /home/ubuntu/ros_workspace/install/robot_custom_msgs/share/robot_custom_msgs/environment/ament_prefix_path.dsv
-- Installing: /home/ubuntu/ros_workspace/install/robot_custom_msgs/share/robot_custom_msgs/environment/path.sh
-- Installing: /home/ubuntu/ros_workspace/install/robot_custom_msgs/share/robot_custom_msgs/environment/path.dsv
-- Installing: /home/ubuntu/ros_workspace/install/robot_custom_msgs/share/robot_custom_msgs/local_setup.bash
-- Installing: /home/ubuntu/ros_workspace/install/robot_custom_msgs/share/robot_custom_msgs/local_setup.sh
-- Installing: /home/ubuntu/ros_workspace/install/robot_custom_msgs/share/robot_custom_msgs/local_setup.zsh
-- Installing: /home/ubuntu/ros_workspace/install/robot_custom_msgs/share/robot_custom_msgs/local_setup.dsv
-- Installing: /home/ubuntu/ros_workspace/install/robot_custom_msgs/share/robot_custom_msgs/package.dsv
-- Installing: /home/ubuntu/ros_workspace/install/robot_custom_msgs/share/ament_index/resource_index/packages/robot_custom_msgs
-- Installing: /home/ubuntu/ros_workspace/install/robot_custom_msgs/share/robot_custom_msgs/cmake/export_robot_custom_msgs__rosidl_generator_cExport.cmake
-- Installing: /home/ubuntu/ros_workspace/install/robot_custom_msgs/share/robot_custom_msgs/cmake/export_robot_custom_msgs__rosidl_generator_cExport-noconfig.cmake
-- Installing: /home/ubuntu/ros_workspace/install/robot_custom_msgs/share/robot_custom_msgs/cmake/export_robot_custom_msgs__rosidl_typesupport_fastrtps_cExport.cmake
-- Installing: /home/ubuntu/ros_workspace/install/robot_custom_msgs/share/robot_custom_msgs/cmake/export_robot_custom_msgs__rosidl_typesupport_fastrtps_cExport-noconfig.cmake
-- Installing: /home/ubuntu/ros_workspace/install/robot_custom_msgs/share/robot_custom_msgs/cmake/robot_custom_msgs__rosidl_typesupport_introspection_cExport.cmake
-- Installing: /home/ubuntu/ros_workspace/install/robot_custom_msgs/share/robot_custom_msgs/cmake/robot_custom_msgs__rosidl_typesupport_introspection_cExport-noconfig.cmake
-- Installing: /home/ubuntu/ros_workspace/install/robot_custom_msgs/share/robot_custom_msgs/cmake/robot_custom_msgs__rosidl_typesupport_cExport.cmake
-- Installing: /home/ubuntu/ros_workspace/install/robot_custom_msgs/share/robot_custom_msgs/cmake/robot_custom_msgs__rosidl_typesupport_cExport-noconfig.cmake
-- Installing: /home/ubuntu/ros_workspace/install/robot_custom_msgs/share/robot_custom_msgs/cmake/export_robot_custom_msgs__rosidl_generator_cppExport.cmake
-- Installing: /home/ubuntu/ros_workspace/install/robot_custom_msgs/share/robot_custom_msgs/cmake/export_robot_custom_msgs__rosidl_typesupport_fastrtps_cppExport.cmake
-- Installing: /home/ubuntu/ros_workspace/install/robot_custom_msgs/share/robot_custom_msgs/cmake/export_robot_custom_msgs__rosidl_typesupport_fastrtps_cppExport-noconfig.cmake
-- Installing: /home/ubuntu/ros_workspace/install/robot_custom_msgs/share/robot_custom_msgs/cmake/robot_custom_msgs__rosidl_typesupport_introspection_cppExport.cmake
-- Installing: /home/ubuntu/ros_workspace/install/robot_custom_msgs/share/robot_custom_msgs/cmake/robot_custom_msgs__rosidl_typesupport_introspection_cppExport-noconfig.cmake
-- Installing: /home/ubuntu/ros_workspace/install/robot_custom_msgs/share/robot_custom_msgs/cmake/robot_custom_msgs__rosidl_typesupport_cppExport.cmake
-- Installing: /home/ubuntu/ros_workspace/install/robot_custom_msgs/share/robot_custom_msgs/cmake/robot_custom_msgs__rosidl_typesupport_cppExport-noconfig.cmake
-- Installing: /home/ubuntu/ros_workspace/install/robot_custom_msgs/share/robot_custom_msgs/cmake/export_robot_custom_msgs__rosidl_generator_pyExport.cmake
-- Installing: /home/ubuntu/ros_workspace/install/robot_custom_msgs/share/robot_custom_msgs/cmake/export_robot_custom_msgs__rosidl_generator_pyExport-noconfig.cmake
-- Installing: /home/ubuntu/ros_workspace/install/robot_custom_msgs/share/robot_custom_msgs/cmake/rosidl_cmake-extras.cmake
-- Installing: /home/ubuntu/ros_workspace/install/robot_custom_msgs/share/robot_custom_msgs/cmake/ament_cmake_export_dependencies-extras.cmake
-- Installing: /home/ubuntu/ros_workspace/install/robot_custom_msgs/share/robot_custom_msgs/cmake/ament_cmake_export_include_directories-extras.cmake
-- Installing: /home/ubuntu/ros_workspace/install/robot_custom_msgs/share/robot_custom_msgs/cmake/ament_cmake_export_libraries-extras.cmake
-- Installing: /home/ubuntu/ros_workspace/install/robot_custom_msgs/share/robot_custom_msgs/cmake/ament_cmake_export_targets-extras.cmake
-- Installing: /home/ubuntu/ros_workspace/install/robot_custom_msgs/share/robot_custom_msgs/cmake/rosidl_cmake_export_typesupport_targets-extras.cmake
-- Installing: /home/ubuntu/ros_workspace/install/robot_custom_msgs/share/robot_custom_msgs/cmake/rosidl_cmake_export_typesupport_libraries-extras.cmake
-- Installing: /home/ubuntu/ros_workspace/install/robot_custom_msgs/share/robot_custom_msgs/cmake/robot_custom_msgsConfig.cmake
-- Installing: /home/ubuntu/ros_workspace/install/robot_custom_msgs/share/robot_custom_msgs/cmake/robot_custom_msgsConfig-version.cmake
-- Installing: /home/ubuntu/ros_workspace/install/robot_custom_msgs/share/robot_custom_msgs/package.xml
