-- The C compiler identification is GNU 13.3.0
-- The CXX compiler identification is GNU 13.3.0
-- Detecting C compiler ABI info
-- Detecting C compiler ABI info - done
-- Check for working C compiler: /usr/bin/cc - skipped
-- Detecting C compile features
-- Detecting C compile features - done
-- Detecting CXX compiler ABI info
-- Detecting CXX compiler ABI info - done
-- Check for working CXX compiler: /usr/bin/c++ - skipped
-- Detecting CXX compile features
-- Detecting CXX compile features - done
-- Found ament_cmake: 2.5.4 (/opt/ros/jazzy/share/ament_cmake/cmake)
-- Found Python3: /usr/bin/python3 (found version "3.12.3") found components: Interpreter 
-- Found rosidl_default_generators: 1.6.0 (/opt/ros/jazzy/share/rosidl_default_generators/cmake)
-- Using all available rosidl_typesupport_c: rosidl_typesupport_fastrtps_c;rosidl_typesupport_introspection_c
-- Using all available rosidl_typesupport_cpp: rosidl_typesupport_fastrtps_cpp;rosidl_typesupport_introspection_cpp
-- Found rosidl_adapter: 4.6.6 (/opt/ros/jazzy/share/rosidl_adapter/cmake)
-- Found ament_cmake_ros: 0.12.0 (/opt/ros/jazzy/share/ament_cmake_ros/cmake)
-- Using all available rosidl_typesupport_c: rosidl_typesupport_fastrtps_c;rosidl_typesupport_introspection_c
-- Using all available rosidl_typesupport_cpp: rosidl_typesupport_fastrtps_cpp;rosidl_typesupport_introspection_cpp
-- Found python_cmake_module: 0.11.1 (/opt/ros/jazzy/share/python_cmake_module/cmake)
-- Found PythonExtra: /usr/bin/python3  
-- Found Python3: /usr/bin/python3 (found version "3.12.3") found components: Interpreter Development NumPy Development.Module Development.Embed 
-- Found ament_lint_auto: 0.17.3 (/opt/ros/jazzy/share/ament_lint_auto/cmake)
-- Added test 'lint_cmake' to check CMake code style
-- Added test 'xmllint' to check XML markup files
-- Configuring done (4.1s)
-- Generating done (0.1s)
-- Build files have been written to: /home/ubuntu/ros_workspace/build/turtlesim_custom_msgs
[  2%] [34m[1mGenerating type hashes for ROS interfaces[0m
[  2%] Built target ament_cmake_python_copy_turtlesim_custom_msgs
[  2%] Built target turtlesim_custom_msgs__rosidl_generator_type_description
[  4%] [34m[1mGenerating C code for ROS interfaces[0m
running egg_info
creating turtlesim_custom_msgs.egg-info
[  6%] [34m[1mGenerating C++ code for ROS interfaces[0m
writing turtlesim_custom_msgs.egg-info/PKG-INFO
writing dependency_links to turtlesim_custom_msgs.egg-info/dependency_links.txt
writing top-level names to turtlesim_custom_msgs.egg-info/top_level.txt
writing manifest file 'turtlesim_custom_msgs.egg-info/SOURCES.txt'
reading manifest file 'turtlesim_custom_msgs.egg-info/SOURCES.txt'
writing manifest file 'turtlesim_custom_msgs.egg-info/SOURCES.txt'
[  6%] Built target ament_cmake_python_build_turtlesim_custom_msgs_egg
[  6%] Built target turtlesim_custom_msgs__cpp
[ 11%] [32mBuilding C object CMakeFiles/turtlesim_custom_msgs__rosidl_generator_c.dir/rosidl_generator_c/turtlesim_custom_msgs/srv/detail/velocity__type_support.c.o[0m
[ 11%] [32mBuilding C object CMakeFiles/turtlesim_custom_msgs__rosidl_generator_c.dir/rosidl_generator_c/turtlesim_custom_msgs/msg/detail/vel__functions.c.o[0m
[ 18%] [32mBuilding C object CMakeFiles/turtlesim_custom_msgs__rosidl_generator_c.dir/rosidl_generator_c/turtlesim_custom_msgs/srv/detail/velocity__functions.c.o[0m
[ 18%] [32mBuilding C object CMakeFiles/turtlesim_custom_msgs__rosidl_generator_c.dir/rosidl_generator_c/turtlesim_custom_msgs/msg/detail/vel__type_support.c.o[0m
[ 18%] [32mBuilding C object CMakeFiles/turtlesim_custom_msgs__rosidl_generator_c.dir/rosidl_generator_c/turtlesim_custom_msgs/msg/detail/vel__description.c.o[0m
[ 20%] [32mBuilding C object CMakeFiles/turtlesim_custom_msgs__rosidl_generator_c.dir/rosidl_generator_c/turtlesim_custom_msgs/srv/detail/velocity__description.c.o[0m
[ 22%] [32m[1mLinking C shared library libturtlesim_custom_msgs__rosidl_generator_c.so[0m
[ 22%] Built target turtlesim_custom_msgs__rosidl_generator_c
[ 34%] [34m[1mGenerating C type support dispatch for ROS interfaces[0m
[ 34%] [34m[1mGenerating C introspection for ROS interfaces[0m
[ 34%] [34m[1mGenerating C type support for eProsima Fast-RTPS[0m
[ 34%] [34m[1mGenerating C++ type support for eProsima Fast-RTPS[0m
[ 34%] [34m[1mGenerating C++ type support dispatch for ROS interfaces[0m
[ 36%] [34m[1mGenerating C++ introspection for ROS interfaces[0m
[ 38%] [32mBuilding CXX object CMakeFiles/turtlesim_custom_msgs__rosidl_typesupport_cpp.dir/rosidl_typesupport_cpp/turtlesim_custom_msgs/msg/vel__type_support.cpp.o[0m
[ 40%] [32mBuilding CXX object CMakeFiles/turtlesim_custom_msgs__rosidl_typesupport_cpp.dir/rosidl_typesupport_cpp/turtlesim_custom_msgs/srv/velocity__type_support.cpp.o[0m
[ 43%] [32mBuilding CXX object CMakeFiles/turtlesim_custom_msgs__rosidl_typesupport_c.dir/rosidl_typesupport_c/turtlesim_custom_msgs/msg/vel__type_support.cpp.o[0m
[ 45%] [32mBuilding CXX object CMakeFiles/turtlesim_custom_msgs__rosidl_typesupport_c.dir/rosidl_typesupport_c/turtlesim_custom_msgs/srv/velocity__type_support.cpp.o[0m
[ 47%] [32mBuilding CXX object CMakeFiles/turtlesim_custom_msgs__rosidl_typesupport_introspection_cpp.dir/rosidl_typesupport_introspection_cpp/turtlesim_custom_msgs/msg/detail/vel__type_support.cpp.o[0m
[ 50%] [32mBuilding CXX object CMakeFiles/turtlesim_custom_msgs__rosidl_typesupport_introspection_cpp.dir/rosidl_typesupport_introspection_cpp/turtlesim_custom_msgs/srv/detail/velocity__type_support.cpp.o[0m
[ 54%] [32mBuilding C object CMakeFiles/turtlesim_custom_msgs__rosidl_typesupport_introspection_c.dir/rosidl_typesupport_introspection_c/turtlesim_custom_msgs/msg/detail/vel__type_support.c.o[0m
[ 54%] [32mBuilding C object CMakeFiles/turtlesim_custom_msgs__rosidl_typesupport_introspection_c.dir/rosidl_typesupport_introspection_c/turtlesim_custom_msgs/srv/detail/velocity__type_support.c.o[0m
[ 56%] [32mBuilding CXX object CMakeFiles/turtlesim_custom_msgs__rosidl_typesupport_fastrtps_cpp.dir/rosidl_typesupport_fastrtps_cpp/turtlesim_custom_msgs/msg/detail/dds_fastrtps/vel__type_support.cpp.o[0m
[ 59%] [32mBuilding CXX object CMakeFiles/turtlesim_custom_msgs__rosidl_typesupport_fastrtps_cpp.dir/rosidl_typesupport_fastrtps_cpp/turtlesim_custom_msgs/srv/detail/dds_fastrtps/velocity__type_support.cpp.o[0m
[ 61%] [32m[1mLinking CXX shared library libturtlesim_custom_msgs__rosidl_typesupport_c.so[0m
[ 65%] [32mBuilding CXX object CMakeFiles/turtlesim_custom_msgs__rosidl_typesupport_fastrtps_c.dir/rosidl_typesupport_fastrtps_c/turtlesim_custom_msgs/msg/detail/vel__type_support_c.cpp.o[0m
[ 65%] [32mBuilding CXX object CMakeFiles/turtlesim_custom_msgs__rosidl_typesupport_fastrtps_c.dir/rosidl_typesupport_fastrtps_c/turtlesim_custom_msgs/srv/detail/velocity__type_support_c.cpp.o[0m
[ 68%] [32m[1mLinking C shared library libturtlesim_custom_msgs__rosidl_typesupport_introspection_c.so[0m
[ 68%] Built target turtlesim_custom_msgs__rosidl_typesupport_c
[ 68%] Built target turtlesim_custom_msgs__rosidl_typesupport_introspection_c
[ 70%] [32m[1mLinking CXX shared library libturtlesim_custom_msgs__rosidl_typesupport_cpp.so[0m
[ 72%] [32m[1mLinking CXX shared library libturtlesim_custom_msgs__rosidl_typesupport_introspection_cpp.so[0m
[ 72%] Built target turtlesim_custom_msgs__rosidl_typesupport_cpp
[ 75%] [32m[1mLinking CXX shared library libturtlesim_custom_msgs__rosidl_typesupport_fastrtps_c.so[0m
[ 75%] Built target turtlesim_custom_msgs__rosidl_typesupport_introspection_cpp
[ 77%] [32m[1mLinking CXX shared library libturtlesim_custom_msgs__rosidl_typesupport_fastrtps_cpp.so[0m
[ 77%] Built target turtlesim_custom_msgs__rosidl_typesupport_fastrtps_c
[ 77%] Built target turtlesim_custom_msgs__rosidl_typesupport_fastrtps_cpp
[ 77%] Built target turtlesim_custom_msgs
[ 79%] [34m[1mGenerating Python code for ROS interfaces[0m
[ 79%] Built target turtlesim_custom_msgs__py
[ 84%] [32mBuilding C object CMakeFiles/turtlesim_custom_msgs__rosidl_generator_py.dir/rosidl_generator_py/turtlesim_custom_msgs/srv/_velocity_s.c.o[0m
[ 84%] [32mBuilding C object CMakeFiles/turtlesim_custom_msgs__rosidl_generator_py.dir/rosidl_generator_py/turtlesim_custom_msgs/msg/_vel_s.c.o[0m
[ 86%] [32m[1mLinking C shared library libturtlesim_custom_msgs__rosidl_generator_py.so[0m
[ 86%] Built target turtlesim_custom_msgs__rosidl_generator_py
[ 90%] [32mBuilding C object CMakeFiles/turtlesim_custom_msgs_s__rosidl_typesupport_introspection_c.dir/rosidl_generator_py/turtlesim_custom_msgs/_turtlesim_custom_msgs_s.ep.rosidl_typesupport_introspection_c.c.o[0m
[ 90%] [32mBuilding C object CMakeFiles/turtlesim_custom_msgs_s__rosidl_typesupport_fastrtps_c.dir/rosidl_generator_py/turtlesim_custom_msgs/_turtlesim_custom_msgs_s.ep.rosidl_typesupport_fastrtps_c.c.o[0m
[ 93%] [32mBuilding C object CMakeFiles/turtlesim_custom_msgs_s__rosidl_typesupport_c.dir/rosidl_generator_py/turtlesim_custom_msgs/_turtlesim_custom_msgs_s.ep.rosidl_typesupport_c.c.o[0m
[ 95%] [32m[1mLinking C shared module rosidl_generator_py/turtlesim_custom_msgs/turtlesim_custom_msgs_s__rosidl_typesupport_c.so[0m
[ 97%] [32m[1mLinking C shared module rosidl_generator_py/turtlesim_custom_msgs/turtlesim_custom_msgs_s__rosidl_typesupport_introspection_c.so[0m
[100%] [32m[1mLinking C shared module rosidl_generator_py/turtlesim_custom_msgs/turtlesim_custom_msgs_s__rosidl_typesupport_fastrtps_c.so[0m
[100%] Built target turtlesim_custom_msgs_s__rosidl_typesupport_c
[100%] Built target turtlesim_custom_msgs_s__rosidl_typesupport_introspection_c
[100%] Built target turtlesim_custom_msgs_s__rosidl_typesupport_fastrtps_c
-- Install configuration: ""
-- Installing: /home/ubuntu/ros_workspace/install/turtlesim_custom_msgs/share/ament_index/resource_index/rosidl_interfaces/turtlesim_custom_msgs
-- Installing: /home/ubuntu/ros_workspace/install/turtlesim_custom_msgs/share/turtlesim_custom_msgs/msg/Vel.json
-- Installing: /home/ubuntu/ros_workspace/install/turtlesim_custom_msgs/share/turtlesim_custom_msgs/srv/Velocity.json
-- Installing: /home/ubuntu/ros_workspace/install/turtlesim_custom_msgs/include/turtlesim_custom_msgs/turtlesim_custom_msgs
-- Installing: /home/ubuntu/ros_workspace/install/turtlesim_custom_msgs/include/turtlesim_custom_msgs/turtlesim_custom_msgs/srv
-- Installing: /home/ubuntu/ros_workspace/install/turtlesim_custom_msgs/include/turtlesim_custom_msgs/turtlesim_custom_msgs/srv/detail
-- Installing: /home/ubuntu/ros_workspace/install/turtlesim_custom_msgs/include/turtlesim_custom_msgs/turtlesim_custom_msgs/srv/detail/velocity__struct.h
-- Installing: /home/ubuntu/ros_workspace/install/turtlesim_custom_msgs/include/turtlesim_custom_msgs/turtlesim_custom_msgs/srv/detail/velocity__description.c
-- Installing: /home/ubuntu/ros_workspace/install/turtlesim_custom_msgs/include/turtlesim_custom_msgs/turtlesim_custom_msgs/srv/detail/velocity__type_support.h
-- Installing: /home/ubuntu/ros_workspace/install/turtlesim_custom_msgs/include/turtlesim_custom_msgs/turtlesim_custom_msgs/srv/detail/velocity__functions.h
-- Installing: /home/ubuntu/ros_workspace/install/turtlesim_custom_msgs/include/turtlesim_custom_msgs/turtlesim_custom_msgs/srv/detail/velocity__type_support.c
-- Installing: /home/ubuntu/ros_workspace/install/turtlesim_custom_msgs/include/turtlesim_custom_msgs/turtlesim_custom_msgs/srv/detail/velocity__functions.c
-- Installing: /home/ubuntu/ros_workspace/install/turtlesim_custom_msgs/include/turtlesim_custom_msgs/turtlesim_custom_msgs/srv/velocity.h
-- Installing: /home/ubuntu/ros_workspace/install/turtlesim_custom_msgs/include/turtlesim_custom_msgs/turtlesim_custom_msgs/msg
-- Installing: /home/ubuntu/ros_workspace/install/turtlesim_custom_msgs/include/turtlesim_custom_msgs/turtlesim_custom_msgs/msg/detail
-- Installing: /home/ubuntu/ros_workspace/install/turtlesim_custom_msgs/include/turtlesim_custom_msgs/turtlesim_custom_msgs/msg/detail/vel__struct.h
-- Installing: /home/ubuntu/ros_workspace/install/turtlesim_custom_msgs/include/turtlesim_custom_msgs/turtlesim_custom_msgs/msg/detail/vel__type_support.h
-- Installing: /home/ubuntu/ros_workspace/install/turtlesim_custom_msgs/include/turtlesim_custom_msgs/turtlesim_custom_msgs/msg/detail/vel__type_support.c
-- Installing: /home/ubuntu/ros_workspace/install/turtlesim_custom_msgs/include/turtlesim_custom_msgs/turtlesim_custom_msgs/msg/detail/vel__description.c
-- Installing: /home/ubuntu/ros_workspace/install/turtlesim_custom_msgs/include/turtlesim_custom_msgs/turtlesim_custom_msgs/msg/detail/vel__functions.c
-- Installing: /home/ubuntu/ros_workspace/install/turtlesim_custom_msgs/include/turtlesim_custom_msgs/turtlesim_custom_msgs/msg/detail/vel__functions.h
-- Installing: /home/ubuntu/ros_workspace/install/turtlesim_custom_msgs/include/turtlesim_custom_msgs/turtlesim_custom_msgs/msg/vel.h
-- Installing: /home/ubuntu/ros_workspace/install/turtlesim_custom_msgs/include/turtlesim_custom_msgs/turtlesim_custom_msgs/msg/rosidl_generator_c__visibility_control.h
-- Installing: /home/ubuntu/ros_workspace/install/turtlesim_custom_msgs/share/turtlesim_custom_msgs/environment/library_path.sh
-- Installing: /home/ubuntu/ros_workspace/install/turtlesim_custom_msgs/share/turtlesim_custom_msgs/environment/library_path.dsv
-- Installing: /home/ubuntu/ros_workspace/install/turtlesim_custom_msgs/lib/libturtlesim_custom_msgs__rosidl_generator_c.so
-- Set non-toolchain portion of runtime path of "/home/ubuntu/ros_workspace/install/turtlesim_custom_msgs/lib/libturtlesim_custom_msgs__rosidl_generator_c.so" to ""
-- Up-to-date: /home/ubuntu/ros_workspace/install/turtlesim_custom_msgs/include/turtlesim_custom_msgs/turtlesim_custom_msgs
-- Up-to-date: /home/ubuntu/ros_workspace/install/turtlesim_custom_msgs/include/turtlesim_custom_msgs/turtlesim_custom_msgs/srv
-- Up-to-date: /home/ubuntu/ros_workspace/install/turtlesim_custom_msgs/include/turtlesim_custom_msgs/turtlesim_custom_msgs/srv/detail
-- Installing: /home/ubuntu/ros_workspace/install/turtlesim_custom_msgs/include/turtlesim_custom_msgs/turtlesim_custom_msgs/srv/detail/velocity__rosidl_typesupport_fastrtps_c.h
-- Up-to-date: /home/ubuntu/ros_workspace/install/turtlesim_custom_msgs/include/turtlesim_custom_msgs/turtlesim_custom_msgs/msg
-- Up-to-date: /home/ubuntu/ros_workspace/install/turtlesim_custom_msgs/include/turtlesim_custom_msgs/turtlesim_custom_msgs/msg/detail
-- Installing: /home/ubuntu/ros_workspace/install/turtlesim_custom_msgs/include/turtlesim_custom_msgs/turtlesim_custom_msgs/msg/detail/vel__rosidl_typesupport_fastrtps_c.h
-- Installing: /home/ubuntu/ros_workspace/install/turtlesim_custom_msgs/include/turtlesim_custom_msgs/turtlesim_custom_msgs/msg/rosidl_typesupport_fastrtps_c__visibility_control.h
-- Installing: /home/ubuntu/ros_workspace/install/turtlesim_custom_msgs/lib/libturtlesim_custom_msgs__rosidl_typesupport_fastrtps_c.so
-- Set non-toolchain portion of runtime path of "/home/ubuntu/ros_workspace/install/turtlesim_custom_msgs/lib/libturtlesim_custom_msgs__rosidl_typesupport_fastrtps_c.so" to ""
-- Up-to-date: /home/ubuntu/ros_workspace/install/turtlesim_custom_msgs/include/turtlesim_custom_msgs/turtlesim_custom_msgs
-- Up-to-date: /home/ubuntu/ros_workspace/install/turtlesim_custom_msgs/include/turtlesim_custom_msgs/turtlesim_custom_msgs/srv
-- Up-to-date: /home/ubuntu/ros_workspace/install/turtlesim_custom_msgs/include/turtlesim_custom_msgs/turtlesim_custom_msgs/srv/detail
-- Installing: /home/ubuntu/ros_workspace/install/turtlesim_custom_msgs/include/turtlesim_custom_msgs/turtlesim_custom_msgs/srv/detail/velocity__type_support.c
-- Installing: /home/ubuntu/ros_workspace/install/turtlesim_custom_msgs/include/turtlesim_custom_msgs/turtlesim_custom_msgs/srv/detail/velocity__rosidl_typesupport_introspection_c.h
-- Up-to-date: /home/ubuntu/ros_workspace/install/turtlesim_custom_msgs/include/turtlesim_custom_msgs/turtlesim_custom_msgs/msg
-- Up-to-date: /home/ubuntu/ros_workspace/install/turtlesim_custom_msgs/include/turtlesim_custom_msgs/turtlesim_custom_msgs/msg/detail
-- Installing: /home/ubuntu/ros_workspace/install/turtlesim_custom_msgs/include/turtlesim_custom_msgs/turtlesim_custom_msgs/msg/detail/vel__type_support.c
-- Installing: /home/ubuntu/ros_workspace/install/turtlesim_custom_msgs/include/turtlesim_custom_msgs/turtlesim_custom_msgs/msg/detail/vel__rosidl_typesupport_introspection_c.h
-- Installing: /home/ubuntu/ros_workspace/install/turtlesim_custom_msgs/include/turtlesim_custom_msgs/turtlesim_custom_msgs/msg/rosidl_typesupport_introspection_c__visibility_control.h
-- Installing: /home/ubuntu/ros_workspace/install/turtlesim_custom_msgs/lib/libturtlesim_custom_msgs__rosidl_typesupport_introspection_c.so
-- Set non-toolchain portion of runtime path of "/home/ubuntu/ros_workspace/install/turtlesim_custom_msgs/lib/libturtlesim_custom_msgs__rosidl_typesupport_introspection_c.so" to ""
-- Installing: /home/ubuntu/ros_workspace/install/turtlesim_custom_msgs/lib/libturtlesim_custom_msgs__rosidl_typesupport_c.so
-- Set non-toolchain portion of runtime path of "/home/ubuntu/ros_workspace/install/turtlesim_custom_msgs/lib/libturtlesim_custom_msgs__rosidl_typesupport_c.so" to ""
-- Up-to-date: /home/ubuntu/ros_workspace/install/turtlesim_custom_msgs/include/turtlesim_custom_msgs/turtlesim_custom_msgs
-- Up-to-date: /home/ubuntu/ros_workspace/install/turtlesim_custom_msgs/include/turtlesim_custom_msgs/turtlesim_custom_msgs/srv
-- Up-to-date: /home/ubuntu/ros_workspace/install/turtlesim_custom_msgs/include/turtlesim_custom_msgs/turtlesim_custom_msgs/srv/detail
-- Installing: /home/ubuntu/ros_workspace/install/turtlesim_custom_msgs/include/turtlesim_custom_msgs/turtlesim_custom_msgs/srv/detail/velocity__traits.hpp
-- Installing: /home/ubuntu/ros_workspace/install/turtlesim_custom_msgs/include/turtlesim_custom_msgs/turtlesim_custom_msgs/srv/detail/velocity__type_support.hpp
-- Installing: /home/ubuntu/ros_workspace/install/turtlesim_custom_msgs/include/turtlesim_custom_msgs/turtlesim_custom_msgs/srv/detail/velocity__builder.hpp
-- Installing: /home/ubuntu/ros_workspace/install/turtlesim_custom_msgs/include/turtlesim_custom_msgs/turtlesim_custom_msgs/srv/detail/velocity__struct.hpp
-- Installing: /home/ubuntu/ros_workspace/install/turtlesim_custom_msgs/include/turtlesim_custom_msgs/turtlesim_custom_msgs/srv/velocity.hpp
-- Up-to-date: /home/ubuntu/ros_workspace/install/turtlesim_custom_msgs/include/turtlesim_custom_msgs/turtlesim_custom_msgs/msg
-- Up-to-date: /home/ubuntu/ros_workspace/install/turtlesim_custom_msgs/include/turtlesim_custom_msgs/turtlesim_custom_msgs/msg/detail
-- Installing: /home/ubuntu/ros_workspace/install/turtlesim_custom_msgs/include/turtlesim_custom_msgs/turtlesim_custom_msgs/msg/detail/vel__struct.hpp
-- Installing: /home/ubuntu/ros_workspace/install/turtlesim_custom_msgs/include/turtlesim_custom_msgs/turtlesim_custom_msgs/msg/detail/vel__builder.hpp
-- Installing: /home/ubuntu/ros_workspace/install/turtlesim_custom_msgs/include/turtlesim_custom_msgs/turtlesim_custom_msgs/msg/detail/vel__traits.hpp
-- Installing: /home/ubuntu/ros_workspace/install/turtlesim_custom_msgs/include/turtlesim_custom_msgs/turtlesim_custom_msgs/msg/detail/vel__type_support.hpp
-- Installing: /home/ubuntu/ros_workspace/install/turtlesim_custom_msgs/include/turtlesim_custom_msgs/turtlesim_custom_msgs/msg/rosidl_generator_cpp__visibility_control.hpp
-- Installing: /home/ubuntu/ros_workspace/install/turtlesim_custom_msgs/include/turtlesim_custom_msgs/turtlesim_custom_msgs/msg/vel.hpp
-- Up-to-date: /home/ubuntu/ros_workspace/install/turtlesim_custom_msgs/include/turtlesim_custom_msgs/turtlesim_custom_msgs
-- Up-to-date: /home/ubuntu/ros_workspace/install/turtlesim_custom_msgs/include/turtlesim_custom_msgs/turtlesim_custom_msgs/srv
-- Up-to-date: /home/ubuntu/ros_workspace/install/turtlesim_custom_msgs/include/turtlesim_custom_msgs/turtlesim_custom_msgs/srv/detail
-- Installing: /home/ubuntu/ros_workspace/install/turtlesim_custom_msgs/include/turtlesim_custom_msgs/turtlesim_custom_msgs/srv/detail/dds_fastrtps
-- Installing: /home/ubuntu/ros_workspace/install/turtlesim_custom_msgs/include/turtlesim_custom_msgs/turtlesim_custom_msgs/srv/detail/velocity__rosidl_typesupport_fastrtps_cpp.hpp
-- Up-to-date: /home/ubuntu/ros_workspace/install/turtlesim_custom_msgs/include/turtlesim_custom_msgs/turtlesim_custom_msgs/msg
-- Up-to-date: /home/ubuntu/ros_workspace/install/turtlesim_custom_msgs/include/turtlesim_custom_msgs/turtlesim_custom_msgs/msg/detail
-- Installing: /home/ubuntu/ros_workspace/install/turtlesim_custom_msgs/include/turtlesim_custom_msgs/turtlesim_custom_msgs/msg/detail/dds_fastrtps
-- Installing: /home/ubuntu/ros_workspace/install/turtlesim_custom_msgs/include/turtlesim_custom_msgs/turtlesim_custom_msgs/msg/detail/vel__rosidl_typesupport_fastrtps_cpp.hpp
-- Installing: /home/ubuntu/ros_workspace/install/turtlesim_custom_msgs/include/turtlesim_custom_msgs/turtlesim_custom_msgs/msg/rosidl_typesupport_fastrtps_cpp__visibility_control.h
-- Installing: /home/ubuntu/ros_workspace/install/turtlesim_custom_msgs/lib/libturtlesim_custom_msgs__rosidl_typesupport_fastrtps_cpp.so
-- Set non-toolchain portion of runtime path of "/home/ubuntu/ros_workspace/install/turtlesim_custom_msgs/lib/libturtlesim_custom_msgs__rosidl_typesupport_fastrtps_cpp.so" to ""
-- Up-to-date: /home/ubuntu/ros_workspace/install/turtlesim_custom_msgs/include/turtlesim_custom_msgs/turtlesim_custom_msgs
-- Up-to-date: /home/ubuntu/ros_workspace/install/turtlesim_custom_msgs/include/turtlesim_custom_msgs/turtlesim_custom_msgs/srv
-- Up-to-date: /home/ubuntu/ros_workspace/install/turtlesim_custom_msgs/include/turtlesim_custom_msgs/turtlesim_custom_msgs/srv/detail
-- Installing: /home/ubuntu/ros_workspace/install/turtlesim_custom_msgs/include/turtlesim_custom_msgs/turtlesim_custom_msgs/srv/detail/velocity__type_support.cpp
-- Installing: /home/ubuntu/ros_workspace/install/turtlesim_custom_msgs/include/turtlesim_custom_msgs/turtlesim_custom_msgs/srv/detail/velocity__rosidl_typesupport_introspection_cpp.hpp
-- Up-to-date: /home/ubuntu/ros_workspace/install/turtlesim_custom_msgs/include/turtlesim_custom_msgs/turtlesim_custom_msgs/msg
-- Up-to-date: /home/ubuntu/ros_workspace/install/turtlesim_custom_msgs/include/turtlesim_custom_msgs/turtlesim_custom_msgs/msg/detail
-- Installing: /home/ubuntu/ros_workspace/install/turtlesim_custom_msgs/include/turtlesim_custom_msgs/turtlesim_custom_msgs/msg/detail/vel__type_support.cpp
-- Installing: /home/ubuntu/ros_workspace/install/turtlesim_custom_msgs/include/turtlesim_custom_msgs/turtlesim_custom_msgs/msg/detail/vel__rosidl_typesupport_introspection_cpp.hpp
-- Installing: /home/ubuntu/ros_workspace/install/turtlesim_custom_msgs/lib/libturtlesim_custom_msgs__rosidl_typesupport_introspection_cpp.so
-- Set non-toolchain portion of runtime path of "/home/ubuntu/ros_workspace/install/turtlesim_custom_msgs/lib/libturtlesim_custom_msgs__rosidl_typesupport_introspection_cpp.so" to ""
-- Installing: /home/ubuntu/ros_workspace/install/turtlesim_custom_msgs/lib/libturtlesim_custom_msgs__rosidl_typesupport_cpp.so
-- Set non-toolchain portion of runtime path of "/home/ubuntu/ros_workspace/install/turtlesim_custom_msgs/lib/libturtlesim_custom_msgs__rosidl_typesupport_cpp.so" to ""
-- Installing: /home/ubuntu/ros_workspace/install/turtlesim_custom_msgs/share/turtlesim_custom_msgs/environment/pythonpath.sh
-- Installing: /home/ubuntu/ros_workspace/install/turtlesim_custom_msgs/share/turtlesim_custom_msgs/environment/pythonpath.dsv
-- Installing: /home/ubuntu/ros_workspace/install/turtlesim_custom_msgs/lib/python3.12/site-packages/turtlesim_custom_msgs-0.0.0-py3.12.egg-info
-- Installing: /home/ubuntu/ros_workspace/install/turtlesim_custom_msgs/lib/python3.12/site-packages/turtlesim_custom_msgs-0.0.0-py3.12.egg-info/top_level.txt
-- Installing: /home/ubuntu/ros_workspace/install/turtlesim_custom_msgs/lib/python3.12/site-packages/turtlesim_custom_msgs-0.0.0-py3.12.egg-info/SOURCES.txt
-- Installing: /home/ubuntu/ros_workspace/install/turtlesim_custom_msgs/lib/python3.12/site-packages/turtlesim_custom_msgs-0.0.0-py3.12.egg-info/PKG-INFO
-- Installing: /home/ubuntu/ros_workspace/install/turtlesim_custom_msgs/lib/python3.12/site-packages/turtlesim_custom_msgs-0.0.0-py3.12.egg-info/dependency_links.txt
-- Installing: /home/ubuntu/ros_workspace/install/turtlesim_custom_msgs/lib/python3.12/site-packages/turtlesim_custom_msgs
-- Installing: /home/ubuntu/ros_workspace/install/turtlesim_custom_msgs/lib/python3.12/site-packages/turtlesim_custom_msgs/turtlesim_custom_msgs_s__rosidl_typesupport_introspection_c.so
-- Installing: /home/ubuntu/ros_workspace/install/turtlesim_custom_msgs/lib/python3.12/site-packages/turtlesim_custom_msgs/turtlesim_custom_msgs_s__rosidl_typesupport_c.so
-- Installing: /home/ubuntu/ros_workspace/install/turtlesim_custom_msgs/lib/python3.12/site-packages/turtlesim_custom_msgs/__init__.py
-- Installing: /home/ubuntu/ros_workspace/install/turtlesim_custom_msgs/lib/python3.12/site-packages/turtlesim_custom_msgs/_turtlesim_custom_msgs_s.ep.rosidl_typesupport_introspection_c.c
-- Installing: /home/ubuntu/ros_workspace/install/turtlesim_custom_msgs/lib/python3.12/site-packages/turtlesim_custom_msgs/_turtlesim_custom_msgs_s.ep.rosidl_typesupport_fastrtps_c.c
-- Installing: /home/ubuntu/ros_workspace/install/turtlesim_custom_msgs/lib/python3.12/site-packages/turtlesim_custom_msgs/turtlesim_custom_msgs_s__rosidl_typesupport_fastrtps_c.so
-- Installing: /home/ubuntu/ros_workspace/install/turtlesim_custom_msgs/lib/python3.12/site-packages/turtlesim_custom_msgs/srv
-- Installing: /home/ubuntu/ros_workspace/install/turtlesim_custom_msgs/lib/python3.12/site-packages/turtlesim_custom_msgs/srv/_velocity.py
-- Installing: /home/ubuntu/ros_workspace/install/turtlesim_custom_msgs/lib/python3.12/site-packages/turtlesim_custom_msgs/srv/_velocity_s.c
-- Installing: /home/ubuntu/ros_workspace/install/turtlesim_custom_msgs/lib/python3.12/site-packages/turtlesim_custom_msgs/srv/__init__.py
-- Installing: /home/ubuntu/ros_workspace/install/turtlesim_custom_msgs/lib/python3.12/site-packages/turtlesim_custom_msgs/_turtlesim_custom_msgs_s.ep.rosidl_typesupport_c.c
-- Installing: /home/ubuntu/ros_workspace/install/turtlesim_custom_msgs/lib/python3.12/site-packages/turtlesim_custom_msgs/msg
-- Installing: /home/ubuntu/ros_workspace/install/turtlesim_custom_msgs/lib/python3.12/site-packages/turtlesim_custom_msgs/msg/_vel.py
-- Installing: /home/ubuntu/ros_workspace/install/turtlesim_custom_msgs/lib/python3.12/site-packages/turtlesim_custom_msgs/msg/_vel_s.c
-- Installing: /home/ubuntu/ros_workspace/install/turtlesim_custom_msgs/lib/python3.12/site-packages/turtlesim_custom_msgs/msg/__init__.py
Listing '/home/ubuntu/ros_workspace/install/turtlesim_custom_msgs/lib/python3.12/site-packages/turtlesim_custom_msgs'...
Compiling '/home/ubuntu/ros_workspace/install/turtlesim_custom_msgs/lib/python3.12/site-packages/turtlesim_custom_msgs/__init__.py'...
Listing '/home/ubuntu/ros_workspace/install/turtlesim_custom_msgs/lib/python3.12/site-packages/turtlesim_custom_msgs/msg'...
Compiling '/home/ubuntu/ros_workspace/install/turtlesim_custom_msgs/lib/python3.12/site-packages/turtlesim_custom_msgs/msg/__init__.py'...
Compiling '/home/ubuntu/ros_workspace/install/turtlesim_custom_msgs/lib/python3.12/site-packages/turtlesim_custom_msgs/msg/_vel.py'...
Listing '/home/ubuntu/ros_workspace/install/turtlesim_custom_msgs/lib/python3.12/site-packages/turtlesim_custom_msgs/srv'...
Compiling '/home/ubuntu/ros_workspace/install/turtlesim_custom_msgs/lib/python3.12/site-packages/turtlesim_custom_msgs/srv/__init__.py'...
Compiling '/home/ubuntu/ros_workspace/install/turtlesim_custom_msgs/lib/python3.12/site-packages/turtlesim_custom_msgs/srv/_velocity.py'...
-- Installing: /home/ubuntu/ros_workspace/install/turtlesim_custom_msgs/lib/python3.12/site-packages/turtlesim_custom_msgs/turtlesim_custom_msgs_s__rosidl_typesupport_fastrtps_c.so
-- Set non-toolchain portion of runtime path of "/home/ubuntu/ros_workspace/install/turtlesim_custom_msgs/lib/python3.12/site-packages/turtlesim_custom_msgs/turtlesim_custom_msgs_s__rosidl_typesupport_fastrtps_c.so" to ""
-- Installing: /home/ubuntu/ros_workspace/install/turtlesim_custom_msgs/lib/python3.12/site-packages/turtlesim_custom_msgs/turtlesim_custom_msgs_s__rosidl_typesupport_introspection_c.so
-- Set non-toolchain portion of runtime path of "/home/ubuntu/ros_workspace/install/turtlesim_custom_msgs/lib/python3.12/site-packages/turtlesim_custom_msgs/turtlesim_custom_msgs_s__rosidl_typesupport_introspection_c.so" to ""
-- Installing: /home/ubuntu/ros_workspace/install/turtlesim_custom_msgs/lib/python3.12/site-packages/turtlesim_custom_msgs/turtlesim_custom_msgs_s__rosidl_typesupport_c.so
-- Set non-toolchain portion of runtime path of "/home/ubuntu/ros_workspace/install/turtlesim_custom_msgs/lib/python3.12/site-packages/turtlesim_custom_msgs/turtlesim_custom_msgs_s__rosidl_typesupport_c.so" to ""
-- Installing: /home/ubuntu/ros_workspace/install/turtlesim_custom_msgs/lib/libturtlesim_custom_msgs__rosidl_generator_py.so
-- Set non-toolchain portion of runtime path of "/home/ubuntu/ros_workspace/install/turtlesim_custom_msgs/lib/libturtlesim_custom_msgs__rosidl_generator_py.so" to ""
-- Installing: /home/ubuntu/ros_workspace/install/turtlesim_custom_msgs/share/turtlesim_custom_msgs/msg/Vel.idl
-- Installing: /home/ubuntu/ros_workspace/install/turtlesim_custom_msgs/share/turtlesim_custom_msgs/srv/Velocity.idl
-- Installing: /home/ubuntu/ros_workspace/install/turtlesim_custom_msgs/share/turtlesim_custom_msgs/msg/Vel.msg
-- Installing: /home/ubuntu/ros_workspace/install/turtlesim_custom_msgs/share/turtlesim_custom_msgs/srv/Velocity.srv
-- Installing: /home/ubuntu/ros_workspace/install/turtlesim_custom_msgs/share/ament_index/resource_index/package_run_dependencies/turtlesim_custom_msgs
-- Installing: /home/ubuntu/ros_workspace/install/turtlesim_custom_msgs/share/ament_index/resource_index/parent_prefix_path/turtlesim_custom_msgs
-- Installing: /home/ubuntu/ros_workspace/install/turtlesim_custom_msgs/share/turtlesim_custom_msgs/environment/ament_prefix_path.sh
-- Installing: /home/ubuntu/ros_workspace/install/turtlesim_custom_msgs/share/turtlesim_custom_msgs/environment/ament_prefix_path.dsv
-- Installing: /home/ubuntu/ros_workspace/install/turtlesim_custom_msgs/share/turtlesim_custom_msgs/environment/path.sh
-- Installing: /home/ubuntu/ros_workspace/install/turtlesim_custom_msgs/share/turtlesim_custom_msgs/environment/path.dsv
-- Installing: /home/ubuntu/ros_workspace/install/turtlesim_custom_msgs/share/turtlesim_custom_msgs/local_setup.bash
-- Installing: /home/ubuntu/ros_workspace/install/turtlesim_custom_msgs/share/turtlesim_custom_msgs/local_setup.sh
-- Installing: /home/ubuntu/ros_workspace/install/turtlesim_custom_msgs/share/turtlesim_custom_msgs/local_setup.zsh
-- Installing: /home/ubuntu/ros_workspace/install/turtlesim_custom_msgs/share/turtlesim_custom_msgs/local_setup.dsv
-- Installing: /home/ubuntu/ros_workspace/install/turtlesim_custom_msgs/share/turtlesim_custom_msgs/package.dsv
-- Installing: /home/ubuntu/ros_workspace/install/turtlesim_custom_msgs/share/ament_index/resource_index/packages/turtlesim_custom_msgs
-- Installing: /home/ubuntu/ros_workspace/install/turtlesim_custom_msgs/share/turtlesim_custom_msgs/cmake/export_turtlesim_custom_msgs__rosidl_generator_cExport.cmake
-- Installing: /home/ubuntu/ros_workspace/install/turtlesim_custom_msgs/share/turtlesim_custom_msgs/cmake/export_turtlesim_custom_msgs__rosidl_generator_cExport-noconfig.cmake
-- Installing: /home/ubuntu/ros_workspace/install/turtlesim_custom_msgs/share/turtlesim_custom_msgs/cmake/export_turtlesim_custom_msgs__rosidl_typesupport_fastrtps_cExport.cmake
-- Installing: /home/ubuntu/ros_workspace/install/turtlesim_custom_msgs/share/turtlesim_custom_msgs/cmake/export_turtlesim_custom_msgs__rosidl_typesupport_fastrtps_cExport-noconfig.cmake
-- Installing: /home/ubuntu/ros_workspace/install/turtlesim_custom_msgs/share/turtlesim_custom_msgs/cmake/turtlesim_custom_msgs__rosidl_typesupport_introspection_cExport.cmake
-- Installing: /home/ubuntu/ros_workspace/install/turtlesim_custom_msgs/share/turtlesim_custom_msgs/cmake/turtlesim_custom_msgs__rosidl_typesupport_introspection_cExport-noconfig.cmake
-- Installing: /home/ubuntu/ros_workspace/install/turtlesim_custom_msgs/share/turtlesim_custom_msgs/cmake/turtlesim_custom_msgs__rosidl_typesupport_cExport.cmake
-- Installing: /home/ubuntu/ros_workspace/install/turtlesim_custom_msgs/share/turtlesim_custom_msgs/cmake/turtlesim_custom_msgs__rosidl_typesupport_cExport-noconfig.cmake
-- Installing: /home/ubuntu/ros_workspace/install/turtlesim_custom_msgs/share/turtlesim_custom_msgs/cmake/export_turtlesim_custom_msgs__rosidl_generator_cppExport.cmake
-- Installing: /home/ubuntu/ros_workspace/install/turtlesim_custom_msgs/share/turtlesim_custom_msgs/cmake/export_turtlesim_custom_msgs__rosidl_typesupport_fastrtps_cppExport.cmake
-- Installing: /home/ubuntu/ros_workspace/install/turtlesim_custom_msgs/share/turtlesim_custom_msgs/cmake/export_turtlesim_custom_msgs__rosidl_typesupport_fastrtps_cppExport-noconfig.cmake
-- Installing: /home/ubuntu/ros_workspace/install/turtlesim_custom_msgs/share/turtlesim_custom_msgs/cmake/turtlesim_custom_msgs__rosidl_typesupport_introspection_cppExport.cmake
-- Installing: /home/ubuntu/ros_workspace/install/turtlesim_custom_msgs/share/turtlesim_custom_msgs/cmake/turtlesim_custom_msgs__rosidl_typesupport_introspection_cppExport-noconfig.cmake
-- Installing: /home/ubuntu/ros_workspace/install/turtlesim_custom_msgs/share/turtlesim_custom_msgs/cmake/turtlesim_custom_msgs__rosidl_typesupport_cppExport.cmake
-- Installing: /home/ubuntu/ros_workspace/install/turtlesim_custom_msgs/share/turtlesim_custom_msgs/cmake/turtlesim_custom_msgs__rosidl_typesupport_cppExport-noconfig.cmake
-- Installing: /home/ubuntu/ros_workspace/install/turtlesim_custom_msgs/share/turtlesim_custom_msgs/cmake/export_turtlesim_custom_msgs__rosidl_generator_pyExport.cmake
-- Installing: /home/ubuntu/ros_workspace/install/turtlesim_custom_msgs/share/turtlesim_custom_msgs/cmake/export_turtlesim_custom_msgs__rosidl_generator_pyExport-noconfig.cmake
-- Installing: /home/ubuntu/ros_workspace/install/turtlesim_custom_msgs/share/turtlesim_custom_msgs/cmake/rosidl_cmake-extras.cmake
-- Installing: /home/ubuntu/ros_workspace/install/turtlesim_custom_msgs/share/turtlesim_custom_msgs/cmake/ament_cmake_export_dependencies-extras.cmake
-- Installing: /home/ubuntu/ros_workspace/install/turtlesim_custom_msgs/share/turtlesim_custom_msgs/cmake/ament_cmake_export_include_directories-extras.cmake
-- Installing: /home/ubuntu/ros_workspace/install/turtlesim_custom_msgs/share/turtlesim_custom_msgs/cmake/ament_cmake_export_libraries-extras.cmake
-- Installing: /home/ubuntu/ros_workspace/install/turtlesim_custom_msgs/share/turtlesim_custom_msgs/cmake/ament_cmake_export_targets-extras.cmake
-- Installing: /home/ubuntu/ros_workspace/install/turtlesim_custom_msgs/share/turtlesim_custom_msgs/cmake/rosidl_cmake_export_typesupport_targets-extras.cmake
-- Installing: /home/ubuntu/ros_workspace/install/turtlesim_custom_msgs/share/turtlesim_custom_msgs/cmake/rosidl_cmake_export_typesupport_libraries-extras.cmake
-- Installing: /home/ubuntu/ros_workspace/install/turtlesim_custom_msgs/share/turtlesim_custom_msgs/cmake/turtlesim_custom_msgsConfig.cmake
-- Installing: /home/ubuntu/ros_workspace/install/turtlesim_custom_msgs/share/turtlesim_custom_msgs/cmake/turtlesim_custom_msgsConfig-version.cmake
-- Installing: /home/ubuntu/ros_workspace/install/turtlesim_custom_msgs/share/turtlesim_custom_msgs/package.xml
