[0.057s] Invoking command in '/home/ubuntu/ros_workspace/build/turtlesim_custom_msgs': CMAKE_PREFIX_PATH=${CMAKE_PREFIX_PATH}:/home/ubuntu/ros_workspace/install/python_package:/opt/ros/jazzy /usr/bin/cmake --build /home/ubuntu/ros_workspace/build/turtlesim_custom_msgs -- -j16 -l16
[0.149s] -- Found ament_cmake: 2.5.4 (/opt/ros/jazzy/share/ament_cmake/cmake)
[0.301s] -- Found rosidl_default_generators: 1.6.0 (/opt/ros/jazzy/share/rosidl_default_generators/cmake)
[0.307s] -- Using all available rosidl_typesupport_c: rosidl_typesupport_fastrtps_c;rosidl_typesupport_introspection_c
[0.443s] -- Using all available rosidl_typesupport_cpp: rosidl_typesupport_fastrtps_cpp;rosidl_typesupport_introspection_cpp
[0.494s] -- Found rosidl_adapter: 4.6.6 (/opt/ros/jazzy/share/rosidl_adapter/cmake)
[0.800s] -- Found ament_cmake_ros: 0.12.0 (/opt/ros/jazzy/share/ament_cmake_ros/cmake)
[0.901s] -- Using all available rosidl_typesupport_c: rosidl_typesupport_fastrtps_c;rosidl_typesupport_introspection_c
[1.035s] -- Using all available rosidl_typesupport_cpp: rosidl_typesupport_fastrtps_cpp;rosidl_typesupport_introspection_cpp
[1.037s] -- Found python_cmake_module: 0.11.1 (/opt/ros/jazzy/share/python_cmake_module/cmake)
[1.359s] -- Found Python3: /usr/bin/python3 (found version "3.12.3") found components: Interpreter Development NumPy Development.Module Development.Embed 
[1.373s] -- Found ament_lint_auto: 0.17.3 (/opt/ros/jazzy/share/ament_lint_auto/cmake)
[1.402s] -- Added test 'lint_cmake' to check CMake code style
[1.405s] -- Added test 'xmllint' to check XML markup files
[1.410s] -- Configuring done (1.3s)
[1.513s] -- Generating done (0.1s)
[1.530s] -- Build files have been written to: /home/ubuntu/ros_workspace/build/turtlesim_custom_msgs
[1.589s] [  2%] Built target turtlesim_custom_msgs__rosidl_generator_type_description
[1.616s] [  2%] Built target ament_cmake_python_copy_turtlesim_custom_msgs
[1.627s] [  4%] Built target turtlesim_custom_msgs__cpp
[1.633s] [ 22%] Built target turtlesim_custom_msgs__rosidl_generator_c
[1.679s] [ 54%] Built target turtlesim_custom_msgs__rosidl_typesupport_c
[1.679s] [ 54%] Built target turtlesim_custom_msgs__rosidl_typesupport_cpp
[1.679s] [ 56%] Built target turtlesim_custom_msgs__rosidl_typesupport_fastrtps_c
[1.679s] [ 59%] Built target turtlesim_custom_msgs__rosidl_typesupport_introspection_c
[1.680s] [ 75%] Built target turtlesim_custom_msgs__rosidl_typesupport_introspection_cpp
[1.680s] [ 77%] Built target turtlesim_custom_msgs__rosidl_typesupport_fastrtps_cpp
[1.716s] [ 77%] Built target turtlesim_custom_msgs
[1.755s] [ 79%] Built target turtlesim_custom_msgs__py
[1.801s] [ 86%] Built target turtlesim_custom_msgs__rosidl_generator_py
[1.842s] running egg_info
[1.845s] [ 95%] Built target turtlesim_custom_msgs_s__rosidl_typesupport_introspection_c
[1.845s] [ 95%] Built target turtlesim_custom_msgs_s__rosidl_typesupport_fastrtps_c
[1.846s] [100%] Built target turtlesim_custom_msgs_s__rosidl_typesupport_c
[1.862s] writing turtlesim_custom_msgs.egg-info/PKG-INFO
[1.863s] writing dependency_links to turtlesim_custom_msgs.egg-info/dependency_links.txt
[1.863s] writing top-level names to turtlesim_custom_msgs.egg-info/top_level.txt
[1.912s] reading manifest file 'turtlesim_custom_msgs.egg-info/SOURCES.txt'
[1.913s] writing manifest file 'turtlesim_custom_msgs.egg-info/SOURCES.txt'
[1.949s] [100%] Built target ament_cmake_python_build_turtlesim_custom_msgs_egg
[1.971s] Invoked command in '/home/ubuntu/ros_workspace/build/turtlesim_custom_msgs' returned '0': CMAKE_PREFIX_PATH=${CMAKE_PREFIX_PATH}:/home/ubuntu/ros_workspace/install/python_package:/opt/ros/jazzy /usr/bin/cmake --build /home/ubuntu/ros_workspace/build/turtlesim_custom_msgs -- -j16 -l16
[1.972s] Invoking command in '/home/ubuntu/ros_workspace/build/turtlesim_custom_msgs': CMAKE_PREFIX_PATH=${CMAKE_PREFIX_PATH}:/home/ubuntu/ros_workspace/install/python_package:/opt/ros/jazzy /usr/bin/cmake --install /home/ubuntu/ros_workspace/build/turtlesim_custom_msgs
[1.986s] -- Install configuration: ""
[1.987s] -- Up-to-date: /home/ubuntu/ros_workspace/install/turtlesim_custom_msgs/share/ament_index/resource_index/rosidl_interfaces/turtlesim_custom_msgs
[1.987s] -- Up-to-date: /home/ubuntu/ros_workspace/install/turtlesim_custom_msgs/share/turtlesim_custom_msgs/msg/Vel.json
[1.987s] -- Up-to-date: /home/ubuntu/ros_workspace/install/turtlesim_custom_msgs/share/turtlesim_custom_msgs/srv/Velocity.json
[1.988s] -- Up-to-date: /home/ubuntu/ros_workspace/install/turtlesim_custom_msgs/include/turtlesim_custom_msgs/turtlesim_custom_msgs
[1.988s] -- Up-to-date: /home/ubuntu/ros_workspace/install/turtlesim_custom_msgs/include/turtlesim_custom_msgs/turtlesim_custom_msgs/srv
[1.988s] -- Up-to-date: /home/ubuntu/ros_workspace/install/turtlesim_custom_msgs/include/turtlesim_custom_msgs/turtlesim_custom_msgs/srv/detail
[1.988s] -- Up-to-date: /home/ubuntu/ros_workspace/install/turtlesim_custom_msgs/include/turtlesim_custom_msgs/turtlesim_custom_msgs/srv/detail/velocity__struct.h
[1.988s] -- Up-to-date: /home/ubuntu/ros_workspace/install/turtlesim_custom_msgs/include/turtlesim_custom_msgs/turtlesim_custom_msgs/srv/detail/velocity__description.c
[1.989s] -- Up-to-date: /home/ubuntu/ros_workspace/install/turtlesim_custom_msgs/include/turtlesim_custom_msgs/turtlesim_custom_msgs/srv/detail/velocity__type_support.h
[1.989s] -- Up-to-date: /home/ubuntu/ros_workspace/install/turtlesim_custom_msgs/include/turtlesim_custom_msgs/turtlesim_custom_msgs/srv/detail/velocity__functions.h
[1.989s] -- Up-to-date: /home/ubuntu/ros_workspace/install/turtlesim_custom_msgs/include/turtlesim_custom_msgs/turtlesim_custom_msgs/srv/detail/velocity__type_support.c
[1.989s] -- Up-to-date: /home/ubuntu/ros_workspace/install/turtlesim_custom_msgs/include/turtlesim_custom_msgs/turtlesim_custom_msgs/srv/detail/velocity__functions.c
[1.989s] -- Up-to-date: /home/ubuntu/ros_workspace/install/turtlesim_custom_msgs/include/turtlesim_custom_msgs/turtlesim_custom_msgs/srv/velocity.h
[1.989s] -- Up-to-date: /home/ubuntu/ros_workspace/install/turtlesim_custom_msgs/include/turtlesim_custom_msgs/turtlesim_custom_msgs/msg
[1.989s] -- Up-to-date: /home/ubuntu/ros_workspace/install/turtlesim_custom_msgs/include/turtlesim_custom_msgs/turtlesim_custom_msgs/msg/detail
[1.989s] -- Up-to-date: /home/ubuntu/ros_workspace/install/turtlesim_custom_msgs/include/turtlesim_custom_msgs/turtlesim_custom_msgs/msg/detail/vel__struct.h
[1.989s] -- Up-to-date: /home/ubuntu/ros_workspace/install/turtlesim_custom_msgs/include/turtlesim_custom_msgs/turtlesim_custom_msgs/msg/detail/vel__type_support.h
[1.989s] -- Up-to-date: /home/ubuntu/ros_workspace/install/turtlesim_custom_msgs/include/turtlesim_custom_msgs/turtlesim_custom_msgs/msg/detail/vel__type_support.c
[1.989s] -- Up-to-date: /home/ubuntu/ros_workspace/install/turtlesim_custom_msgs/include/turtlesim_custom_msgs/turtlesim_custom_msgs/msg/detail/vel__description.c
[1.990s] -- Up-to-date: /home/ubuntu/ros_workspace/install/turtlesim_custom_msgs/include/turtlesim_custom_msgs/turtlesim_custom_msgs/msg/detail/vel__functions.c
[1.990s] -- Up-to-date: /home/ubuntu/ros_workspace/install/turtlesim_custom_msgs/include/turtlesim_custom_msgs/turtlesim_custom_msgs/msg/detail/vel__functions.h
[1.990s] -- Up-to-date: /home/ubuntu/ros_workspace/install/turtlesim_custom_msgs/include/turtlesim_custom_msgs/turtlesim_custom_msgs/msg/vel.h
[1.990s] -- Up-to-date: /home/ubuntu/ros_workspace/install/turtlesim_custom_msgs/include/turtlesim_custom_msgs/turtlesim_custom_msgs/msg/rosidl_generator_c__visibility_control.h
[1.990s] -- Up-to-date: /home/ubuntu/ros_workspace/install/turtlesim_custom_msgs/share/turtlesim_custom_msgs/environment/library_path.sh
[1.990s] -- Up-to-date: /home/ubuntu/ros_workspace/install/turtlesim_custom_msgs/share/turtlesim_custom_msgs/environment/library_path.dsv
[1.991s] -- Up-to-date: /home/ubuntu/ros_workspace/install/turtlesim_custom_msgs/lib/libturtlesim_custom_msgs__rosidl_generator_c.so
[1.991s] -- Up-to-date: /home/ubuntu/ros_workspace/install/turtlesim_custom_msgs/include/turtlesim_custom_msgs/turtlesim_custom_msgs
[1.991s] -- Up-to-date: /home/ubuntu/ros_workspace/install/turtlesim_custom_msgs/include/turtlesim_custom_msgs/turtlesim_custom_msgs/srv
[1.991s] -- Up-to-date: /home/ubuntu/ros_workspace/install/turtlesim_custom_msgs/include/turtlesim_custom_msgs/turtlesim_custom_msgs/srv/detail
[1.991s] -- Up-to-date: /home/ubuntu/ros_workspace/install/turtlesim_custom_msgs/include/turtlesim_custom_msgs/turtlesim_custom_msgs/srv/detail/velocity__rosidl_typesupport_fastrtps_c.h
[1.991s] -- Up-to-date: /home/ubuntu/ros_workspace/install/turtlesim_custom_msgs/include/turtlesim_custom_msgs/turtlesim_custom_msgs/msg
[1.991s] -- Up-to-date: /home/ubuntu/ros_workspace/install/turtlesim_custom_msgs/include/turtlesim_custom_msgs/turtlesim_custom_msgs/msg/detail
[1.991s] -- Up-to-date: /home/ubuntu/ros_workspace/install/turtlesim_custom_msgs/include/turtlesim_custom_msgs/turtlesim_custom_msgs/msg/detail/vel__rosidl_typesupport_fastrtps_c.h
[1.991s] -- Up-to-date: /home/ubuntu/ros_workspace/install/turtlesim_custom_msgs/include/turtlesim_custom_msgs/turtlesim_custom_msgs/msg/rosidl_typesupport_fastrtps_c__visibility_control.h
[1.992s] -- Up-to-date: /home/ubuntu/ros_workspace/install/turtlesim_custom_msgs/lib/libturtlesim_custom_msgs__rosidl_typesupport_fastrtps_c.so
[1.992s] -- Up-to-date: /home/ubuntu/ros_workspace/install/turtlesim_custom_msgs/include/turtlesim_custom_msgs/turtlesim_custom_msgs
[1.992s] -- Up-to-date: /home/ubuntu/ros_workspace/install/turtlesim_custom_msgs/include/turtlesim_custom_msgs/turtlesim_custom_msgs/srv
[1.993s] -- Up-to-date: /home/ubuntu/ros_workspace/install/turtlesim_custom_msgs/include/turtlesim_custom_msgs/turtlesim_custom_msgs/srv/detail
[1.993s] -- Up-to-date: /home/ubuntu/ros_workspace/install/turtlesim_custom_msgs/include/turtlesim_custom_msgs/turtlesim_custom_msgs/srv/detail/velocity__type_support.c
[1.993s] -- Up-to-date: /home/ubuntu/ros_workspace/install/turtlesim_custom_msgs/include/turtlesim_custom_msgs/turtlesim_custom_msgs/srv/detail/velocity__rosidl_typesupport_introspection_c.h
[1.993s] -- Up-to-date: /home/ubuntu/ros_workspace/install/turtlesim_custom_msgs/include/turtlesim_custom_msgs/turtlesim_custom_msgs/msg
[1.993s] -- Up-to-date: /home/ubuntu/ros_workspace/install/turtlesim_custom_msgs/include/turtlesim_custom_msgs/turtlesim_custom_msgs/msg/detail
[1.993s] -- Up-to-date: /home/ubuntu/ros_workspace/install/turtlesim_custom_msgs/include/turtlesim_custom_msgs/turtlesim_custom_msgs/msg/detail/vel__type_support.c
[1.993s] -- Up-to-date: /home/ubuntu/ros_workspace/install/turtlesim_custom_msgs/include/turtlesim_custom_msgs/turtlesim_custom_msgs/msg/detail/vel__rosidl_typesupport_introspection_c.h
[1.993s] -- Up-to-date: /home/ubuntu/ros_workspace/install/turtlesim_custom_msgs/include/turtlesim_custom_msgs/turtlesim_custom_msgs/msg/rosidl_typesupport_introspection_c__visibility_control.h
[1.994s] -- Up-to-date: /home/ubuntu/ros_workspace/install/turtlesim_custom_msgs/lib/libturtlesim_custom_msgs__rosidl_typesupport_introspection_c.so
[1.995s] -- Up-to-date: /home/ubuntu/ros_workspace/install/turtlesim_custom_msgs/lib/libturtlesim_custom_msgs__rosidl_typesupport_c.so
[1.995s] -- Up-to-date: /home/ubuntu/ros_workspace/install/turtlesim_custom_msgs/include/turtlesim_custom_msgs/turtlesim_custom_msgs
[1.995s] -- Up-to-date: /home/ubuntu/ros_workspace/install/turtlesim_custom_msgs/include/turtlesim_custom_msgs/turtlesim_custom_msgs/srv
[1.995s] -- Up-to-date: /home/ubuntu/ros_workspace/install/turtlesim_custom_msgs/include/turtlesim_custom_msgs/turtlesim_custom_msgs/srv/detail
[1.996s] -- Up-to-date: /home/ubuntu/ros_workspace/install/turtlesim_custom_msgs/include/turtlesim_custom_msgs/turtlesim_custom_msgs/srv/detail/velocity__traits.hpp
[1.996s] -- Up-to-date: /home/ubuntu/ros_workspace/install/turtlesim_custom_msgs/include/turtlesim_custom_msgs/turtlesim_custom_msgs/srv/detail/velocity__type_support.hpp
[1.996s] -- Up-to-date: /home/ubuntu/ros_workspace/install/turtlesim_custom_msgs/include/turtlesim_custom_msgs/turtlesim_custom_msgs/srv/detail/velocity__builder.hpp
[1.996s] -- Up-to-date: /home/ubuntu/ros_workspace/install/turtlesim_custom_msgs/include/turtlesim_custom_msgs/turtlesim_custom_msgs/srv/detail/velocity__struct.hpp
[1.997s] -- Up-to-date: /home/ubuntu/ros_workspace/install/turtlesim_custom_msgs/include/turtlesim_custom_msgs/turtlesim_custom_msgs/srv/velocity.hpp
[1.997s] -- Up-to-date: /home/ubuntu/ros_workspace/install/turtlesim_custom_msgs/include/turtlesim_custom_msgs/turtlesim_custom_msgs/msg
[1.997s] -- Up-to-date: /home/ubuntu/ros_workspace/install/turtlesim_custom_msgs/include/turtlesim_custom_msgs/turtlesim_custom_msgs/msg/detail
[1.997s] -- Up-to-date: /home/ubuntu/ros_workspace/install/turtlesim_custom_msgs/include/turtlesim_custom_msgs/turtlesim_custom_msgs/msg/detail/vel__struct.hpp
[1.997s] -- Up-to-date: /home/ubuntu/ros_workspace/install/turtlesim_custom_msgs/include/turtlesim_custom_msgs/turtlesim_custom_msgs/msg/detail/vel__builder.hpp
[1.998s] -- Up-to-date: /home/ubuntu/ros_workspace/install/turtlesim_custom_msgs/include/turtlesim_custom_msgs/turtlesim_custom_msgs/msg/detail/vel__traits.hpp
[1.998s] -- Up-to-date: /home/ubuntu/ros_workspace/install/turtlesim_custom_msgs/include/turtlesim_custom_msgs/turtlesim_custom_msgs/msg/detail/vel__type_support.hpp
[1.998s] -- Up-to-date: /home/ubuntu/ros_workspace/install/turtlesim_custom_msgs/include/turtlesim_custom_msgs/turtlesim_custom_msgs/msg/rosidl_generator_cpp__visibility_control.hpp
[1.998s] -- Up-to-date: /home/ubuntu/ros_workspace/install/turtlesim_custom_msgs/include/turtlesim_custom_msgs/turtlesim_custom_msgs/msg/vel.hpp
[1.998s] -- Up-to-date: /home/ubuntu/ros_workspace/install/turtlesim_custom_msgs/include/turtlesim_custom_msgs/turtlesim_custom_msgs
[1.999s] -- Up-to-date: /home/ubuntu/ros_workspace/install/turtlesim_custom_msgs/include/turtlesim_custom_msgs/turtlesim_custom_msgs/srv
[1.999s] -- Up-to-date: /home/ubuntu/ros_workspace/install/turtlesim_custom_msgs/include/turtlesim_custom_msgs/turtlesim_custom_msgs/srv/detail
[1.999s] -- Up-to-date: /home/ubuntu/ros_workspace/install/turtlesim_custom_msgs/include/turtlesim_custom_msgs/turtlesim_custom_msgs/srv/detail/dds_fastrtps
[1.999s] -- Up-to-date: /home/ubuntu/ros_workspace/install/turtlesim_custom_msgs/include/turtlesim_custom_msgs/turtlesim_custom_msgs/srv/detail/velocity__rosidl_typesupport_fastrtps_cpp.hpp
[1.999s] -- Up-to-date: /home/ubuntu/ros_workspace/install/turtlesim_custom_msgs/include/turtlesim_custom_msgs/turtlesim_custom_msgs/msg
[1.999s] -- Up-to-date: /home/ubuntu/ros_workspace/install/turtlesim_custom_msgs/include/turtlesim_custom_msgs/turtlesim_custom_msgs/msg/detail
[2.000s] -- Up-to-date: /home/ubuntu/ros_workspace/install/turtlesim_custom_msgs/include/turtlesim_custom_msgs/turtlesim_custom_msgs/msg/detail/dds_fastrtps
[2.000s] -- Up-to-date: /home/ubuntu/ros_workspace/install/turtlesim_custom_msgs/include/turtlesim_custom_msgs/turtlesim_custom_msgs/msg/detail/vel__rosidl_typesupport_fastrtps_cpp.hpp
[2.000s] -- Up-to-date: /home/ubuntu/ros_workspace/install/turtlesim_custom_msgs/include/turtlesim_custom_msgs/turtlesim_custom_msgs/msg/rosidl_typesupport_fastrtps_cpp__visibility_control.h
[2.000s] -- Up-to-date: /home/ubuntu/ros_workspace/install/turtlesim_custom_msgs/lib/libturtlesim_custom_msgs__rosidl_typesupport_fastrtps_cpp.so
[2.000s] -- Up-to-date: /home/ubuntu/ros_workspace/install/turtlesim_custom_msgs/include/turtlesim_custom_msgs/turtlesim_custom_msgs
[2.000s] -- Up-to-date: /home/ubuntu/ros_workspace/install/turtlesim_custom_msgs/include/turtlesim_custom_msgs/turtlesim_custom_msgs/srv
[2.000s] -- Up-to-date: /home/ubuntu/ros_workspace/install/turtlesim_custom_msgs/include/turtlesim_custom_msgs/turtlesim_custom_msgs/srv/detail
[2.000s] -- Up-to-date: /home/ubuntu/ros_workspace/install/turtlesim_custom_msgs/include/turtlesim_custom_msgs/turtlesim_custom_msgs/srv/detail/velocity__type_support.cpp
[2.000s] -- Up-to-date: /home/ubuntu/ros_workspace/install/turtlesim_custom_msgs/include/turtlesim_custom_msgs/turtlesim_custom_msgs/srv/detail/velocity__rosidl_typesupport_introspection_cpp.hpp
[2.001s] -- Up-to-date: /home/ubuntu/ros_workspace/install/turtlesim_custom_msgs/include/turtlesim_custom_msgs/turtlesim_custom_msgs/msg
[2.001s] -- Up-to-date: /home/ubuntu/ros_workspace/install/turtlesim_custom_msgs/include/turtlesim_custom_msgs/turtlesim_custom_msgs/msg/detail
[2.001s] -- Up-to-date: /home/ubuntu/ros_workspace/install/turtlesim_custom_msgs/include/turtlesim_custom_msgs/turtlesim_custom_msgs/msg/detail/vel__type_support.cpp
[2.001s] -- Up-to-date: /home/ubuntu/ros_workspace/install/turtlesim_custom_msgs/include/turtlesim_custom_msgs/turtlesim_custom_msgs/msg/detail/vel__rosidl_typesupport_introspection_cpp.hpp
[2.001s] -- Up-to-date: /home/ubuntu/ros_workspace/install/turtlesim_custom_msgs/lib/libturtlesim_custom_msgs__rosidl_typesupport_introspection_cpp.so
[2.003s] -- Up-to-date: /home/ubuntu/ros_workspace/install/turtlesim_custom_msgs/lib/libturtlesim_custom_msgs__rosidl_typesupport_cpp.so
[2.003s] -- Up-to-date: /home/ubuntu/ros_workspace/install/turtlesim_custom_msgs/share/turtlesim_custom_msgs/environment/pythonpath.sh
[2.003s] -- Up-to-date: /home/ubuntu/ros_workspace/install/turtlesim_custom_msgs/share/turtlesim_custom_msgs/environment/pythonpath.dsv
[2.003s] -- Up-to-date: /home/ubuntu/ros_workspace/install/turtlesim_custom_msgs/lib/python3.12/site-packages/turtlesim_custom_msgs-0.0.0-py3.12.egg-info
[2.003s] -- Installing: /home/ubuntu/ros_workspace/install/turtlesim_custom_msgs/lib/python3.12/site-packages/turtlesim_custom_msgs-0.0.0-py3.12.egg-info/top_level.txt
[2.004s] -- Installing: /home/ubuntu/ros_workspace/install/turtlesim_custom_msgs/lib/python3.12/site-packages/turtlesim_custom_msgs-0.0.0-py3.12.egg-info/SOURCES.txt
[2.004s] -- Installing: /home/ubuntu/ros_workspace/install/turtlesim_custom_msgs/lib/python3.12/site-packages/turtlesim_custom_msgs-0.0.0-py3.12.egg-info/PKG-INFO
[2.005s] -- Installing: /home/ubuntu/ros_workspace/install/turtlesim_custom_msgs/lib/python3.12/site-packages/turtlesim_custom_msgs-0.0.0-py3.12.egg-info/dependency_links.txt
[2.005s] -- Up-to-date: /home/ubuntu/ros_workspace/install/turtlesim_custom_msgs/lib/python3.12/site-packages/turtlesim_custom_msgs
[2.005s] -- Up-to-date: /home/ubuntu/ros_workspace/install/turtlesim_custom_msgs/lib/python3.12/site-packages/turtlesim_custom_msgs/turtlesim_custom_msgs_s__rosidl_typesupport_introspection_c.so
[2.006s] -- Up-to-date: /home/ubuntu/ros_workspace/install/turtlesim_custom_msgs/lib/python3.12/site-packages/turtlesim_custom_msgs/turtlesim_custom_msgs_s__rosidl_typesupport_c.so
[2.006s] -- Installing: /home/ubuntu/ros_workspace/install/turtlesim_custom_msgs/lib/python3.12/site-packages/turtlesim_custom_msgs/__init__.py
[2.006s] -- Up-to-date: /home/ubuntu/ros_workspace/install/turtlesim_custom_msgs/lib/python3.12/site-packages/turtlesim_custom_msgs/_turtlesim_custom_msgs_s.ep.rosidl_typesupport_introspection_c.c
[2.006s] -- Up-to-date: /home/ubuntu/ros_workspace/install/turtlesim_custom_msgs/lib/python3.12/site-packages/turtlesim_custom_msgs/_turtlesim_custom_msgs_s.ep.rosidl_typesupport_fastrtps_c.c
[2.006s] -- Up-to-date: /home/ubuntu/ros_workspace/install/turtlesim_custom_msgs/lib/python3.12/site-packages/turtlesim_custom_msgs/turtlesim_custom_msgs_s__rosidl_typesupport_fastrtps_c.so
[2.006s] -- Up-to-date: /home/ubuntu/ros_workspace/install/turtlesim_custom_msgs/lib/python3.12/site-packages/turtlesim_custom_msgs/srv
[2.007s] -- Up-to-date: /home/ubuntu/ros_workspace/install/turtlesim_custom_msgs/lib/python3.12/site-packages/turtlesim_custom_msgs/srv/_velocity.py
[2.007s] -- Up-to-date: /home/ubuntu/ros_workspace/install/turtlesim_custom_msgs/lib/python3.12/site-packages/turtlesim_custom_msgs/srv/_velocity_s.c
[2.007s] -- Up-to-date: /home/ubuntu/ros_workspace/install/turtlesim_custom_msgs/lib/python3.12/site-packages/turtlesim_custom_msgs/srv/__init__.py
[2.007s] -- Up-to-date: /home/ubuntu/ros_workspace/install/turtlesim_custom_msgs/lib/python3.12/site-packages/turtlesim_custom_msgs/_turtlesim_custom_msgs_s.ep.rosidl_typesupport_c.c
[2.007s] -- Up-to-date: /home/ubuntu/ros_workspace/install/turtlesim_custom_msgs/lib/python3.12/site-packages/turtlesim_custom_msgs/msg
[2.007s] -- Up-to-date: /home/ubuntu/ros_workspace/install/turtlesim_custom_msgs/lib/python3.12/site-packages/turtlesim_custom_msgs/msg/_vel.py
[2.008s] -- Up-to-date: /home/ubuntu/ros_workspace/install/turtlesim_custom_msgs/lib/python3.12/site-packages/turtlesim_custom_msgs/msg/_vel_s.c
[2.008s] -- Up-to-date: /home/ubuntu/ros_workspace/install/turtlesim_custom_msgs/lib/python3.12/site-packages/turtlesim_custom_msgs/msg/__init__.py
[2.049s] Listing '/home/ubuntu/ros_workspace/install/turtlesim_custom_msgs/lib/python3.12/site-packages/turtlesim_custom_msgs'...
[2.049s] Compiling '/home/ubuntu/ros_workspace/install/turtlesim_custom_msgs/lib/python3.12/site-packages/turtlesim_custom_msgs/__init__.py'...
[2.049s] Listing '/home/ubuntu/ros_workspace/install/turtlesim_custom_msgs/lib/python3.12/site-packages/turtlesim_custom_msgs/msg'...
[2.049s] Listing '/home/ubuntu/ros_workspace/install/turtlesim_custom_msgs/lib/python3.12/site-packages/turtlesim_custom_msgs/srv'...
[2.056s] -- Up-to-date: /home/ubuntu/ros_workspace/install/turtlesim_custom_msgs/lib/python3.12/site-packages/turtlesim_custom_msgs/turtlesim_custom_msgs_s__rosidl_typesupport_fastrtps_c.so
[2.057s] -- Up-to-date: /home/ubuntu/ros_workspace/install/turtlesim_custom_msgs/lib/python3.12/site-packages/turtlesim_custom_msgs/turtlesim_custom_msgs_s__rosidl_typesupport_introspection_c.so
[2.058s] -- Up-to-date: /home/ubuntu/ros_workspace/install/turtlesim_custom_msgs/lib/python3.12/site-packages/turtlesim_custom_msgs/turtlesim_custom_msgs_s__rosidl_typesupport_c.so
[2.059s] -- Up-to-date: /home/ubuntu/ros_workspace/install/turtlesim_custom_msgs/lib/libturtlesim_custom_msgs__rosidl_generator_py.so
[2.060s] -- Up-to-date: /home/ubuntu/ros_workspace/install/turtlesim_custom_msgs/share/turtlesim_custom_msgs/msg/Vel.idl
[2.060s] -- Up-to-date: /home/ubuntu/ros_workspace/install/turtlesim_custom_msgs/share/turtlesim_custom_msgs/srv/Velocity.idl
[2.060s] -- Up-to-date: /home/ubuntu/ros_workspace/install/turtlesim_custom_msgs/share/turtlesim_custom_msgs/msg/Vel.msg
[2.060s] -- Installing: /home/ubuntu/ros_workspace/install/turtlesim_custom_msgs/share/turtlesim_custom_msgs/srv/Velocity.srv
[2.060s] -- Up-to-date: /home/ubuntu/ros_workspace/install/turtlesim_custom_msgs/share/ament_index/resource_index/package_run_dependencies/turtlesim_custom_msgs
[2.060s] -- Installing: /home/ubuntu/ros_workspace/install/turtlesim_custom_msgs/share/ament_index/resource_index/parent_prefix_path/turtlesim_custom_msgs
[2.061s] -- Up-to-date: /home/ubuntu/ros_workspace/install/turtlesim_custom_msgs/share/turtlesim_custom_msgs/environment/ament_prefix_path.sh
[2.061s] -- Up-to-date: /home/ubuntu/ros_workspace/install/turtlesim_custom_msgs/share/turtlesim_custom_msgs/environment/ament_prefix_path.dsv
[2.061s] -- Up-to-date: /home/ubuntu/ros_workspace/install/turtlesim_custom_msgs/share/turtlesim_custom_msgs/environment/path.sh
[2.061s] -- Up-to-date: /home/ubuntu/ros_workspace/install/turtlesim_custom_msgs/share/turtlesim_custom_msgs/environment/path.dsv
[2.062s] -- Up-to-date: /home/ubuntu/ros_workspace/install/turtlesim_custom_msgs/share/turtlesim_custom_msgs/local_setup.bash
[2.062s] -- Up-to-date: /home/ubuntu/ros_workspace/install/turtlesim_custom_msgs/share/turtlesim_custom_msgs/local_setup.sh
[2.062s] -- Up-to-date: /home/ubuntu/ros_workspace/install/turtlesim_custom_msgs/share/turtlesim_custom_msgs/local_setup.zsh
[2.062s] -- Up-to-date: /home/ubuntu/ros_workspace/install/turtlesim_custom_msgs/share/turtlesim_custom_msgs/local_setup.dsv
[2.062s] -- Installing: /home/ubuntu/ros_workspace/install/turtlesim_custom_msgs/share/turtlesim_custom_msgs/package.dsv
[2.063s] -- Up-to-date: /home/ubuntu/ros_workspace/install/turtlesim_custom_msgs/share/ament_index/resource_index/packages/turtlesim_custom_msgs
[2.063s] -- Up-to-date: /home/ubuntu/ros_workspace/install/turtlesim_custom_msgs/share/turtlesim_custom_msgs/cmake/export_turtlesim_custom_msgs__rosidl_generator_cExport.cmake
[2.063s] -- Up-to-date: /home/ubuntu/ros_workspace/install/turtlesim_custom_msgs/share/turtlesim_custom_msgs/cmake/export_turtlesim_custom_msgs__rosidl_generator_cExport-noconfig.cmake
[2.063s] -- Up-to-date: /home/ubuntu/ros_workspace/install/turtlesim_custom_msgs/share/turtlesim_custom_msgs/cmake/export_turtlesim_custom_msgs__rosidl_typesupport_fastrtps_cExport.cmake
[2.063s] -- Up-to-date: /home/ubuntu/ros_workspace/install/turtlesim_custom_msgs/share/turtlesim_custom_msgs/cmake/export_turtlesim_custom_msgs__rosidl_typesupport_fastrtps_cExport-noconfig.cmake
[2.064s] -- Up-to-date: /home/ubuntu/ros_workspace/install/turtlesim_custom_msgs/share/turtlesim_custom_msgs/cmake/turtlesim_custom_msgs__rosidl_typesupport_introspection_cExport.cmake
[2.064s] -- Up-to-date: /home/ubuntu/ros_workspace/install/turtlesim_custom_msgs/share/turtlesim_custom_msgs/cmake/turtlesim_custom_msgs__rosidl_typesupport_introspection_cExport-noconfig.cmake
[2.064s] -- Up-to-date: /home/ubuntu/ros_workspace/install/turtlesim_custom_msgs/share/turtlesim_custom_msgs/cmake/turtlesim_custom_msgs__rosidl_typesupport_cExport.cmake
[2.064s] -- Up-to-date: /home/ubuntu/ros_workspace/install/turtlesim_custom_msgs/share/turtlesim_custom_msgs/cmake/turtlesim_custom_msgs__rosidl_typesupport_cExport-noconfig.cmake
[2.065s] -- Up-to-date: /home/ubuntu/ros_workspace/install/turtlesim_custom_msgs/share/turtlesim_custom_msgs/cmake/export_turtlesim_custom_msgs__rosidl_generator_cppExport.cmake
[2.065s] -- Up-to-date: /home/ubuntu/ros_workspace/install/turtlesim_custom_msgs/share/turtlesim_custom_msgs/cmake/export_turtlesim_custom_msgs__rosidl_typesupport_fastrtps_cppExport.cmake
[2.065s] -- Up-to-date: /home/ubuntu/ros_workspace/install/turtlesim_custom_msgs/share/turtlesim_custom_msgs/cmake/export_turtlesim_custom_msgs__rosidl_typesupport_fastrtps_cppExport-noconfig.cmake
[2.066s] -- Up-to-date: /home/ubuntu/ros_workspace/install/turtlesim_custom_msgs/share/turtlesim_custom_msgs/cmake/turtlesim_custom_msgs__rosidl_typesupport_introspection_cppExport.cmake
[2.066s] -- Up-to-date: /home/ubuntu/ros_workspace/install/turtlesim_custom_msgs/share/turtlesim_custom_msgs/cmake/turtlesim_custom_msgs__rosidl_typesupport_introspection_cppExport-noconfig.cmake
[2.066s] -- Up-to-date: /home/ubuntu/ros_workspace/install/turtlesim_custom_msgs/share/turtlesim_custom_msgs/cmake/turtlesim_custom_msgs__rosidl_typesupport_cppExport.cmake
[2.066s] -- Up-to-date: /home/ubuntu/ros_workspace/install/turtlesim_custom_msgs/share/turtlesim_custom_msgs/cmake/turtlesim_custom_msgs__rosidl_typesupport_cppExport-noconfig.cmake
[2.067s] -- Up-to-date: /home/ubuntu/ros_workspace/install/turtlesim_custom_msgs/share/turtlesim_custom_msgs/cmake/export_turtlesim_custom_msgs__rosidl_generator_pyExport.cmake
[2.067s] -- Up-to-date: /home/ubuntu/ros_workspace/install/turtlesim_custom_msgs/share/turtlesim_custom_msgs/cmake/export_turtlesim_custom_msgs__rosidl_generator_pyExport-noconfig.cmake
[2.067s] -- Up-to-date: /home/ubuntu/ros_workspace/install/turtlesim_custom_msgs/share/turtlesim_custom_msgs/cmake/rosidl_cmake-extras.cmake
[2.067s] -- Up-to-date: /home/ubuntu/ros_workspace/install/turtlesim_custom_msgs/share/turtlesim_custom_msgs/cmake/ament_cmake_export_dependencies-extras.cmake
[2.067s] -- Up-to-date: /home/ubuntu/ros_workspace/install/turtlesim_custom_msgs/share/turtlesim_custom_msgs/cmake/ament_cmake_export_include_directories-extras.cmake
[2.068s] -- Up-to-date: /home/ubuntu/ros_workspace/install/turtlesim_custom_msgs/share/turtlesim_custom_msgs/cmake/ament_cmake_export_libraries-extras.cmake
[2.068s] -- Up-to-date: /home/ubuntu/ros_workspace/install/turtlesim_custom_msgs/share/turtlesim_custom_msgs/cmake/ament_cmake_export_targets-extras.cmake
[2.068s] -- Up-to-date: /home/ubuntu/ros_workspace/install/turtlesim_custom_msgs/share/turtlesim_custom_msgs/cmake/rosidl_cmake_export_typesupport_targets-extras.cmake
[2.068s] -- Up-to-date: /home/ubuntu/ros_workspace/install/turtlesim_custom_msgs/share/turtlesim_custom_msgs/cmake/rosidl_cmake_export_typesupport_libraries-extras.cmake
[2.068s] -- Up-to-date: /home/ubuntu/ros_workspace/install/turtlesim_custom_msgs/share/turtlesim_custom_msgs/cmake/turtlesim_custom_msgsConfig.cmake
[2.068s] -- Up-to-date: /home/ubuntu/ros_workspace/install/turtlesim_custom_msgs/share/turtlesim_custom_msgs/cmake/turtlesim_custom_msgsConfig-version.cmake
[2.068s] -- Up-to-date: /home/ubuntu/ros_workspace/install/turtlesim_custom_msgs/share/turtlesim_custom_msgs/package.xml
[2.071s] Invoked command in '/home/ubuntu/ros_workspace/build/turtlesim_custom_msgs' returned '0': CMAKE_PREFIX_PATH=${CMAKE_PREFIX_PATH}:/home/ubuntu/ros_workspace/install/python_package:/opt/ros/jazzy /usr/bin/cmake --install /home/ubuntu/ros_workspace/build/turtlesim_custom_msgs
