[01m[K/home/ubuntu/ros_workspace/src/turtlesim_controller/src/turtlesim_controller.cpp:[m[K In member function ‘[01m[Kvoid TurtlesimController::[01;32m[Ktimer_callback[m[K()[m[K’:
[01m[K/home/ubuntu/ros_workspace/src/turtlesim_controller/src/turtlesim_controller.cpp:31:19:[m[K [01;31m[Kerror: [m[K‘[01m[Kusing turtlesim_custom_msgs::msg::Vel = struct turtlesim_custom_msgs::msg::Vel_<std::allocator<void> >[m[K’ {aka ‘[01m[Kstruct turtlesim_custom_msgs::msg::Vel_<std::allocator<void> >[m[K’} has no member named ‘[01m[Kname[m[K’
   31 |       message_vel.[01;31m[Kname[m[K = "linear_x";
      |                   [01;31m[K^~~~[m[K
[01m[K/home/ubuntu/ros_workspace/src/turtlesim_controller/src/turtlesim_controller.cpp:32:19:[m[K [01;31m[Kerror: [m[K‘[01m[Kusing turtlesim_custom_msgs::msg::Vel = struct turtlesim_custom_msgs::msg::Vel_<std::allocator<void> >[m[K’ {aka ‘[01m[Kstruct turtlesim_custom_msgs::msg::Vel_<std::allocator<void> >[m[K’} has no member named ‘[01m[Kvel[m[K’
   32 |       message_vel.[01;31m[Kvel[m[K = message.linear.x;
      |                   [01;31m[K^~~[m[K
[01m[K/home/ubuntu/ros_workspace/src/turtlesim_controller/src/turtlesim_controller2.cpp:[m[K In member function ‘[01m[Kvoid TurtlesimController::[01;32m[Ktimer_callback[m[K()[m[K’:
[01m[K/home/ubuntu/ros_workspace/src/turtlesim_controller/src/turtlesim_controller2.cpp:68:19:[m[K [01;31m[Kerror: [m[K‘[01m[Kusing turtlesim_custom_msgs::msg::Vel = struct turtlesim_custom_msgs::msg::Vel_<std::allocator<void> >[m[K’ {aka ‘[01m[Kstruct turtlesim_custom_msgs::msg::Vel_<std::allocator<void> >[m[K’} has no member named ‘[01m[Kname[m[K’
   68 |       message_vel.[01;31m[Kname[m[K = "linear_x";
      |                   [01;31m[K^~~~[m[K
[01m[K/home/ubuntu/ros_workspace/src/turtlesim_controller/src/turtlesim_controller2.cpp:69:19:[m[K [01;31m[Kerror: [m[K‘[01m[Kusing turtlesim_custom_msgs::msg::Vel = struct turtlesim_custom_msgs::msg::Vel_<std::allocator<void> >[m[K’ {aka ‘[01m[Kstruct turtlesim_custom_msgs::msg::Vel_<std::allocator<void> >[m[K’} has no member named ‘[01m[Kvel[m[K’
   69 |       message_vel.[01;31m[Kvel[m[K = message.linear.x;
      |                   [01;31m[K^~~[m[K
[01m[K/home/ubuntu/ros_workspace/src/turtlesim_controller/src/turtlesim_controller3.cpp:[m[K In member function ‘[01m[Kvoid TurtlesimController::[01;32m[Ktimer_callback[m[K()[m[K’:
[01m[K/home/ubuntu/ros_workspace/src/turtlesim_controller/src/turtlesim_controller3.cpp:71:21:[m[K [01;31m[Kerror: [m[K‘[01m[Kusing turtlesim_custom_msgs::msg::Vel = struct turtlesim_custom_msgs::msg::Vel_<std::allocator<void> >[m[K’ {aka ‘[01m[Kstruct turtlesim_custom_msgs::msg::Vel_<std::allocator<void> >[m[K’} has no member named ‘[01m[Kname[m[K’
   71 |         message_vel.[01;31m[Kname[m[K = "linear_x";
      |                     [01;31m[K^~~~[m[K
[01m[K/home/ubuntu/ros_workspace/src/turtlesim_controller/src/turtlesim_controller3.cpp:72:21:[m[K [01;31m[Kerror: [m[K‘[01m[Kusing turtlesim_custom_msgs::msg::Vel = struct turtlesim_custom_msgs::msg::Vel_<std::allocator<void> >[m[K’ {aka ‘[01m[Kstruct turtlesim_custom_msgs::msg::Vel_<std::allocator<void> >[m[K’} has no member named ‘[01m[Kvel[m[K’
   72 |         message_vel.[01;31m[Kvel[m[K = message.linear.x;
      |                     [01;31m[K^~~[m[K
gmake[2]: *** [CMakeFiles/turtlesim_controller.dir/build.make:76: CMakeFiles/turtlesim_controller.dir/src/turtlesim_controller.cpp.o] Error 1
gmake[1]: *** [CMakeFiles/Makefile2:143: CMakeFiles/turtlesim_controller.dir/all] Error 2
gmake[1]: *** Waiting for unfinished jobs....
gmake[2]: *** [CMakeFiles/turtlesim_controller2.dir/build.make:76: CMakeFiles/turtlesim_controller2.dir/src/turtlesim_controller2.cpp.o] Error 1
gmake[1]: *** [CMakeFiles/Makefile2:169: CMakeFiles/turtlesim_controller2.dir/all] Error 2
gmake[2]: *** [CMakeFiles/turtlesim_controller3.dir/build.make:76: CMakeFiles/turtlesim_controller3.dir/src/turtlesim_controller3.cpp.o] Error 1
gmake[1]: *** [CMakeFiles/Makefile2:195: CMakeFiles/turtlesim_controller3.dir/all] Error 2
gmake: *** [Makefile:146: all] Error 2
