[0.020s] Invoking command in '/home/ubuntu/ros_workspace/build/turtlesim_controller': CMAKE_PREFIX_PATH=/home/ubuntu/ros_workspace/install/turtlesim_custom_msgs:/home/ubuntu/ros_workspace/install/turtlesim_controller:/home/ubuntu/ros_workspace/install/ob_first_package_cpp:/home/ubuntu/ros_workspace/install/first_package_cpp:/home/ubuntu/ros_workspace/install/cmake_package:/home/ubuntu/ros_workspace/install/bme_gazebo_sensors:/home/ubuntu/ros_workspace/install/assignment1_rt:/opt/ros/jazzy/opt/gz_launch_vendor:/opt/ros/jazzy/opt/gz_sim_vendor:/opt/ros/jazzy/opt/gz_sensors_vendor:/opt/ros/jazzy/opt/gz_physics_vendor:/opt/ros/jazzy/opt/sdformat_vendor:/opt/ros/jazzy/opt/gz_gui_vendor:/opt/ros/jazzy/opt/gz_transport_vendor:/opt/ros/jazzy/opt/gz_rendering_vendor:/opt/ros/jazzy/opt/gz_plugin_vendor:/opt/ros/jazzy/opt/gz_fuel_tools_vendor:/opt/ros/jazzy/opt/gz_msgs_vendor:/opt/ros/jazzy/opt/gz_common_vendor:/opt/ros/jazzy/opt/gz_math_vendor:/opt/ros/jazzy/opt/gz_utils_vendor:/opt/ros/jazzy/opt/gz_tools_vendor:/opt/ros/jazzy/opt/gz_ogre_next_vendor:/opt/ros/jazzy/opt/gz_dartsim_vendor:/opt/ros/jazzy/opt/gz_cmake_vendor:/home/ubuntu/ros_workspace/install/python_package:/home/ubuntu/ros_workspace/install/first_package_py:/home/ubuntu/ros_workspace/install/assignment1_rt_py:/opt/ros/jazzy /usr/bin/cmake --build /home/ubuntu/ros_workspace/build/turtlesim_controller -- -j16 -l16
[0.076s] -- Found ament_cmake: 2.5.4 (/opt/ros/jazzy/share/ament_cmake/cmake)
[0.472s] -- Found turtlesim: 1.8.3 (/opt/ros/jazzy/share/turtlesim/cmake)
[0.503s] -- Found rosidl_generator_c: 4.6.6 (/opt/ros/jazzy/share/rosidl_generator_c/cmake)
[0.512s] -- Found rosidl_generator_cpp: 4.6.6 (/opt/ros/jazzy/share/rosidl_generator_cpp/cmake)
[0.523s] -- Using all available rosidl_typesupport_c: rosidl_typesupport_fastrtps_c;rosidl_typesupport_introspection_c
[0.536s] -- Using all available rosidl_typesupport_cpp: rosidl_typesupport_fastrtps_cpp;rosidl_typesupport_introspection_cpp
[0.632s] -- Found geometry_msgs: 5.3.6 (/opt/ros/jazzy/share/geometry_msgs/cmake)
[0.676s] -- Found rclcpp: 28.1.11 (/opt/ros/jazzy/share/rclcpp/cmake)
[0.729s] -- Found rmw_implementation_cmake: 7.3.2 (/opt/ros/jazzy/share/rmw_implementation_cmake/cmake)
[0.732s] -- Found rmw_fastrtps_cpp: 8.4.3 (/opt/ros/jazzy/share/rmw_fastrtps_cpp/cmake)
[0.830s] -- Using RMW implementation 'rmw_fastrtps_cpp' as default
[0.915s] -- Found turtlesim_custom_msgs: 0.0.0 (/home/ubuntu/ros_workspace/install/turtlesim_custom_msgs/share/turtlesim_custom_msgs/cmake)
[0.944s] -- Found ament_lint_auto: 0.17.3 (/opt/ros/jazzy/share/ament_lint_auto/cmake)
[1.052s] -- Added test 'cppcheck' to perform static code analysis on C / C++ code
[1.053s] -- Configured cppcheck include dirs: 
[1.053s] -- Configured cppcheck exclude dirs and/or files: 
[1.053s] -- Added test 'flake8' to check Python code syntax and style conventions
[1.053s] -- Configured 'flake8' exclude dirs and/or files: 
[1.055s] -- Added test 'lint_cmake' to check CMake code style
[1.056s] -- Added test 'pep257' to check Python code against some of the docstring style conventions in PEP 257
[1.064s] -- Added test 'uncrustify' to check C / C++ code style
[1.064s] -- Configured uncrustify additional arguments: 
[1.065s] -- Added test 'xmllint' to check XML markup files
[1.067s] -- Configuring done (1.0s)
[1.117s] -- Generating done (0.0s)
[1.127s] -- Build files have been written to: /home/ubuntu/ros_workspace/build/turtlesim_controller
[1.208s] [ 12%] [32mBuilding CXX object CMakeFiles/turtlesim_controller3.dir/src/turtlesim_controller3.cpp.o[0m
[1.208s] [ 25%] [32mBuilding CXX object CMakeFiles/turtlesim_controller.dir/src/turtlesim_controller.cpp.o[0m
[1.208s] [ 50%] [32mBuilding CXX object CMakeFiles/turtlesim_service.dir/src/turtlesim_service.cpp.o[0m
[1.208s] [ 50%] [32mBuilding CXX object CMakeFiles/turtlesim_controller2.dir/src/turtlesim_controller2.cpp.o[0m
[4.021s] [01m[K/home/ubuntu/ros_workspace/src/turtlesim_controller/src/turtlesim_controller.cpp:[m[K In member function ‘[01m[Kvoid TurtlesimController::[01;32m[Ktimer_callback[m[K()[m[K’:
[4.021s] [01m[K/home/ubuntu/ros_workspace/src/turtlesim_controller/src/turtlesim_controller.cpp:31:19:[m[K [01;31m[Kerror: [m[K‘[01m[Kusing turtlesim_custom_msgs::msg::Vel = struct turtlesim_custom_msgs::msg::Vel_<std::allocator<void> >[m[K’ {aka ‘[01m[Kstruct turtlesim_custom_msgs::msg::Vel_<std::allocator<void> >[m[K’} has no member named ‘[01m[Kname[m[K’
[4.021s]    31 |       message_vel.[01;31m[Kname[m[K = "linear_x";
[4.021s]       |                   [01;31m[K^~~~[m[K
[4.021s] [01m[K/home/ubuntu/ros_workspace/src/turtlesim_controller/src/turtlesim_controller.cpp:32:19:[m[K [01;31m[Kerror: [m[K‘[01m[Kusing turtlesim_custom_msgs::msg::Vel = struct turtlesim_custom_msgs::msg::Vel_<std::allocator<void> >[m[K’ {aka ‘[01m[Kstruct turtlesim_custom_msgs::msg::Vel_<std::allocator<void> >[m[K’} has no member named ‘[01m[Kvel[m[K’
[4.021s]    32 |       message_vel.[01;31m[Kvel[m[K = message.linear.x;
[4.021s]       |                   [01;31m[K^~~[m[K
[4.105s] [01m[K/home/ubuntu/ros_workspace/src/turtlesim_controller/src/turtlesim_controller2.cpp:[m[K In member function ‘[01m[Kvoid TurtlesimController::[01;32m[Ktimer_callback[m[K()[m[K’:
[4.105s] [01m[K/home/ubuntu/ros_workspace/src/turtlesim_controller/src/turtlesim_controller2.cpp:68:19:[m[K [01;31m[Kerror: [m[K‘[01m[Kusing turtlesim_custom_msgs::msg::Vel = struct turtlesim_custom_msgs::msg::Vel_<std::allocator<void> >[m[K’ {aka ‘[01m[Kstruct turtlesim_custom_msgs::msg::Vel_<std::allocator<void> >[m[K’} has no member named ‘[01m[Kname[m[K’
[4.105s]    68 |       message_vel.[01;31m[Kname[m[K = "linear_x";
[4.106s]       |                   [01;31m[K^~~~[m[K
[4.106s] [01m[K/home/ubuntu/ros_workspace/src/turtlesim_controller/src/turtlesim_controller2.cpp:69:19:[m[K [01;31m[Kerror: [m[K‘[01m[Kusing turtlesim_custom_msgs::msg::Vel = struct turtlesim_custom_msgs::msg::Vel_<std::allocator<void> >[m[K’ {aka ‘[01m[Kstruct turtlesim_custom_msgs::msg::Vel_<std::allocator<void> >[m[K’} has no member named ‘[01m[Kvel[m[K’
[4.106s]    69 |       message_vel.[01;31m[Kvel[m[K = message.linear.x;
[4.106s]       |                   [01;31m[K^~~[m[K
[4.112s] [01m[K/home/ubuntu/ros_workspace/src/turtlesim_controller/src/turtlesim_controller3.cpp:[m[K In member function ‘[01m[Kvoid TurtlesimController::[01;32m[Ktimer_callback[m[K()[m[K’:
[4.113s] [01m[K/home/ubuntu/ros_workspace/src/turtlesim_controller/src/turtlesim_controller3.cpp:71:21:[m[K [01;31m[Kerror: [m[K‘[01m[Kusing turtlesim_custom_msgs::msg::Vel = struct turtlesim_custom_msgs::msg::Vel_<std::allocator<void> >[m[K’ {aka ‘[01m[Kstruct turtlesim_custom_msgs::msg::Vel_<std::allocator<void> >[m[K’} has no member named ‘[01m[Kname[m[K’
[4.113s]    71 |         message_vel.[01;31m[Kname[m[K = "linear_x";
[4.113s]       |                     [01;31m[K^~~~[m[K
[4.113s] [01m[K/home/ubuntu/ros_workspace/src/turtlesim_controller/src/turtlesim_controller3.cpp:72:21:[m[K [01;31m[Kerror: [m[K‘[01m[Kusing turtlesim_custom_msgs::msg::Vel = struct turtlesim_custom_msgs::msg::Vel_<std::allocator<void> >[m[K’ {aka ‘[01m[Kstruct turtlesim_custom_msgs::msg::Vel_<std::allocator<void> >[m[K’} has no member named ‘[01m[Kvel[m[K’
[4.113s]    72 |         message_vel.[01;31m[Kvel[m[K = message.linear.x;
[4.113s]       |                     [01;31m[K^~~[m[K
[5.571s] [ 62%] [32m[1mLinking CXX executable turtlesim_service[0m
[5.805s] [ 62%] Built target turtlesim_service
[6.681s] gmake[2]: *** [CMakeFiles/turtlesim_controller.dir/build.make:76: CMakeFiles/turtlesim_controller.dir/src/turtlesim_controller.cpp.o] Error 1
[6.681s] gmake[1]: *** [CMakeFiles/Makefile2:143: CMakeFiles/turtlesim_controller.dir/all] Error 2
[6.681s] gmake[1]: *** Waiting for unfinished jobs....
[7.095s] gmake[2]: *** [CMakeFiles/turtlesim_controller2.dir/build.make:76: CMakeFiles/turtlesim_controller2.dir/src/turtlesim_controller2.cpp.o] Error 1
[7.095s] gmake[1]: *** [CMakeFiles/Makefile2:169: CMakeFiles/turtlesim_controller2.dir/all] Error 2
[7.290s] gmake[2]: *** [CMakeFiles/turtlesim_controller3.dir/build.make:76: CMakeFiles/turtlesim_controller3.dir/src/turtlesim_controller3.cpp.o] Error 1
[7.290s] gmake[1]: *** [CMakeFiles/Makefile2:195: CMakeFiles/turtlesim_controller3.dir/all] Error 2
[7.290s] gmake: *** [Makefile:146: all] Error 2
[7.294s] Invoked command in '/home/ubuntu/ros_workspace/build/turtlesim_controller' returned '2': CMAKE_PREFIX_PATH=/home/ubuntu/ros_workspace/install/turtlesim_custom_msgs:/home/ubuntu/ros_workspace/install/turtlesim_controller:/home/ubuntu/ros_workspace/install/ob_first_package_cpp:/home/ubuntu/ros_workspace/install/first_package_cpp:/home/ubuntu/ros_workspace/install/cmake_package:/home/ubuntu/ros_workspace/install/bme_gazebo_sensors:/home/ubuntu/ros_workspace/install/assignment1_rt:/opt/ros/jazzy/opt/gz_launch_vendor:/opt/ros/jazzy/opt/gz_sim_vendor:/opt/ros/jazzy/opt/gz_sensors_vendor:/opt/ros/jazzy/opt/gz_physics_vendor:/opt/ros/jazzy/opt/sdformat_vendor:/opt/ros/jazzy/opt/gz_gui_vendor:/opt/ros/jazzy/opt/gz_transport_vendor:/opt/ros/jazzy/opt/gz_rendering_vendor:/opt/ros/jazzy/opt/gz_plugin_vendor:/opt/ros/jazzy/opt/gz_fuel_tools_vendor:/opt/ros/jazzy/opt/gz_msgs_vendor:/opt/ros/jazzy/opt/gz_common_vendor:/opt/ros/jazzy/opt/gz_math_vendor:/opt/ros/jazzy/opt/gz_utils_vendor:/opt/ros/jazzy/opt/gz_tools_vendor:/opt/ros/jazzy/opt/gz_ogre_next_vendor:/opt/ros/jazzy/opt/gz_dartsim_vendor:/opt/ros/jazzy/opt/gz_cmake_vendor:/home/ubuntu/ros_workspace/install/python_package:/home/ubuntu/ros_workspace/install/first_package_py:/home/ubuntu/ros_workspace/install/assignment1_rt_py:/opt/ros/jazzy /usr/bin/cmake --build /home/ubuntu/ros_workspace/build/turtlesim_controller -- -j16 -l16
