/home/ubuntu/ros_workspace/install/assignment1_rt_py/lib/python3.12/site-packages/assignment1_rt_py/turtle_spawn.py
/home/ubuntu/ros_workspace/install/assignment1_rt_py/lib/python3.12/site-packages/assignment1_rt_py/two_turtles.py
/home/ubuntu/ros_workspace/install/assignment1_rt_py/lib/python3.12/site-packages/assignment1_rt_py/__init__.py
/home/ubuntu/ros_workspace/install/assignment1_rt_py/lib/python3.12/site-packages/assignment1_rt_py/distance_calc.py
/home/ubuntu/ros_workspace/install/assignment1_rt_py/lib/python3.12/site-packages/assignment1_rt_py/__pycache__/turtle_spawn.cpython-312.pyc
/home/ubuntu/ros_workspace/install/assignment1_rt_py/lib/python3.12/site-packages/assignment1_rt_py/__pycache__/two_turtles.cpython-312.pyc
/home/ubuntu/ros_workspace/install/assignment1_rt_py/lib/python3.12/site-packages/assignment1_rt_py/__pycache__/__init__.cpython-312.pyc
/home/ubuntu/ros_workspace/install/assignment1_rt_py/lib/python3.12/site-packages/assignment1_rt_py/__pycache__/distance_calc.cpython-312.pyc
/home/ubuntu/ros_workspace/install/assignment1_rt_py/share/ament_index/resource_index/packages/assignment1_rt_py
/home/ubuntu/ros_workspace/install/assignment1_rt_py/share/assignment1_rt_py/package.xml
/home/ubuntu/ros_workspace/install/assignment1_rt_py/share/assignment1_rt_py/launch/node_launch.py
/home/ubuntu/ros_workspace/install/assignment1_rt_py/lib/python3.12/site-packages/assignment1_rt_py-0.0.0-py3.12.egg-info/top_level.txt
/home/ubuntu/ros_workspace/install/assignment1_rt_py/lib/python3.12/site-packages/assignment1_rt_py-0.0.0-py3.12.egg-info/SOURCES.txt
/home/ubuntu/ros_workspace/install/assignment1_rt_py/lib/python3.12/site-packages/assignment1_rt_py-0.0.0-py3.12.egg-info/PKG-INFO
/home/ubuntu/ros_workspace/install/assignment1_rt_py/lib/python3.12/site-packages/assignment1_rt_py-0.0.0-py3.12.egg-info/zip-safe
/home/ubuntu/ros_workspace/install/assignment1_rt_py/lib/python3.12/site-packages/assignment1_rt_py-0.0.0-py3.12.egg-info/requires.txt
/home/ubuntu/ros_workspace/install/assignment1_rt_py/lib/python3.12/site-packages/assignment1_rt_py-0.0.0-py3.12.egg-info/dependency_links.txt
/home/ubuntu/ros_workspace/install/assignment1_rt_py/lib/python3.12/site-packages/assignment1_rt_py-0.0.0-py3.12.egg-info/entry_points.txt
/home/ubuntu/ros_workspace/install/assignment1_rt_py/lib/assignment1_rt_py/distance
/home/ubuntu/ros_workspace/install/assignment1_rt_py/lib/assignment1_rt_py/turtle2
/home/ubuntu/ros_workspace/install/assignment1_rt_py/lib/assignment1_rt_py/turtles
