[0.030s] Invoking command in '/home/ubuntu/ros_workspace/build/ob_first_package_cpp': CMAKE_PREFIX_PATH=${CMAKE_PREFIX_PATH}:/home/ubuntu/ros_workspace/install/python_package:/opt/ros/jazzy /usr/bin/cmake --build /home/ubuntu/ros_workspace/build/ob_first_package_cpp -- -j16 -l16
[0.226s] [100%] Built target talker
[0.244s] Invoked command in '/home/ubuntu/ros_workspace/build/ob_first_package_cpp' returned '0': CMAKE_PREFIX_PATH=${CMAKE_PREFIX_PATH}:/home/ubuntu/ros_workspace/install/python_package:/opt/ros/jazzy /usr/bin/cmake --build /home/ubuntu/ros_workspace/build/ob_first_package_cpp -- -j16 -l16
[0.245s] Invoking command in '/home/ubuntu/ros_workspace/build/ob_first_package_cpp': CMAKE_PREFIX_PATH=${CMAKE_PREFIX_PATH}:/home/ubuntu/ros_workspace/install/python_package:/opt/ros/jazzy /usr/bin/cmake --install /home/ubuntu/ros_workspace/build/ob_first_package_cpp
[0.259s] -- Install configuration: ""
[0.266s] -- Up-to-date: /home/ubuntu/ros_workspace/install/ob_first_package_cpp/lib/ob_first_package_cpp/talker
[0.266s] -- Up-to-date: /home/ubuntu/ros_workspace/install/ob_first_package_cpp/share/ament_index/resource_index/package_run_dependencies/ob_first_package_cpp
[0.266s] -- Up-to-date: /home/ubuntu/ros_workspace/install/ob_first_package_cpp/share/ament_index/resource_index/parent_prefix_path/ob_first_package_cpp
[0.266s] -- Up-to-date: /home/ubuntu/ros_workspace/install/ob_first_package_cpp/share/ob_first_package_cpp/environment/ament_prefix_path.sh
[0.267s] -- Up-to-date: /home/ubuntu/ros_workspace/install/ob_first_package_cpp/share/ob_first_package_cpp/environment/ament_prefix_path.dsv
[0.267s] -- Up-to-date: /home/ubuntu/ros_workspace/install/ob_first_package_cpp/share/ob_first_package_cpp/environment/path.sh
[0.267s] -- Up-to-date: /home/ubuntu/ros_workspace/install/ob_first_package_cpp/share/ob_first_package_cpp/environment/path.dsv
[0.267s] -- Up-to-date: /home/ubuntu/ros_workspace/install/ob_first_package_cpp/share/ob_first_package_cpp/local_setup.bash
[0.267s] -- Up-to-date: /home/ubuntu/ros_workspace/install/ob_first_package_cpp/share/ob_first_package_cpp/local_setup.sh
[0.267s] -- Up-to-date: /home/ubuntu/ros_workspace/install/ob_first_package_cpp/share/ob_first_package_cpp/local_setup.zsh
[0.268s] -- Up-to-date: /home/ubuntu/ros_workspace/install/ob_first_package_cpp/share/ob_first_package_cpp/local_setup.dsv
[0.268s] -- Installing: /home/ubuntu/ros_workspace/install/ob_first_package_cpp/share/ob_first_package_cpp/package.dsv
[0.268s] -- Up-to-date: /home/ubuntu/ros_workspace/install/ob_first_package_cpp/share/ament_index/resource_index/packages/ob_first_package_cpp
[0.268s] -- Up-to-date: /home/ubuntu/ros_workspace/install/ob_first_package_cpp/share/ob_first_package_cpp/cmake/ob_first_package_cppConfig.cmake
[0.269s] -- Up-to-date: /home/ubuntu/ros_workspace/install/ob_first_package_cpp/share/ob_first_package_cpp/cmake/ob_first_package_cppConfig-version.cmake
[0.269s] -- Up-to-date: /home/ubuntu/ros_workspace/install/ob_first_package_cpp/share/ob_first_package_cpp/package.xml
[0.288s] Invoked command in '/home/ubuntu/ros_workspace/build/ob_first_package_cpp' returned '0': CMAKE_PREFIX_PATH=${CMAKE_PREFIX_PATH}:/home/ubuntu/ros_workspace/install/python_package:/opt/ros/jazzy /usr/bin/cmake --install /home/ubuntu/ros_workspace/build/ob_first_package_cpp
