[01m[K/home/ubuntu/ros_workspace/src/assignment_1_rt2/src/action_server.cpp:[m[K In member function ‘[01m[Kvoid assignment_1_rt2::RobotActionServer::[01;32m[Kexecute_callback[m[K(std::shared_ptr<rclcpp_action::ServerGoalHandle<action_tutorials_interfaces::action::Assignment1RT2> >)[m[K’:
[01m[K/home/ubuntu/ros_workspace/src/assignment_1_rt2/src/action_server.cpp:246:42:[m[K [01;31m[Kerror: [m[K‘[01m[Katan2[m[K’ is not a member of ‘[01m[Ktf2[m[K’
  246 |                 float error_theta = tf2::[01;31m[Katan2[m[K(error_x, error_y);
      |                                          [01;31m[K^~~~~[m[K
[01m[K/home/ubuntu/ros_workspace/src/assignment_1_rt2/src/action_server.cpp:246:42:[m[K [01;36m[Knote: [m[Ksuggested alternatives:
In file included from [01m[K/opt/ros/jazzy/include/libstatistics_collector/libstatistics_collector/moving_average_statistics/types.hpp:18[m[K,
                 from [01m[K/opt/ros/jazzy/include/libstatistics_collector/libstatistics_collector/collector/generate_statistics_message.hpp:24[m[K,
                 from [01m[K/opt/ros/jazzy/include/rclcpp/rclcpp/topic_statistics/subscription_topic_statistics.hpp:23[m[K,
                 from [01m[K/opt/ros/jazzy/include/rclcpp/rclcpp/subscription.hpp:50[m[K,
                 from [01m[K/opt/ros/jazzy/include/rclcpp/rclcpp/any_executable.hpp:25[m[K,
                 from [01m[K/opt/ros/jazzy/include/rclcpp/rclcpp/memory_strategy.hpp:25[m[K,
                 from [01m[K/opt/ros/jazzy/include/rclcpp/rclcpp/memory_strategies.hpp:18[m[K,
                 from [01m[K/opt/ros/jazzy/include/rclcpp/rclcpp/executor_options.hpp:22[m[K,
                 from [01m[K/opt/ros/jazzy/include/rclcpp/rclcpp/executor.hpp:38[m[K,
                 from [01m[K/opt/ros/jazzy/include/rclcpp/rclcpp/executors/multi_threaded_executor.hpp:25[m[K,
                 from [01m[K/opt/ros/jazzy/include/rclcpp/rclcpp/executors.hpp:21[m[K,
                 from [01m[K/opt/ros/jazzy/include/rclcpp/rclcpp/rclcpp.hpp:172[m[K,
                 from [01m[K/home/ubuntu/ros_workspace/src/assignment_1_rt2/src/action_server.cpp:10[m[K:
[01m[K/usr/include/c++/13/cmath:146:3:[m[K [01;36m[Knote: [m[K  ‘[01m[Katan2[m[K’
  146 |   [01;36m[Katan2[m[K(float __y, float __x)
      |   [01;36m[K^~~~~[m[K
[01m[K/usr/include/c++/13/cmath:1052:5:[m[K [01;36m[Knote: [m[K  ‘[01m[Kstd::atan2[m[K’
 1052 |     [01;36m[Katan2[m[K(_Tp __y, _Up __x)
      |     [01;36m[K^~~~~[m[K
In file included from [01m[K/usr/include/features.h:502[m[K,
                 from [01m[K/usr/include/x86_64-linux-gnu/c++/13/bits/os_defines.h:39[m[K,
                 from [01m[K/usr/include/x86_64-linux-gnu/c++/13/bits/c++config.h:679[m[K,
                 from [01m[K/usr/include/c++/13/functional:48[m[K,
                 from [01m[K/home/ubuntu/ros_workspace/src/assignment_1_rt2/src/action_server.cpp:1[m[K:
[01m[K/usr/include/x86_64-linux-gnu/bits/mathcalls.h:59:1:[m[K [01;36m[Knote: [m[K  ‘[01m[Kstd::atan2[m[K’
   59 | [01;36m[K__MATHCALL_VEC[m[K (atan2,, (_Mdouble_ __y, _Mdouble_ __x));
      | [01;36m[K^~~~~~~~~~~~~~[m[K
[01m[K/home/ubuntu/ros_workspace/src/assignment_1_rt2/src/action_server.cpp:258:52:[m[K [01;31m[Kerror: [m[K‘[01m[Kdistance_to_goal[m[K’ was not declared in this scope
  258 |                     cmd_vel.linear.x = Kp_linear * [01;31m[Kdistance_to_goal[m[K;
      |                                                    [01;31m[K^~~~~~~~~~~~~~~~[m[K
gmake[2]: *** [CMakeFiles/server.dir/build.make:76: CMakeFiles/server.dir/src/action_server.cpp.o] Error 1
gmake[1]: *** [CMakeFiles/Makefile2:173: CMakeFiles/server.dir/all] Error 2
gmake: *** [Makefile:146: all] Error 2
