running egg_info
writing ../../build/tutorial_1_action/tutorial_1_action.egg-info/PKG-INFO
writing dependency_links to ../../build/tutorial_1_action/tutorial_1_action.egg-info/dependency_links.txt
writing entry points to ../../build/tutorial_1_action/tutorial_1_action.egg-info/entry_points.txt
writing requirements to ../../build/tutorial_1_action/tutorial_1_action.egg-info/requires.txt
writing top-level names to ../../build/tutorial_1_action/tutorial_1_action.egg-info/top_level.txt
reading manifest file '../../build/tutorial_1_action/tutorial_1_action.egg-info/SOURCES.txt'
writing manifest file '../../build/tutorial_1_action/tutorial_1_action.egg-info/SOURCES.txt'
running build
running build_py
copying tutorial_1_action/action_client.py -> /home/ubuntu/ros_workspace/build/tutorial_1_action/build/lib/tutorial_1_action
copying tutorial_1_action/action_server_.py -> /home/ubuntu/ros_workspace/build/tutorial_1_action/build/lib/tutorial_1_action
running install
running install_lib
copying /home/ubuntu/ros_workspace/build/tutorial_1_action/build/lib/tutorial_1_action/action_client.py -> /home/ubuntu/ros_workspace/install/tutorial_1_action/lib/python3.12/site-packages/tutorial_1_action
copying /home/ubuntu/ros_workspace/build/tutorial_1_action/build/lib/tutorial_1_action/action_server_.py -> /home/ubuntu/ros_workspace/install/tutorial_1_action/lib/python3.12/site-packages/tutorial_1_action
byte-compiling /home/ubuntu/ros_workspace/install/tutorial_1_action/lib/python3.12/site-packages/tutorial_1_action/action_client.py to action_client.cpython-312.pyc
byte-compiling /home/ubuntu/ros_workspace/install/tutorial_1_action/lib/python3.12/site-packages/tutorial_1_action/action_server_.py to action_server_.cpython-312.pyc
running install_data
running install_egg_info
removing '/home/ubuntu/ros_workspace/install/tutorial_1_action/lib/python3.12/site-packages/tutorial_1_action-0.0.0-py3.12.egg-info' (and everything under it)
Copying ../../build/tutorial_1_action/tutorial_1_action.egg-info to /home/ubuntu/ros_workspace/install/tutorial_1_action/lib/python3.12/site-packages/tutorial_1_action-0.0.0-py3.12.egg-info
running install_scripts
Installing action_client_ script to /home/ubuntu/ros_workspace/install/tutorial_1_action/lib/tutorial_1_action
Installing action_server_ script to /home/ubuntu/ros_workspace/install/tutorial_1_action/lib/tutorial_1_action
Installing cancel_client_ script to /home/ubuntu/ros_workspace/install/tutorial_1_action/lib/tutorial_1_action
writing list of installed files to '/home/ubuntu/ros_workspace/build/tutorial_1_action/install.log'
