[0.821s] Invoking command in '/home/ubuntu/ros_workspace/src/assignment2_rt_py': PYTHONPATH=/home/ubuntu/ros_workspace/build/assignment2_rt_py/prefix_override:/usr/lib/python3/dist-packages/colcon_core/task/python/colcon_distutils_commands:/home/ubuntu/ros_workspace/install/assignment2_rt_py/lib/python3.12/site-packages:${PYTHONPATH} /usr/bin/python3 -W ignore:setup.py install is deprecated -W ignore:easy_install command is deprecated setup.py egg_info --egg-base ../../build/assignment2_rt_py build --build-base /home/ubuntu/ros_workspace/build/assignment2_rt_py/build install --record /home/ubuntu/ros_workspace/build/assignment2_rt_py/install.log --single-version-externally-managed install_data
[1.078s] running egg_info
[1.096s] writing ../../build/assignment2_rt_py/assignment2_rt_py.egg-info/PKG-INFO
[1.096s] writing dependency_links to ../../build/assignment2_rt_py/assignment2_rt_py.egg-info/dependency_links.txt
[1.097s] writing entry points to ../../build/assignment2_rt_py/assignment2_rt_py.egg-info/entry_points.txt
[1.097s] writing requirements to ../../build/assignment2_rt_py/assignment2_rt_py.egg-info/requires.txt
[1.097s] writing top-level names to ../../build/assignment2_rt_py/assignment2_rt_py.egg-info/top_level.txt
[1.135s] reading manifest file '../../build/assignment2_rt_py/assignment2_rt_py.egg-info/SOURCES.txt'
[1.135s] writing manifest file '../../build/assignment2_rt_py/assignment2_rt_py.egg-info/SOURCES.txt'
[1.136s] running build
[1.136s] running build_py
[1.136s] copying assignment2_rt_py/robot_controller.py -> /home/ubuntu/ros_workspace/build/assignment2_rt_py/build/lib/assignment2_rt_py
[1.137s] running install
[1.144s] running install_lib
[1.163s] copying /home/ubuntu/ros_workspace/build/assignment2_rt_py/build/lib/assignment2_rt_py/robot_controller.py -> /home/ubuntu/ros_workspace/install/assignment2_rt_py/lib/python3.12/site-packages/assignment2_rt_py
[1.164s] byte-compiling /home/ubuntu/ros_workspace/install/assignment2_rt_py/lib/python3.12/site-packages/assignment2_rt_py/robot_controller.py to robot_controller.cpython-312.pyc
[1.166s] running install_data
[1.166s] running install_egg_info
[1.185s] removing '/home/ubuntu/ros_workspace/install/assignment2_rt_py/lib/python3.12/site-packages/assignment2_rt_py-0.0.0-py3.12.egg-info' (and everything under it)
[1.185s] Copying ../../build/assignment2_rt_py/assignment2_rt_py.egg-info to /home/ubuntu/ros_workspace/install/assignment2_rt_py/lib/python3.12/site-packages/assignment2_rt_py-0.0.0-py3.12.egg-info
[1.187s] running install_scripts
[1.319s] Installing distance script to /home/ubuntu/ros_workspace/install/assignment2_rt_py/lib/assignment2_rt_py
[1.319s] Installing robot_controller script to /home/ubuntu/ros_workspace/install/assignment2_rt_py/lib/assignment2_rt_py
[1.319s] writing list of installed files to '/home/ubuntu/ros_workspace/build/assignment2_rt_py/install.log'
[1.363s] Invoked command in '/home/ubuntu/ros_workspace/src/assignment2_rt_py' returned '0': PYTHONPATH=/home/ubuntu/ros_workspace/build/assignment2_rt_py/prefix_override:/usr/lib/python3/dist-packages/colcon_core/task/python/colcon_distutils_commands:/home/ubuntu/ros_workspace/install/assignment2_rt_py/lib/python3.12/site-packages:${PYTHONPATH} /usr/bin/python3 -W ignore:setup.py install is deprecated -W ignore:easy_install command is deprecated setup.py egg_info --egg-base ../../build/assignment2_rt_py build --build-base /home/ubuntu/ros_workspace/build/assignment2_rt_py/build install --record /home/ubuntu/ros_workspace/build/assignment2_rt_py/install.log --single-version-externally-managed install_data
