[0.103s] Invoking command in '/home/ubuntu/ros_workspace/build/cmake_package': CMAKE_PREFIX_PATH=${CMAKE_PREFIX_PATH}:/opt/ros/jazzy /usr/bin/cmake --build /home/ubuntu/ros_workspace/build/cmake_package -- -j16 -l16
[0.630s] Invoked command in '/home/ubuntu/ros_workspace/build/cmake_package' returned '0': CMAKE_PREFIX_PATH=${CMAKE_PREFIX_PATH}:/opt/ros/jazzy /usr/bin/cmake --build /home/ubuntu/ros_workspace/build/cmake_package -- -j16 -l16
[0.657s] Invoking command in '/home/ubuntu/ros_workspace/build/cmake_package': CMAKE_PREFIX_PATH=${CMAKE_PREFIX_PATH}:/opt/ros/jazzy /usr/bin/cmake --install /home/ubuntu/ros_workspace/build/cmake_package
[0.683s] -- Install configuration: ""
[0.683s] -- Up-to-date: /home/ubuntu/ros_workspace/install/cmake_package/share/ament_index/resource_index/package_run_dependencies/cmake_package
[0.684s] -- Up-to-date: /home/ubuntu/ros_workspace/install/cmake_package/share/ament_index/resource_index/parent_prefix_path/cmake_package
[0.684s] -- Up-to-date: /home/ubuntu/ros_workspace/install/cmake_package/share/cmake_package/environment/ament_prefix_path.sh
[0.685s] -- Up-to-date: /home/ubuntu/ros_workspace/install/cmake_package/share/cmake_package/environment/ament_prefix_path.dsv
[0.685s] -- Up-to-date: /home/ubuntu/ros_workspace/install/cmake_package/share/cmake_package/environment/path.sh
[0.686s] -- Up-to-date: /home/ubuntu/ros_workspace/install/cmake_package/share/cmake_package/environment/path.dsv
[0.686s] -- Up-to-date: /home/ubuntu/ros_workspace/install/cmake_package/share/cmake_package/local_setup.bash
[0.687s] -- Up-to-date: /home/ubuntu/ros_workspace/install/cmake_package/share/cmake_package/local_setup.sh
[0.687s] -- Up-to-date: /home/ubuntu/ros_workspace/install/cmake_package/share/cmake_package/local_setup.zsh
[0.688s] -- Up-to-date: /home/ubuntu/ros_workspace/install/cmake_package/share/cmake_package/local_setup.dsv
[0.688s] -- Installing: /home/ubuntu/ros_workspace/install/cmake_package/share/cmake_package/package.dsv
[0.688s] -- Up-to-date: /home/ubuntu/ros_workspace/install/cmake_package/share/ament_index/resource_index/packages/cmake_package
[0.689s] -- Up-to-date: /home/ubuntu/ros_workspace/install/cmake_package/share/cmake_package/cmake/cmake_packageConfig.cmake
[0.690s] -- Up-to-date: /home/ubuntu/ros_workspace/install/cmake_package/share/cmake_package/cmake/cmake_packageConfig-version.cmake
[0.690s] -- Up-to-date: /home/ubuntu/ros_workspace/install/cmake_package/share/cmake_package/package.xml
[0.697s] Invoked command in '/home/ubuntu/ros_workspace/build/cmake_package' returned '0': CMAKE_PREFIX_PATH=${CMAKE_PREFIX_PATH}:/opt/ros/jazzy /usr/bin/cmake --install /home/ubuntu/ros_workspace/build/cmake_package
