[0.030s] Invoking command in '/home/ubuntu/ros_workspace/build/first_package_cpp': CMAKE_PREFIX_PATH=${CMAKE_PREFIX_PATH}:/opt/ros/jazzy /usr/bin/cmake --build /home/ubuntu/ros_workspace/build/first_package_cpp -- -j16 -l16
[0.129s] -- Found ament_cmake: 2.5.4 (/opt/ros/jazzy/share/ament_cmake/cmake)
[0.387s] -- Found rclcpp: 28.1.11 (/opt/ros/jazzy/share/rclcpp/cmake)
[0.476s] -- Found rosidl_generator_c: 4.6.6 (/opt/ros/jazzy/share/rosidl_generator_c/cmake)
[0.490s] -- Found rosidl_generator_cpp: 4.6.6 (/opt/ros/jazzy/share/rosidl_generator_cpp/cmake)
[0.510s] -- Using all available rosidl_typesupport_c: rosidl_typesupport_fastrtps_c;rosidl_typesupport_introspection_c
[0.534s] -- Using all available rosidl_typesupport_cpp: rosidl_typesupport_fastrtps_cpp;rosidl_typesupport_introspection_cpp
[0.625s] -- Found rmw_implementation_cmake: 7.3.2 (/opt/ros/jazzy/share/rmw_implementation_cmake/cmake)
[0.629s] -- Found rmw_fastrtps_cpp: 8.4.3 (/opt/ros/jazzy/share/rmw_fastrtps_cpp/cmake)
[0.727s] -- Using RMW implementation 'rmw_fastrtps_cpp' as default
[0.817s] -- Found rclcpp_components: 28.1.11 (/opt/ros/jazzy/share/rclcpp_components/cmake)
[0.858s] -- Found std_msgs: 5.3.6 (/opt/ros/jazzy/share/std_msgs/cmake)
[0.883s] -- Found ament_lint_auto: 0.17.3 (/opt/ros/jazzy/share/ament_lint_auto/cmake)
[1.002s] -- Added test 'cppcheck' to perform static code analysis on C / C++ code
[1.002s] -- Configured cppcheck include dirs: 
[1.002s] -- Configured cppcheck exclude dirs and/or files: 
[1.004s] -- Added test 'lint_cmake' to check CMake code style
[1.006s] -- Added test 'uncrustify' to check C / C++ code style
[1.006s] -- Configured uncrustify additional arguments: 
[1.007s] -- Added test 'xmllint' to check XML markup files
[1.010s] -- Configuring done (0.9s)
[1.121s] -- Generating done (0.1s)
[1.157s] -- Build files have been written to: /home/ubuntu/ros_workspace/build/first_package_cpp
[1.235s] [ 30%] [32mBuilding CXX object CMakeFiles/manual_composition.dir/src/manual_composition.cpp.o[0m
[1.235s] [ 30%] [32mBuilding CXX object CMakeFiles/subscriber_exe.dir/rclcpp_components/node_main_subscriber_exe.cpp.o[0m
[1.235s] [ 30%] [32mBuilding CXX object CMakeFiles/talker_exe.dir/rclcpp_components/node_main_talker_exe.cpp.o[0m
[1.235s] [ 50%] [32mBuilding CXX object CMakeFiles/subscriber_component.dir/src/subscriber_component.cpp.o[0m
[1.235s] [ 50%] [32mBuilding CXX object CMakeFiles/talker_component.dir/src/talker_component.cpp.o[0m
[5.639s] [ 60%] [32m[1mLinking CXX executable subscriber_exe[0m
[5.758s] [ 70%] [32m[1mLinking CXX executable talker_exe[0m
[5.915s] [ 70%] Built target subscriber_exe
[5.936s] [ 70%] Built target talker_exe
[6.988s] [ 80%] [32m[1mLinking CXX shared library libtalker_component.so[0m
[7.241s] [ 80%] Built target talker_component
[9.931s] [ 90%] [32m[1mLinking CXX executable manual_composition[0m
[9.979s] [100%] [32m[1mLinking CXX shared library libsubscriber_component.so[0m
[10.263s] [100%] Built target manual_composition
[10.296s] [100%] Built target subscriber_component
[10.316s] Invoked command in '/home/ubuntu/ros_workspace/build/first_package_cpp' returned '0': CMAKE_PREFIX_PATH=${CMAKE_PREFIX_PATH}:/opt/ros/jazzy /usr/bin/cmake --build /home/ubuntu/ros_workspace/build/first_package_cpp -- -j16 -l16
[10.333s] Invoking command in '/home/ubuntu/ros_workspace/build/first_package_cpp': CMAKE_PREFIX_PATH=${CMAKE_PREFIX_PATH}:/opt/ros/jazzy /usr/bin/cmake --install /home/ubuntu/ros_workspace/build/first_package_cpp
[10.346s] -- Install configuration: ""
[10.346s] -- Installing: /home/ubuntu/ros_workspace/install/first_package_cpp/lib/first_package_cpp/talker_exe
[10.347s] -- Set non-toolchain portion of runtime path of "/home/ubuntu/ros_workspace/install/first_package_cpp/lib/first_package_cpp/talker_exe" to ""
[10.348s] -- Installing: /home/ubuntu/ros_workspace/install/first_package_cpp/lib/first_package_cpp/subscriber_exe
[10.349s] -- Set non-toolchain portion of runtime path of "/home/ubuntu/ros_workspace/install/first_package_cpp/lib/first_package_cpp/subscriber_exe" to ""
[10.349s] -- Installing: /home/ubuntu/ros_workspace/install/first_package_cpp/lib/libtalker_component.so
[10.352s] -- Set non-toolchain portion of runtime path of "/home/ubuntu/ros_workspace/install/first_package_cpp/lib/libtalker_component.so" to ""
[10.352s] -- Installing: /home/ubuntu/ros_workspace/install/first_package_cpp/lib/libsubscriber_component.so
[10.362s] -- Set non-toolchain portion of runtime path of "/home/ubuntu/ros_workspace/install/first_package_cpp/lib/libsubscriber_component.so" to ""
[10.362s] -- Installing: /home/ubuntu/ros_workspace/install/first_package_cpp/lib/first_package_cpp/manual_composition
[10.371s] -- Set non-toolchain portion of runtime path of "/home/ubuntu/ros_workspace/install/first_package_cpp/lib/first_package_cpp/manual_composition" to ""
[10.371s] [31mCMake Error at cmake_install.cmake:164 (file):
[10.371s]   file INSTALL cannot find
[10.371s]   "/home/ubuntu/ros_workspace/src/first_package_cpp/launch": No such file or
[10.371s]   directory.
[10.371s] 
[10.372s] [0m
[10.374s] Invoked command in '/home/ubuntu/ros_workspace/build/first_package_cpp' returned '1': CMAKE_PREFIX_PATH=${CMAKE_PREFIX_PATH}:/opt/ros/jazzy /usr/bin/cmake --install /home/ubuntu/ros_workspace/build/first_package_cpp
