[01m[K/home/ubuntu/ros_workspace/src/tutorial_1_action_cpp/src/cancel_action.cpp:[m[K In lambda function:
[01m[K/home/ubuntu/ros_workspace/src/tutorial_1_action_cpp/src/cancel_action.cpp:61:9:[m[K [01;35m[Kwarning: [m[Kthis ‘[01m[Kif[m[K’ clause does not guard... [[01;35m[K]8;;https://gcc.gnu.org/onlinedocs/gcc/Warning-Options.html#index-Wmisleading-indentation-Wmisleading-indentation]8;;[m[K]
   61 |         [01;35m[Kif[m[K (cancel_sent_ || goal_handle_ == nullptr )
      |         [01;35m[K^~[m[K
[01m[K/home/ubuntu/ros_workspace/src/tutorial_1_action_cpp/src/cancel_action.cpp:64:11:[m[K [01;36m[Knote: [m[K...this statement, but the latter is misleadingly indented as if it were guarded by the ‘[01m[Kif[m[K’
   64 |           [01;36m[Kif[m[K (feedback->moving > 30.0) {
      |           [01;36m[K^~[m[K
[01m[K/home/ubuntu/ros_workspace/src/tutorial_1_action_cpp/src/cancel_action.cpp:69:25:[m[K [01;31m[Kerror: [m[K‘[01m[Kusing std::__shared_ptr_access<rclcpp_action::ClientGoalHandle<action_tutorials_interfaces::action::Tut1>, __gnu_cxx::_S_atomic, false, false>::element_type = class rclcpp_action::ClientGoalHandle<action_tutorials_interfaces::action::Tut1>[m[K’ {aka ‘[01m[Kclass rclcpp_action::ClientGoalHandle<action_tutorials_interfaces::action::Tut1>[m[K’} has no member named ‘[01m[Kasync_cancel_goal[m[K’
   69 |           goal_handle_->[01;31m[Kasync_cancel_goal[m[K(
      |                         [01;31m[K^~~~~~~~~~~~~~~~~[m[K
[01m[K/home/ubuntu/ros_workspace/src/tutorial_1_action_cpp/src/cancel_action.cpp:[m[K In member function ‘[01m[Kvoid tutorial_1_action_cpp::RobotActionCancelClient::[01;32m[Ksend_goal[m[K(double)[m[K’:
[01m[K/home/ubuntu/ros_workspace/src/tutorial_1_action_cpp/src/cancel_action.cpp:78:20:[m[K [01;31m[Kerror: [m[K‘[01m[KGoalHandleFib[m[K’ does not name a type; did you mean ‘[01m[KGoalHandleTut1[m[K’?
   78 |       [this](const [01;31m[KGoalHandleFib[m[K::WrappedResult & result) {
      |                    [01;31m[K^~~~~~~~~~~~~[m[K
      |                    [32m[KGoalHandleTut1[m[K
[01m[K/home/ubuntu/ros_workspace/src/tutorial_1_action_cpp/src/cancel_action.cpp:84:10:[m[K [01;31m[Kerror: [m[Kexpected ‘[01m[K)[m[K’ before ‘[01m[K;[m[K’ token
   84 |         }[01;31m[K;[m[K
      |          [01;31m[K^[m[K
[01m[K/home/ubuntu/ros_workspace/src/tutorial_1_action_cpp/src/cancel_action.cpp:78:13:[m[K [01;36m[Knote: [m[Kto match this ‘[01m[K([m[K’
   78 |       [this][01;36m[K([m[Kconst GoalHandleFib::WrappedResult & result) {
      |             [01;36m[K^[m[K
[01m[K/home/ubuntu/ros_workspace/src/tutorial_1_action_cpp/src/cancel_action.cpp:[m[K In lambda function:
[01m[K/home/ubuntu/ros_workspace/src/tutorial_1_action_cpp/src/cancel_action.cpp:84:10:[m[K [01;31m[Kerror: [m[Kexpected ‘[01m[K{[m[K’ before ‘[01m[K;[m[K’ token
   84 |         }[01;31m[K;[m[K
      |          [01;31m[K^[m[K
[01m[K/home/ubuntu/ros_workspace/src/tutorial_1_action_cpp/src/cancel_action.cpp:[m[K In member function ‘[01m[Kvoid tutorial_1_action_cpp::RobotActionCancelClient::[01;32m[Ksend_goal[m[K(double)[m[K’:
[01m[K/home/ubuntu/ros_workspace/src/tutorial_1_action_cpp/src/cancel_action.cpp:84:10:[m[K [01;31m[Kerror: [m[Kno match for ‘[01m[Koperator=[m[K’ (operand types are ‘[01m[Krclcpp_action::Client<action_tutorials_interfaces::action::Tut1>::ResultCallback[m[K’ {aka ‘[01m[Kstd::function<void(const rclcpp_action::ClientGoalHandle<action_tutorials_interfaces::action::Tut1>::WrappedResult&)>[m[K’} and ‘[01m[Ktutorial_1_action_cpp::RobotActionCancelClient::send_goal(double)::<lambda(int)>[m[K’)
In file included from [01m[K/usr/include/c++/13/functional:59[m[K,
                 from [01m[K/opt/ros/jazzy/include/rclcpp/rclcpp/utilities.hpp:19[m[K,
                 from [01m[K/opt/ros/jazzy/include/rclcpp/rclcpp/logging.hpp:25[m[K,
                 from [01m[K/opt/ros/jazzy/include/rclcpp/rclcpp/copy_all_parameter_values.hpp:27[m[K,
                 from [01m[K/opt/ros/jazzy/include/rclcpp/rclcpp/rclcpp.hpp:171[m[K,
                 from [01m[K/home/ubuntu/ros_workspace/src/tutorial_1_action_cpp/src/cancel_action.cpp:3[m[K:
[01m[K/usr/include/c++/13/bits/std_function.h:531:9:[m[K [01;36m[Knote: [m[Kcandidate: ‘[01m[Ktemplate<class _Functor> std::function<_Res(_ArgTypes ...)>::_Requires<std::function<_Res(_ArgTypes ...)>::_Callable<_Functor>, std::function<_Res(_ArgTypes ...)>&> std::function<_Res(_ArgTypes ...)>::[01;32m[Koperator=[m[K(_Functor&&) [35m[K[with _Res = void; _ArgTypes = {const rclcpp_action::ClientGoalHandle<action_tutorials_interfaces::action::Tut1>::WrappedResult&}][m[K[m[K’
  531 |         [01;36m[Koperator[m[K=(_Functor&& __f)
      |         [01;36m[K^~~~~~~~[m[K
[01m[K/usr/include/c++/13/bits/std_function.h:531:9:[m[K [01;36m[Knote: [m[K  template argument deduction/substitution failed:
In file included from [01m[K/usr/include/c++/13/bits/move.h:37[m[K,
                 from [01m[K/usr/include/c++/13/bits/new_allocator.h:36[m[K,
                 from [01m[K/usr/include/x86_64-linux-gnu/c++/13/bits/c++allocator.h:33[m[K,
                 from [01m[K/usr/include/c++/13/bits/allocator.h:46[m[K,
                 from [01m[K/usr/include/c++/13/memory:65[m[K,
                 from [01m[K/home/ubuntu/ros_workspace/src/tutorial_1_action_cpp/src/cancel_action.cpp:1[m[K:
/usr/include/c++/13/type_traits: In substitution of ‘[01m[Ktemplate<bool _Cond, class _Tp> using std::__enable_if_t = typename std::enable_if::type [35m[K[with bool _Cond = false; _Tp = std::function<void(const rclcpp_action::ClientGoalHandle<action_tutorials_interfaces::action::Tut1>::WrappedResult&)>&][m[K[m[K’:
[01m[K/usr/include/c++/13/bits/std_function.h:353:8:[m[K   required by substitution of ‘[01m[Ktemplate<class _Res, class ... _ArgTypes> template<class _Cond, class _Tp> using std::function<_Res(_ArgTypes ...)>::_Requires = std::__enable_if_t<_Cond::value, _Tp> [35m[K[with _Cond = std::function<void(const rclcpp_action::ClientGoalHandle<action_tutorials_interfaces::action::Tut1>::WrappedResult&)>::_Callable<tutorial_1_action_cpp::RobotActionCancelClient::send_goal(double)::<lambda(int)>, tutorial_1_action_cpp::RobotActionCancelClient::send_goal(double)::<lambda(int)>, std::__invoke_result<tutorial_1_action_cpp::RobotActionCancelClient::send_goal(double)::<lambda(int)>&, const rclcpp_action::ClientGoalHandle<action_tutorials_interfaces::action::Tut1>::WrappedResult&> >; _Tp = std::function<void(const rclcpp_action::ClientGoalHandle<action_tutorials_interfaces::action::Tut1>::WrappedResult&)>&; _Res = void; _ArgTypes = {const rclcpp_action::ClientGoalHandle<action_tutorials_interfaces::action::Tut1>::WrappedResult&}][m[K[m[K’
[01m[K/usr/include/c++/13/bits/std_function.h:531:2:[m[K   required by substitution of ‘[01m[Ktemplate<class _Functor> std::function<void(const rclcpp_action::ClientGoalHandle<action_tutorials_interfaces::action::Tut1>::WrappedResult&)>::_Requires<std::function<void(const rclcpp_action::ClientGoalHandle<action_tutorials_interfaces::action::Tut1>::WrappedResult&)>::_Callable<_Functor, typename std::enable_if<(! std::is_same<typename std::remove_cv<typename std::remove_reference<_Tp>::type>::type, std::function<void(const rclcpp_action::ClientGoalHandle<action_tutorials_interfaces::action::Tut1>::WrappedResult&)> >::value), std::decay<_Ex> >::type::type, std::__invoke_result<typename std::enable_if<(! std::is_same<typename std::remove_cv<typename std::remove_reference<_Tp>::type>::type, std::function<void(const rclcpp_action::ClientGoalHandle<action_tutorials_interfaces::action::Tut1>::WrappedResult&)> >::value), std::decay<_Ex> >::type::type&, const rclcpp_action::ClientGoalHandle<action_tutorials_interfaces::action::Tut1>::WrappedResult&> >, std::function<void(const rclcpp_action::ClientGoalHandle<action_tutorials_interfaces::action::Tut1>::WrappedResult&)>&> std::function<void(const rclcpp_action::ClientGoalHandle<action_tutorials_interfaces::action::Tut1>::WrappedResult&)>::[01;32m[Koperator=[m[K(_Functor&&) [35m[K[with _Functor = tutorial_1_action_cpp::RobotActionCancelClient::send_goal(double)::<lambda(int)>][m[K[m[K’
[01m[K/home/ubuntu/ros_workspace/src/tutorial_1_action_cpp/src/cancel_action.cpp:84:10:[m[K   required from here
[01m[K/usr/include/c++/13/type_traits:116:11:[m[K [01;31m[Kerror: [m[Kno type named ‘[01m[Ktype[m[K’ in ‘[01m[Kstruct std::enable_if<false, std::function<void(const rclcpp_action::ClientGoalHandle<action_tutorials_interfaces::action::Tut1>::WrappedResult&)>&>[m[K’
  116 |     using [01;31m[K__enable_if_t[m[K = typename enable_if<_Cond, _Tp>::type;
      |           [01;31m[K^~~~~~~~~~~~~[m[K
[01m[K/usr/include/c++/13/bits/std_function.h:541:9:[m[K [01;36m[Knote: [m[Kcandidate: ‘[01m[Ktemplate<class _Functor> std::function<_Res(_ArgTypes ...)>& std::function<_Res(_ArgTypes ...)>::[01;32m[Koperator=[m[K(std::reference_wrapper<_Functor>) [35m[K[with _Res = void; _ArgTypes = {const rclcpp_action::ClientGoalHandle<action_tutorials_interfaces::action::Tut1>::WrappedResult&}][m[K[m[K’
  541 |         [01;36m[Koperator[m[K=(reference_wrapper<_Functor> __f) noexcept
      |         [01;36m[K^~~~~~~~[m[K
[01m[K/usr/include/c++/13/bits/std_function.h:541:9:[m[K [01;36m[Knote: [m[K  template argument deduction/substitution failed:
[01m[K/home/ubuntu/ros_workspace/src/tutorial_1_action_cpp/src/cancel_action.cpp:84:10:[m[K [01;36m[Knote: [m[K  ‘[01m[Ktutorial_1_action_cpp::RobotActionCancelClient::send_goal(double)::<lambda(int)>[m[K’ is not derived from ‘[01m[Kstd::reference_wrapper<_Tp>[m[K’
   84 |         }[01;36m[K;[m[K
      |          [01;36m[K^[m[K
[01m[K/usr/include/c++/13/bits/std_function.h:469:7:[m[K [01;36m[Knote: [m[Kcandidate: ‘[01m[Kstd::function<_Res(_ArgTypes ...)>& std::function<_Res(_ArgTypes ...)>::[01;32m[Koperator=[m[K(const std::function<_Res(_ArgTypes ...)>&) [35m[K[with _Res = void; _ArgTypes = {const rclcpp_action::ClientGoalHandle<action_tutorials_interfaces::action::Tut1>::WrappedResult&}][m[K[m[K’
  469 |       [01;36m[Koperator[m[K=(const function& __x)
      |       [01;36m[K^~~~~~~~[m[K
[01m[K/usr/include/c++/13/bits/std_function.h:469:33:[m[K [01;36m[Knote: [m[K  no known conversion for argument 1 from ‘[01m[Ktutorial_1_action_cpp::RobotActionCancelClient::send_goal(double)::<lambda(int)>[m[K’ to ‘[01m[Kconst std::function<void(const rclcpp_action::ClientGoalHandle<action_tutorials_interfaces::action::Tut1>::WrappedResult&)>&[m[K’
  469 |       operator=([01;36m[Kconst function& __x[m[K)
      |                 [01;36m[K~~~~~~~~~~~~~~~~^~~[m[K
[01m[K/usr/include/c++/13/bits/std_function.h:487:7:[m[K [01;36m[Knote: [m[Kcandidate: ‘[01m[Kstd::function<_Res(_ArgTypes ...)>& std::function<_Res(_ArgTypes ...)>::[01;32m[Koperator=[m[K(std::function<_Res(_ArgTypes ...)>&&) [35m[K[with _Res = void; _ArgTypes = {const rclcpp_action::ClientGoalHandle<action_tutorials_interfaces::action::Tut1>::WrappedResult&}][m[K[m[K’
  487 |       [01;36m[Koperator[m[K=(function&& __x) noexcept
      |       [01;36m[K^~~~~~~~[m[K
[01m[K/usr/include/c++/13/bits/std_function.h:487:28:[m[K [01;36m[Knote: [m[K  no known conversion for argument 1 from ‘[01m[Ktutorial_1_action_cpp::RobotActionCancelClient::send_goal(double)::<lambda(int)>[m[K’ to ‘[01m[Kstd::function<void(const rclcpp_action::ClientGoalHandle<action_tutorials_interfaces::action::Tut1>::WrappedResult&)>&&[m[K’
  487 |       operator=([01;36m[Kfunction&& __x[m[K) noexcept
      |                 [01;36m[K~~~~~~~~~~~^~~[m[K
[01m[K/usr/include/c++/13/bits/std_function.h:501:7:[m[K [01;36m[Knote: [m[Kcandidate: ‘[01m[Kstd::function<_Res(_ArgTypes ...)>& std::function<_Res(_ArgTypes ...)>::[01;32m[Koperator=[m[K(std::nullptr_t) [35m[K[with _Res = void; _ArgTypes = {const rclcpp_action::ClientGoalHandle<action_tutorials_interfaces::action::Tut1>::WrappedResult&}; std::nullptr_t = std::nullptr_t][m[K[m[K’
  501 |       [01;36m[Koperator[m[K=(nullptr_t) noexcept
      |       [01;36m[K^~~~~~~~[m[K
[01m[K/usr/include/c++/13/bits/std_function.h:501:17:[m[K [01;36m[Knote: [m[K  no known conversion for argument 1 from ‘[01m[Ktutorial_1_action_cpp::RobotActionCancelClient::send_goal(double)::<lambda(int)>[m[K’ to ‘[01m[Kstd::nullptr_t[m[K’
  501 |       operator=([01;36m[Knullptr_t[m[K) noexcept
      |                 [01;36m[K^~~~~~~~~[m[K
gmake[2]: *** [CMakeFiles/cancel_client.dir/build.make:76: CMakeFiles/cancel_client.dir/src/cancel_action.cpp.o] Error 1
gmake[1]: *** [CMakeFiles/Makefile2:199: CMakeFiles/cancel_client.dir/all] Error 2
gmake[1]: *** Waiting for unfinished jobs....
gmake: *** [Makefile:146: all] Error 2
