-- The C compiler identification is GNU 13.3.0
-- The CXX compiler identification is GNU 13.3.0
-- Detecting C compiler ABI info
-- Detecting C compiler ABI info - done
-- Check for working C compiler: /usr/bin/cc - skipped
-- Detecting C compile features
-- Detecting C compile features - done
-- Detecting CXX compiler ABI info
-- Detecting CXX compiler ABI info - done
-- Check for working CXX compiler: /usr/bin/c++ - skipped
-- Detecting CXX compile features
-- Detecting CXX compile features - done
-- Found ament_cmake: 2.5.4 (/opt/ros/jazzy/share/ament_cmake/cmake)
-- Found Python3: /usr/bin/python3 (found version "3.12.3") found components: Interpreter 
-- Found rosidl_default_generators: 1.6.0 (/opt/ros/jazzy/share/rosidl_default_generators/cmake)
-- Using all available rosidl_typesupport_c: rosidl_typesupport_fastrtps_c;rosidl_typesupport_introspection_c
-- Using all available rosidl_typesupport_cpp: rosidl_typesupport_fastrtps_cpp;rosidl_typesupport_introspection_cpp
-- Found rosidl_adapter: 4.6.6 (/opt/ros/jazzy/share/rosidl_adapter/cmake)
-- Found rclcpp: 28.1.11 (/opt/ros/jazzy/share/rclcpp/cmake)
-- Found rmw_implementation_cmake: 7.3.2 (/opt/ros/jazzy/share/rmw_implementation_cmake/cmake)
-- Found rmw_fastrtps_cpp: 8.4.3 (/opt/ros/jazzy/share/rmw_fastrtps_cpp/cmake)
-- Found OpenSSL: /usr/lib/x86_64-linux-gnu/libcrypto.so (found version "3.0.13")  
-- Found FastRTPS: /opt/ros/jazzy/include (Required is at least version "2.13") 
-- Using RMW implementation 'rmw_fastrtps_cpp' as default
-- Found rclcpp_action: 28.1.11 (/opt/ros/jazzy/share/rclcpp_action/cmake)
-- Found rclcpp_components: 28.1.11 (/opt/ros/jazzy/share/rclcpp_components/cmake)
-- Found action_tutorials_interfaces: 0.0.0 (/home/ubuntu/ros_workspace/install/action_tutorials_interfaces/share/action_tutorials_interfaces/cmake)
-- Found geometry_msgs: 5.3.6 (/opt/ros/jazzy/share/geometry_msgs/cmake)
-- Found nav_msgs: 5.3.6 (/opt/ros/jazzy/share/nav_msgs/cmake)
-- Found ament_lint_auto: 0.17.3 (/opt/ros/jazzy/share/ament_lint_auto/cmake)
-- Added test 'cppcheck' to perform static code analysis on C / C++ code
-- Configured cppcheck include dirs: 
-- Configured cppcheck exclude dirs and/or files: 
-- Added test 'flake8' to check Python code syntax and style conventions
-- Configured 'flake8' exclude dirs and/or files: 
-- Added test 'lint_cmake' to check CMake code style
-- Added test 'pep257' to check Python code against some of the docstring style conventions in PEP 257
-- Added test 'uncrustify' to check C / C++ code style
-- Configured uncrustify additional arguments: 
-- Added test 'xmllint' to check XML markup files
-- Configuring done (2.8s)
-- Generating done (0.0s)
-- Build files have been written to: /home/ubuntu/ros_workspace/build/tutorial_1_action_cpp
[ 16%] [32mBuilding CXX object CMakeFiles/server_exe.dir/rclcpp_components/node_main_server_exe.cpp.o[0m
[ 16%] [32mBuilding CXX object CMakeFiles/server.dir/src/action_server.cpp.o[0m
[ 25%] [32mBuilding CXX object CMakeFiles/client_exe.dir/rclcpp_components/node_main_client_exe.cpp.o[0m
[ 33%] [32mBuilding CXX object CMakeFiles/cancel_client.dir/src/cancel_action.cpp.o[0m
[ 41%] [32mBuilding CXX object CMakeFiles/client.dir/src/action_client.cpp.o[0m
[ 50%] [32mBuilding CXX object CMakeFiles/cancel_client_exe.dir/rclcpp_components/node_main_cancel_client_exe.cpp.o[0m
[ 58%] [32m[1mLinking CXX executable server_exe[0m
[ 66%] [32m[1mLinking CXX executable cancel_client_exe[0m
[ 75%] [32m[1mLinking CXX executable client_exe[0m
[ 75%] Built target server_exe
[ 75%] Built target cancel_client_exe
[ 75%] Built target client_exe
[ 83%] [32m[1mLinking CXX shared library libclient.so[0m
[ 83%] Built target client
[ 91%] [32m[1mLinking CXX shared library libserver.so[0m
[ 91%] Built target server
