[0.963s] Invoking command in '/home/ubuntu/ros_workspace/build/tutorial_1_action_cpp': CMAKE_PREFIX_PATH=/home/ubuntu/ros_workspace/install/bme_gazebo_sensors:/home/ubuntu/ros_workspace/install/action_tutorials_interfaces:/home/ubuntu/ros_workspace/install/turtlesim_controller:/home/ubuntu/ros_workspace/install/turtlesim_custom_msgs:/home/ubuntu/ros_workspace/install/robot_custom_msgs:/home/ubuntu/ros_workspace/install/ob_first_package_cpp:/home/ubuntu/ros_workspace/install/first_package_cpp:/home/ubuntu/ros_workspace/install/cmake_package:/home/ubuntu/ros_workspace/install/assignment1_rt:/home/ubuntu/ros_workspace/install/action_assignment:/opt/ros/jazzy/opt/gz_launch_vendor:/opt/ros/jazzy/opt/gz_sim_vendor:/opt/ros/jazzy/opt/gz_sensors_vendor:/opt/ros/jazzy/opt/gz_physics_vendor:/opt/ros/jazzy/opt/sdformat_vendor:/opt/ros/jazzy/opt/gz_gui_vendor:/opt/ros/jazzy/opt/gz_transport_vendor:/opt/ros/jazzy/opt/gz_rendering_vendor:/opt/ros/jazzy/opt/gz_plugin_vendor:/opt/ros/jazzy/opt/gz_fuel_tools_vendor:/opt/ros/jazzy/opt/gz_msgs_vendor:/opt/ros/jazzy/opt/gz_common_vendor:/opt/ros/jazzy/opt/gz_math_vendor:/opt/ros/jazzy/opt/gz_utils_vendor:/opt/ros/jazzy/opt/gz_tools_vendor:/opt/ros/jazzy/opt/gz_ogre_next_vendor:/opt/ros/jazzy/opt/gz_dartsim_vendor:/opt/ros/jazzy/opt/gz_cmake_vendor:/home/ubuntu/ros_workspace/install/tutorial_1_action:/home/ubuntu/ros_workspace/install/exam_example_2:/home/ubuntu/ros_workspace/install/turtle_action_client:/home/ubuntu/ros_workspace/install/assignment2_rt_py:/home/ubuntu/ros_workspace/install/assignment1_rt_py:/home/ubuntu/ros_workspace/install/python_package:/home/ubuntu/ros_workspace/install/first_package_py:/home/ubuntu/ros_workspace/install/fibonacci:/home/ubuntu/ros_workspace/install/exam_example:/opt/ros/jazzy LD_LIBRARY_PATH=/home/ubuntu/ros_workspace/install/action_tutorials_interfaces/lib:/home/ubuntu/ros_workspace/install/turtlesim_custom_msgs/lib:/home/ubuntu/ros_workspace/install/robot_custom_msgs/lib:/home/ubuntu/ros_workspace/install/first_package_cpp/lib:/opt/ros/jazzy/opt/gz_launch_vendor/lib:/opt/ros/jazzy/opt/gz_sim_vendor/lib:/opt/ros/jazzy/opt/gz_sensors_vendor/lib:/opt/ros/jazzy/opt/gz_physics_vendor/lib:/opt/ros/jazzy/opt/sdformat_vendor/lib:/opt/ros/jazzy/opt/rviz_ogre_vendor/lib:/opt/ros/jazzy/lib/x86_64-linux-gnu:/opt/ros/jazzy/opt/gz_gui_vendor/lib:/opt/ros/jazzy/opt/gz_transport_vendor/lib:/opt/ros/jazzy/opt/gz_rendering_vendor/lib:/opt/ros/jazzy/opt/gz_plugin_vendor/lib:/opt/ros/jazzy/opt/gz_fuel_tools_vendor/lib:/opt/ros/jazzy/opt/gz_msgs_vendor/lib:/opt/ros/jazzy/opt/gz_common_vendor/lib:/opt/ros/jazzy/opt/gz_math_vendor/lib:/opt/ros/jazzy/opt/gz_utils_vendor/lib:/opt/ros/jazzy/opt/gz_tools_vendor/lib:/opt/ros/jazzy/opt/gz_ogre_next_vendor/lib:/opt/ros/jazzy/opt/gz_dartsim_vendor/lib:/opt/ros/jazzy/opt/gz_cmake_vendor/lib:/opt/ros/jazzy/lib PYTHONPATH=/home/ubuntu/ros_workspace/install/action_tutorials_interfaces/lib/python3.12/site-packages:/home/ubuntu/ros_workspace/install/tutorial_1_action/lib/python3.12/site-packages:/home/ubuntu/ros_workspace/install/exam_example_2/lib/python3.12/site-packages:/home/ubuntu/ros_workspace/install/turtlesim_custom_msgs/lib/python3.12/site-packages:/home/ubuntu/ros_workspace/install/turtle_action_client/lib/python3.12/site-packages:/home/ubuntu/ros_workspace/install/assignment2_rt_py/lib/python3.12/site-packages:/home/ubuntu/ros_workspace/install/assignment1_rt_py/lib/python3.12/site-packages:/home/ubuntu/ros_workspace/install/robot_custom_msgs/lib/python3.12/site-packages:/home/ubuntu/ros_workspace/install/python_package/lib/python3.12/site-packages:/home/ubuntu/ros_workspace/install/first_package_py/lib/python3.12/site-packages:/home/ubuntu/ros_workspace/install/fibonacci/lib/python3.12/site-packages:/home/ubuntu/ros_workspace/install/exam_example/lib/python3.12/site-packages:/opt/ros/jazzy/lib/python3.12/site-packages /usr/bin/cmake /home/ubuntu/ros_workspace/src/tutorial_1_action_cpp -DCMAKE_INSTALL_PREFIX=/home/ubuntu/ros_workspace/install/tutorial_1_action_cpp
[1.064s] -- The C compiler identification is GNU 13.3.0
[1.167s] -- The CXX compiler identification is GNU 13.3.0
[1.200s] -- Detecting C compiler ABI info
[1.418s] -- Detecting C compiler ABI info - done
[1.431s] -- Check for working C compiler: /usr/bin/cc - skipped
[1.431s] -- Detecting C compile features
[1.432s] -- Detecting C compile features - done
[1.459s] -- Detecting CXX compiler ABI info
[1.679s] -- Detecting CXX compiler ABI info - done
[1.693s] -- Check for working CXX compiler: /usr/bin/c++ - skipped
[1.693s] -- Detecting CXX compile features
[1.694s] -- Detecting CXX compile features - done
[1.712s] -- Found ament_cmake: 2.5.4 (/opt/ros/jazzy/share/ament_cmake/cmake)
[2.015s] -- Found Python3: /usr/bin/python3 (found version "3.12.3") found components: Interpreter 
[2.318s] -- Found rosidl_default_generators: 1.6.0 (/opt/ros/jazzy/share/rosidl_default_generators/cmake)
[2.345s] -- Using all available rosidl_typesupport_c: rosidl_typesupport_fastrtps_c;rosidl_typesupport_introspection_c
[2.520s] -- Using all available rosidl_typesupport_cpp: rosidl_typesupport_fastrtps_cpp;rosidl_typesupport_introspection_cpp
[2.673s] -- Found rosidl_adapter: 4.6.6 (/opt/ros/jazzy/share/rosidl_adapter/cmake)
[2.686s] -- Found rclcpp: 28.1.11 (/opt/ros/jazzy/share/rclcpp/cmake)
[2.861s] -- Found rmw_implementation_cmake: 7.3.2 (/opt/ros/jazzy/share/rmw_implementation_cmake/cmake)
[2.877s] -- Found rmw_fastrtps_cpp: 8.4.3 (/opt/ros/jazzy/share/rmw_fastrtps_cpp/cmake)
[3.076s] -- Found OpenSSL: /usr/lib/x86_64-linux-gnu/libcrypto.so (found version "3.0.13")  
[3.108s] -- Found FastRTPS: /opt/ros/jazzy/include (Required is at least version "2.13") 
[3.142s] -- Using RMW implementation 'rmw_fastrtps_cpp' as default
[3.289s] -- Found rclcpp_action: 28.1.11 (/opt/ros/jazzy/share/rclcpp_action/cmake)
[3.378s] -- Found rclcpp_components: 28.1.11 (/opt/ros/jazzy/share/rclcpp_components/cmake)
[3.448s] -- Found action_tutorials_interfaces: 0.0.0 (/home/ubuntu/ros_workspace/install/action_tutorials_interfaces/share/action_tutorials_interfaces/cmake)
[3.478s] -- Found geometry_msgs: 5.3.6 (/opt/ros/jazzy/share/geometry_msgs/cmake)
[3.531s] -- Found nav_msgs: 5.3.6 (/opt/ros/jazzy/share/nav_msgs/cmake)
[3.582s] -- Found ament_lint_auto: 0.17.3 (/opt/ros/jazzy/share/ament_lint_auto/cmake)
[3.773s] -- Added test 'cppcheck' to perform static code analysis on C / C++ code
[3.774s] -- Configured cppcheck include dirs: 
[3.774s] -- Configured cppcheck exclude dirs and/or files: 
[3.776s] -- Added test 'flake8' to check Python code syntax and style conventions
[3.776s] -- Configured 'flake8' exclude dirs and/or files: 
[3.779s] -- Added test 'lint_cmake' to check CMake code style
[3.782s] -- Added test 'pep257' to check Python code against some of the docstring style conventions in PEP 257
[3.784s] -- Added test 'uncrustify' to check C / C++ code style
[3.785s] -- Configured uncrustify additional arguments: 
[3.787s] -- Added test 'xmllint' to check XML markup files
[3.792s] -- Configuring done (2.8s)
[3.848s] -- Generating done (0.0s)
[3.861s] -- Build files have been written to: /home/ubuntu/ros_workspace/build/tutorial_1_action_cpp
[3.877s] Invoked command in '/home/ubuntu/ros_workspace/build/tutorial_1_action_cpp' returned '0': CMAKE_PREFIX_PATH=/home/ubuntu/ros_workspace/install/bme_gazebo_sensors:/home/ubuntu/ros_workspace/install/action_tutorials_interfaces:/home/ubuntu/ros_workspace/install/turtlesim_controller:/home/ubuntu/ros_workspace/install/turtlesim_custom_msgs:/home/ubuntu/ros_workspace/install/robot_custom_msgs:/home/ubuntu/ros_workspace/install/ob_first_package_cpp:/home/ubuntu/ros_workspace/install/first_package_cpp:/home/ubuntu/ros_workspace/install/cmake_package:/home/ubuntu/ros_workspace/install/assignment1_rt:/home/ubuntu/ros_workspace/install/action_assignment:/opt/ros/jazzy/opt/gz_launch_vendor:/opt/ros/jazzy/opt/gz_sim_vendor:/opt/ros/jazzy/opt/gz_sensors_vendor:/opt/ros/jazzy/opt/gz_physics_vendor:/opt/ros/jazzy/opt/sdformat_vendor:/opt/ros/jazzy/opt/gz_gui_vendor:/opt/ros/jazzy/opt/gz_transport_vendor:/opt/ros/jazzy/opt/gz_rendering_vendor:/opt/ros/jazzy/opt/gz_plugin_vendor:/opt/ros/jazzy/opt/gz_fuel_tools_vendor:/opt/ros/jazzy/opt/gz_msgs_vendor:/opt/ros/jazzy/opt/gz_common_vendor:/opt/ros/jazzy/opt/gz_math_vendor:/opt/ros/jazzy/opt/gz_utils_vendor:/opt/ros/jazzy/opt/gz_tools_vendor:/opt/ros/jazzy/opt/gz_ogre_next_vendor:/opt/ros/jazzy/opt/gz_dartsim_vendor:/opt/ros/jazzy/opt/gz_cmake_vendor:/home/ubuntu/ros_workspace/install/tutorial_1_action:/home/ubuntu/ros_workspace/install/exam_example_2:/home/ubuntu/ros_workspace/install/turtle_action_client:/home/ubuntu/ros_workspace/install/assignment2_rt_py:/home/ubuntu/ros_workspace/install/assignment1_rt_py:/home/ubuntu/ros_workspace/install/python_package:/home/ubuntu/ros_workspace/install/first_package_py:/home/ubuntu/ros_workspace/install/fibonacci:/home/ubuntu/ros_workspace/install/exam_example:/opt/ros/jazzy LD_LIBRARY_PATH=/home/ubuntu/ros_workspace/install/action_tutorials_interfaces/lib:/home/ubuntu/ros_workspace/install/turtlesim_custom_msgs/lib:/home/ubuntu/ros_workspace/install/robot_custom_msgs/lib:/home/ubuntu/ros_workspace/install/first_package_cpp/lib:/opt/ros/jazzy/opt/gz_launch_vendor/lib:/opt/ros/jazzy/opt/gz_sim_vendor/lib:/opt/ros/jazzy/opt/gz_sensors_vendor/lib:/opt/ros/jazzy/opt/gz_physics_vendor/lib:/opt/ros/jazzy/opt/sdformat_vendor/lib:/opt/ros/jazzy/opt/rviz_ogre_vendor/lib:/opt/ros/jazzy/lib/x86_64-linux-gnu:/opt/ros/jazzy/opt/gz_gui_vendor/lib:/opt/ros/jazzy/opt/gz_transport_vendor/lib:/opt/ros/jazzy/opt/gz_rendering_vendor/lib:/opt/ros/jazzy/opt/gz_plugin_vendor/lib:/opt/ros/jazzy/opt/gz_fuel_tools_vendor/lib:/opt/ros/jazzy/opt/gz_msgs_vendor/lib:/opt/ros/jazzy/opt/gz_common_vendor/lib:/opt/ros/jazzy/opt/gz_math_vendor/lib:/opt/ros/jazzy/opt/gz_utils_vendor/lib:/opt/ros/jazzy/opt/gz_tools_vendor/lib:/opt/ros/jazzy/opt/gz_ogre_next_vendor/lib:/opt/ros/jazzy/opt/gz_dartsim_vendor/lib:/opt/ros/jazzy/opt/gz_cmake_vendor/lib:/opt/ros/jazzy/lib PYTHONPATH=/home/ubuntu/ros_workspace/install/action_tutorials_interfaces/lib/python3.12/site-packages:/home/ubuntu/ros_workspace/install/tutorial_1_action/lib/python3.12/site-packages:/home/ubuntu/ros_workspace/install/exam_example_2/lib/python3.12/site-packages:/home/ubuntu/ros_workspace/install/turtlesim_custom_msgs/lib/python3.12/site-packages:/home/ubuntu/ros_workspace/install/turtle_action_client/lib/python3.12/site-packages:/home/ubuntu/ros_workspace/install/assignment2_rt_py/lib/python3.12/site-packages:/home/ubuntu/ros_workspace/install/assignment1_rt_py/lib/python3.12/site-packages:/home/ubuntu/ros_workspace/install/robot_custom_msgs/lib/python3.12/site-packages:/home/ubuntu/ros_workspace/install/python_package/lib/python3.12/site-packages:/home/ubuntu/ros_workspace/install/first_package_py/lib/python3.12/site-packages:/home/ubuntu/ros_workspace/install/fibonacci/lib/python3.12/site-packages:/home/ubuntu/ros_workspace/install/exam_example/lib/python3.12/site-packages:/opt/ros/jazzy/lib/python3.12/site-packages /usr/bin/cmake /home/ubuntu/ros_workspace/src/tutorial_1_action_cpp -DCMAKE_INSTALL_PREFIX=/home/ubuntu/ros_workspace/install/tutorial_1_action_cpp
[3.878s] Invoking command in '/home/ubuntu/ros_workspace/build/tutorial_1_action_cpp': CMAKE_PREFIX_PATH=/home/ubuntu/ros_workspace/install/bme_gazebo_sensors:/home/ubuntu/ros_workspace/install/action_tutorials_interfaces:/home/ubuntu/ros_workspace/install/turtlesim_controller:/home/ubuntu/ros_workspace/install/turtlesim_custom_msgs:/home/ubuntu/ros_workspace/install/robot_custom_msgs:/home/ubuntu/ros_workspace/install/ob_first_package_cpp:/home/ubuntu/ros_workspace/install/first_package_cpp:/home/ubuntu/ros_workspace/install/cmake_package:/home/ubuntu/ros_workspace/install/assignment1_rt:/home/ubuntu/ros_workspace/install/action_assignment:/opt/ros/jazzy/opt/gz_launch_vendor:/opt/ros/jazzy/opt/gz_sim_vendor:/opt/ros/jazzy/opt/gz_sensors_vendor:/opt/ros/jazzy/opt/gz_physics_vendor:/opt/ros/jazzy/opt/sdformat_vendor:/opt/ros/jazzy/opt/gz_gui_vendor:/opt/ros/jazzy/opt/gz_transport_vendor:/opt/ros/jazzy/opt/gz_rendering_vendor:/opt/ros/jazzy/opt/gz_plugin_vendor:/opt/ros/jazzy/opt/gz_fuel_tools_vendor:/opt/ros/jazzy/opt/gz_msgs_vendor:/opt/ros/jazzy/opt/gz_common_vendor:/opt/ros/jazzy/opt/gz_math_vendor:/opt/ros/jazzy/opt/gz_utils_vendor:/opt/ros/jazzy/opt/gz_tools_vendor:/opt/ros/jazzy/opt/gz_ogre_next_vendor:/opt/ros/jazzy/opt/gz_dartsim_vendor:/opt/ros/jazzy/opt/gz_cmake_vendor:/home/ubuntu/ros_workspace/install/tutorial_1_action:/home/ubuntu/ros_workspace/install/exam_example_2:/home/ubuntu/ros_workspace/install/turtle_action_client:/home/ubuntu/ros_workspace/install/assignment2_rt_py:/home/ubuntu/ros_workspace/install/assignment1_rt_py:/home/ubuntu/ros_workspace/install/python_package:/home/ubuntu/ros_workspace/install/first_package_py:/home/ubuntu/ros_workspace/install/fibonacci:/home/ubuntu/ros_workspace/install/exam_example:/opt/ros/jazzy LD_LIBRARY_PATH=/home/ubuntu/ros_workspace/install/action_tutorials_interfaces/lib:/home/ubuntu/ros_workspace/install/turtlesim_custom_msgs/lib:/home/ubuntu/ros_workspace/install/robot_custom_msgs/lib:/home/ubuntu/ros_workspace/install/first_package_cpp/lib:/opt/ros/jazzy/opt/gz_launch_vendor/lib:/opt/ros/jazzy/opt/gz_sim_vendor/lib:/opt/ros/jazzy/opt/gz_sensors_vendor/lib:/opt/ros/jazzy/opt/gz_physics_vendor/lib:/opt/ros/jazzy/opt/sdformat_vendor/lib:/opt/ros/jazzy/opt/rviz_ogre_vendor/lib:/opt/ros/jazzy/lib/x86_64-linux-gnu:/opt/ros/jazzy/opt/gz_gui_vendor/lib:/opt/ros/jazzy/opt/gz_transport_vendor/lib:/opt/ros/jazzy/opt/gz_rendering_vendor/lib:/opt/ros/jazzy/opt/gz_plugin_vendor/lib:/opt/ros/jazzy/opt/gz_fuel_tools_vendor/lib:/opt/ros/jazzy/opt/gz_msgs_vendor/lib:/opt/ros/jazzy/opt/gz_common_vendor/lib:/opt/ros/jazzy/opt/gz_math_vendor/lib:/opt/ros/jazzy/opt/gz_utils_vendor/lib:/opt/ros/jazzy/opt/gz_tools_vendor/lib:/opt/ros/jazzy/opt/gz_ogre_next_vendor/lib:/opt/ros/jazzy/opt/gz_dartsim_vendor/lib:/opt/ros/jazzy/opt/gz_cmake_vendor/lib:/opt/ros/jazzy/lib PYTHONPATH=/home/ubuntu/ros_workspace/install/action_tutorials_interfaces/lib/python3.12/site-packages:/home/ubuntu/ros_workspace/install/tutorial_1_action/lib/python3.12/site-packages:/home/ubuntu/ros_workspace/install/exam_example_2/lib/python3.12/site-packages:/home/ubuntu/ros_workspace/install/turtlesim_custom_msgs/lib/python3.12/site-packages:/home/ubuntu/ros_workspace/install/turtle_action_client/lib/python3.12/site-packages:/home/ubuntu/ros_workspace/install/assignment2_rt_py/lib/python3.12/site-packages:/home/ubuntu/ros_workspace/install/assignment1_rt_py/lib/python3.12/site-packages:/home/ubuntu/ros_workspace/install/robot_custom_msgs/lib/python3.12/site-packages:/home/ubuntu/ros_workspace/install/python_package/lib/python3.12/site-packages:/home/ubuntu/ros_workspace/install/first_package_py/lib/python3.12/site-packages:/home/ubuntu/ros_workspace/install/fibonacci/lib/python3.12/site-packages:/home/ubuntu/ros_workspace/install/exam_example/lib/python3.12/site-packages:/opt/ros/jazzy/lib/python3.12/site-packages /usr/bin/cmake --build /home/ubuntu/ros_workspace/build/tutorial_1_action_cpp -- -j16 -l16
[3.974s] [ 16%] [32mBuilding CXX object CMakeFiles/server_exe.dir/rclcpp_components/node_main_server_exe.cpp.o[0m
[3.974s] [ 16%] [32mBuilding CXX object CMakeFiles/server.dir/src/action_server.cpp.o[0m
[3.974s] [ 25%] [32mBuilding CXX object CMakeFiles/client_exe.dir/rclcpp_components/node_main_client_exe.cpp.o[0m
[3.974s] [ 33%] [32mBuilding CXX object CMakeFiles/cancel_client.dir/src/cancel_action.cpp.o[0m
[3.975s] [ 41%] [32mBuilding CXX object CMakeFiles/client.dir/src/action_client.cpp.o[0m
[3.976s] [ 50%] [32mBuilding CXX object CMakeFiles/cancel_client_exe.dir/rclcpp_components/node_main_cancel_client_exe.cpp.o[0m
[7.317s] [01m[K/home/ubuntu/ros_workspace/src/tutorial_1_action_cpp/src/cancel_action.cpp:[m[K In lambda function:
[7.317s] [01m[K/home/ubuntu/ros_workspace/src/tutorial_1_action_cpp/src/cancel_action.cpp:61:9:[m[K [01;35m[Kwarning: [m[Kthis ‘[01m[Kif[m[K’ clause does not guard... [[01;35m[K]8;;https://gcc.gnu.org/onlinedocs/gcc/Warning-Options.html#index-Wmisleading-indentation-Wmisleading-indentation]8;;[m[K]
[7.317s]    61 |         [01;35m[Kif[m[K (cancel_sent_ || goal_handle_ == nullptr )
[7.317s]       |         [01;35m[K^~[m[K
[7.318s] [01m[K/home/ubuntu/ros_workspace/src/tutorial_1_action_cpp/src/cancel_action.cpp:64:11:[m[K [01;36m[Knote: [m[K...this statement, but the latter is misleadingly indented as if it were guarded by the ‘[01m[Kif[m[K’
[7.318s]    64 |           [01;36m[Kif[m[K (feedback->moving > 30.0) {
[7.318s]       |           [01;36m[K^~[m[K
[7.318s] [01m[K/home/ubuntu/ros_workspace/src/tutorial_1_action_cpp/src/cancel_action.cpp:69:25:[m[K [01;31m[Kerror: [m[K‘[01m[Kusing std::__shared_ptr_access<rclcpp_action::ClientGoalHandle<action_tutorials_interfaces::action::Tut1>, __gnu_cxx::_S_atomic, false, false>::element_type = class rclcpp_action::ClientGoalHandle<action_tutorials_interfaces::action::Tut1>[m[K’ {aka ‘[01m[Kclass rclcpp_action::ClientGoalHandle<action_tutorials_interfaces::action::Tut1>[m[K’} has no member named ‘[01m[Kasync_cancel_goal[m[K’
[7.318s]    69 |           goal_handle_->[01;31m[Kasync_cancel_goal[m[K(
[7.318s]       |                         [01;31m[K^~~~~~~~~~~~~~~~~[m[K
[7.324s] [01m[K/home/ubuntu/ros_workspace/src/tutorial_1_action_cpp/src/cancel_action.cpp:[m[K In member function ‘[01m[Kvoid tutorial_1_action_cpp::RobotActionCancelClient::[01;32m[Ksend_goal[m[K(double)[m[K’:
[7.324s] [01m[K/home/ubuntu/ros_workspace/src/tutorial_1_action_cpp/src/cancel_action.cpp:78:20:[m[K [01;31m[Kerror: [m[K‘[01m[KGoalHandleFib[m[K’ does not name a type; did you mean ‘[01m[KGoalHandleTut1[m[K’?
[7.324s]    78 |       [this](const [01;31m[KGoalHandleFib[m[K::WrappedResult & result) {
[7.325s]       |                    [01;31m[K^~~~~~~~~~~~~[m[K
[7.325s]       |                    [32m[KGoalHandleTut1[m[K
[7.325s] [01m[K/home/ubuntu/ros_workspace/src/tutorial_1_action_cpp/src/cancel_action.cpp:84:10:[m[K [01;31m[Kerror: [m[Kexpected ‘[01m[K)[m[K’ before ‘[01m[K;[m[K’ token
[7.325s]    84 |         }[01;31m[K;[m[K
[7.325s]       |          [01;31m[K^[m[K
[7.325s] [01m[K/home/ubuntu/ros_workspace/src/tutorial_1_action_cpp/src/cancel_action.cpp:78:13:[m[K [01;36m[Knote: [m[Kto match this ‘[01m[K([m[K’
[7.325s]    78 |       [this][01;36m[K([m[Kconst GoalHandleFib::WrappedResult & result) {
[7.326s]       |             [01;36m[K^[m[K
[7.326s] [01m[K/home/ubuntu/ros_workspace/src/tutorial_1_action_cpp/src/cancel_action.cpp:[m[K In lambda function:
[7.326s] [01m[K/home/ubuntu/ros_workspace/src/tutorial_1_action_cpp/src/cancel_action.cpp:84:10:[m[K [01;31m[Kerror: [m[Kexpected ‘[01m[K{[m[K’ before ‘[01m[K;[m[K’ token
[7.326s]    84 |         }[01;31m[K;[m[K
[7.326s]       |          [01;31m[K^[m[K
[7.326s] [01m[K/home/ubuntu/ros_workspace/src/tutorial_1_action_cpp/src/cancel_action.cpp:[m[K In member function ‘[01m[Kvoid tutorial_1_action_cpp::RobotActionCancelClient::[01;32m[Ksend_goal[m[K(double)[m[K’:
[7.326s] [01m[K/home/ubuntu/ros_workspace/src/tutorial_1_action_cpp/src/cancel_action.cpp:84:10:[m[K [01;31m[Kerror: [m[Kno match for ‘[01m[Koperator=[m[K’ (operand types are ‘[01m[Krclcpp_action::Client<action_tutorials_interfaces::action::Tut1>::ResultCallback[m[K’ {aka ‘[01m[Kstd::function<void(const rclcpp_action::ClientGoalHandle<action_tutorials_interfaces::action::Tut1>::WrappedResult&)>[m[K’} and ‘[01m[Ktutorial_1_action_cpp::RobotActionCancelClient::send_goal(double)::<lambda(int)>[m[K’)
[7.326s] In file included from [01m[K/usr/include/c++/13/functional:59[m[K,
[7.326s]                  from [01m[K/opt/ros/jazzy/include/rclcpp/rclcpp/utilities.hpp:19[m[K,
[7.327s]                  from [01m[K/opt/ros/jazzy/include/rclcpp/rclcpp/logging.hpp:25[m[K,
[7.327s]                  from [01m[K/opt/ros/jazzy/include/rclcpp/rclcpp/copy_all_parameter_values.hpp:27[m[K,
[7.327s]                  from [01m[K/opt/ros/jazzy/include/rclcpp/rclcpp/rclcpp.hpp:171[m[K,
[7.327s]                  from [01m[K/home/ubuntu/ros_workspace/src/tutorial_1_action_cpp/src/cancel_action.cpp:3[m[K:
[7.327s] [01m[K/usr/include/c++/13/bits/std_function.h:531:9:[m[K [01;36m[Knote: [m[Kcandidate: ‘[01m[Ktemplate<class _Functor> std::function<_Res(_ArgTypes ...)>::_Requires<std::function<_Res(_ArgTypes ...)>::_Callable<_Functor>, std::function<_Res(_ArgTypes ...)>&> std::function<_Res(_ArgTypes ...)>::[01;32m[Koperator=[m[K(_Functor&&) [35m[K[with _Res = void; _ArgTypes = {const rclcpp_action::ClientGoalHandle<action_tutorials_interfaces::action::Tut1>::WrappedResult&}][m[K[m[K’
[7.327s]   531 |         [01;36m[Koperator[m[K=(_Functor&& __f)
[7.327s]       |         [01;36m[K^~~~~~~~[m[K
[7.327s] [01m[K/usr/include/c++/13/bits/std_function.h:531:9:[m[K [01;36m[Knote: [m[K  template argument deduction/substitution failed:
[7.327s] In file included from [01m[K/usr/include/c++/13/bits/move.h:37[m[K,
[7.327s]                  from [01m[K/usr/include/c++/13/bits/new_allocator.h:36[m[K,
[7.327s]                  from [01m[K/usr/include/x86_64-linux-gnu/c++/13/bits/c++allocator.h:33[m[K,
[7.327s]                  from [01m[K/usr/include/c++/13/bits/allocator.h:46[m[K,
[7.327s]                  from [01m[K/usr/include/c++/13/memory:65[m[K,
[7.327s]                  from [01m[K/home/ubuntu/ros_workspace/src/tutorial_1_action_cpp/src/cancel_action.cpp:1[m[K:
[7.327s] /usr/include/c++/13/type_traits: In substitution of ‘[01m[Ktemplate<bool _Cond, class _Tp> using std::__enable_if_t = typename std::enable_if::type [35m[K[with bool _Cond = false; _Tp = std::function<void(const rclcpp_action::ClientGoalHandle<action_tutorials_interfaces::action::Tut1>::WrappedResult&)>&][m[K[m[K’:
[7.327s] [01m[K/usr/include/c++/13/bits/std_function.h:353:8:[m[K   required by substitution of ‘[01m[Ktemplate<class _Res, class ... _ArgTypes> template<class _Cond, class _Tp> using std::function<_Res(_ArgTypes ...)>::_Requires = std::__enable_if_t<_Cond::value, _Tp> [35m[K[with _Cond = std::function<void(const rclcpp_action::ClientGoalHandle<action_tutorials_interfaces::action::Tut1>::WrappedResult&)>::_Callable<tutorial_1_action_cpp::RobotActionCancelClient::send_goal(double)::<lambda(int)>, tutorial_1_action_cpp::RobotActionCancelClient::send_goal(double)::<lambda(int)>, std::__invoke_result<tutorial_1_action_cpp::RobotActionCancelClient::send_goal(double)::<lambda(int)>&, const rclcpp_action::ClientGoalHandle<action_tutorials_interfaces::action::Tut1>::WrappedResult&> >; _Tp = std::function<void(const rclcpp_action::ClientGoalHandle<action_tutorials_interfaces::action::Tut1>::WrappedResult&)>&; _Res = void; _ArgTypes = {const rclcpp_action::ClientGoalHandle<action_tutorials_interfaces::action::Tut1>::WrappedResult&}][m[K[m[K’
[7.328s] [01m[K/usr/include/c++/13/bits/std_function.h:531:2:[m[K   required by substitution of ‘[01m[Ktemplate<class _Functor> std::function<void(const rclcpp_action::ClientGoalHandle<action_tutorials_interfaces::action::Tut1>::WrappedResult&)>::_Requires<std::function<void(const rclcpp_action::ClientGoalHandle<action_tutorials_interfaces::action::Tut1>::WrappedResult&)>::_Callable<_Functor, typename std::enable_if<(! std::is_same<typename std::remove_cv<typename std::remove_reference<_Tp>::type>::type, std::function<void(const rclcpp_action::ClientGoalHandle<action_tutorials_interfaces::action::Tut1>::WrappedResult&)> >::value), std::decay<_Ex> >::type::type, std::__invoke_result<typename std::enable_if<(! std::is_same<typename std::remove_cv<typename std::remove_reference<_Tp>::type>::type, std::function<void(const rclcpp_action::ClientGoalHandle<action_tutorials_interfaces::action::Tut1>::WrappedResult&)> >::value), std::decay<_Ex> >::type::type&, const rclcpp_action::ClientGoalHandle<action_tutorials_interfaces::action::Tut1>::WrappedResult&> >, std::function<void(const rclcpp_action::ClientGoalHandle<action_tutorials_interfaces::action::Tut1>::WrappedResult&)>&> std::function<void(const rclcpp_action::ClientGoalHandle<action_tutorials_interfaces::action::Tut1>::WrappedResult&)>::[01;32m[Koperator=[m[K(_Functor&&) [35m[K[with _Functor = tutorial_1_action_cpp::RobotActionCancelClient::send_goal(double)::<lambda(int)>][m[K[m[K’
[7.328s] [01m[K/home/ubuntu/ros_workspace/src/tutorial_1_action_cpp/src/cancel_action.cpp:84:10:[m[K   required from here
[7.328s] [01m[K/usr/include/c++/13/type_traits:116:11:[m[K [01;31m[Kerror: [m[Kno type named ‘[01m[Ktype[m[K’ in ‘[01m[Kstruct std::enable_if<false, std::function<void(const rclcpp_action::ClientGoalHandle<action_tutorials_interfaces::action::Tut1>::WrappedResult&)>&>[m[K’
[7.328s]   116 |     using [01;31m[K__enable_if_t[m[K = typename enable_if<_Cond, _Tp>::type;
[7.328s]       |           [01;31m[K^~~~~~~~~~~~~[m[K
[7.328s] [01m[K/usr/include/c++/13/bits/std_function.h:541:9:[m[K [01;36m[Knote: [m[Kcandidate: ‘[01m[Ktemplate<class _Functor> std::function<_Res(_ArgTypes ...)>& std::function<_Res(_ArgTypes ...)>::[01;32m[Koperator=[m[K(std::reference_wrapper<_Functor>) [35m[K[with _Res = void; _ArgTypes = {const rclcpp_action::ClientGoalHandle<action_tutorials_interfaces::action::Tut1>::WrappedResult&}][m[K[m[K’
[7.328s]   541 |         [01;36m[Koperator[m[K=(reference_wrapper<_Functor> __f) noexcept
[7.328s]       |         [01;36m[K^~~~~~~~[m[K
[7.328s] [01m[K/usr/include/c++/13/bits/std_function.h:541:9:[m[K [01;36m[Knote: [m[K  template argument deduction/substitution failed:
[7.328s] [01m[K/home/ubuntu/ros_workspace/src/tutorial_1_action_cpp/src/cancel_action.cpp:84:10:[m[K [01;36m[Knote: [m[K  ‘[01m[Ktutorial_1_action_cpp::RobotActionCancelClient::send_goal(double)::<lambda(int)>[m[K’ is not derived from ‘[01m[Kstd::reference_wrapper<_Tp>[m[K’
[7.328s]    84 |         }[01;36m[K;[m[K
[7.328s]       |          [01;36m[K^[m[K
[7.328s] [01m[K/usr/include/c++/13/bits/std_function.h:469:7:[m[K [01;36m[Knote: [m[Kcandidate: ‘[01m[Kstd::function<_Res(_ArgTypes ...)>& std::function<_Res(_ArgTypes ...)>::[01;32m[Koperator=[m[K(const std::function<_Res(_ArgTypes ...)>&) [35m[K[with _Res = void; _ArgTypes = {const rclcpp_action::ClientGoalHandle<action_tutorials_interfaces::action::Tut1>::WrappedResult&}][m[K[m[K’
[7.328s]   469 |       [01;36m[Koperator[m[K=(const function& __x)
[7.328s]       |       [01;36m[K^~~~~~~~[m[K
[7.328s] [01m[K/usr/include/c++/13/bits/std_function.h:469:33:[m[K [01;36m[Knote: [m[K  no known conversion for argument 1 from ‘[01m[Ktutorial_1_action_cpp::RobotActionCancelClient::send_goal(double)::<lambda(int)>[m[K’ to ‘[01m[Kconst std::function<void(const rclcpp_action::ClientGoalHandle<action_tutorials_interfaces::action::Tut1>::WrappedResult&)>&[m[K’
[7.328s]   469 |       operator=([01;36m[Kconst function& __x[m[K)
[7.328s]       |                 [01;36m[K~~~~~~~~~~~~~~~~^~~[m[K
[7.328s] [01m[K/usr/include/c++/13/bits/std_function.h:487:7:[m[K [01;36m[Knote: [m[Kcandidate: ‘[01m[Kstd::function<_Res(_ArgTypes ...)>& std::function<_Res(_ArgTypes ...)>::[01;32m[Koperator=[m[K(std::function<_Res(_ArgTypes ...)>&&) [35m[K[with _Res = void; _ArgTypes = {const rclcpp_action::ClientGoalHandle<action_tutorials_interfaces::action::Tut1>::WrappedResult&}][m[K[m[K’
[7.329s]   487 |       [01;36m[Koperator[m[K=(function&& __x) noexcept
[7.329s]       |       [01;36m[K^~~~~~~~[m[K
[7.329s] [01m[K/usr/include/c++/13/bits/std_function.h:487:28:[m[K [01;36m[Knote: [m[K  no known conversion for argument 1 from ‘[01m[Ktutorial_1_action_cpp::RobotActionCancelClient::send_goal(double)::<lambda(int)>[m[K’ to ‘[01m[Kstd::function<void(const rclcpp_action::ClientGoalHandle<action_tutorials_interfaces::action::Tut1>::WrappedResult&)>&&[m[K’
[7.329s]   487 |       operator=([01;36m[Kfunction&& __x[m[K) noexcept
[7.329s]       |                 [01;36m[K~~~~~~~~~~~^~~[m[K
[7.329s] [01m[K/usr/include/c++/13/bits/std_function.h:501:7:[m[K [01;36m[Knote: [m[Kcandidate: ‘[01m[Kstd::function<_Res(_ArgTypes ...)>& std::function<_Res(_ArgTypes ...)>::[01;32m[Koperator=[m[K(std::nullptr_t) [35m[K[with _Res = void; _ArgTypes = {const rclcpp_action::ClientGoalHandle<action_tutorials_interfaces::action::Tut1>::WrappedResult&}; std::nullptr_t = std::nullptr_t][m[K[m[K’
[7.329s]   501 |       [01;36m[Koperator[m[K=(nullptr_t) noexcept
[7.329s]       |       [01;36m[K^~~~~~~~[m[K
[7.329s] [01m[K/usr/include/c++/13/bits/std_function.h:501:17:[m[K [01;36m[Knote: [m[K  no known conversion for argument 1 from ‘[01m[Ktutorial_1_action_cpp::RobotActionCancelClient::send_goal(double)::<lambda(int)>[m[K’ to ‘[01m[Kstd::nullptr_t[m[K’
[7.329s]   501 |       operator=([01;36m[Knullptr_t[m[K) noexcept
[7.329s]       |                 [01;36m[K^~~~~~~~~[m[K
[8.324s] [ 58%] [32m[1mLinking CXX executable server_exe[0m
[8.338s] [ 66%] [32m[1mLinking CXX executable cancel_client_exe[0m
[8.493s] [ 75%] [32m[1mLinking CXX executable client_exe[0m
[8.573s] [ 75%] Built target server_exe
[8.580s] [ 75%] Built target cancel_client_exe
[8.713s] [ 75%] Built target client_exe
[8.823s] gmake[2]: *** [CMakeFiles/cancel_client.dir/build.make:76: CMakeFiles/cancel_client.dir/src/cancel_action.cpp.o] Error 1
[8.824s] gmake[1]: *** [CMakeFiles/Makefile2:199: CMakeFiles/cancel_client.dir/all] Error 2
[8.824s] gmake[1]: *** Waiting for unfinished jobs....
[9.230s] [ 83%] [32m[1mLinking CXX shared library libclient.so[0m
[9.440s] [ 83%] Built target client
[14.531s] [ 91%] [32m[1mLinking CXX shared library libserver.so[0m
[14.974s] [ 91%] Built target server
[14.975s] gmake: *** [Makefile:146: all] Error 2
