[0.135s] DEBUG:colcon:Command line arguments: ['/usr/bin/colcon', 'build']
[0.135s] DEBUG:colcon:Parsed command line arguments: Namespace(log_base=None, log_level=None, verb_name='build', build_base='build', install_base='install', merge_install=False, symlink_install=False, test_result_base=None, continue_on_error=False, executor='parallel', parallel_workers=16, event_handlers=None, ignore_user_meta=False, metas=['./colcon.meta'], base_paths=['.'], packages_ignore=None, packages_ignore_regex=None, paths=None, packages_up_to=None, packages_up_to_regex=None, packages_above=None, packages_above_and_dependencies=None, packages_above_depth=None, packages_select_by_dep=None, packages_skip_by_dep=None, packages_skip_up_to=None, packages_select_build_failed=False, packages_skip_build_finished=False, packages_select_test_failures=False, packages_skip_test_passed=False, packages_select=None, packages_skip=None, packages_select_regex=None, packages_skip_regex=None, packages_start=None, packages_end=None, cmake_args=None, cmake_target=None, cmake_target_skip_unavailable=False, cmake_clean_cache=False, cmake_clean_first=False, cmake_force_configure=False, ament_cmake_args=None, catkin_cmake_args=None, catkin_skip_building_tests=False, mixin_files=None, mixin=None, verb_parser=<colcon_mixin.mixin.mixin_argument.MixinArgumentDecorator object at 0x7556bb43de50>, verb_extension=<colcon_core.verb.build.BuildVerb object at 0x7556bb58daf0>, main=<bound method BuildVerb.main of <colcon_core.verb.build.BuildVerb object at 0x7556bb58daf0>>, mixin_verb=('build',))
[0.188s] Level 1:colcon.colcon_core.package_discovery:discover_packages(colcon_meta) check parameters
[0.189s] INFO:colcon.colcon_metadata.package_discovery.colcon_meta:Using configuration from '/root/.colcon/metadata/default/Gazebo.meta'
[0.190s] INFO:colcon.colcon_metadata.package_discovery.colcon_meta:Using configuration from '/root/.colcon/metadata/default/fastdds.meta'
[0.190s] INFO:colcon.colcon_metadata.package_discovery.colcon_meta:Using configuration from '/root/.colcon/metadata/default/fastrtps.meta'
[0.190s] Level 1:colcon.colcon_core.package_discovery:discover_packages(recursive) check parameters
[0.190s] Level 1:colcon.colcon_core.package_discovery:discover_packages(ignore) check parameters
[0.190s] Level 1:colcon.colcon_core.package_discovery:discover_packages(path) check parameters
[0.190s] Level 1:colcon.colcon_core.package_discovery:discover_packages(colcon_meta) discover
[0.191s] Level 1:colcon.colcon_core.package_discovery:discover_packages(recursive) discover
[0.191s] INFO:colcon.colcon_core.package_discovery:Crawling recursively for packages in '/home/ubuntu/ros_workspace'
[0.191s] Level 1:colcon.colcon_core.package_identification:_identify(.) by extensions ['ignore', 'ignore_ament_install']
[0.191s] Level 1:colcon.colcon_core.package_identification:_identify(.) by extension 'ignore'
[0.191s] Level 1:colcon.colcon_core.package_identification:_identify(.) by extension 'ignore_ament_install'
[0.191s] Level 1:colcon.colcon_core.package_identification:_identify(.) by extensions ['colcon_pkg']
[0.191s] Level 1:colcon.colcon_core.package_identification:_identify(.) by extension 'colcon_pkg'
[0.191s] Level 1:colcon.colcon_core.package_identification:_identify(.) by extensions ['colcon_meta']
[0.191s] Level 1:colcon.colcon_core.package_identification:_identify(.) by extension 'colcon_meta'
[0.191s] Level 1:colcon.colcon_core.package_identification:_identify(.) by extensions ['ros']
[0.191s] Level 1:colcon.colcon_core.package_identification:_identify(.) by extension 'ros'
[0.224s] Level 1:colcon.colcon_core.package_identification:_identify(.) by extensions ['cmake', 'python']
[0.224s] Level 1:colcon.colcon_core.package_identification:_identify(.) by extension 'cmake'
[0.224s] Level 1:colcon.colcon_core.package_identification:_identify(.) by extension 'python'
[0.224s] Level 1:colcon.colcon_core.package_identification:_identify(.) by extensions ['python_setup_py']
[0.224s] Level 1:colcon.colcon_core.package_identification:_identify(.) by extension 'python_setup_py'
[0.224s] Level 1:colcon.colcon_core.package_identification:_identify(build) by extensions ['ignore', 'ignore_ament_install']
[0.225s] Level 1:colcon.colcon_core.package_identification:_identify(build) by extension 'ignore'
[0.225s] Level 1:colcon.colcon_core.package_identification:_identify(build) ignored
[0.225s] Level 1:colcon.colcon_core.package_identification:_identify(install) by extensions ['ignore', 'ignore_ament_install']
[0.225s] Level 1:colcon.colcon_core.package_identification:_identify(install) by extension 'ignore'
[0.225s] Level 1:colcon.colcon_core.package_identification:_identify(install) ignored
[0.225s] Level 1:colcon.colcon_core.package_identification:_identify(log) by extensions ['ignore', 'ignore_ament_install']
[0.225s] Level 1:colcon.colcon_core.package_identification:_identify(log) by extension 'ignore'
[0.226s] Level 1:colcon.colcon_core.package_identification:_identify(log) ignored
[0.226s] Level 1:colcon.colcon_core.package_identification:_identify(src) by extensions ['ignore', 'ignore_ament_install']
[0.226s] Level 1:colcon.colcon_core.package_identification:_identify(src) by extension 'ignore'
[0.226s] Level 1:colcon.colcon_core.package_identification:_identify(src) by extension 'ignore_ament_install'
[0.226s] Level 1:colcon.colcon_core.package_identification:_identify(src) by extensions ['colcon_pkg']
[0.226s] Level 1:colcon.colcon_core.package_identification:_identify(src) by extension 'colcon_pkg'
[0.226s] Level 1:colcon.colcon_core.package_identification:_identify(src) by extensions ['colcon_meta']
[0.226s] Level 1:colcon.colcon_core.package_identification:_identify(src) by extension 'colcon_meta'
[0.226s] Level 1:colcon.colcon_core.package_identification:_identify(src) by extensions ['ros']
[0.226s] Level 1:colcon.colcon_core.package_identification:_identify(src) by extension 'ros'
[0.226s] Level 1:colcon.colcon_core.package_identification:_identify(src) by extensions ['cmake', 'python']
[0.226s] Level 1:colcon.colcon_core.package_identification:_identify(src) by extension 'cmake'
[0.226s] Level 1:colcon.colcon_core.package_identification:_identify(src) by extension 'python'
[0.226s] Level 1:colcon.colcon_core.package_identification:_identify(src) by extensions ['python_setup_py']
[0.226s] Level 1:colcon.colcon_core.package_identification:_identify(src) by extension 'python_setup_py'
[0.226s] Level 1:colcon.colcon_core.package_identification:_identify(src/cmake_package) by extensions ['ignore', 'ignore_ament_install']
[0.227s] Level 1:colcon.colcon_core.package_identification:_identify(src/cmake_package) by extension 'ignore'
[0.227s] Level 1:colcon.colcon_core.package_identification:_identify(src/cmake_package) by extension 'ignore_ament_install'
[0.227s] Level 1:colcon.colcon_core.package_identification:_identify(src/cmake_package) by extensions ['colcon_pkg']
[0.227s] Level 1:colcon.colcon_core.package_identification:_identify(src/cmake_package) by extension 'colcon_pkg'
[0.227s] Level 1:colcon.colcon_core.package_identification:_identify(src/cmake_package) by extensions ['colcon_meta']
[0.227s] Level 1:colcon.colcon_core.package_identification:_identify(src/cmake_package) by extension 'colcon_meta'
[0.227s] Level 1:colcon.colcon_core.package_identification:_identify(src/cmake_package) by extensions ['ros']
[0.227s] Level 1:colcon.colcon_core.package_identification:_identify(src/cmake_package) by extension 'ros'
[0.230s] DEBUG:colcon.colcon_core.package_identification:Package 'src/cmake_package' with type 'ros.ament_cmake' and name 'cmake_package'
[0.230s] Level 1:colcon.colcon_core.package_identification:_identify(src/first_package_cpp) by extensions ['ignore', 'ignore_ament_install']
[0.230s] Level 1:colcon.colcon_core.package_identification:_identify(src/first_package_cpp) by extension 'ignore'
[0.230s] Level 1:colcon.colcon_core.package_identification:_identify(src/first_package_cpp) by extension 'ignore_ament_install'
[0.230s] Level 1:colcon.colcon_core.package_identification:_identify(src/first_package_cpp) by extensions ['colcon_pkg']
[0.230s] Level 1:colcon.colcon_core.package_identification:_identify(src/first_package_cpp) by extension 'colcon_pkg'
[0.230s] Level 1:colcon.colcon_core.package_identification:_identify(src/first_package_cpp) by extensions ['colcon_meta']
[0.230s] Level 1:colcon.colcon_core.package_identification:_identify(src/first_package_cpp) by extension 'colcon_meta'
[0.231s] Level 1:colcon.colcon_core.package_identification:_identify(src/first_package_cpp) by extensions ['ros']
[0.231s] Level 1:colcon.colcon_core.package_identification:_identify(src/first_package_cpp) by extension 'ros'
[0.231s] DEBUG:colcon.colcon_core.package_identification:Package 'src/first_package_cpp' with type 'ros.ament_cmake' and name 'first_package_cpp'
[0.232s] Level 1:colcon.colcon_core.package_identification:_identify(src/ob_first_package_cpp) by extensions ['ignore', 'ignore_ament_install']
[0.232s] Level 1:colcon.colcon_core.package_identification:_identify(src/ob_first_package_cpp) by extension 'ignore'
[0.232s] Level 1:colcon.colcon_core.package_identification:_identify(src/ob_first_package_cpp) by extension 'ignore_ament_install'
[0.232s] Level 1:colcon.colcon_core.package_identification:_identify(src/ob_first_package_cpp) by extensions ['colcon_pkg']
[0.232s] Level 1:colcon.colcon_core.package_identification:_identify(src/ob_first_package_cpp) by extension 'colcon_pkg'
[0.232s] Level 1:colcon.colcon_core.package_identification:_identify(src/ob_first_package_cpp) by extensions ['colcon_meta']
[0.232s] Level 1:colcon.colcon_core.package_identification:_identify(src/ob_first_package_cpp) by extension 'colcon_meta'
[0.232s] Level 1:colcon.colcon_core.package_identification:_identify(src/ob_first_package_cpp) by extensions ['ros']
[0.232s] Level 1:colcon.colcon_core.package_identification:_identify(src/ob_first_package_cpp) by extension 'ros'
[0.233s] DEBUG:colcon.colcon_core.package_identification:Package 'src/ob_first_package_cpp' with type 'ros.ament_cmake' and name 'ob_first_package_cpp'
[0.233s] Level 1:colcon.colcon_core.package_identification:_identify(src/python_package) by extensions ['ignore', 'ignore_ament_install']
[0.233s] Level 1:colcon.colcon_core.package_identification:_identify(src/python_package) by extension 'ignore'
[0.234s] Level 1:colcon.colcon_core.package_identification:_identify(src/python_package) by extension 'ignore_ament_install'
[0.234s] Level 1:colcon.colcon_core.package_identification:_identify(src/python_package) by extensions ['colcon_pkg']
[0.234s] Level 1:colcon.colcon_core.package_identification:_identify(src/python_package) by extension 'colcon_pkg'
[0.234s] Level 1:colcon.colcon_core.package_identification:_identify(src/python_package) by extensions ['colcon_meta']
[0.234s] Level 1:colcon.colcon_core.package_identification:_identify(src/python_package) by extension 'colcon_meta'
[0.234s] Level 1:colcon.colcon_core.package_identification:_identify(src/python_package) by extensions ['ros']
[0.234s] Level 1:colcon.colcon_core.package_identification:_identify(src/python_package) by extension 'ros'
[0.235s] DEBUG:colcon.colcon_core.package_identification:Package 'src/python_package' with type 'ros.ament_python' and name 'python_package'
[0.235s] Level 1:colcon.colcon_core.package_identification:_identify(src/turtlesim_controller) by extensions ['ignore', 'ignore_ament_install']
[0.236s] Level 1:colcon.colcon_core.package_identification:_identify(src/turtlesim_controller) by extension 'ignore'
[0.236s] Level 1:colcon.colcon_core.package_identification:_identify(src/turtlesim_controller) by extension 'ignore_ament_install'
[0.236s] Level 1:colcon.colcon_core.package_identification:_identify(src/turtlesim_controller) by extensions ['colcon_pkg']
[0.236s] Level 1:colcon.colcon_core.package_identification:_identify(src/turtlesim_controller) by extension 'colcon_pkg'
[0.236s] Level 1:colcon.colcon_core.package_identification:_identify(src/turtlesim_controller) by extensions ['colcon_meta']
[0.236s] Level 1:colcon.colcon_core.package_identification:_identify(src/turtlesim_controller) by extension 'colcon_meta'
[0.236s] Level 1:colcon.colcon_core.package_identification:_identify(src/turtlesim_controller) by extensions ['ros']
[0.236s] Level 1:colcon.colcon_core.package_identification:_identify(src/turtlesim_controller) by extension 'ros'
[0.237s] DEBUG:colcon.colcon_core.package_identification:Package 'src/turtlesim_controller' with type 'ros.ament_cmake' and name 'turtlesim_controller'
[0.237s] Level 1:colcon.colcon_core.package_discovery:discover_packages(recursive) using defaults
[0.237s] Level 1:colcon.colcon_core.package_discovery:discover_packages(ignore) discover
[0.237s] Level 1:colcon.colcon_core.package_discovery:discover_packages(ignore) using defaults
[0.237s] Level 1:colcon.colcon_core.package_discovery:discover_packages(path) discover
[0.237s] Level 1:colcon.colcon_core.package_discovery:discover_packages(path) using defaults
[0.257s] Level 5:colcon.colcon_core.verb:set package 'cmake_package' build argument 'cmake_args' from command line to 'None'
[0.257s] Level 5:colcon.colcon_core.verb:set package 'cmake_package' build argument 'cmake_target' from command line to 'None'
[0.257s] Level 5:colcon.colcon_core.verb:set package 'cmake_package' build argument 'cmake_target_skip_unavailable' from command line to 'False'
[0.257s] Level 5:colcon.colcon_core.verb:set package 'cmake_package' build argument 'cmake_clean_cache' from command line to 'False'
[0.257s] Level 5:colcon.colcon_core.verb:set package 'cmake_package' build argument 'cmake_clean_first' from command line to 'False'
[0.257s] Level 5:colcon.colcon_core.verb:set package 'cmake_package' build argument 'cmake_force_configure' from command line to 'False'
[0.257s] Level 5:colcon.colcon_core.verb:set package 'cmake_package' build argument 'ament_cmake_args' from command line to 'None'
[0.257s] Level 5:colcon.colcon_core.verb:set package 'cmake_package' build argument 'catkin_cmake_args' from command line to 'None'
[0.257s] Level 5:colcon.colcon_core.verb:set package 'cmake_package' build argument 'catkin_skip_building_tests' from command line to 'False'
[0.257s] DEBUG:colcon.colcon_core.verb:Building package 'cmake_package' with the following arguments: {'ament_cmake_args': None, 'build_base': '/home/ubuntu/ros_workspace/build/cmake_package', 'catkin_cmake_args': None, 'catkin_skip_building_tests': False, 'cmake_args': None, 'cmake_clean_cache': False, 'cmake_clean_first': False, 'cmake_force_configure': False, 'cmake_target': None, 'cmake_target_skip_unavailable': False, 'install_base': '/home/ubuntu/ros_workspace/install/cmake_package', 'merge_install': False, 'path': '/home/ubuntu/ros_workspace/src/cmake_package', 'symlink_install': False, 'test_result_base': None}
[0.257s] Level 5:colcon.colcon_core.verb:set package 'first_package_cpp' build argument 'cmake_args' from command line to 'None'
[0.258s] Level 5:colcon.colcon_core.verb:set package 'first_package_cpp' build argument 'cmake_target' from command line to 'None'
[0.258s] Level 5:colcon.colcon_core.verb:set package 'first_package_cpp' build argument 'cmake_target_skip_unavailable' from command line to 'False'
[0.258s] Level 5:colcon.colcon_core.verb:set package 'first_package_cpp' build argument 'cmake_clean_cache' from command line to 'False'
[0.258s] Level 5:colcon.colcon_core.verb:set package 'first_package_cpp' build argument 'cmake_clean_first' from command line to 'False'
[0.258s] Level 5:colcon.colcon_core.verb:set package 'first_package_cpp' build argument 'cmake_force_configure' from command line to 'False'
[0.258s] Level 5:colcon.colcon_core.verb:set package 'first_package_cpp' build argument 'ament_cmake_args' from command line to 'None'
[0.258s] Level 5:colcon.colcon_core.verb:set package 'first_package_cpp' build argument 'catkin_cmake_args' from command line to 'None'
[0.258s] Level 5:colcon.colcon_core.verb:set package 'first_package_cpp' build argument 'catkin_skip_building_tests' from command line to 'False'
[0.258s] DEBUG:colcon.colcon_core.verb:Building package 'first_package_cpp' with the following arguments: {'ament_cmake_args': None, 'build_base': '/home/ubuntu/ros_workspace/build/first_package_cpp', 'catkin_cmake_args': None, 'catkin_skip_building_tests': False, 'cmake_args': None, 'cmake_clean_cache': False, 'cmake_clean_first': False, 'cmake_force_configure': False, 'cmake_target': None, 'cmake_target_skip_unavailable': False, 'install_base': '/home/ubuntu/ros_workspace/install/first_package_cpp', 'merge_install': False, 'path': '/home/ubuntu/ros_workspace/src/first_package_cpp', 'symlink_install': False, 'test_result_base': None}
[0.258s] Level 5:colcon.colcon_core.verb:set package 'ob_first_package_cpp' build argument 'cmake_args' from command line to 'None'
[0.258s] Level 5:colcon.colcon_core.verb:set package 'ob_first_package_cpp' build argument 'cmake_target' from command line to 'None'
[0.258s] Level 5:colcon.colcon_core.verb:set package 'ob_first_package_cpp' build argument 'cmake_target_skip_unavailable' from command line to 'False'
[0.258s] Level 5:colcon.colcon_core.verb:set package 'ob_first_package_cpp' build argument 'cmake_clean_cache' from command line to 'False'
[0.258s] Level 5:colcon.colcon_core.verb:set package 'ob_first_package_cpp' build argument 'cmake_clean_first' from command line to 'False'
[0.258s] Level 5:colcon.colcon_core.verb:set package 'ob_first_package_cpp' build argument 'cmake_force_configure' from command line to 'False'
[0.258s] Level 5:colcon.colcon_core.verb:set package 'ob_first_package_cpp' build argument 'ament_cmake_args' from command line to 'None'
[0.258s] Level 5:colcon.colcon_core.verb:set package 'ob_first_package_cpp' build argument 'catkin_cmake_args' from command line to 'None'
[0.258s] Level 5:colcon.colcon_core.verb:set package 'ob_first_package_cpp' build argument 'catkin_skip_building_tests' from command line to 'False'
[0.258s] DEBUG:colcon.colcon_core.verb:Building package 'ob_first_package_cpp' with the following arguments: {'ament_cmake_args': None, 'build_base': '/home/ubuntu/ros_workspace/build/ob_first_package_cpp', 'catkin_cmake_args': None, 'catkin_skip_building_tests': False, 'cmake_args': None, 'cmake_clean_cache': False, 'cmake_clean_first': False, 'cmake_force_configure': False, 'cmake_target': None, 'cmake_target_skip_unavailable': False, 'install_base': '/home/ubuntu/ros_workspace/install/ob_first_package_cpp', 'merge_install': False, 'path': '/home/ubuntu/ros_workspace/src/ob_first_package_cpp', 'symlink_install': False, 'test_result_base': None}
[0.258s] Level 5:colcon.colcon_core.verb:set package 'python_package' build argument 'cmake_args' from command line to 'None'
[0.259s] Level 5:colcon.colcon_core.verb:set package 'python_package' build argument 'cmake_target' from command line to 'None'
[0.259s] Level 5:colcon.colcon_core.verb:set package 'python_package' build argument 'cmake_target_skip_unavailable' from command line to 'False'
[0.259s] Level 5:colcon.colcon_core.verb:set package 'python_package' build argument 'cmake_clean_cache' from command line to 'False'
[0.259s] Level 5:colcon.colcon_core.verb:set package 'python_package' build argument 'cmake_clean_first' from command line to 'False'
[0.259s] Level 5:colcon.colcon_core.verb:set package 'python_package' build argument 'cmake_force_configure' from command line to 'False'
[0.259s] Level 5:colcon.colcon_core.verb:set package 'python_package' build argument 'ament_cmake_args' from command line to 'None'
[0.259s] Level 5:colcon.colcon_core.verb:set package 'python_package' build argument 'catkin_cmake_args' from command line to 'None'
[0.259s] Level 5:colcon.colcon_core.verb:set package 'python_package' build argument 'catkin_skip_building_tests' from command line to 'False'
[0.259s] DEBUG:colcon.colcon_core.verb:Building package 'python_package' with the following arguments: {'ament_cmake_args': None, 'build_base': '/home/ubuntu/ros_workspace/build/python_package', 'catkin_cmake_args': None, 'catkin_skip_building_tests': False, 'cmake_args': None, 'cmake_clean_cache': False, 'cmake_clean_first': False, 'cmake_force_configure': False, 'cmake_target': None, 'cmake_target_skip_unavailable': False, 'install_base': '/home/ubuntu/ros_workspace/install/python_package', 'merge_install': False, 'path': '/home/ubuntu/ros_workspace/src/python_package', 'symlink_install': False, 'test_result_base': None}
[0.259s] Level 5:colcon.colcon_core.verb:set package 'turtlesim_controller' build argument 'cmake_args' from command line to 'None'
[0.259s] Level 5:colcon.colcon_core.verb:set package 'turtlesim_controller' build argument 'cmake_target' from command line to 'None'
[0.259s] Level 5:colcon.colcon_core.verb:set package 'turtlesim_controller' build argument 'cmake_target_skip_unavailable' from command line to 'False'
[0.259s] Level 5:colcon.colcon_core.verb:set package 'turtlesim_controller' build argument 'cmake_clean_cache' from command line to 'False'
[0.259s] Level 5:colcon.colcon_core.verb:set package 'turtlesim_controller' build argument 'cmake_clean_first' from command line to 'False'
[0.259s] Level 5:colcon.colcon_core.verb:set package 'turtlesim_controller' build argument 'cmake_force_configure' from command line to 'False'
[0.259s] Level 5:colcon.colcon_core.verb:set package 'turtlesim_controller' build argument 'ament_cmake_args' from command line to 'None'
[0.259s] Level 5:colcon.colcon_core.verb:set package 'turtlesim_controller' build argument 'catkin_cmake_args' from command line to 'None'
[0.259s] Level 5:colcon.colcon_core.verb:set package 'turtlesim_controller' build argument 'catkin_skip_building_tests' from command line to 'False'
[0.259s] DEBUG:colcon.colcon_core.verb:Building package 'turtlesim_controller' with the following arguments: {'ament_cmake_args': None, 'build_base': '/home/ubuntu/ros_workspace/build/turtlesim_controller', 'catkin_cmake_args': None, 'catkin_skip_building_tests': False, 'cmake_args': None, 'cmake_clean_cache': False, 'cmake_clean_first': False, 'cmake_force_configure': False, 'cmake_target': None, 'cmake_target_skip_unavailable': False, 'install_base': '/home/ubuntu/ros_workspace/install/turtlesim_controller', 'merge_install': False, 'path': '/home/ubuntu/ros_workspace/src/turtlesim_controller', 'symlink_install': False, 'test_result_base': None}
[0.259s] INFO:colcon.colcon_core.executor:Executing jobs using 'parallel' executor
[0.261s] DEBUG:colcon.colcon_parallel_executor.executor.parallel:run_until_complete
[0.261s] INFO:colcon.colcon_ros.task.ament_cmake.build:Building ROS package in '/home/ubuntu/ros_workspace/src/cmake_package' with build type 'ament_cmake'
[0.262s] INFO:colcon.colcon_cmake.task.cmake.build:Building CMake package in '/home/ubuntu/ros_workspace/src/cmake_package'
[0.264s] INFO:colcon.colcon_core.plugin_system:Skipping extension 'colcon_core.shell.bat': Not used on non-Windows systems
[0.265s] INFO:colcon.colcon_core.shell:Skip shell extension 'powershell' for command environment: Not usable outside of PowerShell
[0.265s] DEBUG:colcon.colcon_core.shell:Skip shell extension 'dsv' for command environment
[0.273s] INFO:colcon.colcon_ros.task.ament_cmake.build:Building ROS package in '/home/ubuntu/ros_workspace/src/first_package_cpp' with build type 'ament_cmake'
[0.273s] INFO:colcon.colcon_cmake.task.cmake.build:Building CMake package in '/home/ubuntu/ros_workspace/src/first_package_cpp'
[0.274s] INFO:colcon.colcon_core.shell:Skip shell extension 'powershell' for command environment: Not usable outside of PowerShell
[0.274s] DEBUG:colcon.colcon_core.shell:Skip shell extension 'dsv' for command environment
[0.280s] INFO:colcon.colcon_ros.task.ament_cmake.build:Building ROS package in '/home/ubuntu/ros_workspace/src/ob_first_package_cpp' with build type 'ament_cmake'
[0.280s] INFO:colcon.colcon_cmake.task.cmake.build:Building CMake package in '/home/ubuntu/ros_workspace/src/ob_first_package_cpp'
[0.281s] INFO:colcon.colcon_core.shell:Skip shell extension 'powershell' for command environment: Not usable outside of PowerShell
[0.281s] DEBUG:colcon.colcon_core.shell:Skip shell extension 'dsv' for command environment
[0.290s] INFO:colcon.colcon_ros.task.ament_python.build:Building ROS package in '/home/ubuntu/ros_workspace/src/python_package' with build type 'ament_python'
[0.290s] Level 1:colcon.colcon_core.shell:create_environment_hook('python_package', 'ament_prefix_path')
[0.291s] INFO:colcon.colcon_core.shell:Creating environment hook '/home/ubuntu/ros_workspace/install/python_package/share/python_package/hook/ament_prefix_path.ps1'
[0.292s] INFO:colcon.colcon_core.shell:Creating environment descriptor '/home/ubuntu/ros_workspace/install/python_package/share/python_package/hook/ament_prefix_path.dsv'
[0.292s] INFO:colcon.colcon_core.shell:Creating environment hook '/home/ubuntu/ros_workspace/install/python_package/share/python_package/hook/ament_prefix_path.sh'
[0.293s] INFO:colcon.colcon_core.shell:Skip shell extension 'powershell' for command environment: Not usable outside of PowerShell
[0.294s] DEBUG:colcon.colcon_core.shell:Skip shell extension 'dsv' for command environment
[0.302s] INFO:colcon.colcon_ros.task.ament_cmake.build:Building ROS package in '/home/ubuntu/ros_workspace/src/turtlesim_controller' with build type 'ament_cmake'
[0.302s] INFO:colcon.colcon_cmake.task.cmake.build:Building CMake package in '/home/ubuntu/ros_workspace/src/turtlesim_controller'
[0.302s] INFO:colcon.colcon_core.shell:Skip shell extension 'powershell' for command environment: Not usable outside of PowerShell
[0.302s] DEBUG:colcon.colcon_core.shell:Skip shell extension 'dsv' for command environment
[0.318s] DEBUG:colcon.colcon_core.event_handler.log_command:Invoking command in '/home/ubuntu/ros_workspace/build/cmake_package': CMAKE_PREFIX_PATH=${CMAKE_PREFIX_PATH}:/home/ubuntu/ros_workspace/install/python_package:/opt/ros/jazzy /usr/bin/cmake --build /home/ubuntu/ros_workspace/build/cmake_package -- -j16 -l16
[0.325s] DEBUG:colcon.colcon_core.event_handler.log_command:Invoking command in '/home/ubuntu/ros_workspace/build/first_package_cpp': CMAKE_PREFIX_PATH=${CMAKE_PREFIX_PATH}:/home/ubuntu/ros_workspace/install/python_package:/opt/ros/jazzy /usr/bin/cmake --build /home/ubuntu/ros_workspace/build/first_package_cpp -- -j16 -l16
[0.328s] DEBUG:colcon.colcon_core.event_handler.log_command:Invoking command in '/home/ubuntu/ros_workspace/build/ob_first_package_cpp': CMAKE_PREFIX_PATH=${CMAKE_PREFIX_PATH}:/home/ubuntu/ros_workspace/install/python_package:/opt/ros/jazzy /usr/bin/cmake --build /home/ubuntu/ros_workspace/build/ob_first_package_cpp -- -j16 -l16
[0.607s] INFO:colcon.colcon_core.task.python.build:Building Python package in '/home/ubuntu/ros_workspace/src/python_package'
[0.607s] INFO:colcon.colcon_core.shell:Skip shell extension 'powershell' for command environment: Not usable outside of PowerShell
[0.607s] DEBUG:colcon.colcon_core.shell:Skip shell extension 'dsv' for command environment
[0.621s] DEBUG:colcon.colcon_core.event_handler.log_command:Invoked command in '/home/ubuntu/ros_workspace/build/cmake_package' returned '0': CMAKE_PREFIX_PATH=${CMAKE_PREFIX_PATH}:/home/ubuntu/ros_workspace/install/python_package:/opt/ros/jazzy /usr/bin/cmake --build /home/ubuntu/ros_workspace/build/cmake_package -- -j16 -l16
[0.642s] DEBUG:colcon.colcon_core.event_handler.log_command:Invoking command in '/home/ubuntu/ros_workspace/build/cmake_package': CMAKE_PREFIX_PATH=${CMAKE_PREFIX_PATH}:/home/ubuntu/ros_workspace/install/python_package:/opt/ros/jazzy /usr/bin/cmake --install /home/ubuntu/ros_workspace/build/cmake_package
[0.643s] DEBUG:colcon.colcon_core.event_handler.log_command:Invoked command in '/home/ubuntu/ros_workspace/build/first_package_cpp' returned '0': CMAKE_PREFIX_PATH=${CMAKE_PREFIX_PATH}:/home/ubuntu/ros_workspace/install/python_package:/opt/ros/jazzy /usr/bin/cmake --build /home/ubuntu/ros_workspace/build/first_package_cpp -- -j16 -l16
[0.645s] DEBUG:colcon.colcon_core.event_handler.log_command:Invoking command in '/home/ubuntu/ros_workspace/build/first_package_cpp': CMAKE_PREFIX_PATH=${CMAKE_PREFIX_PATH}:/home/ubuntu/ros_workspace/install/python_package:/opt/ros/jazzy /usr/bin/cmake --install /home/ubuntu/ros_workspace/build/first_package_cpp
[0.650s] DEBUG:colcon.colcon_core.event_handler.log_command:Invoking command in '/home/ubuntu/ros_workspace/build/turtlesim_controller': CMAKE_PREFIX_PATH=${CMAKE_PREFIX_PATH}:/home/ubuntu/ros_workspace/install/python_package:/opt/ros/jazzy /usr/bin/cmake --build /home/ubuntu/ros_workspace/build/turtlesim_controller -- -j16 -l16
[0.651s] DEBUG:colcon.colcon_core.event_handler.log_command:Invoked command in '/home/ubuntu/ros_workspace/build/ob_first_package_cpp' returned '0': CMAKE_PREFIX_PATH=${CMAKE_PREFIX_PATH}:/home/ubuntu/ros_workspace/install/python_package:/opt/ros/jazzy /usr/bin/cmake --build /home/ubuntu/ros_workspace/build/ob_first_package_cpp -- -j16 -l16
[0.653s] DEBUG:colcon.colcon_core.event_handler.log_command:Invoking command in '/home/ubuntu/ros_workspace/build/ob_first_package_cpp': CMAKE_PREFIX_PATH=${CMAKE_PREFIX_PATH}:/home/ubuntu/ros_workspace/install/python_package:/opt/ros/jazzy /usr/bin/cmake --install /home/ubuntu/ros_workspace/build/ob_first_package_cpp
[0.674s] Level 1:colcon.colcon_core.environment:create_environment_scripts_only(cmake_package)
[0.675s] DEBUG:colcon.colcon_core.event_handler.log_command:Invoked command in '/home/ubuntu/ros_workspace/build/cmake_package' returned '0': CMAKE_PREFIX_PATH=${CMAKE_PREFIX_PATH}:/home/ubuntu/ros_workspace/install/python_package:/opt/ros/jazzy /usr/bin/cmake --install /home/ubuntu/ros_workspace/build/cmake_package
[0.678s] Level 1:colcon.colcon_core.environment:checking '/home/ubuntu/ros_workspace/install/cmake_package' for CMake module files
[0.679s] Level 1:colcon.colcon_core.environment:checking '/home/ubuntu/ros_workspace/install/cmake_package' for CMake config files
[0.679s] Level 1:colcon.colcon_core.shell:create_environment_hook('cmake_package', 'cmake_prefix_path')
[0.679s] INFO:colcon.colcon_core.shell:Creating environment hook '/home/ubuntu/ros_workspace/install/cmake_package/share/cmake_package/hook/cmake_prefix_path.ps1'
[0.680s] INFO:colcon.colcon_core.shell:Creating environment descriptor '/home/ubuntu/ros_workspace/install/cmake_package/share/cmake_package/hook/cmake_prefix_path.dsv'
[0.680s] INFO:colcon.colcon_core.shell:Creating environment hook '/home/ubuntu/ros_workspace/install/cmake_package/share/cmake_package/hook/cmake_prefix_path.sh'
[0.681s] Level 1:colcon.colcon_core.environment:checking '/home/ubuntu/ros_workspace/install/cmake_package/bin'
[0.681s] Level 1:colcon.colcon_core.environment:checking '/home/ubuntu/ros_workspace/install/cmake_package/lib/pkgconfig/cmake_package.pc'
[0.681s] Level 1:colcon.colcon_core.environment:checking '/home/ubuntu/ros_workspace/install/cmake_package/lib/python3.12/site-packages'
[0.682s] Level 1:colcon.colcon_core.environment:checking '/home/ubuntu/ros_workspace/install/cmake_package/bin'
[0.682s] INFO:colcon.colcon_core.shell:Creating package script '/home/ubuntu/ros_workspace/install/cmake_package/share/cmake_package/package.ps1'
[0.683s] INFO:colcon.colcon_core.shell:Creating package descriptor '/home/ubuntu/ros_workspace/install/cmake_package/share/cmake_package/package.dsv'
[0.683s] INFO:colcon.colcon_core.shell:Creating package script '/home/ubuntu/ros_workspace/install/cmake_package/share/cmake_package/package.sh'
[0.684s] INFO:colcon.colcon_core.shell:Creating package script '/home/ubuntu/ros_workspace/install/cmake_package/share/cmake_package/package.bash'
[0.684s] INFO:colcon.colcon_core.shell:Creating package script '/home/ubuntu/ros_workspace/install/cmake_package/share/cmake_package/package.zsh'
[0.685s] Level 1:colcon.colcon_core.environment:create_file_with_runtime_dependencies(/home/ubuntu/ros_workspace/install/cmake_package/share/colcon-core/packages/cmake_package)
[0.686s] Level 1:colcon.colcon_core.environment:create_environment_scripts_only(cmake_package)
[0.686s] Level 1:colcon.colcon_core.environment:checking '/home/ubuntu/ros_workspace/install/cmake_package' for CMake module files
[0.686s] Level 1:colcon.colcon_core.environment:checking '/home/ubuntu/ros_workspace/install/cmake_package' for CMake config files
[0.687s] Level 1:colcon.colcon_core.shell:create_environment_hook('cmake_package', 'cmake_prefix_path')
[0.687s] INFO:colcon.colcon_core.shell:Creating environment hook '/home/ubuntu/ros_workspace/install/cmake_package/share/cmake_package/hook/cmake_prefix_path.ps1'
[0.687s] INFO:colcon.colcon_core.shell:Creating environment descriptor '/home/ubuntu/ros_workspace/install/cmake_package/share/cmake_package/hook/cmake_prefix_path.dsv'
[0.688s] INFO:colcon.colcon_core.shell:Creating environment hook '/home/ubuntu/ros_workspace/install/cmake_package/share/cmake_package/hook/cmake_prefix_path.sh'
[0.688s] Level 1:colcon.colcon_core.environment:checking '/home/ubuntu/ros_workspace/install/cmake_package/bin'
[0.689s] Level 1:colcon.colcon_core.environment:checking '/home/ubuntu/ros_workspace/install/cmake_package/lib/pkgconfig/cmake_package.pc'
[0.689s] Level 1:colcon.colcon_core.environment:checking '/home/ubuntu/ros_workspace/install/cmake_package/lib/python3.12/site-packages'
[0.689s] Level 1:colcon.colcon_core.environment:checking '/home/ubuntu/ros_workspace/install/cmake_package/bin'
[0.689s] INFO:colcon.colcon_core.shell:Creating package script '/home/ubuntu/ros_workspace/install/cmake_package/share/cmake_package/package.ps1'
[0.690s] INFO:colcon.colcon_core.shell:Creating package descriptor '/home/ubuntu/ros_workspace/install/cmake_package/share/cmake_package/package.dsv'
[0.690s] INFO:colcon.colcon_core.shell:Creating package script '/home/ubuntu/ros_workspace/install/cmake_package/share/cmake_package/package.sh'
[0.691s] INFO:colcon.colcon_core.shell:Creating package script '/home/ubuntu/ros_workspace/install/cmake_package/share/cmake_package/package.bash'
[0.691s] INFO:colcon.colcon_core.shell:Creating package script '/home/ubuntu/ros_workspace/install/cmake_package/share/cmake_package/package.zsh'
[0.692s] Level 1:colcon.colcon_core.environment:create_file_with_runtime_dependencies(/home/ubuntu/ros_workspace/install/cmake_package/share/colcon-core/packages/cmake_package)
[0.692s] Level 1:colcon.colcon_core.environment:create_environment_scripts_only(first_package_cpp)
[0.693s] Level 1:colcon.colcon_core.environment:checking '/home/ubuntu/ros_workspace/install/first_package_cpp' for CMake module files
[0.695s] DEBUG:colcon.colcon_core.event_handler.log_command:Invoked command in '/home/ubuntu/ros_workspace/build/first_package_cpp' returned '0': CMAKE_PREFIX_PATH=${CMAKE_PREFIX_PATH}:/home/ubuntu/ros_workspace/install/python_package:/opt/ros/jazzy /usr/bin/cmake --install /home/ubuntu/ros_workspace/build/first_package_cpp
[0.696s] Level 1:colcon.colcon_core.environment:checking '/home/ubuntu/ros_workspace/install/first_package_cpp' for CMake config files
[0.696s] Level 1:colcon.colcon_core.shell:create_environment_hook('first_package_cpp', 'cmake_prefix_path')
[0.696s] INFO:colcon.colcon_core.shell:Creating environment hook '/home/ubuntu/ros_workspace/install/first_package_cpp/share/first_package_cpp/hook/cmake_prefix_path.ps1'
[0.697s] INFO:colcon.colcon_core.shell:Creating environment descriptor '/home/ubuntu/ros_workspace/install/first_package_cpp/share/first_package_cpp/hook/cmake_prefix_path.dsv'
[0.698s] INFO:colcon.colcon_core.shell:Creating environment hook '/home/ubuntu/ros_workspace/install/first_package_cpp/share/first_package_cpp/hook/cmake_prefix_path.sh'
[0.698s] Level 1:colcon.colcon_core.environment:checking '/home/ubuntu/ros_workspace/install/first_package_cpp/lib'
[0.699s] Level 1:colcon.colcon_core.environment:checking '/home/ubuntu/ros_workspace/install/first_package_cpp/bin'
[0.699s] Level 1:colcon.colcon_core.environment:checking '/home/ubuntu/ros_workspace/install/first_package_cpp/lib/pkgconfig/first_package_cpp.pc'
[0.699s] Level 1:colcon.colcon_core.environment:checking '/home/ubuntu/ros_workspace/install/first_package_cpp/lib/python3.12/site-packages'
[0.699s] Level 1:colcon.colcon_core.environment:checking '/home/ubuntu/ros_workspace/install/first_package_cpp/bin'
[0.700s] INFO:colcon.colcon_core.shell:Creating package script '/home/ubuntu/ros_workspace/install/first_package_cpp/share/first_package_cpp/package.ps1'
[0.700s] INFO:colcon.colcon_core.shell:Creating package descriptor '/home/ubuntu/ros_workspace/install/first_package_cpp/share/first_package_cpp/package.dsv'
[0.701s] INFO:colcon.colcon_core.shell:Creating package script '/home/ubuntu/ros_workspace/install/first_package_cpp/share/first_package_cpp/package.sh'
[0.701s] INFO:colcon.colcon_core.shell:Creating package script '/home/ubuntu/ros_workspace/install/first_package_cpp/share/first_package_cpp/package.bash'
[0.702s] INFO:colcon.colcon_core.shell:Creating package script '/home/ubuntu/ros_workspace/install/first_package_cpp/share/first_package_cpp/package.zsh'
[0.703s] Level 1:colcon.colcon_core.environment:create_file_with_runtime_dependencies(/home/ubuntu/ros_workspace/install/first_package_cpp/share/colcon-core/packages/first_package_cpp)
[0.703s] Level 1:colcon.colcon_core.environment:create_environment_scripts_only(first_package_cpp)
[0.704s] Level 1:colcon.colcon_core.environment:checking '/home/ubuntu/ros_workspace/install/first_package_cpp' for CMake module files
[0.704s] Level 1:colcon.colcon_core.environment:checking '/home/ubuntu/ros_workspace/install/first_package_cpp' for CMake config files
[0.705s] Level 1:colcon.colcon_core.shell:create_environment_hook('first_package_cpp', 'cmake_prefix_path')
[0.705s] INFO:colcon.colcon_core.shell:Creating environment hook '/home/ubuntu/ros_workspace/install/first_package_cpp/share/first_package_cpp/hook/cmake_prefix_path.ps1'
[0.705s] INFO:colcon.colcon_core.shell:Creating environment descriptor '/home/ubuntu/ros_workspace/install/first_package_cpp/share/first_package_cpp/hook/cmake_prefix_path.dsv'
[0.706s] INFO:colcon.colcon_core.shell:Creating environment hook '/home/ubuntu/ros_workspace/install/first_package_cpp/share/first_package_cpp/hook/cmake_prefix_path.sh'
[0.706s] Level 1:colcon.colcon_core.environment:checking '/home/ubuntu/ros_workspace/install/first_package_cpp/lib'
[0.707s] Level 1:colcon.colcon_core.environment:checking '/home/ubuntu/ros_workspace/install/first_package_cpp/bin'
[0.707s] Level 1:colcon.colcon_core.environment:checking '/home/ubuntu/ros_workspace/install/first_package_cpp/lib/pkgconfig/first_package_cpp.pc'
[0.707s] Level 1:colcon.colcon_core.environment:checking '/home/ubuntu/ros_workspace/install/first_package_cpp/lib/python3.12/site-packages'
[0.707s] Level 1:colcon.colcon_core.environment:checking '/home/ubuntu/ros_workspace/install/first_package_cpp/bin'
[0.707s] INFO:colcon.colcon_core.shell:Creating package script '/home/ubuntu/ros_workspace/install/first_package_cpp/share/first_package_cpp/package.ps1'
[0.708s] INFO:colcon.colcon_core.shell:Creating package descriptor '/home/ubuntu/ros_workspace/install/first_package_cpp/share/first_package_cpp/package.dsv'
[0.709s] INFO:colcon.colcon_core.shell:Creating package script '/home/ubuntu/ros_workspace/install/first_package_cpp/share/first_package_cpp/package.sh'
[0.709s] INFO:colcon.colcon_core.shell:Creating package script '/home/ubuntu/ros_workspace/install/first_package_cpp/share/first_package_cpp/package.bash'
[0.710s] INFO:colcon.colcon_core.shell:Creating package script '/home/ubuntu/ros_workspace/install/first_package_cpp/share/first_package_cpp/package.zsh'
[0.711s] Level 1:colcon.colcon_core.environment:create_file_with_runtime_dependencies(/home/ubuntu/ros_workspace/install/first_package_cpp/share/colcon-core/packages/first_package_cpp)
[0.712s] Level 1:colcon.colcon_core.environment:create_environment_scripts_only(ob_first_package_cpp)
[0.712s] Level 1:colcon.colcon_core.environment:checking '/home/ubuntu/ros_workspace/install/ob_first_package_cpp' for CMake module files
[0.714s] DEBUG:colcon.colcon_core.event_handler.log_command:Invoked command in '/home/ubuntu/ros_workspace/build/ob_first_package_cpp' returned '0': CMAKE_PREFIX_PATH=${CMAKE_PREFIX_PATH}:/home/ubuntu/ros_workspace/install/python_package:/opt/ros/jazzy /usr/bin/cmake --install /home/ubuntu/ros_workspace/build/ob_first_package_cpp
[0.714s] Level 1:colcon.colcon_core.environment:checking '/home/ubuntu/ros_workspace/install/ob_first_package_cpp' for CMake config files
[0.715s] Level 1:colcon.colcon_core.shell:create_environment_hook('ob_first_package_cpp', 'cmake_prefix_path')
[0.715s] INFO:colcon.colcon_core.shell:Creating environment hook '/home/ubuntu/ros_workspace/install/ob_first_package_cpp/share/ob_first_package_cpp/hook/cmake_prefix_path.ps1'
[0.716s] INFO:colcon.colcon_core.shell:Creating environment descriptor '/home/ubuntu/ros_workspace/install/ob_first_package_cpp/share/ob_first_package_cpp/hook/cmake_prefix_path.dsv'
[0.716s] INFO:colcon.colcon_core.shell:Creating environment hook '/home/ubuntu/ros_workspace/install/ob_first_package_cpp/share/ob_first_package_cpp/hook/cmake_prefix_path.sh'
[0.717s] Level 1:colcon.colcon_core.environment:checking '/home/ubuntu/ros_workspace/install/ob_first_package_cpp/lib'
[0.717s] Level 1:colcon.colcon_core.environment:checking '/home/ubuntu/ros_workspace/install/ob_first_package_cpp/bin'
[0.717s] Level 1:colcon.colcon_core.environment:checking '/home/ubuntu/ros_workspace/install/ob_first_package_cpp/lib/pkgconfig/ob_first_package_cpp.pc'
[0.717s] Level 1:colcon.colcon_core.environment:checking '/home/ubuntu/ros_workspace/install/ob_first_package_cpp/lib/python3.12/site-packages'
[0.717s] Level 1:colcon.colcon_core.environment:checking '/home/ubuntu/ros_workspace/install/ob_first_package_cpp/bin'
[0.718s] INFO:colcon.colcon_core.shell:Creating package script '/home/ubuntu/ros_workspace/install/ob_first_package_cpp/share/ob_first_package_cpp/package.ps1'
[0.718s] INFO:colcon.colcon_core.shell:Creating package descriptor '/home/ubuntu/ros_workspace/install/ob_first_package_cpp/share/ob_first_package_cpp/package.dsv'
[0.719s] INFO:colcon.colcon_core.shell:Creating package script '/home/ubuntu/ros_workspace/install/ob_first_package_cpp/share/ob_first_package_cpp/package.sh'
[0.720s] INFO:colcon.colcon_core.shell:Creating package script '/home/ubuntu/ros_workspace/install/ob_first_package_cpp/share/ob_first_package_cpp/package.bash'
[0.720s] INFO:colcon.colcon_core.shell:Creating package script '/home/ubuntu/ros_workspace/install/ob_first_package_cpp/share/ob_first_package_cpp/package.zsh'
[0.721s] Level 1:colcon.colcon_core.environment:create_file_with_runtime_dependencies(/home/ubuntu/ros_workspace/install/ob_first_package_cpp/share/colcon-core/packages/ob_first_package_cpp)
[0.722s] Level 1:colcon.colcon_core.environment:create_environment_scripts_only(ob_first_package_cpp)
[0.722s] Level 1:colcon.colcon_core.environment:checking '/home/ubuntu/ros_workspace/install/ob_first_package_cpp' for CMake module files
[0.723s] Level 1:colcon.colcon_core.environment:checking '/home/ubuntu/ros_workspace/install/ob_first_package_cpp' for CMake config files
[0.724s] Level 1:colcon.colcon_core.shell:create_environment_hook('ob_first_package_cpp', 'cmake_prefix_path')
[0.724s] INFO:colcon.colcon_core.shell:Creating environment hook '/home/ubuntu/ros_workspace/install/ob_first_package_cpp/share/ob_first_package_cpp/hook/cmake_prefix_path.ps1'
[0.725s] INFO:colcon.colcon_core.shell:Creating environment descriptor '/home/ubuntu/ros_workspace/install/ob_first_package_cpp/share/ob_first_package_cpp/hook/cmake_prefix_path.dsv'
[0.726s] INFO:colcon.colcon_core.shell:Creating environment hook '/home/ubuntu/ros_workspace/install/ob_first_package_cpp/share/ob_first_package_cpp/hook/cmake_prefix_path.sh'
[0.727s] Level 1:colcon.colcon_core.environment:checking '/home/ubuntu/ros_workspace/install/ob_first_package_cpp/lib'
[0.727s] Level 1:colcon.colcon_core.environment:checking '/home/ubuntu/ros_workspace/install/ob_first_package_cpp/bin'
[0.727s] Level 1:colcon.colcon_core.environment:checking '/home/ubuntu/ros_workspace/install/ob_first_package_cpp/lib/pkgconfig/ob_first_package_cpp.pc'
[0.727s] Level 1:colcon.colcon_core.environment:checking '/home/ubuntu/ros_workspace/install/ob_first_package_cpp/lib/python3.12/site-packages'
[0.727s] Level 1:colcon.colcon_core.environment:checking '/home/ubuntu/ros_workspace/install/ob_first_package_cpp/bin'
[0.728s] INFO:colcon.colcon_core.shell:Creating package script '/home/ubuntu/ros_workspace/install/ob_first_package_cpp/share/ob_first_package_cpp/package.ps1'
[0.728s] INFO:colcon.colcon_core.shell:Creating package descriptor '/home/ubuntu/ros_workspace/install/ob_first_package_cpp/share/ob_first_package_cpp/package.dsv'
[0.729s] INFO:colcon.colcon_core.shell:Creating package script '/home/ubuntu/ros_workspace/install/ob_first_package_cpp/share/ob_first_package_cpp/package.sh'
[0.729s] INFO:colcon.colcon_core.shell:Creating package script '/home/ubuntu/ros_workspace/install/ob_first_package_cpp/share/ob_first_package_cpp/package.bash'
[0.730s] INFO:colcon.colcon_core.shell:Creating package script '/home/ubuntu/ros_workspace/install/ob_first_package_cpp/share/ob_first_package_cpp/package.zsh'
[0.730s] Level 1:colcon.colcon_core.environment:create_file_with_runtime_dependencies(/home/ubuntu/ros_workspace/install/ob_first_package_cpp/share/colcon-core/packages/ob_first_package_cpp)
[0.803s] DEBUG:colcon.colcon_core.event_handler.log_command:Invoked command in '/home/ubuntu/ros_workspace/build/turtlesim_controller' returned '0': CMAKE_PREFIX_PATH=${CMAKE_PREFIX_PATH}:/home/ubuntu/ros_workspace/install/python_package:/opt/ros/jazzy /usr/bin/cmake --build /home/ubuntu/ros_workspace/build/turtlesim_controller -- -j16 -l16
[0.804s] DEBUG:colcon.colcon_core.event_handler.log_command:Invoking command in '/home/ubuntu/ros_workspace/build/turtlesim_controller': CMAKE_PREFIX_PATH=${CMAKE_PREFIX_PATH}:/home/ubuntu/ros_workspace/install/python_package:/opt/ros/jazzy /usr/bin/cmake --install /home/ubuntu/ros_workspace/build/turtlesim_controller
[0.826s] Level 1:colcon.colcon_core.environment:create_environment_scripts_only(turtlesim_controller)
[0.826s] Level 1:colcon.colcon_core.environment:checking '/home/ubuntu/ros_workspace/install/turtlesim_controller' for CMake module files
[0.827s] DEBUG:colcon.colcon_core.event_handler.log_command:Invoked command in '/home/ubuntu/ros_workspace/build/turtlesim_controller' returned '0': CMAKE_PREFIX_PATH=${CMAKE_PREFIX_PATH}:/home/ubuntu/ros_workspace/install/python_package:/opt/ros/jazzy /usr/bin/cmake --install /home/ubuntu/ros_workspace/build/turtlesim_controller
[0.828s] Level 1:colcon.colcon_core.environment:checking '/home/ubuntu/ros_workspace/install/turtlesim_controller' for CMake config files
[0.828s] Level 1:colcon.colcon_core.shell:create_environment_hook('turtlesim_controller', 'cmake_prefix_path')
[0.829s] INFO:colcon.colcon_core.shell:Creating environment hook '/home/ubuntu/ros_workspace/install/turtlesim_controller/share/turtlesim_controller/hook/cmake_prefix_path.ps1'
[0.829s] INFO:colcon.colcon_core.shell:Creating environment descriptor '/home/ubuntu/ros_workspace/install/turtlesim_controller/share/turtlesim_controller/hook/cmake_prefix_path.dsv'
[0.830s] INFO:colcon.colcon_core.shell:Creating environment hook '/home/ubuntu/ros_workspace/install/turtlesim_controller/share/turtlesim_controller/hook/cmake_prefix_path.sh'
[0.830s] Level 1:colcon.colcon_core.environment:checking '/home/ubuntu/ros_workspace/install/turtlesim_controller/lib'
[0.830s] Level 1:colcon.colcon_core.environment:checking '/home/ubuntu/ros_workspace/install/turtlesim_controller/bin'
[0.830s] Level 1:colcon.colcon_core.environment:checking '/home/ubuntu/ros_workspace/install/turtlesim_controller/lib/pkgconfig/turtlesim_controller.pc'
[0.831s] Level 1:colcon.colcon_core.environment:checking '/home/ubuntu/ros_workspace/install/turtlesim_controller/lib/python3.12/site-packages'
[0.831s] Level 1:colcon.colcon_core.environment:checking '/home/ubuntu/ros_workspace/install/turtlesim_controller/bin'
[0.831s] INFO:colcon.colcon_core.shell:Creating package script '/home/ubuntu/ros_workspace/install/turtlesim_controller/share/turtlesim_controller/package.ps1'
[0.831s] INFO:colcon.colcon_core.shell:Creating package descriptor '/home/ubuntu/ros_workspace/install/turtlesim_controller/share/turtlesim_controller/package.dsv'
[0.832s] INFO:colcon.colcon_core.shell:Creating package script '/home/ubuntu/ros_workspace/install/turtlesim_controller/share/turtlesim_controller/package.sh'
[0.832s] INFO:colcon.colcon_core.shell:Creating package script '/home/ubuntu/ros_workspace/install/turtlesim_controller/share/turtlesim_controller/package.bash'
[0.833s] INFO:colcon.colcon_core.shell:Creating package script '/home/ubuntu/ros_workspace/install/turtlesim_controller/share/turtlesim_controller/package.zsh'
[0.833s] Level 1:colcon.colcon_core.environment:create_file_with_runtime_dependencies(/home/ubuntu/ros_workspace/install/turtlesim_controller/share/colcon-core/packages/turtlesim_controller)
[0.834s] Level 1:colcon.colcon_core.environment:create_environment_scripts_only(turtlesim_controller)
[0.834s] Level 1:colcon.colcon_core.environment:checking '/home/ubuntu/ros_workspace/install/turtlesim_controller' for CMake module files
[0.834s] Level 1:colcon.colcon_core.environment:checking '/home/ubuntu/ros_workspace/install/turtlesim_controller' for CMake config files
[0.835s] Level 1:colcon.colcon_core.shell:create_environment_hook('turtlesim_controller', 'cmake_prefix_path')
[0.835s] INFO:colcon.colcon_core.shell:Creating environment hook '/home/ubuntu/ros_workspace/install/turtlesim_controller/share/turtlesim_controller/hook/cmake_prefix_path.ps1'
[0.856s] INFO:colcon.colcon_core.shell:Creating environment descriptor '/home/ubuntu/ros_workspace/install/turtlesim_controller/share/turtlesim_controller/hook/cmake_prefix_path.dsv'
[0.857s] INFO:colcon.colcon_core.shell:Creating environment hook '/home/ubuntu/ros_workspace/install/turtlesim_controller/share/turtlesim_controller/hook/cmake_prefix_path.sh'
[0.857s] Level 1:colcon.colcon_core.environment:checking '/home/ubuntu/ros_workspace/install/turtlesim_controller/lib'
[0.858s] Level 1:colcon.colcon_core.environment:checking '/home/ubuntu/ros_workspace/install/turtlesim_controller/bin'
[0.858s] Level 1:colcon.colcon_core.environment:checking '/home/ubuntu/ros_workspace/install/turtlesim_controller/lib/pkgconfig/turtlesim_controller.pc'
[0.858s] Level 1:colcon.colcon_core.environment:checking '/home/ubuntu/ros_workspace/install/turtlesim_controller/lib/python3.12/site-packages'
[0.858s] Level 1:colcon.colcon_core.environment:checking '/home/ubuntu/ros_workspace/install/turtlesim_controller/bin'
[0.858s] INFO:colcon.colcon_core.shell:Creating package script '/home/ubuntu/ros_workspace/install/turtlesim_controller/share/turtlesim_controller/package.ps1'
[0.859s] INFO:colcon.colcon_core.shell:Creating package descriptor '/home/ubuntu/ros_workspace/install/turtlesim_controller/share/turtlesim_controller/package.dsv'
[0.859s] INFO:colcon.colcon_core.shell:Creating package script '/home/ubuntu/ros_workspace/install/turtlesim_controller/share/turtlesim_controller/package.sh'
[0.860s] INFO:colcon.colcon_core.shell:Creating package script '/home/ubuntu/ros_workspace/install/turtlesim_controller/share/turtlesim_controller/package.bash'
[0.860s] INFO:colcon.colcon_core.shell:Creating package script '/home/ubuntu/ros_workspace/install/turtlesim_controller/share/turtlesim_controller/package.zsh'
[0.861s] Level 1:colcon.colcon_core.environment:create_file_with_runtime_dependencies(/home/ubuntu/ros_workspace/install/turtlesim_controller/share/colcon-core/packages/turtlesim_controller)
[1.290s] DEBUG:colcon.colcon_core.event_handler.log_command:Invoking command in '/home/ubuntu/ros_workspace/src/python_package': PYTHONPATH=/home/ubuntu/ros_workspace/build/python_package/prefix_override:/usr/lib/python3/dist-packages/colcon_core/task/python/colcon_distutils_commands:/home/ubuntu/ros_workspace/install/python_package/lib/python3.12/site-packages:${PYTHONPATH} /usr/bin/python3 -W ignore:setup.py install is deprecated -W ignore:easy_install command is deprecated setup.py egg_info --egg-base ../../build/python_package build --build-base /home/ubuntu/ros_workspace/build/python_package/build install --record /home/ubuntu/ros_workspace/build/python_package/install.log --single-version-externally-managed install_data
[1.896s] Level 1:colcon.colcon_core.environment:checking '/home/ubuntu/ros_workspace/install/python_package' for CMake module files
[1.898s] Level 1:colcon.colcon_core.environment:checking '/home/ubuntu/ros_workspace/install/python_package' for CMake config files
[1.898s] DEBUG:colcon.colcon_core.event_handler.log_command:Invoked command in '/home/ubuntu/ros_workspace/src/python_package' returned '0': PYTHONPATH=/home/ubuntu/ros_workspace/build/python_package/prefix_override:/usr/lib/python3/dist-packages/colcon_core/task/python/colcon_distutils_commands:/home/ubuntu/ros_workspace/install/python_package/lib/python3.12/site-packages:${PYTHONPATH} /usr/bin/python3 -W ignore:setup.py install is deprecated -W ignore:easy_install command is deprecated setup.py egg_info --egg-base ../../build/python_package build --build-base /home/ubuntu/ros_workspace/build/python_package/build install --record /home/ubuntu/ros_workspace/build/python_package/install.log --single-version-externally-managed install_data
[1.899s] Level 1:colcon.colcon_core.environment:checking '/home/ubuntu/ros_workspace/install/python_package/lib'
[1.899s] Level 1:colcon.colcon_core.environment:checking '/home/ubuntu/ros_workspace/install/python_package/bin'
[1.899s] Level 1:colcon.colcon_core.environment:checking '/home/ubuntu/ros_workspace/install/python_package/lib/pkgconfig/python_package.pc'
[1.899s] Level 1:colcon.colcon_core.environment:checking '/home/ubuntu/ros_workspace/install/python_package/lib/python3.12/site-packages'
[1.899s] Level 1:colcon.colcon_core.shell:create_environment_hook('python_package', 'pythonpath')
[1.900s] INFO:colcon.colcon_core.shell:Creating environment hook '/home/ubuntu/ros_workspace/install/python_package/share/python_package/hook/pythonpath.ps1'
[1.900s] INFO:colcon.colcon_core.shell:Creating environment descriptor '/home/ubuntu/ros_workspace/install/python_package/share/python_package/hook/pythonpath.dsv'
[1.901s] INFO:colcon.colcon_core.shell:Creating environment hook '/home/ubuntu/ros_workspace/install/python_package/share/python_package/hook/pythonpath.sh'
[1.901s] Level 1:colcon.colcon_core.environment:checking '/home/ubuntu/ros_workspace/install/python_package/bin'
[1.901s] Level 1:colcon.colcon_core.environment:create_environment_scripts_only(python_package)
[1.902s] INFO:colcon.colcon_core.shell:Creating package script '/home/ubuntu/ros_workspace/install/python_package/share/python_package/package.ps1'
[1.902s] INFO:colcon.colcon_core.shell:Creating package descriptor '/home/ubuntu/ros_workspace/install/python_package/share/python_package/package.dsv'
[1.903s] INFO:colcon.colcon_core.shell:Creating package script '/home/ubuntu/ros_workspace/install/python_package/share/python_package/package.sh'
[1.903s] INFO:colcon.colcon_core.shell:Creating package script '/home/ubuntu/ros_workspace/install/python_package/share/python_package/package.bash'
[1.903s] INFO:colcon.colcon_core.shell:Creating package script '/home/ubuntu/ros_workspace/install/python_package/share/python_package/package.zsh'
[1.904s] Level 1:colcon.colcon_core.environment:create_file_with_runtime_dependencies(/home/ubuntu/ros_workspace/install/python_package/share/colcon-core/packages/python_package)
[1.904s] DEBUG:colcon.colcon_parallel_executor.executor.parallel:closing loop
[1.905s] DEBUG:colcon.colcon_parallel_executor.executor.parallel:loop closed
[1.905s] DEBUG:colcon.colcon_parallel_executor.executor.parallel:run_until_complete finished with '0'
[1.906s] DEBUG:colcon.colcon_core.event_reactor:joining thread
[1.914s] INFO:colcon.colcon_core.plugin_system:Skipping extension 'colcon_notification.desktop_notification.notify_send': Could not find 'notify-send'
[1.915s] INFO:colcon.colcon_core.plugin_system:Skipping extension 'colcon_notification.desktop_notification.terminal_notifier': Not used on non-Darwin systems
[1.915s] INFO:colcon.colcon_core.plugin_system:Skipping extension 'colcon_notification.desktop_notification.win32': Not used on non-Windows systems
[1.915s] INFO:colcon.colcon_notification.desktop_notification:Sending desktop notification using 'notify2'
[1.919s] DEBUG:colcon.colcon_notification.desktop_notification.notify2:Failed to initialize notify2: org.freedesktop.DBus.Error.Spawn.ExecFailed: /usr/bin/dbus-launch terminated abnormally without any error message
[1.920s] DEBUG:colcon.colcon_core.event_reactor:joined thread
[1.920s] INFO:colcon.colcon_core.shell:Creating prefix script '/home/ubuntu/ros_workspace/install/local_setup.ps1'
[1.922s] INFO:colcon.colcon_core.shell:Creating prefix util module '/home/ubuntu/ros_workspace/install/_local_setup_util_ps1.py'
[1.923s] INFO:colcon.colcon_core.shell:Creating prefix chain script '/home/ubuntu/ros_workspace/install/setup.ps1'
[1.926s] INFO:colcon.colcon_core.shell:Creating prefix script '/home/ubuntu/ros_workspace/install/local_setup.sh'
[1.927s] INFO:colcon.colcon_core.shell:Creating prefix util module '/home/ubuntu/ros_workspace/install/_local_setup_util_sh.py'
[1.928s] INFO:colcon.colcon_core.shell:Creating prefix chain script '/home/ubuntu/ros_workspace/install/setup.sh'
[1.929s] INFO:colcon.colcon_core.shell:Creating prefix script '/home/ubuntu/ros_workspace/install/local_setup.bash'
[1.930s] INFO:colcon.colcon_core.shell:Creating prefix chain script '/home/ubuntu/ros_workspace/install/setup.bash'
[1.931s] INFO:colcon.colcon_core.shell:Creating prefix script '/home/ubuntu/ros_workspace/install/local_setup.zsh'
[1.931s] INFO:colcon.colcon_core.shell:Creating prefix chain script '/home/ubuntu/ros_workspace/install/setup.zsh'
