[0.769s] Invoking command in '/home/ubuntu/ros_workspace/src/robot_custom_msgs': PYTHONPATH=/home/ubuntu/ros_workspace/build/robot_custom_msgs/prefix_override:/usr/lib/python3/dist-packages/colcon_core/task/python/colcon_distutils_commands:/home/ubuntu/ros_workspace/install/robot_custom_msgs/lib/python3.12/site-packages:${PYTHONPATH} /usr/bin/python3 -W ignore:setup.py install is deprecated -W ignore:easy_install command is deprecated setup.py egg_info --egg-base ../../build/robot_custom_msgs build --build-base /home/ubuntu/ros_workspace/build/robot_custom_msgs/build install --record /home/ubuntu/ros_workspace/build/robot_custom_msgs/install.log --single-version-externally-managed install_data
[1.012s] running egg_info
[1.012s] creating ../../build/robot_custom_msgs/robot_custom_msgs.egg-info
[1.029s] writing ../../build/robot_custom_msgs/robot_custom_msgs.egg-info/PKG-INFO
[1.029s] writing dependency_links to ../../build/robot_custom_msgs/robot_custom_msgs.egg-info/dependency_links.txt
[1.029s] writing requirements to ../../build/robot_custom_msgs/robot_custom_msgs.egg-info/requires.txt
[1.029s] writing top-level names to ../../build/robot_custom_msgs/robot_custom_msgs.egg-info/top_level.txt
[1.029s] writing manifest file '../../build/robot_custom_msgs/robot_custom_msgs.egg-info/SOURCES.txt'
[1.064s] reading manifest file '../../build/robot_custom_msgs/robot_custom_msgs.egg-info/SOURCES.txt'
[1.065s] writing manifest file '../../build/robot_custom_msgs/robot_custom_msgs.egg-info/SOURCES.txt'
[1.065s] running build
[1.065s] running build_py
[1.065s] creating /home/ubuntu/ros_workspace/build/robot_custom_msgs/build
[1.066s] creating /home/ubuntu/ros_workspace/build/robot_custom_msgs/build/lib
[1.067s] creating /home/ubuntu/ros_workspace/build/robot_custom_msgs/build/lib/robot_custom_msgs
[1.069s] copying robot_custom_msgs/__init__.py -> /home/ubuntu/ros_workspace/build/robot_custom_msgs/build/lib/robot_custom_msgs
[1.069s] running install
[1.080s] running install_lib
[1.099s] creating /home/ubuntu/ros_workspace/install/robot_custom_msgs/lib/python3.12/site-packages/robot_custom_msgs
[1.099s] copying /home/ubuntu/ros_workspace/build/robot_custom_msgs/build/lib/robot_custom_msgs/__init__.py -> /home/ubuntu/ros_workspace/install/robot_custom_msgs/lib/python3.12/site-packages/robot_custom_msgs
[1.100s] byte-compiling /home/ubuntu/ros_workspace/install/robot_custom_msgs/lib/python3.12/site-packages/robot_custom_msgs/__init__.py to __init__.cpython-312.pyc
[1.101s] running install_data
[1.101s] creating /home/ubuntu/ros_workspace/install/robot_custom_msgs/share/ament_index
[1.102s] creating /home/ubuntu/ros_workspace/install/robot_custom_msgs/share/ament_index/resource_index
[1.102s] creating /home/ubuntu/ros_workspace/install/robot_custom_msgs/share/ament_index/resource_index/packages
[1.103s] copying resource/robot_custom_msgs -> /home/ubuntu/ros_workspace/install/robot_custom_msgs/share/ament_index/resource_index/packages
[1.103s] copying package.xml -> /home/ubuntu/ros_workspace/install/robot_custom_msgs/share/robot_custom_msgs
[1.103s] running install_egg_info
[1.125s] Copying ../../build/robot_custom_msgs/robot_custom_msgs.egg-info to /home/ubuntu/ros_workspace/install/robot_custom_msgs/lib/python3.12/site-packages/robot_custom_msgs-0.0.0-py3.12.egg-info
[1.127s] running install_scripts
[1.254s] writing list of installed files to '/home/ubuntu/ros_workspace/build/robot_custom_msgs/install.log'
[1.292s] Invoked command in '/home/ubuntu/ros_workspace/src/robot_custom_msgs' returned '0': PYTHONPATH=/home/ubuntu/ros_workspace/build/robot_custom_msgs/prefix_override:/usr/lib/python3/dist-packages/colcon_core/task/python/colcon_distutils_commands:/home/ubuntu/ros_workspace/install/robot_custom_msgs/lib/python3.12/site-packages:${PYTHONPATH} /usr/bin/python3 -W ignore:setup.py install is deprecated -W ignore:easy_install command is deprecated setup.py egg_info --egg-base ../../build/robot_custom_msgs build --build-base /home/ubuntu/ros_workspace/build/robot_custom_msgs/build install --record /home/ubuntu/ros_workspace/build/robot_custom_msgs/install.log --single-version-externally-managed install_data
