[0.018s] Invoking command in '/home/ubuntu/ros_workspace/build/assignment1_rt': CMAKE_PREFIX_PATH=${CMAKE_PREFIX_PATH}:/home/ubuntu/ros_workspace/install/python_package:/opt/ros/jazzy /usr/bin/cmake --build /home/ubuntu/ros_workspace/build/assignment1_rt -- -j16 -l16
[0.111s] [ 50%] Built target distance
[0.121s] [100%] Built target turtles
[0.142s] Invoked command in '/home/ubuntu/ros_workspace/build/assignment1_rt' returned '0': CMAKE_PREFIX_PATH=${CMAKE_PREFIX_PATH}:/home/ubuntu/ros_workspace/install/python_package:/opt/ros/jazzy /usr/bin/cmake --build /home/ubuntu/ros_workspace/build/assignment1_rt -- -j16 -l16
[0.161s] Invoking command in '/home/ubuntu/ros_workspace/build/assignment1_rt': CMAKE_PREFIX_PATH=${CMAKE_PREFIX_PATH}:/home/ubuntu/ros_workspace/install/python_package:/opt/ros/jazzy /usr/bin/cmake --install /home/ubuntu/ros_workspace/build/assignment1_rt
[0.177s] -- Install configuration: ""
[0.177s] -- Up-to-date: /home/ubuntu/ros_workspace/install/assignment1_rt/lib/assignment1_rt/turtles
[0.178s] -- Up-to-date: /home/ubuntu/ros_workspace/install/assignment1_rt/lib/assignment1_rt/distance
[0.179s] -- Up-to-date: /home/ubuntu/ros_workspace/install/assignment1_rt/lib/assignment1_rt/turtle2
[0.179s] -- Up-to-date: /home/ubuntu/ros_workspace/install/assignment1_rt/share/ament_index/resource_index/package_run_dependencies/assignment1_rt
[0.179s] -- Up-to-date: /home/ubuntu/ros_workspace/install/assignment1_rt/share/ament_index/resource_index/parent_prefix_path/assignment1_rt
[0.179s] -- Up-to-date: /home/ubuntu/ros_workspace/install/assignment1_rt/share/assignment1_rt/environment/ament_prefix_path.sh
[0.180s] -- Up-to-date: /home/ubuntu/ros_workspace/install/assignment1_rt/share/assignment1_rt/environment/ament_prefix_path.dsv
[0.180s] -- Up-to-date: /home/ubuntu/ros_workspace/install/assignment1_rt/share/assignment1_rt/environment/path.sh
[0.180s] -- Up-to-date: /home/ubuntu/ros_workspace/install/assignment1_rt/share/assignment1_rt/environment/path.dsv
[0.180s] -- Up-to-date: /home/ubuntu/ros_workspace/install/assignment1_rt/share/assignment1_rt/local_setup.bash
[0.180s] -- Up-to-date: /home/ubuntu/ros_workspace/install/assignment1_rt/share/assignment1_rt/local_setup.sh
[0.180s] -- Up-to-date: /home/ubuntu/ros_workspace/install/assignment1_rt/share/assignment1_rt/local_setup.zsh
[0.180s] -- Up-to-date: /home/ubuntu/ros_workspace/install/assignment1_rt/share/assignment1_rt/local_setup.dsv
[0.180s] -- Installing: /home/ubuntu/ros_workspace/install/assignment1_rt/share/assignment1_rt/package.dsv
[0.181s] -- Up-to-date: /home/ubuntu/ros_workspace/install/assignment1_rt/share/ament_index/resource_index/packages/assignment1_rt
[0.181s] -- Up-to-date: /home/ubuntu/ros_workspace/install/assignment1_rt/share/assignment1_rt/cmake/assignment1_rtConfig.cmake
[0.181s] -- Up-to-date: /home/ubuntu/ros_workspace/install/assignment1_rt/share/assignment1_rt/cmake/assignment1_rtConfig-version.cmake
[0.181s] -- Up-to-date: /home/ubuntu/ros_workspace/install/assignment1_rt/share/assignment1_rt/package.xml
[0.185s] Invoked command in '/home/ubuntu/ros_workspace/build/assignment1_rt' returned '0': CMAKE_PREFIX_PATH=${CMAKE_PREFIX_PATH}:/home/ubuntu/ros_workspace/install/python_package:/opt/ros/jazzy /usr/bin/cmake --install /home/ubuntu/ros_workspace/build/assignment1_rt
