[1.053s] Invoking command in '/home/ubuntu/ros_workspace/build/ob_first_package_cpp': CMAKE_PREFIX_PATH=${CMAKE_PREFIX_PATH}:/home/ubuntu/ros_workspace/install/tutorial_1_action:/home/ubuntu/ros_workspace/install/exam_example_2:/home/ubuntu/ros_workspace/install/turtle_action_client:/home/ubuntu/ros_workspace/install/assignment2_rt_py:/home/ubuntu/ros_workspace/install/assignment1_rt_py:/home/ubuntu/ros_workspace/install/python_package:/home/ubuntu/ros_workspace/install/first_package_py:/home/ubuntu/ros_workspace/install/fibonacci:/home/ubuntu/ros_workspace/install/exam_example:/opt/ros/jazzy /usr/bin/cmake /home/ubuntu/ros_workspace/src/ob_first_package_cpp -DCMAKE_INSTALL_PREFIX=/home/ubuntu/ros_workspace/install/ob_first_package_cpp
[1.914s] -- The C compiler identification is GNU 13.3.0
[1.914s] -- The CXX compiler identification is GNU 13.3.0
[1.914s] -- Detecting C compiler ABI info
[1.914s] -- Detecting C compiler ABI info - done
[1.914s] -- Check for working C compiler: /usr/bin/cc - skipped
[1.915s] -- Detecting C compile features
[1.915s] -- Detecting C compile features - done
[1.915s] -- Detecting CXX compiler ABI info
[1.915s] -- Detecting CXX compiler ABI info - done
[1.915s] -- Check for working CXX compiler: /usr/bin/c++ - skipped
[1.916s] -- Detecting CXX compile features
[1.916s] -- Detecting CXX compile features - done
[1.916s] -- Found ament_cmake: 2.5.4 (/opt/ros/jazzy/share/ament_cmake/cmake)
[1.954s] -- Found Python3: /usr/bin/python3 (found version "3.12.3") found components: Interpreter 
[2.271s] -- Found rclcpp: 28.1.11 (/opt/ros/jazzy/share/rclcpp/cmake)
[2.457s] -- Found rosidl_generator_c: 4.6.6 (/opt/ros/jazzy/share/rosidl_generator_c/cmake)
[2.521s] -- Found rosidl_generator_cpp: 4.6.6 (/opt/ros/jazzy/share/rosidl_generator_cpp/cmake)
[2.578s] -- Using all available rosidl_typesupport_c: rosidl_typesupport_fastrtps_c;rosidl_typesupport_introspection_c
[2.647s] -- Using all available rosidl_typesupport_cpp: rosidl_typesupport_fastrtps_cpp;rosidl_typesupport_introspection_cpp
[2.944s] -- Found rmw_implementation_cmake: 7.3.2 (/opt/ros/jazzy/share/rmw_implementation_cmake/cmake)
[2.977s] -- Found rmw_fastrtps_cpp: 8.4.3 (/opt/ros/jazzy/share/rmw_fastrtps_cpp/cmake)
[3.311s] -- Found OpenSSL: /usr/lib/x86_64-linux-gnu/libcrypto.so (found version "3.0.13")  
[3.362s] -- Found FastRTPS: /opt/ros/jazzy/include (Required is at least version "2.13") 
[3.406s] -- Using RMW implementation 'rmw_fastrtps_cpp' as default
[3.615s] -- Found std_msgs: 5.3.6 (/opt/ros/jazzy/share/std_msgs/cmake)
[3.659s] -- Found ament_lint_auto: 0.17.3 (/opt/ros/jazzy/share/ament_lint_auto/cmake)
[3.942s] -- Added test 'cppcheck' to perform static code analysis on C / C++ code
[3.942s] -- Configured cppcheck include dirs: 
[3.942s] -- Configured cppcheck exclude dirs and/or files: 
[3.947s] -- Added test 'lint_cmake' to check CMake code style
[3.952s] -- Added test 'uncrustify' to check C / C++ code style
[3.952s] -- Configured uncrustify additional arguments: 
[3.957s] -- Added test 'xmllint' to check XML markup files
[3.968s] -- Configuring done (2.9s)
[4.006s] -- Generating done (0.0s)
[4.015s] -- Build files have been written to: /home/ubuntu/ros_workspace/build/ob_first_package_cpp
[4.039s] Invoked command in '/home/ubuntu/ros_workspace/build/ob_first_package_cpp' returned '0': CMAKE_PREFIX_PATH=${CMAKE_PREFIX_PATH}:/home/ubuntu/ros_workspace/install/tutorial_1_action:/home/ubuntu/ros_workspace/install/exam_example_2:/home/ubuntu/ros_workspace/install/turtle_action_client:/home/ubuntu/ros_workspace/install/assignment2_rt_py:/home/ubuntu/ros_workspace/install/assignment1_rt_py:/home/ubuntu/ros_workspace/install/python_package:/home/ubuntu/ros_workspace/install/first_package_py:/home/ubuntu/ros_workspace/install/fibonacci:/home/ubuntu/ros_workspace/install/exam_example:/opt/ros/jazzy /usr/bin/cmake /home/ubuntu/ros_workspace/src/ob_first_package_cpp -DCMAKE_INSTALL_PREFIX=/home/ubuntu/ros_workspace/install/ob_first_package_cpp
[4.041s] Invoking command in '/home/ubuntu/ros_workspace/build/ob_first_package_cpp': CMAKE_PREFIX_PATH=${CMAKE_PREFIX_PATH}:/home/ubuntu/ros_workspace/install/tutorial_1_action:/home/ubuntu/ros_workspace/install/exam_example_2:/home/ubuntu/ros_workspace/install/turtle_action_client:/home/ubuntu/ros_workspace/install/assignment2_rt_py:/home/ubuntu/ros_workspace/install/assignment1_rt_py:/home/ubuntu/ros_workspace/install/python_package:/home/ubuntu/ros_workspace/install/first_package_py:/home/ubuntu/ros_workspace/install/fibonacci:/home/ubuntu/ros_workspace/install/exam_example:/opt/ros/jazzy /usr/bin/cmake --build /home/ubuntu/ros_workspace/build/ob_first_package_cpp -- -j16 -l16
[4.623s] [ 25%] [32mBuilding CXX object CMakeFiles/subscriber.dir/src/ob_sub.cpp.o[0m
[4.624s] [ 50%] [32mBuilding CXX object CMakeFiles/talker.dir/src/ob_first_package.cpp.o[0m
[18.486s] [ 75%] [32m[1mLinking CXX executable talker[0m
[18.880s] [ 75%] Built target talker
[21.821s] [100%] [32m[1mLinking CXX executable subscriber[0m
[22.276s] [100%] Built target subscriber
