[ 50%] Built target distance
[ 75%] [32mBuilding CXX object CMakeFiles/turtles.dir/src/two_turtles.cpp.o[0m
[01m[K/home/ubuntu/ros_workspace/src/assignment1_rt/src/two_turtles.cpp:[m[K In constructor ‘[01m[KTwoTurtles::[01;32m[KTwoTurtles[m[K()[m[K’:
[01m[K/home/ubuntu/ros_workspace/src/assignment1_rt/src/two_turtles.cpp:24:7:[m[K [01;31m[Kerror: [m[K‘[01m[Kpublisher_1[m[K’ was not declared in this scope; did you mean ‘[01m[Krmw_publisher_t[m[K’?
   24 |       [01;31m[Kpublisher_1[m[K = this->create_publisher<geometry_msgs::msg::Twist>("turtle1/cmd_vel", 10);
      |       [01;31m[K^~~~~~~~~~~[m[K
      |       [32m[Krmw_publisher_t[m[K
[01m[K/home/ubuntu/ros_workspace/src/assignment1_rt/src/two_turtles.cpp:25:7:[m[K [01;31m[Kerror: [m[K‘[01m[Kpublisher_2[m[K’ was not declared in this scope; did you mean ‘[01m[Krmw_publisher_t[m[K’?
   25 |       [01;31m[Kpublisher_2[m[K = this->create_publisher<geometry_msgs::msg::Twist>("turtle2/cmd_vel", 10);
      |       [01;31m[K^~~~~~~~~~~[m[K
      |       [32m[Krmw_publisher_t[m[K
[01m[K/home/ubuntu/ros_workspace/src/assignment1_rt/src/two_turtles.cpp:27:7:[m[K [01;31m[Kerror: [m[K‘[01m[Ksubscribe_[m[K’ was not declared in this scope
   27 |       [01;31m[Ksubscribe_[m[K = this->create_subscription<std_msgs::msg::String>("distance_topic",10,std::bind(&TwoTurtles::topic_callback, this, _1));
      |       [01;31m[K^~~~~~~~~~[m[K
[01m[K/home/ubuntu/ros_workspace/src/assignment1_rt/src/two_turtles.cpp:28:7:[m[K [01;31m[Kerror: [m[K‘[01m[Ktimer_[m[K’ was not declared in this scope; did you mean ‘[01m[Ktimer_t[m[K’?
   28 |       [01;31m[Ktimer_[m[K = this->create_wall_timer(std::chrono::milliseconds(200), std::bind(&TwoTurtles::timer_callback, this)); //wakes up every 0.2s
      |       [01;31m[K^~~~~~[m[K
      |       [32m[Ktimer_t[m[K
[01m[K/home/ubuntu/ros_workspace/src/assignment1_rt/src/two_turtles.cpp:[m[K In member function ‘[01m[Kvoid TwoTurtles::[01;32m[Ktopic_callback[m[K(std_msgs::msg::String_<std::allocator<void> >::SharedPtr)[m[K’:
[01m[K/home/ubuntu/ros_workspace/src/assignment1_rt/src/two_turtles.cpp:49:9:[m[K [01;31m[Kerror: [m[K‘[01m[Kstop_[m[K’ was not declared in this scope
   49 |         [01;31m[Kstop_[m[K=true;
      |         [01;31m[K^~~~~[m[K
[01m[K/home/ubuntu/ros_workspace/src/assignment1_rt/src/two_turtles.cpp:[m[K In member function ‘[01m[Kvoid TwoTurtles::[01;32m[Ktimer_callback[m[K()[m[K’:
[01m[K/home/ubuntu/ros_workspace/src/assignment1_rt/src/two_turtles.cpp:54:13:[m[K [01;31m[Kerror: [m[K‘[01m[Kvalid_choice[m[K’ was not declared in this scope
   54 |     while (![01;31m[Kvalid_choice[m[K) {
      |             [01;31m[K^~~~~~~~~~~~[m[K
[01m[K/home/ubuntu/ros_workspace/src/assignment1_rt/src/two_turtles.cpp:56:13:[m[K [01;31m[Kerror: [m[K‘[01m[Kturtle_choice[m[K’ was not declared in this scope
   56 |             [01;31m[Kturtle_choice[m[K=0;
      |             [01;31m[K^~~~~~~~~~~~~[m[K
[01m[K/home/ubuntu/ros_workspace/src/assignment1_rt/src/two_turtles.cpp:57:13:[m[K [01;31m[Kerror: [m[K‘[01m[Krunning_[m[K’ was not declared in this scope
   57 |             [01;31m[Krunning_[m[K = false;
      |             [01;31m[K^~~~~~~~[m[K
[01m[K/home/ubuntu/ros_workspace/src/assignment1_rt/src/two_turtles.cpp:63:18:[m[K [01;31m[Kerror: [m[K‘[01m[Kstop_[m[K’ was not declared in this scope
   63 |             if (![01;31m[Kstop_[m[K){
      |                  [01;31m[K^~~~~[m[K
[01m[K/home/ubuntu/ros_workspace/src/assignment1_rt/src/two_turtles.cpp:68:33:[m[K [01;31m[Kerror: [m[K‘[01m[Kturtle_velocity_linear[m[K’ was not declared in this scope
   68 |                     std::cin >> [01;31m[Kturtle_velocity_linear[m[K;
      |                                 [01;31m[K^~~~~~~~~~~~~~~~~~~~~~[m[K
[01m[K/home/ubuntu/ros_workspace/src/assignment1_rt/src/two_turtles.cpp:71:33:[m[K [01;31m[Kerror: [m[K‘[01m[Kturtle_velocity_angular[m[K’ was not declared in this scope
   71 |                     std::cin >> [01;31m[Kturtle_velocity_angular[m[K;
      |                                 [01;31m[K^~~~~~~~~~~~~~~~~~~~~~~[m[K
[01m[K/home/ubuntu/ros_workspace/src/assignment1_rt/src/two_turtles.cpp:75:25:[m[K [01;31m[Kerror: [m[K‘[01m[Ktick_count_[m[K’ was not declared in this scope
   75 |                         [01;31m[Ktick_count_[m[K++;
      |                         [01;31m[K^~~~~~~~~~~[m[K
[01m[K/home/ubuntu/ros_workspace/src/assignment1_rt/src/two_turtles.cpp:76:43:[m[K [01;31m[Kerror: [m[K‘[01m[Kmax_ticks_[m[K’ was not declared in this scope
   76 |                         if (tick_count_ < [01;31m[Kmax_ticks_[m[K){
      |                                           [01;31m[K^~~~~~~~~~[m[K
[01m[K/home/ubuntu/ros_workspace/src/assignment1_rt/src/two_turtles.cpp:78:29:[m[K [01;31m[Kerror: [m[K‘[01m[Kmessage[m[K’ was not declared in this scope
   78 |                             [01;31m[Kmessage[m[K.linear.x = turtle_velocity_linear;
      |                             [01;31m[K^~~~~~~[m[K
[01m[K/home/ubuntu/ros_workspace/src/assignment1_rt/src/two_turtles.cpp:80:29:[m[K [01;31m[Kerror: [m[K‘[01m[Kpublisher_1[m[K’ was not declared in this scope; did you mean ‘[01m[Krmw_publisher_t[m[K’?
   80 |                             [01;31m[Kpublisher_1[m[K->publish(message);
      |                             [01;31m[K^~~~~~~~~~~[m[K
      |                             [32m[Krmw_publisher_t[m[K
[01m[K/home/ubuntu/ros_workspace/src/assignment1_rt/src/two_turtles.cpp:82:29:[m[K [01;31m[Kerror: [m[K‘[01m[Kmessage[m[K’ was not declared in this scope
   82 |                             [01;31m[Kmessage[m[K.linear.x = 0.0;
      |                             [01;31m[K^~~~~~~[m[K
[01m[K/home/ubuntu/ros_workspace/src/assignment1_rt/src/two_turtles.cpp:84:29:[m[K [01;31m[Kerror: [m[K‘[01m[Kpublisher_1[m[K’ was not declared in this scope; did you mean ‘[01m[Krmw_publisher_t[m[K’?
   84 |                             [01;31m[Kpublisher_1[m[K->publish(message);
      |                             [01;31m[K^~~~~~~~~~~[m[K
      |                             [32m[Krmw_publisher_t[m[K
[01m[K/home/ubuntu/ros_workspace/src/assignment1_rt/src/two_turtles.cpp:93:33:[m[K [01;31m[Kerror: [m[K‘[01m[Kturtle_velocity_linear[m[K’ was not declared in this scope
   93 |                     std::cin >> [01;31m[Kturtle_velocity_linear[m[K;
      |                                 [01;31m[K^~~~~~~~~~~~~~~~~~~~~~[m[K
[01m[K/home/ubuntu/ros_workspace/src/assignment1_rt/src/two_turtles.cpp:96:33:[m[K [01;31m[Kerror: [m[K‘[01m[Kturtle_velocity_angular[m[K’ was not declared in this scope
   96 |                     std::cin >> [01;31m[Kturtle_velocity_angular[m[K;
      |                                 [01;31m[K^~~~~~~~~~~~~~~~~~~~~~~[m[K
[01m[K/home/ubuntu/ros_workspace/src/assignment1_rt/src/two_turtles.cpp:99:25:[m[K [01;31m[Kerror: [m[K‘[01m[Ktick_count_[m[K’ was not declared in this scope
   99 |                         [01;31m[Ktick_count_[m[K++;
      |                         [01;31m[K^~~~~~~~~~~[m[K
[01m[K/home/ubuntu/ros_workspace/src/assignment1_rt/src/two_turtles.cpp:100:43:[m[K [01;31m[Kerror: [m[K‘[01m[Kmax_ticks_[m[K’ was not declared in this scope
  100 |                         if (tick_count_ < [01;31m[Kmax_ticks_[m[K){
      |                                           [01;31m[K^~~~~~~~~~[m[K
[01m[K/home/ubuntu/ros_workspace/src/assignment1_rt/src/two_turtles.cpp:101:29:[m[K [01;31m[Kerror: [m[K‘[01m[Kmessage[m[K’ was not declared in this scope
  101 |                             [01;31m[Kmessage[m[K.linear.x= turtle_velocity_linear;
      |                             [01;31m[K^~~~~~~[m[K
[01m[K/home/ubuntu/ros_workspace/src/assignment1_rt/src/two_turtles.cpp:103:29:[m[K [01;31m[Kerror: [m[K‘[01m[Kpublisher_2[m[K’ was not declared in this scope; did you mean ‘[01m[Krmw_publisher_t[m[K’?
  103 |                             [01;31m[Kpublisher_2[m[K->publish(message);
      |                             [01;31m[K^~~~~~~~~~~[m[K
      |                             [32m[Krmw_publisher_t[m[K
[01m[K/home/ubuntu/ros_workspace/src/assignment1_rt/src/two_turtles.cpp:105:29:[m[K [01;31m[Kerror: [m[K‘[01m[Kmessage[m[K’ was not declared in this scope
  105 |                             [01;31m[Kmessage[m[K.linear.x= 0.0;
      |                             [01;31m[K^~~~~~~[m[K
[01m[K/home/ubuntu/ros_workspace/src/assignment1_rt/src/two_turtles.cpp:107:29:[m[K [01;31m[Kerror: [m[K‘[01m[Kpublisher_2[m[K’ was not declared in this scope; did you mean ‘[01m[Krmw_publisher_t[m[K’?
  107 |                             [01;31m[Kpublisher_2[m[K->publish(message);
      |                             [01;31m[K^~~~~~~~~~~[m[K
      |                             [32m[Krmw_publisher_t[m[K
[01m[K/home/ubuntu/ros_workspace/src/assignment1_rt/src/two_turtles.cpp:115:17:[m[K [01;31m[Kerror: [m[K‘[01m[Kmessage[m[K’ was not declared in this scope
  115 |                 [01;31m[Kmessage[m[K.linear.x= 0.0;
      |                 [01;31m[K^~~~~~~[m[K
[01m[K/home/ubuntu/ros_workspace/src/assignment1_rt/src/two_turtles.cpp:117:17:[m[K [01;31m[Kerror: [m[K‘[01m[Kpublisher_2[m[K’ was not declared in this scope; did you mean ‘[01m[Krmw_publisher_t[m[K’?
  117 |                 [01;31m[Kpublisher_2[m[K->publish(message);
      |                 [01;31m[K^~~~~~~~~~~[m[K
      |                 [32m[Krmw_publisher_t[m[K
[01m[K/home/ubuntu/ros_workspace/src/assignment1_rt/src/two_turtles.cpp:118:17:[m[K [01;31m[Kerror: [m[K‘[01m[Kpublisher_1[m[K’ was not declared in this scope; did you mean ‘[01m[Krmw_publisher_t[m[K’?
  118 |                 [01;31m[Kpublisher_1[m[K->publish(message);
      |                 [01;31m[K^~~~~~~~~~~[m[K
      |                 [32m[Krmw_publisher_t[m[K
[01m[K/home/ubuntu/ros_workspace/src/assignment1_rt/src/two_turtles.cpp:[m[K At global scope:
[01m[K/home/ubuntu/ros_workspace/src/assignment1_rt/src/two_turtles.cpp:127:5:[m[K [01;31m[Kerror: [m[Kspecializing member ‘[01m[Krclcpp::Subscription<std_msgs::msg::String_<std::allocator<void> >, std::allocator<void>, std_msgs::msg::String_<std::allocator<void> >, std_msgs::msg::String_<std::allocator<void> >, rclcpp::message_memory_strategy::MessageMemoryStrategy<std_msgs::msg::String_<std::allocator<void> >, std::allocator<void> > >::SharedPtr[m[K’ requires ‘[01m[Ktemplate<>[m[K’ syntax
  127 |     [01;31m[Krclcpp[m[K::Subscription<std_msgs::msg::String>::SharedPtr subscribe_;
      |     [01;31m[K^~~~~~[m[K
[01m[K/home/ubuntu/ros_workspace/src/assignment1_rt/src/two_turtles.cpp:150:2:[m[K [01;31m[Kerror: [m[Kexpected declaration before ‘[01m[K}[m[K’ token
  150 |  [01;31m[K}[m[K;
      |  [01;31m[K^[m[K
gmake[2]: *** [CMakeFiles/turtles.dir/build.make:76: CMakeFiles/turtles.dir/src/two_turtles.cpp.o] Error 1
gmake[1]: *** [CMakeFiles/Makefile2:139: CMakeFiles/turtles.dir/all] Error 2
gmake: *** [Makefile:146: all] Error 2
