[0.014s] Invoking command in '/home/ubuntu/ros_workspace/build/assignment1_rt': CMAKE_PREFIX_PATH=${CMAKE_PREFIX_PATH}:/home/ubuntu/ros_workspace/install/python_package:/opt/ros/jazzy /usr/bin/cmake --build /home/ubuntu/ros_workspace/build/assignment1_rt -- -j16 -l16
[0.111s] [ 50%] [32mBuilding CXX object CMakeFiles/distance.dir/src/distance_calc.cpp.o[0m
[0.111s] [ 75%] Built target turtles
[8.737s] [100%] [32m[1mLinking CXX executable distance[0m
[9.124s] [100%] Built target distance
[9.143s] Invoked command in '/home/ubuntu/ros_workspace/build/assignment1_rt' returned '0': CMAKE_PREFIX_PATH=${CMAKE_PREFIX_PATH}:/home/ubuntu/ros_workspace/install/python_package:/opt/ros/jazzy /usr/bin/cmake --build /home/ubuntu/ros_workspace/build/assignment1_rt -- -j16 -l16
[9.161s] Invoking command in '/home/ubuntu/ros_workspace/build/assignment1_rt': CMAKE_PREFIX_PATH=${CMAKE_PREFIX_PATH}:/home/ubuntu/ros_workspace/install/python_package:/opt/ros/jazzy /usr/bin/cmake --install /home/ubuntu/ros_workspace/build/assignment1_rt
[9.176s] -- Install configuration: ""
[9.178s] -- Installing: /home/ubuntu/ros_workspace/install/assignment1_rt/lib/assignment1_rt/turtles
[9.187s] -- Set non-toolchain portion of runtime path of "/home/ubuntu/ros_workspace/install/assignment1_rt/lib/assignment1_rt/turtles" to ""
[9.188s] -- Installing: /home/ubuntu/ros_workspace/install/assignment1_rt/lib/assignment1_rt/distance
[9.198s] -- Set non-toolchain portion of runtime path of "/home/ubuntu/ros_workspace/install/assignment1_rt/lib/assignment1_rt/distance" to ""
[9.198s] -- Up-to-date: /home/ubuntu/ros_workspace/install/assignment1_rt/lib/assignment1_rt/turtle2
[9.198s] -- Up-to-date: /home/ubuntu/ros_workspace/install/assignment1_rt/share/ament_index/resource_index/package_run_dependencies/assignment1_rt
[9.198s] -- Up-to-date: /home/ubuntu/ros_workspace/install/assignment1_rt/share/ament_index/resource_index/parent_prefix_path/assignment1_rt
[9.199s] -- Up-to-date: /home/ubuntu/ros_workspace/install/assignment1_rt/share/assignment1_rt/environment/ament_prefix_path.sh
[9.199s] -- Up-to-date: /home/ubuntu/ros_workspace/install/assignment1_rt/share/assignment1_rt/environment/ament_prefix_path.dsv
[9.199s] -- Up-to-date: /home/ubuntu/ros_workspace/install/assignment1_rt/share/assignment1_rt/environment/path.sh
[9.200s] -- Up-to-date: /home/ubuntu/ros_workspace/install/assignment1_rt/share/assignment1_rt/environment/path.dsv
[9.200s] -- Up-to-date: /home/ubuntu/ros_workspace/install/assignment1_rt/share/assignment1_rt/local_setup.bash
[9.200s] -- Up-to-date: /home/ubuntu/ros_workspace/install/assignment1_rt/share/assignment1_rt/local_setup.sh
[9.200s] -- Up-to-date: /home/ubuntu/ros_workspace/install/assignment1_rt/share/assignment1_rt/local_setup.zsh
[9.200s] -- Up-to-date: /home/ubuntu/ros_workspace/install/assignment1_rt/share/assignment1_rt/local_setup.dsv
[9.201s] -- Installing: /home/ubuntu/ros_workspace/install/assignment1_rt/share/assignment1_rt/package.dsv
[9.201s] -- Up-to-date: /home/ubuntu/ros_workspace/install/assignment1_rt/share/ament_index/resource_index/packages/assignment1_rt
[9.201s] -- Up-to-date: /home/ubuntu/ros_workspace/install/assignment1_rt/share/assignment1_rt/cmake/assignment1_rtConfig.cmake
[9.201s] -- Up-to-date: /home/ubuntu/ros_workspace/install/assignment1_rt/share/assignment1_rt/cmake/assignment1_rtConfig-version.cmake
[9.201s] -- Up-to-date: /home/ubuntu/ros_workspace/install/assignment1_rt/share/assignment1_rt/package.xml
[9.204s] Invoked command in '/home/ubuntu/ros_workspace/build/assignment1_rt' returned '0': CMAKE_PREFIX_PATH=${CMAKE_PREFIX_PATH}:/home/ubuntu/ros_workspace/install/python_package:/opt/ros/jazzy /usr/bin/cmake --install /home/ubuntu/ros_workspace/build/assignment1_rt
