[1.201s] Invoking command in '/home/ubuntu/ros_workspace/src/turtle_action_client': PYTHONPATH=/home/ubuntu/ros_workspace/build/turtle_action_client/prefix_override:/usr/lib/python3/dist-packages/colcon_core/task/python/colcon_distutils_commands:/home/ubuntu/ros_workspace/install/turtle_action_client/lib/python3.12/site-packages:${PYTHONPATH} /usr/bin/python3 -W ignore:setup.py install is deprecated -W ignore:easy_install command is deprecated setup.py egg_info --egg-base ../../build/turtle_action_client build --build-base /home/ubuntu/ros_workspace/build/turtle_action_client/build install --record /home/ubuntu/ros_workspace/build/turtle_action_client/install.log --single-version-externally-managed install_data
[1.456s] running egg_info
[1.473s] writing ../../build/turtle_action_client/turtle_action_client.egg-info/PKG-INFO
[1.473s] writing dependency_links to ../../build/turtle_action_client/turtle_action_client.egg-info/dependency_links.txt
[1.474s] writing entry points to ../../build/turtle_action_client/turtle_action_client.egg-info/entry_points.txt
[1.474s] writing requirements to ../../build/turtle_action_client/turtle_action_client.egg-info/requires.txt
[1.474s] writing top-level names to ../../build/turtle_action_client/turtle_action_client.egg-info/top_level.txt
[1.510s] reading manifest file '../../build/turtle_action_client/turtle_action_client.egg-info/SOURCES.txt'
[1.512s] writing manifest file '../../build/turtle_action_client/turtle_action_client.egg-info/SOURCES.txt'
[1.512s] running build
[1.512s] running build_py
[1.512s] copying turtle_action_client/cancel_action_client.py -> /home/ubuntu/ros_workspace/build/turtle_action_client/build/lib/turtle_action_client
[1.514s] running install
[1.519s] running install_lib
[1.538s] copying /home/ubuntu/ros_workspace/build/turtle_action_client/build/lib/turtle_action_client/cancel_action_client.py -> /home/ubuntu/ros_workspace/install/turtle_action_client/lib/python3.12/site-packages/turtle_action_client
[1.539s] byte-compiling /home/ubuntu/ros_workspace/install/turtle_action_client/lib/python3.12/site-packages/turtle_action_client/cancel_action_client.py to cancel_action_client.cpython-312.pyc
[1.540s] running install_data
[1.540s] running install_egg_info
[1.559s] removing '/home/ubuntu/ros_workspace/install/turtle_action_client/lib/python3.12/site-packages/turtle_action_client-0.0.0-py3.12.egg-info' (and everything under it)
[1.560s] Copying ../../build/turtle_action_client/turtle_action_client.egg-info to /home/ubuntu/ros_workspace/install/turtle_action_client/lib/python3.12/site-packages/turtle_action_client-0.0.0-py3.12.egg-info
[1.563s] running install_scripts
[1.695s] Installing cancel_client script to /home/ubuntu/ros_workspace/install/turtle_action_client/lib/turtle_action_client
[1.695s] Installing rotate_client script to /home/ubuntu/ros_workspace/install/turtle_action_client/lib/turtle_action_client
[1.696s] Installing rotate_client2 script to /home/ubuntu/ros_workspace/install/turtle_action_client/lib/turtle_action_client
[1.696s] Installing rotate_client3 script to /home/ubuntu/ros_workspace/install/turtle_action_client/lib/turtle_action_client
[1.696s] writing list of installed files to '/home/ubuntu/ros_workspace/build/turtle_action_client/install.log'
[1.734s] Invoked command in '/home/ubuntu/ros_workspace/src/turtle_action_client' returned '0': PYTHONPATH=/home/ubuntu/ros_workspace/build/turtle_action_client/prefix_override:/usr/lib/python3/dist-packages/colcon_core/task/python/colcon_distutils_commands:/home/ubuntu/ros_workspace/install/turtle_action_client/lib/python3.12/site-packages:${PYTHONPATH} /usr/bin/python3 -W ignore:setup.py install is deprecated -W ignore:easy_install command is deprecated setup.py egg_info --egg-base ../../build/turtle_action_client build --build-base /home/ubuntu/ros_workspace/build/turtle_action_client/build install --record /home/ubuntu/ros_workspace/build/turtle_action_client/install.log --single-version-externally-managed install_data
