[0.283s] DEBUG:colcon:Command line arguments: ['/usr/bin/colcon', 'build', '--packages-select', 'tutorial_1_action_cpp']
[0.284s] DEBUG:colcon:Parsed command line arguments: Namespace(log_base=None, log_level=None, verb_name='build', build_base='build', install_base='install', merge_install=False, symlink_install=False, test_result_base=None, continue_on_error=False, executor='parallel', parallel_workers=16, event_handlers=None, ignore_user_meta=False, metas=['./colcon.meta'], base_paths=['.'], packages_ignore=None, packages_ignore_regex=None, paths=None, packages_up_to=None, packages_up_to_regex=None, packages_above=None, packages_above_and_dependencies=None, packages_above_depth=None, packages_select_by_dep=None, packages_skip_by_dep=None, packages_skip_up_to=None, packages_select_build_failed=False, packages_skip_build_finished=False, packages_select_test_failures=False, packages_skip_test_passed=False, packages_select=['tutorial_1_action_cpp'], packages_skip=None, packages_select_regex=None, packages_skip_regex=None, packages_start=None, packages_end=None, cmake_args=None, cmake_target=None, cmake_target_skip_unavailable=False, cmake_clean_cache=False, cmake_clean_first=False, cmake_force_configure=False, ament_cmake_args=None, catkin_cmake_args=None, catkin_skip_building_tests=False, mixin_files=None, mixin=None, verb_parser=<colcon_mixin.mixin.mixin_argument.MixinArgumentDecorator object at 0x727acc6cb890>, verb_extension=<colcon_core.verb.build.BuildVerb object at 0x727acd08ac00>, main=<bound method BuildVerb.main of <colcon_core.verb.build.BuildVerb object at 0x727acd08ac00>>, mixin_verb=('build',))
[0.358s] Level 1:colcon.colcon_core.package_discovery:discover_packages(colcon_meta) check parameters
[0.359s] INFO:colcon.colcon_metadata.package_discovery.colcon_meta:Using configuration from '/root/.colcon/metadata/default/Gazebo.meta'
[0.360s] INFO:colcon.colcon_metadata.package_discovery.colcon_meta:Using configuration from '/root/.colcon/metadata/default/fastdds.meta'
[0.361s] INFO:colcon.colcon_metadata.package_discovery.colcon_meta:Using configuration from '/root/.colcon/metadata/default/fastrtps.meta'
[0.361s] Level 1:colcon.colcon_core.package_discovery:discover_packages(recursive) check parameters
[0.361s] Level 1:colcon.colcon_core.package_discovery:discover_packages(ignore) check parameters
[0.361s] Level 1:colcon.colcon_core.package_discovery:discover_packages(path) check parameters
[0.361s] Level 1:colcon.colcon_core.package_discovery:discover_packages(colcon_meta) discover
[0.361s] Level 1:colcon.colcon_core.package_discovery:discover_packages(recursive) discover
[0.361s] INFO:colcon.colcon_core.package_discovery:Crawling recursively for packages in '/home/ubuntu/ros_workspace'
[0.361s] Level 1:colcon.colcon_core.package_identification:_identify(.) by extensions ['ignore', 'ignore_ament_install']
[0.362s] Level 1:colcon.colcon_core.package_identification:_identify(.) by extension 'ignore'
[0.362s] Level 1:colcon.colcon_core.package_identification:_identify(.) by extension 'ignore_ament_install'
[0.362s] Level 1:colcon.colcon_core.package_identification:_identify(.) by extensions ['colcon_pkg']
[0.362s] Level 1:colcon.colcon_core.package_identification:_identify(.) by extension 'colcon_pkg'
[0.362s] Level 1:colcon.colcon_core.package_identification:_identify(.) by extensions ['colcon_meta']
[0.362s] Level 1:colcon.colcon_core.package_identification:_identify(.) by extension 'colcon_meta'
[0.362s] Level 1:colcon.colcon_core.package_identification:_identify(.) by extensions ['ros']
[0.362s] Level 1:colcon.colcon_core.package_identification:_identify(.) by extension 'ros'
[0.401s] Level 1:colcon.colcon_core.package_identification:_identify(.) by extensions ['cmake', 'python']
[0.401s] Level 1:colcon.colcon_core.package_identification:_identify(.) by extension 'cmake'
[0.401s] Level 1:colcon.colcon_core.package_identification:_identify(.) by extension 'python'
[0.401s] Level 1:colcon.colcon_core.package_identification:_identify(.) by extensions ['python_setup_py']
[0.401s] Level 1:colcon.colcon_core.package_identification:_identify(.) by extension 'python_setup_py'
[0.401s] Level 1:colcon.colcon_core.package_identification:_identify(build) by extensions ['ignore', 'ignore_ament_install']
[0.401s] Level 1:colcon.colcon_core.package_identification:_identify(build) by extension 'ignore'
[0.401s] Level 1:colcon.colcon_core.package_identification:_identify(build) ignored
[0.401s] Level 1:colcon.colcon_core.package_identification:_identify(install) by extensions ['ignore', 'ignore_ament_install']
[0.401s] Level 1:colcon.colcon_core.package_identification:_identify(install) by extension 'ignore'
[0.401s] Level 1:colcon.colcon_core.package_identification:_identify(install) ignored
[0.401s] Level 1:colcon.colcon_core.package_identification:_identify(log) by extensions ['ignore', 'ignore_ament_install']
[0.401s] Level 1:colcon.colcon_core.package_identification:_identify(log) by extension 'ignore'
[0.402s] Level 1:colcon.colcon_core.package_identification:_identify(log) ignored
[0.402s] Level 1:colcon.colcon_core.package_identification:_identify(src) by extensions ['ignore', 'ignore_ament_install']
[0.402s] Level 1:colcon.colcon_core.package_identification:_identify(src) by extension 'ignore'
[0.402s] Level 1:colcon.colcon_core.package_identification:_identify(src) by extension 'ignore_ament_install'
[0.402s] Level 1:colcon.colcon_core.package_identification:_identify(src) by extensions ['colcon_pkg']
[0.402s] Level 1:colcon.colcon_core.package_identification:_identify(src) by extension 'colcon_pkg'
[0.402s] Level 1:colcon.colcon_core.package_identification:_identify(src) by extensions ['colcon_meta']
[0.402s] Level 1:colcon.colcon_core.package_identification:_identify(src) by extension 'colcon_meta'
[0.402s] Level 1:colcon.colcon_core.package_identification:_identify(src) by extensions ['ros']
[0.402s] Level 1:colcon.colcon_core.package_identification:_identify(src) by extension 'ros'
[0.402s] Level 1:colcon.colcon_core.package_identification:_identify(src) by extensions ['cmake', 'python']
[0.402s] Level 1:colcon.colcon_core.package_identification:_identify(src) by extension 'cmake'
[0.402s] Level 1:colcon.colcon_core.package_identification:_identify(src) by extension 'python'
[0.402s] Level 1:colcon.colcon_core.package_identification:_identify(src) by extensions ['python_setup_py']
[0.402s] Level 1:colcon.colcon_core.package_identification:_identify(src) by extension 'python_setup_py'
[0.402s] Level 1:colcon.colcon_core.package_identification:_identify(src/action_assignment) by extensions ['ignore', 'ignore_ament_install']
[0.402s] Level 1:colcon.colcon_core.package_identification:_identify(src/action_assignment) by extension 'ignore'
[0.402s] Level 1:colcon.colcon_core.package_identification:_identify(src/action_assignment) by extension 'ignore_ament_install'
[0.402s] Level 1:colcon.colcon_core.package_identification:_identify(src/action_assignment) by extensions ['colcon_pkg']
[0.402s] Level 1:colcon.colcon_core.package_identification:_identify(src/action_assignment) by extension 'colcon_pkg'
[0.402s] Level 1:colcon.colcon_core.package_identification:_identify(src/action_assignment) by extensions ['colcon_meta']
[0.402s] Level 1:colcon.colcon_core.package_identification:_identify(src/action_assignment) by extension 'colcon_meta'
[0.402s] Level 1:colcon.colcon_core.package_identification:_identify(src/action_assignment) by extensions ['ros']
[0.402s] Level 1:colcon.colcon_core.package_identification:_identify(src/action_assignment) by extension 'ros'
[0.405s] DEBUG:colcon.colcon_core.package_identification:Package 'src/action_assignment' with type 'ros.ament_cmake' and name 'action_assignment'
[0.406s] Level 1:colcon.colcon_core.package_identification:_identify(src/action_tutorials_interfaces) by extensions ['ignore', 'ignore_ament_install']
[0.406s] Level 1:colcon.colcon_core.package_identification:_identify(src/action_tutorials_interfaces) by extension 'ignore'
[0.406s] Level 1:colcon.colcon_core.package_identification:_identify(src/action_tutorials_interfaces) by extension 'ignore_ament_install'
[0.406s] Level 1:colcon.colcon_core.package_identification:_identify(src/action_tutorials_interfaces) by extensions ['colcon_pkg']
[0.406s] Level 1:colcon.colcon_core.package_identification:_identify(src/action_tutorials_interfaces) by extension 'colcon_pkg'
[0.406s] Level 1:colcon.colcon_core.package_identification:_identify(src/action_tutorials_interfaces) by extensions ['colcon_meta']
[0.406s] Level 1:colcon.colcon_core.package_identification:_identify(src/action_tutorials_interfaces) by extension 'colcon_meta'
[0.406s] Level 1:colcon.colcon_core.package_identification:_identify(src/action_tutorials_interfaces) by extensions ['ros']
[0.406s] Level 1:colcon.colcon_core.package_identification:_identify(src/action_tutorials_interfaces) by extension 'ros'
[0.407s] DEBUG:colcon.colcon_core.package_identification:Package 'src/action_tutorials_interfaces' with type 'ros.ament_cmake' and name 'action_tutorials_interfaces'
[0.407s] Level 1:colcon.colcon_core.package_identification:_identify(src/assignment1_rt) by extensions ['ignore', 'ignore_ament_install']
[0.407s] Level 1:colcon.colcon_core.package_identification:_identify(src/assignment1_rt) by extension 'ignore'
[0.407s] Level 1:colcon.colcon_core.package_identification:_identify(src/assignment1_rt) by extension 'ignore_ament_install'
[0.407s] Level 1:colcon.colcon_core.package_identification:_identify(src/assignment1_rt) by extensions ['colcon_pkg']
[0.407s] Level 1:colcon.colcon_core.package_identification:_identify(src/assignment1_rt) by extension 'colcon_pkg'
[0.407s] Level 1:colcon.colcon_core.package_identification:_identify(src/assignment1_rt) by extensions ['colcon_meta']
[0.407s] Level 1:colcon.colcon_core.package_identification:_identify(src/assignment1_rt) by extension 'colcon_meta'
[0.407s] Level 1:colcon.colcon_core.package_identification:_identify(src/assignment1_rt) by extensions ['ros']
[0.407s] Level 1:colcon.colcon_core.package_identification:_identify(src/assignment1_rt) by extension 'ros'
[0.408s] DEBUG:colcon.colcon_core.package_identification:Package 'src/assignment1_rt' with type 'ros.ament_cmake' and name 'assignment1_rt'
[0.408s] Level 1:colcon.colcon_core.package_identification:_identify(src/assignment1_rt_py) by extensions ['ignore', 'ignore_ament_install']
[0.408s] Level 1:colcon.colcon_core.package_identification:_identify(src/assignment1_rt_py) by extension 'ignore'
[0.408s] Level 1:colcon.colcon_core.package_identification:_identify(src/assignment1_rt_py) by extension 'ignore_ament_install'
[0.408s] Level 1:colcon.colcon_core.package_identification:_identify(src/assignment1_rt_py) by extensions ['colcon_pkg']
[0.408s] Level 1:colcon.colcon_core.package_identification:_identify(src/assignment1_rt_py) by extension 'colcon_pkg'
[0.408s] Level 1:colcon.colcon_core.package_identification:_identify(src/assignment1_rt_py) by extensions ['colcon_meta']
[0.408s] Level 1:colcon.colcon_core.package_identification:_identify(src/assignment1_rt_py) by extension 'colcon_meta'
[0.408s] Level 1:colcon.colcon_core.package_identification:_identify(src/assignment1_rt_py) by extensions ['ros']
[0.408s] Level 1:colcon.colcon_core.package_identification:_identify(src/assignment1_rt_py) by extension 'ros'
[0.409s] DEBUG:colcon.colcon_core.package_identification:Package 'src/assignment1_rt_py' with type 'ros.ament_python' and name 'assignment1_rt_py'
[0.409s] Level 1:colcon.colcon_core.package_identification:_identify(src/assignment2_rt_py) by extensions ['ignore', 'ignore_ament_install']
[0.409s] Level 1:colcon.colcon_core.package_identification:_identify(src/assignment2_rt_py) by extension 'ignore'
[0.409s] Level 1:colcon.colcon_core.package_identification:_identify(src/assignment2_rt_py) by extension 'ignore_ament_install'
[0.410s] Level 1:colcon.colcon_core.package_identification:_identify(src/assignment2_rt_py) by extensions ['colcon_pkg']
[0.410s] Level 1:colcon.colcon_core.package_identification:_identify(src/assignment2_rt_py) by extension 'colcon_pkg'
[0.410s] Level 1:colcon.colcon_core.package_identification:_identify(src/assignment2_rt_py) by extensions ['colcon_meta']
[0.410s] Level 1:colcon.colcon_core.package_identification:_identify(src/assignment2_rt_py) by extension 'colcon_meta'
[0.410s] Level 1:colcon.colcon_core.package_identification:_identify(src/assignment2_rt_py) by extensions ['ros']
[0.410s] Level 1:colcon.colcon_core.package_identification:_identify(src/assignment2_rt_py) by extension 'ros'
[0.410s] DEBUG:colcon.colcon_core.package_identification:Package 'src/assignment2_rt_py' with type 'ros.ament_python' and name 'assignment2_rt_py'
[0.410s] Level 1:colcon.colcon_core.package_identification:_identify(src/bme_gazebo_sensors) by extensions ['ignore', 'ignore_ament_install']
[0.410s] Level 1:colcon.colcon_core.package_identification:_identify(src/bme_gazebo_sensors) by extension 'ignore'
[0.411s] Level 1:colcon.colcon_core.package_identification:_identify(src/bme_gazebo_sensors) by extension 'ignore_ament_install'
[0.411s] Level 1:colcon.colcon_core.package_identification:_identify(src/bme_gazebo_sensors) by extensions ['colcon_pkg']
[0.411s] Level 1:colcon.colcon_core.package_identification:_identify(src/bme_gazebo_sensors) by extension 'colcon_pkg'
[0.411s] Level 1:colcon.colcon_core.package_identification:_identify(src/bme_gazebo_sensors) by extensions ['colcon_meta']
[0.411s] Level 1:colcon.colcon_core.package_identification:_identify(src/bme_gazebo_sensors) by extension 'colcon_meta'
[0.411s] Level 1:colcon.colcon_core.package_identification:_identify(src/bme_gazebo_sensors) by extensions ['ros']
[0.411s] Level 1:colcon.colcon_core.package_identification:_identify(src/bme_gazebo_sensors) by extension 'ros'
[0.411s] DEBUG:colcon.colcon_core.package_identification:Package 'src/bme_gazebo_sensors' with type 'ros.ament_cmake' and name 'bme_gazebo_sensors'
[0.411s] Level 1:colcon.colcon_core.package_identification:_identify(src/cmake_package) by extensions ['ignore', 'ignore_ament_install']
[0.411s] Level 1:colcon.colcon_core.package_identification:_identify(src/cmake_package) by extension 'ignore'
[0.412s] Level 1:colcon.colcon_core.package_identification:_identify(src/cmake_package) by extension 'ignore_ament_install'
[0.412s] Level 1:colcon.colcon_core.package_identification:_identify(src/cmake_package) by extensions ['colcon_pkg']
[0.412s] Level 1:colcon.colcon_core.package_identification:_identify(src/cmake_package) by extension 'colcon_pkg'
[0.412s] Level 1:colcon.colcon_core.package_identification:_identify(src/cmake_package) by extensions ['colcon_meta']
[0.412s] Level 1:colcon.colcon_core.package_identification:_identify(src/cmake_package) by extension 'colcon_meta'
[0.412s] Level 1:colcon.colcon_core.package_identification:_identify(src/cmake_package) by extensions ['ros']
[0.412s] Level 1:colcon.colcon_core.package_identification:_identify(src/cmake_package) by extension 'ros'
[0.412s] DEBUG:colcon.colcon_core.package_identification:Package 'src/cmake_package' with type 'ros.ament_cmake' and name 'cmake_package'
[0.412s] Level 1:colcon.colcon_core.package_identification:_identify(src/exam_example) by extensions ['ignore', 'ignore_ament_install']
[0.413s] Level 1:colcon.colcon_core.package_identification:_identify(src/exam_example) by extension 'ignore'
[0.413s] Level 1:colcon.colcon_core.package_identification:_identify(src/exam_example) by extension 'ignore_ament_install'
[0.413s] Level 1:colcon.colcon_core.package_identification:_identify(src/exam_example) by extensions ['colcon_pkg']
[0.413s] Level 1:colcon.colcon_core.package_identification:_identify(src/exam_example) by extension 'colcon_pkg'
[0.413s] Level 1:colcon.colcon_core.package_identification:_identify(src/exam_example) by extensions ['colcon_meta']
[0.413s] Level 1:colcon.colcon_core.package_identification:_identify(src/exam_example) by extension 'colcon_meta'
[0.413s] Level 1:colcon.colcon_core.package_identification:_identify(src/exam_example) by extensions ['ros']
[0.413s] Level 1:colcon.colcon_core.package_identification:_identify(src/exam_example) by extension 'ros'
[0.414s] DEBUG:colcon.colcon_core.package_identification:Package 'src/exam_example' with type 'ros.ament_python' and name 'exam_example'
[0.414s] Level 1:colcon.colcon_core.package_identification:_identify(src/exam_example_2) by extensions ['ignore', 'ignore_ament_install']
[0.414s] Level 1:colcon.colcon_core.package_identification:_identify(src/exam_example_2) by extension 'ignore'
[0.414s] Level 1:colcon.colcon_core.package_identification:_identify(src/exam_example_2) by extension 'ignore_ament_install'
[0.414s] Level 1:colcon.colcon_core.package_identification:_identify(src/exam_example_2) by extensions ['colcon_pkg']
[0.414s] Level 1:colcon.colcon_core.package_identification:_identify(src/exam_example_2) by extension 'colcon_pkg'
[0.414s] Level 1:colcon.colcon_core.package_identification:_identify(src/exam_example_2) by extensions ['colcon_meta']
[0.414s] Level 1:colcon.colcon_core.package_identification:_identify(src/exam_example_2) by extension 'colcon_meta'
[0.414s] Level 1:colcon.colcon_core.package_identification:_identify(src/exam_example_2) by extensions ['ros']
[0.414s] Level 1:colcon.colcon_core.package_identification:_identify(src/exam_example_2) by extension 'ros'
[0.415s] DEBUG:colcon.colcon_core.package_identification:Package 'src/exam_example_2' with type 'ros.ament_python' and name 'exam_example_2'
[0.415s] Level 1:colcon.colcon_core.package_identification:_identify(src/fibonacci) by extensions ['ignore', 'ignore_ament_install']
[0.415s] Level 1:colcon.colcon_core.package_identification:_identify(src/fibonacci) by extension 'ignore'
[0.415s] Level 1:colcon.colcon_core.package_identification:_identify(src/fibonacci) by extension 'ignore_ament_install'
[0.415s] Level 1:colcon.colcon_core.package_identification:_identify(src/fibonacci) by extensions ['colcon_pkg']
[0.415s] Level 1:colcon.colcon_core.package_identification:_identify(src/fibonacci) by extension 'colcon_pkg'
[0.415s] Level 1:colcon.colcon_core.package_identification:_identify(src/fibonacci) by extensions ['colcon_meta']
[0.415s] Level 1:colcon.colcon_core.package_identification:_identify(src/fibonacci) by extension 'colcon_meta'
[0.415s] Level 1:colcon.colcon_core.package_identification:_identify(src/fibonacci) by extensions ['ros']
[0.415s] Level 1:colcon.colcon_core.package_identification:_identify(src/fibonacci) by extension 'ros'
[0.416s] DEBUG:colcon.colcon_core.package_identification:Package 'src/fibonacci' with type 'ros.ament_python' and name 'fibonacci'
[0.416s] Level 1:colcon.colcon_core.package_identification:_identify(src/first_package_cpp) by extensions ['ignore', 'ignore_ament_install']
[0.416s] Level 1:colcon.colcon_core.package_identification:_identify(src/first_package_cpp) by extension 'ignore'
[0.416s] Level 1:colcon.colcon_core.package_identification:_identify(src/first_package_cpp) by extension 'ignore_ament_install'
[0.416s] Level 1:colcon.colcon_core.package_identification:_identify(src/first_package_cpp) by extensions ['colcon_pkg']
[0.416s] Level 1:colcon.colcon_core.package_identification:_identify(src/first_package_cpp) by extension 'colcon_pkg'
[0.416s] Level 1:colcon.colcon_core.package_identification:_identify(src/first_package_cpp) by extensions ['colcon_meta']
[0.416s] Level 1:colcon.colcon_core.package_identification:_identify(src/first_package_cpp) by extension 'colcon_meta'
[0.416s] Level 1:colcon.colcon_core.package_identification:_identify(src/first_package_cpp) by extensions ['ros']
[0.416s] Level 1:colcon.colcon_core.package_identification:_identify(src/first_package_cpp) by extension 'ros'
[0.417s] DEBUG:colcon.colcon_core.package_identification:Package 'src/first_package_cpp' with type 'ros.ament_cmake' and name 'first_package_cpp'
[0.417s] Level 1:colcon.colcon_core.package_identification:_identify(src/first_package_py) by extensions ['ignore', 'ignore_ament_install']
[0.417s] Level 1:colcon.colcon_core.package_identification:_identify(src/first_package_py) by extension 'ignore'
[0.417s] Level 1:colcon.colcon_core.package_identification:_identify(src/first_package_py) by extension 'ignore_ament_install'
[0.417s] Level 1:colcon.colcon_core.package_identification:_identify(src/first_package_py) by extensions ['colcon_pkg']
[0.417s] Level 1:colcon.colcon_core.package_identification:_identify(src/first_package_py) by extension 'colcon_pkg'
[0.417s] Level 1:colcon.colcon_core.package_identification:_identify(src/first_package_py) by extensions ['colcon_meta']
[0.417s] Level 1:colcon.colcon_core.package_identification:_identify(src/first_package_py) by extension 'colcon_meta'
[0.417s] Level 1:colcon.colcon_core.package_identification:_identify(src/first_package_py) by extensions ['ros']
[0.417s] Level 1:colcon.colcon_core.package_identification:_identify(src/first_package_py) by extension 'ros'
[0.418s] DEBUG:colcon.colcon_core.package_identification:Package 'src/first_package_py' with type 'ros.ament_python' and name 'first_package_py'
[0.418s] Level 1:colcon.colcon_core.package_identification:_identify(src/git_turtlesim_controller) by extensions ['ignore', 'ignore_ament_install']
[0.418s] Level 1:colcon.colcon_core.package_identification:_identify(src/git_turtlesim_controller) by extension 'ignore'
[0.418s] Level 1:colcon.colcon_core.package_identification:_identify(src/git_turtlesim_controller) by extension 'ignore_ament_install'
[0.418s] Level 1:colcon.colcon_core.package_identification:_identify(src/git_turtlesim_controller) by extensions ['colcon_pkg']
[0.418s] Level 1:colcon.colcon_core.package_identification:_identify(src/git_turtlesim_controller) by extension 'colcon_pkg'
[0.418s] Level 1:colcon.colcon_core.package_identification:_identify(src/git_turtlesim_controller) by extensions ['colcon_meta']
[0.418s] Level 1:colcon.colcon_core.package_identification:_identify(src/git_turtlesim_controller) by extension 'colcon_meta'
[0.418s] Level 1:colcon.colcon_core.package_identification:_identify(src/git_turtlesim_controller) by extensions ['ros']
[0.418s] Level 1:colcon.colcon_core.package_identification:_identify(src/git_turtlesim_controller) by extension 'ros'
[0.418s] Level 1:colcon.colcon_core.package_identification:_identify(src/git_turtlesim_controller) by extensions ['cmake', 'python']
[0.418s] Level 1:colcon.colcon_core.package_identification:_identify(src/git_turtlesim_controller) by extension 'cmake'
[0.418s] Level 1:colcon.colcon_core.package_identification:_identify(src/git_turtlesim_controller) by extension 'python'
[0.419s] Level 1:colcon.colcon_core.package_identification:_identify(src/git_turtlesim_controller) by extensions ['python_setup_py']
[0.419s] Level 1:colcon.colcon_core.package_identification:_identify(src/git_turtlesim_controller) by extension 'python_setup_py'
[0.419s] Level 1:colcon.colcon_core.package_identification:_identify(src/ob_first_package_cpp) by extensions ['ignore', 'ignore_ament_install']
[0.419s] Level 1:colcon.colcon_core.package_identification:_identify(src/ob_first_package_cpp) by extension 'ignore'
[0.419s] Level 1:colcon.colcon_core.package_identification:_identify(src/ob_first_package_cpp) by extension 'ignore_ament_install'
[0.419s] Level 1:colcon.colcon_core.package_identification:_identify(src/ob_first_package_cpp) by extensions ['colcon_pkg']
[0.419s] Level 1:colcon.colcon_core.package_identification:_identify(src/ob_first_package_cpp) by extension 'colcon_pkg'
[0.419s] Level 1:colcon.colcon_core.package_identification:_identify(src/ob_first_package_cpp) by extensions ['colcon_meta']
[0.419s] Level 1:colcon.colcon_core.package_identification:_identify(src/ob_first_package_cpp) by extension 'colcon_meta'
[0.419s] Level 1:colcon.colcon_core.package_identification:_identify(src/ob_first_package_cpp) by extensions ['ros']
[0.419s] Level 1:colcon.colcon_core.package_identification:_identify(src/ob_first_package_cpp) by extension 'ros'
[0.420s] DEBUG:colcon.colcon_core.package_identification:Package 'src/ob_first_package_cpp' with type 'ros.ament_cmake' and name 'ob_first_package_cpp'
[0.420s] Level 1:colcon.colcon_core.package_identification:_identify(src/python_package) by extensions ['ignore', 'ignore_ament_install']
[0.420s] Level 1:colcon.colcon_core.package_identification:_identify(src/python_package) by extension 'ignore'
[0.420s] Level 1:colcon.colcon_core.package_identification:_identify(src/python_package) by extension 'ignore_ament_install'
[0.420s] Level 1:colcon.colcon_core.package_identification:_identify(src/python_package) by extensions ['colcon_pkg']
[0.420s] Level 1:colcon.colcon_core.package_identification:_identify(src/python_package) by extension 'colcon_pkg'
[0.420s] Level 1:colcon.colcon_core.package_identification:_identify(src/python_package) by extensions ['colcon_meta']
[0.420s] Level 1:colcon.colcon_core.package_identification:_identify(src/python_package) by extension 'colcon_meta'
[0.420s] Level 1:colcon.colcon_core.package_identification:_identify(src/python_package) by extensions ['ros']
[0.420s] Level 1:colcon.colcon_core.package_identification:_identify(src/python_package) by extension 'ros'
[0.421s] DEBUG:colcon.colcon_core.package_identification:Package 'src/python_package' with type 'ros.ament_python' and name 'python_package'
[0.421s] Level 1:colcon.colcon_core.package_identification:_identify(src/python_tf2_pkg) by extensions ['ignore', 'ignore_ament_install']
[0.421s] Level 1:colcon.colcon_core.package_identification:_identify(src/python_tf2_pkg) by extension 'ignore'
[0.422s] Level 1:colcon.colcon_core.package_identification:_identify(src/python_tf2_pkg) by extension 'ignore_ament_install'
[0.422s] Level 1:colcon.colcon_core.package_identification:_identify(src/python_tf2_pkg) by extensions ['colcon_pkg']
[0.422s] Level 1:colcon.colcon_core.package_identification:_identify(src/python_tf2_pkg) by extension 'colcon_pkg'
[0.422s] Level 1:colcon.colcon_core.package_identification:_identify(src/python_tf2_pkg) by extensions ['colcon_meta']
[0.422s] Level 1:colcon.colcon_core.package_identification:_identify(src/python_tf2_pkg) by extension 'colcon_meta'
[0.422s] Level 1:colcon.colcon_core.package_identification:_identify(src/python_tf2_pkg) by extensions ['ros']
[0.422s] Level 1:colcon.colcon_core.package_identification:_identify(src/python_tf2_pkg) by extension 'ros'
[0.423s] DEBUG:colcon.colcon_core.package_identification:Package 'src/python_tf2_pkg' with type 'ros.ament_python' and name 'python_tf2_pkg'
[0.423s] Level 1:colcon.colcon_core.package_identification:_identify(src/robot_custom_msgs) by extensions ['ignore', 'ignore_ament_install']
[0.423s] Level 1:colcon.colcon_core.package_identification:_identify(src/robot_custom_msgs) by extension 'ignore'
[0.423s] Level 1:colcon.colcon_core.package_identification:_identify(src/robot_custom_msgs) by extension 'ignore_ament_install'
[0.423s] Level 1:colcon.colcon_core.package_identification:_identify(src/robot_custom_msgs) by extensions ['colcon_pkg']
[0.423s] Level 1:colcon.colcon_core.package_identification:_identify(src/robot_custom_msgs) by extension 'colcon_pkg'
[0.423s] Level 1:colcon.colcon_core.package_identification:_identify(src/robot_custom_msgs) by extensions ['colcon_meta']
[0.423s] Level 1:colcon.colcon_core.package_identification:_identify(src/robot_custom_msgs) by extension 'colcon_meta'
[0.423s] Level 1:colcon.colcon_core.package_identification:_identify(src/robot_custom_msgs) by extensions ['ros']
[0.423s] Level 1:colcon.colcon_core.package_identification:_identify(src/robot_custom_msgs) by extension 'ros'
[0.424s] DEBUG:colcon.colcon_core.package_identification:Package 'src/robot_custom_msgs' with type 'ros.ament_cmake' and name 'robot_custom_msgs'
[0.424s] Level 1:colcon.colcon_core.package_identification:_identify(src/turtle_action_client) by extensions ['ignore', 'ignore_ament_install']
[0.424s] Level 1:colcon.colcon_core.package_identification:_identify(src/turtle_action_client) by extension 'ignore'
[0.424s] Level 1:colcon.colcon_core.package_identification:_identify(src/turtle_action_client) by extension 'ignore_ament_install'
[0.424s] Level 1:colcon.colcon_core.package_identification:_identify(src/turtle_action_client) by extensions ['colcon_pkg']
[0.424s] Level 1:colcon.colcon_core.package_identification:_identify(src/turtle_action_client) by extension 'colcon_pkg'
[0.424s] Level 1:colcon.colcon_core.package_identification:_identify(src/turtle_action_client) by extensions ['colcon_meta']
[0.424s] Level 1:colcon.colcon_core.package_identification:_identify(src/turtle_action_client) by extension 'colcon_meta'
[0.424s] Level 1:colcon.colcon_core.package_identification:_identify(src/turtle_action_client) by extensions ['ros']
[0.425s] Level 1:colcon.colcon_core.package_identification:_identify(src/turtle_action_client) by extension 'ros'
[0.425s] DEBUG:colcon.colcon_core.package_identification:Package 'src/turtle_action_client' with type 'ros.ament_python' and name 'turtle_action_client'
[0.425s] Level 1:colcon.colcon_core.package_identification:_identify(src/turtlesim_controller) by extensions ['ignore', 'ignore_ament_install']
[0.426s] Level 1:colcon.colcon_core.package_identification:_identify(src/turtlesim_controller) by extension 'ignore'
[0.426s] Level 1:colcon.colcon_core.package_identification:_identify(src/turtlesim_controller) by extension 'ignore_ament_install'
[0.426s] Level 1:colcon.colcon_core.package_identification:_identify(src/turtlesim_controller) by extensions ['colcon_pkg']
[0.426s] Level 1:colcon.colcon_core.package_identification:_identify(src/turtlesim_controller) by extension 'colcon_pkg'
[0.426s] Level 1:colcon.colcon_core.package_identification:_identify(src/turtlesim_controller) by extensions ['colcon_meta']
[0.426s] Level 1:colcon.colcon_core.package_identification:_identify(src/turtlesim_controller) by extension 'colcon_meta'
[0.426s] Level 1:colcon.colcon_core.package_identification:_identify(src/turtlesim_controller) by extensions ['ros']
[0.426s] Level 1:colcon.colcon_core.package_identification:_identify(src/turtlesim_controller) by extension 'ros'
[0.427s] DEBUG:colcon.colcon_core.package_identification:Package 'src/turtlesim_controller' with type 'ros.ament_cmake' and name 'turtlesim_controller'
[0.427s] Level 1:colcon.colcon_core.package_identification:_identify(src/tutorial_1_action) by extensions ['ignore', 'ignore_ament_install']
[0.427s] Level 1:colcon.colcon_core.package_identification:_identify(src/tutorial_1_action) by extension 'ignore'
[0.427s] Level 1:colcon.colcon_core.package_identification:_identify(src/tutorial_1_action) by extension 'ignore_ament_install'
[0.427s] Level 1:colcon.colcon_core.package_identification:_identify(src/tutorial_1_action) by extensions ['colcon_pkg']
[0.427s] Level 1:colcon.colcon_core.package_identification:_identify(src/tutorial_1_action) by extension 'colcon_pkg'
[0.427s] Level 1:colcon.colcon_core.package_identification:_identify(src/tutorial_1_action) by extensions ['colcon_meta']
[0.427s] Level 1:colcon.colcon_core.package_identification:_identify(src/tutorial_1_action) by extension 'colcon_meta'
[0.427s] Level 1:colcon.colcon_core.package_identification:_identify(src/tutorial_1_action) by extensions ['ros']
[0.427s] Level 1:colcon.colcon_core.package_identification:_identify(src/tutorial_1_action) by extension 'ros'
[0.428s] DEBUG:colcon.colcon_core.package_identification:Package 'src/tutorial_1_action' with type 'ros.ament_python' and name 'tutorial_1_action'
[0.428s] Level 1:colcon.colcon_core.package_identification:_identify(src/tutorial_1_action_cpp) by extensions ['ignore', 'ignore_ament_install']
[0.428s] Level 1:colcon.colcon_core.package_identification:_identify(src/tutorial_1_action_cpp) by extension 'ignore'
[0.428s] Level 1:colcon.colcon_core.package_identification:_identify(src/tutorial_1_action_cpp) by extension 'ignore_ament_install'
[0.428s] Level 1:colcon.colcon_core.package_identification:_identify(src/tutorial_1_action_cpp) by extensions ['colcon_pkg']
[0.428s] Level 1:colcon.colcon_core.package_identification:_identify(src/tutorial_1_action_cpp) by extension 'colcon_pkg'
[0.428s] Level 1:colcon.colcon_core.package_identification:_identify(src/tutorial_1_action_cpp) by extensions ['colcon_meta']
[0.428s] Level 1:colcon.colcon_core.package_identification:_identify(src/tutorial_1_action_cpp) by extension 'colcon_meta'
[0.428s] Level 1:colcon.colcon_core.package_identification:_identify(src/tutorial_1_action_cpp) by extensions ['ros']
[0.428s] Level 1:colcon.colcon_core.package_identification:_identify(src/tutorial_1_action_cpp) by extension 'ros'
[0.429s] DEBUG:colcon.colcon_core.package_identification:Package 'src/tutorial_1_action_cpp' with type 'ros.ament_cmake' and name 'tutorial_1_action_cpp'
[0.429s] Level 1:colcon.colcon_core.package_discovery:discover_packages(recursive) using defaults
[0.429s] Level 1:colcon.colcon_core.package_discovery:discover_packages(ignore) discover
[0.429s] Level 1:colcon.colcon_core.package_discovery:discover_packages(ignore) using defaults
[0.429s] Level 1:colcon.colcon_core.package_discovery:discover_packages(path) discover
[0.429s] Level 1:colcon.colcon_core.package_discovery:discover_packages(path) using defaults
[0.468s] INFO:colcon.colcon_core.package_selection:Skipping not selected package 'action_assignment' in 'src/action_assignment'
[0.469s] INFO:colcon.colcon_core.package_selection:Skipping not selected package 'action_tutorials_interfaces' in 'src/action_tutorials_interfaces'
[0.469s] INFO:colcon.colcon_core.package_selection:Skipping not selected package 'assignment1_rt' in 'src/assignment1_rt'
[0.469s] INFO:colcon.colcon_core.package_selection:Skipping not selected package 'bme_gazebo_sensors' in 'src/bme_gazebo_sensors'
[0.469s] INFO:colcon.colcon_core.package_selection:Skipping not selected package 'cmake_package' in 'src/cmake_package'
[0.469s] INFO:colcon.colcon_core.package_selection:Skipping not selected package 'exam_example' in 'src/exam_example'
[0.469s] INFO:colcon.colcon_core.package_selection:Skipping not selected package 'fibonacci' in 'src/fibonacci'
[0.469s] INFO:colcon.colcon_core.package_selection:Skipping not selected package 'first_package_cpp' in 'src/first_package_cpp'
[0.469s] INFO:colcon.colcon_core.package_selection:Skipping not selected package 'first_package_py' in 'src/first_package_py'
[0.469s] INFO:colcon.colcon_core.package_selection:Skipping not selected package 'ob_first_package_cpp' in 'src/ob_first_package_cpp'
[0.469s] INFO:colcon.colcon_core.package_selection:Skipping not selected package 'python_package' in 'src/python_package'
[0.469s] INFO:colcon.colcon_core.package_selection:Skipping not selected package 'python_tf2_pkg' in 'src/python_tf2_pkg'
[0.469s] INFO:colcon.colcon_core.package_selection:Skipping not selected package 'robot_custom_msgs' in 'src/robot_custom_msgs'
[0.469s] INFO:colcon.colcon_core.package_selection:Skipping not selected package 'turtle_action_client' in 'src/turtle_action_client'
[0.469s] INFO:colcon.colcon_core.package_selection:Skipping not selected package 'tutorial_1_action' in 'src/tutorial_1_action'
[0.469s] INFO:colcon.colcon_core.package_selection:Skipping not selected package 'assignment1_rt_py' in 'src/assignment1_rt_py'
[0.469s] INFO:colcon.colcon_core.package_selection:Skipping not selected package 'assignment2_rt_py' in 'src/assignment2_rt_py'
[0.469s] INFO:colcon.colcon_core.package_selection:Skipping not selected package 'exam_example_2' in 'src/exam_example_2'
[0.469s] INFO:colcon.colcon_core.package_selection:Skipping not selected package 'turtlesim_controller' in 'src/turtlesim_controller'
[0.469s] Level 5:colcon.colcon_core.verb:set package 'tutorial_1_action_cpp' build argument 'cmake_args' from command line to 'None'
[0.469s] Level 5:colcon.colcon_core.verb:set package 'tutorial_1_action_cpp' build argument 'cmake_target' from command line to 'None'
[0.469s] Level 5:colcon.colcon_core.verb:set package 'tutorial_1_action_cpp' build argument 'cmake_target_skip_unavailable' from command line to 'False'
[0.469s] Level 5:colcon.colcon_core.verb:set package 'tutorial_1_action_cpp' build argument 'cmake_clean_cache' from command line to 'False'
[0.469s] Level 5:colcon.colcon_core.verb:set package 'tutorial_1_action_cpp' build argument 'cmake_clean_first' from command line to 'False'
[0.469s] Level 5:colcon.colcon_core.verb:set package 'tutorial_1_action_cpp' build argument 'cmake_force_configure' from command line to 'False'
[0.469s] Level 5:colcon.colcon_core.verb:set package 'tutorial_1_action_cpp' build argument 'ament_cmake_args' from command line to 'None'
[0.469s] Level 5:colcon.colcon_core.verb:set package 'tutorial_1_action_cpp' build argument 'catkin_cmake_args' from command line to 'None'
[0.469s] Level 5:colcon.colcon_core.verb:set package 'tutorial_1_action_cpp' build argument 'catkin_skip_building_tests' from command line to 'False'
[0.469s] DEBUG:colcon.colcon_core.verb:Building package 'tutorial_1_action_cpp' with the following arguments: {'ament_cmake_args': None, 'build_base': '/home/ubuntu/ros_workspace/build/tutorial_1_action_cpp', 'catkin_cmake_args': None, 'catkin_skip_building_tests': False, 'cmake_args': None, 'cmake_clean_cache': False, 'cmake_clean_first': False, 'cmake_force_configure': False, 'cmake_target': None, 'cmake_target_skip_unavailable': False, 'install_base': '/home/ubuntu/ros_workspace/install/tutorial_1_action_cpp', 'merge_install': False, 'path': '/home/ubuntu/ros_workspace/src/tutorial_1_action_cpp', 'symlink_install': False, 'test_result_base': None}
[0.469s] INFO:colcon.colcon_core.executor:Executing jobs using 'parallel' executor
[0.471s] DEBUG:colcon.colcon_parallel_executor.executor.parallel:run_until_complete
[0.471s] INFO:colcon.colcon_ros.task.ament_cmake.build:Building ROS package in '/home/ubuntu/ros_workspace/src/tutorial_1_action_cpp' with build type 'ament_cmake'
[0.471s] INFO:colcon.colcon_cmake.task.cmake.build:Building CMake package in '/home/ubuntu/ros_workspace/src/tutorial_1_action_cpp'
[0.477s] INFO:colcon.colcon_core.plugin_system:Skipping extension 'colcon_core.shell.bat': Not used on non-Windows systems
[0.477s] INFO:colcon.colcon_core.shell:Skip shell extension 'powershell' for command environment: Not usable outside of PowerShell
[0.477s] DEBUG:colcon.colcon_core.shell:Skip shell extension 'dsv' for command environment
[0.513s] DEBUG:colcon.colcon_core.event_handler.log_command:Invoking command in '/home/ubuntu/ros_workspace/build/tutorial_1_action_cpp': CMAKE_PREFIX_PATH=/home/ubuntu/ros_workspace/install/bme_gazebo_sensors:/home/ubuntu/ros_workspace/install/action_tutorials_interfaces:/home/ubuntu/ros_workspace/install/robot_custom_msgs:/home/ubuntu/ros_workspace/install/ob_first_package_cpp:/home/ubuntu/ros_workspace/install/first_package_cpp:/home/ubuntu/ros_workspace/install/cmake_package:/home/ubuntu/ros_workspace/install/assignment1_rt:/home/ubuntu/ros_workspace/install/action_assignment:/opt/ros/jazzy/opt/gz_launch_vendor:/opt/ros/jazzy/opt/gz_sim_vendor:/opt/ros/jazzy/opt/gz_sensors_vendor:/opt/ros/jazzy/opt/gz_physics_vendor:/opt/ros/jazzy/opt/sdformat_vendor:/opt/ros/jazzy/opt/gz_gui_vendor:/opt/ros/jazzy/opt/gz_transport_vendor:/opt/ros/jazzy/opt/gz_rendering_vendor:/opt/ros/jazzy/opt/gz_plugin_vendor:/opt/ros/jazzy/opt/gz_fuel_tools_vendor:/opt/ros/jazzy/opt/gz_msgs_vendor:/opt/ros/jazzy/opt/gz_common_vendor:/opt/ros/jazzy/opt/gz_math_vendor:/opt/ros/jazzy/opt/gz_utils_vendor:/opt/ros/jazzy/opt/gz_tools_vendor:/opt/ros/jazzy/opt/gz_ogre_next_vendor:/opt/ros/jazzy/opt/gz_dartsim_vendor:/opt/ros/jazzy/opt/gz_cmake_vendor:/home/ubuntu/ros_workspace/install/tutorial_1_action:/home/ubuntu/ros_workspace/install/turtle_action_client:/home/ubuntu/ros_workspace/install/assignment2_rt_py:/home/ubuntu/ros_workspace/install/assignment1_rt_py:/home/ubuntu/ros_workspace/install/python_tf2_pkg:/home/ubuntu/ros_workspace/install/python_package:/home/ubuntu/ros_workspace/install/first_package_py:/home/ubuntu/ros_workspace/install/fibonacci:/home/ubuntu/ros_workspace/install/exam_example_2:/home/ubuntu/ros_workspace/install/exam_example:/opt/ros/jazzy LD_LIBRARY_PATH=/home/ubuntu/ros_workspace/install/action_tutorials_interfaces/lib:/home/ubuntu/ros_workspace/install/robot_custom_msgs/lib:/home/ubuntu/ros_workspace/install/first_package_cpp/lib:/opt/ros/jazzy/opt/gz_launch_vendor/lib:/opt/ros/jazzy/opt/gz_sim_vendor/lib:/opt/ros/jazzy/opt/gz_sensors_vendor/lib:/opt/ros/jazzy/opt/gz_physics_vendor/lib:/opt/ros/jazzy/opt/sdformat_vendor/lib:/opt/ros/jazzy/opt/rviz_ogre_vendor/lib:/opt/ros/jazzy/lib/x86_64-linux-gnu:/opt/ros/jazzy/opt/gz_gui_vendor/lib:/opt/ros/jazzy/opt/gz_transport_vendor/lib:/opt/ros/jazzy/opt/gz_rendering_vendor/lib:/opt/ros/jazzy/opt/gz_plugin_vendor/lib:/opt/ros/jazzy/opt/gz_fuel_tools_vendor/lib:/opt/ros/jazzy/opt/gz_msgs_vendor/lib:/opt/ros/jazzy/opt/gz_common_vendor/lib:/opt/ros/jazzy/opt/gz_math_vendor/lib:/opt/ros/jazzy/opt/gz_utils_vendor/lib:/opt/ros/jazzy/opt/gz_tools_vendor/lib:/opt/ros/jazzy/opt/gz_ogre_next_vendor/lib:/opt/ros/jazzy/opt/gz_dartsim_vendor/lib:/opt/ros/jazzy/opt/gz_cmake_vendor/lib:/opt/ros/jazzy/lib PYTHONPATH=/home/ubuntu/ros_workspace/install/action_tutorials_interfaces/lib/python3.12/site-packages:/home/ubuntu/ros_workspace/install/tutorial_1_action/lib/python3.12/site-packages:/home/ubuntu/ros_workspace/install/turtle_action_client/lib/python3.12/site-packages:/home/ubuntu/ros_workspace/install/assignment2_rt_py/lib/python3.12/site-packages:/home/ubuntu/ros_workspace/install/assignment1_rt_py/lib/python3.12/site-packages:/home/ubuntu/ros_workspace/install/robot_custom_msgs/lib/python3.12/site-packages:/home/ubuntu/ros_workspace/install/python_tf2_pkg/lib/python3.12/site-packages:/home/ubuntu/ros_workspace/install/python_package/lib/python3.12/site-packages:/home/ubuntu/ros_workspace/install/first_package_py/lib/python3.12/site-packages:/home/ubuntu/ros_workspace/install/fibonacci/lib/python3.12/site-packages:/home/ubuntu/ros_workspace/install/exam_example_2/lib/python3.12/site-packages:/home/ubuntu/ros_workspace/install/exam_example/lib/python3.12/site-packages:/opt/ros/jazzy/lib/python3.12/site-packages /usr/bin/cmake --build /home/ubuntu/ros_workspace/build/tutorial_1_action_cpp -- -j16 -l16
[0.718s] DEBUG:colcon.colcon_core.event_handler.log_command:Invoked command in '/home/ubuntu/ros_workspace/build/tutorial_1_action_cpp' returned '0': CMAKE_PREFIX_PATH=/home/ubuntu/ros_workspace/install/bme_gazebo_sensors:/home/ubuntu/ros_workspace/install/action_tutorials_interfaces:/home/ubuntu/ros_workspace/install/robot_custom_msgs:/home/ubuntu/ros_workspace/install/ob_first_package_cpp:/home/ubuntu/ros_workspace/install/first_package_cpp:/home/ubuntu/ros_workspace/install/cmake_package:/home/ubuntu/ros_workspace/install/assignment1_rt:/home/ubuntu/ros_workspace/install/action_assignment:/opt/ros/jazzy/opt/gz_launch_vendor:/opt/ros/jazzy/opt/gz_sim_vendor:/opt/ros/jazzy/opt/gz_sensors_vendor:/opt/ros/jazzy/opt/gz_physics_vendor:/opt/ros/jazzy/opt/sdformat_vendor:/opt/ros/jazzy/opt/gz_gui_vendor:/opt/ros/jazzy/opt/gz_transport_vendor:/opt/ros/jazzy/opt/gz_rendering_vendor:/opt/ros/jazzy/opt/gz_plugin_vendor:/opt/ros/jazzy/opt/gz_fuel_tools_vendor:/opt/ros/jazzy/opt/gz_msgs_vendor:/opt/ros/jazzy/opt/gz_common_vendor:/opt/ros/jazzy/opt/gz_math_vendor:/opt/ros/jazzy/opt/gz_utils_vendor:/opt/ros/jazzy/opt/gz_tools_vendor:/opt/ros/jazzy/opt/gz_ogre_next_vendor:/opt/ros/jazzy/opt/gz_dartsim_vendor:/opt/ros/jazzy/opt/gz_cmake_vendor:/home/ubuntu/ros_workspace/install/tutorial_1_action:/home/ubuntu/ros_workspace/install/turtle_action_client:/home/ubuntu/ros_workspace/install/assignment2_rt_py:/home/ubuntu/ros_workspace/install/assignment1_rt_py:/home/ubuntu/ros_workspace/install/python_tf2_pkg:/home/ubuntu/ros_workspace/install/python_package:/home/ubuntu/ros_workspace/install/first_package_py:/home/ubuntu/ros_workspace/install/fibonacci:/home/ubuntu/ros_workspace/install/exam_example_2:/home/ubuntu/ros_workspace/install/exam_example:/opt/ros/jazzy LD_LIBRARY_PATH=/home/ubuntu/ros_workspace/install/action_tutorials_interfaces/lib:/home/ubuntu/ros_workspace/install/robot_custom_msgs/lib:/home/ubuntu/ros_workspace/install/first_package_cpp/lib:/opt/ros/jazzy/opt/gz_launch_vendor/lib:/opt/ros/jazzy/opt/gz_sim_vendor/lib:/opt/ros/jazzy/opt/gz_sensors_vendor/lib:/opt/ros/jazzy/opt/gz_physics_vendor/lib:/opt/ros/jazzy/opt/sdformat_vendor/lib:/opt/ros/jazzy/opt/rviz_ogre_vendor/lib:/opt/ros/jazzy/lib/x86_64-linux-gnu:/opt/ros/jazzy/opt/gz_gui_vendor/lib:/opt/ros/jazzy/opt/gz_transport_vendor/lib:/opt/ros/jazzy/opt/gz_rendering_vendor/lib:/opt/ros/jazzy/opt/gz_plugin_vendor/lib:/opt/ros/jazzy/opt/gz_fuel_tools_vendor/lib:/opt/ros/jazzy/opt/gz_msgs_vendor/lib:/opt/ros/jazzy/opt/gz_common_vendor/lib:/opt/ros/jazzy/opt/gz_math_vendor/lib:/opt/ros/jazzy/opt/gz_utils_vendor/lib:/opt/ros/jazzy/opt/gz_tools_vendor/lib:/opt/ros/jazzy/opt/gz_ogre_next_vendor/lib:/opt/ros/jazzy/opt/gz_dartsim_vendor/lib:/opt/ros/jazzy/opt/gz_cmake_vendor/lib:/opt/ros/jazzy/lib PYTHONPATH=/home/ubuntu/ros_workspace/install/action_tutorials_interfaces/lib/python3.12/site-packages:/home/ubuntu/ros_workspace/install/tutorial_1_action/lib/python3.12/site-packages:/home/ubuntu/ros_workspace/install/turtle_action_client/lib/python3.12/site-packages:/home/ubuntu/ros_workspace/install/assignment2_rt_py/lib/python3.12/site-packages:/home/ubuntu/ros_workspace/install/assignment1_rt_py/lib/python3.12/site-packages:/home/ubuntu/ros_workspace/install/robot_custom_msgs/lib/python3.12/site-packages:/home/ubuntu/ros_workspace/install/python_tf2_pkg/lib/python3.12/site-packages:/home/ubuntu/ros_workspace/install/python_package/lib/python3.12/site-packages:/home/ubuntu/ros_workspace/install/first_package_py/lib/python3.12/site-packages:/home/ubuntu/ros_workspace/install/fibonacci/lib/python3.12/site-packages:/home/ubuntu/ros_workspace/install/exam_example_2/lib/python3.12/site-packages:/home/ubuntu/ros_workspace/install/exam_example/lib/python3.12/site-packages:/opt/ros/jazzy/lib/python3.12/site-packages /usr/bin/cmake --build /home/ubuntu/ros_workspace/build/tutorial_1_action_cpp -- -j16 -l16
[0.736s] DEBUG:colcon.colcon_core.event_handler.log_command:Invoking command in '/home/ubuntu/ros_workspace/build/tutorial_1_action_cpp': CMAKE_PREFIX_PATH=/home/ubuntu/ros_workspace/install/bme_gazebo_sensors:/home/ubuntu/ros_workspace/install/action_tutorials_interfaces:/home/ubuntu/ros_workspace/install/robot_custom_msgs:/home/ubuntu/ros_workspace/install/ob_first_package_cpp:/home/ubuntu/ros_workspace/install/first_package_cpp:/home/ubuntu/ros_workspace/install/cmake_package:/home/ubuntu/ros_workspace/install/assignment1_rt:/home/ubuntu/ros_workspace/install/action_assignment:/opt/ros/jazzy/opt/gz_launch_vendor:/opt/ros/jazzy/opt/gz_sim_vendor:/opt/ros/jazzy/opt/gz_sensors_vendor:/opt/ros/jazzy/opt/gz_physics_vendor:/opt/ros/jazzy/opt/sdformat_vendor:/opt/ros/jazzy/opt/gz_gui_vendor:/opt/ros/jazzy/opt/gz_transport_vendor:/opt/ros/jazzy/opt/gz_rendering_vendor:/opt/ros/jazzy/opt/gz_plugin_vendor:/opt/ros/jazzy/opt/gz_fuel_tools_vendor:/opt/ros/jazzy/opt/gz_msgs_vendor:/opt/ros/jazzy/opt/gz_common_vendor:/opt/ros/jazzy/opt/gz_math_vendor:/opt/ros/jazzy/opt/gz_utils_vendor:/opt/ros/jazzy/opt/gz_tools_vendor:/opt/ros/jazzy/opt/gz_ogre_next_vendor:/opt/ros/jazzy/opt/gz_dartsim_vendor:/opt/ros/jazzy/opt/gz_cmake_vendor:/home/ubuntu/ros_workspace/install/tutorial_1_action:/home/ubuntu/ros_workspace/install/turtle_action_client:/home/ubuntu/ros_workspace/install/assignment2_rt_py:/home/ubuntu/ros_workspace/install/assignment1_rt_py:/home/ubuntu/ros_workspace/install/python_tf2_pkg:/home/ubuntu/ros_workspace/install/python_package:/home/ubuntu/ros_workspace/install/first_package_py:/home/ubuntu/ros_workspace/install/fibonacci:/home/ubuntu/ros_workspace/install/exam_example_2:/home/ubuntu/ros_workspace/install/exam_example:/opt/ros/jazzy LD_LIBRARY_PATH=/home/ubuntu/ros_workspace/install/action_tutorials_interfaces/lib:/home/ubuntu/ros_workspace/install/robot_custom_msgs/lib:/home/ubuntu/ros_workspace/install/first_package_cpp/lib:/opt/ros/jazzy/opt/gz_launch_vendor/lib:/opt/ros/jazzy/opt/gz_sim_vendor/lib:/opt/ros/jazzy/opt/gz_sensors_vendor/lib:/opt/ros/jazzy/opt/gz_physics_vendor/lib:/opt/ros/jazzy/opt/sdformat_vendor/lib:/opt/ros/jazzy/opt/rviz_ogre_vendor/lib:/opt/ros/jazzy/lib/x86_64-linux-gnu:/opt/ros/jazzy/opt/gz_gui_vendor/lib:/opt/ros/jazzy/opt/gz_transport_vendor/lib:/opt/ros/jazzy/opt/gz_rendering_vendor/lib:/opt/ros/jazzy/opt/gz_plugin_vendor/lib:/opt/ros/jazzy/opt/gz_fuel_tools_vendor/lib:/opt/ros/jazzy/opt/gz_msgs_vendor/lib:/opt/ros/jazzy/opt/gz_common_vendor/lib:/opt/ros/jazzy/opt/gz_math_vendor/lib:/opt/ros/jazzy/opt/gz_utils_vendor/lib:/opt/ros/jazzy/opt/gz_tools_vendor/lib:/opt/ros/jazzy/opt/gz_ogre_next_vendor/lib:/opt/ros/jazzy/opt/gz_dartsim_vendor/lib:/opt/ros/jazzy/opt/gz_cmake_vendor/lib:/opt/ros/jazzy/lib PYTHONPATH=/home/ubuntu/ros_workspace/install/action_tutorials_interfaces/lib/python3.12/site-packages:/home/ubuntu/ros_workspace/install/tutorial_1_action/lib/python3.12/site-packages:/home/ubuntu/ros_workspace/install/turtle_action_client/lib/python3.12/site-packages:/home/ubuntu/ros_workspace/install/assignment2_rt_py/lib/python3.12/site-packages:/home/ubuntu/ros_workspace/install/assignment1_rt_py/lib/python3.12/site-packages:/home/ubuntu/ros_workspace/install/robot_custom_msgs/lib/python3.12/site-packages:/home/ubuntu/ros_workspace/install/python_tf2_pkg/lib/python3.12/site-packages:/home/ubuntu/ros_workspace/install/python_package/lib/python3.12/site-packages:/home/ubuntu/ros_workspace/install/first_package_py/lib/python3.12/site-packages:/home/ubuntu/ros_workspace/install/fibonacci/lib/python3.12/site-packages:/home/ubuntu/ros_workspace/install/exam_example_2/lib/python3.12/site-packages:/home/ubuntu/ros_workspace/install/exam_example/lib/python3.12/site-packages:/opt/ros/jazzy/lib/python3.12/site-packages /usr/bin/cmake --install /home/ubuntu/ros_workspace/build/tutorial_1_action_cpp
[0.782s] Level 1:colcon.colcon_core.environment:create_environment_scripts_only(tutorial_1_action_cpp)
[0.783s] DEBUG:colcon.colcon_core.event_handler.log_command:Invoked command in '/home/ubuntu/ros_workspace/build/tutorial_1_action_cpp' returned '0': CMAKE_PREFIX_PATH=/home/ubuntu/ros_workspace/install/bme_gazebo_sensors:/home/ubuntu/ros_workspace/install/action_tutorials_interfaces:/home/ubuntu/ros_workspace/install/robot_custom_msgs:/home/ubuntu/ros_workspace/install/ob_first_package_cpp:/home/ubuntu/ros_workspace/install/first_package_cpp:/home/ubuntu/ros_workspace/install/cmake_package:/home/ubuntu/ros_workspace/install/assignment1_rt:/home/ubuntu/ros_workspace/install/action_assignment:/opt/ros/jazzy/opt/gz_launch_vendor:/opt/ros/jazzy/opt/gz_sim_vendor:/opt/ros/jazzy/opt/gz_sensors_vendor:/opt/ros/jazzy/opt/gz_physics_vendor:/opt/ros/jazzy/opt/sdformat_vendor:/opt/ros/jazzy/opt/gz_gui_vendor:/opt/ros/jazzy/opt/gz_transport_vendor:/opt/ros/jazzy/opt/gz_rendering_vendor:/opt/ros/jazzy/opt/gz_plugin_vendor:/opt/ros/jazzy/opt/gz_fuel_tools_vendor:/opt/ros/jazzy/opt/gz_msgs_vendor:/opt/ros/jazzy/opt/gz_common_vendor:/opt/ros/jazzy/opt/gz_math_vendor:/opt/ros/jazzy/opt/gz_utils_vendor:/opt/ros/jazzy/opt/gz_tools_vendor:/opt/ros/jazzy/opt/gz_ogre_next_vendor:/opt/ros/jazzy/opt/gz_dartsim_vendor:/opt/ros/jazzy/opt/gz_cmake_vendor:/home/ubuntu/ros_workspace/install/tutorial_1_action:/home/ubuntu/ros_workspace/install/turtle_action_client:/home/ubuntu/ros_workspace/install/assignment2_rt_py:/home/ubuntu/ros_workspace/install/assignment1_rt_py:/home/ubuntu/ros_workspace/install/python_tf2_pkg:/home/ubuntu/ros_workspace/install/python_package:/home/ubuntu/ros_workspace/install/first_package_py:/home/ubuntu/ros_workspace/install/fibonacci:/home/ubuntu/ros_workspace/install/exam_example_2:/home/ubuntu/ros_workspace/install/exam_example:/opt/ros/jazzy LD_LIBRARY_PATH=/home/ubuntu/ros_workspace/install/action_tutorials_interfaces/lib:/home/ubuntu/ros_workspace/install/robot_custom_msgs/lib:/home/ubuntu/ros_workspace/install/first_package_cpp/lib:/opt/ros/jazzy/opt/gz_launch_vendor/lib:/opt/ros/jazzy/opt/gz_sim_vendor/lib:/opt/ros/jazzy/opt/gz_sensors_vendor/lib:/opt/ros/jazzy/opt/gz_physics_vendor/lib:/opt/ros/jazzy/opt/sdformat_vendor/lib:/opt/ros/jazzy/opt/rviz_ogre_vendor/lib:/opt/ros/jazzy/lib/x86_64-linux-gnu:/opt/ros/jazzy/opt/gz_gui_vendor/lib:/opt/ros/jazzy/opt/gz_transport_vendor/lib:/opt/ros/jazzy/opt/gz_rendering_vendor/lib:/opt/ros/jazzy/opt/gz_plugin_vendor/lib:/opt/ros/jazzy/opt/gz_fuel_tools_vendor/lib:/opt/ros/jazzy/opt/gz_msgs_vendor/lib:/opt/ros/jazzy/opt/gz_common_vendor/lib:/opt/ros/jazzy/opt/gz_math_vendor/lib:/opt/ros/jazzy/opt/gz_utils_vendor/lib:/opt/ros/jazzy/opt/gz_tools_vendor/lib:/opt/ros/jazzy/opt/gz_ogre_next_vendor/lib:/opt/ros/jazzy/opt/gz_dartsim_vendor/lib:/opt/ros/jazzy/opt/gz_cmake_vendor/lib:/opt/ros/jazzy/lib PYTHONPATH=/home/ubuntu/ros_workspace/install/action_tutorials_interfaces/lib/python3.12/site-packages:/home/ubuntu/ros_workspace/install/tutorial_1_action/lib/python3.12/site-packages:/home/ubuntu/ros_workspace/install/turtle_action_client/lib/python3.12/site-packages:/home/ubuntu/ros_workspace/install/assignment2_rt_py/lib/python3.12/site-packages:/home/ubuntu/ros_workspace/install/assignment1_rt_py/lib/python3.12/site-packages:/home/ubuntu/ros_workspace/install/robot_custom_msgs/lib/python3.12/site-packages:/home/ubuntu/ros_workspace/install/python_tf2_pkg/lib/python3.12/site-packages:/home/ubuntu/ros_workspace/install/python_package/lib/python3.12/site-packages:/home/ubuntu/ros_workspace/install/first_package_py/lib/python3.12/site-packages:/home/ubuntu/ros_workspace/install/fibonacci/lib/python3.12/site-packages:/home/ubuntu/ros_workspace/install/exam_example_2/lib/python3.12/site-packages:/home/ubuntu/ros_workspace/install/exam_example/lib/python3.12/site-packages:/opt/ros/jazzy/lib/python3.12/site-packages /usr/bin/cmake --install /home/ubuntu/ros_workspace/build/tutorial_1_action_cpp
[0.790s] Level 1:colcon.colcon_core.environment:checking '/home/ubuntu/ros_workspace/install/tutorial_1_action_cpp' for CMake module files
[0.791s] Level 1:colcon.colcon_core.environment:checking '/home/ubuntu/ros_workspace/install/tutorial_1_action_cpp' for CMake config files
[0.791s] Level 1:colcon.colcon_core.shell:create_environment_hook('tutorial_1_action_cpp', 'cmake_prefix_path')
[0.791s] INFO:colcon.colcon_core.shell:Creating environment hook '/home/ubuntu/ros_workspace/install/tutorial_1_action_cpp/share/tutorial_1_action_cpp/hook/cmake_prefix_path.ps1'
[0.793s] INFO:colcon.colcon_core.shell:Creating environment descriptor '/home/ubuntu/ros_workspace/install/tutorial_1_action_cpp/share/tutorial_1_action_cpp/hook/cmake_prefix_path.dsv'
[0.793s] INFO:colcon.colcon_core.shell:Creating environment hook '/home/ubuntu/ros_workspace/install/tutorial_1_action_cpp/share/tutorial_1_action_cpp/hook/cmake_prefix_path.sh'
[0.794s] Level 1:colcon.colcon_core.environment:checking '/home/ubuntu/ros_workspace/install/tutorial_1_action_cpp/lib'
[0.794s] Level 1:colcon.colcon_core.shell:create_environment_hook('tutorial_1_action_cpp', 'ld_library_path_lib')
[0.794s] INFO:colcon.colcon_core.shell:Creating environment hook '/home/ubuntu/ros_workspace/install/tutorial_1_action_cpp/share/tutorial_1_action_cpp/hook/ld_library_path_lib.ps1'
[0.795s] INFO:colcon.colcon_core.shell:Creating environment descriptor '/home/ubuntu/ros_workspace/install/tutorial_1_action_cpp/share/tutorial_1_action_cpp/hook/ld_library_path_lib.dsv'
[0.796s] INFO:colcon.colcon_core.shell:Creating environment hook '/home/ubuntu/ros_workspace/install/tutorial_1_action_cpp/share/tutorial_1_action_cpp/hook/ld_library_path_lib.sh'
[0.796s] Level 1:colcon.colcon_core.environment:checking '/home/ubuntu/ros_workspace/install/tutorial_1_action_cpp/bin'
[0.796s] Level 1:colcon.colcon_core.environment:checking '/home/ubuntu/ros_workspace/install/tutorial_1_action_cpp/lib/pkgconfig/tutorial_1_action_cpp.pc'
[0.799s] Level 1:colcon.colcon_core.environment:checking '/home/ubuntu/ros_workspace/install/tutorial_1_action_cpp/lib/python3.12/site-packages'
[0.799s] Level 1:colcon.colcon_core.environment:checking '/home/ubuntu/ros_workspace/install/tutorial_1_action_cpp/bin'
[0.799s] INFO:colcon.colcon_core.shell:Creating package script '/home/ubuntu/ros_workspace/install/tutorial_1_action_cpp/share/tutorial_1_action_cpp/package.ps1'
[0.801s] INFO:colcon.colcon_core.shell:Creating package descriptor '/home/ubuntu/ros_workspace/install/tutorial_1_action_cpp/share/tutorial_1_action_cpp/package.dsv'
[0.802s] INFO:colcon.colcon_core.shell:Creating package script '/home/ubuntu/ros_workspace/install/tutorial_1_action_cpp/share/tutorial_1_action_cpp/package.sh'
[0.803s] INFO:colcon.colcon_core.shell:Creating package script '/home/ubuntu/ros_workspace/install/tutorial_1_action_cpp/share/tutorial_1_action_cpp/package.bash'
[0.805s] INFO:colcon.colcon_core.shell:Creating package script '/home/ubuntu/ros_workspace/install/tutorial_1_action_cpp/share/tutorial_1_action_cpp/package.zsh'
[0.806s] Level 1:colcon.colcon_core.environment:create_file_with_runtime_dependencies(/home/ubuntu/ros_workspace/install/tutorial_1_action_cpp/share/colcon-core/packages/tutorial_1_action_cpp)
[0.806s] Level 1:colcon.colcon_core.environment:create_environment_scripts_only(tutorial_1_action_cpp)
[0.806s] Level 1:colcon.colcon_core.environment:checking '/home/ubuntu/ros_workspace/install/tutorial_1_action_cpp' for CMake module files
[0.807s] Level 1:colcon.colcon_core.environment:checking '/home/ubuntu/ros_workspace/install/tutorial_1_action_cpp' for CMake config files
[0.807s] Level 1:colcon.colcon_core.shell:create_environment_hook('tutorial_1_action_cpp', 'cmake_prefix_path')
[0.807s] INFO:colcon.colcon_core.shell:Creating environment hook '/home/ubuntu/ros_workspace/install/tutorial_1_action_cpp/share/tutorial_1_action_cpp/hook/cmake_prefix_path.ps1'
[0.808s] INFO:colcon.colcon_core.shell:Creating environment descriptor '/home/ubuntu/ros_workspace/install/tutorial_1_action_cpp/share/tutorial_1_action_cpp/hook/cmake_prefix_path.dsv'
[0.808s] INFO:colcon.colcon_core.shell:Creating environment hook '/home/ubuntu/ros_workspace/install/tutorial_1_action_cpp/share/tutorial_1_action_cpp/hook/cmake_prefix_path.sh'
[0.809s] Level 1:colcon.colcon_core.environment:checking '/home/ubuntu/ros_workspace/install/tutorial_1_action_cpp/lib'
[0.809s] Level 1:colcon.colcon_core.shell:create_environment_hook('tutorial_1_action_cpp', 'ld_library_path_lib')
[0.809s] INFO:colcon.colcon_core.shell:Creating environment hook '/home/ubuntu/ros_workspace/install/tutorial_1_action_cpp/share/tutorial_1_action_cpp/hook/ld_library_path_lib.ps1'
[0.809s] INFO:colcon.colcon_core.shell:Creating environment descriptor '/home/ubuntu/ros_workspace/install/tutorial_1_action_cpp/share/tutorial_1_action_cpp/hook/ld_library_path_lib.dsv'
[0.810s] INFO:colcon.colcon_core.shell:Creating environment hook '/home/ubuntu/ros_workspace/install/tutorial_1_action_cpp/share/tutorial_1_action_cpp/hook/ld_library_path_lib.sh'
[0.810s] Level 1:colcon.colcon_core.environment:checking '/home/ubuntu/ros_workspace/install/tutorial_1_action_cpp/bin'
[0.810s] Level 1:colcon.colcon_core.environment:checking '/home/ubuntu/ros_workspace/install/tutorial_1_action_cpp/lib/pkgconfig/tutorial_1_action_cpp.pc'
[0.810s] Level 1:colcon.colcon_core.environment:checking '/home/ubuntu/ros_workspace/install/tutorial_1_action_cpp/lib/python3.12/site-packages'
[0.811s] Level 1:colcon.colcon_core.environment:checking '/home/ubuntu/ros_workspace/install/tutorial_1_action_cpp/bin'
[0.811s] INFO:colcon.colcon_core.shell:Creating package script '/home/ubuntu/ros_workspace/install/tutorial_1_action_cpp/share/tutorial_1_action_cpp/package.ps1'
[0.811s] INFO:colcon.colcon_core.shell:Creating package descriptor '/home/ubuntu/ros_workspace/install/tutorial_1_action_cpp/share/tutorial_1_action_cpp/package.dsv'
[0.812s] INFO:colcon.colcon_core.shell:Creating package script '/home/ubuntu/ros_workspace/install/tutorial_1_action_cpp/share/tutorial_1_action_cpp/package.sh'
[0.812s] INFO:colcon.colcon_core.shell:Creating package script '/home/ubuntu/ros_workspace/install/tutorial_1_action_cpp/share/tutorial_1_action_cpp/package.bash'
[0.812s] INFO:colcon.colcon_core.shell:Creating package script '/home/ubuntu/ros_workspace/install/tutorial_1_action_cpp/share/tutorial_1_action_cpp/package.zsh'
[0.813s] Level 1:colcon.colcon_core.environment:create_file_with_runtime_dependencies(/home/ubuntu/ros_workspace/install/tutorial_1_action_cpp/share/colcon-core/packages/tutorial_1_action_cpp)
[0.813s] DEBUG:colcon.colcon_parallel_executor.executor.parallel:closing loop
[0.814s] DEBUG:colcon.colcon_parallel_executor.executor.parallel:loop closed
[0.814s] DEBUG:colcon.colcon_parallel_executor.executor.parallel:run_until_complete finished with '0'
[0.814s] DEBUG:colcon.colcon_core.event_reactor:joining thread
[0.829s] INFO:colcon.colcon_core.plugin_system:Skipping extension 'colcon_notification.desktop_notification.notify_send': Could not find 'notify-send'
[0.829s] INFO:colcon.colcon_core.plugin_system:Skipping extension 'colcon_notification.desktop_notification.terminal_notifier': Not used on non-Darwin systems
[0.829s] INFO:colcon.colcon_core.plugin_system:Skipping extension 'colcon_notification.desktop_notification.win32': Not used on non-Windows systems
[0.829s] INFO:colcon.colcon_notification.desktop_notification:Sending desktop notification using 'notify2'
[0.833s] DEBUG:colcon.colcon_notification.desktop_notification.notify2:Failed to initialize notify2: org.freedesktop.DBus.Error.Spawn.ExecFailed: /usr/bin/dbus-launch terminated abnormally without any error message
[0.833s] DEBUG:colcon.colcon_core.event_reactor:joined thread
[0.834s] INFO:colcon.colcon_core.shell:Creating prefix script '/home/ubuntu/ros_workspace/install/local_setup.ps1'
[0.836s] INFO:colcon.colcon_core.shell:Creating prefix util module '/home/ubuntu/ros_workspace/install/_local_setup_util_ps1.py'
[0.838s] INFO:colcon.colcon_core.shell:Creating prefix chain script '/home/ubuntu/ros_workspace/install/setup.ps1'
[0.841s] INFO:colcon.colcon_core.shell:Creating prefix script '/home/ubuntu/ros_workspace/install/local_setup.sh'
[0.842s] INFO:colcon.colcon_core.shell:Creating prefix util module '/home/ubuntu/ros_workspace/install/_local_setup_util_sh.py'
[0.843s] INFO:colcon.colcon_core.shell:Creating prefix chain script '/home/ubuntu/ros_workspace/install/setup.sh'
[0.845s] INFO:colcon.colcon_core.shell:Creating prefix script '/home/ubuntu/ros_workspace/install/local_setup.bash'
[0.846s] INFO:colcon.colcon_core.shell:Creating prefix chain script '/home/ubuntu/ros_workspace/install/setup.bash'
[0.849s] INFO:colcon.colcon_core.shell:Creating prefix script '/home/ubuntu/ros_workspace/install/local_setup.zsh'
[0.850s] INFO:colcon.colcon_core.shell:Creating prefix chain script '/home/ubuntu/ros_workspace/install/setup.zsh'
