[1.488s] Invoking command in '/home/ubuntu/ros_workspace/src/assignment1_rt_py': PYTHONPATH=/home/ubuntu/ros_workspace/build/assignment1_rt_py/prefix_override:/usr/lib/python3/dist-packages/colcon_core/task/python/colcon_distutils_commands:/home/ubuntu/ros_workspace/install/assignment1_rt_py/lib/python3.12/site-packages:${PYTHONPATH} /usr/bin/python3 -W ignore:setup.py install is deprecated -W ignore:easy_install command is deprecated setup.py egg_info --egg-base ../../build/assignment1_rt_py build --build-base /home/ubuntu/ros_workspace/build/assignment1_rt_py/build install --record /home/ubuntu/ros_workspace/build/assignment1_rt_py/install.log --single-version-externally-managed install_data
[1.794s] running egg_info
[1.795s] creating ../../build/assignment1_rt_py/assignment1_rt_py.egg-info
[1.813s] writing ../../build/assignment1_rt_py/assignment1_rt_py.egg-info/PKG-INFO
[1.814s] writing dependency_links to ../../build/assignment1_rt_py/assignment1_rt_py.egg-info/dependency_links.txt
[1.814s] writing requirements to ../../build/assignment1_rt_py/assignment1_rt_py.egg-info/requires.txt
[1.814s] writing top-level names to ../../build/assignment1_rt_py/assignment1_rt_py.egg-info/top_level.txt
[1.814s] writing manifest file '../../build/assignment1_rt_py/assignment1_rt_py.egg-info/SOURCES.txt'
[1.853s] reading manifest file '../../build/assignment1_rt_py/assignment1_rt_py.egg-info/SOURCES.txt'
[1.854s] writing manifest file '../../build/assignment1_rt_py/assignment1_rt_py.egg-info/SOURCES.txt'
[1.854s] running build
[1.854s] running build_py
[1.854s] creating /home/ubuntu/ros_workspace/build/assignment1_rt_py/build
[1.855s] creating /home/ubuntu/ros_workspace/build/assignment1_rt_py/build/lib
[1.856s] creating /home/ubuntu/ros_workspace/build/assignment1_rt_py/build/lib/assignment1_rt_py
[1.857s] copying assignment1_rt_py/turtle_spawn.py -> /home/ubuntu/ros_workspace/build/assignment1_rt_py/build/lib/assignment1_rt_py
[1.858s] copying assignment1_rt_py/two_turtles.py -> /home/ubuntu/ros_workspace/build/assignment1_rt_py/build/lib/assignment1_rt_py
[1.858s] copying assignment1_rt_py/__init__.py -> /home/ubuntu/ros_workspace/build/assignment1_rt_py/build/lib/assignment1_rt_py
[1.858s] copying assignment1_rt_py/distance_calc.py -> /home/ubuntu/ros_workspace/build/assignment1_rt_py/build/lib/assignment1_rt_py
[1.859s] running install
[1.865s] running install_lib
[1.883s] creating /home/ubuntu/ros_workspace/install/assignment1_rt_py/lib/python3.12/site-packages/assignment1_rt_py
[1.883s] copying /home/ubuntu/ros_workspace/build/assignment1_rt_py/build/lib/assignment1_rt_py/turtle_spawn.py -> /home/ubuntu/ros_workspace/install/assignment1_rt_py/lib/python3.12/site-packages/assignment1_rt_py
[1.883s] copying /home/ubuntu/ros_workspace/build/assignment1_rt_py/build/lib/assignment1_rt_py/two_turtles.py -> /home/ubuntu/ros_workspace/install/assignment1_rt_py/lib/python3.12/site-packages/assignment1_rt_py
[1.884s] copying /home/ubuntu/ros_workspace/build/assignment1_rt_py/build/lib/assignment1_rt_py/__init__.py -> /home/ubuntu/ros_workspace/install/assignment1_rt_py/lib/python3.12/site-packages/assignment1_rt_py
[1.884s] copying /home/ubuntu/ros_workspace/build/assignment1_rt_py/build/lib/assignment1_rt_py/distance_calc.py -> /home/ubuntu/ros_workspace/install/assignment1_rt_py/lib/python3.12/site-packages/assignment1_rt_py
[1.885s] byte-compiling /home/ubuntu/ros_workspace/install/assignment1_rt_py/lib/python3.12/site-packages/assignment1_rt_py/turtle_spawn.py to turtle_spawn.cpython-312.pyc
[1.886s] byte-compiling /home/ubuntu/ros_workspace/install/assignment1_rt_py/lib/python3.12/site-packages/assignment1_rt_py/two_turtles.py to two_turtles.cpython-312.pyc
[1.888s]   File "/home/ubuntu/ros_workspace/install/assignment1_rt_py/lib/python3.12/site-packages/assignment1_rt_py/two_turtles.py", line 112
[1.888s]     elif self.valid_choice
[1.888s]                           ^
[1.888s] SyntaxError: expected ':'
[1.888s] 
[1.888s] byte-compiling /home/ubuntu/ros_workspace/install/assignment1_rt_py/lib/python3.12/site-packages/assignment1_rt_py/__init__.py to __init__.cpython-312.pyc
[1.888s] byte-compiling /home/ubuntu/ros_workspace/install/assignment1_rt_py/lib/python3.12/site-packages/assignment1_rt_py/distance_calc.py to distance_calc.cpython-312.pyc
[1.889s] running install_data
[1.889s] creating /home/ubuntu/ros_workspace/install/assignment1_rt_py/share/ament_index
[1.890s] creating /home/ubuntu/ros_workspace/install/assignment1_rt_py/share/ament_index/resource_index
[1.890s] creating /home/ubuntu/ros_workspace/install/assignment1_rt_py/share/ament_index/resource_index/packages
[1.891s] copying resource/assignment1_rt_py -> /home/ubuntu/ros_workspace/install/assignment1_rt_py/share/ament_index/resource_index/packages
[1.891s] copying package.xml -> /home/ubuntu/ros_workspace/install/assignment1_rt_py/share/assignment1_rt_py
[1.891s] running install_egg_info
[1.911s] Copying ../../build/assignment1_rt_py/assignment1_rt_py.egg-info to /home/ubuntu/ros_workspace/install/assignment1_rt_py/lib/python3.12/site-packages/assignment1_rt_py-0.0.0-py3.12.egg-info
[1.913s] running install_scripts
[2.046s] writing list of installed files to '/home/ubuntu/ros_workspace/build/assignment1_rt_py/install.log'
[2.081s] Invoked command in '/home/ubuntu/ros_workspace/src/assignment1_rt_py' returned '0': PYTHONPATH=/home/ubuntu/ros_workspace/build/assignment1_rt_py/prefix_override:/usr/lib/python3/dist-packages/colcon_core/task/python/colcon_distutils_commands:/home/ubuntu/ros_workspace/install/assignment1_rt_py/lib/python3.12/site-packages:${PYTHONPATH} /usr/bin/python3 -W ignore:setup.py install is deprecated -W ignore:easy_install command is deprecated setup.py egg_info --egg-base ../../build/assignment1_rt_py build --build-base /home/ubuntu/ros_workspace/build/assignment1_rt_py/build install --record /home/ubuntu/ros_workspace/build/assignment1_rt_py/install.log --single-version-externally-managed install_data
