[1.202s] Invoking command in '/home/ubuntu/ros_workspace/src/exam_example': PYTHONPATH=/home/ubuntu/ros_workspace/build/exam_example/prefix_override:/usr/lib/python3/dist-packages/colcon_core/task/python/colcon_distutils_commands:/home/ubuntu/ros_workspace/install/exam_example/lib/python3.12/site-packages:${PYTHONPATH} /usr/bin/python3 -W ignore:setup.py install is deprecated -W ignore:easy_install command is deprecated setup.py egg_info --egg-base ../../build/exam_example build --build-base /home/ubuntu/ros_workspace/build/exam_example/build install --record /home/ubuntu/ros_workspace/build/exam_example/install.log --single-version-externally-managed install_data
[1.433s] running egg_info
[1.448s] writing ../../build/exam_example/exam_example.egg-info/PKG-INFO
[1.449s] writing dependency_links to ../../build/exam_example/exam_example.egg-info/dependency_links.txt
[1.449s] writing entry points to ../../build/exam_example/exam_example.egg-info/entry_points.txt
[1.449s] writing requirements to ../../build/exam_example/exam_example.egg-info/requires.txt
[1.449s] writing top-level names to ../../build/exam_example/exam_example.egg-info/top_level.txt
[1.482s] reading manifest file '../../build/exam_example/exam_example.egg-info/SOURCES.txt'
[1.483s] writing manifest file '../../build/exam_example/exam_example.egg-info/SOURCES.txt'
[1.483s] running build
[1.483s] running build_py
[1.484s] running install
[1.488s] running install_lib
[1.505s] running install_data
[1.505s] creating /home/ubuntu/ros_workspace/install/exam_example/share/exam_example/launch
[1.506s] running install_egg_info
[1.524s] removing '/home/ubuntu/ros_workspace/install/exam_example/lib/python3.12/site-packages/exam_example-0.0.0-py3.12.egg-info' (and everything under it)
[1.525s] Copying ../../build/exam_example/exam_example.egg-info to /home/ubuntu/ros_workspace/install/exam_example/lib/python3.12/site-packages/exam_example-0.0.0-py3.12.egg-info
[1.527s] running install_scripts
[1.646s] Installing distance script to /home/ubuntu/ros_workspace/install/exam_example/lib/exam_example
[1.647s] Installing turtle2 script to /home/ubuntu/ros_workspace/install/exam_example/lib/exam_example
[1.647s] Installing turtles script to /home/ubuntu/ros_workspace/install/exam_example/lib/exam_example
[1.647s] writing list of installed files to '/home/ubuntu/ros_workspace/build/exam_example/install.log'
[1.682s] Invoked command in '/home/ubuntu/ros_workspace/src/exam_example' returned '0': PYTHONPATH=/home/ubuntu/ros_workspace/build/exam_example/prefix_override:/usr/lib/python3/dist-packages/colcon_core/task/python/colcon_distutils_commands:/home/ubuntu/ros_workspace/install/exam_example/lib/python3.12/site-packages:${PYTHONPATH} /usr/bin/python3 -W ignore:setup.py install is deprecated -W ignore:easy_install command is deprecated setup.py egg_info --egg-base ../../build/exam_example build --build-base /home/ubuntu/ros_workspace/build/exam_example/build install --record /home/ubuntu/ros_workspace/build/exam_example/install.log --single-version-externally-managed install_data
