[0.836s] Invoking command in '/home/ubuntu/ros_workspace/src/fibonacci': PYTHONPATH=/home/ubuntu/ros_workspace/build/fibonacci/prefix_override:/usr/lib/python3/dist-packages/colcon_core/task/python/colcon_distutils_commands:/home/ubuntu/ros_workspace/install/fibonacci/lib/python3.12/site-packages:${PYTHONPATH} /usr/bin/python3 -W ignore:setup.py install is deprecated -W ignore:easy_install command is deprecated setup.py egg_info --egg-base ../../build/fibonacci build --build-base /home/ubuntu/ros_workspace/build/fibonacci/build install --record /home/ubuntu/ros_workspace/build/fibonacci/install.log --single-version-externally-managed install_data
[1.100s] running egg_info
[1.117s] writing ../../build/fibonacci/fibonacci.egg-info/PKG-INFO
[1.117s] writing dependency_links to ../../build/fibonacci/fibonacci.egg-info/dependency_links.txt
[1.118s] writing entry points to ../../build/fibonacci/fibonacci.egg-info/entry_points.txt
[1.118s] writing requirements to ../../build/fibonacci/fibonacci.egg-info/requires.txt
[1.118s] writing top-level names to ../../build/fibonacci/fibonacci.egg-info/top_level.txt
[1.156s] reading manifest file '../../build/fibonacci/fibonacci.egg-info/SOURCES.txt'
[1.157s] writing manifest file '../../build/fibonacci/fibonacci.egg-info/SOURCES.txt'
[1.158s] running build
[1.158s] running build_py
[1.158s] running install
[1.163s] running install_lib
[1.182s] running install_data
[1.183s] running install_egg_info
[1.205s] removing '/home/ubuntu/ros_workspace/install/fibonacci/lib/python3.12/site-packages/fibonacci-0.0.0-py3.12.egg-info' (and everything under it)
[1.206s] Copying ../../build/fibonacci/fibonacci.egg-info to /home/ubuntu/ros_workspace/install/fibonacci/lib/python3.12/site-packages/fibonacci-0.0.0-py3.12.egg-info
[1.208s] running install_scripts
[1.346s] Installing fibonacci_client script to /home/ubuntu/ros_workspace/install/fibonacci/lib/fibonacci
[1.346s] Installing fibonacci_client_2 script to /home/ubuntu/ros_workspace/install/fibonacci/lib/fibonacci
[1.346s] Installing fibonacci_client_3 script to /home/ubuntu/ros_workspace/install/fibonacci/lib/fibonacci
[1.347s] Installing fibonacci_server script to /home/ubuntu/ros_workspace/install/fibonacci/lib/fibonacci
[1.347s] Installing fibonacci_server_2 script to /home/ubuntu/ros_workspace/install/fibonacci/lib/fibonacci
[1.347s] Installing fibonacci_server_3 script to /home/ubuntu/ros_workspace/install/fibonacci/lib/fibonacci
[1.347s] Installing fibonacci_server_4 script to /home/ubuntu/ros_workspace/install/fibonacci/lib/fibonacci
[1.347s] Installing fibonacci_server_5 script to /home/ubuntu/ros_workspace/install/fibonacci/lib/fibonacci
[1.348s] writing list of installed files to '/home/ubuntu/ros_workspace/build/fibonacci/install.log'
[1.383s] Invoked command in '/home/ubuntu/ros_workspace/src/fibonacci' returned '0': PYTHONPATH=/home/ubuntu/ros_workspace/build/fibonacci/prefix_override:/usr/lib/python3/dist-packages/colcon_core/task/python/colcon_distutils_commands:/home/ubuntu/ros_workspace/install/fibonacci/lib/python3.12/site-packages:${PYTHONPATH} /usr/bin/python3 -W ignore:setup.py install is deprecated -W ignore:easy_install command is deprecated setup.py egg_info --egg-base ../../build/fibonacci build --build-base /home/ubuntu/ros_workspace/build/fibonacci/build install --record /home/ubuntu/ros_workspace/build/fibonacci/install.log --single-version-externally-managed install_data
