[0.057s] Invoking command in '/home/ubuntu/ros_workspace/build/tutorial_1_action_cpp': CMAKE_PREFIX_PATH=/home/ubuntu/ros_workspace/install/bme_gazebo_sensors:/home/ubuntu/ros_workspace/install/action_tutorials_interfaces:/home/ubuntu/ros_workspace/install/robot_custom_msgs:/home/ubuntu/ros_workspace/install/ob_first_package_cpp:/home/ubuntu/ros_workspace/install/first_package_cpp:/home/ubuntu/ros_workspace/install/cmake_package:/home/ubuntu/ros_workspace/install/assignment1_rt:/home/ubuntu/ros_workspace/install/action_assignment:/opt/ros/jazzy/opt/gz_launch_vendor:/opt/ros/jazzy/opt/gz_sim_vendor:/opt/ros/jazzy/opt/gz_sensors_vendor:/opt/ros/jazzy/opt/gz_physics_vendor:/opt/ros/jazzy/opt/sdformat_vendor:/opt/ros/jazzy/opt/gz_gui_vendor:/opt/ros/jazzy/opt/gz_transport_vendor:/opt/ros/jazzy/opt/gz_rendering_vendor:/opt/ros/jazzy/opt/gz_plugin_vendor:/opt/ros/jazzy/opt/gz_fuel_tools_vendor:/opt/ros/jazzy/opt/gz_msgs_vendor:/opt/ros/jazzy/opt/gz_common_vendor:/opt/ros/jazzy/opt/gz_math_vendor:/opt/ros/jazzy/opt/gz_utils_vendor:/opt/ros/jazzy/opt/gz_tools_vendor:/opt/ros/jazzy/opt/gz_ogre_next_vendor:/opt/ros/jazzy/opt/gz_dartsim_vendor:/opt/ros/jazzy/opt/gz_cmake_vendor:/home/ubuntu/ros_workspace/install/tutorial_1_action:/home/ubuntu/ros_workspace/install/turtle_action_client:/home/ubuntu/ros_workspace/install/assignment2_rt_py:/home/ubuntu/ros_workspace/install/assignment1_rt_py:/home/ubuntu/ros_workspace/install/python_tf2_pkg:/home/ubuntu/ros_workspace/install/python_package:/home/ubuntu/ros_workspace/install/first_package_py:/home/ubuntu/ros_workspace/install/fibonacci:/home/ubuntu/ros_workspace/install/exam_example_2:/home/ubuntu/ros_workspace/install/exam_example:/opt/ros/jazzy LD_LIBRARY_PATH=/home/ubuntu/ros_workspace/install/action_tutorials_interfaces/lib:/home/ubuntu/ros_workspace/install/robot_custom_msgs/lib:/home/ubuntu/ros_workspace/install/first_package_cpp/lib:/opt/ros/jazzy/opt/gz_launch_vendor/lib:/opt/ros/jazzy/opt/gz_sim_vendor/lib:/opt/ros/jazzy/opt/gz_sensors_vendor/lib:/opt/ros/jazzy/opt/gz_physics_vendor/lib:/opt/ros/jazzy/opt/sdformat_vendor/lib:/opt/ros/jazzy/opt/rviz_ogre_vendor/lib:/opt/ros/jazzy/lib/x86_64-linux-gnu:/opt/ros/jazzy/opt/gz_gui_vendor/lib:/opt/ros/jazzy/opt/gz_transport_vendor/lib:/opt/ros/jazzy/opt/gz_rendering_vendor/lib:/opt/ros/jazzy/opt/gz_plugin_vendor/lib:/opt/ros/jazzy/opt/gz_fuel_tools_vendor/lib:/opt/ros/jazzy/opt/gz_msgs_vendor/lib:/opt/ros/jazzy/opt/gz_common_vendor/lib:/opt/ros/jazzy/opt/gz_math_vendor/lib:/opt/ros/jazzy/opt/gz_utils_vendor/lib:/opt/ros/jazzy/opt/gz_tools_vendor/lib:/opt/ros/jazzy/opt/gz_ogre_next_vendor/lib:/opt/ros/jazzy/opt/gz_dartsim_vendor/lib:/opt/ros/jazzy/opt/gz_cmake_vendor/lib:/opt/ros/jazzy/lib PYTHONPATH=/home/ubuntu/ros_workspace/install/action_tutorials_interfaces/lib/python3.12/site-packages:/home/ubuntu/ros_workspace/install/tutorial_1_action/lib/python3.12/site-packages:/home/ubuntu/ros_workspace/install/turtle_action_client/lib/python3.12/site-packages:/home/ubuntu/ros_workspace/install/assignment2_rt_py/lib/python3.12/site-packages:/home/ubuntu/ros_workspace/install/assignment1_rt_py/lib/python3.12/site-packages:/home/ubuntu/ros_workspace/install/robot_custom_msgs/lib/python3.12/site-packages:/home/ubuntu/ros_workspace/install/python_tf2_pkg/lib/python3.12/site-packages:/home/ubuntu/ros_workspace/install/python_package/lib/python3.12/site-packages:/home/ubuntu/ros_workspace/install/first_package_py/lib/python3.12/site-packages:/home/ubuntu/ros_workspace/install/fibonacci/lib/python3.12/site-packages:/home/ubuntu/ros_workspace/install/exam_example_2/lib/python3.12/site-packages:/home/ubuntu/ros_workspace/install/exam_example/lib/python3.12/site-packages:/opt/ros/jazzy/lib/python3.12/site-packages /usr/bin/cmake --build /home/ubuntu/ros_workspace/build/tutorial_1_action_cpp -- -j16 -l16
[0.393s] [ 16%] [32mBuilding CXX object CMakeFiles/client.dir/src/action_client.cpp.o[0m
[0.393s] [ 25%] Built target client_exe
[0.394s] [ 33%] [32mBuilding CXX object CMakeFiles/server.dir/src/action_server.cpp.o[0m
[0.394s] [ 41%] [32mBuilding CXX object CMakeFiles/cancel_client.dir/src/cancel_action.cpp.o[0m
[0.396s] [ 58%] Built target cancel_client_exe
[0.397s] [ 75%] Built target server_exe
[3.672s] [01m[K/home/ubuntu/ros_workspace/src/tutorial_1_action_cpp/src/cancel_action.cpp:[m[K In constructor ‘[01m[Ktutorial_1_action_cpp::RobotActionCancelClient::[01;32m[KRobotActionCancelClient[m[K(const rclcpp::NodeOptions&)[m[K’:
[3.672s] [01m[K/home/ubuntu/ros_workspace/src/tutorial_1_action_cpp/src/cancel_action.cpp:24:5:[m[K [01;31m[Kerror: [m[K‘[01m[Kclient_[m[K’ was not declared in this scope; did you mean ‘[01m[Kclient_ptr_[m[K’?
[3.672s]    24 |     [01;31m[Kclient_[m[K = rclcpp_action::create_client<Tut1>(this, "tutorial_1_action");
[3.672s]       |     [01;31m[K^~~~~~~[m[K
[3.672s]       |     [32m[Kclient_ptr_[m[K
[3.674s] [01m[K/home/ubuntu/ros_workspace/src/tutorial_1_action_cpp/src/cancel_action.cpp:[m[K In member function ‘[01m[Kvoid tutorial_1_action_cpp::RobotActionCancelClient::[01;32m[Ksend_goal[m[K(float)[m[K’:
[3.674s] [01m[K/home/ubuntu/ros_workspace/src/tutorial_1_action_cpp/src/cancel_action.cpp:42:63:[m[K [01;31m[Kerror: [m[K‘[01m[KTut1ActionClient[m[K’ has not been declared
[3.674s]    42 |         send_goal_options.goal_response_callback = std::bind(&[01;31m[KTut1ActionClient[m[K::goal_response_callback, this, std::placeholders::_1);
[3.674s]       |                                                               [01;31m[K^~~~~~~~~~~~~~~~[m[K
[3.674s] [01m[K/home/ubuntu/ros_workspace/src/tutorial_1_action_cpp/src/cancel_action.cpp:43:58:[m[K [01;31m[Kerror: [m[K‘[01m[KTut1ActionClient[m[K’ has not been declared
[3.674s]    43 |         send_goal_options.feedback_callback = std::bind(&[01;31m[KTut1ActionClient[m[K::feedback_callback, this, std::placeholders::_1, std::placeholders::_2);
[3.674s]       |                                                          [01;31m[K^~~~~~~~~~~~~~~~[m[K
[3.674s] [01m[K/home/ubuntu/ros_workspace/src/tutorial_1_action_cpp/src/cancel_action.cpp:44:56:[m[K [01;31m[Kerror: [m[K‘[01m[KTut1ActionClient[m[K’ has not been declared
[3.674s]    44 |         send_goal_options.result_callback = std::bind(&[01;31m[KTut1ActionClient[m[K::get_result_callback, this, std::placeholders::_1);
[3.674s]       |                                                        [01;31m[K^~~~~~~~~~~~~~~~[m[K
[3.680s] [01m[K/home/ubuntu/ros_workspace/src/tutorial_1_action_cpp/src/action_client.cpp:[m[K In constructor ‘[01m[Ktutorial_1_action_cpp::RobotActionClient::[01;32m[KRobotActionClient[m[K(const rclcpp::NodeOptions&)[m[K’:
[3.680s] [01m[K/home/ubuntu/ros_workspace/src/tutorial_1_action_cpp/src/action_client.cpp:25:5:[m[K [01;31m[Kerror: [m[K‘[01m[Kclient_[m[K’ was not declared in this scope; did you mean ‘[01m[Kclient_ptr_[m[K’?
[3.680s]    25 |     [01;31m[Kclient_[m[K = rclcpp_action::create_client<Tut1>(this, "tutorial_1_action");
[3.680s]       |     [01;31m[K^~~~~~~[m[K
[3.680s]       |     [32m[Kclient_ptr_[m[K
[3.697s] [01m[K/home/ubuntu/ros_workspace/src/tutorial_1_action_cpp/src/action_server.cpp:[m[K In constructor ‘[01m[Ktutorial_1_action_cpp::RobotActionServer::[01;32m[KRobotActionServer[m[K(const rclcpp::NodeOptions&)[m[K’:
[3.697s] [01m[K/home/ubuntu/ros_workspace/src/tutorial_1_action_cpp/src/action_server.cpp:34:5:[m[K [01;31m[Kerror: [m[K‘[01m[Kcb_group_[m[K’ was not declared in this scope
[3.697s]    34 |     [01;31m[Kcb_group_[m[K = this->create_callback_group(rclcpp::CallbackGroupType::Reentrant);
[3.697s]       |     [01;31m[K^~~~~~~~~[m[K
[3.703s] [01m[K/home/ubuntu/ros_workspace/src/tutorial_1_action_cpp/src/action_server.cpp:36:5:[m[K [01;31m[Kerror: [m[K‘[01m[Kpublisher_[m[K’ was not declared in this scope; did you mean ‘[01m[Kpublisher_1_[m[K’?
[3.703s]    36 |     [01;31m[Kpublisher_[m[K = this->create_publisher<geometry_msgs::msg::Twist>("/cmd_vel", 10);
[3.704s]       |     [01;31m[K^~~~~~~~~~[m[K
[3.704s]       |     [32m[Kpublisher_1_[m[K
[3.713s] [01m[K/home/ubuntu/ros_workspace/src/tutorial_1_action_cpp/src/action_server.cpp:40:5:[m[K [01;31m[Kerror: [m[K‘[01m[Ksubscription_[m[K’ was not declared in this scope; did you mean ‘[01m[Ksubscribe_[m[K’?
[3.713s]    40 |     [01;31m[Ksubscription_[m[K = this->create_subscription<nav_msgs::msg::Odometry>(
[3.713s]       |     [01;31m[K^~~~~~~~~~~~~[m[K
[3.713s]       |     [32m[Ksubscribe_[m[K
[3.720s] [01m[K/home/ubuntu/ros_workspace/src/tutorial_1_action_cpp/src/action_server.cpp:48:37:[m[K [01;31m[Kerror: [m[K‘[01m[Kgoal_callback[m[K’ is not a member of ‘[01m[Ktutorial_1_action_cpp::RobotActionServer[m[K’
[3.720s]    48 |       std::bind(&RobotActionServer::[01;31m[Kgoal_callback[m[K, this, _1, _2),
[3.720s]       |                                     [01;31m[K^~~~~~~~~~~~~[m[K
[3.720s] [01m[K/home/ubuntu/ros_workspace/src/tutorial_1_action_cpp/src/action_server.cpp:49:37:[m[K [01;31m[Kerror: [m[K‘[01m[Kcancel_callback[m[K’ is not a member of ‘[01m[Ktutorial_1_action_cpp::RobotActionServer[m[K’
[3.720s]    49 |       std::bind(&RobotActionServer::[01;31m[Kcancel_callback[m[K, this, _1),
[3.720s]       |                                     [01;31m[K^~~~~~~~~~~~~~~[m[K
[4.873s] gmake[2]: *** [CMakeFiles/cancel_client.dir/build.make:76: CMakeFiles/cancel_client.dir/src/cancel_action.cpp.o] Error 1
[4.874s] gmake[1]: *** [CMakeFiles/Makefile2:199: CMakeFiles/cancel_client.dir/all] Error 2
[4.874s] gmake[1]: *** Waiting for unfinished jobs....
[4.902s] gmake[2]: *** [CMakeFiles/client.dir/build.make:76: CMakeFiles/client.dir/src/action_client.cpp.o] Error 1
[4.902s] gmake[1]: *** [CMakeFiles/Makefile2:147: CMakeFiles/client.dir/all] Error 2
[6.192s] gmake[2]: *** [CMakeFiles/server.dir/build.make:76: CMakeFiles/server.dir/src/action_server.cpp.o] Error 1
[6.192s] gmake[1]: *** [CMakeFiles/Makefile2:173: CMakeFiles/server.dir/all] Error 2
[6.192s] gmake: *** [Makefile:146: all] Error 2
[6.196s] Invoked command in '/home/ubuntu/ros_workspace/build/tutorial_1_action_cpp' returned '2': CMAKE_PREFIX_PATH=/home/ubuntu/ros_workspace/install/bme_gazebo_sensors:/home/ubuntu/ros_workspace/install/action_tutorials_interfaces:/home/ubuntu/ros_workspace/install/robot_custom_msgs:/home/ubuntu/ros_workspace/install/ob_first_package_cpp:/home/ubuntu/ros_workspace/install/first_package_cpp:/home/ubuntu/ros_workspace/install/cmake_package:/home/ubuntu/ros_workspace/install/assignment1_rt:/home/ubuntu/ros_workspace/install/action_assignment:/opt/ros/jazzy/opt/gz_launch_vendor:/opt/ros/jazzy/opt/gz_sim_vendor:/opt/ros/jazzy/opt/gz_sensors_vendor:/opt/ros/jazzy/opt/gz_physics_vendor:/opt/ros/jazzy/opt/sdformat_vendor:/opt/ros/jazzy/opt/gz_gui_vendor:/opt/ros/jazzy/opt/gz_transport_vendor:/opt/ros/jazzy/opt/gz_rendering_vendor:/opt/ros/jazzy/opt/gz_plugin_vendor:/opt/ros/jazzy/opt/gz_fuel_tools_vendor:/opt/ros/jazzy/opt/gz_msgs_vendor:/opt/ros/jazzy/opt/gz_common_vendor:/opt/ros/jazzy/opt/gz_math_vendor:/opt/ros/jazzy/opt/gz_utils_vendor:/opt/ros/jazzy/opt/gz_tools_vendor:/opt/ros/jazzy/opt/gz_ogre_next_vendor:/opt/ros/jazzy/opt/gz_dartsim_vendor:/opt/ros/jazzy/opt/gz_cmake_vendor:/home/ubuntu/ros_workspace/install/tutorial_1_action:/home/ubuntu/ros_workspace/install/turtle_action_client:/home/ubuntu/ros_workspace/install/assignment2_rt_py:/home/ubuntu/ros_workspace/install/assignment1_rt_py:/home/ubuntu/ros_workspace/install/python_tf2_pkg:/home/ubuntu/ros_workspace/install/python_package:/home/ubuntu/ros_workspace/install/first_package_py:/home/ubuntu/ros_workspace/install/fibonacci:/home/ubuntu/ros_workspace/install/exam_example_2:/home/ubuntu/ros_workspace/install/exam_example:/opt/ros/jazzy LD_LIBRARY_PATH=/home/ubuntu/ros_workspace/install/action_tutorials_interfaces/lib:/home/ubuntu/ros_workspace/install/robot_custom_msgs/lib:/home/ubuntu/ros_workspace/install/first_package_cpp/lib:/opt/ros/jazzy/opt/gz_launch_vendor/lib:/opt/ros/jazzy/opt/gz_sim_vendor/lib:/opt/ros/jazzy/opt/gz_sensors_vendor/lib:/opt/ros/jazzy/opt/gz_physics_vendor/lib:/opt/ros/jazzy/opt/sdformat_vendor/lib:/opt/ros/jazzy/opt/rviz_ogre_vendor/lib:/opt/ros/jazzy/lib/x86_64-linux-gnu:/opt/ros/jazzy/opt/gz_gui_vendor/lib:/opt/ros/jazzy/opt/gz_transport_vendor/lib:/opt/ros/jazzy/opt/gz_rendering_vendor/lib:/opt/ros/jazzy/opt/gz_plugin_vendor/lib:/opt/ros/jazzy/opt/gz_fuel_tools_vendor/lib:/opt/ros/jazzy/opt/gz_msgs_vendor/lib:/opt/ros/jazzy/opt/gz_common_vendor/lib:/opt/ros/jazzy/opt/gz_math_vendor/lib:/opt/ros/jazzy/opt/gz_utils_vendor/lib:/opt/ros/jazzy/opt/gz_tools_vendor/lib:/opt/ros/jazzy/opt/gz_ogre_next_vendor/lib:/opt/ros/jazzy/opt/gz_dartsim_vendor/lib:/opt/ros/jazzy/opt/gz_cmake_vendor/lib:/opt/ros/jazzy/lib PYTHONPATH=/home/ubuntu/ros_workspace/install/action_tutorials_interfaces/lib/python3.12/site-packages:/home/ubuntu/ros_workspace/install/tutorial_1_action/lib/python3.12/site-packages:/home/ubuntu/ros_workspace/install/turtle_action_client/lib/python3.12/site-packages:/home/ubuntu/ros_workspace/install/assignment2_rt_py/lib/python3.12/site-packages:/home/ubuntu/ros_workspace/install/assignment1_rt_py/lib/python3.12/site-packages:/home/ubuntu/ros_workspace/install/robot_custom_msgs/lib/python3.12/site-packages:/home/ubuntu/ros_workspace/install/python_tf2_pkg/lib/python3.12/site-packages:/home/ubuntu/ros_workspace/install/python_package/lib/python3.12/site-packages:/home/ubuntu/ros_workspace/install/first_package_py/lib/python3.12/site-packages:/home/ubuntu/ros_workspace/install/fibonacci/lib/python3.12/site-packages:/home/ubuntu/ros_workspace/install/exam_example_2/lib/python3.12/site-packages:/home/ubuntu/ros_workspace/install/exam_example/lib/python3.12/site-packages:/opt/ros/jazzy/lib/python3.12/site-packages /usr/bin/cmake --build /home/ubuntu/ros_workspace/build/tutorial_1_action_cpp -- -j16 -l16
