[0.061s] Invoking command in '/home/ubuntu/ros_workspace/build/tutorial_1_action_cpp': AMENT_PREFIX_PATH=/home/ubuntu/ros_workspace/install/bme_gazebo_sensors:/home/ubuntu/ros_workspace/install/action_tutorials_interfaces:${AMENT_PREFIX_PATH} CMAKE_PREFIX_PATH=/home/ubuntu/ros_workspace/install/bme_gazebo_sensors:/home/ubuntu/ros_workspace/install/action_tutorials_interfaces:/opt/ros/jazzy/opt/gz_launch_vendor:/opt/ros/jazzy/opt/gz_sim_vendor:/opt/ros/jazzy/opt/gz_sensors_vendor:/opt/ros/jazzy/opt/gz_physics_vendor:/opt/ros/jazzy/opt/sdformat_vendor:/opt/ros/jazzy/opt/gz_gui_vendor:/opt/ros/jazzy/opt/gz_transport_vendor:/opt/ros/jazzy/opt/gz_rendering_vendor:/opt/ros/jazzy/opt/gz_plugin_vendor:/opt/ros/jazzy/opt/gz_fuel_tools_vendor:/opt/ros/jazzy/opt/gz_msgs_vendor:/opt/ros/jazzy/opt/gz_common_vendor:/opt/ros/jazzy/opt/gz_math_vendor:/opt/ros/jazzy/opt/gz_utils_vendor:/opt/ros/jazzy/opt/gz_tools_vendor:/opt/ros/jazzy/opt/gz_ogre_next_vendor:/opt/ros/jazzy/opt/gz_dartsim_vendor:/opt/ros/jazzy/opt/gz_cmake_vendor:/opt/ros/jazzy LD_LIBRARY_PATH=/home/ubuntu/ros_workspace/install/action_tutorials_interfaces/lib:${LD_LIBRARY_PATH} PYTHONPATH=/home/ubuntu/ros_workspace/install/action_tutorials_interfaces/lib/python3.12/site-packages:${PYTHONPATH} /usr/bin/cmake --build /home/ubuntu/ros_workspace/build/tutorial_1_action_cpp -- -j16 -l16
[0.363s] [ 16%] Built target cancel_client_exe
[0.369s] [ 33%] Built target client_exe
[0.373s] [ 50%] Built target server_exe
[0.373s] [ 66%] Built target client
[0.388s] [ 83%] Built target cancel_client
[0.417s] [100%] Built target server
[0.453s] Invoked command in '/home/ubuntu/ros_workspace/build/tutorial_1_action_cpp' returned '0': AMENT_PREFIX_PATH=/home/ubuntu/ros_workspace/install/bme_gazebo_sensors:/home/ubuntu/ros_workspace/install/action_tutorials_interfaces:${AMENT_PREFIX_PATH} CMAKE_PREFIX_PATH=/home/ubuntu/ros_workspace/install/bme_gazebo_sensors:/home/ubuntu/ros_workspace/install/action_tutorials_interfaces:/opt/ros/jazzy/opt/gz_launch_vendor:/opt/ros/jazzy/opt/gz_sim_vendor:/opt/ros/jazzy/opt/gz_sensors_vendor:/opt/ros/jazzy/opt/gz_physics_vendor:/opt/ros/jazzy/opt/sdformat_vendor:/opt/ros/jazzy/opt/gz_gui_vendor:/opt/ros/jazzy/opt/gz_transport_vendor:/opt/ros/jazzy/opt/gz_rendering_vendor:/opt/ros/jazzy/opt/gz_plugin_vendor:/opt/ros/jazzy/opt/gz_fuel_tools_vendor:/opt/ros/jazzy/opt/gz_msgs_vendor:/opt/ros/jazzy/opt/gz_common_vendor:/opt/ros/jazzy/opt/gz_math_vendor:/opt/ros/jazzy/opt/gz_utils_vendor:/opt/ros/jazzy/opt/gz_tools_vendor:/opt/ros/jazzy/opt/gz_ogre_next_vendor:/opt/ros/jazzy/opt/gz_dartsim_vendor:/opt/ros/jazzy/opt/gz_cmake_vendor:/opt/ros/jazzy LD_LIBRARY_PATH=/home/ubuntu/ros_workspace/install/action_tutorials_interfaces/lib:${LD_LIBRARY_PATH} PYTHONPATH=/home/ubuntu/ros_workspace/install/action_tutorials_interfaces/lib/python3.12/site-packages:${PYTHONPATH} /usr/bin/cmake --build /home/ubuntu/ros_workspace/build/tutorial_1_action_cpp -- -j16 -l16
[0.489s] Invoking command in '/home/ubuntu/ros_workspace/build/tutorial_1_action_cpp': AMENT_PREFIX_PATH=/home/ubuntu/ros_workspace/install/bme_gazebo_sensors:/home/ubuntu/ros_workspace/install/action_tutorials_interfaces:${AMENT_PREFIX_PATH} CMAKE_PREFIX_PATH=/home/ubuntu/ros_workspace/install/bme_gazebo_sensors:/home/ubuntu/ros_workspace/install/action_tutorials_interfaces:/opt/ros/jazzy/opt/gz_launch_vendor:/opt/ros/jazzy/opt/gz_sim_vendor:/opt/ros/jazzy/opt/gz_sensors_vendor:/opt/ros/jazzy/opt/gz_physics_vendor:/opt/ros/jazzy/opt/sdformat_vendor:/opt/ros/jazzy/opt/gz_gui_vendor:/opt/ros/jazzy/opt/gz_transport_vendor:/opt/ros/jazzy/opt/gz_rendering_vendor:/opt/ros/jazzy/opt/gz_plugin_vendor:/opt/ros/jazzy/opt/gz_fuel_tools_vendor:/opt/ros/jazzy/opt/gz_msgs_vendor:/opt/ros/jazzy/opt/gz_common_vendor:/opt/ros/jazzy/opt/gz_math_vendor:/opt/ros/jazzy/opt/gz_utils_vendor:/opt/ros/jazzy/opt/gz_tools_vendor:/opt/ros/jazzy/opt/gz_ogre_next_vendor:/opt/ros/jazzy/opt/gz_dartsim_vendor:/opt/ros/jazzy/opt/gz_cmake_vendor:/opt/ros/jazzy LD_LIBRARY_PATH=/home/ubuntu/ros_workspace/install/action_tutorials_interfaces/lib:${LD_LIBRARY_PATH} PYTHONPATH=/home/ubuntu/ros_workspace/install/action_tutorials_interfaces/lib/python3.12/site-packages:${PYTHONPATH} /usr/bin/cmake --install /home/ubuntu/ros_workspace/build/tutorial_1_action_cpp
[0.522s] -- Install configuration: ""
[0.523s] -- Up-to-date: /home/ubuntu/ros_workspace/install/tutorial_1_action_cpp/lib/tutorial_1_action_cpp/client_exe
[0.523s] -- Up-to-date: /home/ubuntu/ros_workspace/install/tutorial_1_action_cpp/lib/tutorial_1_action_cpp/server_exe
[0.524s] -- Up-to-date: /home/ubuntu/ros_workspace/install/tutorial_1_action_cpp/lib/tutorial_1_action_cpp/cancel_client_exe
[0.526s] -- Up-to-date: /home/ubuntu/ros_workspace/install/tutorial_1_action_cpp/lib/libclient.so
[0.531s] -- Up-to-date: /home/ubuntu/ros_workspace/install/tutorial_1_action_cpp/lib/libserver.so
[0.531s] -- Up-to-date: /home/ubuntu/ros_workspace/install/tutorial_1_action_cpp/lib/libcancel_client.so
[0.531s] -- Up-to-date: /home/ubuntu/ros_workspace/install/tutorial_1_action_cpp/share/tutorial_1_action_cpp/launch
[0.534s] -- Up-to-date: /home/ubuntu/ros_workspace/install/tutorial_1_action_cpp/share/tutorial_1_action_cpp/launch/simulation.launch.py
[0.534s] -- Up-to-date: /home/ubuntu/ros_workspace/install/tutorial_1_action_cpp/share/ament_index/resource_index/package_run_dependencies/tutorial_1_action_cpp
[0.535s] -- Up-to-date: /home/ubuntu/ros_workspace/install/tutorial_1_action_cpp/share/ament_index/resource_index/parent_prefix_path/tutorial_1_action_cpp
[0.537s] -- Up-to-date: /home/ubuntu/ros_workspace/install/tutorial_1_action_cpp/share/tutorial_1_action_cpp/environment/ament_prefix_path.sh
[0.539s] -- Up-to-date: /home/ubuntu/ros_workspace/install/tutorial_1_action_cpp/share/tutorial_1_action_cpp/environment/ament_prefix_path.dsv
[0.539s] -- Up-to-date: /home/ubuntu/ros_workspace/install/tutorial_1_action_cpp/share/tutorial_1_action_cpp/environment/path.sh
[0.540s] -- Up-to-date: /home/ubuntu/ros_workspace/install/tutorial_1_action_cpp/share/tutorial_1_action_cpp/environment/path.dsv
[0.541s] -- Up-to-date: /home/ubuntu/ros_workspace/install/tutorial_1_action_cpp/share/tutorial_1_action_cpp/local_setup.bash
[0.547s] -- Up-to-date: /home/ubuntu/ros_workspace/install/tutorial_1_action_cpp/share/tutorial_1_action_cpp/local_setup.sh
[0.552s] -- Up-to-date: /home/ubuntu/ros_workspace/install/tutorial_1_action_cpp/share/tutorial_1_action_cpp/local_setup.zsh
[0.556s] -- Up-to-date: /home/ubuntu/ros_workspace/install/tutorial_1_action_cpp/share/tutorial_1_action_cpp/local_setup.dsv
[0.557s] -- Installing: /home/ubuntu/ros_workspace/install/tutorial_1_action_cpp/share/tutorial_1_action_cpp/package.dsv
[0.558s] -- Up-to-date: /home/ubuntu/ros_workspace/install/tutorial_1_action_cpp/share/ament_index/resource_index/packages/tutorial_1_action_cpp
[0.558s] -- Up-to-date: /home/ubuntu/ros_workspace/install/tutorial_1_action_cpp/share/ament_index/resource_index/rclcpp_components/tutorial_1_action_cpp
[0.559s] -- Up-to-date: /home/ubuntu/ros_workspace/install/tutorial_1_action_cpp/share/tutorial_1_action_cpp/cmake/export_tutorial_1_action_cpp_clientExport.cmake
[0.560s] -- Up-to-date: /home/ubuntu/ros_workspace/install/tutorial_1_action_cpp/share/tutorial_1_action_cpp/cmake/export_tutorial_1_action_cpp_clientExport-noconfig.cmake
[0.560s] -- Up-to-date: /home/ubuntu/ros_workspace/install/tutorial_1_action_cpp/share/tutorial_1_action_cpp/cmake/export_tutorial_1_action_cpp_serverExport.cmake
[0.561s] -- Up-to-date: /home/ubuntu/ros_workspace/install/tutorial_1_action_cpp/share/tutorial_1_action_cpp/cmake/export_tutorial_1_action_cpp_serverExport-noconfig.cmake
[0.562s] -- Up-to-date: /home/ubuntu/ros_workspace/install/tutorial_1_action_cpp/share/tutorial_1_action_cpp/cmake/export_tutorial_1_action_cpp_cancel_clientExport.cmake
[0.563s] -- Up-to-date: /home/ubuntu/ros_workspace/install/tutorial_1_action_cpp/share/tutorial_1_action_cpp/cmake/export_tutorial_1_action_cpp_cancel_clientExport-noconfig.cmake
[0.563s] -- Up-to-date: /home/ubuntu/ros_workspace/install/tutorial_1_action_cpp/share/tutorial_1_action_cpp/cmake/ament_cmake_export_targets-extras.cmake
[0.565s] -- Up-to-date: /home/ubuntu/ros_workspace/install/tutorial_1_action_cpp/share/tutorial_1_action_cpp/cmake/tutorial_1_action_cppConfig.cmake
[0.565s] -- Up-to-date: /home/ubuntu/ros_workspace/install/tutorial_1_action_cpp/share/tutorial_1_action_cpp/cmake/tutorial_1_action_cppConfig-version.cmake
[0.567s] -- Up-to-date: /home/ubuntu/ros_workspace/install/tutorial_1_action_cpp/share/tutorial_1_action_cpp/package.xml
[0.568s] Invoked command in '/home/ubuntu/ros_workspace/build/tutorial_1_action_cpp' returned '0': AMENT_PREFIX_PATH=/home/ubuntu/ros_workspace/install/bme_gazebo_sensors:/home/ubuntu/ros_workspace/install/action_tutorials_interfaces:${AMENT_PREFIX_PATH} CMAKE_PREFIX_PATH=/home/ubuntu/ros_workspace/install/bme_gazebo_sensors:/home/ubuntu/ros_workspace/install/action_tutorials_interfaces:/opt/ros/jazzy/opt/gz_launch_vendor:/opt/ros/jazzy/opt/gz_sim_vendor:/opt/ros/jazzy/opt/gz_sensors_vendor:/opt/ros/jazzy/opt/gz_physics_vendor:/opt/ros/jazzy/opt/sdformat_vendor:/opt/ros/jazzy/opt/gz_gui_vendor:/opt/ros/jazzy/opt/gz_transport_vendor:/opt/ros/jazzy/opt/gz_rendering_vendor:/opt/ros/jazzy/opt/gz_plugin_vendor:/opt/ros/jazzy/opt/gz_fuel_tools_vendor:/opt/ros/jazzy/opt/gz_msgs_vendor:/opt/ros/jazzy/opt/gz_common_vendor:/opt/ros/jazzy/opt/gz_math_vendor:/opt/ros/jazzy/opt/gz_utils_vendor:/opt/ros/jazzy/opt/gz_tools_vendor:/opt/ros/jazzy/opt/gz_ogre_next_vendor:/opt/ros/jazzy/opt/gz_dartsim_vendor:/opt/ros/jazzy/opt/gz_cmake_vendor:/opt/ros/jazzy LD_LIBRARY_PATH=/home/ubuntu/ros_workspace/install/action_tutorials_interfaces/lib:${LD_LIBRARY_PATH} PYTHONPATH=/home/ubuntu/ros_workspace/install/action_tutorials_interfaces/lib/python3.12/site-packages:${PYTHONPATH} /usr/bin/cmake --install /home/ubuntu/ros_workspace/build/tutorial_1_action_cpp
