[0.799s] Invoking command in '/home/ubuntu/ros_workspace/src/assignment2_rt_py': PYTHONPATH=/home/ubuntu/ros_workspace/build/assignment2_rt_py/prefix_override:/usr/lib/python3/dist-packages/colcon_core/task/python/colcon_distutils_commands:/home/ubuntu/ros_workspace/install/assignment2_rt_py/lib/python3.12/site-packages:${PYTHONPATH} /usr/bin/python3 -W ignore:setup.py install is deprecated -W ignore:easy_install command is deprecated setup.py egg_info --egg-base ../../build/assignment2_rt_py build --build-base /home/ubuntu/ros_workspace/build/assignment2_rt_py/build install --record /home/ubuntu/ros_workspace/build/assignment2_rt_py/install.log --single-version-externally-managed install_data
[1.053s] running egg_info
[1.070s] writing ../../build/assignment2_rt_py/assignment2_rt_py.egg-info/PKG-INFO
[1.070s] writing dependency_links to ../../build/assignment2_rt_py/assignment2_rt_py.egg-info/dependency_links.txt
[1.070s] writing entry points to ../../build/assignment2_rt_py/assignment2_rt_py.egg-info/entry_points.txt
[1.071s] writing requirements to ../../build/assignment2_rt_py/assignment2_rt_py.egg-info/requires.txt
[1.071s] writing top-level names to ../../build/assignment2_rt_py/assignment2_rt_py.egg-info/top_level.txt
[1.106s] reading manifest file '../../build/assignment2_rt_py/assignment2_rt_py.egg-info/SOURCES.txt'
[1.107s] writing manifest file '../../build/assignment2_rt_py/assignment2_rt_py.egg-info/SOURCES.txt'
[1.107s] running build
[1.107s] running build_py
[1.108s] running install
[1.113s] running install_lib
[1.132s] byte-compiling /home/ubuntu/ros_workspace/install/assignment2_rt_py/lib/python3.12/site-packages/assignment2_rt_py/distance_calc.py to distance_calc.cpython-312.pyc
[1.133s] running install_data
[1.133s] running install_egg_info
[1.152s] removing '/home/ubuntu/ros_workspace/install/assignment2_rt_py/lib/python3.12/site-packages/assignment2_rt_py-0.0.0-py3.12.egg-info' (and everything under it)
[1.153s] Copying ../../build/assignment2_rt_py/assignment2_rt_py.egg-info to /home/ubuntu/ros_workspace/install/assignment2_rt_py/lib/python3.12/site-packages/assignment2_rt_py-0.0.0-py3.12.egg-info
[1.155s] running install_scripts
[1.284s] Installing distance script to /home/ubuntu/ros_workspace/install/assignment2_rt_py/lib/assignment2_rt_py
[1.284s] Installing robot_controller script to /home/ubuntu/ros_workspace/install/assignment2_rt_py/lib/assignment2_rt_py
[1.284s] writing list of installed files to '/home/ubuntu/ros_workspace/build/assignment2_rt_py/install.log'
[1.320s] Invoked command in '/home/ubuntu/ros_workspace/src/assignment2_rt_py' returned '0': PYTHONPATH=/home/ubuntu/ros_workspace/build/assignment2_rt_py/prefix_override:/usr/lib/python3/dist-packages/colcon_core/task/python/colcon_distutils_commands:/home/ubuntu/ros_workspace/install/assignment2_rt_py/lib/python3.12/site-packages:${PYTHONPATH} /usr/bin/python3 -W ignore:setup.py install is deprecated -W ignore:easy_install command is deprecated setup.py egg_info --egg-base ../../build/assignment2_rt_py build --build-base /home/ubuntu/ros_workspace/build/assignment2_rt_py/build install --record /home/ubuntu/ros_workspace/build/assignment2_rt_py/install.log --single-version-externally-managed install_data
