[0.255s] Invoking command in '/home/ubuntu/ros_workspace/build/turtlesim_controller': CMAKE_PREFIX_PATH=${CMAKE_PREFIX_PATH}:/opt/ros/jazzy /usr/bin/cmake --build /home/ubuntu/ros_workspace/build/turtlesim_controller -- -j16 -l16
[0.353s] [100%] Built target turtlesim_controller
[0.373s] Invoked command in '/home/ubuntu/ros_workspace/build/turtlesim_controller' returned '0': CMAKE_PREFIX_PATH=${CMAKE_PREFIX_PATH}:/opt/ros/jazzy /usr/bin/cmake --build /home/ubuntu/ros_workspace/build/turtlesim_controller -- -j16 -l16
[0.374s] Invoking command in '/home/ubuntu/ros_workspace/build/turtlesim_controller': CMAKE_PREFIX_PATH=${CMAKE_PREFIX_PATH}:/opt/ros/jazzy /usr/bin/cmake --install /home/ubuntu/ros_workspace/build/turtlesim_controller
[0.388s] -- Install configuration: ""
[0.389s] -- Up-to-date: /home/ubuntu/ros_workspace/install/turtlesim_controller/lib/turtlesim_controller/turtlesim_controller
[0.389s] -- Up-to-date: /home/ubuntu/ros_workspace/install/turtlesim_controller/share/ament_index/resource_index/package_run_dependencies/turtlesim_controller
[0.389s] -- Up-to-date: /home/ubuntu/ros_workspace/install/turtlesim_controller/share/ament_index/resource_index/parent_prefix_path/turtlesim_controller
[0.390s] -- Up-to-date: /home/ubuntu/ros_workspace/install/turtlesim_controller/share/turtlesim_controller/environment/ament_prefix_path.sh
[0.390s] -- Up-to-date: /home/ubuntu/ros_workspace/install/turtlesim_controller/share/turtlesim_controller/environment/ament_prefix_path.dsv
[0.390s] -- Up-to-date: /home/ubuntu/ros_workspace/install/turtlesim_controller/share/turtlesim_controller/environment/path.sh
[0.390s] -- Up-to-date: /home/ubuntu/ros_workspace/install/turtlesim_controller/share/turtlesim_controller/environment/path.dsv
[0.391s] -- Up-to-date: /home/ubuntu/ros_workspace/install/turtlesim_controller/share/turtlesim_controller/local_setup.bash
[0.391s] -- Up-to-date: /home/ubuntu/ros_workspace/install/turtlesim_controller/share/turtlesim_controller/local_setup.sh
[0.391s] -- Up-to-date: /home/ubuntu/ros_workspace/install/turtlesim_controller/share/turtlesim_controller/local_setup.zsh
[0.391s] -- Up-to-date: /home/ubuntu/ros_workspace/install/turtlesim_controller/share/turtlesim_controller/local_setup.dsv
[0.392s] -- Installing: /home/ubuntu/ros_workspace/install/turtlesim_controller/share/turtlesim_controller/package.dsv
[0.392s] -- Up-to-date: /home/ubuntu/ros_workspace/install/turtlesim_controller/share/ament_index/resource_index/packages/turtlesim_controller
[0.392s] -- Up-to-date: /home/ubuntu/ros_workspace/install/turtlesim_controller/share/turtlesim_controller/cmake/turtlesim_controllerConfig.cmake
[0.392s] -- Up-to-date: /home/ubuntu/ros_workspace/install/turtlesim_controller/share/turtlesim_controller/cmake/turtlesim_controllerConfig-version.cmake
[0.393s] -- Up-to-date: /home/ubuntu/ros_workspace/install/turtlesim_controller/share/turtlesim_controller/package.xml
[0.395s] Invoked command in '/home/ubuntu/ros_workspace/build/turtlesim_controller' returned '0': CMAKE_PREFIX_PATH=${CMAKE_PREFIX_PATH}:/opt/ros/jazzy /usr/bin/cmake --install /home/ubuntu/ros_workspace/build/turtlesim_controller
