[01m[K/home/ubuntu/ros_workspace/src/assignment1_rt/src/two_turtles.cpp:[m[K In constructor ‘[01m[KTwoTurtles::[01;32m[KTwoTurtles[m[K()[m[K’:
[01m[K/home/ubuntu/ros_workspace/src/assignment1_rt/src/two_turtles.cpp:16:7:[m[K [01;31m[Kerror: [m[K‘[01m[Ksubscription_[m[K’ was not declared in this scope; did you mean ‘[01m[Krmw_subscription_t[m[K’?
   16 |       [01;31m[Ksubscription_[m[K =this-> create_subscription<SimpleSpawner::msg::Pose>("turtle2/pose",10,std::bind(&TwoTurtles::topic_callback, this, _1));
      |       [01;31m[K^~~~~~~~~~~~~[m[K
      |       [32m[Krmw_subscription_t[m[K
[01m[K/home/ubuntu/ros_workspace/src/assignment1_rt/src/two_turtles.cpp:16:49:[m[K [01;31m[Kerror: [m[K‘[01m[KSimpleSpawner[m[K’ was not declared in this scope
   16 |       subscription_ =this-> create_subscription<[01;31m[KSimpleSpawner[m[K::msg::Pose>("turtle2/pose",10,std::bind(&TwoTurtles::topic_callback, this, _1));
      |                                                 [01;31m[K^~~~~~~~~~~~~[m[K
[01m[K/home/ubuntu/ros_workspace/src/assignment1_rt/src/two_turtles.cpp:16:29:[m[K [01;31m[Kerror: [m[Kparse error in template argument list
   16 |       subscription_ =this-> [01;31m[Kcreate_subscription<SimpleSpawner::msg::Pose>[m[K("turtle2/pose",10,std::bind(&TwoTurtles::topic_callback, this, _1));
      |                             [01;31m[K^~~~~~~~~~~~~~~~~~~~~~~~~~~~~~~~~~~~~~~~~~~~~[m[K
[01m[K/home/ubuntu/ros_workspace/src/assignment1_rt/src/two_turtles.cpp:16:74:[m[K [01;31m[Kerror: [m[Kno matching function for call to ‘[01m[KTwoTurtles::create_subscription<<expression error> >(const char [13], int, std::_Bind_helper<false, void (TwoTurtles::*)(std::shared_ptr<turtlesim::msg::Pose_<std::allocator<void> > >), TwoTurtles*, const std::_Placeholder<1>&>::type)[m[K’
   16 |       subscription_ =[01;31m[Kthis-> create_subscription<SimpleSpawner::msg::Pose>("turtle2/pose",10,std::bind(&TwoTurtles::topic_callback, this, _1))[m[K;
      |                      [01;31m[K~~~~~~~~~~~~~~~~~~~~~~~~~~~~~~~~~~~~~~~~~~~~~~~~~~~~^~~~~~~~~~~~~~~~~~~~~~~~~~~~~~~~~~~~~~~~~~~~~~~~~~~~~~~~~~~~~~~~~~~~[m[K
In file included from [01m[K/opt/ros/jazzy/include/rclcpp/rclcpp/executors/single_threaded_executor.hpp:28[m[K,
                 from [01m[K/opt/ros/jazzy/include/rclcpp/rclcpp/executors.hpp:22[m[K,
                 from [01m[K/opt/ros/jazzy/include/rclcpp/rclcpp/rclcpp.hpp:172[m[K,
                 from [01m[K/home/ubuntu/ros_workspace/src/assignment1_rt/src/two_turtles.cpp:1[m[K:
[01m[K/opt/ros/jazzy/include/rclcpp/rclcpp/node.hpp:221:3:[m[K [01;36m[Knote: [m[Kcandidate: ‘[01m[Ktemplate<class MessageT, class CallbackT, class AllocatorT, class SubscriptionT, class MessageMemoryStrategyT> std::shared_ptr<ROSMessageT> rclcpp::Node::[01;32m[Kcreate_subscription[m[K(const std::string&, const rclcpp::QoS&, CallbackT&&, const rclcpp::SubscriptionOptionsWithAllocator<AllocatorT>&, typename MessageMemoryStrategyT::SharedPtr)[m[K’
  221 |   [01;36m[Kcreate_subscription[m[K(
      |   [01;36m[K^~~~~~~~~~~~~~~~~~~[m[K
[01m[K/opt/ros/jazzy/include/rclcpp/rclcpp/node.hpp:221:3:[m[K [01;36m[Knote: [m[K  template argument deduction/substitution failed:
[01m[K/home/ubuntu/ros_workspace/src/assignment1_rt/src/two_turtles.cpp:16:74:[m[K [01;31m[Kerror: [m[Ktemplate argument 1 is invalid
   16 |       subscription_ =[01;31m[Kthis-> create_subscription<SimpleSpawner::msg::Pose>("turtle2/pose",10,std::bind(&TwoTurtles::topic_callback, this, _1))[m[K;
      |                      [01;31m[K~~~~~~~~~~~~~~~~~~~~~~~~~~~~~~~~~~~~~~~~~~~~~~~~~~~~^~~~~~~~~~~~~~~~~~~~~~~~~~~~~~~~~~~~~~~~~~~~~~~~~~~~~~~~~~~~~~~~~~~~[m[K
[01m[K/home/ubuntu/ros_workspace/src/assignment1_rt/src/two_turtles.cpp:17:7:[m[K [01;31m[Kerror: [m[K‘[01m[Kpublisher_[m[K’ was not declared in this scope; did you mean ‘[01m[Krmw_publisher_t[m[K’?
   17 |       [01;31m[Kpublisher_[m[K = this->create_publisher<geometry_msgs::msg::Twist>("turtle1/cmd_vel", 10);
      |       [01;31m[K^~~~~~~~~~[m[K
      |       [32m[Krmw_publisher_t[m[K
[01m[K/home/ubuntu/ros_workspace/src/assignment1_rt/src/two_turtles.cpp:18:7:[m[K [01;31m[Kerror: [m[K‘[01m[Ktimer_[m[K’ was not declared in this scope; did you mean ‘[01m[Ktimer_t[m[K’?
   18 |       [01;31m[Ktimer_[m[K = this->create_wall_timer(std::chrono::milliseconds(200), std::bind(&TwoTurtles::timer_callback, this));
      |       [01;31m[K^~~~~~[m[K
      |       [32m[Ktimer_t[m[K
[01m[K/home/ubuntu/ros_workspace/src/assignment1_rt/src/two_turtles.cpp:[m[K In member function ‘[01m[Kvoid TwoTurtles::[01;32m[Ktopic_callback[m[K(turtlesim::msg::Pose_<std::allocator<void> >::SharedPtr)[m[K’:
[01m[K/home/ubuntu/ros_workspace/src/assignment1_rt/src/two_turtles.cpp:25:5:[m[K [01;31m[Kerror: [m[K‘[01m[Kx_[m[K’ was not declared in this scope
   25 |     [01;31m[Kx_[m[K= msg->x;
      |     [01;31m[K^~[m[K
[01m[K/home/ubuntu/ros_workspace/src/assignment1_rt/src/two_turtles.cpp:26:5:[m[K [01;31m[Kerror: [m[K‘[01m[Ky_[m[K’ was not declared in this scope; did you mean ‘[01m[Kyn[m[K’?
   26 |     [01;31m[Ky_[m[K= msg->y;
      |     [01;31m[K^~[m[K
      |     [32m[Kyn[m[K
[01m[K/home/ubuntu/ros_workspace/src/assignment1_rt/src/two_turtles.cpp:[m[K In member function ‘[01m[Kvoid TwoTurtles::[01;32m[Ktimer_callback[m[K()[m[K’:
[01m[K/home/ubuntu/ros_workspace/src/assignment1_rt/src/two_turtles.cpp:32:26:[m[K [01;31m[Kerror: [m[K‘[01m[KSimpleSpawner[m[K’ was not declared in this scope
   32 |     rclcpp::Subscription<[01;31m[KSimpleSpawner[m[K::msg::Pose>::SharedPtr subscription_;
      |                          [01;31m[K^~~~~~~~~~~~~[m[K
[01m[K/home/ubuntu/ros_workspace/src/assignment1_rt/src/two_turtles.cpp:32:50:[m[K [01;31m[Kerror: [m[Ktemplate argument 1 is invalid
   32 |     rclcpp::Subscription<SimpleSpawner::msg::Pose[01;31m[K>[m[K::SharedPtr subscription_;
      |                                                  [01;31m[K^[m[K
[01m[K/home/ubuntu/ros_workspace/src/assignment1_rt/src/two_turtles.cpp:32:50:[m[K [01;31m[Kerror: [m[Ktemplate argument 3 is invalid
[01m[K/home/ubuntu/ros_workspace/src/assignment1_rt/src/two_turtles.cpp:32:50:[m[K [01;31m[Kerror: [m[Ktemplate argument 4 is invalid
[01m[K/home/ubuntu/ros_workspace/src/assignment1_rt/src/two_turtles.cpp:32:50:[m[K [01;31m[Kerror: [m[Ktemplate argument 5 is invalid
[01m[K/home/ubuntu/ros_workspace/src/assignment1_rt/src/two_turtles.cpp:32:63:[m[K [01;31m[Kerror: [m[Kqualified-id in declaration before ‘[01m[Ksubscription_[m[K’
   32 |     rclcpp::Subscription<SimpleSpawner::msg::Pose>::SharedPtr [01;31m[Ksubscription_[m[K;
      |                                                               [01;31m[K^~~~~~~~~~~~~[m[K
gmake[2]: *** [CMakeFiles/turtles.dir/build.make:76: CMakeFiles/turtles.dir/src/two_turtles.cpp.o] Error 1
gmake[1]: *** [CMakeFiles/Makefile2:137: CMakeFiles/turtles.dir/all] Error 2
gmake: *** [Makefile:146: all] Error 2
