[1.907s] Invoking command in '/home/ubuntu/ros_workspace/src/tutorial_1_action': PYTHONPATH=/home/ubuntu/ros_workspace/build/tutorial_1_action/prefix_override:/usr/lib/python3/dist-packages/colcon_core/task/python/colcon_distutils_commands:/home/ubuntu/ros_workspace/install/tutorial_1_action/lib/python3.12/site-packages:${PYTHONPATH} /usr/bin/python3 -W ignore:setup.py install is deprecated -W ignore:easy_install command is deprecated setup.py egg_info --egg-base ../../build/tutorial_1_action build --build-base /home/ubuntu/ros_workspace/build/tutorial_1_action/build install --record /home/ubuntu/ros_workspace/build/tutorial_1_action/install.log --single-version-externally-managed install_data
[2.495s] running egg_info
[2.539s] writing ../../build/tutorial_1_action/tutorial_1_action.egg-info/PKG-INFO
[2.540s] writing dependency_links to ../../build/tutorial_1_action/tutorial_1_action.egg-info/dependency_links.txt
[2.541s] writing entry points to ../../build/tutorial_1_action/tutorial_1_action.egg-info/entry_points.txt
[2.541s] writing requirements to ../../build/tutorial_1_action/tutorial_1_action.egg-info/requires.txt
[2.541s] writing top-level names to ../../build/tutorial_1_action/tutorial_1_action.egg-info/top_level.txt
[2.621s] reading manifest file '../../build/tutorial_1_action/tutorial_1_action.egg-info/SOURCES.txt'
[2.623s] writing manifest file '../../build/tutorial_1_action/tutorial_1_action.egg-info/SOURCES.txt'
[2.623s] running build
[2.624s] running build_py
[2.626s] running install
[2.636s] running install_lib
[2.691s] running install_data
[2.692s] running install_egg_info
[2.739s] removing '/home/ubuntu/ros_workspace/install/tutorial_1_action/lib/python3.12/site-packages/tutorial_1_action-0.0.0-py3.12.egg-info' (and everything under it)
[2.744s] Copying ../../build/tutorial_1_action/tutorial_1_action.egg-info to /home/ubuntu/ros_workspace/install/tutorial_1_action/lib/python3.12/site-packages/tutorial_1_action-0.0.0-py3.12.egg-info
[2.746s] running install_scripts
[3.071s] Installing action_client_ script to /home/ubuntu/ros_workspace/install/tutorial_1_action/lib/tutorial_1_action
[3.072s] Installing action_server_ script to /home/ubuntu/ros_workspace/install/tutorial_1_action/lib/tutorial_1_action
[3.072s] Installing cancel_client_ script to /home/ubuntu/ros_workspace/install/tutorial_1_action/lib/tutorial_1_action
[3.073s] writing list of installed files to '/home/ubuntu/ros_workspace/build/tutorial_1_action/install.log'
[3.166s] Invoked command in '/home/ubuntu/ros_workspace/src/tutorial_1_action' returned '0': PYTHONPATH=/home/ubuntu/ros_workspace/build/tutorial_1_action/prefix_override:/usr/lib/python3/dist-packages/colcon_core/task/python/colcon_distutils_commands:/home/ubuntu/ros_workspace/install/tutorial_1_action/lib/python3.12/site-packages:${PYTHONPATH} /usr/bin/python3 -W ignore:setup.py install is deprecated -W ignore:easy_install command is deprecated setup.py egg_info --egg-base ../../build/tutorial_1_action build --build-base /home/ubuntu/ros_workspace/build/tutorial_1_action/build install --record /home/ubuntu/ros_workspace/build/tutorial_1_action/install.log --single-version-externally-managed install_data
