[0.019s] Invoking command in '/home/ubuntu/ros_workspace/build/first_package_cpp': CMAKE_PREFIX_PATH=${CMAKE_PREFIX_PATH}:/home/ubuntu/ros_workspace/install/tutorial_1_action:/home/ubuntu/ros_workspace/install/exam_example_2:/home/ubuntu/ros_workspace/install/turtle_action_client:/home/ubuntu/ros_workspace/install/assignment2_rt_py:/home/ubuntu/ros_workspace/install/assignment1_rt_py:/home/ubuntu/ros_workspace/install/python_package:/home/ubuntu/ros_workspace/install/first_package_py:/home/ubuntu/ros_workspace/install/fibonacci:/home/ubuntu/ros_workspace/install/exam_example:/opt/ros/jazzy /usr/bin/cmake --build /home/ubuntu/ros_workspace/build/first_package_cpp -- -j16 -l16
[0.059s] -- Found ament_cmake: 2.5.4 (/opt/ros/jazzy/share/ament_cmake/cmake)
[0.294s] -- Found rclcpp: 28.1.11 (/opt/ros/jazzy/share/rclcpp/cmake)
[0.324s] -- Found rosidl_generator_c: 4.6.6 (/opt/ros/jazzy/share/rosidl_generator_c/cmake)
[0.332s] -- Found rosidl_generator_cpp: 4.6.6 (/opt/ros/jazzy/share/rosidl_generator_cpp/cmake)
[0.342s] -- Using all available rosidl_typesupport_c: rosidl_typesupport_fastrtps_c;rosidl_typesupport_introspection_c
[0.356s] -- Using all available rosidl_typesupport_cpp: rosidl_typesupport_fastrtps_cpp;rosidl_typesupport_introspection_cpp
[0.414s] -- Found rmw_implementation_cmake: 7.3.2 (/opt/ros/jazzy/share/rmw_implementation_cmake/cmake)
[0.415s] -- Found rmw_fastrtps_cpp: 8.4.3 (/opt/ros/jazzy/share/rmw_fastrtps_cpp/cmake)
[0.492s] -- Using RMW implementation 'rmw_fastrtps_cpp' as default
[0.572s] -- Found rclcpp_components: 28.1.11 (/opt/ros/jazzy/share/rclcpp_components/cmake)
[0.597s] -- Found std_msgs: 5.3.6 (/opt/ros/jazzy/share/std_msgs/cmake)
[0.622s] -- Found ament_lint_auto: 0.17.3 (/opt/ros/jazzy/share/ament_lint_auto/cmake)
[0.719s] -- Added test 'cppcheck' to perform static code analysis on C / C++ code
[0.720s] -- Configured cppcheck include dirs: 
[0.720s] -- Configured cppcheck exclude dirs and/or files: 
[0.720s] -- Added test 'flake8' to check Python code syntax and style conventions
[0.720s] -- Configured 'flake8' exclude dirs and/or files: 
[0.721s] -- Added test 'lint_cmake' to check CMake code style
[0.721s] -- Added test 'pep257' to check Python code against some of the docstring style conventions in PEP 257
[0.724s] -- Added test 'uncrustify' to check C / C++ code style
[0.724s] -- Configured uncrustify additional arguments: 
[0.724s] -- Added test 'xmllint' to check XML markup files
[0.726s] -- Configuring done (0.7s)
[0.740s] [31mCMake Error at /opt/ros/jazzy/share/rclcpp_components/cmake/rclcpp_components_register_node.cmake:94 (file):
[0.740s]   Error evaluating generator expression:
[0.740s] 
[0.740s]     $<TARGET_FILE_NAME:ipc_talker_component>
[0.740s] 
[0.740s]   No target "ipc_talker_component"
[0.741s] Call Stack (most recent call first):
[0.741s]   CMakeLists.txt:41 (rclcpp_components_register_node)
[0.741s] 
[0.741s] [0m
[0.741s] [31mCMake Error at /opt/ros/jazzy/share/rclcpp_components/cmake/rclcpp_components_register_node.cmake:94 (file):
[0.741s]   Error evaluating generator expression:
[0.741s] 
[0.741s]     $<TARGET_FILE_NAME:ipc_talker_component>
[0.741s] 
[0.741s]   No target "ipc_talker_component"
[0.741s] Call Stack (most recent call first):
[0.741s]   CMakeLists.txt:41 (rclcpp_components_register_node)
[0.741s] 
[0.741s] [0m
[0.743s] [31mCMake Error at /opt/ros/jazzy/share/ament_cmake_core/cmake/index/ament_index_register_resource.cmake:93 (file):
[0.743s]   Error evaluating generator expression:
[0.743s] 
[0.743s]     $<TARGET_FILE_NAME:ipc_talker_component>
[0.744s] 
[0.744s]   No target "ipc_talker_component"
[0.744s] Call Stack (most recent call first):
[0.744s]   /opt/ros/jazzy/share/rclcpp_components/cmake/rclcpp_components_package_hook.cmake:18 (ament_index_register_resource)
[0.744s]   /opt/ros/jazzy/share/ament_cmake_core/cmake/core/ament_execute_extensions.cmake:48 (include)
[0.744s]   /opt/ros/jazzy/share/ament_cmake_core/cmake/core/ament_package.cmake:66 (ament_execute_extensions)
[0.744s]   CMakeLists.txt:86 (ament_package)
[0.744s] 
[0.744s] [0m
[0.744s] [31mCMake Error at /opt/ros/jazzy/share/ament_cmake_core/cmake/index/ament_index_register_resource.cmake:93 (file):
[0.744s]   Error evaluating generator expression:
[0.744s] 
[0.745s]     $<TARGET_FILE_NAME:ipc_talker_component>
[0.745s] 
[0.745s]   No target "ipc_talker_component"
[0.745s] Call Stack (most recent call first):
[0.745s]   /opt/ros/jazzy/share/rclcpp_components/cmake/rclcpp_components_package_hook.cmake:18 (ament_index_register_resource)
[0.745s]   /opt/ros/jazzy/share/ament_cmake_core/cmake/core/ament_execute_extensions.cmake:48 (include)
[0.745s]   /opt/ros/jazzy/share/ament_cmake_core/cmake/core/ament_package.cmake:66 (ament_execute_extensions)
[0.745s]   CMakeLists.txt:86 (ament_package)
[0.745s] 
[0.745s] [0m
[0.800s] -- Generating done (0.1s)
[0.806s] [0mCMake Generate step failed.  Build files cannot be regenerated correctly.[0m
[0.818s] gmake: *** [Makefile:431: cmake_check_build_system] Error 1
[0.821s] Invoked command in '/home/ubuntu/ros_workspace/build/first_package_cpp' returned '2': CMAKE_PREFIX_PATH=${CMAKE_PREFIX_PATH}:/home/ubuntu/ros_workspace/install/tutorial_1_action:/home/ubuntu/ros_workspace/install/exam_example_2:/home/ubuntu/ros_workspace/install/turtle_action_client:/home/ubuntu/ros_workspace/install/assignment2_rt_py:/home/ubuntu/ros_workspace/install/assignment1_rt_py:/home/ubuntu/ros_workspace/install/python_package:/home/ubuntu/ros_workspace/install/first_package_py:/home/ubuntu/ros_workspace/install/fibonacci:/home/ubuntu/ros_workspace/install/exam_example:/opt/ros/jazzy /usr/bin/cmake --build /home/ubuntu/ros_workspace/build/first_package_cpp -- -j16 -l16
