[0.000000] (-) TimerEvent: {}
[0.000748] (-) JobUnselected: {'identifier': 'action_assignment'}
[0.000883] (-) JobUnselected: {'identifier': 'action_tutorials_interfaces'}
[0.000954] (-) JobUnselected: {'identifier': 'assignment1_rt'}
[0.000996] (-) JobUnselected: {'identifier': 'assignment1_rt_py'}
[0.001036] (-) JobUnselected: {'identifier': 'assignment2_rt_py'}
[0.001077] (-) JobUnselected: {'identifier': 'bme_gazebo_sensors'}
[0.001117] (-) JobUnselected: {'identifier': 'cmake_package'}
[0.001158] (-) JobUnselected: {'identifier': 'exam_example'}
[0.001198] (-) JobUnselected: {'identifier': 'exam_example_2'}
[0.001240] (-) JobUnselected: {'identifier': 'fibonacci'}
[0.001280] (-) JobUnselected: {'identifier': 'first_package_cpp'}
[0.001334] (-) JobUnselected: {'identifier': 'first_package_py'}
[0.001374] (-) JobUnselected: {'identifier': 'ob_first_package_cpp'}
[0.001415] (-) JobUnselected: {'identifier': 'python_package'}
[0.001455] (-) JobUnselected: {'identifier': 'robot_custom_msgs'}
[0.001568] (-) JobUnselected: {'identifier': 'turtle_action_client'}
[0.001805] (-) JobUnselected: {'identifier': 'turtlesim_controller'}
[0.001864] (-) JobUnselected: {'identifier': 'turtlesim_custom_msgs'}
[0.001907] (tutorial_1_action) JobQueued: {'identifier': 'tutorial_1_action', 'dependencies': OrderedDict()}
[0.001958] (tutorial_1_action) JobStarted: {'identifier': 'tutorial_1_action'}
[0.099209] (-) TimerEvent: {}
[0.154892] (tutorial_1_action) StderrLine: {'line': b'Traceback (most recent call last):\n  File "/usr/lib/python3/dist-packages/colcon_core/executor/__init__.py", line 91, in __call__\n    rc = await self.task(*args, **kwargs)\n         ^^^^^^^^^^^^^^^^^^^^^^^^^^^^^^^^\n  File "/usr/lib/python3/dist-packages/colcon_core/task/__init__.py", line 93, in __call__\n    return await task_method(*args, **kwargs)\n           ^^^^^^^^^^^^^^^^^^^^^^^^^^^^^^^^^^\n  File "/usr/lib/python3/dist-packages/colcon_ros/task/ament_python/build.py", line 51, in build\n    setup_py_data = get_setup_data(self.context.pkg, env)\n                    ^^^^^^^^^^^^^^^^^^^^^^^^^^^^^^^^^^^^^\n  File "/usr/lib/python3/dist-packages/colcon_core/task/python/__init__.py", line 20, in get_setup_data\n    return dict(pkg.metadata[key](env))\n                ^^^^^^^^^^^^^^^^^^^^^^\n  File "/usr/lib/python3/dist-packages/colcon_ros/package_augmentation/ros_ament_python.py", line 57, in getter\n    return get_setup_information(\n           ^^^^^^^^^^^^^^^^^^^^^^\n  File "/usr/lib/python3/dist-packages/colcon_python_setup_py/package_identification/python_setup_py.py", line 249, in get_setup_information\n    _setup_information_cache[hashable_env] = _get_setup_information(\n                                             ^^^^^^^^^^^^^^^^^^^^^^^\n  File "/usr/lib/python3/dist-packages/colcon_python_setup_py/package_identification/python_setup_py.py", line 296, in _get_setup_information\n    result = subprocess.run(\n             ^^^^^^^^^^^^^^^\n  File "/usr/lib/python3.12/subprocess.py", line 571, in run\n    raise CalledProcessError(retcode, process.args,\nsubprocess.CalledProcessError: Command \'[\'/usr/bin/python3\', \'-c\', \'import sys;from contextlib import suppress;exec("with suppress(ImportError):    from setuptools.extern.packaging.specifiers    import SpecifierSet");exec("with suppress(ImportError):    from packaging.specifiers import SpecifierSet");from distutils.core import run_setup;dist = run_setup(    \\\'setup.py\\\', script_args=(\\\'--dry-run\\\',), stop_after=\\\'config\\\');skip_keys = (\\\'cmdclass\\\', \\\'distclass\\\', \\\'ext_modules\\\', \\\'metadata\\\');data = {    key: value for key, value in dist.__dict__.items()     if (        not key.startswith(\\\'_\\\') and         not callable(value) and         key not in skip_keys and         key not in dist.display_option_names    )};data[\\\'metadata\\\'] = {    k: v for k, v in dist.metadata.__dict__.items()     if k not in (\\\'license_files\\\', \\\'provides_extras\\\')};sys.stdout.buffer.write(repr(data).encode(\\\'utf-8\\\'))\']\' returned non-zero exit status 1.\n'}
[0.156054] (tutorial_1_action) JobEnded: {'identifier': 'tutorial_1_action', 'rc': 1}
[0.165396] (-) EventReactorShutdown: {}
