[0.825s] Invoking command in '/home/ubuntu/ros_workspace/src/first_package_py': PYTHONPATH=/home/ubuntu/ros_workspace/build/first_package_py/prefix_override:/usr/lib/python3/dist-packages/colcon_core/task/python/colcon_distutils_commands:/home/ubuntu/ros_workspace/install/first_package_py/lib/python3.12/site-packages:${PYTHONPATH} /usr/bin/python3 -W ignore:setup.py install is deprecated -W ignore:easy_install command is deprecated setup.py egg_info --egg-base ../../build/first_package_py build --build-base /home/ubuntu/ros_workspace/build/first_package_py/build install --record /home/ubuntu/ros_workspace/build/first_package_py/install.log --single-version-externally-managed install_data
[1.090s] running egg_info
[1.108s] writing ../../build/first_package_py/first_package_py.egg-info/PKG-INFO
[1.109s] writing dependency_links to ../../build/first_package_py/first_package_py.egg-info/dependency_links.txt
[1.109s] writing entry points to ../../build/first_package_py/first_package_py.egg-info/entry_points.txt
[1.109s] writing requirements to ../../build/first_package_py/first_package_py.egg-info/requires.txt
[1.110s] writing top-level names to ../../build/first_package_py/first_package_py.egg-info/top_level.txt
[1.145s] reading manifest file '../../build/first_package_py/first_package_py.egg-info/SOURCES.txt'
[1.146s] writing manifest file '../../build/first_package_py/first_package_py.egg-info/SOURCES.txt'
[1.146s] running build
[1.146s] running build_py
[1.147s] copying first_package_py/sub.py -> /home/ubuntu/ros_workspace/build/first_package_py/build/lib/first_package_py
[1.147s] running install
[1.152s] running install_lib
[1.169s] copying /home/ubuntu/ros_workspace/build/first_package_py/build/lib/first_package_py/sub.py -> /home/ubuntu/ros_workspace/install/first_package_py/lib/python3.12/site-packages/first_package_py
[1.170s] byte-compiling /home/ubuntu/ros_workspace/install/first_package_py/lib/python3.12/site-packages/first_package_py/sub.py to sub.cpython-312.pyc
[1.171s] running install_data
[1.171s] running install_egg_info
[1.189s] removing '/home/ubuntu/ros_workspace/install/first_package_py/lib/python3.12/site-packages/first_package_py-0.0.0-py3.12.egg-info' (and everything under it)
[1.190s] Copying ../../build/first_package_py/first_package_py.egg-info to /home/ubuntu/ros_workspace/install/first_package_py/lib/python3.12/site-packages/first_package_py-0.0.0-py3.12.egg-info
[1.193s] running install_scripts
[1.325s] Installing pub script to /home/ubuntu/ros_workspace/install/first_package_py/lib/first_package_py
[1.326s] Installing sub script to /home/ubuntu/ros_workspace/install/first_package_py/lib/first_package_py
[1.326s] writing list of installed files to '/home/ubuntu/ros_workspace/build/first_package_py/install.log'
[1.365s] Invoked command in '/home/ubuntu/ros_workspace/src/first_package_py' returned '0': PYTHONPATH=/home/ubuntu/ros_workspace/build/first_package_py/prefix_override:/usr/lib/python3/dist-packages/colcon_core/task/python/colcon_distutils_commands:/home/ubuntu/ros_workspace/install/first_package_py/lib/python3.12/site-packages:${PYTHONPATH} /usr/bin/python3 -W ignore:setup.py install is deprecated -W ignore:easy_install command is deprecated setup.py egg_info --egg-base ../../build/first_package_py build --build-base /home/ubuntu/ros_workspace/build/first_package_py/build install --record /home/ubuntu/ros_workspace/build/first_package_py/install.log --single-version-externally-managed install_data
