[0.044s] Invoking command in '/home/ubuntu/ros_workspace/build/first_package_cpp': CMAKE_PREFIX_PATH=${CMAKE_PREFIX_PATH}:/home/ubuntu/ros_workspace/install/tutorial_1_action:/home/ubuntu/ros_workspace/install/exam_example_2:/home/ubuntu/ros_workspace/install/turtle_action_client:/home/ubuntu/ros_workspace/install/assignment2_rt_py:/home/ubuntu/ros_workspace/install/assignment1_rt_py:/home/ubuntu/ros_workspace/install/python_package:/home/ubuntu/ros_workspace/install/first_package_py:/home/ubuntu/ros_workspace/install/fibonacci:/home/ubuntu/ros_workspace/install/exam_example:/opt/ros/jazzy /usr/bin/cmake --build /home/ubuntu/ros_workspace/build/first_package_cpp -- -j16 -l16
[0.170s] -- Found ament_cmake: 2.5.4 (/opt/ros/jazzy/share/ament_cmake/cmake)
[0.464s] -- Found rclcpp: 28.1.11 (/opt/ros/jazzy/share/rclcpp/cmake)
[0.567s] -- Found rosidl_generator_c: 4.6.6 (/opt/ros/jazzy/share/rosidl_generator_c/cmake)
[0.581s] -- Found rosidl_generator_cpp: 4.6.6 (/opt/ros/jazzy/share/rosidl_generator_cpp/cmake)
[0.600s] -- Using all available rosidl_typesupport_c: rosidl_typesupport_fastrtps_c;rosidl_typesupport_introspection_c
[0.621s] -- Using all available rosidl_typesupport_cpp: rosidl_typesupport_fastrtps_cpp;rosidl_typesupport_introspection_cpp
[0.713s] -- Found rmw_implementation_cmake: 7.3.2 (/opt/ros/jazzy/share/rmw_implementation_cmake/cmake)
[0.718s] -- Found rmw_fastrtps_cpp: 8.4.3 (/opt/ros/jazzy/share/rmw_fastrtps_cpp/cmake)
[0.822s] -- Using RMW implementation 'rmw_fastrtps_cpp' as default
[0.917s] -- Found rclcpp_components: 28.1.11 (/opt/ros/jazzy/share/rclcpp_components/cmake)
[0.959s] -- Found std_msgs: 5.3.6 (/opt/ros/jazzy/share/std_msgs/cmake)
[0.991s] -- Found ament_lint_auto: 0.17.3 (/opt/ros/jazzy/share/ament_lint_auto/cmake)
[1.111s] -- Added test 'cppcheck' to perform static code analysis on C / C++ code
[1.111s] -- Configured cppcheck include dirs: 
[1.112s] -- Configured cppcheck exclude dirs and/or files: 
[1.112s] -- Added test 'flake8' to check Python code syntax and style conventions
[1.113s] -- Configured 'flake8' exclude dirs and/or files: 
[1.113s] -- Added test 'lint_cmake' to check CMake code style
[1.114s] -- Added test 'pep257' to check Python code against some of the docstring style conventions in PEP 257
[1.116s] -- Added test 'uncrustify' to check C / C++ code style
[1.116s] -- Configured uncrustify additional arguments: 
[1.117s] -- Added test 'xmllint' to check XML markup files
[1.122s] -- Configuring done (1.0s)
[1.199s] -- Generating done (0.1s)
[1.217s] -- Build files have been written to: /home/ubuntu/ros_workspace/build/first_package_cpp
[1.308s] [ 38%] Built target talker_component
[1.308s] [ 38%] [32m[1mLinking CXX shared library libtalker_component2.so[0m
[1.308s] [ 38%] Built target talker_exe
[1.309s] [ 55%] Built target subscriber_exe
[1.309s] [ 66%] Built target subscriber_component_exe
[1.309s] [ 66%] Built target manual_composition
[1.309s] [ 72%] Built target talker_component_exe
[1.309s] [ 83%] Built target subscriber_component
[1.311s] [ 88%] [32m[1mLinking CXX shared library libsubscriber_component2.so[0m
[1.636s] [ 94%] Built target talker_component2
[1.679s] [100%] Built target subscriber_component2
[1.700s] Invoked command in '/home/ubuntu/ros_workspace/build/first_package_cpp' returned '0': CMAKE_PREFIX_PATH=${CMAKE_PREFIX_PATH}:/home/ubuntu/ros_workspace/install/tutorial_1_action:/home/ubuntu/ros_workspace/install/exam_example_2:/home/ubuntu/ros_workspace/install/turtle_action_client:/home/ubuntu/ros_workspace/install/assignment2_rt_py:/home/ubuntu/ros_workspace/install/assignment1_rt_py:/home/ubuntu/ros_workspace/install/python_package:/home/ubuntu/ros_workspace/install/first_package_py:/home/ubuntu/ros_workspace/install/fibonacci:/home/ubuntu/ros_workspace/install/exam_example:/opt/ros/jazzy /usr/bin/cmake --build /home/ubuntu/ros_workspace/build/first_package_cpp -- -j16 -l16
[1.719s] Invoking command in '/home/ubuntu/ros_workspace/build/first_package_cpp': CMAKE_PREFIX_PATH=${CMAKE_PREFIX_PATH}:/home/ubuntu/ros_workspace/install/tutorial_1_action:/home/ubuntu/ros_workspace/install/exam_example_2:/home/ubuntu/ros_workspace/install/turtle_action_client:/home/ubuntu/ros_workspace/install/assignment2_rt_py:/home/ubuntu/ros_workspace/install/assignment1_rt_py:/home/ubuntu/ros_workspace/install/python_package:/home/ubuntu/ros_workspace/install/first_package_py:/home/ubuntu/ros_workspace/install/fibonacci:/home/ubuntu/ros_workspace/install/exam_example:/opt/ros/jazzy /usr/bin/cmake --install /home/ubuntu/ros_workspace/build/first_package_cpp
[1.734s] -- Install configuration: ""
[1.735s] -- Up-to-date: /home/ubuntu/ros_workspace/install/first_package_cpp/lib/first_package_cpp/talker_exe
[1.737s] -- Up-to-date: /home/ubuntu/ros_workspace/install/first_package_cpp/lib/first_package_cpp/subscriber_exe
[1.738s] -- Up-to-date: /home/ubuntu/ros_workspace/install/first_package_cpp/lib/first_package_cpp/subscriber_component_exe
[1.739s] -- Up-to-date: /home/ubuntu/ros_workspace/install/first_package_cpp/lib/first_package_cpp/talker_component_exe
[1.740s] -- Up-to-date: /home/ubuntu/ros_workspace/install/first_package_cpp/lib/libtalker_component.so
[1.742s] -- Up-to-date: /home/ubuntu/ros_workspace/install/first_package_cpp/lib/libsubscriber_component.so
[1.742s] -- Installing: /home/ubuntu/ros_workspace/install/first_package_cpp/lib/libtalker_component2.so
[1.745s] -- Set non-toolchain portion of runtime path of "/home/ubuntu/ros_workspace/install/first_package_cpp/lib/libtalker_component2.so" to ""
[1.746s] -- Installing: /home/ubuntu/ros_workspace/install/first_package_cpp/lib/libsubscriber_component2.so
[1.755s] -- Set non-toolchain portion of runtime path of "/home/ubuntu/ros_workspace/install/first_package_cpp/lib/libsubscriber_component2.so" to ""
[1.756s] -- Up-to-date: /home/ubuntu/ros_workspace/install/first_package_cpp/lib/first_package_cpp/manual_composition
[1.756s] -- Up-to-date: /home/ubuntu/ros_workspace/install/first_package_cpp/share/first_package_cpp/launch
[1.756s] -- Up-to-date: /home/ubuntu/ros_workspace/install/first_package_cpp/share/first_package_cpp/launch/composition.launch.py
[1.757s] -- Up-to-date: /home/ubuntu/ros_workspace/install/first_package_cpp/share/ament_index/resource_index/package_run_dependencies/first_package_cpp
[1.757s] -- Up-to-date: /home/ubuntu/ros_workspace/install/first_package_cpp/share/ament_index/resource_index/parent_prefix_path/first_package_cpp
[1.758s] -- Up-to-date: /home/ubuntu/ros_workspace/install/first_package_cpp/share/first_package_cpp/environment/ament_prefix_path.sh
[1.758s] -- Up-to-date: /home/ubuntu/ros_workspace/install/first_package_cpp/share/first_package_cpp/environment/ament_prefix_path.dsv
[1.758s] -- Up-to-date: /home/ubuntu/ros_workspace/install/first_package_cpp/share/first_package_cpp/environment/path.sh
[1.758s] -- Up-to-date: /home/ubuntu/ros_workspace/install/first_package_cpp/share/first_package_cpp/environment/path.dsv
[1.758s] -- Up-to-date: /home/ubuntu/ros_workspace/install/first_package_cpp/share/first_package_cpp/local_setup.bash
[1.758s] -- Up-to-date: /home/ubuntu/ros_workspace/install/first_package_cpp/share/first_package_cpp/local_setup.sh
[1.758s] -- Up-to-date: /home/ubuntu/ros_workspace/install/first_package_cpp/share/first_package_cpp/local_setup.zsh
[1.759s] -- Up-to-date: /home/ubuntu/ros_workspace/install/first_package_cpp/share/first_package_cpp/local_setup.dsv
[1.759s] -- Installing: /home/ubuntu/ros_workspace/install/first_package_cpp/share/first_package_cpp/package.dsv
[1.759s] -- Up-to-date: /home/ubuntu/ros_workspace/install/first_package_cpp/share/ament_index/resource_index/packages/first_package_cpp
[1.759s] -- Up-to-date: /home/ubuntu/ros_workspace/install/first_package_cpp/share/ament_index/resource_index/rclcpp_components/first_package_cpp
[1.759s] -- Old export file "/home/ubuntu/ros_workspace/install/first_package_cpp/share/first_package_cpp/cmake/export_first_package_cpp_talker_componentExport.cmake" will be replaced.  Removing files [/home/ubuntu/ros_workspace/install/first_package_cpp/share/first_package_cpp/cmake/export_first_package_cpp_talker_componentExport-noconfig.cmake].
[1.759s] -- Installing: /home/ubuntu/ros_workspace/install/first_package_cpp/share/first_package_cpp/cmake/export_first_package_cpp_talker_componentExport.cmake
[1.759s] -- Installing: /home/ubuntu/ros_workspace/install/first_package_cpp/share/first_package_cpp/cmake/export_first_package_cpp_talker_componentExport-noconfig.cmake
[1.759s] -- Old export file "/home/ubuntu/ros_workspace/install/first_package_cpp/share/first_package_cpp/cmake/export_first_package_cpp_subscriber_componentExport.cmake" will be replaced.  Removing files [/home/ubuntu/ros_workspace/install/first_package_cpp/share/first_package_cpp/cmake/export_first_package_cpp_subscriber_componentExport-noconfig.cmake].
[1.760s] -- Installing: /home/ubuntu/ros_workspace/install/first_package_cpp/share/first_package_cpp/cmake/export_first_package_cpp_subscriber_componentExport.cmake
[1.760s] -- Installing: /home/ubuntu/ros_workspace/install/first_package_cpp/share/first_package_cpp/cmake/export_first_package_cpp_subscriber_componentExport-noconfig.cmake
[1.760s] -- Up-to-date: /home/ubuntu/ros_workspace/install/first_package_cpp/share/first_package_cpp/cmake/ament_cmake_export_targets-extras.cmake
[1.760s] -- Up-to-date: /home/ubuntu/ros_workspace/install/first_package_cpp/share/first_package_cpp/cmake/first_package_cppConfig.cmake
[1.761s] -- Up-to-date: /home/ubuntu/ros_workspace/install/first_package_cpp/share/first_package_cpp/cmake/first_package_cppConfig-version.cmake
[1.761s] -- Up-to-date: /home/ubuntu/ros_workspace/install/first_package_cpp/share/first_package_cpp/package.xml
[1.765s] Invoked command in '/home/ubuntu/ros_workspace/build/first_package_cpp' returned '0': CMAKE_PREFIX_PATH=${CMAKE_PREFIX_PATH}:/home/ubuntu/ros_workspace/install/tutorial_1_action:/home/ubuntu/ros_workspace/install/exam_example_2:/home/ubuntu/ros_workspace/install/turtle_action_client:/home/ubuntu/ros_workspace/install/assignment2_rt_py:/home/ubuntu/ros_workspace/install/assignment1_rt_py:/home/ubuntu/ros_workspace/install/python_package:/home/ubuntu/ros_workspace/install/first_package_py:/home/ubuntu/ros_workspace/install/fibonacci:/home/ubuntu/ros_workspace/install/exam_example:/opt/ros/jazzy /usr/bin/cmake --install /home/ubuntu/ros_workspace/build/first_package_cpp
