-- The C compiler identification is GNU 13.3.0
-- The CXX compiler identification is GNU 13.3.0
-- Detecting C compiler ABI info
-- Detecting C compiler ABI info - done
-- Check for working C compiler: /usr/bin/cc - skipped
-- Detecting C compile features
-- Detecting C compile features - done
-- Detecting CXX compiler ABI info
-- Detecting CXX compiler ABI info - done
-- Check for working CXX compiler: /usr/bin/c++ - skipped
-- Detecting CXX compile features
-- Detecting CXX compile features - done
-- Found ament_cmake: 2.5.4 (/opt/ros/jazzy/share/ament_cmake/cmake)
-- Found Python3: /usr/bin/python3 (found version "3.12.3") found components: Interpreter 
-- Found rosidl_default_generators: 1.6.0 (/opt/ros/jazzy/share/rosidl_default_generators/cmake)
-- Using all available rosidl_typesupport_c: rosidl_typesupport_fastrtps_c;rosidl_typesupport_introspection_c
-- Using all available rosidl_typesupport_cpp: rosidl_typesupport_fastrtps_cpp;rosidl_typesupport_introspection_cpp
-- Found rosidl_adapter: 4.6.6 (/opt/ros/jazzy/share/rosidl_adapter/cmake)
-- Found ament_cmake_ros: 0.12.0 (/opt/ros/jazzy/share/ament_cmake_ros/cmake)
-- Using all available rosidl_typesupport_c: rosidl_typesupport_fastrtps_c;rosidl_typesupport_introspection_c
-- Using all available rosidl_typesupport_cpp: rosidl_typesupport_fastrtps_cpp;rosidl_typesupport_introspection_cpp
-- Found python_cmake_module: 0.11.1 (/opt/ros/jazzy/share/python_cmake_module/cmake)
-- Found PythonExtra: /usr/bin/python3  
-- Found Python3: /usr/bin/python3 (found version "3.12.3") found components: Interpreter Development NumPy Development.Module Development.Embed 
-- Found ament_lint_auto: 0.17.3 (/opt/ros/jazzy/share/ament_lint_auto/cmake)
-- Added test 'lint_cmake' to check CMake code style
-- Added test 'xmllint' to check XML markup files
-- Configuring done (8.5s)
-- Generating done (0.3s)
-- Build files have been written to: /home/ubuntu/ros_workspace/build/robot_custom_msgs
[  1%] [34m[1mGenerating type hashes for ROS interfaces[0m
[  1%] Built target ament_cmake_python_copy_robot_custom_msgs
running egg_info
creating robot_custom_msgs.egg-info
[  1%] Built target robot_custom_msgs__rosidl_generator_type_description
writing robot_custom_msgs.egg-info/PKG-INFO
writing dependency_links to robot_custom_msgs.egg-info/dependency_links.txt
writing top-level names to robot_custom_msgs.egg-info/top_level.txt
writing manifest file 'robot_custom_msgs.egg-info/SOURCES.txt'
[  2%] [34m[1mGenerating C code for ROS interfaces[0m
[  4%] [34m[1mGenerating C++ code for ROS interfaces[0m
reading manifest file 'robot_custom_msgs.egg-info/SOURCES.txt'
writing manifest file 'robot_custom_msgs.egg-info/SOURCES.txt'
[  4%] Built target ament_cmake_python_build_robot_custom_msgs_egg
[  6%] [32mBuilding C object CMakeFiles/robot_custom_msgs__rosidl_generator_c.dir/rosidl_generator_c/robot_custom_msgs/msg/detail/custom__description.c.o[0m
[  8%] [32mBuilding C object CMakeFiles/robot_custom_msgs__rosidl_generator_c.dir/rosidl_generator_c/robot_custom_msgs/srv/detail/velocity__description.c.o[0m
[  6%] [32mBuilding C object CMakeFiles/robot_custom_msgs__rosidl_generator_c.dir/rosidl_generator_c/robot_custom_msgs/msg/detail/custom__functions.c.o[0m
[  9%] [32mBuilding C object CMakeFiles/robot_custom_msgs__rosidl_generator_c.dir/rosidl_generator_c/robot_custom_msgs/msg/detail/custom__type_support.c.o[0m
[ 10%] [32mBuilding C object CMakeFiles/robot_custom_msgs__rosidl_generator_c.dir/rosidl_generator_c/robot_custom_msgs/msg/detail/exam_custom__description.c.o[0m
[ 12%] [32mBuilding C object CMakeFiles/robot_custom_msgs__rosidl_generator_c.dir/rosidl_generator_c/robot_custom_msgs/msg/detail/exam_custom__type_support.c.o[0m
[ 13%] [32mBuilding C object CMakeFiles/robot_custom_msgs__rosidl_generator_c.dir/rosidl_generator_c/robot_custom_msgs/msg/detail/exam_custom__functions.c.o[0m
[ 14%] [32mBuilding C object CMakeFiles/robot_custom_msgs__rosidl_generator_c.dir/rosidl_generator_c/robot_custom_msgs/srv/detail/velocity__functions.c.o[0m
[ 16%] [32mBuilding C object CMakeFiles/robot_custom_msgs__rosidl_generator_c.dir/rosidl_generator_c/robot_custom_msgs/srv/detail/velocity__type_support.c.o[0m
[ 17%] [32mBuilding C object CMakeFiles/robot_custom_msgs__rosidl_generator_c.dir/rosidl_generator_c/robot_custom_msgs/srv/detail/average__functions.c.o[0m
[ 18%] [32mBuilding C object CMakeFiles/robot_custom_msgs__rosidl_generator_c.dir/rosidl_generator_c/robot_custom_msgs/srv/detail/average__description.c.o[0m
[ 21%] [32mBuilding C object CMakeFiles/robot_custom_msgs__rosidl_generator_c.dir/rosidl_generator_c/robot_custom_msgs/srv/detail/threshold__functions.c.o[0m
[ 21%] [32mBuilding C object CMakeFiles/robot_custom_msgs__rosidl_generator_c.dir/rosidl_generator_c/robot_custom_msgs/srv/detail/average__type_support.c.o[0m
[ 22%] [32mBuilding C object CMakeFiles/robot_custom_msgs__rosidl_generator_c.dir/rosidl_generator_c/robot_custom_msgs/srv/detail/threshold__description.c.o[0m
[ 24%] [32mBuilding C object CMakeFiles/robot_custom_msgs__rosidl_generator_c.dir/rosidl_generator_c/robot_custom_msgs/srv/detail/threshold__type_support.c.o[0m
[ 24%] Built target robot_custom_msgs__cpp
[ 25%] [32m[1mLinking C shared library librobot_custom_msgs__rosidl_generator_c.so[0m
[ 25%] Built target robot_custom_msgs__rosidl_generator_c
[ 27%] [34m[1mGenerating C introspection for ROS interfaces[0m
[ 28%] [34m[1mGenerating C++ type support for eProsima Fast-RTPS[0m
[ 29%] [34m[1mGenerating C++ introspection for ROS interfaces[0m
[ 31%] [34m[1mGenerating C type support dispatch for ROS interfaces[0m
[ 32%] [34m[1mGenerating C++ type support dispatch for ROS interfaces[0m
[ 33%] [34m[1mGenerating C type support for eProsima Fast-RTPS[0m
[ 35%] [32mBuilding CXX object CMakeFiles/robot_custom_msgs__rosidl_typesupport_introspection_cpp.dir/rosidl_typesupport_introspection_cpp/robot_custom_msgs/msg/detail/custom__type_support.cpp.o[0m
[ 36%] [32mBuilding CXX object CMakeFiles/robot_custom_msgs__rosidl_typesupport_introspection_cpp.dir/rosidl_typesupport_introspection_cpp/robot_custom_msgs/msg/detail/exam_custom__type_support.cpp.o[0m
[ 37%] [32mBuilding CXX object CMakeFiles/robot_custom_msgs__rosidl_typesupport_introspection_cpp.dir/rosidl_typesupport_introspection_cpp/robot_custom_msgs/srv/detail/velocity__type_support.cpp.o[0m
[ 39%] [32mBuilding CXX object CMakeFiles/robot_custom_msgs__rosidl_typesupport_introspection_cpp.dir/rosidl_typesupport_introspection_cpp/robot_custom_msgs/srv/detail/average__type_support.cpp.o[0m
[ 40%] [32mBuilding CXX object CMakeFiles/robot_custom_msgs__rosidl_typesupport_introspection_cpp.dir/rosidl_typesupport_introspection_cpp/robot_custom_msgs/srv/detail/threshold__type_support.cpp.o[0m
[ 41%] [32mBuilding CXX object CMakeFiles/robot_custom_msgs__rosidl_typesupport_c.dir/rosidl_typesupport_c/robot_custom_msgs/msg/custom__type_support.cpp.o[0m
[ 43%] [32mBuilding CXX object CMakeFiles/robot_custom_msgs__rosidl_typesupport_c.dir/rosidl_typesupport_c/robot_custom_msgs/msg/exam_custom__type_support.cpp.o[0m
[ 44%] [32mBuilding CXX object CMakeFiles/robot_custom_msgs__rosidl_typesupport_c.dir/rosidl_typesupport_c/robot_custom_msgs/srv/velocity__type_support.cpp.o[0m
[ 45%] [32mBuilding CXX object CMakeFiles/robot_custom_msgs__rosidl_typesupport_c.dir/rosidl_typesupport_c/robot_custom_msgs/srv/average__type_support.cpp.o[0m
[ 47%] [32mBuilding CXX object CMakeFiles/robot_custom_msgs__rosidl_typesupport_c.dir/rosidl_typesupport_c/robot_custom_msgs/srv/threshold__type_support.cpp.o[0m
[ 48%] [32mBuilding CXX object CMakeFiles/robot_custom_msgs__rosidl_typesupport_cpp.dir/rosidl_typesupport_cpp/robot_custom_msgs/msg/custom__type_support.cpp.o[0m
[ 50%] [32mBuilding CXX object CMakeFiles/robot_custom_msgs__rosidl_typesupport_cpp.dir/rosidl_typesupport_cpp/robot_custom_msgs/srv/velocity__type_support.cpp.o[0m
[ 51%] [32mBuilding CXX object CMakeFiles/robot_custom_msgs__rosidl_typesupport_cpp.dir/rosidl_typesupport_cpp/robot_custom_msgs/msg/exam_custom__type_support.cpp.o[0m
[ 52%] [32mBuilding CXX object CMakeFiles/robot_custom_msgs__rosidl_typesupport_cpp.dir/rosidl_typesupport_cpp/robot_custom_msgs/srv/average__type_support.cpp.o[0m
[ 54%] [32mBuilding CXX object CMakeFiles/robot_custom_msgs__rosidl_typesupport_fastrtps_cpp.dir/rosidl_typesupport_fastrtps_cpp/robot_custom_msgs/msg/detail/dds_fastrtps/custom__type_support.cpp.o[0m
[ 55%] [32mBuilding CXX object CMakeFiles/robot_custom_msgs__rosidl_typesupport_fastrtps_cpp.dir/rosidl_typesupport_fastrtps_cpp/robot_custom_msgs/msg/detail/dds_fastrtps/exam_custom__type_support.cpp.o[0m
[ 56%] [32mBuilding CXX object CMakeFiles/robot_custom_msgs__rosidl_typesupport_fastrtps_cpp.dir/rosidl_typesupport_fastrtps_cpp/robot_custom_msgs/srv/detail/dds_fastrtps/average__type_support.cpp.o[0m
[ 58%] [32mBuilding CXX object CMakeFiles/robot_custom_msgs__rosidl_typesupport_fastrtps_cpp.dir/rosidl_typesupport_fastrtps_cpp/robot_custom_msgs/srv/detail/dds_fastrtps/velocity__type_support.cpp.o[0m
[ 59%] [32m[1mLinking CXX shared library librobot_custom_msgs__rosidl_typesupport_c.so[0m
[ 59%] Built target robot_custom_msgs__rosidl_typesupport_c
[ 60%] [32mBuilding C object CMakeFiles/robot_custom_msgs__rosidl_typesupport_introspection_c.dir/rosidl_typesupport_introspection_c/robot_custom_msgs/msg/detail/custom__type_support.c.o[0m
[ 62%] [32mBuilding CXX object CMakeFiles/robot_custom_msgs__rosidl_typesupport_cpp.dir/rosidl_typesupport_cpp/robot_custom_msgs/srv/threshold__type_support.cpp.o[0m
[ 63%] [32mBuilding C object CMakeFiles/robot_custom_msgs__rosidl_typesupport_introspection_c.dir/rosidl_typesupport_introspection_c/robot_custom_msgs/msg/detail/exam_custom__type_support.c.o[0m
[ 64%] [32mBuilding CXX object CMakeFiles/robot_custom_msgs__rosidl_typesupport_fastrtps_c.dir/rosidl_typesupport_fastrtps_c/robot_custom_msgs/msg/detail/custom__type_support_c.cpp.o[0m
[ 66%] [32mBuilding C object CMakeFiles/robot_custom_msgs__rosidl_typesupport_introspection_c.dir/rosidl_typesupport_introspection_c/robot_custom_msgs/srv/detail/velocity__type_support.c.o[0m
[ 67%] [32mBuilding CXX object CMakeFiles/robot_custom_msgs__rosidl_typesupport_fastrtps_cpp.dir/rosidl_typesupport_fastrtps_cpp/robot_custom_msgs/srv/detail/dds_fastrtps/threshold__type_support.cpp.o[0m
[ 68%] [32mBuilding CXX object CMakeFiles/robot_custom_msgs__rosidl_typesupport_fastrtps_c.dir/rosidl_typesupport_fastrtps_c/robot_custom_msgs/msg/detail/exam_custom__type_support_c.cpp.o[0m
[ 70%] [32mBuilding C object CMakeFiles/robot_custom_msgs__rosidl_typesupport_introspection_c.dir/rosidl_typesupport_introspection_c/robot_custom_msgs/srv/detail/average__type_support.c.o[0m
[ 71%] [32mBuilding CXX object CMakeFiles/robot_custom_msgs__rosidl_typesupport_fastrtps_c.dir/rosidl_typesupport_fastrtps_c/robot_custom_msgs/srv/detail/velocity__type_support_c.cpp.o[0m
[ 72%] [32mBuilding CXX object CMakeFiles/robot_custom_msgs__rosidl_typesupport_fastrtps_c.dir/rosidl_typesupport_fastrtps_c/robot_custom_msgs/srv/detail/average__type_support_c.cpp.o[0m
[ 74%] [32mBuilding CXX object CMakeFiles/robot_custom_msgs__rosidl_typesupport_fastrtps_c.dir/rosidl_typesupport_fastrtps_c/robot_custom_msgs/srv/detail/threshold__type_support_c.cpp.o[0m
[ 75%] [32mBuilding C object CMakeFiles/robot_custom_msgs__rosidl_typesupport_introspection_c.dir/rosidl_typesupport_introspection_c/robot_custom_msgs/srv/detail/threshold__type_support.c.o[0m
[ 77%] [32m[1mLinking C shared library librobot_custom_msgs__rosidl_typesupport_introspection_c.so[0m
[ 77%] Built target robot_custom_msgs__rosidl_typesupport_introspection_c
[ 78%] [32m[1mLinking CXX shared library librobot_custom_msgs__rosidl_typesupport_introspection_cpp.so[0m
[ 79%] [32m[1mLinking CXX shared library librobot_custom_msgs__rosidl_typesupport_cpp.so[0m
[ 79%] Built target robot_custom_msgs__rosidl_typesupport_introspection_cpp
[ 79%] Built target robot_custom_msgs__rosidl_typesupport_cpp
[ 81%] [32m[1mLinking CXX shared library librobot_custom_msgs__rosidl_typesupport_fastrtps_cpp.so[0m
[ 82%] [32m[1mLinking CXX shared library librobot_custom_msgs__rosidl_typesupport_fastrtps_c.so[0m
[ 82%] Built target robot_custom_msgs__rosidl_typesupport_fastrtps_cpp
[ 82%] Built target robot_custom_msgs__rosidl_typesupport_fastrtps_c
[ 82%] Built target robot_custom_msgs
[ 83%] [34m[1mGenerating Python code for ROS interfaces[0m
[ 83%] Built target robot_custom_msgs__py
[ 87%] [32mBuilding C object CMakeFiles/robot_custom_msgs__rosidl_generator_py.dir/rosidl_generator_py/robot_custom_msgs/msg/_custom_s.c.o[0m
[ 87%] [32mBuilding C object CMakeFiles/robot_custom_msgs__rosidl_generator_py.dir/rosidl_generator_py/robot_custom_msgs/srv/_velocity_s.c.o[0m
[ 87%] [32mBuilding C object CMakeFiles/robot_custom_msgs__rosidl_generator_py.dir/rosidl_generator_py/robot_custom_msgs/msg/_exam_custom_s.c.o[0m
[ 89%] [32mBuilding C object CMakeFiles/robot_custom_msgs__rosidl_generator_py.dir/rosidl_generator_py/robot_custom_msgs/srv/_average_s.c.o[0m
[ 90%] [32mBuilding C object CMakeFiles/robot_custom_msgs__rosidl_generator_py.dir/rosidl_generator_py/robot_custom_msgs/srv/_threshold_s.c.o[0m
[ 91%] [32m[1mLinking C shared library librobot_custom_msgs__rosidl_generator_py.so[0m
[ 91%] Built target robot_custom_msgs__rosidl_generator_py
[ 95%] [32mBuilding C object CMakeFiles/robot_custom_msgs_s__rosidl_typesupport_c.dir/rosidl_generator_py/robot_custom_msgs/_robot_custom_msgs_s.ep.rosidl_typesupport_c.c.o[0m
[ 95%] [32mBuilding C object CMakeFiles/robot_custom_msgs_s__rosidl_typesupport_introspection_c.dir/rosidl_generator_py/robot_custom_msgs/_robot_custom_msgs_s.ep.rosidl_typesupport_introspection_c.c.o[0m
[ 95%] [32mBuilding C object CMakeFiles/robot_custom_msgs_s__rosidl_typesupport_fastrtps_c.dir/rosidl_generator_py/robot_custom_msgs/_robot_custom_msgs_s.ep.rosidl_typesupport_fastrtps_c.c.o[0m
[ 97%] [32m[1mLinking C shared module rosidl_generator_py/robot_custom_msgs/robot_custom_msgs_s__rosidl_typesupport_c.so[0m
[ 98%] [32m[1mLinking C shared module rosidl_generator_py/robot_custom_msgs/robot_custom_msgs_s__rosidl_typesupport_fastrtps_c.so[0m
[100%] [32m[1mLinking C shared module rosidl_generator_py/robot_custom_msgs/robot_custom_msgs_s__rosidl_typesupport_introspection_c.so[0m
[100%] Built target robot_custom_msgs_s__rosidl_typesupport_c
[100%] Built target robot_custom_msgs_s__rosidl_typesupport_fastrtps_c
[100%] Built target robot_custom_msgs_s__rosidl_typesupport_introspection_c
