[0.112s] Invoking command in '/home/ubuntu/ros_workspace/build/first_package_cpp': CMAKE_PREFIX_PATH=${CMAKE_PREFIX_PATH}:/home/ubuntu/ros_workspace/install/python_package:/opt/ros/jazzy /usr/bin/cmake --build /home/ubuntu/ros_workspace/build/first_package_cpp -- -j16 -l16
[0.773s] [100%] Built target talker
[0.804s] Invoked command in '/home/ubuntu/ros_workspace/build/first_package_cpp' returned '0': CMAKE_PREFIX_PATH=${CMAKE_PREFIX_PATH}:/home/ubuntu/ros_workspace/install/python_package:/opt/ros/jazzy /usr/bin/cmake --build /home/ubuntu/ros_workspace/build/first_package_cpp -- -j16 -l16
[0.807s] Invoking command in '/home/ubuntu/ros_workspace/build/first_package_cpp': CMAKE_PREFIX_PATH=${CMAKE_PREFIX_PATH}:/home/ubuntu/ros_workspace/install/python_package:/opt/ros/jazzy /usr/bin/cmake --install /home/ubuntu/ros_workspace/build/first_package_cpp
[0.842s] -- Install configuration: ""
[0.843s] -- Up-to-date: /home/ubuntu/ros_workspace/install/first_package_cpp/lib/first_package_cpp/talker
[0.847s] -- Up-to-date: /home/ubuntu/ros_workspace/install/first_package_cpp/share/ament_index/resource_index/package_run_dependencies/first_package_cpp
[0.848s] -- Up-to-date: /home/ubuntu/ros_workspace/install/first_package_cpp/share/ament_index/resource_index/parent_prefix_path/first_package_cpp
[0.849s] -- Up-to-date: /home/ubuntu/ros_workspace/install/first_package_cpp/share/first_package_cpp/environment/ament_prefix_path.sh
[0.850s] -- Up-to-date: /home/ubuntu/ros_workspace/install/first_package_cpp/share/first_package_cpp/environment/ament_prefix_path.dsv
[0.850s] -- Up-to-date: /home/ubuntu/ros_workspace/install/first_package_cpp/share/first_package_cpp/environment/path.sh
[0.853s] -- Up-to-date: /home/ubuntu/ros_workspace/install/first_package_cpp/share/first_package_cpp/environment/path.dsv
[0.854s] -- Up-to-date: /home/ubuntu/ros_workspace/install/first_package_cpp/share/first_package_cpp/local_setup.bash
[0.854s] -- Up-to-date: /home/ubuntu/ros_workspace/install/first_package_cpp/share/first_package_cpp/local_setup.sh
[0.854s] -- Up-to-date: /home/ubuntu/ros_workspace/install/first_package_cpp/share/first_package_cpp/local_setup.zsh
[0.855s] -- Up-to-date: /home/ubuntu/ros_workspace/install/first_package_cpp/share/first_package_cpp/local_setup.dsv
[0.855s] -- Installing: /home/ubuntu/ros_workspace/install/first_package_cpp/share/first_package_cpp/package.dsv
[0.856s] -- Up-to-date: /home/ubuntu/ros_workspace/install/first_package_cpp/share/ament_index/resource_index/packages/first_package_cpp
[0.856s] -- Up-to-date: /home/ubuntu/ros_workspace/install/first_package_cpp/share/first_package_cpp/cmake/first_package_cppConfig.cmake
[0.857s] -- Up-to-date: /home/ubuntu/ros_workspace/install/first_package_cpp/share/first_package_cpp/cmake/first_package_cppConfig-version.cmake
[0.858s] -- Up-to-date: /home/ubuntu/ros_workspace/install/first_package_cpp/share/first_package_cpp/package.xml
[0.906s] Invoked command in '/home/ubuntu/ros_workspace/build/first_package_cpp' returned '0': CMAKE_PREFIX_PATH=${CMAKE_PREFIX_PATH}:/home/ubuntu/ros_workspace/install/python_package:/opt/ros/jazzy /usr/bin/cmake --install /home/ubuntu/ros_workspace/build/first_package_cpp
