[1.988s] Invoking command in '/home/ubuntu/ros_workspace/src/python_package': PYTHONPATH=/home/ubuntu/ros_workspace/build/python_package/prefix_override:/usr/lib/python3/dist-packages/colcon_core/task/python/colcon_distutils_commands:/home/ubuntu/ros_workspace/install/python_package/lib/python3.12/site-packages:${PYTHONPATH} /usr/bin/python3 -W ignore:setup.py install is deprecated -W ignore:easy_install command is deprecated setup.py egg_info --egg-base ../../build/python_package build --build-base /home/ubuntu/ros_workspace/build/python_package/build install --record /home/ubuntu/ros_workspace/build/python_package/install.log --single-version-externally-managed install_data
[2.360s] running egg_info
[2.360s] creating ../../build/python_package/python_package.egg-info
[2.395s] writing ../../build/python_package/python_package.egg-info/PKG-INFO
[2.396s] writing dependency_links to ../../build/python_package/python_package.egg-info/dependency_links.txt
[2.396s] writing requirements to ../../build/python_package/python_package.egg-info/requires.txt
[2.397s] writing top-level names to ../../build/python_package/python_package.egg-info/top_level.txt
[2.397s] writing manifest file '../../build/python_package/python_package.egg-info/SOURCES.txt'
[2.465s] reading manifest file '../../build/python_package/python_package.egg-info/SOURCES.txt'
[2.466s] writing manifest file '../../build/python_package/python_package.egg-info/SOURCES.txt'
[2.467s] running build
[2.467s] running build_py
[2.467s] creating /home/ubuntu/ros_workspace/build/python_package/build
[2.468s] creating /home/ubuntu/ros_workspace/build/python_package/build/lib
[2.468s] creating /home/ubuntu/ros_workspace/build/python_package/build/lib/python_package
[2.469s] copying python_package/__init__.py -> /home/ubuntu/ros_workspace/build/python_package/build/lib/python_package
[2.469s] running install
[2.476s] running install_lib
[2.504s] creating /home/ubuntu/ros_workspace/install/python_package/lib/python3.12/site-packages/python_package
[2.504s] copying /home/ubuntu/ros_workspace/build/python_package/build/lib/python_package/__init__.py -> /home/ubuntu/ros_workspace/install/python_package/lib/python3.12/site-packages/python_package
[2.505s] byte-compiling /home/ubuntu/ros_workspace/install/python_package/lib/python3.12/site-packages/python_package/__init__.py to __init__.cpython-312.pyc
[2.506s] running install_data
[2.506s] creating /home/ubuntu/ros_workspace/install/python_package/share/ament_index
[2.507s] creating /home/ubuntu/ros_workspace/install/python_package/share/ament_index/resource_index
[2.508s] creating /home/ubuntu/ros_workspace/install/python_package/share/ament_index/resource_index/packages
[2.508s] copying resource/python_package -> /home/ubuntu/ros_workspace/install/python_package/share/ament_index/resource_index/packages
[2.509s] copying package.xml -> /home/ubuntu/ros_workspace/install/python_package/share/python_package
[2.509s] running install_egg_info
[2.552s] Copying ../../build/python_package/python_package.egg-info to /home/ubuntu/ros_workspace/install/python_package/lib/python3.12/site-packages/python_package-0.0.0-py3.12.egg-info
[2.556s] running install_scripts
[2.740s] writing list of installed files to '/home/ubuntu/ros_workspace/build/python_package/install.log'
[2.783s] Invoked command in '/home/ubuntu/ros_workspace/src/python_package' returned '0': PYTHONPATH=/home/ubuntu/ros_workspace/build/python_package/prefix_override:/usr/lib/python3/dist-packages/colcon_core/task/python/colcon_distutils_commands:/home/ubuntu/ros_workspace/install/python_package/lib/python3.12/site-packages:${PYTHONPATH} /usr/bin/python3 -W ignore:setup.py install is deprecated -W ignore:easy_install command is deprecated setup.py egg_info --egg-base ../../build/python_package build --build-base /home/ubuntu/ros_workspace/build/python_package/build install --record /home/ubuntu/ros_workspace/build/python_package/install.log --single-version-externally-managed install_data
