running egg_info
creating ../../build/assignment2_rt_py/assignment2_rt_py.egg-info
writing ../../build/assignment2_rt_py/assignment2_rt_py.egg-info/PKG-INFO
writing dependency_links to ../../build/assignment2_rt_py/assignment2_rt_py.egg-info/dependency_links.txt
writing entry points to ../../build/assignment2_rt_py/assignment2_rt_py.egg-info/entry_points.txt
writing requirements to ../../build/assignment2_rt_py/assignment2_rt_py.egg-info/requires.txt
writing top-level names to ../../build/assignment2_rt_py/assignment2_rt_py.egg-info/top_level.txt
writing manifest file '../../build/assignment2_rt_py/assignment2_rt_py.egg-info/SOURCES.txt'
reading manifest file '../../build/assignment2_rt_py/assignment2_rt_py.egg-info/SOURCES.txt'
writing manifest file '../../build/assignment2_rt_py/assignment2_rt_py.egg-info/SOURCES.txt'
running build
running build_py
creating /home/ubuntu/ros_workspace/build/assignment2_rt_py/build
creating /home/ubuntu/ros_workspace/build/assignment2_rt_py/build/lib
creating /home/ubuntu/ros_workspace/build/assignment2_rt_py/build/lib/assignment2_rt_py
copying assignment2_rt_py/robot_controller.py -> /home/ubuntu/ros_workspace/build/assignment2_rt_py/build/lib/assignment2_rt_py
copying assignment2_rt_py/__init__.py -> /home/ubuntu/ros_workspace/build/assignment2_rt_py/build/lib/assignment2_rt_py
copying assignment2_rt_py/distance_calc.py -> /home/ubuntu/ros_workspace/build/assignment2_rt_py/build/lib/assignment2_rt_py
copying assignment2_rt_py/turtlesim_services.py -> /home/ubuntu/ros_workspace/build/assignment2_rt_py/build/lib/assignment2_rt_py
running install
running install_lib
creating /home/ubuntu/ros_workspace/install/assignment2_rt_py/lib/python3.12/site-packages/assignment2_rt_py
copying /home/ubuntu/ros_workspace/build/assignment2_rt_py/build/lib/assignment2_rt_py/robot_controller.py -> /home/ubuntu/ros_workspace/install/assignment2_rt_py/lib/python3.12/site-packages/assignment2_rt_py
copying /home/ubuntu/ros_workspace/build/assignment2_rt_py/build/lib/assignment2_rt_py/__init__.py -> /home/ubuntu/ros_workspace/install/assignment2_rt_py/lib/python3.12/site-packages/assignment2_rt_py
copying /home/ubuntu/ros_workspace/build/assignment2_rt_py/build/lib/assignment2_rt_py/distance_calc.py -> /home/ubuntu/ros_workspace/install/assignment2_rt_py/lib/python3.12/site-packages/assignment2_rt_py
copying /home/ubuntu/ros_workspace/build/assignment2_rt_py/build/lib/assignment2_rt_py/turtlesim_services.py -> /home/ubuntu/ros_workspace/install/assignment2_rt_py/lib/python3.12/site-packages/assignment2_rt_py
byte-compiling /home/ubuntu/ros_workspace/install/assignment2_rt_py/lib/python3.12/site-packages/assignment2_rt_py/robot_controller.py to robot_controller.cpython-312.pyc
byte-compiling /home/ubuntu/ros_workspace/install/assignment2_rt_py/lib/python3.12/site-packages/assignment2_rt_py/__init__.py to __init__.cpython-312.pyc
byte-compiling /home/ubuntu/ros_workspace/install/assignment2_rt_py/lib/python3.12/site-packages/assignment2_rt_py/distance_calc.py to distance_calc.cpython-312.pyc
byte-compiling /home/ubuntu/ros_workspace/install/assignment2_rt_py/lib/python3.12/site-packages/assignment2_rt_py/turtlesim_services.py to turtlesim_services.cpython-312.pyc
running install_data
creating /home/ubuntu/ros_workspace/install/assignment2_rt_py/share/ament_index
creating /home/ubuntu/ros_workspace/install/assignment2_rt_py/share/ament_index/resource_index
creating /home/ubuntu/ros_workspace/install/assignment2_rt_py/share/ament_index/resource_index/packages
copying resource/assignment2_rt_py -> /home/ubuntu/ros_workspace/install/assignment2_rt_py/share/ament_index/resource_index/packages
copying package.xml -> /home/ubuntu/ros_workspace/install/assignment2_rt_py/share/assignment2_rt_py
running install_egg_info
Copying ../../build/assignment2_rt_py/assignment2_rt_py.egg-info to /home/ubuntu/ros_workspace/install/assignment2_rt_py/lib/python3.12/site-packages/assignment2_rt_py-0.0.0-py3.12.egg-info
running install_scripts
Installing distance script to /home/ubuntu/ros_workspace/install/assignment2_rt_py/lib/assignment2_rt_py
Installing robot_controller script to /home/ubuntu/ros_workspace/install/assignment2_rt_py/lib/assignment2_rt_py
writing list of installed files to '/home/ubuntu/ros_workspace/build/assignment2_rt_py/install.log'
