[ 50%] Built target distance
[ 75%] [32mBuilding CXX object CMakeFiles/turtles.dir/src/two_turtles.cpp.o[0m
[01m[K/home/ubuntu/ros_workspace/src/assignment1_rt/src/two_turtles.cpp:[m[K In member function ‘[01m[Kvoid TwoTurtles::[01;32m[Ktimer_callback[m[K()[m[K’:
[01m[K/home/ubuntu/ros_workspace/src/assignment1_rt/src/two_turtles.cpp:52:9:[m[K [01;31m[Kerror: [m[K‘[01m[Kreverse[m[K’ was not declared in this scope; did you mean ‘[01m[Kstd::reverse[m[K’?
   52 |         [01;31m[Kreverse[m[K = false;
      |         [01;31m[K^~~~~~~[m[K
      |         [32m[Kstd::reverse[m[K
In file included from [01m[K/usr/include/c++/13/algorithm:73[m[K,
                 from [01m[K/opt/ros/jazzy/include/rcl_interfaces/rcl_interfaces/srv/detail/list_parameters__struct.hpp:11[m[K,
                 from [01m[K/opt/ros/jazzy/include/rcl_interfaces/rcl_interfaces/srv/list_parameters.hpp:7[m[K,
                 from [01m[K/opt/ros/jazzy/include/rclcpp/rclcpp/copy_all_parameter_values.hpp:21[m[K,
                 from [01m[K/opt/ros/jazzy/include/rclcpp/rclcpp/rclcpp.hpp:171[m[K,
                 from [01m[K/home/ubuntu/ros_workspace/src/assignment1_rt/src/two_turtles.cpp:1[m[K:
[01m[K/usr/include/c++/13/pstl/glue_algorithm_defs.h:249:1:[m[K [01;36m[Knote: [m[K‘[01m[Kstd::reverse[m[K’ declared here
  249 | [01;36m[Kreverse[m[K(_ExecutionPolicy&& __exec, _BidirectionalIterator __first, _BidirectionalIterator __last);
      | [01;36m[K^~~~~~~[m[K
[01m[K/home/ubuntu/ros_workspace/src/assignment1_rt/src/two_turtles.cpp:90:17:[m[K [01;31m[Kerror: [m[K‘[01m[Kreverse[m[K’ was not declared in this scope; did you mean ‘[01m[Kstd::reverse[m[K’?
   90 |                 [01;31m[Kreverse[m[K=true;
      |                 [01;31m[K^~~~~~~[m[K
      |                 [32m[Kstd::reverse[m[K
[01m[K/usr/include/c++/13/pstl/glue_algorithm_defs.h:249:1:[m[K [01;36m[Knote: [m[K‘[01m[Kstd::reverse[m[K’ declared here
  249 | [01;36m[Kreverse[m[K(_ExecutionPolicy&& __exec, _BidirectionalIterator __first, _BidirectionalIterator __last);
      | [01;36m[K^~~~~~~[m[K
gmake[2]: *** [CMakeFiles/turtles.dir/build.make:76: CMakeFiles/turtles.dir/src/two_turtles.cpp.o] Error 1
gmake[1]: *** [CMakeFiles/Makefile2:139: CMakeFiles/turtles.dir/all] Error 2
gmake: *** [Makefile:146: all] Error 2
