[0.101s] DEBUG:colcon:Command line arguments: ['/usr/bin/colcon', 'build']
[0.101s] DEBUG:colcon:Parsed command line arguments: Namespace(log_base=None, log_level=None, verb_name='build', build_base='build', install_base='install', merge_install=False, symlink_install=False, test_result_base=None, continue_on_error=False, executor='parallel', parallel_workers=16, event_handlers=None, ignore_user_meta=False, metas=['./colcon.meta'], base_paths=['.'], packages_ignore=None, packages_ignore_regex=None, paths=None, packages_up_to=None, packages_up_to_regex=None, packages_above=None, packages_above_and_dependencies=None, packages_above_depth=None, packages_select_by_dep=None, packages_skip_by_dep=None, packages_skip_up_to=None, packages_select_build_failed=False, packages_skip_build_finished=False, packages_select_test_failures=False, packages_skip_test_passed=False, packages_select=None, packages_skip=None, packages_select_regex=None, packages_skip_regex=None, packages_start=None, packages_end=None, cmake_args=None, cmake_target=None, cmake_target_skip_unavailable=False, cmake_clean_cache=False, cmake_clean_first=False, cmake_force_configure=False, ament_cmake_args=None, catkin_cmake_args=None, catkin_skip_building_tests=False, mixin_files=None, mixin=None, verb_parser=<colcon_mixin.mixin.mixin_argument.MixinArgumentDecorator object at 0x732bedf89dc0>, verb_extension=<colcon_core.verb.build.BuildVerb object at 0x732bee0de480>, main=<bound method BuildVerb.main of <colcon_core.verb.build.BuildVerb object at 0x732bee0de480>>, mixin_verb=('build',))
[0.138s] Level 1:colcon.colcon_core.package_discovery:discover_packages(colcon_meta) check parameters
[0.139s] INFO:colcon.colcon_metadata.package_discovery.colcon_meta:Using configuration from '/root/.colcon/metadata/default/Gazebo.meta'
[0.140s] INFO:colcon.colcon_metadata.package_discovery.colcon_meta:Using configuration from '/root/.colcon/metadata/default/fastdds.meta'
[0.140s] INFO:colcon.colcon_metadata.package_discovery.colcon_meta:Using configuration from '/root/.colcon/metadata/default/fastrtps.meta'
[0.140s] Level 1:colcon.colcon_core.package_discovery:discover_packages(recursive) check parameters
[0.140s] Level 1:colcon.colcon_core.package_discovery:discover_packages(ignore) check parameters
[0.140s] Level 1:colcon.colcon_core.package_discovery:discover_packages(path) check parameters
[0.140s] Level 1:colcon.colcon_core.package_discovery:discover_packages(colcon_meta) discover
[0.140s] Level 1:colcon.colcon_core.package_discovery:discover_packages(recursive) discover
[0.140s] INFO:colcon.colcon_core.package_discovery:Crawling recursively for packages in '/home/ubuntu/ros_workspace'
[0.140s] Level 1:colcon.colcon_core.package_identification:_identify(.) by extensions ['ignore', 'ignore_ament_install']
[0.140s] Level 1:colcon.colcon_core.package_identification:_identify(.) by extension 'ignore'
[0.141s] Level 1:colcon.colcon_core.package_identification:_identify(.) by extension 'ignore_ament_install'
[0.141s] Level 1:colcon.colcon_core.package_identification:_identify(.) by extensions ['colcon_pkg']
[0.141s] Level 1:colcon.colcon_core.package_identification:_identify(.) by extension 'colcon_pkg'
[0.141s] Level 1:colcon.colcon_core.package_identification:_identify(.) by extensions ['colcon_meta']
[0.141s] Level 1:colcon.colcon_core.package_identification:_identify(.) by extension 'colcon_meta'
[0.141s] Level 1:colcon.colcon_core.package_identification:_identify(.) by extensions ['ros']
[0.141s] Level 1:colcon.colcon_core.package_identification:_identify(.) by extension 'ros'
[0.163s] Level 1:colcon.colcon_core.package_identification:_identify(.) by extensions ['cmake', 'python']
[0.163s] Level 1:colcon.colcon_core.package_identification:_identify(.) by extension 'cmake'
[0.163s] Level 1:colcon.colcon_core.package_identification:_identify(.) by extension 'python'
[0.163s] Level 1:colcon.colcon_core.package_identification:_identify(.) by extensions ['python_setup_py']
[0.163s] Level 1:colcon.colcon_core.package_identification:_identify(.) by extension 'python_setup_py'
[0.163s] Level 1:colcon.colcon_core.package_identification:_identify(build) by extensions ['ignore', 'ignore_ament_install']
[0.163s] Level 1:colcon.colcon_core.package_identification:_identify(build) by extension 'ignore'
[0.163s] Level 1:colcon.colcon_core.package_identification:_identify(build) ignored
[0.163s] Level 1:colcon.colcon_core.package_identification:_identify(install) by extensions ['ignore', 'ignore_ament_install']
[0.163s] Level 1:colcon.colcon_core.package_identification:_identify(install) by extension 'ignore'
[0.163s] Level 1:colcon.colcon_core.package_identification:_identify(install) ignored
[0.163s] Level 1:colcon.colcon_core.package_identification:_identify(log) by extensions ['ignore', 'ignore_ament_install']
[0.164s] Level 1:colcon.colcon_core.package_identification:_identify(log) by extension 'ignore'
[0.164s] Level 1:colcon.colcon_core.package_identification:_identify(log) ignored
[0.164s] Level 1:colcon.colcon_core.package_identification:_identify(src) by extensions ['ignore', 'ignore_ament_install']
[0.164s] Level 1:colcon.colcon_core.package_identification:_identify(src) by extension 'ignore'
[0.164s] Level 1:colcon.colcon_core.package_identification:_identify(src) by extension 'ignore_ament_install'
[0.164s] Level 1:colcon.colcon_core.package_identification:_identify(src) by extensions ['colcon_pkg']
[0.164s] Level 1:colcon.colcon_core.package_identification:_identify(src) by extension 'colcon_pkg'
[0.164s] Level 1:colcon.colcon_core.package_identification:_identify(src) by extensions ['colcon_meta']
[0.164s] Level 1:colcon.colcon_core.package_identification:_identify(src) by extension 'colcon_meta'
[0.164s] Level 1:colcon.colcon_core.package_identification:_identify(src) by extensions ['ros']
[0.164s] Level 1:colcon.colcon_core.package_identification:_identify(src) by extension 'ros'
[0.164s] Level 1:colcon.colcon_core.package_identification:_identify(src) by extensions ['cmake', 'python']
[0.164s] Level 1:colcon.colcon_core.package_identification:_identify(src) by extension 'cmake'
[0.164s] Level 1:colcon.colcon_core.package_identification:_identify(src) by extension 'python'
[0.164s] Level 1:colcon.colcon_core.package_identification:_identify(src) by extensions ['python_setup_py']
[0.164s] Level 1:colcon.colcon_core.package_identification:_identify(src) by extension 'python_setup_py'
[0.164s] Level 1:colcon.colcon_core.package_identification:_identify(src/cmake_package) by extensions ['ignore', 'ignore_ament_install']
[0.164s] Level 1:colcon.colcon_core.package_identification:_identify(src/cmake_package) by extension 'ignore'
[0.164s] Level 1:colcon.colcon_core.package_identification:_identify(src/cmake_package) by extension 'ignore_ament_install'
[0.165s] Level 1:colcon.colcon_core.package_identification:_identify(src/cmake_package) by extensions ['colcon_pkg']
[0.165s] Level 1:colcon.colcon_core.package_identification:_identify(src/cmake_package) by extension 'colcon_pkg'
[0.165s] Level 1:colcon.colcon_core.package_identification:_identify(src/cmake_package) by extensions ['colcon_meta']
[0.165s] Level 1:colcon.colcon_core.package_identification:_identify(src/cmake_package) by extension 'colcon_meta'
[0.165s] Level 1:colcon.colcon_core.package_identification:_identify(src/cmake_package) by extensions ['ros']
[0.165s] Level 1:colcon.colcon_core.package_identification:_identify(src/cmake_package) by extension 'ros'
[0.166s] DEBUG:colcon.colcon_core.package_identification:Package 'src/cmake_package' with type 'ros.ament_cmake' and name 'cmake_package'
[0.166s] Level 1:colcon.colcon_core.package_identification:_identify(src/first_package_cpp) by extensions ['ignore', 'ignore_ament_install']
[0.167s] Level 1:colcon.colcon_core.package_identification:_identify(src/first_package_cpp) by extension 'ignore'
[0.167s] Level 1:colcon.colcon_core.package_identification:_identify(src/first_package_cpp) by extension 'ignore_ament_install'
[0.167s] Level 1:colcon.colcon_core.package_identification:_identify(src/first_package_cpp) by extensions ['colcon_pkg']
[0.167s] Level 1:colcon.colcon_core.package_identification:_identify(src/first_package_cpp) by extension 'colcon_pkg'
[0.167s] Level 1:colcon.colcon_core.package_identification:_identify(src/first_package_cpp) by extensions ['colcon_meta']
[0.167s] Level 1:colcon.colcon_core.package_identification:_identify(src/first_package_cpp) by extension 'colcon_meta'
[0.167s] Level 1:colcon.colcon_core.package_identification:_identify(src/first_package_cpp) by extensions ['ros']
[0.167s] Level 1:colcon.colcon_core.package_identification:_identify(src/first_package_cpp) by extension 'ros'
[0.167s] DEBUG:colcon.colcon_core.package_identification:Package 'src/first_package_cpp' with type 'ros.ament_cmake' and name 'first_package_cpp'
[0.167s] Level 1:colcon.colcon_core.package_identification:_identify(src/ob_first_package_cpp) by extensions ['ignore', 'ignore_ament_install']
[0.167s] Level 1:colcon.colcon_core.package_identification:_identify(src/ob_first_package_cpp) by extension 'ignore'
[0.168s] Level 1:colcon.colcon_core.package_identification:_identify(src/ob_first_package_cpp) by extension 'ignore_ament_install'
[0.168s] Level 1:colcon.colcon_core.package_identification:_identify(src/ob_first_package_cpp) by extensions ['colcon_pkg']
[0.168s] Level 1:colcon.colcon_core.package_identification:_identify(src/ob_first_package_cpp) by extension 'colcon_pkg'
[0.168s] Level 1:colcon.colcon_core.package_identification:_identify(src/ob_first_package_cpp) by extensions ['colcon_meta']
[0.168s] Level 1:colcon.colcon_core.package_identification:_identify(src/ob_first_package_cpp) by extension 'colcon_meta'
[0.168s] Level 1:colcon.colcon_core.package_identification:_identify(src/ob_first_package_cpp) by extensions ['ros']
[0.168s] Level 1:colcon.colcon_core.package_identification:_identify(src/ob_first_package_cpp) by extension 'ros'
[0.168s] DEBUG:colcon.colcon_core.package_identification:Package 'src/ob_first_package_cpp' with type 'ros.ament_cmake' and name 'ob_first_package_cpp'
[0.168s] Level 1:colcon.colcon_core.package_identification:_identify(src/python_package) by extensions ['ignore', 'ignore_ament_install']
[0.168s] Level 1:colcon.colcon_core.package_identification:_identify(src/python_package) by extension 'ignore'
[0.168s] Level 1:colcon.colcon_core.package_identification:_identify(src/python_package) by extension 'ignore_ament_install'
[0.168s] Level 1:colcon.colcon_core.package_identification:_identify(src/python_package) by extensions ['colcon_pkg']
[0.168s] Level 1:colcon.colcon_core.package_identification:_identify(src/python_package) by extension 'colcon_pkg'
[0.168s] Level 1:colcon.colcon_core.package_identification:_identify(src/python_package) by extensions ['colcon_meta']
[0.168s] Level 1:colcon.colcon_core.package_identification:_identify(src/python_package) by extension 'colcon_meta'
[0.168s] Level 1:colcon.colcon_core.package_identification:_identify(src/python_package) by extensions ['ros']
[0.168s] Level 1:colcon.colcon_core.package_identification:_identify(src/python_package) by extension 'ros'
[0.169s] DEBUG:colcon.colcon_core.package_identification:Package 'src/python_package' with type 'ros.ament_python' and name 'python_package'
[0.169s] Level 1:colcon.colcon_core.package_identification:_identify(src/turtlesim_controller) by extensions ['ignore', 'ignore_ament_install']
[0.169s] Level 1:colcon.colcon_core.package_identification:_identify(src/turtlesim_controller) by extension 'ignore'
[0.169s] Level 1:colcon.colcon_core.package_identification:_identify(src/turtlesim_controller) by extension 'ignore_ament_install'
[0.169s] Level 1:colcon.colcon_core.package_identification:_identify(src/turtlesim_controller) by extensions ['colcon_pkg']
[0.169s] Level 1:colcon.colcon_core.package_identification:_identify(src/turtlesim_controller) by extension 'colcon_pkg'
[0.169s] Level 1:colcon.colcon_core.package_identification:_identify(src/turtlesim_controller) by extensions ['colcon_meta']
[0.169s] Level 1:colcon.colcon_core.package_identification:_identify(src/turtlesim_controller) by extension 'colcon_meta'
[0.169s] Level 1:colcon.colcon_core.package_identification:_identify(src/turtlesim_controller) by extensions ['ros']
[0.169s] Level 1:colcon.colcon_core.package_identification:_identify(src/turtlesim_controller) by extension 'ros'
[0.170s] DEBUG:colcon.colcon_core.package_identification:Package 'src/turtlesim_controller' with type 'ros.ament_cmake' and name 'turtlesim_controller'
[0.170s] Level 1:colcon.colcon_core.package_discovery:discover_packages(recursive) using defaults
[0.170s] Level 1:colcon.colcon_core.package_discovery:discover_packages(ignore) discover
[0.170s] Level 1:colcon.colcon_core.package_discovery:discover_packages(ignore) using defaults
[0.170s] Level 1:colcon.colcon_core.package_discovery:discover_packages(path) discover
[0.170s] Level 1:colcon.colcon_core.package_discovery:discover_packages(path) using defaults
[0.185s] Level 5:colcon.colcon_core.verb:set package 'cmake_package' build argument 'cmake_args' from command line to 'None'
[0.186s] Level 5:colcon.colcon_core.verb:set package 'cmake_package' build argument 'cmake_target' from command line to 'None'
[0.186s] Level 5:colcon.colcon_core.verb:set package 'cmake_package' build argument 'cmake_target_skip_unavailable' from command line to 'False'
[0.186s] Level 5:colcon.colcon_core.verb:set package 'cmake_package' build argument 'cmake_clean_cache' from command line to 'False'
[0.186s] Level 5:colcon.colcon_core.verb:set package 'cmake_package' build argument 'cmake_clean_first' from command line to 'False'
[0.186s] Level 5:colcon.colcon_core.verb:set package 'cmake_package' build argument 'cmake_force_configure' from command line to 'False'
[0.186s] Level 5:colcon.colcon_core.verb:set package 'cmake_package' build argument 'ament_cmake_args' from command line to 'None'
[0.186s] Level 5:colcon.colcon_core.verb:set package 'cmake_package' build argument 'catkin_cmake_args' from command line to 'None'
[0.186s] Level 5:colcon.colcon_core.verb:set package 'cmake_package' build argument 'catkin_skip_building_tests' from command line to 'False'
[0.186s] DEBUG:colcon.colcon_core.verb:Building package 'cmake_package' with the following arguments: {'ament_cmake_args': None, 'build_base': '/home/ubuntu/ros_workspace/build/cmake_package', 'catkin_cmake_args': None, 'catkin_skip_building_tests': False, 'cmake_args': None, 'cmake_clean_cache': False, 'cmake_clean_first': False, 'cmake_force_configure': False, 'cmake_target': None, 'cmake_target_skip_unavailable': False, 'install_base': '/home/ubuntu/ros_workspace/install/cmake_package', 'merge_install': False, 'path': '/home/ubuntu/ros_workspace/src/cmake_package', 'symlink_install': False, 'test_result_base': None}
[0.186s] Level 5:colcon.colcon_core.verb:set package 'first_package_cpp' build argument 'cmake_args' from command line to 'None'
[0.186s] Level 5:colcon.colcon_core.verb:set package 'first_package_cpp' build argument 'cmake_target' from command line to 'None'
[0.186s] Level 5:colcon.colcon_core.verb:set package 'first_package_cpp' build argument 'cmake_target_skip_unavailable' from command line to 'False'
[0.186s] Level 5:colcon.colcon_core.verb:set package 'first_package_cpp' build argument 'cmake_clean_cache' from command line to 'False'
[0.186s] Level 5:colcon.colcon_core.verb:set package 'first_package_cpp' build argument 'cmake_clean_first' from command line to 'False'
[0.186s] Level 5:colcon.colcon_core.verb:set package 'first_package_cpp' build argument 'cmake_force_configure' from command line to 'False'
[0.186s] Level 5:colcon.colcon_core.verb:set package 'first_package_cpp' build argument 'ament_cmake_args' from command line to 'None'
[0.186s] Level 5:colcon.colcon_core.verb:set package 'first_package_cpp' build argument 'catkin_cmake_args' from command line to 'None'
[0.186s] Level 5:colcon.colcon_core.verb:set package 'first_package_cpp' build argument 'catkin_skip_building_tests' from command line to 'False'
[0.186s] DEBUG:colcon.colcon_core.verb:Building package 'first_package_cpp' with the following arguments: {'ament_cmake_args': None, 'build_base': '/home/ubuntu/ros_workspace/build/first_package_cpp', 'catkin_cmake_args': None, 'catkin_skip_building_tests': False, 'cmake_args': None, 'cmake_clean_cache': False, 'cmake_clean_first': False, 'cmake_force_configure': False, 'cmake_target': None, 'cmake_target_skip_unavailable': False, 'install_base': '/home/ubuntu/ros_workspace/install/first_package_cpp', 'merge_install': False, 'path': '/home/ubuntu/ros_workspace/src/first_package_cpp', 'symlink_install': False, 'test_result_base': None}
[0.186s] Level 5:colcon.colcon_core.verb:set package 'ob_first_package_cpp' build argument 'cmake_args' from command line to 'None'
[0.186s] Level 5:colcon.colcon_core.verb:set package 'ob_first_package_cpp' build argument 'cmake_target' from command line to 'None'
[0.186s] Level 5:colcon.colcon_core.verb:set package 'ob_first_package_cpp' build argument 'cmake_target_skip_unavailable' from command line to 'False'
[0.186s] Level 5:colcon.colcon_core.verb:set package 'ob_first_package_cpp' build argument 'cmake_clean_cache' from command line to 'False'
[0.186s] Level 5:colcon.colcon_core.verb:set package 'ob_first_package_cpp' build argument 'cmake_clean_first' from command line to 'False'
[0.186s] Level 5:colcon.colcon_core.verb:set package 'ob_first_package_cpp' build argument 'cmake_force_configure' from command line to 'False'
[0.186s] Level 5:colcon.colcon_core.verb:set package 'ob_first_package_cpp' build argument 'ament_cmake_args' from command line to 'None'
[0.186s] Level 5:colcon.colcon_core.verb:set package 'ob_first_package_cpp' build argument 'catkin_cmake_args' from command line to 'None'
[0.186s] Level 5:colcon.colcon_core.verb:set package 'ob_first_package_cpp' build argument 'catkin_skip_building_tests' from command line to 'False'
[0.186s] DEBUG:colcon.colcon_core.verb:Building package 'ob_first_package_cpp' with the following arguments: {'ament_cmake_args': None, 'build_base': '/home/ubuntu/ros_workspace/build/ob_first_package_cpp', 'catkin_cmake_args': None, 'catkin_skip_building_tests': False, 'cmake_args': None, 'cmake_clean_cache': False, 'cmake_clean_first': False, 'cmake_force_configure': False, 'cmake_target': None, 'cmake_target_skip_unavailable': False, 'install_base': '/home/ubuntu/ros_workspace/install/ob_first_package_cpp', 'merge_install': False, 'path': '/home/ubuntu/ros_workspace/src/ob_first_package_cpp', 'symlink_install': False, 'test_result_base': None}
[0.187s] Level 5:colcon.colcon_core.verb:set package 'python_package' build argument 'cmake_args' from command line to 'None'
[0.187s] Level 5:colcon.colcon_core.verb:set package 'python_package' build argument 'cmake_target' from command line to 'None'
[0.187s] Level 5:colcon.colcon_core.verb:set package 'python_package' build argument 'cmake_target_skip_unavailable' from command line to 'False'
[0.187s] Level 5:colcon.colcon_core.verb:set package 'python_package' build argument 'cmake_clean_cache' from command line to 'False'
[0.187s] Level 5:colcon.colcon_core.verb:set package 'python_package' build argument 'cmake_clean_first' from command line to 'False'
[0.187s] Level 5:colcon.colcon_core.verb:set package 'python_package' build argument 'cmake_force_configure' from command line to 'False'
[0.187s] Level 5:colcon.colcon_core.verb:set package 'python_package' build argument 'ament_cmake_args' from command line to 'None'
[0.187s] Level 5:colcon.colcon_core.verb:set package 'python_package' build argument 'catkin_cmake_args' from command line to 'None'
[0.187s] Level 5:colcon.colcon_core.verb:set package 'python_package' build argument 'catkin_skip_building_tests' from command line to 'False'
[0.187s] DEBUG:colcon.colcon_core.verb:Building package 'python_package' with the following arguments: {'ament_cmake_args': None, 'build_base': '/home/ubuntu/ros_workspace/build/python_package', 'catkin_cmake_args': None, 'catkin_skip_building_tests': False, 'cmake_args': None, 'cmake_clean_cache': False, 'cmake_clean_first': False, 'cmake_force_configure': False, 'cmake_target': None, 'cmake_target_skip_unavailable': False, 'install_base': '/home/ubuntu/ros_workspace/install/python_package', 'merge_install': False, 'path': '/home/ubuntu/ros_workspace/src/python_package', 'symlink_install': False, 'test_result_base': None}
[0.187s] Level 5:colcon.colcon_core.verb:set package 'turtlesim_controller' build argument 'cmake_args' from command line to 'None'
[0.187s] Level 5:colcon.colcon_core.verb:set package 'turtlesim_controller' build argument 'cmake_target' from command line to 'None'
[0.187s] Level 5:colcon.colcon_core.verb:set package 'turtlesim_controller' build argument 'cmake_target_skip_unavailable' from command line to 'False'
[0.187s] Level 5:colcon.colcon_core.verb:set package 'turtlesim_controller' build argument 'cmake_clean_cache' from command line to 'False'
[0.187s] Level 5:colcon.colcon_core.verb:set package 'turtlesim_controller' build argument 'cmake_clean_first' from command line to 'False'
[0.187s] Level 5:colcon.colcon_core.verb:set package 'turtlesim_controller' build argument 'cmake_force_configure' from command line to 'False'
[0.187s] Level 5:colcon.colcon_core.verb:set package 'turtlesim_controller' build argument 'ament_cmake_args' from command line to 'None'
[0.187s] Level 5:colcon.colcon_core.verb:set package 'turtlesim_controller' build argument 'catkin_cmake_args' from command line to 'None'
[0.187s] Level 5:colcon.colcon_core.verb:set package 'turtlesim_controller' build argument 'catkin_skip_building_tests' from command line to 'False'
[0.187s] DEBUG:colcon.colcon_core.verb:Building package 'turtlesim_controller' with the following arguments: {'ament_cmake_args': None, 'build_base': '/home/ubuntu/ros_workspace/build/turtlesim_controller', 'catkin_cmake_args': None, 'catkin_skip_building_tests': False, 'cmake_args': None, 'cmake_clean_cache': False, 'cmake_clean_first': False, 'cmake_force_configure': False, 'cmake_target': None, 'cmake_target_skip_unavailable': False, 'install_base': '/home/ubuntu/ros_workspace/install/turtlesim_controller', 'merge_install': False, 'path': '/home/ubuntu/ros_workspace/src/turtlesim_controller', 'symlink_install': False, 'test_result_base': None}
[0.187s] INFO:colcon.colcon_core.executor:Executing jobs using 'parallel' executor
[0.188s] DEBUG:colcon.colcon_parallel_executor.executor.parallel:run_until_complete
[0.189s] INFO:colcon.colcon_ros.task.ament_cmake.build:Building ROS package in '/home/ubuntu/ros_workspace/src/cmake_package' with build type 'ament_cmake'
[0.189s] INFO:colcon.colcon_cmake.task.cmake.build:Building CMake package in '/home/ubuntu/ros_workspace/src/cmake_package'
[0.191s] INFO:colcon.colcon_core.plugin_system:Skipping extension 'colcon_core.shell.bat': Not used on non-Windows systems
[0.191s] INFO:colcon.colcon_core.shell:Skip shell extension 'powershell' for command environment: Not usable outside of PowerShell
[0.191s] DEBUG:colcon.colcon_core.shell:Skip shell extension 'dsv' for command environment
[0.196s] INFO:colcon.colcon_ros.task.ament_cmake.build:Building ROS package in '/home/ubuntu/ros_workspace/src/first_package_cpp' with build type 'ament_cmake'
[0.196s] INFO:colcon.colcon_cmake.task.cmake.build:Building CMake package in '/home/ubuntu/ros_workspace/src/first_package_cpp'
[0.196s] INFO:colcon.colcon_core.shell:Skip shell extension 'powershell' for command environment: Not usable outside of PowerShell
[0.197s] DEBUG:colcon.colcon_core.shell:Skip shell extension 'dsv' for command environment
[0.201s] INFO:colcon.colcon_ros.task.ament_cmake.build:Building ROS package in '/home/ubuntu/ros_workspace/src/ob_first_package_cpp' with build type 'ament_cmake'
[0.201s] INFO:colcon.colcon_cmake.task.cmake.build:Building CMake package in '/home/ubuntu/ros_workspace/src/ob_first_package_cpp'
[0.202s] INFO:colcon.colcon_core.shell:Skip shell extension 'powershell' for command environment: Not usable outside of PowerShell
[0.202s] DEBUG:colcon.colcon_core.shell:Skip shell extension 'dsv' for command environment
[0.206s] INFO:colcon.colcon_ros.task.ament_python.build:Building ROS package in '/home/ubuntu/ros_workspace/src/python_package' with build type 'ament_python'
[0.206s] Level 1:colcon.colcon_core.shell:create_environment_hook('python_package', 'ament_prefix_path')
[0.207s] INFO:colcon.colcon_core.shell:Creating environment hook '/home/ubuntu/ros_workspace/install/python_package/share/python_package/hook/ament_prefix_path.ps1'
[0.207s] INFO:colcon.colcon_core.shell:Creating environment descriptor '/home/ubuntu/ros_workspace/install/python_package/share/python_package/hook/ament_prefix_path.dsv'
[0.208s] INFO:colcon.colcon_core.shell:Creating environment hook '/home/ubuntu/ros_workspace/install/python_package/share/python_package/hook/ament_prefix_path.sh'
[0.209s] INFO:colcon.colcon_core.shell:Skip shell extension 'powershell' for command environment: Not usable outside of PowerShell
[0.209s] DEBUG:colcon.colcon_core.shell:Skip shell extension 'dsv' for command environment
[0.213s] INFO:colcon.colcon_ros.task.ament_cmake.build:Building ROS package in '/home/ubuntu/ros_workspace/src/turtlesim_controller' with build type 'ament_cmake'
[0.213s] INFO:colcon.colcon_cmake.task.cmake.build:Building CMake package in '/home/ubuntu/ros_workspace/src/turtlesim_controller'
[0.213s] INFO:colcon.colcon_core.shell:Skip shell extension 'powershell' for command environment: Not usable outside of PowerShell
[0.214s] DEBUG:colcon.colcon_core.shell:Skip shell extension 'dsv' for command environment
[0.224s] DEBUG:colcon.colcon_core.event_handler.log_command:Invoking command in '/home/ubuntu/ros_workspace/build/cmake_package': CMAKE_PREFIX_PATH=${CMAKE_PREFIX_PATH}:/home/ubuntu/ros_workspace/install/python_package:/opt/ros/jazzy /usr/bin/cmake --build /home/ubuntu/ros_workspace/build/cmake_package -- -j16 -l16
[0.228s] DEBUG:colcon.colcon_core.event_handler.log_command:Invoking command in '/home/ubuntu/ros_workspace/build/first_package_cpp': CMAKE_PREFIX_PATH=${CMAKE_PREFIX_PATH}:/home/ubuntu/ros_workspace/install/python_package:/opt/ros/jazzy /usr/bin/cmake --build /home/ubuntu/ros_workspace/build/first_package_cpp -- -j16 -l16
[0.231s] DEBUG:colcon.colcon_core.event_handler.log_command:Invoking command in '/home/ubuntu/ros_workspace/build/ob_first_package_cpp': CMAKE_PREFIX_PATH=${CMAKE_PREFIX_PATH}:/home/ubuntu/ros_workspace/install/python_package:/opt/ros/jazzy /usr/bin/cmake --build /home/ubuntu/ros_workspace/build/ob_first_package_cpp -- -j16 -l16
[0.445s] INFO:colcon.colcon_core.task.python.build:Building Python package in '/home/ubuntu/ros_workspace/src/python_package'
[0.445s] INFO:colcon.colcon_core.shell:Skip shell extension 'powershell' for command environment: Not usable outside of PowerShell
[0.445s] DEBUG:colcon.colcon_core.shell:Skip shell extension 'dsv' for command environment
[0.455s] DEBUG:colcon.colcon_core.event_handler.log_command:Invoked command in '/home/ubuntu/ros_workspace/build/cmake_package' returned '0': CMAKE_PREFIX_PATH=${CMAKE_PREFIX_PATH}:/home/ubuntu/ros_workspace/install/python_package:/opt/ros/jazzy /usr/bin/cmake --build /home/ubuntu/ros_workspace/build/cmake_package -- -j16 -l16
[0.472s] DEBUG:colcon.colcon_core.event_handler.log_command:Invoking command in '/home/ubuntu/ros_workspace/build/cmake_package': CMAKE_PREFIX_PATH=${CMAKE_PREFIX_PATH}:/home/ubuntu/ros_workspace/install/python_package:/opt/ros/jazzy /usr/bin/cmake --install /home/ubuntu/ros_workspace/build/cmake_package
[0.473s] DEBUG:colcon.colcon_core.event_handler.log_command:Invoked command in '/home/ubuntu/ros_workspace/build/first_package_cpp' returned '0': CMAKE_PREFIX_PATH=${CMAKE_PREFIX_PATH}:/home/ubuntu/ros_workspace/install/python_package:/opt/ros/jazzy /usr/bin/cmake --build /home/ubuntu/ros_workspace/build/first_package_cpp -- -j16 -l16
[0.474s] DEBUG:colcon.colcon_core.event_handler.log_command:Invoking command in '/home/ubuntu/ros_workspace/build/first_package_cpp': CMAKE_PREFIX_PATH=${CMAKE_PREFIX_PATH}:/home/ubuntu/ros_workspace/install/python_package:/opt/ros/jazzy /usr/bin/cmake --install /home/ubuntu/ros_workspace/build/first_package_cpp
[0.475s] DEBUG:colcon.colcon_core.event_handler.log_command:Invoked command in '/home/ubuntu/ros_workspace/build/ob_first_package_cpp' returned '0': CMAKE_PREFIX_PATH=${CMAKE_PREFIX_PATH}:/home/ubuntu/ros_workspace/install/python_package:/opt/ros/jazzy /usr/bin/cmake --build /home/ubuntu/ros_workspace/build/ob_first_package_cpp -- -j16 -l16
[0.476s] DEBUG:colcon.colcon_core.event_handler.log_command:Invoking command in '/home/ubuntu/ros_workspace/build/ob_first_package_cpp': CMAKE_PREFIX_PATH=${CMAKE_PREFIX_PATH}:/home/ubuntu/ros_workspace/install/python_package:/opt/ros/jazzy /usr/bin/cmake --install /home/ubuntu/ros_workspace/build/ob_first_package_cpp
[0.481s] DEBUG:colcon.colcon_core.event_handler.log_command:Invoking command in '/home/ubuntu/ros_workspace/build/turtlesim_controller': CMAKE_PREFIX_PATH=${CMAKE_PREFIX_PATH}:/home/ubuntu/ros_workspace/install/python_package:/opt/ros/jazzy /usr/bin/cmake --build /home/ubuntu/ros_workspace/build/turtlesim_controller -- -j16 -l16
[0.494s] Level 1:colcon.colcon_core.environment:create_environment_scripts_only(cmake_package)
[0.503s] DEBUG:colcon.colcon_core.event_handler.log_command:Invoked command in '/home/ubuntu/ros_workspace/build/cmake_package' returned '0': CMAKE_PREFIX_PATH=${CMAKE_PREFIX_PATH}:/home/ubuntu/ros_workspace/install/python_package:/opt/ros/jazzy /usr/bin/cmake --install /home/ubuntu/ros_workspace/build/cmake_package
[0.504s] Level 1:colcon.colcon_core.environment:checking '/home/ubuntu/ros_workspace/install/cmake_package' for CMake module files
[0.505s] Level 1:colcon.colcon_core.environment:checking '/home/ubuntu/ros_workspace/install/cmake_package' for CMake config files
[0.505s] Level 1:colcon.colcon_core.shell:create_environment_hook('cmake_package', 'cmake_prefix_path')
[0.505s] INFO:colcon.colcon_core.shell:Creating environment hook '/home/ubuntu/ros_workspace/install/cmake_package/share/cmake_package/hook/cmake_prefix_path.ps1'
[0.505s] INFO:colcon.colcon_core.shell:Creating environment descriptor '/home/ubuntu/ros_workspace/install/cmake_package/share/cmake_package/hook/cmake_prefix_path.dsv'
[0.506s] INFO:colcon.colcon_core.shell:Creating environment hook '/home/ubuntu/ros_workspace/install/cmake_package/share/cmake_package/hook/cmake_prefix_path.sh'
[0.507s] Level 1:colcon.colcon_core.environment:checking '/home/ubuntu/ros_workspace/install/cmake_package/bin'
[0.507s] Level 1:colcon.colcon_core.environment:checking '/home/ubuntu/ros_workspace/install/cmake_package/lib/pkgconfig/cmake_package.pc'
[0.507s] Level 1:colcon.colcon_core.environment:checking '/home/ubuntu/ros_workspace/install/cmake_package/lib/python3.12/site-packages'
[0.507s] Level 1:colcon.colcon_core.environment:checking '/home/ubuntu/ros_workspace/install/cmake_package/bin'
[0.507s] INFO:colcon.colcon_core.shell:Creating package script '/home/ubuntu/ros_workspace/install/cmake_package/share/cmake_package/package.ps1'
[0.508s] INFO:colcon.colcon_core.shell:Creating package descriptor '/home/ubuntu/ros_workspace/install/cmake_package/share/cmake_package/package.dsv'
[0.509s] INFO:colcon.colcon_core.shell:Creating package script '/home/ubuntu/ros_workspace/install/cmake_package/share/cmake_package/package.sh'
[0.509s] INFO:colcon.colcon_core.shell:Creating package script '/home/ubuntu/ros_workspace/install/cmake_package/share/cmake_package/package.bash'
[0.510s] INFO:colcon.colcon_core.shell:Creating package script '/home/ubuntu/ros_workspace/install/cmake_package/share/cmake_package/package.zsh'
[0.510s] Level 1:colcon.colcon_core.environment:create_file_with_runtime_dependencies(/home/ubuntu/ros_workspace/install/cmake_package/share/colcon-core/packages/cmake_package)
[0.511s] Level 1:colcon.colcon_core.environment:create_environment_scripts_only(cmake_package)
[0.511s] Level 1:colcon.colcon_core.environment:checking '/home/ubuntu/ros_workspace/install/cmake_package' for CMake module files
[0.512s] Level 1:colcon.colcon_core.environment:checking '/home/ubuntu/ros_workspace/install/cmake_package' for CMake config files
[0.512s] Level 1:colcon.colcon_core.shell:create_environment_hook('cmake_package', 'cmake_prefix_path')
[0.512s] INFO:colcon.colcon_core.shell:Creating environment hook '/home/ubuntu/ros_workspace/install/cmake_package/share/cmake_package/hook/cmake_prefix_path.ps1'
[0.512s] INFO:colcon.colcon_core.shell:Creating environment descriptor '/home/ubuntu/ros_workspace/install/cmake_package/share/cmake_package/hook/cmake_prefix_path.dsv'
[0.513s] INFO:colcon.colcon_core.shell:Creating environment hook '/home/ubuntu/ros_workspace/install/cmake_package/share/cmake_package/hook/cmake_prefix_path.sh'
[0.513s] Level 1:colcon.colcon_core.environment:checking '/home/ubuntu/ros_workspace/install/cmake_package/bin'
[0.513s] Level 1:colcon.colcon_core.environment:checking '/home/ubuntu/ros_workspace/install/cmake_package/lib/pkgconfig/cmake_package.pc'
[0.513s] Level 1:colcon.colcon_core.environment:checking '/home/ubuntu/ros_workspace/install/cmake_package/lib/python3.12/site-packages'
[0.514s] Level 1:colcon.colcon_core.environment:checking '/home/ubuntu/ros_workspace/install/cmake_package/bin'
[0.514s] INFO:colcon.colcon_core.shell:Creating package script '/home/ubuntu/ros_workspace/install/cmake_package/share/cmake_package/package.ps1'
[0.514s] INFO:colcon.colcon_core.shell:Creating package descriptor '/home/ubuntu/ros_workspace/install/cmake_package/share/cmake_package/package.dsv'
[0.515s] INFO:colcon.colcon_core.shell:Creating package script '/home/ubuntu/ros_workspace/install/cmake_package/share/cmake_package/package.sh'
[0.515s] INFO:colcon.colcon_core.shell:Creating package script '/home/ubuntu/ros_workspace/install/cmake_package/share/cmake_package/package.bash'
[0.516s] INFO:colcon.colcon_core.shell:Creating package script '/home/ubuntu/ros_workspace/install/cmake_package/share/cmake_package/package.zsh'
[0.516s] Level 1:colcon.colcon_core.environment:create_file_with_runtime_dependencies(/home/ubuntu/ros_workspace/install/cmake_package/share/colcon-core/packages/cmake_package)
[0.517s] Level 1:colcon.colcon_core.environment:create_environment_scripts_only(first_package_cpp)
[0.517s] Level 1:colcon.colcon_core.environment:checking '/home/ubuntu/ros_workspace/install/first_package_cpp' for CMake module files
[0.519s] DEBUG:colcon.colcon_core.event_handler.log_command:Invoked command in '/home/ubuntu/ros_workspace/build/first_package_cpp' returned '0': CMAKE_PREFIX_PATH=${CMAKE_PREFIX_PATH}:/home/ubuntu/ros_workspace/install/python_package:/opt/ros/jazzy /usr/bin/cmake --install /home/ubuntu/ros_workspace/build/first_package_cpp
[0.519s] Level 1:colcon.colcon_core.environment:checking '/home/ubuntu/ros_workspace/install/first_package_cpp' for CMake config files
[0.520s] Level 1:colcon.colcon_core.shell:create_environment_hook('first_package_cpp', 'cmake_prefix_path')
[0.520s] INFO:colcon.colcon_core.shell:Creating environment hook '/home/ubuntu/ros_workspace/install/first_package_cpp/share/first_package_cpp/hook/cmake_prefix_path.ps1'
[0.520s] INFO:colcon.colcon_core.shell:Creating environment descriptor '/home/ubuntu/ros_workspace/install/first_package_cpp/share/first_package_cpp/hook/cmake_prefix_path.dsv'
[0.521s] INFO:colcon.colcon_core.shell:Creating environment hook '/home/ubuntu/ros_workspace/install/first_package_cpp/share/first_package_cpp/hook/cmake_prefix_path.sh'
[0.522s] Level 1:colcon.colcon_core.environment:checking '/home/ubuntu/ros_workspace/install/first_package_cpp/lib'
[0.522s] Level 1:colcon.colcon_core.environment:checking '/home/ubuntu/ros_workspace/install/first_package_cpp/bin'
[0.522s] Level 1:colcon.colcon_core.environment:checking '/home/ubuntu/ros_workspace/install/first_package_cpp/lib/pkgconfig/first_package_cpp.pc'
[0.522s] Level 1:colcon.colcon_core.environment:checking '/home/ubuntu/ros_workspace/install/first_package_cpp/lib/python3.12/site-packages'
[0.522s] Level 1:colcon.colcon_core.environment:checking '/home/ubuntu/ros_workspace/install/first_package_cpp/bin'
[0.523s] INFO:colcon.colcon_core.shell:Creating package script '/home/ubuntu/ros_workspace/install/first_package_cpp/share/first_package_cpp/package.ps1'
[0.524s] INFO:colcon.colcon_core.shell:Creating package descriptor '/home/ubuntu/ros_workspace/install/first_package_cpp/share/first_package_cpp/package.dsv'
[0.524s] INFO:colcon.colcon_core.shell:Creating package script '/home/ubuntu/ros_workspace/install/first_package_cpp/share/first_package_cpp/package.sh'
[0.525s] INFO:colcon.colcon_core.shell:Creating package script '/home/ubuntu/ros_workspace/install/first_package_cpp/share/first_package_cpp/package.bash'
[0.525s] INFO:colcon.colcon_core.shell:Creating package script '/home/ubuntu/ros_workspace/install/first_package_cpp/share/first_package_cpp/package.zsh'
[0.525s] Level 1:colcon.colcon_core.environment:create_file_with_runtime_dependencies(/home/ubuntu/ros_workspace/install/first_package_cpp/share/colcon-core/packages/first_package_cpp)
[0.526s] Level 1:colcon.colcon_core.environment:create_environment_scripts_only(first_package_cpp)
[0.527s] Level 1:colcon.colcon_core.environment:checking '/home/ubuntu/ros_workspace/install/first_package_cpp' for CMake module files
[0.527s] Level 1:colcon.colcon_core.environment:checking '/home/ubuntu/ros_workspace/install/first_package_cpp' for CMake config files
[0.528s] Level 1:colcon.colcon_core.shell:create_environment_hook('first_package_cpp', 'cmake_prefix_path')
[0.528s] INFO:colcon.colcon_core.shell:Creating environment hook '/home/ubuntu/ros_workspace/install/first_package_cpp/share/first_package_cpp/hook/cmake_prefix_path.ps1'
[0.529s] INFO:colcon.colcon_core.shell:Creating environment descriptor '/home/ubuntu/ros_workspace/install/first_package_cpp/share/first_package_cpp/hook/cmake_prefix_path.dsv'
[0.529s] INFO:colcon.colcon_core.shell:Creating environment hook '/home/ubuntu/ros_workspace/install/first_package_cpp/share/first_package_cpp/hook/cmake_prefix_path.sh'
[0.530s] Level 1:colcon.colcon_core.environment:checking '/home/ubuntu/ros_workspace/install/first_package_cpp/lib'
[0.530s] Level 1:colcon.colcon_core.environment:checking '/home/ubuntu/ros_workspace/install/first_package_cpp/bin'
[0.530s] Level 1:colcon.colcon_core.environment:checking '/home/ubuntu/ros_workspace/install/first_package_cpp/lib/pkgconfig/first_package_cpp.pc'
[0.530s] Level 1:colcon.colcon_core.environment:checking '/home/ubuntu/ros_workspace/install/first_package_cpp/lib/python3.12/site-packages'
[0.531s] Level 1:colcon.colcon_core.environment:checking '/home/ubuntu/ros_workspace/install/first_package_cpp/bin'
[0.531s] INFO:colcon.colcon_core.shell:Creating package script '/home/ubuntu/ros_workspace/install/first_package_cpp/share/first_package_cpp/package.ps1'
[0.532s] INFO:colcon.colcon_core.shell:Creating package descriptor '/home/ubuntu/ros_workspace/install/first_package_cpp/share/first_package_cpp/package.dsv'
[0.532s] INFO:colcon.colcon_core.shell:Creating package script '/home/ubuntu/ros_workspace/install/first_package_cpp/share/first_package_cpp/package.sh'
[0.533s] INFO:colcon.colcon_core.shell:Creating package script '/home/ubuntu/ros_workspace/install/first_package_cpp/share/first_package_cpp/package.bash'
[0.533s] INFO:colcon.colcon_core.shell:Creating package script '/home/ubuntu/ros_workspace/install/first_package_cpp/share/first_package_cpp/package.zsh'
[0.534s] Level 1:colcon.colcon_core.environment:create_file_with_runtime_dependencies(/home/ubuntu/ros_workspace/install/first_package_cpp/share/colcon-core/packages/first_package_cpp)
[0.534s] Level 1:colcon.colcon_core.environment:create_environment_scripts_only(ob_first_package_cpp)
[0.535s] Level 1:colcon.colcon_core.environment:checking '/home/ubuntu/ros_workspace/install/ob_first_package_cpp' for CMake module files
[0.537s] DEBUG:colcon.colcon_core.event_handler.log_command:Invoked command in '/home/ubuntu/ros_workspace/build/ob_first_package_cpp' returned '0': CMAKE_PREFIX_PATH=${CMAKE_PREFIX_PATH}:/home/ubuntu/ros_workspace/install/python_package:/opt/ros/jazzy /usr/bin/cmake --install /home/ubuntu/ros_workspace/build/ob_first_package_cpp
[0.537s] Level 1:colcon.colcon_core.environment:checking '/home/ubuntu/ros_workspace/install/ob_first_package_cpp' for CMake config files
[0.538s] Level 1:colcon.colcon_core.shell:create_environment_hook('ob_first_package_cpp', 'cmake_prefix_path')
[0.538s] INFO:colcon.colcon_core.shell:Creating environment hook '/home/ubuntu/ros_workspace/install/ob_first_package_cpp/share/ob_first_package_cpp/hook/cmake_prefix_path.ps1'
[0.539s] INFO:colcon.colcon_core.shell:Creating environment descriptor '/home/ubuntu/ros_workspace/install/ob_first_package_cpp/share/ob_first_package_cpp/hook/cmake_prefix_path.dsv'
[0.539s] INFO:colcon.colcon_core.shell:Creating environment hook '/home/ubuntu/ros_workspace/install/ob_first_package_cpp/share/ob_first_package_cpp/hook/cmake_prefix_path.sh'
[0.540s] Level 1:colcon.colcon_core.environment:checking '/home/ubuntu/ros_workspace/install/ob_first_package_cpp/lib'
[0.540s] Level 1:colcon.colcon_core.environment:checking '/home/ubuntu/ros_workspace/install/ob_first_package_cpp/bin'
[0.540s] Level 1:colcon.colcon_core.environment:checking '/home/ubuntu/ros_workspace/install/ob_first_package_cpp/lib/pkgconfig/ob_first_package_cpp.pc'
[0.541s] Level 1:colcon.colcon_core.environment:checking '/home/ubuntu/ros_workspace/install/ob_first_package_cpp/lib/python3.12/site-packages'
[0.541s] Level 1:colcon.colcon_core.environment:checking '/home/ubuntu/ros_workspace/install/ob_first_package_cpp/bin'
[0.541s] INFO:colcon.colcon_core.shell:Creating package script '/home/ubuntu/ros_workspace/install/ob_first_package_cpp/share/ob_first_package_cpp/package.ps1'
[0.542s] INFO:colcon.colcon_core.shell:Creating package descriptor '/home/ubuntu/ros_workspace/install/ob_first_package_cpp/share/ob_first_package_cpp/package.dsv'
[0.542s] INFO:colcon.colcon_core.shell:Creating package script '/home/ubuntu/ros_workspace/install/ob_first_package_cpp/share/ob_first_package_cpp/package.sh'
[0.543s] INFO:colcon.colcon_core.shell:Creating package script '/home/ubuntu/ros_workspace/install/ob_first_package_cpp/share/ob_first_package_cpp/package.bash'
[0.544s] INFO:colcon.colcon_core.shell:Creating package script '/home/ubuntu/ros_workspace/install/ob_first_package_cpp/share/ob_first_package_cpp/package.zsh'
[0.544s] Level 1:colcon.colcon_core.environment:create_file_with_runtime_dependencies(/home/ubuntu/ros_workspace/install/ob_first_package_cpp/share/colcon-core/packages/ob_first_package_cpp)
[0.545s] Level 1:colcon.colcon_core.environment:create_environment_scripts_only(ob_first_package_cpp)
[0.545s] Level 1:colcon.colcon_core.environment:checking '/home/ubuntu/ros_workspace/install/ob_first_package_cpp' for CMake module files
[0.546s] Level 1:colcon.colcon_core.environment:checking '/home/ubuntu/ros_workspace/install/ob_first_package_cpp' for CMake config files
[0.547s] Level 1:colcon.colcon_core.shell:create_environment_hook('ob_first_package_cpp', 'cmake_prefix_path')
[0.547s] INFO:colcon.colcon_core.shell:Creating environment hook '/home/ubuntu/ros_workspace/install/ob_first_package_cpp/share/ob_first_package_cpp/hook/cmake_prefix_path.ps1'
[0.548s] INFO:colcon.colcon_core.shell:Creating environment descriptor '/home/ubuntu/ros_workspace/install/ob_first_package_cpp/share/ob_first_package_cpp/hook/cmake_prefix_path.dsv'
[0.548s] INFO:colcon.colcon_core.shell:Creating environment hook '/home/ubuntu/ros_workspace/install/ob_first_package_cpp/share/ob_first_package_cpp/hook/cmake_prefix_path.sh'
[0.549s] Level 1:colcon.colcon_core.environment:checking '/home/ubuntu/ros_workspace/install/ob_first_package_cpp/lib'
[0.549s] Level 1:colcon.colcon_core.environment:checking '/home/ubuntu/ros_workspace/install/ob_first_package_cpp/bin'
[0.549s] Level 1:colcon.colcon_core.environment:checking '/home/ubuntu/ros_workspace/install/ob_first_package_cpp/lib/pkgconfig/ob_first_package_cpp.pc'
[0.549s] Level 1:colcon.colcon_core.environment:checking '/home/ubuntu/ros_workspace/install/ob_first_package_cpp/lib/python3.12/site-packages'
[0.549s] Level 1:colcon.colcon_core.environment:checking '/home/ubuntu/ros_workspace/install/ob_first_package_cpp/bin'
[0.549s] INFO:colcon.colcon_core.shell:Creating package script '/home/ubuntu/ros_workspace/install/ob_first_package_cpp/share/ob_first_package_cpp/package.ps1'
[0.550s] INFO:colcon.colcon_core.shell:Creating package descriptor '/home/ubuntu/ros_workspace/install/ob_first_package_cpp/share/ob_first_package_cpp/package.dsv'
[0.550s] INFO:colcon.colcon_core.shell:Creating package script '/home/ubuntu/ros_workspace/install/ob_first_package_cpp/share/ob_first_package_cpp/package.sh'
[0.551s] INFO:colcon.colcon_core.shell:Creating package script '/home/ubuntu/ros_workspace/install/ob_first_package_cpp/share/ob_first_package_cpp/package.bash'
[0.551s] INFO:colcon.colcon_core.shell:Creating package script '/home/ubuntu/ros_workspace/install/ob_first_package_cpp/share/ob_first_package_cpp/package.zsh'
[0.552s] Level 1:colcon.colcon_core.environment:create_file_with_runtime_dependencies(/home/ubuntu/ros_workspace/install/ob_first_package_cpp/share/colcon-core/packages/ob_first_package_cpp)
[1.054s] DEBUG:colcon.colcon_core.event_handler.log_command:Invoking command in '/home/ubuntu/ros_workspace/src/python_package': PYTHONPATH=/home/ubuntu/ros_workspace/build/python_package/prefix_override:/usr/lib/python3/dist-packages/colcon_core/task/python/colcon_distutils_commands:/home/ubuntu/ros_workspace/install/python_package/lib/python3.12/site-packages:${PYTHONPATH} /usr/bin/python3 -W ignore:setup.py install is deprecated -W ignore:easy_install command is deprecated setup.py egg_info --egg-base ../../build/python_package build --build-base /home/ubuntu/ros_workspace/build/python_package/build install --record /home/ubuntu/ros_workspace/build/python_package/install.log --single-version-externally-managed install_data
[1.601s] Level 1:colcon.colcon_core.environment:checking '/home/ubuntu/ros_workspace/install/python_package' for CMake module files
[1.602s] DEBUG:colcon.colcon_core.event_handler.log_command:Invoked command in '/home/ubuntu/ros_workspace/src/python_package' returned '0': PYTHONPATH=/home/ubuntu/ros_workspace/build/python_package/prefix_override:/usr/lib/python3/dist-packages/colcon_core/task/python/colcon_distutils_commands:/home/ubuntu/ros_workspace/install/python_package/lib/python3.12/site-packages:${PYTHONPATH} /usr/bin/python3 -W ignore:setup.py install is deprecated -W ignore:easy_install command is deprecated setup.py egg_info --egg-base ../../build/python_package build --build-base /home/ubuntu/ros_workspace/build/python_package/build install --record /home/ubuntu/ros_workspace/build/python_package/install.log --single-version-externally-managed install_data
[1.603s] Level 1:colcon.colcon_core.environment:checking '/home/ubuntu/ros_workspace/install/python_package' for CMake config files
[1.603s] Level 1:colcon.colcon_core.environment:checking '/home/ubuntu/ros_workspace/install/python_package/lib'
[1.603s] Level 1:colcon.colcon_core.environment:checking '/home/ubuntu/ros_workspace/install/python_package/bin'
[1.603s] Level 1:colcon.colcon_core.environment:checking '/home/ubuntu/ros_workspace/install/python_package/lib/pkgconfig/python_package.pc'
[1.604s] Level 1:colcon.colcon_core.environment:checking '/home/ubuntu/ros_workspace/install/python_package/lib/python3.12/site-packages'
[1.604s] Level 1:colcon.colcon_core.shell:create_environment_hook('python_package', 'pythonpath')
[1.604s] INFO:colcon.colcon_core.shell:Creating environment hook '/home/ubuntu/ros_workspace/install/python_package/share/python_package/hook/pythonpath.ps1'
[1.605s] INFO:colcon.colcon_core.shell:Creating environment descriptor '/home/ubuntu/ros_workspace/install/python_package/share/python_package/hook/pythonpath.dsv'
[1.605s] INFO:colcon.colcon_core.shell:Creating environment hook '/home/ubuntu/ros_workspace/install/python_package/share/python_package/hook/pythonpath.sh'
[1.606s] Level 1:colcon.colcon_core.environment:checking '/home/ubuntu/ros_workspace/install/python_package/bin'
[1.607s] Level 1:colcon.colcon_core.environment:create_environment_scripts_only(python_package)
[1.607s] INFO:colcon.colcon_core.shell:Creating package script '/home/ubuntu/ros_workspace/install/python_package/share/python_package/package.ps1'
[1.608s] INFO:colcon.colcon_core.shell:Creating package descriptor '/home/ubuntu/ros_workspace/install/python_package/share/python_package/package.dsv'
[1.608s] INFO:colcon.colcon_core.shell:Creating package script '/home/ubuntu/ros_workspace/install/python_package/share/python_package/package.sh'
[1.609s] INFO:colcon.colcon_core.shell:Creating package script '/home/ubuntu/ros_workspace/install/python_package/share/python_package/package.bash'
[1.609s] INFO:colcon.colcon_core.shell:Creating package script '/home/ubuntu/ros_workspace/install/python_package/share/python_package/package.zsh'
[1.610s] Level 1:colcon.colcon_core.environment:create_file_with_runtime_dependencies(/home/ubuntu/ros_workspace/install/python_package/share/colcon-core/packages/python_package)
[9.087s] DEBUG:colcon.colcon_core.event_handler.log_command:Invoked command in '/home/ubuntu/ros_workspace/build/turtlesim_controller' returned '0': CMAKE_PREFIX_PATH=${CMAKE_PREFIX_PATH}:/home/ubuntu/ros_workspace/install/python_package:/opt/ros/jazzy /usr/bin/cmake --build /home/ubuntu/ros_workspace/build/turtlesim_controller -- -j16 -l16
[9.089s] DEBUG:colcon.colcon_core.event_handler.log_command:Invoking command in '/home/ubuntu/ros_workspace/build/turtlesim_controller': CMAKE_PREFIX_PATH=${CMAKE_PREFIX_PATH}:/home/ubuntu/ros_workspace/install/python_package:/opt/ros/jazzy /usr/bin/cmake --install /home/ubuntu/ros_workspace/build/turtlesim_controller
[9.117s] Level 1:colcon.colcon_core.environment:create_environment_scripts_only(turtlesim_controller)
[9.117s] Level 1:colcon.colcon_core.environment:checking '/home/ubuntu/ros_workspace/install/turtlesim_controller' for CMake module files
[9.118s] DEBUG:colcon.colcon_core.event_handler.log_command:Invoked command in '/home/ubuntu/ros_workspace/build/turtlesim_controller' returned '0': CMAKE_PREFIX_PATH=${CMAKE_PREFIX_PATH}:/home/ubuntu/ros_workspace/install/python_package:/opt/ros/jazzy /usr/bin/cmake --install /home/ubuntu/ros_workspace/build/turtlesim_controller
[9.119s] Level 1:colcon.colcon_core.environment:checking '/home/ubuntu/ros_workspace/install/turtlesim_controller' for CMake config files
[9.119s] Level 1:colcon.colcon_core.shell:create_environment_hook('turtlesim_controller', 'cmake_prefix_path')
[9.119s] INFO:colcon.colcon_core.shell:Creating environment hook '/home/ubuntu/ros_workspace/install/turtlesim_controller/share/turtlesim_controller/hook/cmake_prefix_path.ps1'
[9.119s] INFO:colcon.colcon_core.shell:Creating environment descriptor '/home/ubuntu/ros_workspace/install/turtlesim_controller/share/turtlesim_controller/hook/cmake_prefix_path.dsv'
[9.120s] INFO:colcon.colcon_core.shell:Creating environment hook '/home/ubuntu/ros_workspace/install/turtlesim_controller/share/turtlesim_controller/hook/cmake_prefix_path.sh'
[9.120s] Level 1:colcon.colcon_core.environment:checking '/home/ubuntu/ros_workspace/install/turtlesim_controller/lib'
[9.120s] Level 1:colcon.colcon_core.environment:checking '/home/ubuntu/ros_workspace/install/turtlesim_controller/bin'
[9.121s] Level 1:colcon.colcon_core.environment:checking '/home/ubuntu/ros_workspace/install/turtlesim_controller/lib/pkgconfig/turtlesim_controller.pc'
[9.121s] Level 1:colcon.colcon_core.environment:checking '/home/ubuntu/ros_workspace/install/turtlesim_controller/lib/python3.12/site-packages'
[9.121s] Level 1:colcon.colcon_core.environment:checking '/home/ubuntu/ros_workspace/install/turtlesim_controller/bin'
[9.121s] INFO:colcon.colcon_core.shell:Creating package script '/home/ubuntu/ros_workspace/install/turtlesim_controller/share/turtlesim_controller/package.ps1'
[9.122s] INFO:colcon.colcon_core.shell:Creating package descriptor '/home/ubuntu/ros_workspace/install/turtlesim_controller/share/turtlesim_controller/package.dsv'
[9.122s] INFO:colcon.colcon_core.shell:Creating package script '/home/ubuntu/ros_workspace/install/turtlesim_controller/share/turtlesim_controller/package.sh'
[9.122s] INFO:colcon.colcon_core.shell:Creating package script '/home/ubuntu/ros_workspace/install/turtlesim_controller/share/turtlesim_controller/package.bash'
[9.123s] INFO:colcon.colcon_core.shell:Creating package script '/home/ubuntu/ros_workspace/install/turtlesim_controller/share/turtlesim_controller/package.zsh'
[9.123s] Level 1:colcon.colcon_core.environment:create_file_with_runtime_dependencies(/home/ubuntu/ros_workspace/install/turtlesim_controller/share/colcon-core/packages/turtlesim_controller)
[9.124s] Level 1:colcon.colcon_core.environment:create_environment_scripts_only(turtlesim_controller)
[9.124s] Level 1:colcon.colcon_core.environment:checking '/home/ubuntu/ros_workspace/install/turtlesim_controller' for CMake module files
[9.125s] Level 1:colcon.colcon_core.environment:checking '/home/ubuntu/ros_workspace/install/turtlesim_controller' for CMake config files
[9.125s] Level 1:colcon.colcon_core.shell:create_environment_hook('turtlesim_controller', 'cmake_prefix_path')
[9.125s] INFO:colcon.colcon_core.shell:Creating environment hook '/home/ubuntu/ros_workspace/install/turtlesim_controller/share/turtlesim_controller/hook/cmake_prefix_path.ps1'
[9.126s] INFO:colcon.colcon_core.shell:Creating environment descriptor '/home/ubuntu/ros_workspace/install/turtlesim_controller/share/turtlesim_controller/hook/cmake_prefix_path.dsv'
[9.126s] INFO:colcon.colcon_core.shell:Creating environment hook '/home/ubuntu/ros_workspace/install/turtlesim_controller/share/turtlesim_controller/hook/cmake_prefix_path.sh'
[9.126s] Level 1:colcon.colcon_core.environment:checking '/home/ubuntu/ros_workspace/install/turtlesim_controller/lib'
[9.127s] Level 1:colcon.colcon_core.environment:checking '/home/ubuntu/ros_workspace/install/turtlesim_controller/bin'
[9.127s] Level 1:colcon.colcon_core.environment:checking '/home/ubuntu/ros_workspace/install/turtlesim_controller/lib/pkgconfig/turtlesim_controller.pc'
[9.127s] Level 1:colcon.colcon_core.environment:checking '/home/ubuntu/ros_workspace/install/turtlesim_controller/lib/python3.12/site-packages'
[9.127s] Level 1:colcon.colcon_core.environment:checking '/home/ubuntu/ros_workspace/install/turtlesim_controller/bin'
[9.127s] INFO:colcon.colcon_core.shell:Creating package script '/home/ubuntu/ros_workspace/install/turtlesim_controller/share/turtlesim_controller/package.ps1'
[9.128s] INFO:colcon.colcon_core.shell:Creating package descriptor '/home/ubuntu/ros_workspace/install/turtlesim_controller/share/turtlesim_controller/package.dsv'
[9.128s] INFO:colcon.colcon_core.shell:Creating package script '/home/ubuntu/ros_workspace/install/turtlesim_controller/share/turtlesim_controller/package.sh'
[9.128s] INFO:colcon.colcon_core.shell:Creating package script '/home/ubuntu/ros_workspace/install/turtlesim_controller/share/turtlesim_controller/package.bash'
[9.129s] INFO:colcon.colcon_core.shell:Creating package script '/home/ubuntu/ros_workspace/install/turtlesim_controller/share/turtlesim_controller/package.zsh'
[9.129s] Level 1:colcon.colcon_core.environment:create_file_with_runtime_dependencies(/home/ubuntu/ros_workspace/install/turtlesim_controller/share/colcon-core/packages/turtlesim_controller)
[9.129s] DEBUG:colcon.colcon_parallel_executor.executor.parallel:closing loop
[9.130s] DEBUG:colcon.colcon_parallel_executor.executor.parallel:loop closed
[9.130s] DEBUG:colcon.colcon_parallel_executor.executor.parallel:run_until_complete finished with '0'
[9.130s] DEBUG:colcon.colcon_core.event_reactor:joining thread
[9.137s] INFO:colcon.colcon_core.plugin_system:Skipping extension 'colcon_notification.desktop_notification.notify_send': Could not find 'notify-send'
[9.138s] INFO:colcon.colcon_core.plugin_system:Skipping extension 'colcon_notification.desktop_notification.terminal_notifier': Not used on non-Darwin systems
[9.138s] INFO:colcon.colcon_core.plugin_system:Skipping extension 'colcon_notification.desktop_notification.win32': Not used on non-Windows systems
[9.138s] INFO:colcon.colcon_notification.desktop_notification:Sending desktop notification using 'notify2'
[9.141s] DEBUG:colcon.colcon_notification.desktop_notification.notify2:Failed to initialize notify2: org.freedesktop.DBus.Error.Spawn.ExecFailed: /usr/bin/dbus-launch terminated abnormally without any error message
[9.142s] DEBUG:colcon.colcon_core.event_reactor:joined thread
[9.142s] INFO:colcon.colcon_core.shell:Creating prefix script '/home/ubuntu/ros_workspace/install/local_setup.ps1'
[9.143s] INFO:colcon.colcon_core.shell:Creating prefix util module '/home/ubuntu/ros_workspace/install/_local_setup_util_ps1.py'
[9.144s] INFO:colcon.colcon_core.shell:Creating prefix chain script '/home/ubuntu/ros_workspace/install/setup.ps1'
[9.145s] INFO:colcon.colcon_core.shell:Creating prefix script '/home/ubuntu/ros_workspace/install/local_setup.sh'
[9.146s] INFO:colcon.colcon_core.shell:Creating prefix util module '/home/ubuntu/ros_workspace/install/_local_setup_util_sh.py'
[9.146s] INFO:colcon.colcon_core.shell:Creating prefix chain script '/home/ubuntu/ros_workspace/install/setup.sh'
[9.148s] INFO:colcon.colcon_core.shell:Creating prefix script '/home/ubuntu/ros_workspace/install/local_setup.bash'
[9.148s] INFO:colcon.colcon_core.shell:Creating prefix chain script '/home/ubuntu/ros_workspace/install/setup.bash'
[9.149s] INFO:colcon.colcon_core.shell:Creating prefix script '/home/ubuntu/ros_workspace/install/local_setup.zsh'
[9.150s] INFO:colcon.colcon_core.shell:Creating prefix chain script '/home/ubuntu/ros_workspace/install/setup.zsh'
