[01m[K/home/ubuntu/ros_workspace/src/assignment1_rt/src/two_turtles.cpp:[m[K In constructor ‘[01m[KTwoTurtles::[01;32m[KTwoTurtles[m[K()[m[K’:
[01m[K/home/ubuntu/ros_workspace/src/assignment1_rt/src/two_turtles.cpp:16:7:[m[K [01;31m[Kerror: [m[K‘[01m[Ksubscription_[m[K’ was not declared in this scope; did you mean ‘[01m[Krmw_subscription_t[m[K’?
   16 |       [01;31m[Ksubscription_[m[K =this-> create_subscription<turtlesim::msg::Pose>("turtle1/pose",10,std::bind(&TurtlesimController::topic_callback, this, _1));
      |       [01;31m[K^~~~~~~~~~~~~[m[K
      |       [32m[Krmw_subscription_t[m[K
[01m[K/home/ubuntu/ros_workspace/src/assignment1_rt/src/two_turtles.cpp:16:100:[m[K [01;31m[Kerror: [m[K‘[01m[KTurtlesimController[m[K’ has not been declared
   16 | -> create_subscription<turtlesim::msg::Pose>("turtle1/pose",10,std::bind(&[01;31m[KTurtlesimController[m[K::topic_callback, this, _1));
      |                                                                           [01;31m[K^~~~~~~~~~~~~~~~~~~[m[K

[01m[K/home/ubuntu/ros_workspace/src/assignment1_rt/src/two_turtles.cpp:17:7:[m[K [01;31m[Kerror: [m[K‘[01m[Ktimer_[m[K’ was not declared in this scope; did you mean ‘[01m[Ktimer_t[m[K’?
   17 |       [01;31m[Ktimer_[m[K = this->create_wall_timer(std::chrono::milliseconds(200), std::bind(&TwoTurtles::timer_callback, this));
      |       [01;31m[K^~~~~~[m[K
      |       [32m[Ktimer_t[m[K
[01m[K/home/ubuntu/ros_workspace/src/assignment1_rt/src/two_turtles.cpp:[m[K In member function ‘[01m[Kvoid TwoTurtles::[01;32m[Ktopic_callback[m[K(turtlesim::msg::Pose_<std::allocator<void> >::SharedPtr)[m[K’:
[01m[K/home/ubuntu/ros_workspace/src/assignment1_rt/src/two_turtles.cpp:24:5:[m[K [01;31m[Kerror: [m[K‘[01m[Kx_[m[K’ was not declared in this scope
   24 |     [01;31m[Kx_[m[K= msg->x;
      |     [01;31m[K^~[m[K
[01m[K/home/ubuntu/ros_workspace/src/assignment1_rt/src/two_turtles.cpp:25:5:[m[K [01;31m[Kerror: [m[K‘[01m[Ky_[m[K’ was not declared in this scope; did you mean ‘[01m[Kyn[m[K’?
   25 |     [01;31m[Ky_[m[K= msg->y;
      |     [01;31m[K^~[m[K
      |     [32m[Kyn[m[K
[01m[K/home/ubuntu/ros_workspace/src/assignment1_rt/src/two_turtles.cpp:[m[K In member function ‘[01m[Kvoid TwoTurtles::[01;32m[Ktimer_callback[m[K()[m[K’:
[01m[K/home/ubuntu/ros_workspace/src/assignment1_rt/src/two_turtles.cpp:31:26:[m[K [01;31m[Kerror: [m[K‘[01m[KSimpleSpawner[m[K’ was not declared in this scope
   31 |     rclcpp::Subscription<[01;31m[KSimpleSpawner[m[K::msg::Pose>::SharedPtr subscription_;
      |                          [01;31m[K^~~~~~~~~~~~~[m[K
[01m[K/home/ubuntu/ros_workspace/src/assignment1_rt/src/two_turtles.cpp:31:50:[m[K [01;31m[Kerror: [m[Ktemplate argument 1 is invalid
   31 |     rclcpp::Subscription<SimpleSpawner::msg::Pose[01;31m[K>[m[K::SharedPtr subscription_;
      |                                                  [01;31m[K^[m[K
[01m[K/home/ubuntu/ros_workspace/src/assignment1_rt/src/two_turtles.cpp:31:50:[m[K [01;31m[Kerror: [m[Ktemplate argument 3 is invalid
[01m[K/home/ubuntu/ros_workspace/src/assignment1_rt/src/two_turtles.cpp:31:50:[m[K [01;31m[Kerror: [m[Ktemplate argument 4 is invalid
[01m[K/home/ubuntu/ros_workspace/src/assignment1_rt/src/two_turtles.cpp:31:50:[m[K [01;31m[Kerror: [m[Ktemplate argument 5 is invalid
[01m[K/home/ubuntu/ros_workspace/src/assignment1_rt/src/two_turtles.cpp:31:63:[m[K [01;31m[Kerror: [m[Kqualified-id in declaration before ‘[01m[Ksubscription_[m[K’
   31 |     rclcpp::Subscription<SimpleSpawner::msg::Pose>::SharedPtr [01;31m[Ksubscription_[m[K;
      |                                                               [01;31m[K^~~~~~~~~~~~~[m[K
gmake[2]: *** [CMakeFiles/turtles.dir/build.make:76: CMakeFiles/turtles.dir/src/two_turtles.cpp.o] Error 1
gmake[1]: *** [CMakeFiles/Makefile2:137: CMakeFiles/turtles.dir/all] Error 2
gmake: *** [Makefile:146: all] Error 2
