[0.021s] Invoking command in '/home/ubuntu/ros_workspace/build/assignment_1_rt2': AMENT_PREFIX_PATH=/home/ubuntu/ros_workspace/install/bme_gazebo_sensors:/home/ubuntu/ros_workspace/install/action_tutorials_interfaces:${AMENT_PREFIX_PATH} CMAKE_PREFIX_PATH=/home/ubuntu/ros_workspace/install/bme_gazebo_sensors:/home/ubuntu/ros_workspace/install/action_tutorials_interfaces:/opt/ros/jazzy/opt/gz_launch_vendor:/opt/ros/jazzy/opt/gz_sim_vendor:/opt/ros/jazzy/opt/gz_sensors_vendor:/opt/ros/jazzy/opt/gz_physics_vendor:/opt/ros/jazzy/opt/sdformat_vendor:/opt/ros/jazzy/opt/gz_gui_vendor:/opt/ros/jazzy/opt/gz_transport_vendor:/opt/ros/jazzy/opt/gz_rendering_vendor:/opt/ros/jazzy/opt/gz_plugin_vendor:/opt/ros/jazzy/opt/gz_fuel_tools_vendor:/opt/ros/jazzy/opt/gz_msgs_vendor:/opt/ros/jazzy/opt/gz_common_vendor:/opt/ros/jazzy/opt/gz_math_vendor:/opt/ros/jazzy/opt/gz_utils_vendor:/opt/ros/jazzy/opt/gz_tools_vendor:/opt/ros/jazzy/opt/gz_ogre_next_vendor:/opt/ros/jazzy/opt/gz_dartsim_vendor:/opt/ros/jazzy/opt/gz_cmake_vendor:/opt/ros/jazzy LD_LIBRARY_PATH=/home/ubuntu/ros_workspace/install/action_tutorials_interfaces/lib:${LD_LIBRARY_PATH} PYTHONPATH=/home/ubuntu/ros_workspace/install/action_tutorials_interfaces/lib/python3.12/site-packages:${PYTHONPATH} /usr/bin/cmake --build /home/ubuntu/ros_workspace/build/assignment_1_rt2 -- -j16 -l16
[0.122s] [ 16%] Built target cancel_client
[0.122s] [ 33%] Built target server_exe
[0.122s] [ 50%] Built target client_exe
[0.122s] [ 83%] Built target client
[0.122s] [ 83%] Built target cancel_client_exe
[0.141s] [ 91%] [32mBuilding CXX object CMakeFiles/server.dir/src/action_server.cpp.o[0m
[3.267s] [01m[K/home/ubuntu/ros_workspace/src/assignment_1_rt2/src/action_server.cpp:[m[K In member function ‘[01m[Kvoid assignment_1_rt2::RobotActionServer::[01;32m[Kexecute_callback[m[K(std::shared_ptr<rclcpp_action::ServerGoalHandle<action_tutorials_interfaces::action::Assignment1RT2> >)[m[K’:
[3.267s] [01m[K/home/ubuntu/ros_workspace/src/assignment_1_rt2/src/action_server.cpp:247:42:[m[K [01;31m[Kerror: [m[K‘[01m[Katan2[m[K’ is not a member of ‘[01m[Ktf2[m[K’
[3.267s]   247 |                 float error_theta = tf2::[01;31m[Katan2[m[K(error_x, error_y);
[3.267s]       |                                          [01;31m[K^~~~~[m[K
[3.267s] [01m[K/home/ubuntu/ros_workspace/src/assignment_1_rt2/src/action_server.cpp:247:42:[m[K [01;36m[Knote: [m[Ksuggested alternatives:
[3.267s] In file included from [01m[K/opt/ros/jazzy/include/libstatistics_collector/libstatistics_collector/moving_average_statistics/types.hpp:18[m[K,
[3.267s]                  from [01m[K/opt/ros/jazzy/include/libstatistics_collector/libstatistics_collector/collector/generate_statistics_message.hpp:24[m[K,
[3.267s]                  from [01m[K/opt/ros/jazzy/include/rclcpp/rclcpp/topic_statistics/subscription_topic_statistics.hpp:23[m[K,
[3.267s]                  from [01m[K/opt/ros/jazzy/include/rclcpp/rclcpp/subscription.hpp:50[m[K,
[3.267s]                  from [01m[K/opt/ros/jazzy/include/rclcpp/rclcpp/any_executable.hpp:25[m[K,
[3.267s]                  from [01m[K/opt/ros/jazzy/include/rclcpp/rclcpp/memory_strategy.hpp:25[m[K,
[3.267s]                  from [01m[K/opt/ros/jazzy/include/rclcpp/rclcpp/memory_strategies.hpp:18[m[K,
[3.267s]                  from [01m[K/opt/ros/jazzy/include/rclcpp/rclcpp/executor_options.hpp:22[m[K,
[3.267s]                  from [01m[K/opt/ros/jazzy/include/rclcpp/rclcpp/executor.hpp:38[m[K,
[3.268s]                  from [01m[K/opt/ros/jazzy/include/rclcpp/rclcpp/executors/multi_threaded_executor.hpp:25[m[K,
[3.268s]                  from [01m[K/opt/ros/jazzy/include/rclcpp/rclcpp/executors.hpp:21[m[K,
[3.268s]                  from [01m[K/opt/ros/jazzy/include/rclcpp/rclcpp/rclcpp.hpp:172[m[K,
[3.268s]                  from [01m[K/home/ubuntu/ros_workspace/src/assignment_1_rt2/src/action_server.cpp:10[m[K:
[3.268s] [01m[K/usr/include/c++/13/cmath:146:3:[m[K [01;36m[Knote: [m[K  ‘[01m[Katan2[m[K’
[3.268s]   146 |   [01;36m[Katan2[m[K(float __y, float __x)
[3.268s]       |   [01;36m[K^~~~~[m[K
[3.268s] [01m[K/usr/include/c++/13/cmath:1052:5:[m[K [01;36m[Knote: [m[K  ‘[01m[Kstd::atan2[m[K’
[3.268s]  1052 |     [01;36m[Katan2[m[K(_Tp __y, _Up __x)
[3.268s]       |     [01;36m[K^~~~~[m[K
[3.268s] In file included from [01m[K/usr/include/features.h:502[m[K,
[3.268s]                  from [01m[K/usr/include/x86_64-linux-gnu/c++/13/bits/os_defines.h:39[m[K,
[3.268s]                  from [01m[K/usr/include/x86_64-linux-gnu/c++/13/bits/c++config.h:679[m[K,
[3.268s]                  from [01m[K/usr/include/c++/13/functional:48[m[K,
[3.268s]                  from [01m[K/home/ubuntu/ros_workspace/src/assignment_1_rt2/src/action_server.cpp:1[m[K:
[3.268s] [01m[K/usr/include/x86_64-linux-gnu/bits/mathcalls.h:59:1:[m[K [01;36m[Knote: [m[K  ‘[01m[Kstd::atan2[m[K’
[3.269s]    59 | [01;36m[K__MATHCALL_VEC[m[K (atan2,, (_Mdouble_ __y, _Mdouble_ __x));
[3.269s]       | [01;36m[K^~~~~~~~~~~~~~[m[K
[3.276s] [01m[K/home/ubuntu/ros_workspace/src/assignment_1_rt2/src/action_server.cpp:259:52:[m[K [01;31m[Kerror: [m[K‘[01m[Kdistance_to_goal[m[K’ was not declared in this scope
[3.276s]   259 |                     cmd_vel.linear.x = Kp_linear * [01;31m[Kdistance_to_goal[m[K;
[3.276s]       |                                                    [01;31m[K^~~~~~~~~~~~~~~~[m[K
[7.085s] gmake[2]: *** [CMakeFiles/server.dir/build.make:76: CMakeFiles/server.dir/src/action_server.cpp.o] Error 1
[7.085s] gmake[1]: *** [CMakeFiles/Makefile2:173: CMakeFiles/server.dir/all] Error 2
[7.086s] gmake: *** [Makefile:146: all] Error 2
[7.089s] Invoked command in '/home/ubuntu/ros_workspace/build/assignment_1_rt2' returned '2': AMENT_PREFIX_PATH=/home/ubuntu/ros_workspace/install/bme_gazebo_sensors:/home/ubuntu/ros_workspace/install/action_tutorials_interfaces:${AMENT_PREFIX_PATH} CMAKE_PREFIX_PATH=/home/ubuntu/ros_workspace/install/bme_gazebo_sensors:/home/ubuntu/ros_workspace/install/action_tutorials_interfaces:/opt/ros/jazzy/opt/gz_launch_vendor:/opt/ros/jazzy/opt/gz_sim_vendor:/opt/ros/jazzy/opt/gz_sensors_vendor:/opt/ros/jazzy/opt/gz_physics_vendor:/opt/ros/jazzy/opt/sdformat_vendor:/opt/ros/jazzy/opt/gz_gui_vendor:/opt/ros/jazzy/opt/gz_transport_vendor:/opt/ros/jazzy/opt/gz_rendering_vendor:/opt/ros/jazzy/opt/gz_plugin_vendor:/opt/ros/jazzy/opt/gz_fuel_tools_vendor:/opt/ros/jazzy/opt/gz_msgs_vendor:/opt/ros/jazzy/opt/gz_common_vendor:/opt/ros/jazzy/opt/gz_math_vendor:/opt/ros/jazzy/opt/gz_utils_vendor:/opt/ros/jazzy/opt/gz_tools_vendor:/opt/ros/jazzy/opt/gz_ogre_next_vendor:/opt/ros/jazzy/opt/gz_dartsim_vendor:/opt/ros/jazzy/opt/gz_cmake_vendor:/opt/ros/jazzy LD_LIBRARY_PATH=/home/ubuntu/ros_workspace/install/action_tutorials_interfaces/lib:${LD_LIBRARY_PATH} PYTHONPATH=/home/ubuntu/ros_workspace/install/action_tutorials_interfaces/lib/python3.12/site-packages:${PYTHONPATH} /usr/bin/cmake --build /home/ubuntu/ros_workspace/build/assignment_1_rt2 -- -j16 -l16
