[0.037s] Invoking command in '/home/ubuntu/ros_workspace/build/ob_first_package_cpp': CMAKE_PREFIX_PATH=${CMAKE_PREFIX_PATH}:/home/ubuntu/ros_workspace/install/python_package:/opt/ros/jazzy /usr/bin/cmake --build /home/ubuntu/ros_workspace/build/ob_first_package_cpp -- -j16 -l16
[0.259s] [100%] Built target talker
[0.295s] Invoked command in '/home/ubuntu/ros_workspace/build/ob_first_package_cpp' returned '0': CMAKE_PREFIX_PATH=${CMAKE_PREFIX_PATH}:/home/ubuntu/ros_workspace/install/python_package:/opt/ros/jazzy /usr/bin/cmake --build /home/ubuntu/ros_workspace/build/ob_first_package_cpp -- -j16 -l16
[0.297s] Invoking command in '/home/ubuntu/ros_workspace/build/ob_first_package_cpp': CMAKE_PREFIX_PATH=${CMAKE_PREFIX_PATH}:/home/ubuntu/ros_workspace/install/python_package:/opt/ros/jazzy /usr/bin/cmake --install /home/ubuntu/ros_workspace/build/ob_first_package_cpp
[0.349s] -- Install configuration: ""
[0.352s] -- Up-to-date: /home/ubuntu/ros_workspace/install/ob_first_package_cpp/lib/ob_first_package_cpp/talker
[0.352s] -- Up-to-date: /home/ubuntu/ros_workspace/install/ob_first_package_cpp/share/ament_index/resource_index/package_run_dependencies/ob_first_package_cpp
[0.353s] -- Up-to-date: /home/ubuntu/ros_workspace/install/ob_first_package_cpp/share/ament_index/resource_index/parent_prefix_path/ob_first_package_cpp
[0.353s] -- Up-to-date: /home/ubuntu/ros_workspace/install/ob_first_package_cpp/share/ob_first_package_cpp/environment/ament_prefix_path.sh
[0.353s] -- Up-to-date: /home/ubuntu/ros_workspace/install/ob_first_package_cpp/share/ob_first_package_cpp/environment/ament_prefix_path.dsv
[0.353s] -- Up-to-date: /home/ubuntu/ros_workspace/install/ob_first_package_cpp/share/ob_first_package_cpp/environment/path.sh
[0.355s] -- Up-to-date: /home/ubuntu/ros_workspace/install/ob_first_package_cpp/share/ob_first_package_cpp/environment/path.dsv
[0.355s] -- Up-to-date: /home/ubuntu/ros_workspace/install/ob_first_package_cpp/share/ob_first_package_cpp/local_setup.bash
[0.355s] -- Up-to-date: /home/ubuntu/ros_workspace/install/ob_first_package_cpp/share/ob_first_package_cpp/local_setup.sh
[0.356s] -- Up-to-date: /home/ubuntu/ros_workspace/install/ob_first_package_cpp/share/ob_first_package_cpp/local_setup.zsh
[0.356s] -- Up-to-date: /home/ubuntu/ros_workspace/install/ob_first_package_cpp/share/ob_first_package_cpp/local_setup.dsv
[0.356s] -- Installing: /home/ubuntu/ros_workspace/install/ob_first_package_cpp/share/ob_first_package_cpp/package.dsv
[0.357s] -- Up-to-date: /home/ubuntu/ros_workspace/install/ob_first_package_cpp/share/ament_index/resource_index/packages/ob_first_package_cpp
[0.357s] -- Up-to-date: /home/ubuntu/ros_workspace/install/ob_first_package_cpp/share/ob_first_package_cpp/cmake/ob_first_package_cppConfig.cmake
[0.357s] -- Up-to-date: /home/ubuntu/ros_workspace/install/ob_first_package_cpp/share/ob_first_package_cpp/cmake/ob_first_package_cppConfig-version.cmake
[0.357s] -- Up-to-date: /home/ubuntu/ros_workspace/install/ob_first_package_cpp/share/ob_first_package_cpp/package.xml
[0.446s] Invoked command in '/home/ubuntu/ros_workspace/build/ob_first_package_cpp' returned '0': CMAKE_PREFIX_PATH=${CMAKE_PREFIX_PATH}:/home/ubuntu/ros_workspace/install/python_package:/opt/ros/jazzy /usr/bin/cmake --install /home/ubuntu/ros_workspace/build/ob_first_package_cpp
