[0.018s] Invoking command in '/home/ubuntu/ros_workspace/build/first_package_cpp': CMAKE_PREFIX_PATH=${CMAKE_PREFIX_PATH}:/home/ubuntu/ros_workspace/install/tutorial_1_action:/home/ubuntu/ros_workspace/install/exam_example_2:/home/ubuntu/ros_workspace/install/turtle_action_client:/home/ubuntu/ros_workspace/install/assignment2_rt_py:/home/ubuntu/ros_workspace/install/assignment1_rt_py:/home/ubuntu/ros_workspace/install/python_package:/home/ubuntu/ros_workspace/install/first_package_py:/home/ubuntu/ros_workspace/install/fibonacci:/home/ubuntu/ros_workspace/install/exam_example:/opt/ros/jazzy /usr/bin/cmake --build /home/ubuntu/ros_workspace/build/first_package_cpp -- -j16 -l16
[0.059s] -- Found ament_cmake: 2.5.4 (/opt/ros/jazzy/share/ament_cmake/cmake)
[0.307s] -- Found rclcpp: 28.1.11 (/opt/ros/jazzy/share/rclcpp/cmake)
[0.342s] -- Found rosidl_generator_c: 4.6.6 (/opt/ros/jazzy/share/rosidl_generator_c/cmake)
[0.353s] -- Found rosidl_generator_cpp: 4.6.6 (/opt/ros/jazzy/share/rosidl_generator_cpp/cmake)
[0.364s] -- Using all available rosidl_typesupport_c: rosidl_typesupport_fastrtps_c;rosidl_typesupport_introspection_c
[0.378s] -- Using all available rosidl_typesupport_cpp: rosidl_typesupport_fastrtps_cpp;rosidl_typesupport_introspection_cpp
[0.436s] -- Found rmw_implementation_cmake: 7.3.2 (/opt/ros/jazzy/share/rmw_implementation_cmake/cmake)
[0.438s] -- Found rmw_fastrtps_cpp: 8.4.3 (/opt/ros/jazzy/share/rmw_fastrtps_cpp/cmake)
[0.517s] -- Using RMW implementation 'rmw_fastrtps_cpp' as default
[0.581s] -- Found rclcpp_components: 28.1.11 (/opt/ros/jazzy/share/rclcpp_components/cmake)
[0.607s] -- Found std_msgs: 5.3.6 (/opt/ros/jazzy/share/std_msgs/cmake)
[0.629s] -- Found ament_lint_auto: 0.17.3 (/opt/ros/jazzy/share/ament_lint_auto/cmake)
[0.729s] -- Added test 'cppcheck' to perform static code analysis on C / C++ code
[0.730s] -- Configured cppcheck include dirs: 
[0.730s] -- Configured cppcheck exclude dirs and/or files: 
[0.730s] -- Added test 'flake8' to check Python code syntax and style conventions
[0.730s] -- Configured 'flake8' exclude dirs and/or files: 
[0.730s] -- Added test 'lint_cmake' to check CMake code style
[0.731s] -- Added test 'pep257' to check Python code against some of the docstring style conventions in PEP 257
[0.732s] -- Added test 'uncrustify' to check C / C++ code style
[0.732s] -- Configured uncrustify additional arguments: 
[0.733s] -- Added test 'xmllint' to check XML markup files
[0.734s] -- Configuring done (0.7s)
[0.783s] -- Generating done (0.0s)
[0.798s] -- Build files have been written to: /home/ubuntu/ros_workspace/build/first_package_cpp
[0.882s] [ 27%] Built target talker_component
[0.882s] [ 33%] Built target subscriber_component_exe
[0.882s] [ 33%] Built target subscriber_component
[0.882s] [ 44%] Built target subscriber_exe
[0.883s] [ 55%] Built target manual_composition
[0.883s] [ 66%] Built target talker_component2
[0.883s] [ 77%] Built target talker_exe
[0.884s] [ 88%] Built target talker_component_exe
[0.885s] [ 94%] [32mBuilding CXX object CMakeFiles/subscriber_component2.dir/src/subscriber_component2.cpp.o[0m
[3.355s] In file included from [01m[K/opt/ros/jazzy/include/class_loader/class_loader/class_loader.hpp:56[m[K,
[3.356s]                  from [01m[K/opt/ros/jazzy/include/rclcpp_components/rclcpp_components/register_node_macro.hpp:18[m[K,
[3.356s]                  from [01m[K/home/ubuntu/ros_workspace/src/first_package_cpp/src/subscriber_component2.cpp:3[m[K:
[3.356s] [01m[K/home/ubuntu/ros_workspace/src/first_package_cpp/src/subscriber_component2.cpp:29:33:[m[K [01;31m[Kerror: [m[K‘[01m[Kfirst_package_cpp[m[K’ was not declared in this scope
[3.356s]    29 | RCLCPP_COMPONENTS_REGISTER_NODE([01;31m[Kfirst_package_cpp[m[K::MinimalSubscriber_component)
[3.356s]       |                                 [01;31m[K^~~~~~~~~~~~~~~~~[m[K
[3.356s] [01m[K/home/ubuntu/ros_workspace/src/first_package_cpp/src/subscriber_component2.cpp:29:1:[m[K [01;31m[Kerror: [m[Ktemplate argument 1 is invalid
[3.356s]    29 | [01;31m[KRCLCPP_COMPONENTS_REGISTER_NODE[m[K(first_package_cpp::MinimalSubscriber_component)
[3.356s]       | [01;31m[K^~~~~~~~~~~~~~~~~~~~~~~~~~~~~~~[m[K
[4.600s] In file included from [01m[K/opt/ros/jazzy/include/class_loader/class_loader/class_loader_core.hpp:58[m[K,
[4.600s]                  from [01m[K/opt/ros/jazzy/include/class_loader/class_loader/class_loader.hpp:55[m[K:
[4.600s] /opt/ros/jazzy/include/class_loader/class_loader/meta_object.hpp: In instantiation of ‘[01m[KB* class_loader::impl::MetaObject<C, B>::[01;32m[Kcreate[m[K() const [35m[K[with C = int; B = rclcpp_components::NodeFactory][m[K[m[K’:
[4.600s] [01m[K/opt/ros/jazzy/include/class_loader/class_loader/meta_object.hpp:216:7:[m[K   required from here
[4.601s] [01m[K/opt/ros/jazzy/include/class_loader/class_loader/meta_object.hpp:218:12:[m[K [01;31m[Kerror: [m[Kcannot convert ‘[01m[Kint*[m[K’ to ‘[01m[Krclcpp_components::NodeFactory*[m[K’ in return
[4.601s]   218 |     return [01;31m[Knew C[m[K;
[4.601s]       |            [01;31m[K^~~~~[m[K
[4.601s]       |            [01;31m[K|[m[K
[4.601s]       |            [01;31m[Kint*[m[K
[5.358s] gmake[2]: *** [CMakeFiles/subscriber_component2.dir/build.make:76: CMakeFiles/subscriber_component2.dir/src/subscriber_component2.cpp.o] Error 1
[5.358s] gmake[1]: *** [CMakeFiles/Makefile2:231: CMakeFiles/subscriber_component2.dir/all] Error 2
[5.359s] gmake: *** [Makefile:146: all] Error 2
[5.363s] Invoked command in '/home/ubuntu/ros_workspace/build/first_package_cpp' returned '2': CMAKE_PREFIX_PATH=${CMAKE_PREFIX_PATH}:/home/ubuntu/ros_workspace/install/tutorial_1_action:/home/ubuntu/ros_workspace/install/exam_example_2:/home/ubuntu/ros_workspace/install/turtle_action_client:/home/ubuntu/ros_workspace/install/assignment2_rt_py:/home/ubuntu/ros_workspace/install/assignment1_rt_py:/home/ubuntu/ros_workspace/install/python_package:/home/ubuntu/ros_workspace/install/first_package_py:/home/ubuntu/ros_workspace/install/fibonacci:/home/ubuntu/ros_workspace/install/exam_example:/opt/ros/jazzy /usr/bin/cmake --build /home/ubuntu/ros_workspace/build/first_package_cpp -- -j16 -l16
