[0.048s] Invoking command in '/home/ubuntu/ros_workspace/build/assignment_1_rt2': AMENT_PREFIX_PATH=/home/ubuntu/ros_workspace/install/bme_gazebo_sensors:/home/ubuntu/ros_workspace/install/action_tutorials_interfaces:${AMENT_PREFIX_PATH} CMAKE_PREFIX_PATH=/home/ubuntu/ros_workspace/install/bme_gazebo_sensors:/home/ubuntu/ros_workspace/install/action_tutorials_interfaces:/opt/ros/jazzy/opt/gz_launch_vendor:/opt/ros/jazzy/opt/gz_sim_vendor:/opt/ros/jazzy/opt/gz_sensors_vendor:/opt/ros/jazzy/opt/gz_physics_vendor:/opt/ros/jazzy/opt/sdformat_vendor:/opt/ros/jazzy/opt/gz_gui_vendor:/opt/ros/jazzy/opt/gz_transport_vendor:/opt/ros/jazzy/opt/gz_rendering_vendor:/opt/ros/jazzy/opt/gz_plugin_vendor:/opt/ros/jazzy/opt/gz_fuel_tools_vendor:/opt/ros/jazzy/opt/gz_msgs_vendor:/opt/ros/jazzy/opt/gz_common_vendor:/opt/ros/jazzy/opt/gz_math_vendor:/opt/ros/jazzy/opt/gz_utils_vendor:/opt/ros/jazzy/opt/gz_tools_vendor:/opt/ros/jazzy/opt/gz_ogre_next_vendor:/opt/ros/jazzy/opt/gz_dartsim_vendor:/opt/ros/jazzy/opt/gz_cmake_vendor:/opt/ros/jazzy LD_LIBRARY_PATH=/home/ubuntu/ros_workspace/install/action_tutorials_interfaces/lib:${LD_LIBRARY_PATH} PYTHONPATH=/home/ubuntu/ros_workspace/install/action_tutorials_interfaces/lib/python3.12/site-packages:${PYTHONPATH} /usr/bin/cmake --build /home/ubuntu/ros_workspace/build/assignment_1_rt2 -- -j16 -l16
[0.325s] [ 16%] Built target server
[0.326s] [ 58%] Built target cancel_client
[0.326s] [ 66%] Built target cancel_client_exe
[0.326s] [ 66%] Built target client_exe
[0.329s] [ 83%] Built target client
[0.332s] [100%] Built target server_exe
[0.355s] Invoked command in '/home/ubuntu/ros_workspace/build/assignment_1_rt2' returned '0': AMENT_PREFIX_PATH=/home/ubuntu/ros_workspace/install/bme_gazebo_sensors:/home/ubuntu/ros_workspace/install/action_tutorials_interfaces:${AMENT_PREFIX_PATH} CMAKE_PREFIX_PATH=/home/ubuntu/ros_workspace/install/bme_gazebo_sensors:/home/ubuntu/ros_workspace/install/action_tutorials_interfaces:/opt/ros/jazzy/opt/gz_launch_vendor:/opt/ros/jazzy/opt/gz_sim_vendor:/opt/ros/jazzy/opt/gz_sensors_vendor:/opt/ros/jazzy/opt/gz_physics_vendor:/opt/ros/jazzy/opt/sdformat_vendor:/opt/ros/jazzy/opt/gz_gui_vendor:/opt/ros/jazzy/opt/gz_transport_vendor:/opt/ros/jazzy/opt/gz_rendering_vendor:/opt/ros/jazzy/opt/gz_plugin_vendor:/opt/ros/jazzy/opt/gz_fuel_tools_vendor:/opt/ros/jazzy/opt/gz_msgs_vendor:/opt/ros/jazzy/opt/gz_common_vendor:/opt/ros/jazzy/opt/gz_math_vendor:/opt/ros/jazzy/opt/gz_utils_vendor:/opt/ros/jazzy/opt/gz_tools_vendor:/opt/ros/jazzy/opt/gz_ogre_next_vendor:/opt/ros/jazzy/opt/gz_dartsim_vendor:/opt/ros/jazzy/opt/gz_cmake_vendor:/opt/ros/jazzy LD_LIBRARY_PATH=/home/ubuntu/ros_workspace/install/action_tutorials_interfaces/lib:${LD_LIBRARY_PATH} PYTHONPATH=/home/ubuntu/ros_workspace/install/action_tutorials_interfaces/lib/python3.12/site-packages:${PYTHONPATH} /usr/bin/cmake --build /home/ubuntu/ros_workspace/build/assignment_1_rt2 -- -j16 -l16
[0.376s] Invoking command in '/home/ubuntu/ros_workspace/build/assignment_1_rt2': AMENT_PREFIX_PATH=/home/ubuntu/ros_workspace/install/bme_gazebo_sensors:/home/ubuntu/ros_workspace/install/action_tutorials_interfaces:${AMENT_PREFIX_PATH} CMAKE_PREFIX_PATH=/home/ubuntu/ros_workspace/install/bme_gazebo_sensors:/home/ubuntu/ros_workspace/install/action_tutorials_interfaces:/opt/ros/jazzy/opt/gz_launch_vendor:/opt/ros/jazzy/opt/gz_sim_vendor:/opt/ros/jazzy/opt/gz_sensors_vendor:/opt/ros/jazzy/opt/gz_physics_vendor:/opt/ros/jazzy/opt/sdformat_vendor:/opt/ros/jazzy/opt/gz_gui_vendor:/opt/ros/jazzy/opt/gz_transport_vendor:/opt/ros/jazzy/opt/gz_rendering_vendor:/opt/ros/jazzy/opt/gz_plugin_vendor:/opt/ros/jazzy/opt/gz_fuel_tools_vendor:/opt/ros/jazzy/opt/gz_msgs_vendor:/opt/ros/jazzy/opt/gz_common_vendor:/opt/ros/jazzy/opt/gz_math_vendor:/opt/ros/jazzy/opt/gz_utils_vendor:/opt/ros/jazzy/opt/gz_tools_vendor:/opt/ros/jazzy/opt/gz_ogre_next_vendor:/opt/ros/jazzy/opt/gz_dartsim_vendor:/opt/ros/jazzy/opt/gz_cmake_vendor:/opt/ros/jazzy LD_LIBRARY_PATH=/home/ubuntu/ros_workspace/install/action_tutorials_interfaces/lib:${LD_LIBRARY_PATH} PYTHONPATH=/home/ubuntu/ros_workspace/install/action_tutorials_interfaces/lib/python3.12/site-packages:${PYTHONPATH} /usr/bin/cmake --install /home/ubuntu/ros_workspace/build/assignment_1_rt2
[0.394s] -- Install configuration: ""
[0.396s] -- Up-to-date: /home/ubuntu/ros_workspace/install/assignment_1_rt2/lib/assignment_1_rt2/client_exe
[0.396s] -- Up-to-date: /home/ubuntu/ros_workspace/install/assignment_1_rt2/lib/assignment_1_rt2/server_exe
[0.397s] -- Up-to-date: /home/ubuntu/ros_workspace/install/assignment_1_rt2/lib/assignment_1_rt2/cancel_client_exe
[0.398s] -- Up-to-date: /home/ubuntu/ros_workspace/install/assignment_1_rt2/lib/libclient.so
[0.398s] -- Up-to-date: /home/ubuntu/ros_workspace/install/assignment_1_rt2/lib/libserver.so
[0.399s] -- Up-to-date: /home/ubuntu/ros_workspace/install/assignment_1_rt2/lib/libcancel_client.so
[0.400s] -- Up-to-date: /home/ubuntu/ros_workspace/install/assignment_1_rt2/lib/assignment_1_rt2/user_interface.py
[0.400s] -- Up-to-date: /home/ubuntu/ros_workspace/install/assignment_1_rt2/share/assignment_1_rt2/launch
[0.401s] -- Up-to-date: /home/ubuntu/ros_workspace/install/assignment_1_rt2/share/assignment_1_rt2/launch/simulation.launch.py
[0.401s] -- Up-to-date: /home/ubuntu/ros_workspace/install/assignment_1_rt2/share/ament_index/resource_index/package_run_dependencies/assignment_1_rt2
[0.401s] -- Up-to-date: /home/ubuntu/ros_workspace/install/assignment_1_rt2/share/ament_index/resource_index/parent_prefix_path/assignment_1_rt2
[0.401s] -- Up-to-date: /home/ubuntu/ros_workspace/install/assignment_1_rt2/share/assignment_1_rt2/environment/ament_prefix_path.sh
[0.401s] -- Up-to-date: /home/ubuntu/ros_workspace/install/assignment_1_rt2/share/assignment_1_rt2/environment/ament_prefix_path.dsv
[0.402s] -- Up-to-date: /home/ubuntu/ros_workspace/install/assignment_1_rt2/share/assignment_1_rt2/environment/path.sh
[0.402s] -- Up-to-date: /home/ubuntu/ros_workspace/install/assignment_1_rt2/share/assignment_1_rt2/environment/path.dsv
[0.402s] -- Up-to-date: /home/ubuntu/ros_workspace/install/assignment_1_rt2/share/assignment_1_rt2/local_setup.bash
[0.402s] -- Up-to-date: /home/ubuntu/ros_workspace/install/assignment_1_rt2/share/assignment_1_rt2/local_setup.sh
[0.402s] -- Up-to-date: /home/ubuntu/ros_workspace/install/assignment_1_rt2/share/assignment_1_rt2/local_setup.zsh
[0.402s] -- Up-to-date: /home/ubuntu/ros_workspace/install/assignment_1_rt2/share/assignment_1_rt2/local_setup.dsv
[0.402s] -- Installing: /home/ubuntu/ros_workspace/install/assignment_1_rt2/share/assignment_1_rt2/package.dsv
[0.403s] -- Up-to-date: /home/ubuntu/ros_workspace/install/assignment_1_rt2/share/ament_index/resource_index/packages/assignment_1_rt2
[0.403s] -- Up-to-date: /home/ubuntu/ros_workspace/install/assignment_1_rt2/share/ament_index/resource_index/rclcpp_components/assignment_1_rt2
[0.403s] -- Up-to-date: /home/ubuntu/ros_workspace/install/assignment_1_rt2/share/assignment_1_rt2/cmake/export_assignment_1_rt2_clientExport.cmake
[0.403s] -- Up-to-date: /home/ubuntu/ros_workspace/install/assignment_1_rt2/share/assignment_1_rt2/cmake/export_assignment_1_rt2_clientExport-noconfig.cmake
[0.404s] -- Up-to-date: /home/ubuntu/ros_workspace/install/assignment_1_rt2/share/assignment_1_rt2/cmake/export_assignment_1_rt2_serverExport.cmake
[0.404s] -- Up-to-date: /home/ubuntu/ros_workspace/install/assignment_1_rt2/share/assignment_1_rt2/cmake/export_assignment_1_rt2_serverExport-noconfig.cmake
[0.405s] -- Up-to-date: /home/ubuntu/ros_workspace/install/assignment_1_rt2/share/assignment_1_rt2/cmake/export_assignment_1_rt2_cancel_clientExport.cmake
[0.405s] -- Up-to-date: /home/ubuntu/ros_workspace/install/assignment_1_rt2/share/assignment_1_rt2/cmake/export_assignment_1_rt2_cancel_clientExport-noconfig.cmake
[0.405s] -- Up-to-date: /home/ubuntu/ros_workspace/install/assignment_1_rt2/share/assignment_1_rt2/cmake/ament_cmake_export_targets-extras.cmake
[0.406s] -- Up-to-date: /home/ubuntu/ros_workspace/install/assignment_1_rt2/share/assignment_1_rt2/cmake/assignment_1_rt2Config.cmake
[0.406s] -- Up-to-date: /home/ubuntu/ros_workspace/install/assignment_1_rt2/share/assignment_1_rt2/cmake/assignment_1_rt2Config-version.cmake
[0.406s] -- Up-to-date: /home/ubuntu/ros_workspace/install/assignment_1_rt2/share/assignment_1_rt2/package.xml
[0.410s] Invoked command in '/home/ubuntu/ros_workspace/build/assignment_1_rt2' returned '0': AMENT_PREFIX_PATH=/home/ubuntu/ros_workspace/install/bme_gazebo_sensors:/home/ubuntu/ros_workspace/install/action_tutorials_interfaces:${AMENT_PREFIX_PATH} CMAKE_PREFIX_PATH=/home/ubuntu/ros_workspace/install/bme_gazebo_sensors:/home/ubuntu/ros_workspace/install/action_tutorials_interfaces:/opt/ros/jazzy/opt/gz_launch_vendor:/opt/ros/jazzy/opt/gz_sim_vendor:/opt/ros/jazzy/opt/gz_sensors_vendor:/opt/ros/jazzy/opt/gz_physics_vendor:/opt/ros/jazzy/opt/sdformat_vendor:/opt/ros/jazzy/opt/gz_gui_vendor:/opt/ros/jazzy/opt/gz_transport_vendor:/opt/ros/jazzy/opt/gz_rendering_vendor:/opt/ros/jazzy/opt/gz_plugin_vendor:/opt/ros/jazzy/opt/gz_fuel_tools_vendor:/opt/ros/jazzy/opt/gz_msgs_vendor:/opt/ros/jazzy/opt/gz_common_vendor:/opt/ros/jazzy/opt/gz_math_vendor:/opt/ros/jazzy/opt/gz_utils_vendor:/opt/ros/jazzy/opt/gz_tools_vendor:/opt/ros/jazzy/opt/gz_ogre_next_vendor:/opt/ros/jazzy/opt/gz_dartsim_vendor:/opt/ros/jazzy/opt/gz_cmake_vendor:/opt/ros/jazzy LD_LIBRARY_PATH=/home/ubuntu/ros_workspace/install/action_tutorials_interfaces/lib:${LD_LIBRARY_PATH} PYTHONPATH=/home/ubuntu/ros_workspace/install/action_tutorials_interfaces/lib/python3.12/site-packages:${PYTHONPATH} /usr/bin/cmake --install /home/ubuntu/ros_workspace/build/assignment_1_rt2
