running egg_info
writing ../../build/first_package_py/first_package_py.egg-info/PKG-INFO
writing dependency_links to ../../build/first_package_py/first_package_py.egg-info/dependency_links.txt
writing entry points to ../../build/first_package_py/first_package_py.egg-info/entry_points.txt
writing requirements to ../../build/first_package_py/first_package_py.egg-info/requires.txt
writing top-level names to ../../build/first_package_py/first_package_py.egg-info/top_level.txt
reading manifest file '../../build/first_package_py/first_package_py.egg-info/SOURCES.txt'
writing manifest file '../../build/first_package_py/first_package_py.egg-info/SOURCES.txt'
running build
running build_py
creating /home/ubuntu/ros_workspace/build/first_package_py/build
creating /home/ubuntu/ros_workspace/build/first_package_py/build/lib
creating /home/ubuntu/ros_workspace/build/first_package_py/build/lib/first_package_py
copying first_package_py/pub.py -> /home/ubuntu/ros_workspace/build/first_package_py/build/lib/first_package_py
copying first_package_py/__init__.py -> /home/ubuntu/ros_workspace/build/first_package_py/build/lib/first_package_py
copying first_package_py/sub.py -> /home/ubuntu/ros_workspace/build/first_package_py/build/lib/first_package_py
running install
running install_lib
creating /home/ubuntu/ros_workspace/install/first_package_py/lib/python3.12/site-packages/first_package_py
copying /home/ubuntu/ros_workspace/build/first_package_py/build/lib/first_package_py/pub.py -> /home/ubuntu/ros_workspace/install/first_package_py/lib/python3.12/site-packages/first_package_py
copying /home/ubuntu/ros_workspace/build/first_package_py/build/lib/first_package_py/__init__.py -> /home/ubuntu/ros_workspace/install/first_package_py/lib/python3.12/site-packages/first_package_py
copying /home/ubuntu/ros_workspace/build/first_package_py/build/lib/first_package_py/sub.py -> /home/ubuntu/ros_workspace/install/first_package_py/lib/python3.12/site-packages/first_package_py
byte-compiling /home/ubuntu/ros_workspace/install/first_package_py/lib/python3.12/site-packages/first_package_py/pub.py to pub.cpython-312.pyc
byte-compiling /home/ubuntu/ros_workspace/install/first_package_py/lib/python3.12/site-packages/first_package_py/__init__.py to __init__.cpython-312.pyc
byte-compiling /home/ubuntu/ros_workspace/install/first_package_py/lib/python3.12/site-packages/first_package_py/sub.py to sub.cpython-312.pyc
running install_data
running install_egg_info
removing '/home/ubuntu/ros_workspace/install/first_package_py/lib/python3.12/site-packages/first_package_py-0.0.0-py3.12.egg-info' (and everything under it)
Copying ../../build/first_package_py/first_package_py.egg-info to /home/ubuntu/ros_workspace/install/first_package_py/lib/python3.12/site-packages/first_package_py-0.0.0-py3.12.egg-info
running install_scripts
Installing pub script to /home/ubuntu/ros_workspace/install/first_package_py/lib/first_package_py
Installing sub script to /home/ubuntu/ros_workspace/install/first_package_py/lib/first_package_py
writing list of installed files to '/home/ubuntu/ros_workspace/build/first_package_py/install.log'
