[0.462s] Invoking command in '/home/ubuntu/ros_workspace/build/first_package_cpp': CMAKE_PREFIX_PATH=${CMAKE_PREFIX_PATH}:/home/ubuntu/ros_workspace/install/python_package:/home/ubuntu/ros_workspace/install/first_package_py:/home/ubuntu/ros_workspace/install/assignment1_rt_py:/opt/ros/jazzy /usr/bin/cmake --build /home/ubuntu/ros_workspace/build/first_package_cpp -- -j16 -l16
[0.705s] [100%] Built target talker
[0.726s] Invoked command in '/home/ubuntu/ros_workspace/build/first_package_cpp' returned '0': CMAKE_PREFIX_PATH=${CMAKE_PREFIX_PATH}:/home/ubuntu/ros_workspace/install/python_package:/home/ubuntu/ros_workspace/install/first_package_py:/home/ubuntu/ros_workspace/install/assignment1_rt_py:/opt/ros/jazzy /usr/bin/cmake --build /home/ubuntu/ros_workspace/build/first_package_cpp -- -j16 -l16
[0.728s] Invoking command in '/home/ubuntu/ros_workspace/build/first_package_cpp': CMAKE_PREFIX_PATH=${CMAKE_PREFIX_PATH}:/home/ubuntu/ros_workspace/install/python_package:/home/ubuntu/ros_workspace/install/first_package_py:/home/ubuntu/ros_workspace/install/assignment1_rt_py:/opt/ros/jazzy /usr/bin/cmake --install /home/ubuntu/ros_workspace/build/first_package_cpp
[0.964s] -- Install configuration: ""
[0.965s] -- Up-to-date: /home/ubuntu/ros_workspace/install/first_package_cpp/lib/first_package_cpp/talker
[0.965s] -- Up-to-date: /home/ubuntu/ros_workspace/install/first_package_cpp/share/ament_index/resource_index/package_run_dependencies/first_package_cpp
[0.966s] -- Up-to-date: /home/ubuntu/ros_workspace/install/first_package_cpp/share/ament_index/resource_index/parent_prefix_path/first_package_cpp
[0.966s] -- Up-to-date: /home/ubuntu/ros_workspace/install/first_package_cpp/share/first_package_cpp/environment/ament_prefix_path.sh
[0.966s] -- Up-to-date: /home/ubuntu/ros_workspace/install/first_package_cpp/share/first_package_cpp/environment/ament_prefix_path.dsv
[0.966s] -- Up-to-date: /home/ubuntu/ros_workspace/install/first_package_cpp/share/first_package_cpp/environment/path.sh
[0.967s] -- Up-to-date: /home/ubuntu/ros_workspace/install/first_package_cpp/share/first_package_cpp/environment/path.dsv
[0.967s] -- Up-to-date: /home/ubuntu/ros_workspace/install/first_package_cpp/share/first_package_cpp/local_setup.bash
[0.967s] -- Up-to-date: /home/ubuntu/ros_workspace/install/first_package_cpp/share/first_package_cpp/local_setup.sh
[0.967s] -- Up-to-date: /home/ubuntu/ros_workspace/install/first_package_cpp/share/first_package_cpp/local_setup.zsh
[0.968s] -- Up-to-date: /home/ubuntu/ros_workspace/install/first_package_cpp/share/first_package_cpp/local_setup.dsv
[0.968s] -- Installing: /home/ubuntu/ros_workspace/install/first_package_cpp/share/first_package_cpp/package.dsv
[0.968s] -- Up-to-date: /home/ubuntu/ros_workspace/install/first_package_cpp/share/ament_index/resource_index/packages/first_package_cpp
[0.969s] -- Up-to-date: /home/ubuntu/ros_workspace/install/first_package_cpp/share/first_package_cpp/cmake/first_package_cppConfig.cmake
[0.969s] -- Up-to-date: /home/ubuntu/ros_workspace/install/first_package_cpp/share/first_package_cpp/cmake/first_package_cppConfig-version.cmake
[0.969s] -- Up-to-date: /home/ubuntu/ros_workspace/install/first_package_cpp/share/first_package_cpp/package.xml
[0.988s] Invoked command in '/home/ubuntu/ros_workspace/build/first_package_cpp' returned '0': CMAKE_PREFIX_PATH=${CMAKE_PREFIX_PATH}:/home/ubuntu/ros_workspace/install/python_package:/home/ubuntu/ros_workspace/install/first_package_py:/home/ubuntu/ros_workspace/install/assignment1_rt_py:/opt/ros/jazzy /usr/bin/cmake --install /home/ubuntu/ros_workspace/build/first_package_cpp
