[0.121s] DEBUG:colcon:Command line arguments: ['/usr/bin/colcon', 'build', '--packages-select', 'assignment_1_rt2']
[0.121s] DEBUG:colcon:Parsed command line arguments: Namespace(log_base=None, log_level=None, verb_name='build', build_base='build', install_base='install', merge_install=False, symlink_install=False, test_result_base=None, continue_on_error=False, executor='parallel', parallel_workers=16, event_handlers=None, ignore_user_meta=False, metas=['./colcon.meta'], base_paths=['.'], packages_ignore=None, packages_ignore_regex=None, paths=None, packages_up_to=None, packages_up_to_regex=None, packages_above=None, packages_above_and_dependencies=None, packages_above_depth=None, packages_select_by_dep=None, packages_skip_by_dep=None, packages_skip_up_to=None, packages_select_build_failed=False, packages_skip_build_finished=False, packages_select_test_failures=False, packages_skip_test_passed=False, packages_select=['assignment_1_rt2'], packages_skip=None, packages_select_regex=None, packages_skip_regex=None, packages_start=None, packages_end=None, cmake_args=None, cmake_target=None, cmake_target_skip_unavailable=False, cmake_clean_cache=False, cmake_clean_first=False, cmake_force_configure=False, ament_cmake_args=None, catkin_cmake_args=None, catkin_skip_building_tests=False, mixin_files=None, mixin=None, verb_parser=<colcon_mixin.mixin.mixin_argument.MixinArgumentDecorator object at 0x782b8b427950>, verb_extension=<colcon_core.verb.build.BuildVerb object at 0x782b8b57fd40>, main=<bound method BuildVerb.main of <colcon_core.verb.build.BuildVerb object at 0x782b8b57fd40>>, mixin_verb=('build',))
[0.166s] Level 1:colcon.colcon_core.package_discovery:discover_packages(colcon_meta) check parameters
[0.167s] INFO:colcon.colcon_metadata.package_discovery.colcon_meta:Using configuration from '/root/.colcon/metadata/default/Gazebo.meta'
[0.167s] INFO:colcon.colcon_metadata.package_discovery.colcon_meta:Using configuration from '/root/.colcon/metadata/default/fastdds.meta'
[0.168s] INFO:colcon.colcon_metadata.package_discovery.colcon_meta:Using configuration from '/root/.colcon/metadata/default/fastrtps.meta'
[0.168s] Level 1:colcon.colcon_core.package_discovery:discover_packages(recursive) check parameters
[0.168s] Level 1:colcon.colcon_core.package_discovery:discover_packages(ignore) check parameters
[0.168s] Level 1:colcon.colcon_core.package_discovery:discover_packages(path) check parameters
[0.168s] Level 1:colcon.colcon_core.package_discovery:discover_packages(colcon_meta) discover
[0.168s] Level 1:colcon.colcon_core.package_discovery:discover_packages(recursive) discover
[0.168s] INFO:colcon.colcon_core.package_discovery:Crawling recursively for packages in '/home/ubuntu/ros_workspace'
[0.168s] Level 1:colcon.colcon_core.package_identification:_identify(.) by extensions ['ignore', 'ignore_ament_install']
[0.168s] Level 1:colcon.colcon_core.package_identification:_identify(.) by extension 'ignore'
[0.168s] Level 1:colcon.colcon_core.package_identification:_identify(.) by extension 'ignore_ament_install'
[0.168s] Level 1:colcon.colcon_core.package_identification:_identify(.) by extensions ['colcon_pkg']
[0.168s] Level 1:colcon.colcon_core.package_identification:_identify(.) by extension 'colcon_pkg'
[0.168s] Level 1:colcon.colcon_core.package_identification:_identify(.) by extensions ['colcon_meta']
[0.168s] Level 1:colcon.colcon_core.package_identification:_identify(.) by extension 'colcon_meta'
[0.168s] Level 1:colcon.colcon_core.package_identification:_identify(.) by extensions ['ros']
[0.168s] Level 1:colcon.colcon_core.package_identification:_identify(.) by extension 'ros'
[0.193s] Level 1:colcon.colcon_core.package_identification:_identify(.) by extensions ['cmake', 'python']
[0.193s] Level 1:colcon.colcon_core.package_identification:_identify(.) by extension 'cmake'
[0.193s] Level 1:colcon.colcon_core.package_identification:_identify(.) by extension 'python'
[0.193s] Level 1:colcon.colcon_core.package_identification:_identify(.) by extensions ['python_setup_py']
[0.193s] Level 1:colcon.colcon_core.package_identification:_identify(.) by extension 'python_setup_py'
[0.193s] Level 1:colcon.colcon_core.package_identification:_identify(build) by extensions ['ignore', 'ignore_ament_install']
[0.193s] Level 1:colcon.colcon_core.package_identification:_identify(build) by extension 'ignore'
[0.193s] Level 1:colcon.colcon_core.package_identification:_identify(build) ignored
[0.193s] Level 1:colcon.colcon_core.package_identification:_identify(install) by extensions ['ignore', 'ignore_ament_install']
[0.194s] Level 1:colcon.colcon_core.package_identification:_identify(install) by extension 'ignore'
[0.194s] Level 1:colcon.colcon_core.package_identification:_identify(install) ignored
[0.194s] Level 1:colcon.colcon_core.package_identification:_identify(log) by extensions ['ignore', 'ignore_ament_install']
[0.194s] Level 1:colcon.colcon_core.package_identification:_identify(log) by extension 'ignore'
[0.194s] Level 1:colcon.colcon_core.package_identification:_identify(log) ignored
[0.194s] Level 1:colcon.colcon_core.package_identification:_identify(src) by extensions ['ignore', 'ignore_ament_install']
[0.194s] Level 1:colcon.colcon_core.package_identification:_identify(src) by extension 'ignore'
[0.194s] Level 1:colcon.colcon_core.package_identification:_identify(src) by extension 'ignore_ament_install'
[0.194s] Level 1:colcon.colcon_core.package_identification:_identify(src) by extensions ['colcon_pkg']
[0.194s] Level 1:colcon.colcon_core.package_identification:_identify(src) by extension 'colcon_pkg'
[0.194s] Level 1:colcon.colcon_core.package_identification:_identify(src) by extensions ['colcon_meta']
[0.194s] Level 1:colcon.colcon_core.package_identification:_identify(src) by extension 'colcon_meta'
[0.194s] Level 1:colcon.colcon_core.package_identification:_identify(src) by extensions ['ros']
[0.194s] Level 1:colcon.colcon_core.package_identification:_identify(src) by extension 'ros'
[0.194s] Level 1:colcon.colcon_core.package_identification:_identify(src) by extensions ['cmake', 'python']
[0.195s] Level 1:colcon.colcon_core.package_identification:_identify(src) by extension 'cmake'
[0.195s] Level 1:colcon.colcon_core.package_identification:_identify(src) by extension 'python'
[0.195s] Level 1:colcon.colcon_core.package_identification:_identify(src) by extensions ['python_setup_py']
[0.195s] Level 1:colcon.colcon_core.package_identification:_identify(src) by extension 'python_setup_py'
[0.195s] Level 1:colcon.colcon_core.package_identification:_identify(src/action_tutorials_interfaces) by extensions ['ignore', 'ignore_ament_install']
[0.195s] Level 1:colcon.colcon_core.package_identification:_identify(src/action_tutorials_interfaces) by extension 'ignore'
[0.195s] Level 1:colcon.colcon_core.package_identification:_identify(src/action_tutorials_interfaces) by extension 'ignore_ament_install'
[0.195s] Level 1:colcon.colcon_core.package_identification:_identify(src/action_tutorials_interfaces) by extensions ['colcon_pkg']
[0.195s] Level 1:colcon.colcon_core.package_identification:_identify(src/action_tutorials_interfaces) by extension 'colcon_pkg'
[0.195s] Level 1:colcon.colcon_core.package_identification:_identify(src/action_tutorials_interfaces) by extensions ['colcon_meta']
[0.195s] Level 1:colcon.colcon_core.package_identification:_identify(src/action_tutorials_interfaces) by extension 'colcon_meta'
[0.195s] Level 1:colcon.colcon_core.package_identification:_identify(src/action_tutorials_interfaces) by extensions ['ros']
[0.195s] Level 1:colcon.colcon_core.package_identification:_identify(src/action_tutorials_interfaces) by extension 'ros'
[0.198s] DEBUG:colcon.colcon_core.package_identification:Package 'src/action_tutorials_interfaces' with type 'ros.ament_cmake' and name 'action_tutorials_interfaces'
[0.198s] Level 1:colcon.colcon_core.package_identification:_identify(src/assignment1_rt) by extensions ['ignore', 'ignore_ament_install']
[0.198s] Level 1:colcon.colcon_core.package_identification:_identify(src/assignment1_rt) by extension 'ignore'
[0.198s] Level 1:colcon.colcon_core.package_identification:_identify(src/assignment1_rt) by extension 'ignore_ament_install'
[0.198s] Level 1:colcon.colcon_core.package_identification:_identify(src/assignment1_rt) by extensions ['colcon_pkg']
[0.198s] Level 1:colcon.colcon_core.package_identification:_identify(src/assignment1_rt) by extension 'colcon_pkg'
[0.198s] Level 1:colcon.colcon_core.package_identification:_identify(src/assignment1_rt) by extensions ['colcon_meta']
[0.198s] Level 1:colcon.colcon_core.package_identification:_identify(src/assignment1_rt) by extension 'colcon_meta'
[0.198s] Level 1:colcon.colcon_core.package_identification:_identify(src/assignment1_rt) by extensions ['ros']
[0.198s] Level 1:colcon.colcon_core.package_identification:_identify(src/assignment1_rt) by extension 'ros'
[0.199s] DEBUG:colcon.colcon_core.package_identification:Package 'src/assignment1_rt' with type 'ros.ament_cmake' and name 'assignment1_rt'
[0.199s] Level 1:colcon.colcon_core.package_identification:_identify(src/assignment1_rt_py) by extensions ['ignore', 'ignore_ament_install']
[0.199s] Level 1:colcon.colcon_core.package_identification:_identify(src/assignment1_rt_py) by extension 'ignore'
[0.199s] Level 1:colcon.colcon_core.package_identification:_identify(src/assignment1_rt_py) by extension 'ignore_ament_install'
[0.199s] Level 1:colcon.colcon_core.package_identification:_identify(src/assignment1_rt_py) by extensions ['colcon_pkg']
[0.199s] Level 1:colcon.colcon_core.package_identification:_identify(src/assignment1_rt_py) by extension 'colcon_pkg'
[0.199s] Level 1:colcon.colcon_core.package_identification:_identify(src/assignment1_rt_py) by extensions ['colcon_meta']
[0.199s] Level 1:colcon.colcon_core.package_identification:_identify(src/assignment1_rt_py) by extension 'colcon_meta'
[0.199s] Level 1:colcon.colcon_core.package_identification:_identify(src/assignment1_rt_py) by extensions ['ros']
[0.199s] Level 1:colcon.colcon_core.package_identification:_identify(src/assignment1_rt_py) by extension 'ros'
[0.200s] DEBUG:colcon.colcon_core.package_identification:Package 'src/assignment1_rt_py' with type 'ros.ament_python' and name 'assignment1_rt_py'
[0.200s] Level 1:colcon.colcon_core.package_identification:_identify(src/assignment2_rt_py) by extensions ['ignore', 'ignore_ament_install']
[0.200s] Level 1:colcon.colcon_core.package_identification:_identify(src/assignment2_rt_py) by extension 'ignore'
[0.200s] Level 1:colcon.colcon_core.package_identification:_identify(src/assignment2_rt_py) by extension 'ignore_ament_install'
[0.200s] Level 1:colcon.colcon_core.package_identification:_identify(src/assignment2_rt_py) by extensions ['colcon_pkg']
[0.200s] Level 1:colcon.colcon_core.package_identification:_identify(src/assignment2_rt_py) by extension 'colcon_pkg'
[0.200s] Level 1:colcon.colcon_core.package_identification:_identify(src/assignment2_rt_py) by extensions ['colcon_meta']
[0.200s] Level 1:colcon.colcon_core.package_identification:_identify(src/assignment2_rt_py) by extension 'colcon_meta'
[0.200s] Level 1:colcon.colcon_core.package_identification:_identify(src/assignment2_rt_py) by extensions ['ros']
[0.200s] Level 1:colcon.colcon_core.package_identification:_identify(src/assignment2_rt_py) by extension 'ros'
[0.201s] DEBUG:colcon.colcon_core.package_identification:Package 'src/assignment2_rt_py' with type 'ros.ament_python' and name 'assignment2_rt_py'
[0.201s] Level 1:colcon.colcon_core.package_identification:_identify(src/assignment_1_rt2) by extensions ['ignore', 'ignore_ament_install']
[0.201s] Level 1:colcon.colcon_core.package_identification:_identify(src/assignment_1_rt2) by extension 'ignore'
[0.201s] Level 1:colcon.colcon_core.package_identification:_identify(src/assignment_1_rt2) by extension 'ignore_ament_install'
[0.201s] Level 1:colcon.colcon_core.package_identification:_identify(src/assignment_1_rt2) by extensions ['colcon_pkg']
[0.201s] Level 1:colcon.colcon_core.package_identification:_identify(src/assignment_1_rt2) by extension 'colcon_pkg'
[0.201s] Level 1:colcon.colcon_core.package_identification:_identify(src/assignment_1_rt2) by extensions ['colcon_meta']
[0.201s] Level 1:colcon.colcon_core.package_identification:_identify(src/assignment_1_rt2) by extension 'colcon_meta'
[0.201s] Level 1:colcon.colcon_core.package_identification:_identify(src/assignment_1_rt2) by extensions ['ros']
[0.201s] Level 1:colcon.colcon_core.package_identification:_identify(src/assignment_1_rt2) by extension 'ros'
[0.202s] DEBUG:colcon.colcon_core.package_identification:Package 'src/assignment_1_rt2' with type 'ros.ament_cmake' and name 'assignment_1_rt2'
[0.203s] Level 1:colcon.colcon_core.package_identification:_identify(src/bme_gazebo_sensors) by extensions ['ignore', 'ignore_ament_install']
[0.203s] Level 1:colcon.colcon_core.package_identification:_identify(src/bme_gazebo_sensors) by extension 'ignore'
[0.203s] Level 1:colcon.colcon_core.package_identification:_identify(src/bme_gazebo_sensors) by extension 'ignore_ament_install'
[0.203s] Level 1:colcon.colcon_core.package_identification:_identify(src/bme_gazebo_sensors) by extensions ['colcon_pkg']
[0.203s] Level 1:colcon.colcon_core.package_identification:_identify(src/bme_gazebo_sensors) by extension 'colcon_pkg'
[0.203s] Level 1:colcon.colcon_core.package_identification:_identify(src/bme_gazebo_sensors) by extensions ['colcon_meta']
[0.203s] Level 1:colcon.colcon_core.package_identification:_identify(src/bme_gazebo_sensors) by extension 'colcon_meta'
[0.203s] Level 1:colcon.colcon_core.package_identification:_identify(src/bme_gazebo_sensors) by extensions ['ros']
[0.203s] Level 1:colcon.colcon_core.package_identification:_identify(src/bme_gazebo_sensors) by extension 'ros'
[0.204s] DEBUG:colcon.colcon_core.package_identification:Package 'src/bme_gazebo_sensors' with type 'ros.ament_cmake' and name 'bme_gazebo_sensors'
[0.204s] Level 1:colcon.colcon_core.package_identification:_identify(src/cmake_package) by extensions ['ignore', 'ignore_ament_install']
[0.204s] Level 1:colcon.colcon_core.package_identification:_identify(src/cmake_package) by extension 'ignore'
[0.204s] Level 1:colcon.colcon_core.package_identification:_identify(src/cmake_package) by extension 'ignore_ament_install'
[0.204s] Level 1:colcon.colcon_core.package_identification:_identify(src/cmake_package) by extensions ['colcon_pkg']
[0.204s] Level 1:colcon.colcon_core.package_identification:_identify(src/cmake_package) by extension 'colcon_pkg'
[0.204s] Level 1:colcon.colcon_core.package_identification:_identify(src/cmake_package) by extensions ['colcon_meta']
[0.204s] Level 1:colcon.colcon_core.package_identification:_identify(src/cmake_package) by extension 'colcon_meta'
[0.204s] Level 1:colcon.colcon_core.package_identification:_identify(src/cmake_package) by extensions ['ros']
[0.204s] Level 1:colcon.colcon_core.package_identification:_identify(src/cmake_package) by extension 'ros'
[0.205s] DEBUG:colcon.colcon_core.package_identification:Package 'src/cmake_package' with type 'ros.ament_cmake' and name 'cmake_package'
[0.205s] Level 1:colcon.colcon_core.package_identification:_identify(src/exam_example) by extensions ['ignore', 'ignore_ament_install']
[0.205s] Level 1:colcon.colcon_core.package_identification:_identify(src/exam_example) by extension 'ignore'
[0.205s] Level 1:colcon.colcon_core.package_identification:_identify(src/exam_example) by extension 'ignore_ament_install'
[0.205s] Level 1:colcon.colcon_core.package_identification:_identify(src/exam_example) by extensions ['colcon_pkg']
[0.205s] Level 1:colcon.colcon_core.package_identification:_identify(src/exam_example) by extension 'colcon_pkg'
[0.205s] Level 1:colcon.colcon_core.package_identification:_identify(src/exam_example) by extensions ['colcon_meta']
[0.205s] Level 1:colcon.colcon_core.package_identification:_identify(src/exam_example) by extension 'colcon_meta'
[0.205s] Level 1:colcon.colcon_core.package_identification:_identify(src/exam_example) by extensions ['ros']
[0.205s] Level 1:colcon.colcon_core.package_identification:_identify(src/exam_example) by extension 'ros'
[0.206s] DEBUG:colcon.colcon_core.package_identification:Package 'src/exam_example' with type 'ros.ament_python' and name 'exam_example'
[0.206s] Level 1:colcon.colcon_core.package_identification:_identify(src/exam_example_2) by extensions ['ignore', 'ignore_ament_install']
[0.206s] Level 1:colcon.colcon_core.package_identification:_identify(src/exam_example_2) by extension 'ignore'
[0.206s] Level 1:colcon.colcon_core.package_identification:_identify(src/exam_example_2) by extension 'ignore_ament_install'
[0.206s] Level 1:colcon.colcon_core.package_identification:_identify(src/exam_example_2) by extensions ['colcon_pkg']
[0.206s] Level 1:colcon.colcon_core.package_identification:_identify(src/exam_example_2) by extension 'colcon_pkg'
[0.206s] Level 1:colcon.colcon_core.package_identification:_identify(src/exam_example_2) by extensions ['colcon_meta']
[0.206s] Level 1:colcon.colcon_core.package_identification:_identify(src/exam_example_2) by extension 'colcon_meta'
[0.206s] Level 1:colcon.colcon_core.package_identification:_identify(src/exam_example_2) by extensions ['ros']
[0.206s] Level 1:colcon.colcon_core.package_identification:_identify(src/exam_example_2) by extension 'ros'
[0.207s] DEBUG:colcon.colcon_core.package_identification:Package 'src/exam_example_2' with type 'ros.ament_python' and name 'exam_example_2'
[0.207s] Level 1:colcon.colcon_core.package_identification:_identify(src/fibonacci) by extensions ['ignore', 'ignore_ament_install']
[0.207s] Level 1:colcon.colcon_core.package_identification:_identify(src/fibonacci) by extension 'ignore'
[0.207s] Level 1:colcon.colcon_core.package_identification:_identify(src/fibonacci) by extension 'ignore_ament_install'
[0.207s] Level 1:colcon.colcon_core.package_identification:_identify(src/fibonacci) by extensions ['colcon_pkg']
[0.207s] Level 1:colcon.colcon_core.package_identification:_identify(src/fibonacci) by extension 'colcon_pkg'
[0.207s] Level 1:colcon.colcon_core.package_identification:_identify(src/fibonacci) by extensions ['colcon_meta']
[0.207s] Level 1:colcon.colcon_core.package_identification:_identify(src/fibonacci) by extension 'colcon_meta'
[0.207s] Level 1:colcon.colcon_core.package_identification:_identify(src/fibonacci) by extensions ['ros']
[0.207s] Level 1:colcon.colcon_core.package_identification:_identify(src/fibonacci) by extension 'ros'
[0.208s] DEBUG:colcon.colcon_core.package_identification:Package 'src/fibonacci' with type 'ros.ament_python' and name 'fibonacci'
[0.208s] Level 1:colcon.colcon_core.package_identification:_identify(src/first_package_cpp) by extensions ['ignore', 'ignore_ament_install']
[0.208s] Level 1:colcon.colcon_core.package_identification:_identify(src/first_package_cpp) by extension 'ignore'
[0.208s] Level 1:colcon.colcon_core.package_identification:_identify(src/first_package_cpp) by extension 'ignore_ament_install'
[0.208s] Level 1:colcon.colcon_core.package_identification:_identify(src/first_package_cpp) by extensions ['colcon_pkg']
[0.208s] Level 1:colcon.colcon_core.package_identification:_identify(src/first_package_cpp) by extension 'colcon_pkg'
[0.208s] Level 1:colcon.colcon_core.package_identification:_identify(src/first_package_cpp) by extensions ['colcon_meta']
[0.208s] Level 1:colcon.colcon_core.package_identification:_identify(src/first_package_cpp) by extension 'colcon_meta'
[0.208s] Level 1:colcon.colcon_core.package_identification:_identify(src/first_package_cpp) by extensions ['ros']
[0.208s] Level 1:colcon.colcon_core.package_identification:_identify(src/first_package_cpp) by extension 'ros'
[0.209s] DEBUG:colcon.colcon_core.package_identification:Package 'src/first_package_cpp' with type 'ros.ament_cmake' and name 'first_package_cpp'
[0.209s] Level 1:colcon.colcon_core.package_identification:_identify(src/first_package_py) by extensions ['ignore', 'ignore_ament_install']
[0.209s] Level 1:colcon.colcon_core.package_identification:_identify(src/first_package_py) by extension 'ignore'
[0.209s] Level 1:colcon.colcon_core.package_identification:_identify(src/first_package_py) by extension 'ignore_ament_install'
[0.209s] Level 1:colcon.colcon_core.package_identification:_identify(src/first_package_py) by extensions ['colcon_pkg']
[0.209s] Level 1:colcon.colcon_core.package_identification:_identify(src/first_package_py) by extension 'colcon_pkg'
[0.209s] Level 1:colcon.colcon_core.package_identification:_identify(src/first_package_py) by extensions ['colcon_meta']
[0.209s] Level 1:colcon.colcon_core.package_identification:_identify(src/first_package_py) by extension 'colcon_meta'
[0.209s] Level 1:colcon.colcon_core.package_identification:_identify(src/first_package_py) by extensions ['ros']
[0.209s] Level 1:colcon.colcon_core.package_identification:_identify(src/first_package_py) by extension 'ros'
[0.210s] DEBUG:colcon.colcon_core.package_identification:Package 'src/first_package_py' with type 'ros.ament_python' and name 'first_package_py'
[0.210s] Level 1:colcon.colcon_core.package_identification:_identify(src/git_turtlesim_controller) by extensions ['ignore', 'ignore_ament_install']
[0.210s] Level 1:colcon.colcon_core.package_identification:_identify(src/git_turtlesim_controller) by extension 'ignore'
[0.210s] Level 1:colcon.colcon_core.package_identification:_identify(src/git_turtlesim_controller) by extension 'ignore_ament_install'
[0.210s] Level 1:colcon.colcon_core.package_identification:_identify(src/git_turtlesim_controller) by extensions ['colcon_pkg']
[0.210s] Level 1:colcon.colcon_core.package_identification:_identify(src/git_turtlesim_controller) by extension 'colcon_pkg'
[0.210s] Level 1:colcon.colcon_core.package_identification:_identify(src/git_turtlesim_controller) by extensions ['colcon_meta']
[0.210s] Level 1:colcon.colcon_core.package_identification:_identify(src/git_turtlesim_controller) by extension 'colcon_meta'
[0.210s] Level 1:colcon.colcon_core.package_identification:_identify(src/git_turtlesim_controller) by extensions ['ros']
[0.211s] Level 1:colcon.colcon_core.package_identification:_identify(src/git_turtlesim_controller) by extension 'ros'
[0.211s] Level 1:colcon.colcon_core.package_identification:_identify(src/git_turtlesim_controller) by extensions ['cmake', 'python']
[0.211s] Level 1:colcon.colcon_core.package_identification:_identify(src/git_turtlesim_controller) by extension 'cmake'
[0.211s] Level 1:colcon.colcon_core.package_identification:_identify(src/git_turtlesim_controller) by extension 'python'
[0.211s] Level 1:colcon.colcon_core.package_identification:_identify(src/git_turtlesim_controller) by extensions ['python_setup_py']
[0.211s] Level 1:colcon.colcon_core.package_identification:_identify(src/git_turtlesim_controller) by extension 'python_setup_py'
[0.211s] Level 1:colcon.colcon_core.package_identification:_identify(src/ob_first_package_cpp) by extensions ['ignore', 'ignore_ament_install']
[0.211s] Level 1:colcon.colcon_core.package_identification:_identify(src/ob_first_package_cpp) by extension 'ignore'
[0.211s] Level 1:colcon.colcon_core.package_identification:_identify(src/ob_first_package_cpp) by extension 'ignore_ament_install'
[0.211s] Level 1:colcon.colcon_core.package_identification:_identify(src/ob_first_package_cpp) by extensions ['colcon_pkg']
[0.211s] Level 1:colcon.colcon_core.package_identification:_identify(src/ob_first_package_cpp) by extension 'colcon_pkg'
[0.211s] Level 1:colcon.colcon_core.package_identification:_identify(src/ob_first_package_cpp) by extensions ['colcon_meta']
[0.211s] Level 1:colcon.colcon_core.package_identification:_identify(src/ob_first_package_cpp) by extension 'colcon_meta'
[0.211s] Level 1:colcon.colcon_core.package_identification:_identify(src/ob_first_package_cpp) by extensions ['ros']
[0.212s] Level 1:colcon.colcon_core.package_identification:_identify(src/ob_first_package_cpp) by extension 'ros'
[0.212s] DEBUG:colcon.colcon_core.package_identification:Package 'src/ob_first_package_cpp' with type 'ros.ament_cmake' and name 'ob_first_package_cpp'
[0.212s] Level 1:colcon.colcon_core.package_identification:_identify(src/python_package) by extensions ['ignore', 'ignore_ament_install']
[0.212s] Level 1:colcon.colcon_core.package_identification:_identify(src/python_package) by extension 'ignore'
[0.212s] Level 1:colcon.colcon_core.package_identification:_identify(src/python_package) by extension 'ignore_ament_install'
[0.212s] Level 1:colcon.colcon_core.package_identification:_identify(src/python_package) by extensions ['colcon_pkg']
[0.212s] Level 1:colcon.colcon_core.package_identification:_identify(src/python_package) by extension 'colcon_pkg'
[0.213s] Level 1:colcon.colcon_core.package_identification:_identify(src/python_package) by extensions ['colcon_meta']
[0.213s] Level 1:colcon.colcon_core.package_identification:_identify(src/python_package) by extension 'colcon_meta'
[0.213s] Level 1:colcon.colcon_core.package_identification:_identify(src/python_package) by extensions ['ros']
[0.213s] Level 1:colcon.colcon_core.package_identification:_identify(src/python_package) by extension 'ros'
[0.213s] DEBUG:colcon.colcon_core.package_identification:Package 'src/python_package' with type 'ros.ament_python' and name 'python_package'
[0.214s] Level 1:colcon.colcon_core.package_identification:_identify(src/python_tf2_pkg) by extensions ['ignore', 'ignore_ament_install']
[0.214s] Level 1:colcon.colcon_core.package_identification:_identify(src/python_tf2_pkg) by extension 'ignore'
[0.214s] Level 1:colcon.colcon_core.package_identification:_identify(src/python_tf2_pkg) by extension 'ignore_ament_install'
[0.214s] Level 1:colcon.colcon_core.package_identification:_identify(src/python_tf2_pkg) by extensions ['colcon_pkg']
[0.214s] Level 1:colcon.colcon_core.package_identification:_identify(src/python_tf2_pkg) by extension 'colcon_pkg'
[0.214s] Level 1:colcon.colcon_core.package_identification:_identify(src/python_tf2_pkg) by extensions ['colcon_meta']
[0.214s] Level 1:colcon.colcon_core.package_identification:_identify(src/python_tf2_pkg) by extension 'colcon_meta'
[0.214s] Level 1:colcon.colcon_core.package_identification:_identify(src/python_tf2_pkg) by extensions ['ros']
[0.214s] Level 1:colcon.colcon_core.package_identification:_identify(src/python_tf2_pkg) by extension 'ros'
[0.215s] DEBUG:colcon.colcon_core.package_identification:Package 'src/python_tf2_pkg' with type 'ros.ament_python' and name 'python_tf2_pkg'
[0.215s] Level 1:colcon.colcon_core.package_identification:_identify(src/robot_custom_msgs) by extensions ['ignore', 'ignore_ament_install']
[0.215s] Level 1:colcon.colcon_core.package_identification:_identify(src/robot_custom_msgs) by extension 'ignore'
[0.215s] Level 1:colcon.colcon_core.package_identification:_identify(src/robot_custom_msgs) by extension 'ignore_ament_install'
[0.215s] Level 1:colcon.colcon_core.package_identification:_identify(src/robot_custom_msgs) by extensions ['colcon_pkg']
[0.215s] Level 1:colcon.colcon_core.package_identification:_identify(src/robot_custom_msgs) by extension 'colcon_pkg'
[0.215s] Level 1:colcon.colcon_core.package_identification:_identify(src/robot_custom_msgs) by extensions ['colcon_meta']
[0.215s] Level 1:colcon.colcon_core.package_identification:_identify(src/robot_custom_msgs) by extension 'colcon_meta'
[0.215s] Level 1:colcon.colcon_core.package_identification:_identify(src/robot_custom_msgs) by extensions ['ros']
[0.215s] Level 1:colcon.colcon_core.package_identification:_identify(src/robot_custom_msgs) by extension 'ros'
[0.216s] DEBUG:colcon.colcon_core.package_identification:Package 'src/robot_custom_msgs' with type 'ros.ament_cmake' and name 'robot_custom_msgs'
[0.216s] Level 1:colcon.colcon_core.package_identification:_identify(src/turtle_action_client) by extensions ['ignore', 'ignore_ament_install']
[0.216s] Level 1:colcon.colcon_core.package_identification:_identify(src/turtle_action_client) by extension 'ignore'
[0.216s] Level 1:colcon.colcon_core.package_identification:_identify(src/turtle_action_client) by extension 'ignore_ament_install'
[0.216s] Level 1:colcon.colcon_core.package_identification:_identify(src/turtle_action_client) by extensions ['colcon_pkg']
[0.216s] Level 1:colcon.colcon_core.package_identification:_identify(src/turtle_action_client) by extension 'colcon_pkg'
[0.216s] Level 1:colcon.colcon_core.package_identification:_identify(src/turtle_action_client) by extensions ['colcon_meta']
[0.216s] Level 1:colcon.colcon_core.package_identification:_identify(src/turtle_action_client) by extension 'colcon_meta'
[0.216s] Level 1:colcon.colcon_core.package_identification:_identify(src/turtle_action_client) by extensions ['ros']
[0.216s] Level 1:colcon.colcon_core.package_identification:_identify(src/turtle_action_client) by extension 'ros'
[0.217s] DEBUG:colcon.colcon_core.package_identification:Package 'src/turtle_action_client' with type 'ros.ament_python' and name 'turtle_action_client'
[0.217s] Level 1:colcon.colcon_core.package_identification:_identify(src/turtlesim_controller) by extensions ['ignore', 'ignore_ament_install']
[0.217s] Level 1:colcon.colcon_core.package_identification:_identify(src/turtlesim_controller) by extension 'ignore'
[0.217s] Level 1:colcon.colcon_core.package_identification:_identify(src/turtlesim_controller) by extension 'ignore_ament_install'
[0.217s] Level 1:colcon.colcon_core.package_identification:_identify(src/turtlesim_controller) by extensions ['colcon_pkg']
[0.217s] Level 1:colcon.colcon_core.package_identification:_identify(src/turtlesim_controller) by extension 'colcon_pkg'
[0.217s] Level 1:colcon.colcon_core.package_identification:_identify(src/turtlesim_controller) by extensions ['colcon_meta']
[0.217s] Level 1:colcon.colcon_core.package_identification:_identify(src/turtlesim_controller) by extension 'colcon_meta'
[0.217s] Level 1:colcon.colcon_core.package_identification:_identify(src/turtlesim_controller) by extensions ['ros']
[0.217s] Level 1:colcon.colcon_core.package_identification:_identify(src/turtlesim_controller) by extension 'ros'
[0.218s] DEBUG:colcon.colcon_core.package_identification:Package 'src/turtlesim_controller' with type 'ros.ament_cmake' and name 'turtlesim_controller'
[0.218s] Level 1:colcon.colcon_core.package_identification:_identify(src/tutorial_1_action) by extensions ['ignore', 'ignore_ament_install']
[0.218s] Level 1:colcon.colcon_core.package_identification:_identify(src/tutorial_1_action) by extension 'ignore'
[0.218s] Level 1:colcon.colcon_core.package_identification:_identify(src/tutorial_1_action) by extension 'ignore_ament_install'
[0.218s] Level 1:colcon.colcon_core.package_identification:_identify(src/tutorial_1_action) by extensions ['colcon_pkg']
[0.218s] Level 1:colcon.colcon_core.package_identification:_identify(src/tutorial_1_action) by extension 'colcon_pkg'
[0.218s] Level 1:colcon.colcon_core.package_identification:_identify(src/tutorial_1_action) by extensions ['colcon_meta']
[0.218s] Level 1:colcon.colcon_core.package_identification:_identify(src/tutorial_1_action) by extension 'colcon_meta'
[0.219s] Level 1:colcon.colcon_core.package_identification:_identify(src/tutorial_1_action) by extensions ['ros']
[0.219s] Level 1:colcon.colcon_core.package_identification:_identify(src/tutorial_1_action) by extension 'ros'
[0.219s] DEBUG:colcon.colcon_core.package_identification:Package 'src/tutorial_1_action' with type 'ros.ament_python' and name 'tutorial_1_action'
[0.219s] Level 1:colcon.colcon_core.package_identification:_identify(src/tutorial_1_action_cpp) by extensions ['ignore', 'ignore_ament_install']
[0.219s] Level 1:colcon.colcon_core.package_identification:_identify(src/tutorial_1_action_cpp) by extension 'ignore'
[0.219s] Level 1:colcon.colcon_core.package_identification:_identify(src/tutorial_1_action_cpp) by extension 'ignore_ament_install'
[0.219s] Level 1:colcon.colcon_core.package_identification:_identify(src/tutorial_1_action_cpp) by extensions ['colcon_pkg']
[0.219s] Level 1:colcon.colcon_core.package_identification:_identify(src/tutorial_1_action_cpp) by extension 'colcon_pkg'
[0.219s] Level 1:colcon.colcon_core.package_identification:_identify(src/tutorial_1_action_cpp) by extensions ['colcon_meta']
[0.220s] Level 1:colcon.colcon_core.package_identification:_identify(src/tutorial_1_action_cpp) by extension 'colcon_meta'
[0.220s] Level 1:colcon.colcon_core.package_identification:_identify(src/tutorial_1_action_cpp) by extensions ['ros']
[0.220s] Level 1:colcon.colcon_core.package_identification:_identify(src/tutorial_1_action_cpp) by extension 'ros'
[0.220s] DEBUG:colcon.colcon_core.package_identification:Package 'src/tutorial_1_action_cpp' with type 'ros.ament_cmake' and name 'tutorial_1_action_cpp'
[0.220s] Level 1:colcon.colcon_core.package_discovery:discover_packages(recursive) using defaults
[0.221s] Level 1:colcon.colcon_core.package_discovery:discover_packages(ignore) discover
[0.221s] Level 1:colcon.colcon_core.package_discovery:discover_packages(ignore) using defaults
[0.221s] Level 1:colcon.colcon_core.package_discovery:discover_packages(path) discover
[0.221s] Level 1:colcon.colcon_core.package_discovery:discover_packages(path) using defaults
[0.241s] INFO:colcon.colcon_core.package_selection:Skipping not selected package 'action_tutorials_interfaces' in 'src/action_tutorials_interfaces'
[0.241s] INFO:colcon.colcon_core.package_selection:Skipping not selected package 'assignment1_rt' in 'src/assignment1_rt'
[0.241s] INFO:colcon.colcon_core.package_selection:Skipping not selected package 'bme_gazebo_sensors' in 'src/bme_gazebo_sensors'
[0.241s] INFO:colcon.colcon_core.package_selection:Skipping not selected package 'cmake_package' in 'src/cmake_package'
[0.241s] INFO:colcon.colcon_core.package_selection:Skipping not selected package 'exam_example' in 'src/exam_example'
[0.241s] INFO:colcon.colcon_core.package_selection:Skipping not selected package 'fibonacci' in 'src/fibonacci'
[0.241s] INFO:colcon.colcon_core.package_selection:Skipping not selected package 'first_package_cpp' in 'src/first_package_cpp'
[0.241s] INFO:colcon.colcon_core.package_selection:Skipping not selected package 'first_package_py' in 'src/first_package_py'
[0.241s] INFO:colcon.colcon_core.package_selection:Skipping not selected package 'ob_first_package_cpp' in 'src/ob_first_package_cpp'
[0.241s] INFO:colcon.colcon_core.package_selection:Skipping not selected package 'python_package' in 'src/python_package'
[0.241s] INFO:colcon.colcon_core.package_selection:Skipping not selected package 'python_tf2_pkg' in 'src/python_tf2_pkg'
[0.241s] INFO:colcon.colcon_core.package_selection:Skipping not selected package 'robot_custom_msgs' in 'src/robot_custom_msgs'
[0.241s] INFO:colcon.colcon_core.package_selection:Skipping not selected package 'turtle_action_client' in 'src/turtle_action_client'
[0.241s] INFO:colcon.colcon_core.package_selection:Skipping not selected package 'tutorial_1_action' in 'src/tutorial_1_action'
[0.241s] INFO:colcon.colcon_core.package_selection:Skipping not selected package 'assignment1_rt_py' in 'src/assignment1_rt_py'
[0.241s] INFO:colcon.colcon_core.package_selection:Skipping not selected package 'assignment2_rt_py' in 'src/assignment2_rt_py'
[0.241s] INFO:colcon.colcon_core.package_selection:Skipping not selected package 'exam_example_2' in 'src/exam_example_2'
[0.241s] INFO:colcon.colcon_core.package_selection:Skipping not selected package 'turtlesim_controller' in 'src/turtlesim_controller'
[0.241s] INFO:colcon.colcon_core.package_selection:Skipping not selected package 'tutorial_1_action_cpp' in 'src/tutorial_1_action_cpp'
[0.242s] Level 5:colcon.colcon_core.verb:set package 'assignment_1_rt2' build argument 'cmake_args' from command line to 'None'
[0.242s] Level 5:colcon.colcon_core.verb:set package 'assignment_1_rt2' build argument 'cmake_target' from command line to 'None'
[0.242s] Level 5:colcon.colcon_core.verb:set package 'assignment_1_rt2' build argument 'cmake_target_skip_unavailable' from command line to 'False'
[0.242s] Level 5:colcon.colcon_core.verb:set package 'assignment_1_rt2' build argument 'cmake_clean_cache' from command line to 'False'
[0.242s] Level 5:colcon.colcon_core.verb:set package 'assignment_1_rt2' build argument 'cmake_clean_first' from command line to 'False'
[0.242s] Level 5:colcon.colcon_core.verb:set package 'assignment_1_rt2' build argument 'cmake_force_configure' from command line to 'False'
[0.242s] Level 5:colcon.colcon_core.verb:set package 'assignment_1_rt2' build argument 'ament_cmake_args' from command line to 'None'
[0.242s] Level 5:colcon.colcon_core.verb:set package 'assignment_1_rt2' build argument 'catkin_cmake_args' from command line to 'None'
[0.242s] Level 5:colcon.colcon_core.verb:set package 'assignment_1_rt2' build argument 'catkin_skip_building_tests' from command line to 'False'
[0.242s] DEBUG:colcon.colcon_core.verb:Building package 'assignment_1_rt2' with the following arguments: {'ament_cmake_args': None, 'build_base': '/home/ubuntu/ros_workspace/build/assignment_1_rt2', 'catkin_cmake_args': None, 'catkin_skip_building_tests': False, 'cmake_args': None, 'cmake_clean_cache': False, 'cmake_clean_first': False, 'cmake_force_configure': False, 'cmake_target': None, 'cmake_target_skip_unavailable': False, 'install_base': '/home/ubuntu/ros_workspace/install/assignment_1_rt2', 'merge_install': False, 'path': '/home/ubuntu/ros_workspace/src/assignment_1_rt2', 'symlink_install': False, 'test_result_base': None}
[0.242s] INFO:colcon.colcon_core.executor:Executing jobs using 'parallel' executor
[0.244s] DEBUG:colcon.colcon_parallel_executor.executor.parallel:run_until_complete
[0.244s] INFO:colcon.colcon_ros.task.ament_cmake.build:Building ROS package in '/home/ubuntu/ros_workspace/src/assignment_1_rt2' with build type 'ament_cmake'
[0.244s] INFO:colcon.colcon_cmake.task.cmake.build:Building CMake package in '/home/ubuntu/ros_workspace/src/assignment_1_rt2'
[0.247s] INFO:colcon.colcon_core.plugin_system:Skipping extension 'colcon_core.shell.bat': Not used on non-Windows systems
[0.248s] INFO:colcon.colcon_core.shell:Skip shell extension 'powershell' for command environment: Not usable outside of PowerShell
[0.248s] DEBUG:colcon.colcon_core.shell:Skip shell extension 'dsv' for command environment
[0.273s] DEBUG:colcon.colcon_core.event_handler.log_command:Invoking command in '/home/ubuntu/ros_workspace/build/assignment_1_rt2': CMAKE_PREFIX_PATH=/home/ubuntu/ros_workspace/install/bme_gazebo_sensors:/home/ubuntu/ros_workspace/install/action_tutorials_interfaces:/home/ubuntu/ros_workspace/install/tutorial_1_action_cpp:/home/ubuntu/ros_workspace/install/robot_custom_msgs:/home/ubuntu/ros_workspace/install/ob_first_package_cpp:/home/ubuntu/ros_workspace/install/first_package_cpp:/home/ubuntu/ros_workspace/install/cmake_package:/home/ubuntu/ros_workspace/install/assignment_1_rt2:/home/ubuntu/ros_workspace/install/assignment1_rt:/home/ubuntu/ros_workspace/install/action_assignment:/opt/ros/jazzy/opt/gz_launch_vendor:/opt/ros/jazzy/opt/gz_sim_vendor:/opt/ros/jazzy/opt/gz_sensors_vendor:/opt/ros/jazzy/opt/gz_physics_vendor:/opt/ros/jazzy/opt/sdformat_vendor:/opt/ros/jazzy/opt/gz_gui_vendor:/opt/ros/jazzy/opt/gz_transport_vendor:/opt/ros/jazzy/opt/gz_rendering_vendor:/opt/ros/jazzy/opt/gz_plugin_vendor:/opt/ros/jazzy/opt/gz_fuel_tools_vendor:/opt/ros/jazzy/opt/gz_msgs_vendor:/opt/ros/jazzy/opt/gz_common_vendor:/opt/ros/jazzy/opt/gz_math_vendor:/opt/ros/jazzy/opt/gz_utils_vendor:/opt/ros/jazzy/opt/gz_tools_vendor:/opt/ros/jazzy/opt/gz_ogre_next_vendor:/opt/ros/jazzy/opt/gz_dartsim_vendor:/opt/ros/jazzy/opt/gz_cmake_vendor:/home/ubuntu/ros_workspace/install/tutorial_1_action:/home/ubuntu/ros_workspace/install/turtle_action_client:/home/ubuntu/ros_workspace/install/assignment2_rt_py:/home/ubuntu/ros_workspace/install/assignment1_rt_py:/home/ubuntu/ros_workspace/install/python_tf2_pkg:/home/ubuntu/ros_workspace/install/python_package:/home/ubuntu/ros_workspace/install/first_package_py:/home/ubuntu/ros_workspace/install/fibonacci:/home/ubuntu/ros_workspace/install/exam_example_2:/home/ubuntu/ros_workspace/install/exam_example:/opt/ros/jazzy LD_LIBRARY_PATH=/home/ubuntu/ros_workspace/install/action_tutorials_interfaces/lib:/home/ubuntu/ros_workspace/install/tutorial_1_action_cpp/lib:/home/ubuntu/ros_workspace/install/robot_custom_msgs/lib:/home/ubuntu/ros_workspace/install/first_package_cpp/lib:/opt/ros/jazzy/opt/gz_launch_vendor/lib:/opt/ros/jazzy/opt/gz_sim_vendor/lib:/opt/ros/jazzy/opt/gz_sensors_vendor/lib:/opt/ros/jazzy/opt/gz_physics_vendor/lib:/opt/ros/jazzy/opt/sdformat_vendor/lib:/opt/ros/jazzy/opt/rviz_ogre_vendor/lib:/opt/ros/jazzy/lib/x86_64-linux-gnu:/opt/ros/jazzy/opt/gz_gui_vendor/lib:/opt/ros/jazzy/opt/gz_transport_vendor/lib:/opt/ros/jazzy/opt/gz_rendering_vendor/lib:/opt/ros/jazzy/opt/gz_plugin_vendor/lib:/opt/ros/jazzy/opt/gz_fuel_tools_vendor/lib:/opt/ros/jazzy/opt/gz_msgs_vendor/lib:/opt/ros/jazzy/opt/gz_common_vendor/lib:/opt/ros/jazzy/opt/gz_math_vendor/lib:/opt/ros/jazzy/opt/gz_utils_vendor/lib:/opt/ros/jazzy/opt/gz_tools_vendor/lib:/opt/ros/jazzy/opt/gz_ogre_next_vendor/lib:/opt/ros/jazzy/opt/gz_dartsim_vendor/lib:/opt/ros/jazzy/opt/gz_cmake_vendor/lib:/opt/ros/jazzy/lib PYTHONPATH=/home/ubuntu/ros_workspace/install/action_tutorials_interfaces/lib/python3.12/site-packages:/home/ubuntu/ros_workspace/install/tutorial_1_action/lib/python3.12/site-packages:/home/ubuntu/ros_workspace/install/turtle_action_client/lib/python3.12/site-packages:/home/ubuntu/ros_workspace/install/assignment2_rt_py/lib/python3.12/site-packages:/home/ubuntu/ros_workspace/install/assignment1_rt_py/lib/python3.12/site-packages:/home/ubuntu/ros_workspace/install/robot_custom_msgs/lib/python3.12/site-packages:/home/ubuntu/ros_workspace/install/python_tf2_pkg/lib/python3.12/site-packages:/home/ubuntu/ros_workspace/install/python_package/lib/python3.12/site-packages:/home/ubuntu/ros_workspace/install/first_package_py/lib/python3.12/site-packages:/home/ubuntu/ros_workspace/install/fibonacci/lib/python3.12/site-packages:/home/ubuntu/ros_workspace/install/exam_example_2/lib/python3.12/site-packages:/home/ubuntu/ros_workspace/install/exam_example/lib/python3.12/site-packages:/opt/ros/jazzy/lib/python3.12/site-packages /usr/bin/cmake --build /home/ubuntu/ros_workspace/build/assignment_1_rt2 -- -j16 -l16
[1.108s] DEBUG:colcon.colcon_core.event_handler.log_command:Invoked command in '/home/ubuntu/ros_workspace/build/assignment_1_rt2' returned '2': CMAKE_PREFIX_PATH=/home/ubuntu/ros_workspace/install/bme_gazebo_sensors:/home/ubuntu/ros_workspace/install/action_tutorials_interfaces:/home/ubuntu/ros_workspace/install/tutorial_1_action_cpp:/home/ubuntu/ros_workspace/install/robot_custom_msgs:/home/ubuntu/ros_workspace/install/ob_first_package_cpp:/home/ubuntu/ros_workspace/install/first_package_cpp:/home/ubuntu/ros_workspace/install/cmake_package:/home/ubuntu/ros_workspace/install/assignment_1_rt2:/home/ubuntu/ros_workspace/install/assignment1_rt:/home/ubuntu/ros_workspace/install/action_assignment:/opt/ros/jazzy/opt/gz_launch_vendor:/opt/ros/jazzy/opt/gz_sim_vendor:/opt/ros/jazzy/opt/gz_sensors_vendor:/opt/ros/jazzy/opt/gz_physics_vendor:/opt/ros/jazzy/opt/sdformat_vendor:/opt/ros/jazzy/opt/gz_gui_vendor:/opt/ros/jazzy/opt/gz_transport_vendor:/opt/ros/jazzy/opt/gz_rendering_vendor:/opt/ros/jazzy/opt/gz_plugin_vendor:/opt/ros/jazzy/opt/gz_fuel_tools_vendor:/opt/ros/jazzy/opt/gz_msgs_vendor:/opt/ros/jazzy/opt/gz_common_vendor:/opt/ros/jazzy/opt/gz_math_vendor:/opt/ros/jazzy/opt/gz_utils_vendor:/opt/ros/jazzy/opt/gz_tools_vendor:/opt/ros/jazzy/opt/gz_ogre_next_vendor:/opt/ros/jazzy/opt/gz_dartsim_vendor:/opt/ros/jazzy/opt/gz_cmake_vendor:/home/ubuntu/ros_workspace/install/tutorial_1_action:/home/ubuntu/ros_workspace/install/turtle_action_client:/home/ubuntu/ros_workspace/install/assignment2_rt_py:/home/ubuntu/ros_workspace/install/assignment1_rt_py:/home/ubuntu/ros_workspace/install/python_tf2_pkg:/home/ubuntu/ros_workspace/install/python_package:/home/ubuntu/ros_workspace/install/first_package_py:/home/ubuntu/ros_workspace/install/fibonacci:/home/ubuntu/ros_workspace/install/exam_example_2:/home/ubuntu/ros_workspace/install/exam_example:/opt/ros/jazzy LD_LIBRARY_PATH=/home/ubuntu/ros_workspace/install/action_tutorials_interfaces/lib:/home/ubuntu/ros_workspace/install/tutorial_1_action_cpp/lib:/home/ubuntu/ros_workspace/install/robot_custom_msgs/lib:/home/ubuntu/ros_workspace/install/first_package_cpp/lib:/opt/ros/jazzy/opt/gz_launch_vendor/lib:/opt/ros/jazzy/opt/gz_sim_vendor/lib:/opt/ros/jazzy/opt/gz_sensors_vendor/lib:/opt/ros/jazzy/opt/gz_physics_vendor/lib:/opt/ros/jazzy/opt/sdformat_vendor/lib:/opt/ros/jazzy/opt/rviz_ogre_vendor/lib:/opt/ros/jazzy/lib/x86_64-linux-gnu:/opt/ros/jazzy/opt/gz_gui_vendor/lib:/opt/ros/jazzy/opt/gz_transport_vendor/lib:/opt/ros/jazzy/opt/gz_rendering_vendor/lib:/opt/ros/jazzy/opt/gz_plugin_vendor/lib:/opt/ros/jazzy/opt/gz_fuel_tools_vendor/lib:/opt/ros/jazzy/opt/gz_msgs_vendor/lib:/opt/ros/jazzy/opt/gz_common_vendor/lib:/opt/ros/jazzy/opt/gz_math_vendor/lib:/opt/ros/jazzy/opt/gz_utils_vendor/lib:/opt/ros/jazzy/opt/gz_tools_vendor/lib:/opt/ros/jazzy/opt/gz_ogre_next_vendor/lib:/opt/ros/jazzy/opt/gz_dartsim_vendor/lib:/opt/ros/jazzy/opt/gz_cmake_vendor/lib:/opt/ros/jazzy/lib PYTHONPATH=/home/ubuntu/ros_workspace/install/action_tutorials_interfaces/lib/python3.12/site-packages:/home/ubuntu/ros_workspace/install/tutorial_1_action/lib/python3.12/site-packages:/home/ubuntu/ros_workspace/install/turtle_action_client/lib/python3.12/site-packages:/home/ubuntu/ros_workspace/install/assignment2_rt_py/lib/python3.12/site-packages:/home/ubuntu/ros_workspace/install/assignment1_rt_py/lib/python3.12/site-packages:/home/ubuntu/ros_workspace/install/robot_custom_msgs/lib/python3.12/site-packages:/home/ubuntu/ros_workspace/install/python_tf2_pkg/lib/python3.12/site-packages:/home/ubuntu/ros_workspace/install/python_package/lib/python3.12/site-packages:/home/ubuntu/ros_workspace/install/first_package_py/lib/python3.12/site-packages:/home/ubuntu/ros_workspace/install/fibonacci/lib/python3.12/site-packages:/home/ubuntu/ros_workspace/install/exam_example_2/lib/python3.12/site-packages:/home/ubuntu/ros_workspace/install/exam_example/lib/python3.12/site-packages:/opt/ros/jazzy/lib/python3.12/site-packages /usr/bin/cmake --build /home/ubuntu/ros_workspace/build/assignment_1_rt2 -- -j16 -l16
[1.109s] Level 1:colcon.colcon_core.environment:create_environment_scripts_only(assignment_1_rt2)
[1.111s] Level 1:colcon.colcon_core.environment:checking '/home/ubuntu/ros_workspace/install/assignment_1_rt2' for CMake module files
[1.112s] Level 1:colcon.colcon_core.environment:checking '/home/ubuntu/ros_workspace/install/assignment_1_rt2' for CMake config files
[1.112s] Level 1:colcon.colcon_core.shell:create_environment_hook('assignment_1_rt2', 'cmake_prefix_path')
[1.112s] INFO:colcon.colcon_core.shell:Creating environment hook '/home/ubuntu/ros_workspace/install/assignment_1_rt2/share/assignment_1_rt2/hook/cmake_prefix_path.ps1'
[1.113s] INFO:colcon.colcon_core.shell:Creating environment descriptor '/home/ubuntu/ros_workspace/install/assignment_1_rt2/share/assignment_1_rt2/hook/cmake_prefix_path.dsv'
[1.113s] INFO:colcon.colcon_core.shell:Creating environment hook '/home/ubuntu/ros_workspace/install/assignment_1_rt2/share/assignment_1_rt2/hook/cmake_prefix_path.sh'
[1.114s] Level 1:colcon.colcon_core.environment:checking '/home/ubuntu/ros_workspace/install/assignment_1_rt2/bin'
[1.114s] Level 1:colcon.colcon_core.environment:checking '/home/ubuntu/ros_workspace/install/assignment_1_rt2/lib/pkgconfig/assignment_1_rt2.pc'
[1.116s] Level 1:colcon.colcon_core.environment:checking '/home/ubuntu/ros_workspace/install/assignment_1_rt2/lib/python3.12/site-packages'
[1.117s] Level 1:colcon.colcon_core.environment:checking '/home/ubuntu/ros_workspace/install/assignment_1_rt2/bin'
[1.117s] INFO:colcon.colcon_core.shell:Creating package script '/home/ubuntu/ros_workspace/install/assignment_1_rt2/share/assignment_1_rt2/package.ps1'
[1.118s] INFO:colcon.colcon_core.shell:Creating package descriptor '/home/ubuntu/ros_workspace/install/assignment_1_rt2/share/assignment_1_rt2/package.dsv'
[1.118s] INFO:colcon.colcon_core.shell:Creating package script '/home/ubuntu/ros_workspace/install/assignment_1_rt2/share/assignment_1_rt2/package.sh'
[1.119s] INFO:colcon.colcon_core.shell:Creating package script '/home/ubuntu/ros_workspace/install/assignment_1_rt2/share/assignment_1_rt2/package.bash'
[1.119s] INFO:colcon.colcon_core.shell:Creating package script '/home/ubuntu/ros_workspace/install/assignment_1_rt2/share/assignment_1_rt2/package.zsh'
[1.120s] Level 1:colcon.colcon_core.environment:create_file_with_runtime_dependencies(/home/ubuntu/ros_workspace/install/assignment_1_rt2/share/colcon-core/packages/assignment_1_rt2)
[1.131s] DEBUG:colcon.colcon_parallel_executor.executor.parallel:closing loop
[1.132s] DEBUG:colcon.colcon_parallel_executor.executor.parallel:loop closed
[1.132s] DEBUG:colcon.colcon_parallel_executor.executor.parallel:run_until_complete finished with '2'
[1.132s] DEBUG:colcon.colcon_core.event_reactor:joining thread
[1.140s] INFO:colcon.colcon_core.plugin_system:Skipping extension 'colcon_notification.desktop_notification.notify_send': Could not find 'notify-send'
[1.140s] INFO:colcon.colcon_core.plugin_system:Skipping extension 'colcon_notification.desktop_notification.terminal_notifier': Not used on non-Darwin systems
[1.140s] INFO:colcon.colcon_core.plugin_system:Skipping extension 'colcon_notification.desktop_notification.win32': Not used on non-Windows systems
[1.141s] INFO:colcon.colcon_notification.desktop_notification:Sending desktop notification using 'notify2'
[1.145s] DEBUG:colcon.colcon_notification.desktop_notification.notify2:Failed to initialize notify2: org.freedesktop.DBus.Error.Spawn.ExecFailed: /usr/bin/dbus-launch terminated abnormally without any error message
[1.145s] DEBUG:colcon.colcon_core.event_reactor:joined thread
[1.146s] INFO:colcon.colcon_core.shell:Creating prefix script '/home/ubuntu/ros_workspace/install/local_setup.ps1'
[1.148s] INFO:colcon.colcon_core.shell:Creating prefix util module '/home/ubuntu/ros_workspace/install/_local_setup_util_ps1.py'
[1.149s] INFO:colcon.colcon_core.shell:Creating prefix chain script '/home/ubuntu/ros_workspace/install/setup.ps1'
[1.152s] INFO:colcon.colcon_core.shell:Creating prefix script '/home/ubuntu/ros_workspace/install/local_setup.sh'
[1.153s] INFO:colcon.colcon_core.shell:Creating prefix util module '/home/ubuntu/ros_workspace/install/_local_setup_util_sh.py'
[1.154s] INFO:colcon.colcon_core.shell:Creating prefix chain script '/home/ubuntu/ros_workspace/install/setup.sh'
[1.157s] INFO:colcon.colcon_core.shell:Creating prefix script '/home/ubuntu/ros_workspace/install/local_setup.bash'
[1.157s] INFO:colcon.colcon_core.shell:Creating prefix chain script '/home/ubuntu/ros_workspace/install/setup.bash'
[1.160s] INFO:colcon.colcon_core.shell:Creating prefix script '/home/ubuntu/ros_workspace/install/local_setup.zsh'
[1.160s] INFO:colcon.colcon_core.shell:Creating prefix chain script '/home/ubuntu/ros_workspace/install/setup.zsh'
