[0.632s] Invoking command in '/home/ubuntu/ros_workspace/build/first_package_cpp': CMAKE_PREFIX_PATH=${CMAKE_PREFIX_PATH}:/home/ubuntu/ros_workspace/install/tutorial_1_action:/home/ubuntu/ros_workspace/install/exam_example_2:/home/ubuntu/ros_workspace/install/turtle_action_client:/home/ubuntu/ros_workspace/install/assignment2_rt_py:/home/ubuntu/ros_workspace/install/assignment1_rt_py:/home/ubuntu/ros_workspace/install/python_package:/home/ubuntu/ros_workspace/install/first_package_py:/home/ubuntu/ros_workspace/install/fibonacci:/home/ubuntu/ros_workspace/install/exam_example:/opt/ros/jazzy /usr/bin/cmake --build /home/ubuntu/ros_workspace/build/first_package_cpp -- -j16 -l16
[1.350s] [ 22%] Built target manual_composition
[1.350s] [ 50%] Built target subscriber_exe
[1.350s] [ 33%] Built target subscriber_component_exe
[1.351s] [ 55%] Built target talker_component
[1.351s] [ 55%] Built target talker_exe
[1.352s] [ 66%] Built target talker_component2
[1.352s] [ 77%] Built target subscriber_component
[1.352s] [ 88%] Built target subscriber_component2
[1.352s] [100%] Built target talker_component_exe
[1.375s] Invoked command in '/home/ubuntu/ros_workspace/build/first_package_cpp' returned '0': CMAKE_PREFIX_PATH=${CMAKE_PREFIX_PATH}:/home/ubuntu/ros_workspace/install/tutorial_1_action:/home/ubuntu/ros_workspace/install/exam_example_2:/home/ubuntu/ros_workspace/install/turtle_action_client:/home/ubuntu/ros_workspace/install/assignment2_rt_py:/home/ubuntu/ros_workspace/install/assignment1_rt_py:/home/ubuntu/ros_workspace/install/python_package:/home/ubuntu/ros_workspace/install/first_package_py:/home/ubuntu/ros_workspace/install/fibonacci:/home/ubuntu/ros_workspace/install/exam_example:/opt/ros/jazzy /usr/bin/cmake --build /home/ubuntu/ros_workspace/build/first_package_cpp -- -j16 -l16
[1.376s] Invoking command in '/home/ubuntu/ros_workspace/build/first_package_cpp': CMAKE_PREFIX_PATH=${CMAKE_PREFIX_PATH}:/home/ubuntu/ros_workspace/install/tutorial_1_action:/home/ubuntu/ros_workspace/install/exam_example_2:/home/ubuntu/ros_workspace/install/turtle_action_client:/home/ubuntu/ros_workspace/install/assignment2_rt_py:/home/ubuntu/ros_workspace/install/assignment1_rt_py:/home/ubuntu/ros_workspace/install/python_package:/home/ubuntu/ros_workspace/install/first_package_py:/home/ubuntu/ros_workspace/install/fibonacci:/home/ubuntu/ros_workspace/install/exam_example:/opt/ros/jazzy /usr/bin/cmake --install /home/ubuntu/ros_workspace/build/first_package_cpp
[1.691s] -- Install configuration: ""
[1.692s] -- Installing: /home/ubuntu/ros_workspace/install/first_package_cpp/lib/first_package_cpp/talker_exe
[1.692s] -- Set non-toolchain portion of runtime path of "/home/ubuntu/ros_workspace/install/first_package_cpp/lib/first_package_cpp/talker_exe" to ""
[1.692s] -- Installing: /home/ubuntu/ros_workspace/install/first_package_cpp/lib/first_package_cpp/subscriber_exe
[1.692s] -- Set non-toolchain portion of runtime path of "/home/ubuntu/ros_workspace/install/first_package_cpp/lib/first_package_cpp/subscriber_exe" to ""
[1.692s] -- Installing: /home/ubuntu/ros_workspace/install/first_package_cpp/lib/first_package_cpp/subscriber_component_exe
[1.692s] -- Set non-toolchain portion of runtime path of "/home/ubuntu/ros_workspace/install/first_package_cpp/lib/first_package_cpp/subscriber_component_exe" to ""
[1.692s] -- Installing: /home/ubuntu/ros_workspace/install/first_package_cpp/lib/first_package_cpp/talker_component_exe
[1.692s] -- Set non-toolchain portion of runtime path of "/home/ubuntu/ros_workspace/install/first_package_cpp/lib/first_package_cpp/talker_component_exe" to ""
[1.692s] -- Installing: /home/ubuntu/ros_workspace/install/first_package_cpp/lib/libtalker_component.so
[1.693s] -- Set non-toolchain portion of runtime path of "/home/ubuntu/ros_workspace/install/first_package_cpp/lib/libtalker_component.so" to ""
[1.693s] -- Installing: /home/ubuntu/ros_workspace/install/first_package_cpp/lib/libsubscriber_component.so
[1.693s] -- Set non-toolchain portion of runtime path of "/home/ubuntu/ros_workspace/install/first_package_cpp/lib/libsubscriber_component.so" to ""
[1.693s] -- Installing: /home/ubuntu/ros_workspace/install/first_package_cpp/lib/libtalker_component2.so
[1.699s] -- Set non-toolchain portion of runtime path of "/home/ubuntu/ros_workspace/install/first_package_cpp/lib/libtalker_component2.so" to ""
[1.699s] -- Installing: /home/ubuntu/ros_workspace/install/first_package_cpp/lib/libsubscriber_component2.so
[1.699s] -- Set non-toolchain portion of runtime path of "/home/ubuntu/ros_workspace/install/first_package_cpp/lib/libsubscriber_component2.so" to ""
[1.699s] -- Installing: /home/ubuntu/ros_workspace/install/first_package_cpp/lib/first_package_cpp/manual_composition
[1.699s] -- Set non-toolchain portion of runtime path of "/home/ubuntu/ros_workspace/install/first_package_cpp/lib/first_package_cpp/manual_composition" to ""
[1.700s] -- Installing: /home/ubuntu/ros_workspace/install/first_package_cpp/share/first_package_cpp/launch
[1.700s] -- Installing: /home/ubuntu/ros_workspace/install/first_package_cpp/share/first_package_cpp/launch/composition.launch.py
[1.700s] -- Installing: /home/ubuntu/ros_workspace/install/first_package_cpp/share/ament_index/resource_index/package_run_dependencies/first_package_cpp
[1.700s] -- Installing: /home/ubuntu/ros_workspace/install/first_package_cpp/share/ament_index/resource_index/parent_prefix_path/first_package_cpp
[1.700s] -- Installing: /home/ubuntu/ros_workspace/install/first_package_cpp/share/first_package_cpp/environment/ament_prefix_path.sh
[1.700s] -- Installing: /home/ubuntu/ros_workspace/install/first_package_cpp/share/first_package_cpp/environment/ament_prefix_path.dsv
[1.700s] -- Installing: /home/ubuntu/ros_workspace/install/first_package_cpp/share/first_package_cpp/environment/path.sh
[1.700s] -- Installing: /home/ubuntu/ros_workspace/install/first_package_cpp/share/first_package_cpp/environment/path.dsv
[1.700s] -- Installing: /home/ubuntu/ros_workspace/install/first_package_cpp/share/first_package_cpp/local_setup.bash
[1.701s] -- Installing: /home/ubuntu/ros_workspace/install/first_package_cpp/share/first_package_cpp/local_setup.sh
[1.701s] -- Installing: /home/ubuntu/ros_workspace/install/first_package_cpp/share/first_package_cpp/local_setup.zsh
[1.701s] -- Installing: /home/ubuntu/ros_workspace/install/first_package_cpp/share/first_package_cpp/local_setup.dsv
[1.701s] -- Installing: /home/ubuntu/ros_workspace/install/first_package_cpp/share/first_package_cpp/package.dsv
[1.701s] -- Installing: /home/ubuntu/ros_workspace/install/first_package_cpp/share/ament_index/resource_index/packages/first_package_cpp
[1.701s] -- Installing: /home/ubuntu/ros_workspace/install/first_package_cpp/share/ament_index/resource_index/rclcpp_components/first_package_cpp
[1.717s] -- Installing: /home/ubuntu/ros_workspace/install/first_package_cpp/share/first_package_cpp/cmake/export_first_package_cpp_talker_componentExport.cmake
[1.717s] -- Installing: /home/ubuntu/ros_workspace/install/first_package_cpp/share/first_package_cpp/cmake/export_first_package_cpp_talker_componentExport-noconfig.cmake
[1.717s] -- Installing: /home/ubuntu/ros_workspace/install/first_package_cpp/share/first_package_cpp/cmake/export_first_package_cpp_subscriber_componentExport.cmake
[1.717s] -- Installing: /home/ubuntu/ros_workspace/install/first_package_cpp/share/first_package_cpp/cmake/export_first_package_cpp_subscriber_componentExport-noconfig.cmake
[1.718s] -- Installing: /home/ubuntu/ros_workspace/install/first_package_cpp/share/first_package_cpp/cmake/ament_cmake_export_targets-extras.cmake
[1.718s] -- Installing: /home/ubuntu/ros_workspace/install/first_package_cpp/share/first_package_cpp/cmake/first_package_cppConfig.cmake
[1.720s] -- Installing: /home/ubuntu/ros_workspace/install/first_package_cpp/share/first_package_cpp/cmake/first_package_cppConfig-version.cmake
[1.721s] -- Installing: /home/ubuntu/ros_workspace/install/first_package_cpp/share/first_package_cpp/package.xml
[1.943s] Invoked command in '/home/ubuntu/ros_workspace/build/first_package_cpp' returned '0': CMAKE_PREFIX_PATH=${CMAKE_PREFIX_PATH}:/home/ubuntu/ros_workspace/install/tutorial_1_action:/home/ubuntu/ros_workspace/install/exam_example_2:/home/ubuntu/ros_workspace/install/turtle_action_client:/home/ubuntu/ros_workspace/install/assignment2_rt_py:/home/ubuntu/ros_workspace/install/assignment1_rt_py:/home/ubuntu/ros_workspace/install/python_package:/home/ubuntu/ros_workspace/install/first_package_py:/home/ubuntu/ros_workspace/install/fibonacci:/home/ubuntu/ros_workspace/install/exam_example:/opt/ros/jazzy /usr/bin/cmake --install /home/ubuntu/ros_workspace/build/first_package_cpp
