[0.017s] Invoking command in '/home/ubuntu/ros_workspace/build/first_package_cpp': CMAKE_PREFIX_PATH=${CMAKE_PREFIX_PATH}:/home/ubuntu/ros_workspace/install/tutorial_1_action:/home/ubuntu/ros_workspace/install/exam_example_2:/home/ubuntu/ros_workspace/install/turtle_action_client:/home/ubuntu/ros_workspace/install/assignment2_rt_py:/home/ubuntu/ros_workspace/install/assignment1_rt_py:/home/ubuntu/ros_workspace/install/python_package:/home/ubuntu/ros_workspace/install/first_package_py:/home/ubuntu/ros_workspace/install/fibonacci:/home/ubuntu/ros_workspace/install/exam_example:/opt/ros/jazzy /usr/bin/cmake --build /home/ubuntu/ros_workspace/build/first_package_cpp -- -j16 -l16
[0.061s] -- Found ament_cmake: 2.5.4 (/opt/ros/jazzy/share/ament_cmake/cmake)
[0.304s] -- Found rclcpp: 28.1.11 (/opt/ros/jazzy/share/rclcpp/cmake)
[0.333s] -- Found rosidl_generator_c: 4.6.6 (/opt/ros/jazzy/share/rosidl_generator_c/cmake)
[0.342s] -- Found rosidl_generator_cpp: 4.6.6 (/opt/ros/jazzy/share/rosidl_generator_cpp/cmake)
[0.354s] -- Using all available rosidl_typesupport_c: rosidl_typesupport_fastrtps_c;rosidl_typesupport_introspection_c
[0.367s] -- Using all available rosidl_typesupport_cpp: rosidl_typesupport_fastrtps_cpp;rosidl_typesupport_introspection_cpp
[0.426s] -- Found rmw_implementation_cmake: 7.3.2 (/opt/ros/jazzy/share/rmw_implementation_cmake/cmake)
[0.427s] -- Found rmw_fastrtps_cpp: 8.4.3 (/opt/ros/jazzy/share/rmw_fastrtps_cpp/cmake)
[0.504s] -- Using RMW implementation 'rmw_fastrtps_cpp' as default
[0.568s] -- Found rclcpp_components: 28.1.11 (/opt/ros/jazzy/share/rclcpp_components/cmake)
[0.593s] -- Found std_msgs: 5.3.6 (/opt/ros/jazzy/share/std_msgs/cmake)
[0.616s] -- Found ament_lint_auto: 0.17.3 (/opt/ros/jazzy/share/ament_lint_auto/cmake)
[0.718s] -- Added test 'cppcheck' to perform static code analysis on C / C++ code
[0.719s] -- Configured cppcheck include dirs: 
[0.719s] -- Configured cppcheck exclude dirs and/or files: 
[0.719s] -- Added test 'flake8' to check Python code syntax and style conventions
[0.719s] -- Configured 'flake8' exclude dirs and/or files: 
[0.720s] -- Added test 'lint_cmake' to check CMake code style
[0.720s] -- Added test 'pep257' to check Python code against some of the docstring style conventions in PEP 257
[0.722s] -- Added test 'uncrustify' to check C / C++ code style
[0.723s] -- Configured uncrustify additional arguments: 
[0.723s] -- Added test 'xmllint' to check XML markup files
[0.724s] -- Configuring done (0.7s)
[0.775s] -- Generating done (0.0s)
[0.793s] -- Build files have been written to: /home/ubuntu/ros_workspace/build/first_package_cpp
[0.869s] [ 11%] [32mBuilding CXX object CMakeFiles/subscriber_component_exe.dir/rclcpp_components/node_main_subscriber_component_exe.cpp.o[0m
[0.869s] [ 11%] [32mBuilding CXX object CMakeFiles/subscriber_component2.dir/src/subscriber_component2.cpp.o[0m
[0.869s] [ 16%] [32mBuilding CXX object CMakeFiles/talker_component2.dir/src/talker_component2.cpp.o[0m
[0.872s] [ 22%] [32mBuilding CXX object CMakeFiles/talker_component_exe.dir/rclcpp_components/node_main_talker_component_exe.cpp.o[0m
[0.889s] [ 55%] [32mBuilding CXX object CMakeFiles/talker_component.dir/src/talker_component.cpp.o[0m
[0.889s] [ 61%] Built target subscriber_exe
[0.889s] [ 61%] Built target subscriber_component
[0.889s] [ 61%] Built target manual_composition
[0.890s] [ 72%] Built target talker_exe
[4.284s] In file included from [01m[K/opt/ros/jazzy/include/class_loader/class_loader/class_loader.hpp:56[m[K,
[4.285s]                  from [01m[K/opt/ros/jazzy/include/rclcpp_components/rclcpp_components/register_node_macro.hpp:18[m[K,
[4.285s]                  from [01m[K/home/ubuntu/ros_workspace/src/first_package_cpp/src/subscriber_component2.cpp:3[m[K:
[4.285s] [01m[K/home/ubuntu/ros_workspace/src/first_package_cpp/src/subscriber_component2.cpp:29:33:[m[K [01;31m[Kerror: [m[K‘[01m[Kfirst_package_cpp[m[K’ was not declared in this scope
[4.285s]    29 | RCLCPP_COMPONENTS_REGISTER_NODE([01;31m[Kfirst_package_cpp[m[K::MinimalSubscriber_component)
[4.285s]       |                                 [01;31m[K^~~~~~~~~~~~~~~~~[m[K
[4.285s] [01m[K/home/ubuntu/ros_workspace/src/first_package_cpp/src/subscriber_component2.cpp:29:1:[m[K [01;31m[Kerror: [m[Ktemplate argument 1 is invalid
[4.285s]    29 | [01;31m[KRCLCPP_COMPONENTS_REGISTER_NODE[m[K(first_package_cpp::MinimalSubscriber_component)
[4.285s]       | [01;31m[K^~~~~~~~~~~~~~~~~~~~~~~~~~~~~~~[m[K
[5.469s] [ 83%] [32m[1mLinking CXX executable talker_component_exe[0m
[5.469s] [ 83%] [32m[1mLinking CXX executable subscriber_component_exe[0m
[5.762s] [ 83%] Built target talker_component_exe
[5.765s] [ 83%] Built target subscriber_component_exe
[5.887s] In file included from [01m[K/opt/ros/jazzy/include/class_loader/class_loader/class_loader_core.hpp:58[m[K,
[5.888s]                  from [01m[K/opt/ros/jazzy/include/class_loader/class_loader/class_loader.hpp:55[m[K:
[5.888s] /opt/ros/jazzy/include/class_loader/class_loader/meta_object.hpp: In instantiation of ‘[01m[KB* class_loader::impl::MetaObject<C, B>::[01;32m[Kcreate[m[K() const [35m[K[with C = int; B = rclcpp_components::NodeFactory][m[K[m[K’:
[5.888s] [01m[K/opt/ros/jazzy/include/class_loader/class_loader/meta_object.hpp:216:7:[m[K   required from here
[5.888s] [01m[K/opt/ros/jazzy/include/class_loader/class_loader/meta_object.hpp:218:12:[m[K [01;31m[Kerror: [m[Kcannot convert ‘[01m[Kint*[m[K’ to ‘[01m[Krclcpp_components::NodeFactory*[m[K’ in return
[5.888s]   218 |     return [01;31m[Knew C[m[K;
[5.888s]       |            [01;31m[K^~~~~[m[K
[5.888s]       |            [01;31m[K|[m[K
[5.888s]       |            [01;31m[Kint*[m[K
[6.798s] gmake[2]: *** [CMakeFiles/subscriber_component2.dir/build.make:76: CMakeFiles/subscriber_component2.dir/src/subscriber_component2.cpp.o] Error 1
[6.799s] gmake[1]: *** [CMakeFiles/Makefile2:231: CMakeFiles/subscriber_component2.dir/all] Error 2
[6.799s] gmake[1]: *** Waiting for unfinished jobs....
[6.979s] [ 88%] [32m[1mLinking CXX shared library libtalker_component.so[0m
[6.980s] [ 94%] [32m[1mLinking CXX shared library libtalker_component2.so[0m
[7.229s] [ 94%] Built target talker_component
[7.229s] [ 94%] Built target talker_component2
[7.231s] gmake: *** [Makefile:146: all] Error 2
[7.235s] Invoked command in '/home/ubuntu/ros_workspace/build/first_package_cpp' returned '2': CMAKE_PREFIX_PATH=${CMAKE_PREFIX_PATH}:/home/ubuntu/ros_workspace/install/tutorial_1_action:/home/ubuntu/ros_workspace/install/exam_example_2:/home/ubuntu/ros_workspace/install/turtle_action_client:/home/ubuntu/ros_workspace/install/assignment2_rt_py:/home/ubuntu/ros_workspace/install/assignment1_rt_py:/home/ubuntu/ros_workspace/install/python_package:/home/ubuntu/ros_workspace/install/first_package_py:/home/ubuntu/ros_workspace/install/fibonacci:/home/ubuntu/ros_workspace/install/exam_example:/opt/ros/jazzy /usr/bin/cmake --build /home/ubuntu/ros_workspace/build/first_package_cpp -- -j16 -l16
