[0.020s] Invoking command in '/home/ubuntu/ros_workspace/build/robot_custom_msgs': CMAKE_PREFIX_PATH=${CMAKE_PREFIX_PATH}:/opt/ros/jazzy /usr/bin/cmake --build /home/ubuntu/ros_workspace/build/robot_custom_msgs -- -j16 -l16
[0.149s] [  1%] Built target robot_custom_msgs__rosidl_generator_type_description
[0.177s] [  1%] Built target ament_cmake_python_copy_robot_custom_msgs
[0.193s] [  2%] Built target robot_custom_msgs__cpp
[0.214s] [ 25%] Built target robot_custom_msgs__rosidl_generator_c
[0.267s] [ 44%] Built target robot_custom_msgs__rosidl_typesupport_introspection_c
[0.267s] [ 44%] Built target robot_custom_msgs__rosidl_typesupport_c
[0.270s] [ 54%] Built target robot_custom_msgs__rosidl_typesupport_cpp
[0.274s] [ 63%] Built target robot_custom_msgs__rosidl_typesupport_introspection_cpp
[0.279s] [ 72%] Built target robot_custom_msgs__rosidl_typesupport_fastrtps_cpp
[0.280s] [ 82%] Built target robot_custom_msgs__rosidl_typesupport_fastrtps_c
[0.325s] [ 82%] Built target robot_custom_msgs
[0.371s] [ 83%] Built target robot_custom_msgs__py
[0.429s] running egg_info
[0.429s] [ 91%] Built target robot_custom_msgs__rosidl_generator_py
[0.449s] writing robot_custom_msgs.egg-info/PKG-INFO
[0.449s] writing dependency_links to robot_custom_msgs.egg-info/dependency_links.txt
[0.450s] writing top-level names to robot_custom_msgs.egg-info/top_level.txt
[0.473s] [100%] Built target robot_custom_msgs_s__rosidl_typesupport_fastrtps_c
[0.473s] [100%] Built target robot_custom_msgs_s__rosidl_typesupport_introspection_c
[0.473s] [100%] Built target robot_custom_msgs_s__rosidl_typesupport_c
[0.507s] reading manifest file 'robot_custom_msgs.egg-info/SOURCES.txt'
[0.508s] writing manifest file 'robot_custom_msgs.egg-info/SOURCES.txt'
[0.551s] [100%] Built target ament_cmake_python_build_robot_custom_msgs_egg
[0.578s] Invoked command in '/home/ubuntu/ros_workspace/build/robot_custom_msgs' returned '0': CMAKE_PREFIX_PATH=${CMAKE_PREFIX_PATH}:/opt/ros/jazzy /usr/bin/cmake --build /home/ubuntu/ros_workspace/build/robot_custom_msgs -- -j16 -l16
[0.606s] Invoking command in '/home/ubuntu/ros_workspace/build/robot_custom_msgs': CMAKE_PREFIX_PATH=${CMAKE_PREFIX_PATH}:/opt/ros/jazzy /usr/bin/cmake --install /home/ubuntu/ros_workspace/build/robot_custom_msgs
[0.624s] -- Install configuration: ""
[0.624s] -- Up-to-date: /home/ubuntu/ros_workspace/install/robot_custom_msgs/share/ament_index/resource_index/rosidl_interfaces/robot_custom_msgs
[0.625s] -- Up-to-date: /home/ubuntu/ros_workspace/install/robot_custom_msgs/share/robot_custom_msgs/msg/Custom.json
[0.626s] -- Up-to-date: /home/ubuntu/ros_workspace/install/robot_custom_msgs/share/robot_custom_msgs/msg/ExamCustom.json
[0.626s] -- Up-to-date: /home/ubuntu/ros_workspace/install/robot_custom_msgs/share/robot_custom_msgs/srv/Velocity.json
[0.626s] -- Up-to-date: /home/ubuntu/ros_workspace/install/robot_custom_msgs/share/robot_custom_msgs/srv/Average.json
[0.627s] -- Up-to-date: /home/ubuntu/ros_workspace/install/robot_custom_msgs/share/robot_custom_msgs/srv/Threshold.json
[0.627s] -- Up-to-date: /home/ubuntu/ros_workspace/install/robot_custom_msgs/include/robot_custom_msgs/robot_custom_msgs
[0.627s] -- Up-to-date: /home/ubuntu/ros_workspace/install/robot_custom_msgs/include/robot_custom_msgs/robot_custom_msgs/srv
[0.627s] -- Up-to-date: /home/ubuntu/ros_workspace/install/robot_custom_msgs/include/robot_custom_msgs/robot_custom_msgs/srv/detail
[0.628s] -- Up-to-date: /home/ubuntu/ros_workspace/install/robot_custom_msgs/include/robot_custom_msgs/robot_custom_msgs/srv/detail/velocity__struct.h
[0.628s] -- Up-to-date: /home/ubuntu/ros_workspace/install/robot_custom_msgs/include/robot_custom_msgs/robot_custom_msgs/srv/detail/average__functions.h
[0.628s] -- Up-to-date: /home/ubuntu/ros_workspace/install/robot_custom_msgs/include/robot_custom_msgs/robot_custom_msgs/srv/detail/average__type_support.h
[0.629s] -- Up-to-date: /home/ubuntu/ros_workspace/install/robot_custom_msgs/include/robot_custom_msgs/robot_custom_msgs/srv/detail/threshold__description.c
[0.629s] -- Up-to-date: /home/ubuntu/ros_workspace/install/robot_custom_msgs/include/robot_custom_msgs/robot_custom_msgs/srv/detail/threshold__functions.c
[0.629s] -- Up-to-date: /home/ubuntu/ros_workspace/install/robot_custom_msgs/include/robot_custom_msgs/robot_custom_msgs/srv/detail/threshold__type_support.h
[0.629s] -- Up-to-date: /home/ubuntu/ros_workspace/install/robot_custom_msgs/include/robot_custom_msgs/robot_custom_msgs/srv/detail/velocity__description.c
[0.630s] -- Up-to-date: /home/ubuntu/ros_workspace/install/robot_custom_msgs/include/robot_custom_msgs/robot_custom_msgs/srv/detail/threshold__type_support.c
[0.630s] -- Up-to-date: /home/ubuntu/ros_workspace/install/robot_custom_msgs/include/robot_custom_msgs/robot_custom_msgs/srv/detail/average__type_support.c
[0.630s] -- Up-to-date: /home/ubuntu/ros_workspace/install/robot_custom_msgs/include/robot_custom_msgs/robot_custom_msgs/srv/detail/velocity__type_support.h
[0.630s] -- Up-to-date: /home/ubuntu/ros_workspace/install/robot_custom_msgs/include/robot_custom_msgs/robot_custom_msgs/srv/detail/velocity__functions.h
[0.631s] -- Up-to-date: /home/ubuntu/ros_workspace/install/robot_custom_msgs/include/robot_custom_msgs/robot_custom_msgs/srv/detail/threshold__struct.h
[0.631s] -- Up-to-date: /home/ubuntu/ros_workspace/install/robot_custom_msgs/include/robot_custom_msgs/robot_custom_msgs/srv/detail/velocity__type_support.c
[0.631s] -- Up-to-date: /home/ubuntu/ros_workspace/install/robot_custom_msgs/include/robot_custom_msgs/robot_custom_msgs/srv/detail/velocity__functions.c
[0.631s] -- Up-to-date: /home/ubuntu/ros_workspace/install/robot_custom_msgs/include/robot_custom_msgs/robot_custom_msgs/srv/detail/average__functions.c
[0.632s] -- Up-to-date: /home/ubuntu/ros_workspace/install/robot_custom_msgs/include/robot_custom_msgs/robot_custom_msgs/srv/detail/threshold__functions.h
[0.632s] -- Up-to-date: /home/ubuntu/ros_workspace/install/robot_custom_msgs/include/robot_custom_msgs/robot_custom_msgs/srv/detail/average__description.c
[0.632s] -- Up-to-date: /home/ubuntu/ros_workspace/install/robot_custom_msgs/include/robot_custom_msgs/robot_custom_msgs/srv/detail/average__struct.h
[0.632s] -- Up-to-date: /home/ubuntu/ros_workspace/install/robot_custom_msgs/include/robot_custom_msgs/robot_custom_msgs/srv/velocity.h
[0.632s] -- Up-to-date: /home/ubuntu/ros_workspace/install/robot_custom_msgs/include/robot_custom_msgs/robot_custom_msgs/srv/threshold.h
[0.632s] -- Up-to-date: /home/ubuntu/ros_workspace/install/robot_custom_msgs/include/robot_custom_msgs/robot_custom_msgs/srv/average.h
[0.632s] -- Up-to-date: /home/ubuntu/ros_workspace/install/robot_custom_msgs/include/robot_custom_msgs/robot_custom_msgs/msg
[0.632s] -- Up-to-date: /home/ubuntu/ros_workspace/install/robot_custom_msgs/include/robot_custom_msgs/robot_custom_msgs/msg/detail
[0.632s] -- Up-to-date: /home/ubuntu/ros_workspace/install/robot_custom_msgs/include/robot_custom_msgs/robot_custom_msgs/msg/detail/custom__description.c
[0.632s] -- Up-to-date: /home/ubuntu/ros_workspace/install/robot_custom_msgs/include/robot_custom_msgs/robot_custom_msgs/msg/detail/exam_custom__functions.c
[0.633s] -- Up-to-date: /home/ubuntu/ros_workspace/install/robot_custom_msgs/include/robot_custom_msgs/robot_custom_msgs/msg/detail/exam_custom__description.c
[0.633s] -- Up-to-date: /home/ubuntu/ros_workspace/install/robot_custom_msgs/include/robot_custom_msgs/robot_custom_msgs/msg/detail/custom__type_support.c
[0.633s] -- Up-to-date: /home/ubuntu/ros_workspace/install/robot_custom_msgs/include/robot_custom_msgs/robot_custom_msgs/msg/detail/custom__functions.c
[0.633s] -- Up-to-date: /home/ubuntu/ros_workspace/install/robot_custom_msgs/include/robot_custom_msgs/robot_custom_msgs/msg/detail/exam_custom__type_support.c
[0.633s] -- Up-to-date: /home/ubuntu/ros_workspace/install/robot_custom_msgs/include/robot_custom_msgs/robot_custom_msgs/msg/detail/exam_custom__type_support.h
[0.633s] -- Up-to-date: /home/ubuntu/ros_workspace/install/robot_custom_msgs/include/robot_custom_msgs/robot_custom_msgs/msg/detail/exam_custom__struct.h
[0.633s] -- Up-to-date: /home/ubuntu/ros_workspace/install/robot_custom_msgs/include/robot_custom_msgs/robot_custom_msgs/msg/detail/exam_custom__functions.h
[0.633s] -- Up-to-date: /home/ubuntu/ros_workspace/install/robot_custom_msgs/include/robot_custom_msgs/robot_custom_msgs/msg/detail/custom__type_support.h
[0.633s] -- Up-to-date: /home/ubuntu/ros_workspace/install/robot_custom_msgs/include/robot_custom_msgs/robot_custom_msgs/msg/detail/custom__functions.h
[0.633s] -- Up-to-date: /home/ubuntu/ros_workspace/install/robot_custom_msgs/include/robot_custom_msgs/robot_custom_msgs/msg/detail/custom__struct.h
[0.633s] -- Up-to-date: /home/ubuntu/ros_workspace/install/robot_custom_msgs/include/robot_custom_msgs/robot_custom_msgs/msg/exam_custom.h
[0.633s] -- Up-to-date: /home/ubuntu/ros_workspace/install/robot_custom_msgs/include/robot_custom_msgs/robot_custom_msgs/msg/custom.h
[0.633s] -- Up-to-date: /home/ubuntu/ros_workspace/install/robot_custom_msgs/include/robot_custom_msgs/robot_custom_msgs/msg/rosidl_generator_c__visibility_control.h
[0.633s] -- Up-to-date: /home/ubuntu/ros_workspace/install/robot_custom_msgs/share/robot_custom_msgs/environment/library_path.sh
[0.633s] -- Up-to-date: /home/ubuntu/ros_workspace/install/robot_custom_msgs/share/robot_custom_msgs/environment/library_path.dsv
[0.634s] -- Up-to-date: /home/ubuntu/ros_workspace/install/robot_custom_msgs/lib/librobot_custom_msgs__rosidl_generator_c.so
[0.634s] -- Up-to-date: /home/ubuntu/ros_workspace/install/robot_custom_msgs/include/robot_custom_msgs/robot_custom_msgs
[0.634s] -- Up-to-date: /home/ubuntu/ros_workspace/install/robot_custom_msgs/include/robot_custom_msgs/robot_custom_msgs/srv
[0.635s] -- Up-to-date: /home/ubuntu/ros_workspace/install/robot_custom_msgs/include/robot_custom_msgs/robot_custom_msgs/srv/detail
[0.635s] -- Up-to-date: /home/ubuntu/ros_workspace/install/robot_custom_msgs/include/robot_custom_msgs/robot_custom_msgs/srv/detail/velocity__rosidl_typesupport_fastrtps_c.h
[0.635s] -- Up-to-date: /home/ubuntu/ros_workspace/install/robot_custom_msgs/include/robot_custom_msgs/robot_custom_msgs/srv/detail/average__rosidl_typesupport_fastrtps_c.h
[0.636s] -- Up-to-date: /home/ubuntu/ros_workspace/install/robot_custom_msgs/include/robot_custom_msgs/robot_custom_msgs/srv/detail/threshold__rosidl_typesupport_fastrtps_c.h
[0.636s] -- Up-to-date: /home/ubuntu/ros_workspace/install/robot_custom_msgs/include/robot_custom_msgs/robot_custom_msgs/msg
[0.637s] -- Up-to-date: /home/ubuntu/ros_workspace/install/robot_custom_msgs/include/robot_custom_msgs/robot_custom_msgs/msg/detail
[0.637s] -- Up-to-date: /home/ubuntu/ros_workspace/install/robot_custom_msgs/include/robot_custom_msgs/robot_custom_msgs/msg/detail/custom__rosidl_typesupport_fastrtps_c.h
[0.637s] -- Up-to-date: /home/ubuntu/ros_workspace/install/robot_custom_msgs/include/robot_custom_msgs/robot_custom_msgs/msg/detail/exam_custom__rosidl_typesupport_fastrtps_c.h
[0.637s] -- Up-to-date: /home/ubuntu/ros_workspace/install/robot_custom_msgs/include/robot_custom_msgs/robot_custom_msgs/msg/rosidl_typesupport_fastrtps_c__visibility_control.h
[0.638s] -- Up-to-date: /home/ubuntu/ros_workspace/install/robot_custom_msgs/lib/librobot_custom_msgs__rosidl_typesupport_fastrtps_c.so
[0.638s] -- Up-to-date: /home/ubuntu/ros_workspace/install/robot_custom_msgs/include/robot_custom_msgs/robot_custom_msgs
[0.638s] -- Up-to-date: /home/ubuntu/ros_workspace/install/robot_custom_msgs/include/robot_custom_msgs/robot_custom_msgs/srv
[0.639s] -- Up-to-date: /home/ubuntu/ros_workspace/install/robot_custom_msgs/include/robot_custom_msgs/robot_custom_msgs/srv/detail
[0.639s] -- Up-to-date: /home/ubuntu/ros_workspace/install/robot_custom_msgs/include/robot_custom_msgs/robot_custom_msgs/srv/detail/threshold__rosidl_typesupport_introspection_c.h
[0.639s] -- Up-to-date: /home/ubuntu/ros_workspace/install/robot_custom_msgs/include/robot_custom_msgs/robot_custom_msgs/srv/detail/threshold__type_support.c
[0.639s] -- Up-to-date: /home/ubuntu/ros_workspace/install/robot_custom_msgs/include/robot_custom_msgs/robot_custom_msgs/srv/detail/average__rosidl_typesupport_introspection_c.h
[0.639s] -- Up-to-date: /home/ubuntu/ros_workspace/install/robot_custom_msgs/include/robot_custom_msgs/robot_custom_msgs/srv/detail/average__type_support.c
[0.640s] -- Up-to-date: /home/ubuntu/ros_workspace/install/robot_custom_msgs/include/robot_custom_msgs/robot_custom_msgs/srv/detail/velocity__type_support.c
[0.640s] -- Up-to-date: /home/ubuntu/ros_workspace/install/robot_custom_msgs/include/robot_custom_msgs/robot_custom_msgs/srv/detail/velocity__rosidl_typesupport_introspection_c.h
[0.640s] -- Up-to-date: /home/ubuntu/ros_workspace/install/robot_custom_msgs/include/robot_custom_msgs/robot_custom_msgs/msg
[0.640s] -- Up-to-date: /home/ubuntu/ros_workspace/install/robot_custom_msgs/include/robot_custom_msgs/robot_custom_msgs/msg/detail
[0.640s] -- Up-to-date: /home/ubuntu/ros_workspace/install/robot_custom_msgs/include/robot_custom_msgs/robot_custom_msgs/msg/detail/custom__rosidl_typesupport_introspection_c.h
[0.640s] -- Up-to-date: /home/ubuntu/ros_workspace/install/robot_custom_msgs/include/robot_custom_msgs/robot_custom_msgs/msg/detail/exam_custom__rosidl_typesupport_introspection_c.h
[0.640s] -- Up-to-date: /home/ubuntu/ros_workspace/install/robot_custom_msgs/include/robot_custom_msgs/robot_custom_msgs/msg/detail/custom__type_support.c
[0.641s] -- Up-to-date: /home/ubuntu/ros_workspace/install/robot_custom_msgs/include/robot_custom_msgs/robot_custom_msgs/msg/detail/exam_custom__type_support.c
[0.641s] -- Up-to-date: /home/ubuntu/ros_workspace/install/robot_custom_msgs/include/robot_custom_msgs/robot_custom_msgs/msg/rosidl_typesupport_introspection_c__visibility_control.h
[0.641s] -- Up-to-date: /home/ubuntu/ros_workspace/install/robot_custom_msgs/lib/librobot_custom_msgs__rosidl_typesupport_introspection_c.so
[0.642s] -- Up-to-date: /home/ubuntu/ros_workspace/install/robot_custom_msgs/lib/librobot_custom_msgs__rosidl_typesupport_c.so
[0.642s] -- Up-to-date: /home/ubuntu/ros_workspace/install/robot_custom_msgs/include/robot_custom_msgs/robot_custom_msgs
[0.643s] -- Up-to-date: /home/ubuntu/ros_workspace/install/robot_custom_msgs/include/robot_custom_msgs/robot_custom_msgs/srv
[0.643s] -- Up-to-date: /home/ubuntu/ros_workspace/install/robot_custom_msgs/include/robot_custom_msgs/robot_custom_msgs/srv/detail
[0.643s] -- Up-to-date: /home/ubuntu/ros_workspace/install/robot_custom_msgs/include/robot_custom_msgs/robot_custom_msgs/srv/detail/threshold__struct.hpp
[0.644s] -- Up-to-date: /home/ubuntu/ros_workspace/install/robot_custom_msgs/include/robot_custom_msgs/robot_custom_msgs/srv/detail/average__struct.hpp
[0.644s] -- Up-to-date: /home/ubuntu/ros_workspace/install/robot_custom_msgs/include/robot_custom_msgs/robot_custom_msgs/srv/detail/average__type_support.hpp
[0.644s] -- Up-to-date: /home/ubuntu/ros_workspace/install/robot_custom_msgs/include/robot_custom_msgs/robot_custom_msgs/srv/detail/threshold__builder.hpp
[0.644s] -- Up-to-date: /home/ubuntu/ros_workspace/install/robot_custom_msgs/include/robot_custom_msgs/robot_custom_msgs/srv/detail/velocity__traits.hpp
[0.645s] -- Up-to-date: /home/ubuntu/ros_workspace/install/robot_custom_msgs/include/robot_custom_msgs/robot_custom_msgs/srv/detail/threshold__type_support.hpp
[0.645s] -- Up-to-date: /home/ubuntu/ros_workspace/install/robot_custom_msgs/include/robot_custom_msgs/robot_custom_msgs/srv/detail/threshold__traits.hpp
[0.645s] -- Up-to-date: /home/ubuntu/ros_workspace/install/robot_custom_msgs/include/robot_custom_msgs/robot_custom_msgs/srv/detail/velocity__type_support.hpp
[0.645s] -- Up-to-date: /home/ubuntu/ros_workspace/install/robot_custom_msgs/include/robot_custom_msgs/robot_custom_msgs/srv/detail/average__traits.hpp
[0.646s] -- Up-to-date: /home/ubuntu/ros_workspace/install/robot_custom_msgs/include/robot_custom_msgs/robot_custom_msgs/srv/detail/average__builder.hpp
[0.646s] -- Up-to-date: /home/ubuntu/ros_workspace/install/robot_custom_msgs/include/robot_custom_msgs/robot_custom_msgs/srv/detail/velocity__builder.hpp
[0.646s] -- Up-to-date: /home/ubuntu/ros_workspace/install/robot_custom_msgs/include/robot_custom_msgs/robot_custom_msgs/srv/detail/velocity__struct.hpp
[0.646s] -- Up-to-date: /home/ubuntu/ros_workspace/install/robot_custom_msgs/include/robot_custom_msgs/robot_custom_msgs/srv/threshold.hpp
[0.646s] -- Up-to-date: /home/ubuntu/ros_workspace/install/robot_custom_msgs/include/robot_custom_msgs/robot_custom_msgs/srv/velocity.hpp
[0.647s] -- Up-to-date: /home/ubuntu/ros_workspace/install/robot_custom_msgs/include/robot_custom_msgs/robot_custom_msgs/srv/average.hpp
[0.647s] -- Up-to-date: /home/ubuntu/ros_workspace/install/robot_custom_msgs/include/robot_custom_msgs/robot_custom_msgs/msg
[0.647s] -- Up-to-date: /home/ubuntu/ros_workspace/install/robot_custom_msgs/include/robot_custom_msgs/robot_custom_msgs/msg/detail
[0.647s] -- Up-to-date: /home/ubuntu/ros_workspace/install/robot_custom_msgs/include/robot_custom_msgs/robot_custom_msgs/msg/detail/exam_custom__type_support.hpp
[0.647s] -- Up-to-date: /home/ubuntu/ros_workspace/install/robot_custom_msgs/include/robot_custom_msgs/robot_custom_msgs/msg/detail/custom__builder.hpp
[0.648s] -- Up-to-date: /home/ubuntu/ros_workspace/install/robot_custom_msgs/include/robot_custom_msgs/robot_custom_msgs/msg/detail/exam_custom__traits.hpp
[0.648s] -- Up-to-date: /home/ubuntu/ros_workspace/install/robot_custom_msgs/include/robot_custom_msgs/robot_custom_msgs/msg/detail/custom__struct.hpp
[0.648s] -- Up-to-date: /home/ubuntu/ros_workspace/install/robot_custom_msgs/include/robot_custom_msgs/robot_custom_msgs/msg/detail/custom__traits.hpp
[0.648s] -- Up-to-date: /home/ubuntu/ros_workspace/install/robot_custom_msgs/include/robot_custom_msgs/robot_custom_msgs/msg/detail/exam_custom__builder.hpp
[0.648s] -- Up-to-date: /home/ubuntu/ros_workspace/install/robot_custom_msgs/include/robot_custom_msgs/robot_custom_msgs/msg/detail/custom__type_support.hpp
[0.648s] -- Up-to-date: /home/ubuntu/ros_workspace/install/robot_custom_msgs/include/robot_custom_msgs/robot_custom_msgs/msg/detail/exam_custom__struct.hpp
[0.648s] -- Up-to-date: /home/ubuntu/ros_workspace/install/robot_custom_msgs/include/robot_custom_msgs/robot_custom_msgs/msg/custom.hpp
[0.648s] -- Up-to-date: /home/ubuntu/ros_workspace/install/robot_custom_msgs/include/robot_custom_msgs/robot_custom_msgs/msg/rosidl_generator_cpp__visibility_control.hpp
[0.648s] -- Up-to-date: /home/ubuntu/ros_workspace/install/robot_custom_msgs/include/robot_custom_msgs/robot_custom_msgs/msg/exam_custom.hpp
[0.648s] -- Up-to-date: /home/ubuntu/ros_workspace/install/robot_custom_msgs/include/robot_custom_msgs/robot_custom_msgs
[0.648s] -- Up-to-date: /home/ubuntu/ros_workspace/install/robot_custom_msgs/include/robot_custom_msgs/robot_custom_msgs/srv
[0.648s] -- Up-to-date: /home/ubuntu/ros_workspace/install/robot_custom_msgs/include/robot_custom_msgs/robot_custom_msgs/srv/detail
[0.648s] -- Up-to-date: /home/ubuntu/ros_workspace/install/robot_custom_msgs/include/robot_custom_msgs/robot_custom_msgs/srv/detail/dds_fastrtps
[0.649s] -- Up-to-date: /home/ubuntu/ros_workspace/install/robot_custom_msgs/include/robot_custom_msgs/robot_custom_msgs/srv/detail/velocity__rosidl_typesupport_fastrtps_cpp.hpp
[0.649s] -- Up-to-date: /home/ubuntu/ros_workspace/install/robot_custom_msgs/include/robot_custom_msgs/robot_custom_msgs/srv/detail/average__rosidl_typesupport_fastrtps_cpp.hpp
[0.649s] -- Up-to-date: /home/ubuntu/ros_workspace/install/robot_custom_msgs/include/robot_custom_msgs/robot_custom_msgs/srv/detail/threshold__rosidl_typesupport_fastrtps_cpp.hpp
[0.649s] -- Up-to-date: /home/ubuntu/ros_workspace/install/robot_custom_msgs/include/robot_custom_msgs/robot_custom_msgs/msg
[0.649s] -- Up-to-date: /home/ubuntu/ros_workspace/install/robot_custom_msgs/include/robot_custom_msgs/robot_custom_msgs/msg/detail
[0.650s] -- Up-to-date: /home/ubuntu/ros_workspace/install/robot_custom_msgs/include/robot_custom_msgs/robot_custom_msgs/msg/detail/dds_fastrtps
[0.650s] -- Up-to-date: /home/ubuntu/ros_workspace/install/robot_custom_msgs/include/robot_custom_msgs/robot_custom_msgs/msg/detail/custom__rosidl_typesupport_fastrtps_cpp.hpp
[0.650s] -- Up-to-date: /home/ubuntu/ros_workspace/install/robot_custom_msgs/include/robot_custom_msgs/robot_custom_msgs/msg/detail/exam_custom__rosidl_typesupport_fastrtps_cpp.hpp
[0.650s] -- Up-to-date: /home/ubuntu/ros_workspace/install/robot_custom_msgs/include/robot_custom_msgs/robot_custom_msgs/msg/rosidl_typesupport_fastrtps_cpp__visibility_control.h
[0.650s] -- Up-to-date: /home/ubuntu/ros_workspace/install/robot_custom_msgs/lib/librobot_custom_msgs__rosidl_typesupport_fastrtps_cpp.so
[0.650s] -- Up-to-date: /home/ubuntu/ros_workspace/install/robot_custom_msgs/include/robot_custom_msgs/robot_custom_msgs
[0.651s] -- Up-to-date: /home/ubuntu/ros_workspace/install/robot_custom_msgs/include/robot_custom_msgs/robot_custom_msgs/srv
[0.651s] -- Up-to-date: /home/ubuntu/ros_workspace/install/robot_custom_msgs/include/robot_custom_msgs/robot_custom_msgs/srv/detail
[0.651s] -- Up-to-date: /home/ubuntu/ros_workspace/install/robot_custom_msgs/include/robot_custom_msgs/robot_custom_msgs/srv/detail/average__rosidl_typesupport_introspection_cpp.hpp
[0.651s] -- Up-to-date: /home/ubuntu/ros_workspace/install/robot_custom_msgs/include/robot_custom_msgs/robot_custom_msgs/srv/detail/velocity__type_support.cpp
[0.651s] -- Up-to-date: /home/ubuntu/ros_workspace/install/robot_custom_msgs/include/robot_custom_msgs/robot_custom_msgs/srv/detail/average__type_support.cpp
[0.651s] -- Up-to-date: /home/ubuntu/ros_workspace/install/robot_custom_msgs/include/robot_custom_msgs/robot_custom_msgs/srv/detail/velocity__rosidl_typesupport_introspection_cpp.hpp
[0.651s] -- Up-to-date: /home/ubuntu/ros_workspace/install/robot_custom_msgs/include/robot_custom_msgs/robot_custom_msgs/srv/detail/threshold__rosidl_typesupport_introspection_cpp.hpp
[0.651s] -- Up-to-date: /home/ubuntu/ros_workspace/install/robot_custom_msgs/include/robot_custom_msgs/robot_custom_msgs/srv/detail/threshold__type_support.cpp
[0.651s] -- Up-to-date: /home/ubuntu/ros_workspace/install/robot_custom_msgs/include/robot_custom_msgs/robot_custom_msgs/msg
[0.651s] -- Up-to-date: /home/ubuntu/ros_workspace/install/robot_custom_msgs/include/robot_custom_msgs/robot_custom_msgs/msg/detail
[0.651s] -- Up-to-date: /home/ubuntu/ros_workspace/install/robot_custom_msgs/include/robot_custom_msgs/robot_custom_msgs/msg/detail/exam_custom__type_support.cpp
[0.651s] -- Up-to-date: /home/ubuntu/ros_workspace/install/robot_custom_msgs/include/robot_custom_msgs/robot_custom_msgs/msg/detail/custom__type_support.cpp
[0.651s] -- Up-to-date: /home/ubuntu/ros_workspace/install/robot_custom_msgs/include/robot_custom_msgs/robot_custom_msgs/msg/detail/custom__rosidl_typesupport_introspection_cpp.hpp
[0.651s] -- Up-to-date: /home/ubuntu/ros_workspace/install/robot_custom_msgs/include/robot_custom_msgs/robot_custom_msgs/msg/detail/exam_custom__rosidl_typesupport_introspection_cpp.hpp
[0.652s] -- Up-to-date: /home/ubuntu/ros_workspace/install/robot_custom_msgs/lib/librobot_custom_msgs__rosidl_typesupport_introspection_cpp.so
[0.654s] -- Up-to-date: /home/ubuntu/ros_workspace/install/robot_custom_msgs/lib/librobot_custom_msgs__rosidl_typesupport_cpp.so
[0.654s] -- Up-to-date: /home/ubuntu/ros_workspace/install/robot_custom_msgs/share/robot_custom_msgs/environment/pythonpath.sh
[0.654s] -- Up-to-date: /home/ubuntu/ros_workspace/install/robot_custom_msgs/share/robot_custom_msgs/environment/pythonpath.dsv
[0.654s] -- Up-to-date: /home/ubuntu/ros_workspace/install/robot_custom_msgs/lib/python3.12/site-packages/robot_custom_msgs-0.0.0-py3.12.egg-info
[0.655s] -- Installing: /home/ubuntu/ros_workspace/install/robot_custom_msgs/lib/python3.12/site-packages/robot_custom_msgs-0.0.0-py3.12.egg-info/top_level.txt
[0.655s] -- Installing: /home/ubuntu/ros_workspace/install/robot_custom_msgs/lib/python3.12/site-packages/robot_custom_msgs-0.0.0-py3.12.egg-info/SOURCES.txt
[0.655s] -- Installing: /home/ubuntu/ros_workspace/install/robot_custom_msgs/lib/python3.12/site-packages/robot_custom_msgs-0.0.0-py3.12.egg-info/PKG-INFO
[0.655s] -- Installing: /home/ubuntu/ros_workspace/install/robot_custom_msgs/lib/python3.12/site-packages/robot_custom_msgs-0.0.0-py3.12.egg-info/dependency_links.txt
[0.656s] -- Up-to-date: /home/ubuntu/ros_workspace/install/robot_custom_msgs/lib/python3.12/site-packages/robot_custom_msgs
[0.656s] -- Up-to-date: /home/ubuntu/ros_workspace/install/robot_custom_msgs/lib/python3.12/site-packages/robot_custom_msgs/_robot_custom_msgs_s.ep.rosidl_typesupport_introspection_c.c
[0.656s] -- Up-to-date: /home/ubuntu/ros_workspace/install/robot_custom_msgs/lib/python3.12/site-packages/robot_custom_msgs/robot_custom_msgs_s__rosidl_typesupport_introspection_c.so
[0.656s] -- Up-to-date: /home/ubuntu/ros_workspace/install/robot_custom_msgs/lib/python3.12/site-packages/robot_custom_msgs/robot_custom_msgs_s__rosidl_typesupport_fastrtps_c.so
[0.657s] -- Up-to-date: /home/ubuntu/ros_workspace/install/robot_custom_msgs/lib/python3.12/site-packages/robot_custom_msgs/robot_custom_msgs_s__rosidl_typesupport_c.so
[0.657s] -- Up-to-date: /home/ubuntu/ros_workspace/install/robot_custom_msgs/lib/python3.12/site-packages/robot_custom_msgs/__init__.py
[0.657s] -- Up-to-date: /home/ubuntu/ros_workspace/install/robot_custom_msgs/lib/python3.12/site-packages/robot_custom_msgs/srv
[0.658s] -- Up-to-date: /home/ubuntu/ros_workspace/install/robot_custom_msgs/lib/python3.12/site-packages/robot_custom_msgs/srv/_average.py
[0.658s] -- Up-to-date: /home/ubuntu/ros_workspace/install/robot_custom_msgs/lib/python3.12/site-packages/robot_custom_msgs/srv/_velocity.py
[0.658s] -- Up-to-date: /home/ubuntu/ros_workspace/install/robot_custom_msgs/lib/python3.12/site-packages/robot_custom_msgs/srv/_average_s.c
[0.658s] -- Up-to-date: /home/ubuntu/ros_workspace/install/robot_custom_msgs/lib/python3.12/site-packages/robot_custom_msgs/srv/_threshold_s.c
[0.658s] -- Up-to-date: /home/ubuntu/ros_workspace/install/robot_custom_msgs/lib/python3.12/site-packages/robot_custom_msgs/srv/_velocity_s.c
[0.658s] -- Up-to-date: /home/ubuntu/ros_workspace/install/robot_custom_msgs/lib/python3.12/site-packages/robot_custom_msgs/srv/__init__.py
[0.658s] -- Up-to-date: /home/ubuntu/ros_workspace/install/robot_custom_msgs/lib/python3.12/site-packages/robot_custom_msgs/srv/_threshold.py
[0.658s] -- Up-to-date: /home/ubuntu/ros_workspace/install/robot_custom_msgs/lib/python3.12/site-packages/robot_custom_msgs/_robot_custom_msgs_s.ep.rosidl_typesupport_fastrtps_c.c
[0.658s] -- Up-to-date: /home/ubuntu/ros_workspace/install/robot_custom_msgs/lib/python3.12/site-packages/robot_custom_msgs/_robot_custom_msgs_s.ep.rosidl_typesupport_c.c
[0.658s] -- Up-to-date: /home/ubuntu/ros_workspace/install/robot_custom_msgs/lib/python3.12/site-packages/robot_custom_msgs/msg
[0.659s] -- Up-to-date: /home/ubuntu/ros_workspace/install/robot_custom_msgs/lib/python3.12/site-packages/robot_custom_msgs/msg/_custom_s.c
[0.659s] -- Up-to-date: /home/ubuntu/ros_workspace/install/robot_custom_msgs/lib/python3.12/site-packages/robot_custom_msgs/msg/__init__.py
[0.659s] -- Up-to-date: /home/ubuntu/ros_workspace/install/robot_custom_msgs/lib/python3.12/site-packages/robot_custom_msgs/msg/_exam_custom_s.c
[0.659s] -- Up-to-date: /home/ubuntu/ros_workspace/install/robot_custom_msgs/lib/python3.12/site-packages/robot_custom_msgs/msg/_custom.py
[0.659s] -- Up-to-date: /home/ubuntu/ros_workspace/install/robot_custom_msgs/lib/python3.12/site-packages/robot_custom_msgs/msg/_exam_custom.py
[0.702s] Listing '/home/ubuntu/ros_workspace/install/robot_custom_msgs/lib/python3.12/site-packages/robot_custom_msgs'...
[0.703s] Listing '/home/ubuntu/ros_workspace/install/robot_custom_msgs/lib/python3.12/site-packages/robot_custom_msgs/msg'...
[0.703s] Listing '/home/ubuntu/ros_workspace/install/robot_custom_msgs/lib/python3.12/site-packages/robot_custom_msgs/srv'...
[0.710s] -- Up-to-date: /home/ubuntu/ros_workspace/install/robot_custom_msgs/lib/python3.12/site-packages/robot_custom_msgs/robot_custom_msgs_s__rosidl_typesupport_fastrtps_c.so
[0.711s] -- Up-to-date: /home/ubuntu/ros_workspace/install/robot_custom_msgs/lib/python3.12/site-packages/robot_custom_msgs/robot_custom_msgs_s__rosidl_typesupport_introspection_c.so
[0.713s] -- Up-to-date: /home/ubuntu/ros_workspace/install/robot_custom_msgs/lib/python3.12/site-packages/robot_custom_msgs/robot_custom_msgs_s__rosidl_typesupport_c.so
[0.715s] -- Up-to-date: /home/ubuntu/ros_workspace/install/robot_custom_msgs/lib/librobot_custom_msgs__rosidl_generator_py.so
[0.715s] -- Up-to-date: /home/ubuntu/ros_workspace/install/robot_custom_msgs/share/robot_custom_msgs/msg/Custom.idl
[0.715s] -- Up-to-date: /home/ubuntu/ros_workspace/install/robot_custom_msgs/share/robot_custom_msgs/msg/ExamCustom.idl
[0.715s] -- Up-to-date: /home/ubuntu/ros_workspace/install/robot_custom_msgs/share/robot_custom_msgs/srv/Velocity.idl
[0.716s] -- Up-to-date: /home/ubuntu/ros_workspace/install/robot_custom_msgs/share/robot_custom_msgs/srv/Average.idl
[0.716s] -- Up-to-date: /home/ubuntu/ros_workspace/install/robot_custom_msgs/share/robot_custom_msgs/srv/Threshold.idl
[0.716s] -- Up-to-date: /home/ubuntu/ros_workspace/install/robot_custom_msgs/share/robot_custom_msgs/msg/Custom.msg
[0.716s] -- Up-to-date: /home/ubuntu/ros_workspace/install/robot_custom_msgs/share/robot_custom_msgs/msg/ExamCustom.msg
[0.717s] -- Up-to-date: /home/ubuntu/ros_workspace/install/robot_custom_msgs/share/robot_custom_msgs/srv/Velocity.srv
[0.717s] -- Up-to-date: /home/ubuntu/ros_workspace/install/robot_custom_msgs/share/robot_custom_msgs/srv/Average.srv
[0.717s] -- Up-to-date: /home/ubuntu/ros_workspace/install/robot_custom_msgs/share/robot_custom_msgs/srv/Threshold.srv
[0.717s] -- Up-to-date: /home/ubuntu/ros_workspace/install/robot_custom_msgs/share/ament_index/resource_index/package_run_dependencies/robot_custom_msgs
[0.717s] -- Up-to-date: /home/ubuntu/ros_workspace/install/robot_custom_msgs/share/ament_index/resource_index/parent_prefix_path/robot_custom_msgs
[0.718s] -- Up-to-date: /home/ubuntu/ros_workspace/install/robot_custom_msgs/share/robot_custom_msgs/environment/ament_prefix_path.sh
[0.718s] -- Up-to-date: /home/ubuntu/ros_workspace/install/robot_custom_msgs/share/robot_custom_msgs/environment/ament_prefix_path.dsv
[0.718s] -- Up-to-date: /home/ubuntu/ros_workspace/install/robot_custom_msgs/share/robot_custom_msgs/environment/path.sh
[0.718s] -- Up-to-date: /home/ubuntu/ros_workspace/install/robot_custom_msgs/share/robot_custom_msgs/environment/path.dsv
[0.718s] -- Up-to-date: /home/ubuntu/ros_workspace/install/robot_custom_msgs/share/robot_custom_msgs/local_setup.bash
[0.718s] -- Up-to-date: /home/ubuntu/ros_workspace/install/robot_custom_msgs/share/robot_custom_msgs/local_setup.sh
[0.718s] -- Up-to-date: /home/ubuntu/ros_workspace/install/robot_custom_msgs/share/robot_custom_msgs/local_setup.zsh
[0.718s] -- Up-to-date: /home/ubuntu/ros_workspace/install/robot_custom_msgs/share/robot_custom_msgs/local_setup.dsv
[0.718s] -- Installing: /home/ubuntu/ros_workspace/install/robot_custom_msgs/share/robot_custom_msgs/package.dsv
[0.718s] -- Up-to-date: /home/ubuntu/ros_workspace/install/robot_custom_msgs/share/ament_index/resource_index/packages/robot_custom_msgs
[0.720s] -- Up-to-date: /home/ubuntu/ros_workspace/install/robot_custom_msgs/share/robot_custom_msgs/cmake/export_robot_custom_msgs__rosidl_generator_cExport.cmake
[0.720s] -- Up-to-date: /home/ubuntu/ros_workspace/install/robot_custom_msgs/share/robot_custom_msgs/cmake/export_robot_custom_msgs__rosidl_generator_cExport-noconfig.cmake
[0.721s] -- Up-to-date: /home/ubuntu/ros_workspace/install/robot_custom_msgs/share/robot_custom_msgs/cmake/export_robot_custom_msgs__rosidl_typesupport_fastrtps_cExport.cmake
[0.721s] -- Up-to-date: /home/ubuntu/ros_workspace/install/robot_custom_msgs/share/robot_custom_msgs/cmake/export_robot_custom_msgs__rosidl_typesupport_fastrtps_cExport-noconfig.cmake
[0.722s] -- Up-to-date: /home/ubuntu/ros_workspace/install/robot_custom_msgs/share/robot_custom_msgs/cmake/robot_custom_msgs__rosidl_typesupport_introspection_cExport.cmake
[0.722s] -- Up-to-date: /home/ubuntu/ros_workspace/install/robot_custom_msgs/share/robot_custom_msgs/cmake/robot_custom_msgs__rosidl_typesupport_introspection_cExport-noconfig.cmake
[0.723s] -- Up-to-date: /home/ubuntu/ros_workspace/install/robot_custom_msgs/share/robot_custom_msgs/cmake/robot_custom_msgs__rosidl_typesupport_cExport.cmake
[0.723s] -- Up-to-date: /home/ubuntu/ros_workspace/install/robot_custom_msgs/share/robot_custom_msgs/cmake/robot_custom_msgs__rosidl_typesupport_cExport-noconfig.cmake
[0.724s] -- Up-to-date: /home/ubuntu/ros_workspace/install/robot_custom_msgs/share/robot_custom_msgs/cmake/export_robot_custom_msgs__rosidl_generator_cppExport.cmake
[0.724s] -- Up-to-date: /home/ubuntu/ros_workspace/install/robot_custom_msgs/share/robot_custom_msgs/cmake/export_robot_custom_msgs__rosidl_typesupport_fastrtps_cppExport.cmake
[0.725s] -- Up-to-date: /home/ubuntu/ros_workspace/install/robot_custom_msgs/share/robot_custom_msgs/cmake/export_robot_custom_msgs__rosidl_typesupport_fastrtps_cppExport-noconfig.cmake
[0.725s] -- Up-to-date: /home/ubuntu/ros_workspace/install/robot_custom_msgs/share/robot_custom_msgs/cmake/robot_custom_msgs__rosidl_typesupport_introspection_cppExport.cmake
[0.726s] -- Up-to-date: /home/ubuntu/ros_workspace/install/robot_custom_msgs/share/robot_custom_msgs/cmake/robot_custom_msgs__rosidl_typesupport_introspection_cppExport-noconfig.cmake
[0.726s] -- Up-to-date: /home/ubuntu/ros_workspace/install/robot_custom_msgs/share/robot_custom_msgs/cmake/robot_custom_msgs__rosidl_typesupport_cppExport.cmake
[0.727s] -- Up-to-date: /home/ubuntu/ros_workspace/install/robot_custom_msgs/share/robot_custom_msgs/cmake/robot_custom_msgs__rosidl_typesupport_cppExport-noconfig.cmake
[0.727s] -- Up-to-date: /home/ubuntu/ros_workspace/install/robot_custom_msgs/share/robot_custom_msgs/cmake/export_robot_custom_msgs__rosidl_generator_pyExport.cmake
[0.727s] -- Up-to-date: /home/ubuntu/ros_workspace/install/robot_custom_msgs/share/robot_custom_msgs/cmake/export_robot_custom_msgs__rosidl_generator_pyExport-noconfig.cmake
[0.728s] -- Up-to-date: /home/ubuntu/ros_workspace/install/robot_custom_msgs/share/robot_custom_msgs/cmake/rosidl_cmake-extras.cmake
[0.728s] -- Up-to-date: /home/ubuntu/ros_workspace/install/robot_custom_msgs/share/robot_custom_msgs/cmake/ament_cmake_export_dependencies-extras.cmake
[0.728s] -- Up-to-date: /home/ubuntu/ros_workspace/install/robot_custom_msgs/share/robot_custom_msgs/cmake/ament_cmake_export_include_directories-extras.cmake
[0.728s] -- Up-to-date: /home/ubuntu/ros_workspace/install/robot_custom_msgs/share/robot_custom_msgs/cmake/ament_cmake_export_libraries-extras.cmake
[0.729s] -- Up-to-date: /home/ubuntu/ros_workspace/install/robot_custom_msgs/share/robot_custom_msgs/cmake/ament_cmake_export_targets-extras.cmake
[0.729s] -- Up-to-date: /home/ubuntu/ros_workspace/install/robot_custom_msgs/share/robot_custom_msgs/cmake/rosidl_cmake_export_typesupport_targets-extras.cmake
[0.729s] -- Up-to-date: /home/ubuntu/ros_workspace/install/robot_custom_msgs/share/robot_custom_msgs/cmake/rosidl_cmake_export_typesupport_libraries-extras.cmake
[0.729s] -- Up-to-date: /home/ubuntu/ros_workspace/install/robot_custom_msgs/share/robot_custom_msgs/cmake/robot_custom_msgsConfig.cmake
[0.729s] -- Up-to-date: /home/ubuntu/ros_workspace/install/robot_custom_msgs/share/robot_custom_msgs/cmake/robot_custom_msgsConfig-version.cmake
[0.729s] -- Up-to-date: /home/ubuntu/ros_workspace/install/robot_custom_msgs/share/robot_custom_msgs/package.xml
[0.733s] Invoked command in '/home/ubuntu/ros_workspace/build/robot_custom_msgs' returned '0': CMAKE_PREFIX_PATH=${CMAKE_PREFIX_PATH}:/opt/ros/jazzy /usr/bin/cmake --install /home/ubuntu/ros_workspace/build/robot_custom_msgs
