[0.600s] Invoking command in '/home/ubuntu/ros_workspace/build/turtlesim_controller': CMAKE_PREFIX_PATH=${CMAKE_PREFIX_PATH}:/opt/ros/jazzy /usr/bin/cmake --build /home/ubuntu/ros_workspace/build/turtlesim_controller -- -j16 -l16
[0.699s] -- Found ament_cmake: 2.5.4 (/opt/ros/jazzy/share/ament_cmake/cmake)
[1.223s] -- Found rclcpp: 28.1.11 (/opt/ros/jazzy/share/rclcpp/cmake)
[1.377s] -- Found rosidl_generator_c: 4.6.6 (/opt/ros/jazzy/share/rosidl_generator_c/cmake)
[1.401s] -- Found rosidl_generator_cpp: 4.6.6 (/opt/ros/jazzy/share/rosidl_generator_cpp/cmake)
[1.437s] -- Using all available rosidl_typesupport_c: rosidl_typesupport_fastrtps_c;rosidl_typesupport_introspection_c
[1.477s] -- Using all available rosidl_typesupport_cpp: rosidl_typesupport_fastrtps_cpp;rosidl_typesupport_introspection_cpp
[1.643s] -- Found rmw_implementation_cmake: 7.3.2 (/opt/ros/jazzy/share/rmw_implementation_cmake/cmake)
[1.651s] -- Found rmw_fastrtps_cpp: 8.4.3 (/opt/ros/jazzy/share/rmw_fastrtps_cpp/cmake)
[1.837s] -- Using RMW implementation 'rmw_fastrtps_cpp' as default
[2.048s] -- Found turtlesim: 1.8.3 (/opt/ros/jazzy/share/turtlesim/cmake)
[2.187s] -- Found geometry_msgs: 5.3.6 (/opt/ros/jazzy/share/geometry_msgs/cmake)
[2.371s] [31mCMake Error at CMakeLists.txt:13 (find_package):
[2.371s]   By not providing "Findturtlesim_custom_msgs.cmake" in CMAKE_MODULE_PATH
[2.371s]   this project has asked CMake to find a package configuration file provided
[2.371s]   by "turtlesim_custom_msgs", but CMake did not find one.
[2.371s] 
[2.371s]   Could not find a package configuration file provided by
[2.372s]   "turtlesim_custom_msgs" with any of the following names:
[2.372s] 
[2.372s]     turtlesim_custom_msgsConfig.cmake
[2.372s]     turtlesim_custom_msgs-config.cmake
[2.372s] 
[2.372s]   Add the installation prefix of "turtlesim_custom_msgs" to CMAKE_PREFIX_PATH
[2.372s]   or set "turtlesim_custom_msgs_DIR" to a directory containing one of the
[2.372s]   above files.  If "turtlesim_custom_msgs" provides a separate development
[2.372s]   package or SDK, be sure it has been installed.
[2.372s] 
[2.373s] [0m
[2.373s] -- Configuring incomplete, errors occurred!
[2.383s] gmake: *** [Makefile:267: cmake_check_build_system] Error 1
[2.388s] Invoked command in '/home/ubuntu/ros_workspace/build/turtlesim_controller' returned '2': CMAKE_PREFIX_PATH=${CMAKE_PREFIX_PATH}:/opt/ros/jazzy /usr/bin/cmake --build /home/ubuntu/ros_workspace/build/turtlesim_controller -- -j16 -l16
