[ 50%] Built target server
[ 50%] Built target cancel_client_exe
[ 50%] Built target client_exe
[ 66%] Built target server_exe
[ 83%] Built target client
[100%] Built target cancel_client
-- Install configuration: ""
-- Up-to-date: /home/ubuntu/ros_workspace/install/tutorial_1_action_cpp/lib/tutorial_1_action_cpp/client_exe
-- Up-to-date: /home/ubuntu/ros_workspace/install/tutorial_1_action_cpp/lib/tutorial_1_action_cpp/server_exe
-- Up-to-date: /home/ubuntu/ros_workspace/install/tutorial_1_action_cpp/lib/tutorial_1_action_cpp/cancel_client_exe
-- Up-to-date: /home/ubuntu/ros_workspace/install/tutorial_1_action_cpp/lib/libclient.so
-- Up-to-date: /home/ubuntu/ros_workspace/install/tutorial_1_action_cpp/lib/libserver.so
-- Up-to-date: /home/ubuntu/ros_workspace/install/tutorial_1_action_cpp/lib/libcancel_client.so
-- Installing: /home/ubuntu/ros_workspace/install/tutorial_1_action_cpp/share/tutorial_1_action_cpp/launch
-- Installing: /home/ubuntu/ros_workspace/install/tutorial_1_action_cpp/share/tutorial_1_action_cpp/launch/simulation.launch.py
-- Installing: /home/ubuntu/ros_workspace/install/tutorial_1_action_cpp/share/ament_index/resource_index/package_run_dependencies/tutorial_1_action_cpp
-- Installing: /home/ubuntu/ros_workspace/install/tutorial_1_action_cpp/share/ament_index/resource_index/parent_prefix_path/tutorial_1_action_cpp
-- Installing: /home/ubuntu/ros_workspace/install/tutorial_1_action_cpp/share/tutorial_1_action_cpp/environment/ament_prefix_path.sh
-- Installing: /home/ubuntu/ros_workspace/install/tutorial_1_action_cpp/share/tutorial_1_action_cpp/environment/ament_prefix_path.dsv
-- Installing: /home/ubuntu/ros_workspace/install/tutorial_1_action_cpp/share/tutorial_1_action_cpp/environment/path.sh
-- Installing: /home/ubuntu/ros_workspace/install/tutorial_1_action_cpp/share/tutorial_1_action_cpp/environment/path.dsv
-- Installing: /home/ubuntu/ros_workspace/install/tutorial_1_action_cpp/share/tutorial_1_action_cpp/local_setup.bash
-- Installing: /home/ubuntu/ros_workspace/install/tutorial_1_action_cpp/share/tutorial_1_action_cpp/local_setup.sh
-- Installing: /home/ubuntu/ros_workspace/install/tutorial_1_action_cpp/share/tutorial_1_action_cpp/local_setup.zsh
-- Installing: /home/ubuntu/ros_workspace/install/tutorial_1_action_cpp/share/tutorial_1_action_cpp/local_setup.dsv
-- Installing: /home/ubuntu/ros_workspace/install/tutorial_1_action_cpp/share/tutorial_1_action_cpp/package.dsv
-- Installing: /home/ubuntu/ros_workspace/install/tutorial_1_action_cpp/share/ament_index/resource_index/packages/tutorial_1_action_cpp
-- Installing: /home/ubuntu/ros_workspace/install/tutorial_1_action_cpp/share/ament_index/resource_index/rclcpp_components/tutorial_1_action_cpp
-- Installing: /home/ubuntu/ros_workspace/install/tutorial_1_action_cpp/share/tutorial_1_action_cpp/cmake/export_tutorial_1_action_cpp_clientExport.cmake
-- Installing: /home/ubuntu/ros_workspace/install/tutorial_1_action_cpp/share/tutorial_1_action_cpp/cmake/export_tutorial_1_action_cpp_clientExport-noconfig.cmake
-- Installing: /home/ubuntu/ros_workspace/install/tutorial_1_action_cpp/share/tutorial_1_action_cpp/cmake/export_tutorial_1_action_cpp_serverExport.cmake
-- Installing: /home/ubuntu/ros_workspace/install/tutorial_1_action_cpp/share/tutorial_1_action_cpp/cmake/export_tutorial_1_action_cpp_serverExport-noconfig.cmake
-- Installing: /home/ubuntu/ros_workspace/install/tutorial_1_action_cpp/share/tutorial_1_action_cpp/cmake/export_tutorial_1_action_cpp_cancel_clientExport.cmake
-- Installing: /home/ubuntu/ros_workspace/install/tutorial_1_action_cpp/share/tutorial_1_action_cpp/cmake/export_tutorial_1_action_cpp_cancel_clientExport-noconfig.cmake
-- Installing: /home/ubuntu/ros_workspace/install/tutorial_1_action_cpp/share/tutorial_1_action_cpp/cmake/ament_cmake_export_targets-extras.cmake
-- Installing: /home/ubuntu/ros_workspace/install/tutorial_1_action_cpp/share/tutorial_1_action_cpp/cmake/tutorial_1_action_cppConfig.cmake
-- Installing: /home/ubuntu/ros_workspace/install/tutorial_1_action_cpp/share/tutorial_1_action_cpp/cmake/tutorial_1_action_cppConfig-version.cmake
-- Installing: /home/ubuntu/ros_workspace/install/tutorial_1_action_cpp/share/tutorial_1_action_cpp/package.xml
