[0.071s] Invoking command in '/home/ubuntu/ros_workspace/build/turtlesim_custom_msgs': CMAKE_PREFIX_PATH=${CMAKE_PREFIX_PATH}:/home/ubuntu/ros_workspace/install/python_package:/home/ubuntu/ros_workspace/install/first_package_py:/home/ubuntu/ros_workspace/install/assignment1_rt_py:/opt/ros/jazzy /usr/bin/cmake --build /home/ubuntu/ros_workspace/build/turtlesim_custom_msgs -- -j16 -l16
[0.737s] -- Found ament_cmake: 2.5.4 (/opt/ros/jazzy/share/ament_cmake/cmake)
[0.739s] -- Found Python3: /usr/bin/python3 (found version "3.12.3") found components: Interpreter 
[0.740s] -- Found rosidl_default_generators: 1.6.0 (/opt/ros/jazzy/share/rosidl_default_generators/cmake)
[0.741s] -- Using all available rosidl_typesupport_c: rosidl_typesupport_fastrtps_c;rosidl_typesupport_introspection_c
[0.741s] -- Using all available rosidl_typesupport_cpp: rosidl_typesupport_fastrtps_cpp;rosidl_typesupport_introspection_cpp
[0.742s] -- Found rosidl_adapter: 4.6.6 (/opt/ros/jazzy/share/rosidl_adapter/cmake)
[0.749s] -- Found ament_cmake_ros: 0.12.0 (/opt/ros/jazzy/share/ament_cmake_ros/cmake)
[0.869s] -- Using all available rosidl_typesupport_c: rosidl_typesupport_fastrtps_c;rosidl_typesupport_introspection_c
[1.016s] -- Using all available rosidl_typesupport_cpp: rosidl_typesupport_fastrtps_cpp;rosidl_typesupport_introspection_cpp
[1.019s] -- Found python_cmake_module: 0.11.1 (/opt/ros/jazzy/share/python_cmake_module/cmake)
[1.498s] -- Found Python3: /usr/bin/python3 (found version "3.12.3") found components: Interpreter Development NumPy Development.Module Development.Embed 
[1.518s] -- Found ament_lint_auto: 0.17.3 (/opt/ros/jazzy/share/ament_lint_auto/cmake)
[1.560s] -- Added test 'lint_cmake' to check CMake code style
[1.563s] -- Added test 'xmllint' to check XML markup files
[1.566s] -- Configuring done (1.4s)
[1.683s] -- Generating done (0.1s)
[1.701s] -- Build files have been written to: /home/ubuntu/ros_workspace/build/turtlesim_custom_msgs
[1.770s] [  1%] Built target turtlesim_custom_msgs__rosidl_generator_type_description
[1.798s] [  1%] Built target ament_cmake_python_copy_turtlesim_custom_msgs
[1.811s] [  3%] Built target turtlesim_custom_msgs__cpp
[1.829s] [ 25%] Built target turtlesim_custom_msgs__rosidl_generator_c
[1.889s] [ 43%] Built target turtlesim_custom_msgs__rosidl_typesupport_introspection_c
[1.890s] [ 43%] Built target turtlesim_custom_msgs__rosidl_typesupport_c
[1.891s] [ 45%] [32mBuilding CXX object CMakeFiles/turtlesim_custom_msgs__rosidl_typesupport_introspection_cpp.dir/rosidl_typesupport_introspection_cpp/turtlesim_custom_msgs/srv/detail/average__type_support.cpp.o[0m
[1.894s] [ 48%] [32mBuilding CXX object CMakeFiles/turtlesim_custom_msgs__rosidl_typesupport_cpp.dir/rosidl_typesupport_cpp/turtlesim_custom_msgs/srv/average__type_support.cpp.o[0m
[1.894s] [ 48%] [32mBuilding CXX object CMakeFiles/turtlesim_custom_msgs__rosidl_typesupport_cpp.dir/rosidl_typesupport_cpp/turtlesim_custom_msgs/srv/velocity__type_support.cpp.o[0m
[1.894s] [ 50%] [32mBuilding CXX object CMakeFiles/turtlesim_custom_msgs__rosidl_typesupport_introspection_cpp.dir/rosidl_typesupport_introspection_cpp/turtlesim_custom_msgs/srv/detail/velocity__type_support.cpp.o[0m
[1.895s] [ 51%] [32mBuilding CXX object CMakeFiles/turtlesim_custom_msgs__rosidl_typesupport_cpp.dir/rosidl_typesupport_cpp/turtlesim_custom_msgs/srv/threshold__type_support.cpp.o[0m
[1.902s] [ 53%] [32mBuilding CXX object CMakeFiles/turtlesim_custom_msgs__rosidl_typesupport_introspection_cpp.dir/rosidl_typesupport_introspection_cpp/turtlesim_custom_msgs/srv/detail/threshold__type_support.cpp.o[0m
[1.904s] [ 54%] [32mBuilding CXX object CMakeFiles/turtlesim_custom_msgs__rosidl_typesupport_fastrtps_c.dir/rosidl_typesupport_fastrtps_c/turtlesim_custom_msgs/srv/detail/velocity__type_support_c.cpp.o[0m
[1.908s] [ 56%] [32mBuilding CXX object CMakeFiles/turtlesim_custom_msgs__rosidl_typesupport_fastrtps_cpp.dir/rosidl_typesupport_fastrtps_cpp/turtlesim_custom_msgs/msg/detail/dds_fastrtps/vel__type_support.cpp.o[0m
[1.908s] [ 57%] [32mBuilding CXX object CMakeFiles/turtlesim_custom_msgs__rosidl_typesupport_fastrtps_cpp.dir/rosidl_typesupport_fastrtps_cpp/turtlesim_custom_msgs/srv/detail/dds_fastrtps/threshold__type_support.cpp.o[0m
[1.908s] [ 59%] [32mBuilding CXX object CMakeFiles/turtlesim_custom_msgs__rosidl_typesupport_fastrtps_c.dir/rosidl_typesupport_fastrtps_c/turtlesim_custom_msgs/msg/detail/vel__type_support_c.cpp.o[0m
[1.911s] [ 60%] [32mBuilding CXX object CMakeFiles/turtlesim_custom_msgs__rosidl_typesupport_fastrtps_c.dir/rosidl_typesupport_fastrtps_c/turtlesim_custom_msgs/srv/detail/threshold__type_support_c.cpp.o[0m
[1.913s] [ 62%] [32mBuilding CXX object CMakeFiles/turtlesim_custom_msgs__rosidl_typesupport_fastrtps_c.dir/rosidl_typesupport_fastrtps_c/turtlesim_custom_msgs/srv/detail/average__type_support_c.cpp.o[0m
[1.915s] [ 64%] [32mBuilding CXX object CMakeFiles/turtlesim_custom_msgs__rosidl_typesupport_fastrtps_cpp.dir/rosidl_typesupport_fastrtps_cpp/turtlesim_custom_msgs/srv/detail/dds_fastrtps/velocity__type_support.cpp.o[0m
[1.927s] [ 65%] [32mBuilding CXX object CMakeFiles/turtlesim_custom_msgs__rosidl_typesupport_fastrtps_cpp.dir/rosidl_typesupport_fastrtps_cpp/turtlesim_custom_msgs/srv/detail/dds_fastrtps/average__type_support.cpp.o[0m
[2.160s] running egg_info
[2.202s] writing turtlesim_custom_msgs.egg-info/PKG-INFO
[2.203s] writing dependency_links to turtlesim_custom_msgs.egg-info/dependency_links.txt
[2.204s] writing top-level names to turtlesim_custom_msgs.egg-info/top_level.txt
[2.304s] reading manifest file 'turtlesim_custom_msgs.egg-info/SOURCES.txt'
[2.304s] writing manifest file 'turtlesim_custom_msgs.egg-info/SOURCES.txt'
[2.461s] [ 65%] Built target ament_cmake_python_build_turtlesim_custom_msgs_egg
[2.925s] [ 67%] [32m[1mLinking CXX shared library libturtlesim_custom_msgs__rosidl_typesupport_introspection_cpp.so[0m
[2.934s] [ 68%] [32m[1mLinking CXX shared library libturtlesim_custom_msgs__rosidl_typesupport_cpp.so[0m
[3.007s] [ 70%] [32m[1mLinking CXX shared library libturtlesim_custom_msgs__rosidl_typesupport_fastrtps_c.so[0m
[3.085s] [ 76%] Built target turtlesim_custom_msgs__rosidl_typesupport_cpp
[3.085s] [ 76%] Built target turtlesim_custom_msgs__rosidl_typesupport_introspection_cpp
[3.146s] [ 78%] Built target turtlesim_custom_msgs__rosidl_typesupport_fastrtps_c
[3.199s] [ 79%] [32m[1mLinking CXX shared library libturtlesim_custom_msgs__rosidl_typesupport_fastrtps_cpp.so[0m
[3.304s] [ 81%] Built target turtlesim_custom_msgs__rosidl_typesupport_fastrtps_cpp
[3.339s] [ 81%] Built target turtlesim_custom_msgs
[3.376s] [ 82%] Built target turtlesim_custom_msgs__py
[3.424s] [ 84%] [32m[1mLinking C shared library libturtlesim_custom_msgs__rosidl_generator_py.so[0m
[3.494s] [ 90%] Built target turtlesim_custom_msgs__rosidl_generator_py
[3.533s] [ 93%] [32m[1mLinking C shared module rosidl_generator_py/turtlesim_custom_msgs/turtlesim_custom_msgs_s__rosidl_typesupport_introspection_c.so[0m
[3.533s] [ 93%] [32m[1mLinking C shared module rosidl_generator_py/turtlesim_custom_msgs/turtlesim_custom_msgs_s__rosidl_typesupport_fastrtps_c.so[0m
[3.534s] [ 95%] [32m[1mLinking C shared module rosidl_generator_py/turtlesim_custom_msgs/turtlesim_custom_msgs_s__rosidl_typesupport_c.so[0m
[3.593s] [ 98%] Built target turtlesim_custom_msgs_s__rosidl_typesupport_fastrtps_c
[3.593s] [ 98%] Built target turtlesim_custom_msgs_s__rosidl_typesupport_c
[3.594s] [100%] Built target turtlesim_custom_msgs_s__rosidl_typesupport_introspection_c
[3.617s] Invoked command in '/home/ubuntu/ros_workspace/build/turtlesim_custom_msgs' returned '0': CMAKE_PREFIX_PATH=${CMAKE_PREFIX_PATH}:/home/ubuntu/ros_workspace/install/python_package:/home/ubuntu/ros_workspace/install/first_package_py:/home/ubuntu/ros_workspace/install/assignment1_rt_py:/opt/ros/jazzy /usr/bin/cmake --build /home/ubuntu/ros_workspace/build/turtlesim_custom_msgs -- -j16 -l16
[3.619s] Invoking command in '/home/ubuntu/ros_workspace/build/turtlesim_custom_msgs': CMAKE_PREFIX_PATH=${CMAKE_PREFIX_PATH}:/home/ubuntu/ros_workspace/install/python_package:/home/ubuntu/ros_workspace/install/first_package_py:/home/ubuntu/ros_workspace/install/assignment1_rt_py:/opt/ros/jazzy /usr/bin/cmake --install /home/ubuntu/ros_workspace/build/turtlesim_custom_msgs
[3.634s] -- Install configuration: ""
[3.634s] -- Up-to-date: /home/ubuntu/ros_workspace/install/turtlesim_custom_msgs/share/ament_index/resource_index/rosidl_interfaces/turtlesim_custom_msgs
[3.635s] -- Up-to-date: /home/ubuntu/ros_workspace/install/turtlesim_custom_msgs/share/turtlesim_custom_msgs/msg/Vel.json
[3.635s] -- Up-to-date: /home/ubuntu/ros_workspace/install/turtlesim_custom_msgs/share/turtlesim_custom_msgs/srv/Velocity.json
[3.635s] -- Up-to-date: /home/ubuntu/ros_workspace/install/turtlesim_custom_msgs/share/turtlesim_custom_msgs/srv/Average.json
[3.636s] -- Up-to-date: /home/ubuntu/ros_workspace/install/turtlesim_custom_msgs/share/turtlesim_custom_msgs/srv/Threshold.json
[3.636s] -- Up-to-date: /home/ubuntu/ros_workspace/install/turtlesim_custom_msgs/include/turtlesim_custom_msgs/turtlesim_custom_msgs
[3.636s] -- Up-to-date: /home/ubuntu/ros_workspace/install/turtlesim_custom_msgs/include/turtlesim_custom_msgs/turtlesim_custom_msgs/srv
[3.637s] -- Up-to-date: /home/ubuntu/ros_workspace/install/turtlesim_custom_msgs/include/turtlesim_custom_msgs/turtlesim_custom_msgs/srv/detail
[3.637s] -- Up-to-date: /home/ubuntu/ros_workspace/install/turtlesim_custom_msgs/include/turtlesim_custom_msgs/turtlesim_custom_msgs/srv/detail/velocity__struct.h
[3.637s] -- Up-to-date: /home/ubuntu/ros_workspace/install/turtlesim_custom_msgs/include/turtlesim_custom_msgs/turtlesim_custom_msgs/srv/detail/average__functions.h
[3.637s] -- Up-to-date: /home/ubuntu/ros_workspace/install/turtlesim_custom_msgs/include/turtlesim_custom_msgs/turtlesim_custom_msgs/srv/detail/average__type_support.h
[3.638s] -- Up-to-date: /home/ubuntu/ros_workspace/install/turtlesim_custom_msgs/include/turtlesim_custom_msgs/turtlesim_custom_msgs/srv/detail/threshold__description.c
[3.638s] -- Up-to-date: /home/ubuntu/ros_workspace/install/turtlesim_custom_msgs/include/turtlesim_custom_msgs/turtlesim_custom_msgs/srv/detail/threshold__functions.c
[3.638s] -- Up-to-date: /home/ubuntu/ros_workspace/install/turtlesim_custom_msgs/include/turtlesim_custom_msgs/turtlesim_custom_msgs/srv/detail/threshold__type_support.h
[3.638s] -- Up-to-date: /home/ubuntu/ros_workspace/install/turtlesim_custom_msgs/include/turtlesim_custom_msgs/turtlesim_custom_msgs/srv/detail/velocity__description.c
[3.638s] -- Up-to-date: /home/ubuntu/ros_workspace/install/turtlesim_custom_msgs/include/turtlesim_custom_msgs/turtlesim_custom_msgs/srv/detail/threshold__type_support.c
[3.638s] -- Up-to-date: /home/ubuntu/ros_workspace/install/turtlesim_custom_msgs/include/turtlesim_custom_msgs/turtlesim_custom_msgs/srv/detail/average__type_support.c
[3.638s] -- Up-to-date: /home/ubuntu/ros_workspace/install/turtlesim_custom_msgs/include/turtlesim_custom_msgs/turtlesim_custom_msgs/srv/detail/velocity__type_support.h
[3.638s] -- Up-to-date: /home/ubuntu/ros_workspace/install/turtlesim_custom_msgs/include/turtlesim_custom_msgs/turtlesim_custom_msgs/srv/detail/velocity__functions.h
[3.638s] -- Up-to-date: /home/ubuntu/ros_workspace/install/turtlesim_custom_msgs/include/turtlesim_custom_msgs/turtlesim_custom_msgs/srv/detail/threshold__struct.h
[3.638s] -- Up-to-date: /home/ubuntu/ros_workspace/install/turtlesim_custom_msgs/include/turtlesim_custom_msgs/turtlesim_custom_msgs/srv/detail/velocity__type_support.c
[3.638s] -- Up-to-date: /home/ubuntu/ros_workspace/install/turtlesim_custom_msgs/include/turtlesim_custom_msgs/turtlesim_custom_msgs/srv/detail/velocity__functions.c
[3.639s] -- Up-to-date: /home/ubuntu/ros_workspace/install/turtlesim_custom_msgs/include/turtlesim_custom_msgs/turtlesim_custom_msgs/srv/detail/average__functions.c
[3.639s] -- Up-to-date: /home/ubuntu/ros_workspace/install/turtlesim_custom_msgs/include/turtlesim_custom_msgs/turtlesim_custom_msgs/srv/detail/threshold__functions.h
[3.639s] -- Up-to-date: /home/ubuntu/ros_workspace/install/turtlesim_custom_msgs/include/turtlesim_custom_msgs/turtlesim_custom_msgs/srv/detail/average__description.c
[3.639s] -- Up-to-date: /home/ubuntu/ros_workspace/install/turtlesim_custom_msgs/include/turtlesim_custom_msgs/turtlesim_custom_msgs/srv/detail/average__struct.h
[3.639s] -- Up-to-date: /home/ubuntu/ros_workspace/install/turtlesim_custom_msgs/include/turtlesim_custom_msgs/turtlesim_custom_msgs/srv/velocity.h
[3.639s] -- Up-to-date: /home/ubuntu/ros_workspace/install/turtlesim_custom_msgs/include/turtlesim_custom_msgs/turtlesim_custom_msgs/srv/threshold.h
[3.639s] -- Up-to-date: /home/ubuntu/ros_workspace/install/turtlesim_custom_msgs/include/turtlesim_custom_msgs/turtlesim_custom_msgs/srv/average.h
[3.639s] -- Up-to-date: /home/ubuntu/ros_workspace/install/turtlesim_custom_msgs/include/turtlesim_custom_msgs/turtlesim_custom_msgs/msg
[3.639s] -- Up-to-date: /home/ubuntu/ros_workspace/install/turtlesim_custom_msgs/include/turtlesim_custom_msgs/turtlesim_custom_msgs/msg/detail
[3.639s] -- Up-to-date: /home/ubuntu/ros_workspace/install/turtlesim_custom_msgs/include/turtlesim_custom_msgs/turtlesim_custom_msgs/msg/detail/vel__struct.h
[3.639s] -- Up-to-date: /home/ubuntu/ros_workspace/install/turtlesim_custom_msgs/include/turtlesim_custom_msgs/turtlesim_custom_msgs/msg/detail/vel__type_support.h
[3.639s] -- Up-to-date: /home/ubuntu/ros_workspace/install/turtlesim_custom_msgs/include/turtlesim_custom_msgs/turtlesim_custom_msgs/msg/detail/vel__type_support.c
[3.639s] -- Up-to-date: /home/ubuntu/ros_workspace/install/turtlesim_custom_msgs/include/turtlesim_custom_msgs/turtlesim_custom_msgs/msg/detail/vel__description.c
[3.639s] -- Up-to-date: /home/ubuntu/ros_workspace/install/turtlesim_custom_msgs/include/turtlesim_custom_msgs/turtlesim_custom_msgs/msg/detail/vel__functions.c
[3.640s] -- Up-to-date: /home/ubuntu/ros_workspace/install/turtlesim_custom_msgs/include/turtlesim_custom_msgs/turtlesim_custom_msgs/msg/detail/vel__functions.h
[3.640s] -- Up-to-date: /home/ubuntu/ros_workspace/install/turtlesim_custom_msgs/include/turtlesim_custom_msgs/turtlesim_custom_msgs/msg/vel.h
[3.640s] -- Up-to-date: /home/ubuntu/ros_workspace/install/turtlesim_custom_msgs/include/turtlesim_custom_msgs/turtlesim_custom_msgs/msg/rosidl_generator_c__visibility_control.h
[3.640s] -- Up-to-date: /home/ubuntu/ros_workspace/install/turtlesim_custom_msgs/share/turtlesim_custom_msgs/environment/library_path.sh
[3.640s] -- Up-to-date: /home/ubuntu/ros_workspace/install/turtlesim_custom_msgs/share/turtlesim_custom_msgs/environment/library_path.dsv
[3.641s] -- Up-to-date: /home/ubuntu/ros_workspace/install/turtlesim_custom_msgs/lib/libturtlesim_custom_msgs__rosidl_generator_c.so
[3.641s] -- Up-to-date: /home/ubuntu/ros_workspace/install/turtlesim_custom_msgs/include/turtlesim_custom_msgs/turtlesim_custom_msgs
[3.641s] -- Up-to-date: /home/ubuntu/ros_workspace/install/turtlesim_custom_msgs/include/turtlesim_custom_msgs/turtlesim_custom_msgs/srv
[3.641s] -- Up-to-date: /home/ubuntu/ros_workspace/install/turtlesim_custom_msgs/include/turtlesim_custom_msgs/turtlesim_custom_msgs/srv/detail
[3.641s] -- Up-to-date: /home/ubuntu/ros_workspace/install/turtlesim_custom_msgs/include/turtlesim_custom_msgs/turtlesim_custom_msgs/srv/detail/velocity__rosidl_typesupport_fastrtps_c.h
[3.641s] -- Up-to-date: /home/ubuntu/ros_workspace/install/turtlesim_custom_msgs/include/turtlesim_custom_msgs/turtlesim_custom_msgs/srv/detail/average__rosidl_typesupport_fastrtps_c.h
[3.641s] -- Up-to-date: /home/ubuntu/ros_workspace/install/turtlesim_custom_msgs/include/turtlesim_custom_msgs/turtlesim_custom_msgs/srv/detail/threshold__rosidl_typesupport_fastrtps_c.h
[3.641s] -- Up-to-date: /home/ubuntu/ros_workspace/install/turtlesim_custom_msgs/include/turtlesim_custom_msgs/turtlesim_custom_msgs/msg
[3.641s] -- Up-to-date: /home/ubuntu/ros_workspace/install/turtlesim_custom_msgs/include/turtlesim_custom_msgs/turtlesim_custom_msgs/msg/detail
[3.641s] -- Up-to-date: /home/ubuntu/ros_workspace/install/turtlesim_custom_msgs/include/turtlesim_custom_msgs/turtlesim_custom_msgs/msg/detail/vel__rosidl_typesupport_fastrtps_c.h
[3.641s] -- Up-to-date: /home/ubuntu/ros_workspace/install/turtlesim_custom_msgs/include/turtlesim_custom_msgs/turtlesim_custom_msgs/msg/rosidl_typesupport_fastrtps_c__visibility_control.h
[3.642s] -- Installing: /home/ubuntu/ros_workspace/install/turtlesim_custom_msgs/lib/libturtlesim_custom_msgs__rosidl_typesupport_fastrtps_c.so
[3.643s] -- Set non-toolchain portion of runtime path of "/home/ubuntu/ros_workspace/install/turtlesim_custom_msgs/lib/libturtlesim_custom_msgs__rosidl_typesupport_fastrtps_c.so" to ""
[3.643s] -- Up-to-date: /home/ubuntu/ros_workspace/install/turtlesim_custom_msgs/include/turtlesim_custom_msgs/turtlesim_custom_msgs
[3.643s] -- Up-to-date: /home/ubuntu/ros_workspace/install/turtlesim_custom_msgs/include/turtlesim_custom_msgs/turtlesim_custom_msgs/srv
[3.644s] -- Up-to-date: /home/ubuntu/ros_workspace/install/turtlesim_custom_msgs/include/turtlesim_custom_msgs/turtlesim_custom_msgs/srv/detail
[3.644s] -- Up-to-date: /home/ubuntu/ros_workspace/install/turtlesim_custom_msgs/include/turtlesim_custom_msgs/turtlesim_custom_msgs/srv/detail/threshold__rosidl_typesupport_introspection_c.h
[3.644s] -- Up-to-date: /home/ubuntu/ros_workspace/install/turtlesim_custom_msgs/include/turtlesim_custom_msgs/turtlesim_custom_msgs/srv/detail/threshold__type_support.c
[3.644s] -- Up-to-date: /home/ubuntu/ros_workspace/install/turtlesim_custom_msgs/include/turtlesim_custom_msgs/turtlesim_custom_msgs/srv/detail/average__rosidl_typesupport_introspection_c.h
[3.644s] -- Up-to-date: /home/ubuntu/ros_workspace/install/turtlesim_custom_msgs/include/turtlesim_custom_msgs/turtlesim_custom_msgs/srv/detail/average__type_support.c
[3.644s] -- Up-to-date: /home/ubuntu/ros_workspace/install/turtlesim_custom_msgs/include/turtlesim_custom_msgs/turtlesim_custom_msgs/srv/detail/velocity__type_support.c
[3.644s] -- Up-to-date: /home/ubuntu/ros_workspace/install/turtlesim_custom_msgs/include/turtlesim_custom_msgs/turtlesim_custom_msgs/srv/detail/velocity__rosidl_typesupport_introspection_c.h
[3.645s] -- Up-to-date: /home/ubuntu/ros_workspace/install/turtlesim_custom_msgs/include/turtlesim_custom_msgs/turtlesim_custom_msgs/msg
[3.645s] -- Up-to-date: /home/ubuntu/ros_workspace/install/turtlesim_custom_msgs/include/turtlesim_custom_msgs/turtlesim_custom_msgs/msg/detail
[3.645s] -- Up-to-date: /home/ubuntu/ros_workspace/install/turtlesim_custom_msgs/include/turtlesim_custom_msgs/turtlesim_custom_msgs/msg/detail/vel__type_support.c
[3.645s] -- Up-to-date: /home/ubuntu/ros_workspace/install/turtlesim_custom_msgs/include/turtlesim_custom_msgs/turtlesim_custom_msgs/msg/detail/vel__rosidl_typesupport_introspection_c.h
[3.645s] -- Up-to-date: /home/ubuntu/ros_workspace/install/turtlesim_custom_msgs/include/turtlesim_custom_msgs/turtlesim_custom_msgs/msg/rosidl_typesupport_introspection_c__visibility_control.h
[3.645s] -- Up-to-date: /home/ubuntu/ros_workspace/install/turtlesim_custom_msgs/lib/libturtlesim_custom_msgs__rosidl_typesupport_introspection_c.so
[3.646s] -- Up-to-date: /home/ubuntu/ros_workspace/install/turtlesim_custom_msgs/lib/libturtlesim_custom_msgs__rosidl_typesupport_c.so
[3.647s] -- Up-to-date: /home/ubuntu/ros_workspace/install/turtlesim_custom_msgs/include/turtlesim_custom_msgs/turtlesim_custom_msgs
[3.647s] -- Up-to-date: /home/ubuntu/ros_workspace/install/turtlesim_custom_msgs/include/turtlesim_custom_msgs/turtlesim_custom_msgs/srv
[3.648s] -- Up-to-date: /home/ubuntu/ros_workspace/install/turtlesim_custom_msgs/include/turtlesim_custom_msgs/turtlesim_custom_msgs/srv/detail
[3.648s] -- Up-to-date: /home/ubuntu/ros_workspace/install/turtlesim_custom_msgs/include/turtlesim_custom_msgs/turtlesim_custom_msgs/srv/detail/threshold__struct.hpp
[3.648s] -- Up-to-date: /home/ubuntu/ros_workspace/install/turtlesim_custom_msgs/include/turtlesim_custom_msgs/turtlesim_custom_msgs/srv/detail/average__struct.hpp
[3.648s] -- Up-to-date: /home/ubuntu/ros_workspace/install/turtlesim_custom_msgs/include/turtlesim_custom_msgs/turtlesim_custom_msgs/srv/detail/average__type_support.hpp
[3.649s] -- Up-to-date: /home/ubuntu/ros_workspace/install/turtlesim_custom_msgs/include/turtlesim_custom_msgs/turtlesim_custom_msgs/srv/detail/threshold__builder.hpp
[3.649s] -- Up-to-date: /home/ubuntu/ros_workspace/install/turtlesim_custom_msgs/include/turtlesim_custom_msgs/turtlesim_custom_msgs/srv/detail/velocity__traits.hpp
[3.649s] -- Up-to-date: /home/ubuntu/ros_workspace/install/turtlesim_custom_msgs/include/turtlesim_custom_msgs/turtlesim_custom_msgs/srv/detail/threshold__type_support.hpp
[3.649s] -- Up-to-date: /home/ubuntu/ros_workspace/install/turtlesim_custom_msgs/include/turtlesim_custom_msgs/turtlesim_custom_msgs/srv/detail/threshold__traits.hpp
[3.650s] -- Up-to-date: /home/ubuntu/ros_workspace/install/turtlesim_custom_msgs/include/turtlesim_custom_msgs/turtlesim_custom_msgs/srv/detail/velocity__type_support.hpp
[3.650s] -- Up-to-date: /home/ubuntu/ros_workspace/install/turtlesim_custom_msgs/include/turtlesim_custom_msgs/turtlesim_custom_msgs/srv/detail/average__traits.hpp
[3.650s] -- Up-to-date: /home/ubuntu/ros_workspace/install/turtlesim_custom_msgs/include/turtlesim_custom_msgs/turtlesim_custom_msgs/srv/detail/average__builder.hpp
[3.650s] -- Up-to-date: /home/ubuntu/ros_workspace/install/turtlesim_custom_msgs/include/turtlesim_custom_msgs/turtlesim_custom_msgs/srv/detail/velocity__builder.hpp
[3.651s] -- Up-to-date: /home/ubuntu/ros_workspace/install/turtlesim_custom_msgs/include/turtlesim_custom_msgs/turtlesim_custom_msgs/srv/detail/velocity__struct.hpp
[3.651s] -- Up-to-date: /home/ubuntu/ros_workspace/install/turtlesim_custom_msgs/include/turtlesim_custom_msgs/turtlesim_custom_msgs/srv/threshold.hpp
[3.651s] -- Up-to-date: /home/ubuntu/ros_workspace/install/turtlesim_custom_msgs/include/turtlesim_custom_msgs/turtlesim_custom_msgs/srv/velocity.hpp
[3.651s] -- Up-to-date: /home/ubuntu/ros_workspace/install/turtlesim_custom_msgs/include/turtlesim_custom_msgs/turtlesim_custom_msgs/srv/average.hpp
[3.651s] -- Up-to-date: /home/ubuntu/ros_workspace/install/turtlesim_custom_msgs/include/turtlesim_custom_msgs/turtlesim_custom_msgs/msg
[3.651s] -- Up-to-date: /home/ubuntu/ros_workspace/install/turtlesim_custom_msgs/include/turtlesim_custom_msgs/turtlesim_custom_msgs/msg/detail
[3.652s] -- Up-to-date: /home/ubuntu/ros_workspace/install/turtlesim_custom_msgs/include/turtlesim_custom_msgs/turtlesim_custom_msgs/msg/detail/vel__struct.hpp
[3.652s] -- Up-to-date: /home/ubuntu/ros_workspace/install/turtlesim_custom_msgs/include/turtlesim_custom_msgs/turtlesim_custom_msgs/msg/detail/vel__builder.hpp
[3.652s] -- Up-to-date: /home/ubuntu/ros_workspace/install/turtlesim_custom_msgs/include/turtlesim_custom_msgs/turtlesim_custom_msgs/msg/detail/vel__traits.hpp
[3.652s] -- Up-to-date: /home/ubuntu/ros_workspace/install/turtlesim_custom_msgs/include/turtlesim_custom_msgs/turtlesim_custom_msgs/msg/detail/vel__type_support.hpp
[3.652s] -- Up-to-date: /home/ubuntu/ros_workspace/install/turtlesim_custom_msgs/include/turtlesim_custom_msgs/turtlesim_custom_msgs/msg/rosidl_generator_cpp__visibility_control.hpp
[3.652s] -- Up-to-date: /home/ubuntu/ros_workspace/install/turtlesim_custom_msgs/include/turtlesim_custom_msgs/turtlesim_custom_msgs/msg/vel.hpp
[3.652s] -- Up-to-date: /home/ubuntu/ros_workspace/install/turtlesim_custom_msgs/include/turtlesim_custom_msgs/turtlesim_custom_msgs
[3.652s] -- Up-to-date: /home/ubuntu/ros_workspace/install/turtlesim_custom_msgs/include/turtlesim_custom_msgs/turtlesim_custom_msgs/srv
[3.652s] -- Up-to-date: /home/ubuntu/ros_workspace/install/turtlesim_custom_msgs/include/turtlesim_custom_msgs/turtlesim_custom_msgs/srv/detail
[3.652s] -- Up-to-date: /home/ubuntu/ros_workspace/install/turtlesim_custom_msgs/include/turtlesim_custom_msgs/turtlesim_custom_msgs/srv/detail/dds_fastrtps
[3.653s] -- Up-to-date: /home/ubuntu/ros_workspace/install/turtlesim_custom_msgs/include/turtlesim_custom_msgs/turtlesim_custom_msgs/srv/detail/velocity__rosidl_typesupport_fastrtps_cpp.hpp
[3.653s] -- Up-to-date: /home/ubuntu/ros_workspace/install/turtlesim_custom_msgs/include/turtlesim_custom_msgs/turtlesim_custom_msgs/srv/detail/average__rosidl_typesupport_fastrtps_cpp.hpp
[3.653s] -- Up-to-date: /home/ubuntu/ros_workspace/install/turtlesim_custom_msgs/include/turtlesim_custom_msgs/turtlesim_custom_msgs/srv/detail/threshold__rosidl_typesupport_fastrtps_cpp.hpp
[3.653s] -- Up-to-date: /home/ubuntu/ros_workspace/install/turtlesim_custom_msgs/include/turtlesim_custom_msgs/turtlesim_custom_msgs/msg
[3.653s] -- Up-to-date: /home/ubuntu/ros_workspace/install/turtlesim_custom_msgs/include/turtlesim_custom_msgs/turtlesim_custom_msgs/msg/detail
[3.653s] -- Up-to-date: /home/ubuntu/ros_workspace/install/turtlesim_custom_msgs/include/turtlesim_custom_msgs/turtlesim_custom_msgs/msg/detail/dds_fastrtps
[3.653s] -- Up-to-date: /home/ubuntu/ros_workspace/install/turtlesim_custom_msgs/include/turtlesim_custom_msgs/turtlesim_custom_msgs/msg/detail/vel__rosidl_typesupport_fastrtps_cpp.hpp
[3.653s] -- Up-to-date: /home/ubuntu/ros_workspace/install/turtlesim_custom_msgs/include/turtlesim_custom_msgs/turtlesim_custom_msgs/msg/rosidl_typesupport_fastrtps_cpp__visibility_control.h
[3.653s] -- Installing: /home/ubuntu/ros_workspace/install/turtlesim_custom_msgs/lib/libturtlesim_custom_msgs__rosidl_typesupport_fastrtps_cpp.so
[3.654s] -- Set non-toolchain portion of runtime path of "/home/ubuntu/ros_workspace/install/turtlesim_custom_msgs/lib/libturtlesim_custom_msgs__rosidl_typesupport_fastrtps_cpp.so" to ""
[3.655s] -- Up-to-date: /home/ubuntu/ros_workspace/install/turtlesim_custom_msgs/include/turtlesim_custom_msgs/turtlesim_custom_msgs
[3.655s] -- Up-to-date: /home/ubuntu/ros_workspace/install/turtlesim_custom_msgs/include/turtlesim_custom_msgs/turtlesim_custom_msgs/srv
[3.655s] -- Up-to-date: /home/ubuntu/ros_workspace/install/turtlesim_custom_msgs/include/turtlesim_custom_msgs/turtlesim_custom_msgs/srv/detail
[3.656s] -- Up-to-date: /home/ubuntu/ros_workspace/install/turtlesim_custom_msgs/include/turtlesim_custom_msgs/turtlesim_custom_msgs/srv/detail/average__rosidl_typesupport_introspection_cpp.hpp
[3.656s] -- Up-to-date: /home/ubuntu/ros_workspace/install/turtlesim_custom_msgs/include/turtlesim_custom_msgs/turtlesim_custom_msgs/srv/detail/velocity__type_support.cpp
[3.656s] -- Up-to-date: /home/ubuntu/ros_workspace/install/turtlesim_custom_msgs/include/turtlesim_custom_msgs/turtlesim_custom_msgs/srv/detail/average__type_support.cpp
[3.656s] -- Up-to-date: /home/ubuntu/ros_workspace/install/turtlesim_custom_msgs/include/turtlesim_custom_msgs/turtlesim_custom_msgs/srv/detail/velocity__rosidl_typesupport_introspection_cpp.hpp
[3.657s] -- Up-to-date: /home/ubuntu/ros_workspace/install/turtlesim_custom_msgs/include/turtlesim_custom_msgs/turtlesim_custom_msgs/srv/detail/threshold__rosidl_typesupport_introspection_cpp.hpp
[3.657s] -- Up-to-date: /home/ubuntu/ros_workspace/install/turtlesim_custom_msgs/include/turtlesim_custom_msgs/turtlesim_custom_msgs/srv/detail/threshold__type_support.cpp
[3.657s] -- Up-to-date: /home/ubuntu/ros_workspace/install/turtlesim_custom_msgs/include/turtlesim_custom_msgs/turtlesim_custom_msgs/msg
[3.657s] -- Up-to-date: /home/ubuntu/ros_workspace/install/turtlesim_custom_msgs/include/turtlesim_custom_msgs/turtlesim_custom_msgs/msg/detail
[3.657s] -- Up-to-date: /home/ubuntu/ros_workspace/install/turtlesim_custom_msgs/include/turtlesim_custom_msgs/turtlesim_custom_msgs/msg/detail/vel__type_support.cpp
[3.657s] -- Up-to-date: /home/ubuntu/ros_workspace/install/turtlesim_custom_msgs/include/turtlesim_custom_msgs/turtlesim_custom_msgs/msg/detail/vel__rosidl_typesupport_introspection_cpp.hpp
[3.657s] -- Installing: /home/ubuntu/ros_workspace/install/turtlesim_custom_msgs/lib/libturtlesim_custom_msgs__rosidl_typesupport_introspection_cpp.so
[3.659s] -- Set non-toolchain portion of runtime path of "/home/ubuntu/ros_workspace/install/turtlesim_custom_msgs/lib/libturtlesim_custom_msgs__rosidl_typesupport_introspection_cpp.so" to ""
[3.660s] -- Installing: /home/ubuntu/ros_workspace/install/turtlesim_custom_msgs/lib/libturtlesim_custom_msgs__rosidl_typesupport_cpp.so
[3.661s] -- Set non-toolchain portion of runtime path of "/home/ubuntu/ros_workspace/install/turtlesim_custom_msgs/lib/libturtlesim_custom_msgs__rosidl_typesupport_cpp.so" to ""
[3.662s] -- Up-to-date: /home/ubuntu/ros_workspace/install/turtlesim_custom_msgs/share/turtlesim_custom_msgs/environment/pythonpath.sh
[3.662s] -- Up-to-date: /home/ubuntu/ros_workspace/install/turtlesim_custom_msgs/share/turtlesim_custom_msgs/environment/pythonpath.dsv
[3.662s] -- Up-to-date: /home/ubuntu/ros_workspace/install/turtlesim_custom_msgs/lib/python3.12/site-packages/turtlesim_custom_msgs-0.0.0-py3.12.egg-info
[3.662s] -- Installing: /home/ubuntu/ros_workspace/install/turtlesim_custom_msgs/lib/python3.12/site-packages/turtlesim_custom_msgs-0.0.0-py3.12.egg-info/top_level.txt
[3.662s] -- Installing: /home/ubuntu/ros_workspace/install/turtlesim_custom_msgs/lib/python3.12/site-packages/turtlesim_custom_msgs-0.0.0-py3.12.egg-info/SOURCES.txt
[3.663s] -- Installing: /home/ubuntu/ros_workspace/install/turtlesim_custom_msgs/lib/python3.12/site-packages/turtlesim_custom_msgs-0.0.0-py3.12.egg-info/PKG-INFO
[3.663s] -- Installing: /home/ubuntu/ros_workspace/install/turtlesim_custom_msgs/lib/python3.12/site-packages/turtlesim_custom_msgs-0.0.0-py3.12.egg-info/dependency_links.txt
[3.664s] -- Up-to-date: /home/ubuntu/ros_workspace/install/turtlesim_custom_msgs/lib/python3.12/site-packages/turtlesim_custom_msgs
[3.664s] -- Installing: /home/ubuntu/ros_workspace/install/turtlesim_custom_msgs/lib/python3.12/site-packages/turtlesim_custom_msgs/turtlesim_custom_msgs_s__rosidl_typesupport_introspection_c.so
[3.664s] -- Installing: /home/ubuntu/ros_workspace/install/turtlesim_custom_msgs/lib/python3.12/site-packages/turtlesim_custom_msgs/turtlesim_custom_msgs_s__rosidl_typesupport_c.so
[3.665s] -- Installing: /home/ubuntu/ros_workspace/install/turtlesim_custom_msgs/lib/python3.12/site-packages/turtlesim_custom_msgs/__init__.py
[3.665s] -- Up-to-date: /home/ubuntu/ros_workspace/install/turtlesim_custom_msgs/lib/python3.12/site-packages/turtlesim_custom_msgs/_turtlesim_custom_msgs_s.ep.rosidl_typesupport_introspection_c.c
[3.665s] -- Up-to-date: /home/ubuntu/ros_workspace/install/turtlesim_custom_msgs/lib/python3.12/site-packages/turtlesim_custom_msgs/_turtlesim_custom_msgs_s.ep.rosidl_typesupport_fastrtps_c.c
[3.665s] -- Installing: /home/ubuntu/ros_workspace/install/turtlesim_custom_msgs/lib/python3.12/site-packages/turtlesim_custom_msgs/turtlesim_custom_msgs_s__rosidl_typesupport_fastrtps_c.so
[3.666s] -- Up-to-date: /home/ubuntu/ros_workspace/install/turtlesim_custom_msgs/lib/python3.12/site-packages/turtlesim_custom_msgs/srv
[3.666s] -- Up-to-date: /home/ubuntu/ros_workspace/install/turtlesim_custom_msgs/lib/python3.12/site-packages/turtlesim_custom_msgs/srv/_average.py
[3.667s] -- Up-to-date: /home/ubuntu/ros_workspace/install/turtlesim_custom_msgs/lib/python3.12/site-packages/turtlesim_custom_msgs/srv/_velocity.py
[3.667s] -- Up-to-date: /home/ubuntu/ros_workspace/install/turtlesim_custom_msgs/lib/python3.12/site-packages/turtlesim_custom_msgs/srv/_average_s.c
[3.667s] -- Up-to-date: /home/ubuntu/ros_workspace/install/turtlesim_custom_msgs/lib/python3.12/site-packages/turtlesim_custom_msgs/srv/_threshold_s.c
[3.667s] -- Up-to-date: /home/ubuntu/ros_workspace/install/turtlesim_custom_msgs/lib/python3.12/site-packages/turtlesim_custom_msgs/srv/_velocity_s.c
[3.667s] -- Up-to-date: /home/ubuntu/ros_workspace/install/turtlesim_custom_msgs/lib/python3.12/site-packages/turtlesim_custom_msgs/srv/__init__.py
[3.667s] -- Up-to-date: /home/ubuntu/ros_workspace/install/turtlesim_custom_msgs/lib/python3.12/site-packages/turtlesim_custom_msgs/srv/_threshold.py
[3.667s] -- Up-to-date: /home/ubuntu/ros_workspace/install/turtlesim_custom_msgs/lib/python3.12/site-packages/turtlesim_custom_msgs/_turtlesim_custom_msgs_s.ep.rosidl_typesupport_c.c
[3.668s] -- Up-to-date: /home/ubuntu/ros_workspace/install/turtlesim_custom_msgs/lib/python3.12/site-packages/turtlesim_custom_msgs/msg
[3.668s] -- Up-to-date: /home/ubuntu/ros_workspace/install/turtlesim_custom_msgs/lib/python3.12/site-packages/turtlesim_custom_msgs/msg/_vel.py
[3.668s] -- Up-to-date: /home/ubuntu/ros_workspace/install/turtlesim_custom_msgs/lib/python3.12/site-packages/turtlesim_custom_msgs/msg/_vel_s.c
[3.668s] -- Up-to-date: /home/ubuntu/ros_workspace/install/turtlesim_custom_msgs/lib/python3.12/site-packages/turtlesim_custom_msgs/msg/__init__.py
[3.718s] Listing '/home/ubuntu/ros_workspace/install/turtlesim_custom_msgs/lib/python3.12/site-packages/turtlesim_custom_msgs'...
[3.718s] Compiling '/home/ubuntu/ros_workspace/install/turtlesim_custom_msgs/lib/python3.12/site-packages/turtlesim_custom_msgs/__init__.py'...
[3.718s] Listing '/home/ubuntu/ros_workspace/install/turtlesim_custom_msgs/lib/python3.12/site-packages/turtlesim_custom_msgs/msg'...
[3.718s] Listing '/home/ubuntu/ros_workspace/install/turtlesim_custom_msgs/lib/python3.12/site-packages/turtlesim_custom_msgs/srv'...
[3.727s] -- Installing: /home/ubuntu/ros_workspace/install/turtlesim_custom_msgs/lib/python3.12/site-packages/turtlesim_custom_msgs/turtlesim_custom_msgs_s__rosidl_typesupport_fastrtps_c.so
[3.728s] -- Set non-toolchain portion of runtime path of "/home/ubuntu/ros_workspace/install/turtlesim_custom_msgs/lib/python3.12/site-packages/turtlesim_custom_msgs/turtlesim_custom_msgs_s__rosidl_typesupport_fastrtps_c.so" to ""
[3.729s] -- Installing: /home/ubuntu/ros_workspace/install/turtlesim_custom_msgs/lib/python3.12/site-packages/turtlesim_custom_msgs/turtlesim_custom_msgs_s__rosidl_typesupport_introspection_c.so
[3.730s] -- Set non-toolchain portion of runtime path of "/home/ubuntu/ros_workspace/install/turtlesim_custom_msgs/lib/python3.12/site-packages/turtlesim_custom_msgs/turtlesim_custom_msgs_s__rosidl_typesupport_introspection_c.so" to ""
[3.730s] -- Installing: /home/ubuntu/ros_workspace/install/turtlesim_custom_msgs/lib/python3.12/site-packages/turtlesim_custom_msgs/turtlesim_custom_msgs_s__rosidl_typesupport_c.so
[3.731s] -- Set non-toolchain portion of runtime path of "/home/ubuntu/ros_workspace/install/turtlesim_custom_msgs/lib/python3.12/site-packages/turtlesim_custom_msgs/turtlesim_custom_msgs_s__rosidl_typesupport_c.so" to ""
[3.732s] -- Installing: /home/ubuntu/ros_workspace/install/turtlesim_custom_msgs/lib/libturtlesim_custom_msgs__rosidl_generator_py.so
[3.733s] -- Set non-toolchain portion of runtime path of "/home/ubuntu/ros_workspace/install/turtlesim_custom_msgs/lib/libturtlesim_custom_msgs__rosidl_generator_py.so" to ""
[3.734s] -- Up-to-date: /home/ubuntu/ros_workspace/install/turtlesim_custom_msgs/share/turtlesim_custom_msgs/msg/Vel.idl
[3.734s] -- Up-to-date: /home/ubuntu/ros_workspace/install/turtlesim_custom_msgs/share/turtlesim_custom_msgs/srv/Velocity.idl
[3.734s] -- Up-to-date: /home/ubuntu/ros_workspace/install/turtlesim_custom_msgs/share/turtlesim_custom_msgs/srv/Average.idl
[3.734s] -- Up-to-date: /home/ubuntu/ros_workspace/install/turtlesim_custom_msgs/share/turtlesim_custom_msgs/srv/Threshold.idl
[3.734s] -- Up-to-date: /home/ubuntu/ros_workspace/install/turtlesim_custom_msgs/share/turtlesim_custom_msgs/msg/Vel.msg
[3.734s] -- Up-to-date: /home/ubuntu/ros_workspace/install/turtlesim_custom_msgs/share/turtlesim_custom_msgs/srv/Velocity.srv
[3.735s] -- Up-to-date: /home/ubuntu/ros_workspace/install/turtlesim_custom_msgs/share/turtlesim_custom_msgs/srv/Average.srv
[3.735s] -- Up-to-date: /home/ubuntu/ros_workspace/install/turtlesim_custom_msgs/share/turtlesim_custom_msgs/srv/Threshold.srv
[3.735s] -- Up-to-date: /home/ubuntu/ros_workspace/install/turtlesim_custom_msgs/share/ament_index/resource_index/package_run_dependencies/turtlesim_custom_msgs
[3.735s] -- Installing: /home/ubuntu/ros_workspace/install/turtlesim_custom_msgs/share/ament_index/resource_index/parent_prefix_path/turtlesim_custom_msgs
[3.736s] -- Up-to-date: /home/ubuntu/ros_workspace/install/turtlesim_custom_msgs/share/turtlesim_custom_msgs/environment/ament_prefix_path.sh
[3.736s] -- Up-to-date: /home/ubuntu/ros_workspace/install/turtlesim_custom_msgs/share/turtlesim_custom_msgs/environment/ament_prefix_path.dsv
[3.736s] -- Up-to-date: /home/ubuntu/ros_workspace/install/turtlesim_custom_msgs/share/turtlesim_custom_msgs/environment/path.sh
[3.736s] -- Up-to-date: /home/ubuntu/ros_workspace/install/turtlesim_custom_msgs/share/turtlesim_custom_msgs/environment/path.dsv
[3.736s] -- Up-to-date: /home/ubuntu/ros_workspace/install/turtlesim_custom_msgs/share/turtlesim_custom_msgs/local_setup.bash
[3.736s] -- Up-to-date: /home/ubuntu/ros_workspace/install/turtlesim_custom_msgs/share/turtlesim_custom_msgs/local_setup.sh
[3.737s] -- Up-to-date: /home/ubuntu/ros_workspace/install/turtlesim_custom_msgs/share/turtlesim_custom_msgs/local_setup.zsh
[3.737s] -- Up-to-date: /home/ubuntu/ros_workspace/install/turtlesim_custom_msgs/share/turtlesim_custom_msgs/local_setup.dsv
[3.737s] -- Installing: /home/ubuntu/ros_workspace/install/turtlesim_custom_msgs/share/turtlesim_custom_msgs/package.dsv
[3.737s] -- Up-to-date: /home/ubuntu/ros_workspace/install/turtlesim_custom_msgs/share/ament_index/resource_index/packages/turtlesim_custom_msgs
[3.737s] -- Up-to-date: /home/ubuntu/ros_workspace/install/turtlesim_custom_msgs/share/turtlesim_custom_msgs/cmake/export_turtlesim_custom_msgs__rosidl_generator_cExport.cmake
[3.737s] -- Up-to-date: /home/ubuntu/ros_workspace/install/turtlesim_custom_msgs/share/turtlesim_custom_msgs/cmake/export_turtlesim_custom_msgs__rosidl_generator_cExport-noconfig.cmake
[3.738s] -- Up-to-date: /home/ubuntu/ros_workspace/install/turtlesim_custom_msgs/share/turtlesim_custom_msgs/cmake/export_turtlesim_custom_msgs__rosidl_typesupport_fastrtps_cExport.cmake
[3.738s] -- Up-to-date: /home/ubuntu/ros_workspace/install/turtlesim_custom_msgs/share/turtlesim_custom_msgs/cmake/export_turtlesim_custom_msgs__rosidl_typesupport_fastrtps_cExport-noconfig.cmake
[3.738s] -- Up-to-date: /home/ubuntu/ros_workspace/install/turtlesim_custom_msgs/share/turtlesim_custom_msgs/cmake/turtlesim_custom_msgs__rosidl_typesupport_introspection_cExport.cmake
[3.738s] -- Up-to-date: /home/ubuntu/ros_workspace/install/turtlesim_custom_msgs/share/turtlesim_custom_msgs/cmake/turtlesim_custom_msgs__rosidl_typesupport_introspection_cExport-noconfig.cmake
[3.738s] -- Up-to-date: /home/ubuntu/ros_workspace/install/turtlesim_custom_msgs/share/turtlesim_custom_msgs/cmake/turtlesim_custom_msgs__rosidl_typesupport_cExport.cmake
[3.738s] -- Up-to-date: /home/ubuntu/ros_workspace/install/turtlesim_custom_msgs/share/turtlesim_custom_msgs/cmake/turtlesim_custom_msgs__rosidl_typesupport_cExport-noconfig.cmake
[3.738s] -- Up-to-date: /home/ubuntu/ros_workspace/install/turtlesim_custom_msgs/share/turtlesim_custom_msgs/cmake/export_turtlesim_custom_msgs__rosidl_generator_cppExport.cmake
[3.739s] -- Up-to-date: /home/ubuntu/ros_workspace/install/turtlesim_custom_msgs/share/turtlesim_custom_msgs/cmake/export_turtlesim_custom_msgs__rosidl_typesupport_fastrtps_cppExport.cmake
[3.739s] -- Up-to-date: /home/ubuntu/ros_workspace/install/turtlesim_custom_msgs/share/turtlesim_custom_msgs/cmake/export_turtlesim_custom_msgs__rosidl_typesupport_fastrtps_cppExport-noconfig.cmake
[3.739s] -- Up-to-date: /home/ubuntu/ros_workspace/install/turtlesim_custom_msgs/share/turtlesim_custom_msgs/cmake/turtlesim_custom_msgs__rosidl_typesupport_introspection_cppExport.cmake
[3.739s] -- Up-to-date: /home/ubuntu/ros_workspace/install/turtlesim_custom_msgs/share/turtlesim_custom_msgs/cmake/turtlesim_custom_msgs__rosidl_typesupport_introspection_cppExport-noconfig.cmake
[3.739s] -- Up-to-date: /home/ubuntu/ros_workspace/install/turtlesim_custom_msgs/share/turtlesim_custom_msgs/cmake/turtlesim_custom_msgs__rosidl_typesupport_cppExport.cmake
[3.739s] -- Up-to-date: /home/ubuntu/ros_workspace/install/turtlesim_custom_msgs/share/turtlesim_custom_msgs/cmake/turtlesim_custom_msgs__rosidl_typesupport_cppExport-noconfig.cmake
[3.739s] -- Up-to-date: /home/ubuntu/ros_workspace/install/turtlesim_custom_msgs/share/turtlesim_custom_msgs/cmake/export_turtlesim_custom_msgs__rosidl_generator_pyExport.cmake
[3.740s] -- Up-to-date: /home/ubuntu/ros_workspace/install/turtlesim_custom_msgs/share/turtlesim_custom_msgs/cmake/export_turtlesim_custom_msgs__rosidl_generator_pyExport-noconfig.cmake
[3.740s] -- Up-to-date: /home/ubuntu/ros_workspace/install/turtlesim_custom_msgs/share/turtlesim_custom_msgs/cmake/rosidl_cmake-extras.cmake
[3.740s] -- Up-to-date: /home/ubuntu/ros_workspace/install/turtlesim_custom_msgs/share/turtlesim_custom_msgs/cmake/ament_cmake_export_dependencies-extras.cmake
[3.740s] -- Up-to-date: /home/ubuntu/ros_workspace/install/turtlesim_custom_msgs/share/turtlesim_custom_msgs/cmake/ament_cmake_export_include_directories-extras.cmake
[3.741s] -- Up-to-date: /home/ubuntu/ros_workspace/install/turtlesim_custom_msgs/share/turtlesim_custom_msgs/cmake/ament_cmake_export_libraries-extras.cmake
[3.741s] -- Up-to-date: /home/ubuntu/ros_workspace/install/turtlesim_custom_msgs/share/turtlesim_custom_msgs/cmake/ament_cmake_export_targets-extras.cmake
[3.741s] -- Up-to-date: /home/ubuntu/ros_workspace/install/turtlesim_custom_msgs/share/turtlesim_custom_msgs/cmake/rosidl_cmake_export_typesupport_targets-extras.cmake
[3.741s] -- Up-to-date: /home/ubuntu/ros_workspace/install/turtlesim_custom_msgs/share/turtlesim_custom_msgs/cmake/rosidl_cmake_export_typesupport_libraries-extras.cmake
[3.741s] -- Up-to-date: /home/ubuntu/ros_workspace/install/turtlesim_custom_msgs/share/turtlesim_custom_msgs/cmake/turtlesim_custom_msgsConfig.cmake
[3.742s] -- Up-to-date: /home/ubuntu/ros_workspace/install/turtlesim_custom_msgs/share/turtlesim_custom_msgs/cmake/turtlesim_custom_msgsConfig-version.cmake
[3.742s] -- Up-to-date: /home/ubuntu/ros_workspace/install/turtlesim_custom_msgs/share/turtlesim_custom_msgs/package.xml
[3.746s] Invoked command in '/home/ubuntu/ros_workspace/build/turtlesim_custom_msgs' returned '0': CMAKE_PREFIX_PATH=${CMAKE_PREFIX_PATH}:/home/ubuntu/ros_workspace/install/python_package:/home/ubuntu/ros_workspace/install/first_package_py:/home/ubuntu/ros_workspace/install/assignment1_rt_py:/opt/ros/jazzy /usr/bin/cmake --install /home/ubuntu/ros_workspace/build/turtlesim_custom_msgs
