[0.017s] Invoking command in '/home/ubuntu/ros_workspace/build/robot_custom_msgs': CMAKE_PREFIX_PATH=${CMAKE_PREFIX_PATH}:/home/ubuntu/ros_workspace/install/exam_example_2:/home/ubuntu/ros_workspace/install/assignment2_rt_py:/home/ubuntu/ros_workspace/install/python_package:/home/ubuntu/ros_workspace/install/first_package_py:/home/ubuntu/ros_workspace/install/exam_example:/home/ubuntu/ros_workspace/install/assignment1_rt_py:/opt/ros/jazzy /usr/bin/cmake --build /home/ubuntu/ros_workspace/build/robot_custom_msgs -- -j16 -l16
[0.137s] -- Found ament_cmake: 2.5.4 (/opt/ros/jazzy/share/ament_cmake/cmake)
[0.172s] -- Found Python3: /usr/bin/python3 (found version "3.12.3") found components: Interpreter 
[0.284s] -- Found rosidl_default_generators: 1.6.0 (/opt/ros/jazzy/share/rosidl_default_generators/cmake)
[0.291s] -- Using all available rosidl_typesupport_c: rosidl_typesupport_fastrtps_c;rosidl_typesupport_introspection_c
[0.394s] -- Using all available rosidl_typesupport_cpp: rosidl_typesupport_fastrtps_cpp;rosidl_typesupport_introspection_cpp
[0.442s] -- Found rosidl_adapter: 4.6.6 (/opt/ros/jazzy/share/rosidl_adapter/cmake)
[0.791s] -- Found ament_cmake_ros: 0.12.0 (/opt/ros/jazzy/share/ament_cmake_ros/cmake)
[0.905s] -- Using all available rosidl_typesupport_c: rosidl_typesupport_fastrtps_c;rosidl_typesupport_introspection_c
[1.042s] -- Using all available rosidl_typesupport_cpp: rosidl_typesupport_fastrtps_cpp;rosidl_typesupport_introspection_cpp
[1.044s] -- Found python_cmake_module: 0.11.1 (/opt/ros/jazzy/share/python_cmake_module/cmake)
[1.366s] -- Found Python3: /usr/bin/python3 (found version "3.12.3") found components: Interpreter Development NumPy Development.Module Development.Embed 
[1.381s] -- Found ament_lint_auto: 0.17.3 (/opt/ros/jazzy/share/ament_lint_auto/cmake)
[1.412s] -- Added test 'lint_cmake' to check CMake code style
[1.415s] -- Added test 'xmllint' to check XML markup files
[1.421s] -- Configuring done (1.3s)
[1.522s] -- Generating done (0.1s)
[1.539s] -- Build files have been written to: /home/ubuntu/ros_workspace/build/robot_custom_msgs
[1.605s] [  1%] [34m[1mGenerating type hashes for ROS interfaces[0m
[1.632s] [  1%] Built target ament_cmake_python_copy_robot_custom_msgs
[1.824s] [  1%] Built target robot_custom_msgs__rosidl_generator_type_description
[1.846s] [  3%] [34m[1mGenerating C code for ROS interfaces[0m
[1.854s] running egg_info
[1.862s] [  4%] [34m[1mGenerating C++ code for ROS interfaces[0m
[1.872s] writing robot_custom_msgs.egg-info/PKG-INFO
[1.872s] writing dependency_links to robot_custom_msgs.egg-info/dependency_links.txt
[1.872s] writing top-level names to robot_custom_msgs.egg-info/top_level.txt
[1.929s] reading manifest file 'robot_custom_msgs.egg-info/SOURCES.txt'
[1.930s] writing manifest file 'robot_custom_msgs.egg-info/SOURCES.txt'
[1.965s] [  4%] Built target ament_cmake_python_build_robot_custom_msgs_egg
[2.305s] [  4%] Built target robot_custom_msgs__cpp
[2.365s] [  6%] [32mBuilding C object CMakeFiles/robot_custom_msgs__rosidl_generator_c.dir/rosidl_generator_c/robot_custom_msgs/srv/detail/velocity__type_support.c.o[0m
[2.365s] [  9%] [32mBuilding C object CMakeFiles/robot_custom_msgs__rosidl_generator_c.dir/rosidl_generator_c/robot_custom_msgs/msg/detail/custom__description.c.o[0m
[2.366s] [  9%] [32mBuilding C object CMakeFiles/robot_custom_msgs__rosidl_generator_c.dir/rosidl_generator_c/robot_custom_msgs/msg/detail/custom__functions.c.o[0m
[2.366s] [ 10%] [32mBuilding C object CMakeFiles/robot_custom_msgs__rosidl_generator_c.dir/rosidl_generator_c/robot_custom_msgs/msg/detail/custom__type_support.c.o[0m
[2.366s] [ 14%] [32mBuilding C object CMakeFiles/robot_custom_msgs__rosidl_generator_c.dir/rosidl_generator_c/robot_custom_msgs/srv/detail/velocity__functions.c.o[0m
[2.366s] [ 14%] [32mBuilding C object CMakeFiles/robot_custom_msgs__rosidl_generator_c.dir/rosidl_generator_c/robot_custom_msgs/srv/detail/velocity__description.c.o[0m
[2.367s] [ 15%] [32mBuilding C object CMakeFiles/robot_custom_msgs__rosidl_generator_c.dir/rosidl_generator_c/robot_custom_msgs/srv/detail/threshold__type_support.c.o[0m
[2.368s] [ 18%] [32mBuilding C object CMakeFiles/robot_custom_msgs__rosidl_generator_c.dir/rosidl_generator_c/robot_custom_msgs/srv/detail/average__type_support.c.o[0m
[2.368s] [ 18%] [32mBuilding C object CMakeFiles/robot_custom_msgs__rosidl_generator_c.dir/rosidl_generator_c/robot_custom_msgs/srv/detail/threshold__description.c.o[0m
[2.368s] [ 20%] [32mBuilding C object CMakeFiles/robot_custom_msgs__rosidl_generator_c.dir/rosidl_generator_c/robot_custom_msgs/srv/detail/average__description.c.o[0m
[2.368s] [ 21%] [32mBuilding C object CMakeFiles/robot_custom_msgs__rosidl_generator_c.dir/rosidl_generator_c/robot_custom_msgs/srv/detail/average__functions.c.o[0m
[2.371s] [ 23%] [32mBuilding C object CMakeFiles/robot_custom_msgs__rosidl_generator_c.dir/rosidl_generator_c/robot_custom_msgs/srv/detail/threshold__functions.c.o[0m
[2.539s] [ 25%] [32m[1mLinking C shared library librobot_custom_msgs__rosidl_generator_c.so[0m
[2.613s] [ 25%] Built target robot_custom_msgs__rosidl_generator_c
[2.633s] [ 31%] [34m[1mGenerating C++ type support dispatch for ROS interfaces[0m
[2.633s] [ 31%] [34m[1mGenerating C type support dispatch for ROS interfaces[0m
[2.633s] [ 31%] [34m[1mGenerating C introspection for ROS interfaces[0m
[2.633s] [ 31%] [34m[1mGenerating C type support for eProsima Fast-RTPS[0m
[2.634s] [ 32%] [34m[1mGenerating C++ type support for eProsima Fast-RTPS[0m
[2.634s] [ 34%] [34m[1mGenerating C++ introspection for ROS interfaces[0m
[2.967s] [ 35%] [32mBuilding CXX object CMakeFiles/robot_custom_msgs__rosidl_typesupport_cpp.dir/rosidl_typesupport_cpp/robot_custom_msgs/srv/velocity__type_support.cpp.o[0m
[2.967s] [ 37%] [32mBuilding CXX object CMakeFiles/robot_custom_msgs__rosidl_typesupport_cpp.dir/rosidl_typesupport_cpp/robot_custom_msgs/srv/average__type_support.cpp.o[0m
[2.968s] [ 39%] [32mBuilding CXX object CMakeFiles/robot_custom_msgs__rosidl_typesupport_cpp.dir/rosidl_typesupport_cpp/robot_custom_msgs/msg/custom__type_support.cpp.o[0m
[2.969s] [ 40%] [32mBuilding CXX object CMakeFiles/robot_custom_msgs__rosidl_typesupport_cpp.dir/rosidl_typesupport_cpp/robot_custom_msgs/srv/threshold__type_support.cpp.o[0m
[2.981s] [ 43%] [32mBuilding CXX object CMakeFiles/robot_custom_msgs__rosidl_typesupport_c.dir/rosidl_typesupport_c/robot_custom_msgs/srv/threshold__type_support.cpp.o[0m
[2.981s] [ 43%] [32mBuilding CXX object CMakeFiles/robot_custom_msgs__rosidl_typesupport_c.dir/rosidl_typesupport_c/robot_custom_msgs/srv/velocity__type_support.cpp.o[0m
[2.981s] [ 46%] [32mBuilding CXX object CMakeFiles/robot_custom_msgs__rosidl_typesupport_c.dir/rosidl_typesupport_c/robot_custom_msgs/srv/average__type_support.cpp.o[0m
[2.981s] [ 46%] [32mBuilding CXX object CMakeFiles/robot_custom_msgs__rosidl_typesupport_c.dir/rosidl_typesupport_c/robot_custom_msgs/msg/custom__type_support.cpp.o[0m
[3.071s] [ 48%] [32mBuilding CXX object CMakeFiles/robot_custom_msgs__rosidl_typesupport_introspection_cpp.dir/rosidl_typesupport_introspection_cpp/robot_custom_msgs/msg/detail/custom__type_support.cpp.o[0m
[3.084s] [ 50%] [32mBuilding CXX object CMakeFiles/robot_custom_msgs__rosidl_typesupport_introspection_cpp.dir/rosidl_typesupport_introspection_cpp/robot_custom_msgs/srv/detail/average__type_support.cpp.o[0m
[3.085s] [ 51%] [32mBuilding CXX object CMakeFiles/robot_custom_msgs__rosidl_typesupport_introspection_cpp.dir/rosidl_typesupport_introspection_cpp/robot_custom_msgs/srv/detail/velocity__type_support.cpp.o[0m
[3.087s] [ 53%] [32mBuilding CXX object CMakeFiles/robot_custom_msgs__rosidl_typesupport_introspection_cpp.dir/rosidl_typesupport_introspection_cpp/robot_custom_msgs/srv/detail/threshold__type_support.cpp.o[0m
[3.150s] [ 56%] [32m[1mLinking CXX shared library librobot_custom_msgs__rosidl_typesupport_c.so[0m
[3.151s] [ 56%] [32mBuilding C object CMakeFiles/robot_custom_msgs__rosidl_typesupport_introspection_c.dir/rosidl_typesupport_introspection_c/robot_custom_msgs/msg/detail/custom__type_support.c.o[0m
[3.151s] [ 57%] [32mBuilding C object CMakeFiles/robot_custom_msgs__rosidl_typesupport_introspection_c.dir/rosidl_typesupport_introspection_c/robot_custom_msgs/srv/detail/velocity__type_support.c.o[0m
[3.151s] [ 59%] [32mBuilding C object CMakeFiles/robot_custom_msgs__rosidl_typesupport_introspection_c.dir/rosidl_typesupport_introspection_c/robot_custom_msgs/srv/detail/average__type_support.c.o[0m
[3.152s] [ 60%] [32mBuilding C object CMakeFiles/robot_custom_msgs__rosidl_typesupport_introspection_c.dir/rosidl_typesupport_introspection_c/robot_custom_msgs/srv/detail/threshold__type_support.c.o[0m
[3.266s] [ 62%] [32m[1mLinking C shared library librobot_custom_msgs__rosidl_typesupport_introspection_c.so[0m
[3.283s] [ 62%] Built target robot_custom_msgs__rosidl_typesupport_c
[3.317s] [ 64%] [32mBuilding CXX object CMakeFiles/robot_custom_msgs__rosidl_typesupport_fastrtps_cpp.dir/rosidl_typesupport_fastrtps_cpp/robot_custom_msgs/msg/detail/dds_fastrtps/custom__type_support.cpp.o[0m
[3.321s] [ 65%] [32mBuilding CXX object CMakeFiles/robot_custom_msgs__rosidl_typesupport_fastrtps_cpp.dir/rosidl_typesupport_fastrtps_cpp/robot_custom_msgs/srv/detail/dds_fastrtps/threshold__type_support.cpp.o[0m
[3.321s] [ 67%] [32mBuilding CXX object CMakeFiles/robot_custom_msgs__rosidl_typesupport_fastrtps_cpp.dir/rosidl_typesupport_fastrtps_cpp/robot_custom_msgs/srv/detail/dds_fastrtps/average__type_support.cpp.o[0m
[3.326s] [ 68%] [32mBuilding CXX object CMakeFiles/robot_custom_msgs__rosidl_typesupport_fastrtps_cpp.dir/rosidl_typesupport_fastrtps_cpp/robot_custom_msgs/srv/detail/dds_fastrtps/velocity__type_support.cpp.o[0m
[3.347s] [ 68%] Built target robot_custom_msgs__rosidl_typesupport_introspection_c
[3.367s] [ 70%] [32mBuilding CXX object CMakeFiles/robot_custom_msgs__rosidl_typesupport_fastrtps_c.dir/rosidl_typesupport_fastrtps_c/robot_custom_msgs/msg/detail/custom__type_support_c.cpp.o[0m
[3.369s] [ 71%] [32mBuilding CXX object CMakeFiles/robot_custom_msgs__rosidl_typesupport_fastrtps_c.dir/rosidl_typesupport_fastrtps_c/robot_custom_msgs/srv/detail/average__type_support_c.cpp.o[0m
[3.378s] [ 73%] [32mBuilding CXX object CMakeFiles/robot_custom_msgs__rosidl_typesupport_fastrtps_c.dir/rosidl_typesupport_fastrtps_c/robot_custom_msgs/srv/detail/velocity__type_support_c.cpp.o[0m
[3.378s] [ 75%] [32mBuilding CXX object CMakeFiles/robot_custom_msgs__rosidl_typesupport_fastrtps_c.dir/rosidl_typesupport_fastrtps_c/robot_custom_msgs/srv/detail/threshold__type_support_c.cpp.o[0m
[3.763s] [ 76%] [32m[1mLinking CXX shared library librobot_custom_msgs__rosidl_typesupport_cpp.so[0m
[3.836s] [ 78%] [32m[1mLinking CXX shared library librobot_custom_msgs__rosidl_typesupport_introspection_cpp.so[0m
[3.941s] [ 78%] Built target robot_custom_msgs__rosidl_typesupport_cpp
[3.999s] [ 78%] Built target robot_custom_msgs__rosidl_typesupport_introspection_cpp
[4.178s] [ 79%] [32m[1mLinking CXX shared library librobot_custom_msgs__rosidl_typesupport_fastrtps_c.so[0m
[4.228s] [ 81%] [32m[1mLinking CXX shared library librobot_custom_msgs__rosidl_typesupport_fastrtps_cpp.so[0m
[4.293s] [ 81%] Built target robot_custom_msgs__rosidl_typesupport_fastrtps_c
[4.341s] [ 81%] Built target robot_custom_msgs__rosidl_typesupport_fastrtps_cpp
[4.377s] [ 81%] Built target robot_custom_msgs
[4.415s] [ 82%] [34m[1mGenerating Python code for ROS interfaces[0m
[4.985s] [ 82%] Built target robot_custom_msgs__py
[5.036s] [ 89%] [32mBuilding C object CMakeFiles/robot_custom_msgs__rosidl_generator_py.dir/rosidl_generator_py/robot_custom_msgs/srv/_velocity_s.c.o[0m
[5.036s] [ 89%] [32mBuilding C object CMakeFiles/robot_custom_msgs__rosidl_generator_py.dir/rosidl_generator_py/robot_custom_msgs/srv/_average_s.c.o[0m
[5.036s] [ 89%] [32mBuilding C object CMakeFiles/robot_custom_msgs__rosidl_generator_py.dir/rosidl_generator_py/robot_custom_msgs/msg/_custom_s.c.o[0m
[5.036s] [ 89%] [32mBuilding C object CMakeFiles/robot_custom_msgs__rosidl_generator_py.dir/rosidl_generator_py/robot_custom_msgs/srv/_threshold_s.c.o[0m
[5.263s] [ 90%] [32m[1mLinking C shared library librobot_custom_msgs__rosidl_generator_py.so[0m
[5.328s] [ 90%] Built target robot_custom_msgs__rosidl_generator_py
[5.371s] [ 93%] [32mBuilding C object CMakeFiles/robot_custom_msgs_s__rosidl_typesupport_c.dir/rosidl_generator_py/robot_custom_msgs/_robot_custom_msgs_s.ep.rosidl_typesupport_c.c.o[0m
[5.371s] [ 93%] [32mBuilding C object CMakeFiles/robot_custom_msgs_s__rosidl_typesupport_fastrtps_c.dir/rosidl_generator_py/robot_custom_msgs/_robot_custom_msgs_s.ep.rosidl_typesupport_fastrtps_c.c.o[0m
[5.371s] [ 95%] [32mBuilding C object CMakeFiles/robot_custom_msgs_s__rosidl_typesupport_introspection_c.dir/rosidl_generator_py/robot_custom_msgs/_robot_custom_msgs_s.ep.rosidl_typesupport_introspection_c.c.o[0m
[5.526s] [ 96%] [32m[1mLinking C shared module rosidl_generator_py/robot_custom_msgs/robot_custom_msgs_s__rosidl_typesupport_c.so[0m
[5.527s] [ 98%] [32m[1mLinking C shared module rosidl_generator_py/robot_custom_msgs/robot_custom_msgs_s__rosidl_typesupport_fastrtps_c.so[0m
[5.535s] [100%] [32m[1mLinking C shared module rosidl_generator_py/robot_custom_msgs/robot_custom_msgs_s__rosidl_typesupport_introspection_c.so[0m
[5.581s] [100%] Built target robot_custom_msgs_s__rosidl_typesupport_c
[5.581s] [100%] Built target robot_custom_msgs_s__rosidl_typesupport_fastrtps_c
[5.589s] [100%] Built target robot_custom_msgs_s__rosidl_typesupport_introspection_c
[5.612s] Invoked command in '/home/ubuntu/ros_workspace/build/robot_custom_msgs' returned '0': CMAKE_PREFIX_PATH=${CMAKE_PREFIX_PATH}:/home/ubuntu/ros_workspace/install/exam_example_2:/home/ubuntu/ros_workspace/install/assignment2_rt_py:/home/ubuntu/ros_workspace/install/python_package:/home/ubuntu/ros_workspace/install/first_package_py:/home/ubuntu/ros_workspace/install/exam_example:/home/ubuntu/ros_workspace/install/assignment1_rt_py:/opt/ros/jazzy /usr/bin/cmake --build /home/ubuntu/ros_workspace/build/robot_custom_msgs -- -j16 -l16
[5.630s] Invoking command in '/home/ubuntu/ros_workspace/build/robot_custom_msgs': CMAKE_PREFIX_PATH=${CMAKE_PREFIX_PATH}:/home/ubuntu/ros_workspace/install/exam_example_2:/home/ubuntu/ros_workspace/install/assignment2_rt_py:/home/ubuntu/ros_workspace/install/python_package:/home/ubuntu/ros_workspace/install/first_package_py:/home/ubuntu/ros_workspace/install/exam_example:/home/ubuntu/ros_workspace/install/assignment1_rt_py:/opt/ros/jazzy /usr/bin/cmake --install /home/ubuntu/ros_workspace/build/robot_custom_msgs
[5.644s] -- Install configuration: ""
[5.644s] -- Up-to-date: /home/ubuntu/ros_workspace/install/robot_custom_msgs/share/ament_index/resource_index/rosidl_interfaces/robot_custom_msgs
[5.645s] -- Installing: /home/ubuntu/ros_workspace/install/robot_custom_msgs/share/robot_custom_msgs/msg/Custom.json
[5.645s] -- Installing: /home/ubuntu/ros_workspace/install/robot_custom_msgs/share/robot_custom_msgs/srv/Velocity.json
[5.645s] -- Installing: /home/ubuntu/ros_workspace/install/robot_custom_msgs/share/robot_custom_msgs/srv/Average.json
[5.645s] -- Installing: /home/ubuntu/ros_workspace/install/robot_custom_msgs/share/robot_custom_msgs/srv/Threshold.json
[5.646s] -- Up-to-date: /home/ubuntu/ros_workspace/install/robot_custom_msgs/include/robot_custom_msgs/robot_custom_msgs
[5.646s] -- Up-to-date: /home/ubuntu/ros_workspace/install/robot_custom_msgs/include/robot_custom_msgs/robot_custom_msgs/srv
[5.646s] -- Up-to-date: /home/ubuntu/ros_workspace/install/robot_custom_msgs/include/robot_custom_msgs/robot_custom_msgs/srv/detail
[5.646s] -- Installing: /home/ubuntu/ros_workspace/install/robot_custom_msgs/include/robot_custom_msgs/robot_custom_msgs/srv/detail/velocity__struct.h
[5.646s] -- Installing: /home/ubuntu/ros_workspace/install/robot_custom_msgs/include/robot_custom_msgs/robot_custom_msgs/srv/detail/average__functions.h
[5.647s] -- Installing: /home/ubuntu/ros_workspace/install/robot_custom_msgs/include/robot_custom_msgs/robot_custom_msgs/srv/detail/average__type_support.h
[5.647s] -- Installing: /home/ubuntu/ros_workspace/install/robot_custom_msgs/include/robot_custom_msgs/robot_custom_msgs/srv/detail/threshold__description.c
[5.647s] -- Installing: /home/ubuntu/ros_workspace/install/robot_custom_msgs/include/robot_custom_msgs/robot_custom_msgs/srv/detail/threshold__functions.c
[5.648s] -- Installing: /home/ubuntu/ros_workspace/install/robot_custom_msgs/include/robot_custom_msgs/robot_custom_msgs/srv/detail/threshold__type_support.h
[5.648s] -- Installing: /home/ubuntu/ros_workspace/install/robot_custom_msgs/include/robot_custom_msgs/robot_custom_msgs/srv/detail/velocity__description.c
[5.648s] -- Installing: /home/ubuntu/ros_workspace/install/robot_custom_msgs/include/robot_custom_msgs/robot_custom_msgs/srv/detail/threshold__type_support.c
[5.649s] -- Installing: /home/ubuntu/ros_workspace/install/robot_custom_msgs/include/robot_custom_msgs/robot_custom_msgs/srv/detail/average__type_support.c
[5.649s] -- Installing: /home/ubuntu/ros_workspace/install/robot_custom_msgs/include/robot_custom_msgs/robot_custom_msgs/srv/detail/velocity__type_support.h
[5.649s] -- Installing: /home/ubuntu/ros_workspace/install/robot_custom_msgs/include/robot_custom_msgs/robot_custom_msgs/srv/detail/velocity__functions.h
[5.650s] -- Installing: /home/ubuntu/ros_workspace/install/robot_custom_msgs/include/robot_custom_msgs/robot_custom_msgs/srv/detail/threshold__struct.h
[5.650s] -- Installing: /home/ubuntu/ros_workspace/install/robot_custom_msgs/include/robot_custom_msgs/robot_custom_msgs/srv/detail/velocity__type_support.c
[5.651s] -- Installing: /home/ubuntu/ros_workspace/install/robot_custom_msgs/include/robot_custom_msgs/robot_custom_msgs/srv/detail/velocity__functions.c
[5.651s] -- Installing: /home/ubuntu/ros_workspace/install/robot_custom_msgs/include/robot_custom_msgs/robot_custom_msgs/srv/detail/average__functions.c
[5.651s] -- Installing: /home/ubuntu/ros_workspace/install/robot_custom_msgs/include/robot_custom_msgs/robot_custom_msgs/srv/detail/threshold__functions.h
[5.652s] -- Installing: /home/ubuntu/ros_workspace/install/robot_custom_msgs/include/robot_custom_msgs/robot_custom_msgs/srv/detail/average__description.c
[5.652s] -- Installing: /home/ubuntu/ros_workspace/install/robot_custom_msgs/include/robot_custom_msgs/robot_custom_msgs/srv/detail/average__struct.h
[5.652s] -- Installing: /home/ubuntu/ros_workspace/install/robot_custom_msgs/include/robot_custom_msgs/robot_custom_msgs/srv/velocity.h
[5.653s] -- Installing: /home/ubuntu/ros_workspace/install/robot_custom_msgs/include/robot_custom_msgs/robot_custom_msgs/srv/threshold.h
[5.653s] -- Installing: /home/ubuntu/ros_workspace/install/robot_custom_msgs/include/robot_custom_msgs/robot_custom_msgs/srv/average.h
[5.653s] -- Up-to-date: /home/ubuntu/ros_workspace/install/robot_custom_msgs/include/robot_custom_msgs/robot_custom_msgs/msg
[5.653s] -- Up-to-date: /home/ubuntu/ros_workspace/install/robot_custom_msgs/include/robot_custom_msgs/robot_custom_msgs/msg/detail
[5.653s] -- Installing: /home/ubuntu/ros_workspace/install/robot_custom_msgs/include/robot_custom_msgs/robot_custom_msgs/msg/detail/custom__description.c
[5.654s] -- Installing: /home/ubuntu/ros_workspace/install/robot_custom_msgs/include/robot_custom_msgs/robot_custom_msgs/msg/detail/custom__type_support.c
[5.654s] -- Installing: /home/ubuntu/ros_workspace/install/robot_custom_msgs/include/robot_custom_msgs/robot_custom_msgs/msg/detail/custom__functions.c
[5.654s] -- Installing: /home/ubuntu/ros_workspace/install/robot_custom_msgs/include/robot_custom_msgs/robot_custom_msgs/msg/detail/custom__type_support.h
[5.655s] -- Installing: /home/ubuntu/ros_workspace/install/robot_custom_msgs/include/robot_custom_msgs/robot_custom_msgs/msg/detail/custom__functions.h
[5.655s] -- Installing: /home/ubuntu/ros_workspace/install/robot_custom_msgs/include/robot_custom_msgs/robot_custom_msgs/msg/detail/custom__struct.h
[5.655s] -- Installing: /home/ubuntu/ros_workspace/install/robot_custom_msgs/include/robot_custom_msgs/robot_custom_msgs/msg/custom.h
[5.656s] -- Up-to-date: /home/ubuntu/ros_workspace/install/robot_custom_msgs/include/robot_custom_msgs/robot_custom_msgs/msg/rosidl_generator_c__visibility_control.h
[5.656s] -- Up-to-date: /home/ubuntu/ros_workspace/install/robot_custom_msgs/share/robot_custom_msgs/environment/library_path.sh
[5.656s] -- Up-to-date: /home/ubuntu/ros_workspace/install/robot_custom_msgs/share/robot_custom_msgs/environment/library_path.dsv
[5.658s] -- Installing: /home/ubuntu/ros_workspace/install/robot_custom_msgs/lib/librobot_custom_msgs__rosidl_generator_c.so
[5.659s] -- Set non-toolchain portion of runtime path of "/home/ubuntu/ros_workspace/install/robot_custom_msgs/lib/librobot_custom_msgs__rosidl_generator_c.so" to ""
[5.659s] -- Up-to-date: /home/ubuntu/ros_workspace/install/robot_custom_msgs/include/robot_custom_msgs/robot_custom_msgs
[5.659s] -- Up-to-date: /home/ubuntu/ros_workspace/install/robot_custom_msgs/include/robot_custom_msgs/robot_custom_msgs/srv
[5.660s] -- Up-to-date: /home/ubuntu/ros_workspace/install/robot_custom_msgs/include/robot_custom_msgs/robot_custom_msgs/srv/detail
[5.660s] -- Installing: /home/ubuntu/ros_workspace/install/robot_custom_msgs/include/robot_custom_msgs/robot_custom_msgs/srv/detail/velocity__rosidl_typesupport_fastrtps_c.h
[5.660s] -- Installing: /home/ubuntu/ros_workspace/install/robot_custom_msgs/include/robot_custom_msgs/robot_custom_msgs/srv/detail/average__rosidl_typesupport_fastrtps_c.h
[5.660s] -- Installing: /home/ubuntu/ros_workspace/install/robot_custom_msgs/include/robot_custom_msgs/robot_custom_msgs/srv/detail/threshold__rosidl_typesupport_fastrtps_c.h
[5.660s] -- Up-to-date: /home/ubuntu/ros_workspace/install/robot_custom_msgs/include/robot_custom_msgs/robot_custom_msgs/msg
[5.661s] -- Up-to-date: /home/ubuntu/ros_workspace/install/robot_custom_msgs/include/robot_custom_msgs/robot_custom_msgs/msg/detail
[5.661s] -- Installing: /home/ubuntu/ros_workspace/install/robot_custom_msgs/include/robot_custom_msgs/robot_custom_msgs/msg/detail/custom__rosidl_typesupport_fastrtps_c.h
[5.661s] -- Up-to-date: /home/ubuntu/ros_workspace/install/robot_custom_msgs/include/robot_custom_msgs/robot_custom_msgs/msg/rosidl_typesupport_fastrtps_c__visibility_control.h
[5.662s] -- Installing: /home/ubuntu/ros_workspace/install/robot_custom_msgs/lib/librobot_custom_msgs__rosidl_typesupport_fastrtps_c.so
[5.663s] -- Set non-toolchain portion of runtime path of "/home/ubuntu/ros_workspace/install/robot_custom_msgs/lib/librobot_custom_msgs__rosidl_typesupport_fastrtps_c.so" to ""
[5.663s] -- Up-to-date: /home/ubuntu/ros_workspace/install/robot_custom_msgs/include/robot_custom_msgs/robot_custom_msgs
[5.664s] -- Up-to-date: /home/ubuntu/ros_workspace/install/robot_custom_msgs/include/robot_custom_msgs/robot_custom_msgs/srv
[5.664s] -- Up-to-date: /home/ubuntu/ros_workspace/install/robot_custom_msgs/include/robot_custom_msgs/robot_custom_msgs/srv/detail
[5.664s] -- Installing: /home/ubuntu/ros_workspace/install/robot_custom_msgs/include/robot_custom_msgs/robot_custom_msgs/srv/detail/threshold__rosidl_typesupport_introspection_c.h
[5.664s] -- Up-to-date: /home/ubuntu/ros_workspace/install/robot_custom_msgs/include/robot_custom_msgs/robot_custom_msgs/srv/detail/threshold__type_support.c
[5.664s] -- Installing: /home/ubuntu/ros_workspace/install/robot_custom_msgs/include/robot_custom_msgs/robot_custom_msgs/srv/detail/average__rosidl_typesupport_introspection_c.h
[5.664s] -- Up-to-date: /home/ubuntu/ros_workspace/install/robot_custom_msgs/include/robot_custom_msgs/robot_custom_msgs/srv/detail/average__type_support.c
[5.664s] -- Up-to-date: /home/ubuntu/ros_workspace/install/robot_custom_msgs/include/robot_custom_msgs/robot_custom_msgs/srv/detail/velocity__type_support.c
[5.665s] -- Installing: /home/ubuntu/ros_workspace/install/robot_custom_msgs/include/robot_custom_msgs/robot_custom_msgs/srv/detail/velocity__rosidl_typesupport_introspection_c.h
[5.665s] -- Up-to-date: /home/ubuntu/ros_workspace/install/robot_custom_msgs/include/robot_custom_msgs/robot_custom_msgs/msg
[5.665s] -- Up-to-date: /home/ubuntu/ros_workspace/install/robot_custom_msgs/include/robot_custom_msgs/robot_custom_msgs/msg/detail
[5.665s] -- Installing: /home/ubuntu/ros_workspace/install/robot_custom_msgs/include/robot_custom_msgs/robot_custom_msgs/msg/detail/custom__rosidl_typesupport_introspection_c.h
[5.665s] -- Up-to-date: /home/ubuntu/ros_workspace/install/robot_custom_msgs/include/robot_custom_msgs/robot_custom_msgs/msg/detail/custom__type_support.c
[5.666s] -- Up-to-date: /home/ubuntu/ros_workspace/install/robot_custom_msgs/include/robot_custom_msgs/robot_custom_msgs/msg/rosidl_typesupport_introspection_c__visibility_control.h
[5.667s] -- Installing: /home/ubuntu/ros_workspace/install/robot_custom_msgs/lib/librobot_custom_msgs__rosidl_typesupport_introspection_c.so
[5.668s] -- Set non-toolchain portion of runtime path of "/home/ubuntu/ros_workspace/install/robot_custom_msgs/lib/librobot_custom_msgs__rosidl_typesupport_introspection_c.so" to ""
[5.669s] -- Installing: /home/ubuntu/ros_workspace/install/robot_custom_msgs/lib/librobot_custom_msgs__rosidl_typesupport_c.so
[5.670s] -- Set non-toolchain portion of runtime path of "/home/ubuntu/ros_workspace/install/robot_custom_msgs/lib/librobot_custom_msgs__rosidl_typesupport_c.so" to ""
[5.670s] -- Up-to-date: /home/ubuntu/ros_workspace/install/robot_custom_msgs/include/robot_custom_msgs/robot_custom_msgs
[5.670s] -- Up-to-date: /home/ubuntu/ros_workspace/install/robot_custom_msgs/include/robot_custom_msgs/robot_custom_msgs/srv
[5.670s] -- Up-to-date: /home/ubuntu/ros_workspace/install/robot_custom_msgs/include/robot_custom_msgs/robot_custom_msgs/srv/detail
[5.670s] -- Installing: /home/ubuntu/ros_workspace/install/robot_custom_msgs/include/robot_custom_msgs/robot_custom_msgs/srv/detail/threshold__struct.hpp
[5.671s] -- Installing: /home/ubuntu/ros_workspace/install/robot_custom_msgs/include/robot_custom_msgs/robot_custom_msgs/srv/detail/average__struct.hpp
[5.671s] -- Installing: /home/ubuntu/ros_workspace/install/robot_custom_msgs/include/robot_custom_msgs/robot_custom_msgs/srv/detail/average__type_support.hpp
[5.671s] -- Installing: /home/ubuntu/ros_workspace/install/robot_custom_msgs/include/robot_custom_msgs/robot_custom_msgs/srv/detail/threshold__builder.hpp
[5.672s] -- Installing: /home/ubuntu/ros_workspace/install/robot_custom_msgs/include/robot_custom_msgs/robot_custom_msgs/srv/detail/velocity__traits.hpp
[5.672s] -- Installing: /home/ubuntu/ros_workspace/install/robot_custom_msgs/include/robot_custom_msgs/robot_custom_msgs/srv/detail/threshold__type_support.hpp
[5.672s] -- Installing: /home/ubuntu/ros_workspace/install/robot_custom_msgs/include/robot_custom_msgs/robot_custom_msgs/srv/detail/threshold__traits.hpp
[5.673s] -- Installing: /home/ubuntu/ros_workspace/install/robot_custom_msgs/include/robot_custom_msgs/robot_custom_msgs/srv/detail/velocity__type_support.hpp
[5.673s] -- Installing: /home/ubuntu/ros_workspace/install/robot_custom_msgs/include/robot_custom_msgs/robot_custom_msgs/srv/detail/average__traits.hpp
[5.674s] -- Installing: /home/ubuntu/ros_workspace/install/robot_custom_msgs/include/robot_custom_msgs/robot_custom_msgs/srv/detail/average__builder.hpp
[5.674s] -- Installing: /home/ubuntu/ros_workspace/install/robot_custom_msgs/include/robot_custom_msgs/robot_custom_msgs/srv/detail/velocity__builder.hpp
[5.674s] -- Installing: /home/ubuntu/ros_workspace/install/robot_custom_msgs/include/robot_custom_msgs/robot_custom_msgs/srv/detail/velocity__struct.hpp
[5.675s] -- Installing: /home/ubuntu/ros_workspace/install/robot_custom_msgs/include/robot_custom_msgs/robot_custom_msgs/srv/threshold.hpp
[5.675s] -- Installing: /home/ubuntu/ros_workspace/install/robot_custom_msgs/include/robot_custom_msgs/robot_custom_msgs/srv/velocity.hpp
[5.676s] -- Installing: /home/ubuntu/ros_workspace/install/robot_custom_msgs/include/robot_custom_msgs/robot_custom_msgs/srv/average.hpp
[5.676s] -- Up-to-date: /home/ubuntu/ros_workspace/install/robot_custom_msgs/include/robot_custom_msgs/robot_custom_msgs/msg
[5.676s] -- Up-to-date: /home/ubuntu/ros_workspace/install/robot_custom_msgs/include/robot_custom_msgs/robot_custom_msgs/msg/detail
[5.676s] -- Installing: /home/ubuntu/ros_workspace/install/robot_custom_msgs/include/robot_custom_msgs/robot_custom_msgs/msg/detail/custom__builder.hpp
[5.677s] -- Installing: /home/ubuntu/ros_workspace/install/robot_custom_msgs/include/robot_custom_msgs/robot_custom_msgs/msg/detail/custom__struct.hpp
[5.677s] -- Installing: /home/ubuntu/ros_workspace/install/robot_custom_msgs/include/robot_custom_msgs/robot_custom_msgs/msg/detail/custom__traits.hpp
[5.677s] -- Installing: /home/ubuntu/ros_workspace/install/robot_custom_msgs/include/robot_custom_msgs/robot_custom_msgs/msg/detail/custom__type_support.hpp
[5.678s] -- Installing: /home/ubuntu/ros_workspace/install/robot_custom_msgs/include/robot_custom_msgs/robot_custom_msgs/msg/custom.hpp
[5.678s] -- Installing: /home/ubuntu/ros_workspace/install/robot_custom_msgs/include/robot_custom_msgs/robot_custom_msgs/msg/rosidl_generator_cpp__visibility_control.hpp
[5.678s] -- Up-to-date: /home/ubuntu/ros_workspace/install/robot_custom_msgs/include/robot_custom_msgs/robot_custom_msgs
[5.679s] -- Up-to-date: /home/ubuntu/ros_workspace/install/robot_custom_msgs/include/robot_custom_msgs/robot_custom_msgs/srv
[5.679s] -- Up-to-date: /home/ubuntu/ros_workspace/install/robot_custom_msgs/include/robot_custom_msgs/robot_custom_msgs/srv/detail
[5.679s] -- Up-to-date: /home/ubuntu/ros_workspace/install/robot_custom_msgs/include/robot_custom_msgs/robot_custom_msgs/srv/detail/dds_fastrtps
[5.679s] -- Installing: /home/ubuntu/ros_workspace/install/robot_custom_msgs/include/robot_custom_msgs/robot_custom_msgs/srv/detail/velocity__rosidl_typesupport_fastrtps_cpp.hpp
[5.679s] -- Installing: /home/ubuntu/ros_workspace/install/robot_custom_msgs/include/robot_custom_msgs/robot_custom_msgs/srv/detail/average__rosidl_typesupport_fastrtps_cpp.hpp
[5.679s] -- Installing: /home/ubuntu/ros_workspace/install/robot_custom_msgs/include/robot_custom_msgs/robot_custom_msgs/srv/detail/threshold__rosidl_typesupport_fastrtps_cpp.hpp
[5.680s] -- Up-to-date: /home/ubuntu/ros_workspace/install/robot_custom_msgs/include/robot_custom_msgs/robot_custom_msgs/msg
[5.680s] -- Up-to-date: /home/ubuntu/ros_workspace/install/robot_custom_msgs/include/robot_custom_msgs/robot_custom_msgs/msg/detail
[5.680s] -- Up-to-date: /home/ubuntu/ros_workspace/install/robot_custom_msgs/include/robot_custom_msgs/robot_custom_msgs/msg/detail/dds_fastrtps
[5.680s] -- Installing: /home/ubuntu/ros_workspace/install/robot_custom_msgs/include/robot_custom_msgs/robot_custom_msgs/msg/detail/custom__rosidl_typesupport_fastrtps_cpp.hpp
[5.680s] -- Up-to-date: /home/ubuntu/ros_workspace/install/robot_custom_msgs/include/robot_custom_msgs/robot_custom_msgs/msg/rosidl_typesupport_fastrtps_cpp__visibility_control.h
[5.682s] -- Installing: /home/ubuntu/ros_workspace/install/robot_custom_msgs/lib/librobot_custom_msgs__rosidl_typesupport_fastrtps_cpp.so
[5.684s] -- Set non-toolchain portion of runtime path of "/home/ubuntu/ros_workspace/install/robot_custom_msgs/lib/librobot_custom_msgs__rosidl_typesupport_fastrtps_cpp.so" to ""
[5.684s] -- Up-to-date: /home/ubuntu/ros_workspace/install/robot_custom_msgs/include/robot_custom_msgs/robot_custom_msgs
[5.684s] -- Up-to-date: /home/ubuntu/ros_workspace/install/robot_custom_msgs/include/robot_custom_msgs/robot_custom_msgs/srv
[5.684s] -- Up-to-date: /home/ubuntu/ros_workspace/install/robot_custom_msgs/include/robot_custom_msgs/robot_custom_msgs/srv/detail
[5.684s] -- Installing: /home/ubuntu/ros_workspace/install/robot_custom_msgs/include/robot_custom_msgs/robot_custom_msgs/srv/detail/average__rosidl_typesupport_introspection_cpp.hpp
[5.684s] -- Installing: /home/ubuntu/ros_workspace/install/robot_custom_msgs/include/robot_custom_msgs/robot_custom_msgs/srv/detail/velocity__type_support.cpp
[5.685s] -- Installing: /home/ubuntu/ros_workspace/install/robot_custom_msgs/include/robot_custom_msgs/robot_custom_msgs/srv/detail/average__type_support.cpp
[5.685s] -- Installing: /home/ubuntu/ros_workspace/install/robot_custom_msgs/include/robot_custom_msgs/robot_custom_msgs/srv/detail/velocity__rosidl_typesupport_introspection_cpp.hpp
[5.685s] -- Installing: /home/ubuntu/ros_workspace/install/robot_custom_msgs/include/robot_custom_msgs/robot_custom_msgs/srv/detail/threshold__rosidl_typesupport_introspection_cpp.hpp
[5.685s] -- Installing: /home/ubuntu/ros_workspace/install/robot_custom_msgs/include/robot_custom_msgs/robot_custom_msgs/srv/detail/threshold__type_support.cpp
[5.686s] -- Up-to-date: /home/ubuntu/ros_workspace/install/robot_custom_msgs/include/robot_custom_msgs/robot_custom_msgs/msg
[5.686s] -- Up-to-date: /home/ubuntu/ros_workspace/install/robot_custom_msgs/include/robot_custom_msgs/robot_custom_msgs/msg/detail
[5.686s] -- Installing: /home/ubuntu/ros_workspace/install/robot_custom_msgs/include/robot_custom_msgs/robot_custom_msgs/msg/detail/custom__type_support.cpp
[5.687s] -- Installing: /home/ubuntu/ros_workspace/install/robot_custom_msgs/include/robot_custom_msgs/robot_custom_msgs/msg/detail/custom__rosidl_typesupport_introspection_cpp.hpp
[5.688s] -- Installing: /home/ubuntu/ros_workspace/install/robot_custom_msgs/lib/librobot_custom_msgs__rosidl_typesupport_introspection_cpp.so
[5.690s] -- Set non-toolchain portion of runtime path of "/home/ubuntu/ros_workspace/install/robot_custom_msgs/lib/librobot_custom_msgs__rosidl_typesupport_introspection_cpp.so" to ""
[5.691s] -- Installing: /home/ubuntu/ros_workspace/install/robot_custom_msgs/lib/librobot_custom_msgs__rosidl_typesupport_cpp.so
[5.692s] -- Set non-toolchain portion of runtime path of "/home/ubuntu/ros_workspace/install/robot_custom_msgs/lib/librobot_custom_msgs__rosidl_typesupport_cpp.so" to ""
[5.692s] -- Up-to-date: /home/ubuntu/ros_workspace/install/robot_custom_msgs/share/robot_custom_msgs/environment/pythonpath.sh
[5.693s] -- Up-to-date: /home/ubuntu/ros_workspace/install/robot_custom_msgs/share/robot_custom_msgs/environment/pythonpath.dsv
[5.693s] -- Up-to-date: /home/ubuntu/ros_workspace/install/robot_custom_msgs/lib/python3.12/site-packages/robot_custom_msgs-0.0.0-py3.12.egg-info
[5.693s] -- Installing: /home/ubuntu/ros_workspace/install/robot_custom_msgs/lib/python3.12/site-packages/robot_custom_msgs-0.0.0-py3.12.egg-info/top_level.txt
[5.693s] -- Installing: /home/ubuntu/ros_workspace/install/robot_custom_msgs/lib/python3.12/site-packages/robot_custom_msgs-0.0.0-py3.12.egg-info/SOURCES.txt
[5.693s] -- Installing: /home/ubuntu/ros_workspace/install/robot_custom_msgs/lib/python3.12/site-packages/robot_custom_msgs-0.0.0-py3.12.egg-info/PKG-INFO
[5.693s] -- Installing: /home/ubuntu/ros_workspace/install/robot_custom_msgs/lib/python3.12/site-packages/robot_custom_msgs-0.0.0-py3.12.egg-info/dependency_links.txt
[5.694s] -- Up-to-date: /home/ubuntu/ros_workspace/install/robot_custom_msgs/lib/python3.12/site-packages/robot_custom_msgs
[5.694s] -- Installing: /home/ubuntu/ros_workspace/install/robot_custom_msgs/lib/python3.12/site-packages/robot_custom_msgs/_robot_custom_msgs_s.ep.rosidl_typesupport_introspection_c.c
[5.694s] -- Installing: /home/ubuntu/ros_workspace/install/robot_custom_msgs/lib/python3.12/site-packages/robot_custom_msgs/robot_custom_msgs_s__rosidl_typesupport_introspection_c.so
[5.695s] -- Installing: /home/ubuntu/ros_workspace/install/robot_custom_msgs/lib/python3.12/site-packages/robot_custom_msgs/robot_custom_msgs_s__rosidl_typesupport_fastrtps_c.so
[5.695s] -- Installing: /home/ubuntu/ros_workspace/install/robot_custom_msgs/lib/python3.12/site-packages/robot_custom_msgs/robot_custom_msgs_s__rosidl_typesupport_c.so
[5.696s] -- Installing: /home/ubuntu/ros_workspace/install/robot_custom_msgs/lib/python3.12/site-packages/robot_custom_msgs/__init__.py
[5.696s] -- Up-to-date: /home/ubuntu/ros_workspace/install/robot_custom_msgs/lib/python3.12/site-packages/robot_custom_msgs/srv
[5.696s] -- Installing: /home/ubuntu/ros_workspace/install/robot_custom_msgs/lib/python3.12/site-packages/robot_custom_msgs/srv/_average.py
[5.696s] -- Installing: /home/ubuntu/ros_workspace/install/robot_custom_msgs/lib/python3.12/site-packages/robot_custom_msgs/srv/_velocity.py
[5.697s] -- Installing: /home/ubuntu/ros_workspace/install/robot_custom_msgs/lib/python3.12/site-packages/robot_custom_msgs/srv/_average_s.c
[5.697s] -- Installing: /home/ubuntu/ros_workspace/install/robot_custom_msgs/lib/python3.12/site-packages/robot_custom_msgs/srv/_threshold_s.c
[5.697s] -- Installing: /home/ubuntu/ros_workspace/install/robot_custom_msgs/lib/python3.12/site-packages/robot_custom_msgs/srv/_velocity_s.c
[5.698s] -- Installing: /home/ubuntu/ros_workspace/install/robot_custom_msgs/lib/python3.12/site-packages/robot_custom_msgs/srv/__init__.py
[5.698s] -- Installing: /home/ubuntu/ros_workspace/install/robot_custom_msgs/lib/python3.12/site-packages/robot_custom_msgs/srv/_threshold.py
[5.698s] -- Installing: /home/ubuntu/ros_workspace/install/robot_custom_msgs/lib/python3.12/site-packages/robot_custom_msgs/_robot_custom_msgs_s.ep.rosidl_typesupport_fastrtps_c.c
[5.699s] -- Installing: /home/ubuntu/ros_workspace/install/robot_custom_msgs/lib/python3.12/site-packages/robot_custom_msgs/_robot_custom_msgs_s.ep.rosidl_typesupport_c.c
[5.699s] -- Up-to-date: /home/ubuntu/ros_workspace/install/robot_custom_msgs/lib/python3.12/site-packages/robot_custom_msgs/msg
[5.699s] -- Installing: /home/ubuntu/ros_workspace/install/robot_custom_msgs/lib/python3.12/site-packages/robot_custom_msgs/msg/_custom_s.c
[5.700s] -- Installing: /home/ubuntu/ros_workspace/install/robot_custom_msgs/lib/python3.12/site-packages/robot_custom_msgs/msg/__init__.py
[5.700s] -- Installing: /home/ubuntu/ros_workspace/install/robot_custom_msgs/lib/python3.12/site-packages/robot_custom_msgs/msg/_custom.py
[5.757s] Listing '/home/ubuntu/ros_workspace/install/robot_custom_msgs/lib/python3.12/site-packages/robot_custom_msgs'...
[5.757s] Compiling '/home/ubuntu/ros_workspace/install/robot_custom_msgs/lib/python3.12/site-packages/robot_custom_msgs/__init__.py'...
[5.757s] Listing '/home/ubuntu/ros_workspace/install/robot_custom_msgs/lib/python3.12/site-packages/robot_custom_msgs/msg'...
[5.757s] Compiling '/home/ubuntu/ros_workspace/install/robot_custom_msgs/lib/python3.12/site-packages/robot_custom_msgs/msg/__init__.py'...
[5.757s] Compiling '/home/ubuntu/ros_workspace/install/robot_custom_msgs/lib/python3.12/site-packages/robot_custom_msgs/msg/_custom.py'...
[5.757s] Listing '/home/ubuntu/ros_workspace/install/robot_custom_msgs/lib/python3.12/site-packages/robot_custom_msgs/srv'...
[5.757s] Compiling '/home/ubuntu/ros_workspace/install/robot_custom_msgs/lib/python3.12/site-packages/robot_custom_msgs/srv/__init__.py'...
[5.757s] Compiling '/home/ubuntu/ros_workspace/install/robot_custom_msgs/lib/python3.12/site-packages/robot_custom_msgs/srv/_average.py'...
[5.757s] Compiling '/home/ubuntu/ros_workspace/install/robot_custom_msgs/lib/python3.12/site-packages/robot_custom_msgs/srv/_threshold.py'...
[5.757s] Compiling '/home/ubuntu/ros_workspace/install/robot_custom_msgs/lib/python3.12/site-packages/robot_custom_msgs/srv/_velocity.py'...
[5.764s] -- Installing: /home/ubuntu/ros_workspace/install/robot_custom_msgs/lib/python3.12/site-packages/robot_custom_msgs/robot_custom_msgs_s__rosidl_typesupport_fastrtps_c.so
[5.765s] -- Set non-toolchain portion of runtime path of "/home/ubuntu/ros_workspace/install/robot_custom_msgs/lib/python3.12/site-packages/robot_custom_msgs/robot_custom_msgs_s__rosidl_typesupport_fastrtps_c.so" to ""
[5.765s] -- Installing: /home/ubuntu/ros_workspace/install/robot_custom_msgs/lib/python3.12/site-packages/robot_custom_msgs/robot_custom_msgs_s__rosidl_typesupport_introspection_c.so
[5.766s] -- Set non-toolchain portion of runtime path of "/home/ubuntu/ros_workspace/install/robot_custom_msgs/lib/python3.12/site-packages/robot_custom_msgs/robot_custom_msgs_s__rosidl_typesupport_introspection_c.so" to ""
[5.766s] -- Installing: /home/ubuntu/ros_workspace/install/robot_custom_msgs/lib/python3.12/site-packages/robot_custom_msgs/robot_custom_msgs_s__rosidl_typesupport_c.so
[5.767s] -- Set non-toolchain portion of runtime path of "/home/ubuntu/ros_workspace/install/robot_custom_msgs/lib/python3.12/site-packages/robot_custom_msgs/robot_custom_msgs_s__rosidl_typesupport_c.so" to ""
[5.769s] -- Installing: /home/ubuntu/ros_workspace/install/robot_custom_msgs/lib/librobot_custom_msgs__rosidl_generator_py.so
[5.770s] -- Set non-toolchain portion of runtime path of "/home/ubuntu/ros_workspace/install/robot_custom_msgs/lib/librobot_custom_msgs__rosidl_generator_py.so" to ""
[5.770s] -- Up-to-date: /home/ubuntu/ros_workspace/install/robot_custom_msgs/share/robot_custom_msgs/msg/Custom.idl
[5.770s] -- Up-to-date: /home/ubuntu/ros_workspace/install/robot_custom_msgs/share/robot_custom_msgs/srv/Velocity.idl
[5.770s] -- Installing: /home/ubuntu/ros_workspace/install/robot_custom_msgs/share/robot_custom_msgs/srv/Average.idl
[5.770s] -- Up-to-date: /home/ubuntu/ros_workspace/install/robot_custom_msgs/share/robot_custom_msgs/srv/Threshold.idl
[5.770s] -- Up-to-date: /home/ubuntu/ros_workspace/install/robot_custom_msgs/share/robot_custom_msgs/msg/Custom.msg
[5.771s] -- Up-to-date: /home/ubuntu/ros_workspace/install/robot_custom_msgs/share/robot_custom_msgs/srv/Velocity.srv
[5.771s] -- Installing: /home/ubuntu/ros_workspace/install/robot_custom_msgs/share/robot_custom_msgs/srv/Average.srv
[5.771s] -- Up-to-date: /home/ubuntu/ros_workspace/install/robot_custom_msgs/share/robot_custom_msgs/srv/Threshold.srv
[5.771s] -- Up-to-date: /home/ubuntu/ros_workspace/install/robot_custom_msgs/share/ament_index/resource_index/package_run_dependencies/robot_custom_msgs
[5.771s] -- Installing: /home/ubuntu/ros_workspace/install/robot_custom_msgs/share/ament_index/resource_index/parent_prefix_path/robot_custom_msgs
[5.772s] -- Up-to-date: /home/ubuntu/ros_workspace/install/robot_custom_msgs/share/robot_custom_msgs/environment/ament_prefix_path.sh
[5.772s] -- Up-to-date: /home/ubuntu/ros_workspace/install/robot_custom_msgs/share/robot_custom_msgs/environment/ament_prefix_path.dsv
[5.772s] -- Up-to-date: /home/ubuntu/ros_workspace/install/robot_custom_msgs/share/robot_custom_msgs/environment/path.sh
[5.772s] -- Up-to-date: /home/ubuntu/ros_workspace/install/robot_custom_msgs/share/robot_custom_msgs/environment/path.dsv
[5.772s] -- Up-to-date: /home/ubuntu/ros_workspace/install/robot_custom_msgs/share/robot_custom_msgs/local_setup.bash
[5.773s] -- Up-to-date: /home/ubuntu/ros_workspace/install/robot_custom_msgs/share/robot_custom_msgs/local_setup.sh
[5.773s] -- Up-to-date: /home/ubuntu/ros_workspace/install/robot_custom_msgs/share/robot_custom_msgs/local_setup.zsh
[5.773s] -- Up-to-date: /home/ubuntu/ros_workspace/install/robot_custom_msgs/share/robot_custom_msgs/local_setup.dsv
[5.773s] -- Installing: /home/ubuntu/ros_workspace/install/robot_custom_msgs/share/robot_custom_msgs/package.dsv
[5.773s] -- Up-to-date: /home/ubuntu/ros_workspace/install/robot_custom_msgs/share/ament_index/resource_index/packages/robot_custom_msgs
[5.773s] -- Up-to-date: /home/ubuntu/ros_workspace/install/robot_custom_msgs/share/robot_custom_msgs/cmake/export_robot_custom_msgs__rosidl_generator_cExport.cmake
[5.773s] -- Up-to-date: /home/ubuntu/ros_workspace/install/robot_custom_msgs/share/robot_custom_msgs/cmake/export_robot_custom_msgs__rosidl_generator_cExport-noconfig.cmake
[5.774s] -- Up-to-date: /home/ubuntu/ros_workspace/install/robot_custom_msgs/share/robot_custom_msgs/cmake/export_robot_custom_msgs__rosidl_typesupport_fastrtps_cExport.cmake
[5.774s] -- Up-to-date: /home/ubuntu/ros_workspace/install/robot_custom_msgs/share/robot_custom_msgs/cmake/export_robot_custom_msgs__rosidl_typesupport_fastrtps_cExport-noconfig.cmake
[5.774s] -- Up-to-date: /home/ubuntu/ros_workspace/install/robot_custom_msgs/share/robot_custom_msgs/cmake/robot_custom_msgs__rosidl_typesupport_introspection_cExport.cmake
[5.775s] -- Up-to-date: /home/ubuntu/ros_workspace/install/robot_custom_msgs/share/robot_custom_msgs/cmake/robot_custom_msgs__rosidl_typesupport_introspection_cExport-noconfig.cmake
[5.775s] -- Up-to-date: /home/ubuntu/ros_workspace/install/robot_custom_msgs/share/robot_custom_msgs/cmake/robot_custom_msgs__rosidl_typesupport_cExport.cmake
[5.775s] -- Up-to-date: /home/ubuntu/ros_workspace/install/robot_custom_msgs/share/robot_custom_msgs/cmake/robot_custom_msgs__rosidl_typesupport_cExport-noconfig.cmake
[5.776s] -- Up-to-date: /home/ubuntu/ros_workspace/install/robot_custom_msgs/share/robot_custom_msgs/cmake/export_robot_custom_msgs__rosidl_generator_cppExport.cmake
[5.776s] -- Up-to-date: /home/ubuntu/ros_workspace/install/robot_custom_msgs/share/robot_custom_msgs/cmake/export_robot_custom_msgs__rosidl_typesupport_fastrtps_cppExport.cmake
[5.776s] -- Up-to-date: /home/ubuntu/ros_workspace/install/robot_custom_msgs/share/robot_custom_msgs/cmake/export_robot_custom_msgs__rosidl_typesupport_fastrtps_cppExport-noconfig.cmake
[5.776s] -- Up-to-date: /home/ubuntu/ros_workspace/install/robot_custom_msgs/share/robot_custom_msgs/cmake/robot_custom_msgs__rosidl_typesupport_introspection_cppExport.cmake
[5.776s] -- Up-to-date: /home/ubuntu/ros_workspace/install/robot_custom_msgs/share/robot_custom_msgs/cmake/robot_custom_msgs__rosidl_typesupport_introspection_cppExport-noconfig.cmake
[5.777s] -- Up-to-date: /home/ubuntu/ros_workspace/install/robot_custom_msgs/share/robot_custom_msgs/cmake/robot_custom_msgs__rosidl_typesupport_cppExport.cmake
[5.777s] -- Up-to-date: /home/ubuntu/ros_workspace/install/robot_custom_msgs/share/robot_custom_msgs/cmake/robot_custom_msgs__rosidl_typesupport_cppExport-noconfig.cmake
[5.777s] -- Up-to-date: /home/ubuntu/ros_workspace/install/robot_custom_msgs/share/robot_custom_msgs/cmake/export_robot_custom_msgs__rosidl_generator_pyExport.cmake
[5.777s] -- Up-to-date: /home/ubuntu/ros_workspace/install/robot_custom_msgs/share/robot_custom_msgs/cmake/export_robot_custom_msgs__rosidl_generator_pyExport-noconfig.cmake
[5.778s] -- Up-to-date: /home/ubuntu/ros_workspace/install/robot_custom_msgs/share/robot_custom_msgs/cmake/rosidl_cmake-extras.cmake
[5.778s] -- Up-to-date: /home/ubuntu/ros_workspace/install/robot_custom_msgs/share/robot_custom_msgs/cmake/ament_cmake_export_dependencies-extras.cmake
[5.778s] -- Up-to-date: /home/ubuntu/ros_workspace/install/robot_custom_msgs/share/robot_custom_msgs/cmake/ament_cmake_export_include_directories-extras.cmake
[5.778s] -- Up-to-date: /home/ubuntu/ros_workspace/install/robot_custom_msgs/share/robot_custom_msgs/cmake/ament_cmake_export_libraries-extras.cmake
[5.778s] -- Up-to-date: /home/ubuntu/ros_workspace/install/robot_custom_msgs/share/robot_custom_msgs/cmake/ament_cmake_export_targets-extras.cmake
[5.778s] -- Up-to-date: /home/ubuntu/ros_workspace/install/robot_custom_msgs/share/robot_custom_msgs/cmake/rosidl_cmake_export_typesupport_targets-extras.cmake
[5.778s] -- Up-to-date: /home/ubuntu/ros_workspace/install/robot_custom_msgs/share/robot_custom_msgs/cmake/rosidl_cmake_export_typesupport_libraries-extras.cmake
[5.778s] -- Up-to-date: /home/ubuntu/ros_workspace/install/robot_custom_msgs/share/robot_custom_msgs/cmake/robot_custom_msgsConfig.cmake
[5.778s] -- Up-to-date: /home/ubuntu/ros_workspace/install/robot_custom_msgs/share/robot_custom_msgs/cmake/robot_custom_msgsConfig-version.cmake
[5.779s] -- Up-to-date: /home/ubuntu/ros_workspace/install/robot_custom_msgs/share/robot_custom_msgs/package.xml
[5.782s] Invoked command in '/home/ubuntu/ros_workspace/build/robot_custom_msgs' returned '0': CMAKE_PREFIX_PATH=${CMAKE_PREFIX_PATH}:/home/ubuntu/ros_workspace/install/exam_example_2:/home/ubuntu/ros_workspace/install/assignment2_rt_py:/home/ubuntu/ros_workspace/install/python_package:/home/ubuntu/ros_workspace/install/first_package_py:/home/ubuntu/ros_workspace/install/exam_example:/home/ubuntu/ros_workspace/install/assignment1_rt_py:/opt/ros/jazzy /usr/bin/cmake --install /home/ubuntu/ros_workspace/build/robot_custom_msgs
