running egg_info
writing ../../build/turtle_action_client/turtle_action_client.egg-info/PKG-INFO
writing dependency_links to ../../build/turtle_action_client/turtle_action_client.egg-info/dependency_links.txt
writing entry points to ../../build/turtle_action_client/turtle_action_client.egg-info/entry_points.txt
writing requirements to ../../build/turtle_action_client/turtle_action_client.egg-info/requires.txt
writing top-level names to ../../build/turtle_action_client/turtle_action_client.egg-info/top_level.txt
reading manifest file '../../build/turtle_action_client/turtle_action_client.egg-info/SOURCES.txt'
writing manifest file '../../build/turtle_action_client/turtle_action_client.egg-info/SOURCES.txt'
running build
running build_py
running install
running install_lib
running install_data
running install_egg_info
removing '/home/ubuntu/ros_workspace/install/turtle_action_client/lib/python3.12/site-packages/turtle_action_client-0.0.0-py3.12.egg-info' (and everything under it)
Copying ../../build/turtle_action_client/turtle_action_client.egg-info to /home/ubuntu/ros_workspace/install/turtle_action_client/lib/python3.12/site-packages/turtle_action_client-0.0.0-py3.12.egg-info
running install_scripts
Installing cancel_client script to /home/ubuntu/ros_workspace/install/turtle_action_client/lib/turtle_action_client
Installing rotate_client script to /home/ubuntu/ros_workspace/install/turtle_action_client/lib/turtle_action_client
Installing rotate_client2 script to /home/ubuntu/ros_workspace/install/turtle_action_client/lib/turtle_action_client
Installing rotate_client3 script to /home/ubuntu/ros_workspace/install/turtle_action_client/lib/turtle_action_client
writing list of installed files to '/home/ubuntu/ros_workspace/build/turtle_action_client/install.log'
