/home/ubuntu/ros_workspace/install/exam_example/lib/python3.12/site-packages/exam_example/turtle_spawn.py
/home/ubuntu/ros_workspace/install/exam_example/lib/python3.12/site-packages/exam_example/two_turtles.py
/home/ubuntu/ros_workspace/install/exam_example/lib/python3.12/site-packages/exam_example/__init__.py
/home/ubuntu/ros_workspace/install/exam_example/lib/python3.12/site-packages/exam_example/distance_calc.py
/home/ubuntu/ros_workspace/install/exam_example/lib/python3.12/site-packages/exam_example/__pycache__/turtle_spawn.cpython-312.pyc
/home/ubuntu/ros_workspace/install/exam_example/lib/python3.12/site-packages/exam_example/__pycache__/two_turtles.cpython-312.pyc
/home/ubuntu/ros_workspace/install/exam_example/lib/python3.12/site-packages/exam_example/__pycache__/__init__.cpython-312.pyc
/home/ubuntu/ros_workspace/install/exam_example/lib/python3.12/site-packages/exam_example/__pycache__/distance_calc.cpython-312.pyc
/home/ubuntu/ros_workspace/install/exam_example/share/ament_index/resource_index/packages/exam_example
/home/ubuntu/ros_workspace/install/exam_example/share/exam_example/package.xml
/home/ubuntu/ros_workspace/install/exam_example/share/exam_example/launch/node.launch.py
/home/ubuntu/ros_workspace/install/exam_example/lib/python3.12/site-packages/exam_example-0.0.0-py3.12.egg-info/top_level.txt
/home/ubuntu/ros_workspace/install/exam_example/lib/python3.12/site-packages/exam_example-0.0.0-py3.12.egg-info/SOURCES.txt
/home/ubuntu/ros_workspace/install/exam_example/lib/python3.12/site-packages/exam_example-0.0.0-py3.12.egg-info/PKG-INFO
/home/ubuntu/ros_workspace/install/exam_example/lib/python3.12/site-packages/exam_example-0.0.0-py3.12.egg-info/zip-safe
/home/ubuntu/ros_workspace/install/exam_example/lib/python3.12/site-packages/exam_example-0.0.0-py3.12.egg-info/requires.txt
/home/ubuntu/ros_workspace/install/exam_example/lib/python3.12/site-packages/exam_example-0.0.0-py3.12.egg-info/dependency_links.txt
/home/ubuntu/ros_workspace/install/exam_example/lib/python3.12/site-packages/exam_example-0.0.0-py3.12.egg-info/entry_points.txt
/home/ubuntu/ros_workspace/install/exam_example/lib/exam_example/distance
/home/ubuntu/ros_workspace/install/exam_example/lib/exam_example/turtle2
/home/ubuntu/ros_workspace/install/exam_example/lib/exam_example/turtles
