[0.036s] Invoking command in '/home/ubuntu/ros_workspace/build/robot_custom_msgs': CMAKE_PREFIX_PATH=${CMAKE_PREFIX_PATH}:/home/ubuntu/ros_workspace/install/exam_example_2:/home/ubuntu/ros_workspace/install/assignment2_rt_py:/home/ubuntu/ros_workspace/install/assignment1_rt_py:/home/ubuntu/ros_workspace/install/python_package:/home/ubuntu/ros_workspace/install/first_package_py:/home/ubuntu/ros_workspace/install/exam_example:/opt/ros/jazzy /usr/bin/cmake --build /home/ubuntu/ros_workspace/build/robot_custom_msgs -- -j16 -l16
[0.265s] [  1%] Built target robot_custom_msgs__rosidl_generator_type_description
[0.293s] [  1%] Built target ament_cmake_python_copy_robot_custom_msgs
[0.307s] [  3%] Built target robot_custom_msgs__cpp
[0.327s] [ 25%] Built target robot_custom_msgs__rosidl_generator_c
[0.374s] [ 43%] Built target robot_custom_msgs__rosidl_typesupport_c
[0.374s] [ 46%] Built target robot_custom_msgs__rosidl_typesupport_introspection_c
[0.374s] [ 53%] Built target robot_custom_msgs__rosidl_typesupport_introspection_cpp
[0.376s] [ 62%] Built target robot_custom_msgs__rosidl_typesupport_cpp
[0.379s] [ 81%] Built target robot_custom_msgs__rosidl_typesupport_fastrtps_c
[0.380s] [ 81%] Built target robot_custom_msgs__rosidl_typesupport_fastrtps_cpp
[0.419s] [ 81%] Built target robot_custom_msgs
[0.463s] [ 82%] Built target robot_custom_msgs__py
[0.518s] [ 90%] Built target robot_custom_msgs__rosidl_generator_py
[0.533s] running egg_info
[0.552s] writing robot_custom_msgs.egg-info/PKG-INFO
[0.553s] writing dependency_links to robot_custom_msgs.egg-info/dependency_links.txt
[0.553s] writing top-level names to robot_custom_msgs.egg-info/top_level.txt
[0.560s] [ 93%] Built target robot_custom_msgs_s__rosidl_typesupport_fastrtps_c
[0.560s] [ 96%] Built target robot_custom_msgs_s__rosidl_typesupport_introspection_c
[0.560s] [100%] Built target robot_custom_msgs_s__rosidl_typesupport_c
[0.606s] reading manifest file 'robot_custom_msgs.egg-info/SOURCES.txt'
[0.607s] writing manifest file 'robot_custom_msgs.egg-info/SOURCES.txt'
[0.647s] [100%] Built target ament_cmake_python_build_robot_custom_msgs_egg
[0.670s] Invoked command in '/home/ubuntu/ros_workspace/build/robot_custom_msgs' returned '0': CMAKE_PREFIX_PATH=${CMAKE_PREFIX_PATH}:/home/ubuntu/ros_workspace/install/exam_example_2:/home/ubuntu/ros_workspace/install/assignment2_rt_py:/home/ubuntu/ros_workspace/install/assignment1_rt_py:/home/ubuntu/ros_workspace/install/python_package:/home/ubuntu/ros_workspace/install/first_package_py:/home/ubuntu/ros_workspace/install/exam_example:/opt/ros/jazzy /usr/bin/cmake --build /home/ubuntu/ros_workspace/build/robot_custom_msgs -- -j16 -l16
[0.689s] Invoking command in '/home/ubuntu/ros_workspace/build/robot_custom_msgs': CMAKE_PREFIX_PATH=${CMAKE_PREFIX_PATH}:/home/ubuntu/ros_workspace/install/exam_example_2:/home/ubuntu/ros_workspace/install/assignment2_rt_py:/home/ubuntu/ros_workspace/install/assignment1_rt_py:/home/ubuntu/ros_workspace/install/python_package:/home/ubuntu/ros_workspace/install/first_package_py:/home/ubuntu/ros_workspace/install/exam_example:/opt/ros/jazzy /usr/bin/cmake --install /home/ubuntu/ros_workspace/build/robot_custom_msgs
[0.705s] -- Install configuration: ""
[0.706s] -- Up-to-date: /home/ubuntu/ros_workspace/install/robot_custom_msgs/share/ament_index/resource_index/rosidl_interfaces/robot_custom_msgs
[0.706s] -- Up-to-date: /home/ubuntu/ros_workspace/install/robot_custom_msgs/share/robot_custom_msgs/msg/Custom.json
[0.706s] -- Up-to-date: /home/ubuntu/ros_workspace/install/robot_custom_msgs/share/robot_custom_msgs/srv/Velocity.json
[0.706s] -- Up-to-date: /home/ubuntu/ros_workspace/install/robot_custom_msgs/share/robot_custom_msgs/srv/Average.json
[0.706s] -- Up-to-date: /home/ubuntu/ros_workspace/install/robot_custom_msgs/share/robot_custom_msgs/srv/Threshold.json
[0.706s] -- Up-to-date: /home/ubuntu/ros_workspace/install/robot_custom_msgs/include/robot_custom_msgs/robot_custom_msgs
[0.707s] -- Up-to-date: /home/ubuntu/ros_workspace/install/robot_custom_msgs/include/robot_custom_msgs/robot_custom_msgs/srv
[0.707s] -- Up-to-date: /home/ubuntu/ros_workspace/install/robot_custom_msgs/include/robot_custom_msgs/robot_custom_msgs/srv/detail
[0.708s] -- Up-to-date: /home/ubuntu/ros_workspace/install/robot_custom_msgs/include/robot_custom_msgs/robot_custom_msgs/srv/detail/velocity__struct.h
[0.708s] -- Up-to-date: /home/ubuntu/ros_workspace/install/robot_custom_msgs/include/robot_custom_msgs/robot_custom_msgs/srv/detail/average__functions.h
[0.708s] -- Up-to-date: /home/ubuntu/ros_workspace/install/robot_custom_msgs/include/robot_custom_msgs/robot_custom_msgs/srv/detail/average__type_support.h
[0.708s] -- Up-to-date: /home/ubuntu/ros_workspace/install/robot_custom_msgs/include/robot_custom_msgs/robot_custom_msgs/srv/detail/threshold__description.c
[0.709s] -- Up-to-date: /home/ubuntu/ros_workspace/install/robot_custom_msgs/include/robot_custom_msgs/robot_custom_msgs/srv/detail/threshold__functions.c
[0.709s] -- Up-to-date: /home/ubuntu/ros_workspace/install/robot_custom_msgs/include/robot_custom_msgs/robot_custom_msgs/srv/detail/threshold__type_support.h
[0.709s] -- Up-to-date: /home/ubuntu/ros_workspace/install/robot_custom_msgs/include/robot_custom_msgs/robot_custom_msgs/srv/detail/velocity__description.c
[0.709s] -- Up-to-date: /home/ubuntu/ros_workspace/install/robot_custom_msgs/include/robot_custom_msgs/robot_custom_msgs/srv/detail/threshold__type_support.c
[0.709s] -- Up-to-date: /home/ubuntu/ros_workspace/install/robot_custom_msgs/include/robot_custom_msgs/robot_custom_msgs/srv/detail/average__type_support.c
[0.710s] -- Up-to-date: /home/ubuntu/ros_workspace/install/robot_custom_msgs/include/robot_custom_msgs/robot_custom_msgs/srv/detail/velocity__type_support.h
[0.710s] -- Up-to-date: /home/ubuntu/ros_workspace/install/robot_custom_msgs/include/robot_custom_msgs/robot_custom_msgs/srv/detail/velocity__functions.h
[0.710s] -- Up-to-date: /home/ubuntu/ros_workspace/install/robot_custom_msgs/include/robot_custom_msgs/robot_custom_msgs/srv/detail/threshold__struct.h
[0.710s] -- Up-to-date: /home/ubuntu/ros_workspace/install/robot_custom_msgs/include/robot_custom_msgs/robot_custom_msgs/srv/detail/velocity__type_support.c
[0.710s] -- Up-to-date: /home/ubuntu/ros_workspace/install/robot_custom_msgs/include/robot_custom_msgs/robot_custom_msgs/srv/detail/velocity__functions.c
[0.710s] -- Up-to-date: /home/ubuntu/ros_workspace/install/robot_custom_msgs/include/robot_custom_msgs/robot_custom_msgs/srv/detail/average__functions.c
[0.710s] -- Up-to-date: /home/ubuntu/ros_workspace/install/robot_custom_msgs/include/robot_custom_msgs/robot_custom_msgs/srv/detail/threshold__functions.h
[0.710s] -- Up-to-date: /home/ubuntu/ros_workspace/install/robot_custom_msgs/include/robot_custom_msgs/robot_custom_msgs/srv/detail/average__description.c
[0.710s] -- Up-to-date: /home/ubuntu/ros_workspace/install/robot_custom_msgs/include/robot_custom_msgs/robot_custom_msgs/srv/detail/average__struct.h
[0.710s] -- Up-to-date: /home/ubuntu/ros_workspace/install/robot_custom_msgs/include/robot_custom_msgs/robot_custom_msgs/srv/velocity.h
[0.711s] -- Up-to-date: /home/ubuntu/ros_workspace/install/robot_custom_msgs/include/robot_custom_msgs/robot_custom_msgs/srv/threshold.h
[0.711s] -- Up-to-date: /home/ubuntu/ros_workspace/install/robot_custom_msgs/include/robot_custom_msgs/robot_custom_msgs/srv/average.h
[0.711s] -- Up-to-date: /home/ubuntu/ros_workspace/install/robot_custom_msgs/include/robot_custom_msgs/robot_custom_msgs/msg
[0.711s] -- Up-to-date: /home/ubuntu/ros_workspace/install/robot_custom_msgs/include/robot_custom_msgs/robot_custom_msgs/msg/detail
[0.711s] -- Up-to-date: /home/ubuntu/ros_workspace/install/robot_custom_msgs/include/robot_custom_msgs/robot_custom_msgs/msg/detail/custom__description.c
[0.712s] -- Up-to-date: /home/ubuntu/ros_workspace/install/robot_custom_msgs/include/robot_custom_msgs/robot_custom_msgs/msg/detail/custom__type_support.c
[0.712s] -- Up-to-date: /home/ubuntu/ros_workspace/install/robot_custom_msgs/include/robot_custom_msgs/robot_custom_msgs/msg/detail/custom__functions.c
[0.712s] -- Up-to-date: /home/ubuntu/ros_workspace/install/robot_custom_msgs/include/robot_custom_msgs/robot_custom_msgs/msg/detail/custom__type_support.h
[0.712s] -- Up-to-date: /home/ubuntu/ros_workspace/install/robot_custom_msgs/include/robot_custom_msgs/robot_custom_msgs/msg/detail/custom__functions.h
[0.712s] -- Up-to-date: /home/ubuntu/ros_workspace/install/robot_custom_msgs/include/robot_custom_msgs/robot_custom_msgs/msg/detail/custom__struct.h
[0.712s] -- Up-to-date: /home/ubuntu/ros_workspace/install/robot_custom_msgs/include/robot_custom_msgs/robot_custom_msgs/msg/custom.h
[0.712s] -- Up-to-date: /home/ubuntu/ros_workspace/install/robot_custom_msgs/include/robot_custom_msgs/robot_custom_msgs/msg/rosidl_generator_c__visibility_control.h
[0.712s] -- Up-to-date: /home/ubuntu/ros_workspace/install/robot_custom_msgs/share/robot_custom_msgs/environment/library_path.sh
[0.712s] -- Up-to-date: /home/ubuntu/ros_workspace/install/robot_custom_msgs/share/robot_custom_msgs/environment/library_path.dsv
[0.713s] -- Up-to-date: /home/ubuntu/ros_workspace/install/robot_custom_msgs/lib/librobot_custom_msgs__rosidl_generator_c.so
[0.713s] -- Up-to-date: /home/ubuntu/ros_workspace/install/robot_custom_msgs/include/robot_custom_msgs/robot_custom_msgs
[0.714s] -- Up-to-date: /home/ubuntu/ros_workspace/install/robot_custom_msgs/include/robot_custom_msgs/robot_custom_msgs/srv
[0.714s] -- Up-to-date: /home/ubuntu/ros_workspace/install/robot_custom_msgs/include/robot_custom_msgs/robot_custom_msgs/srv/detail
[0.715s] -- Up-to-date: /home/ubuntu/ros_workspace/install/robot_custom_msgs/include/robot_custom_msgs/robot_custom_msgs/srv/detail/velocity__rosidl_typesupport_fastrtps_c.h
[0.715s] -- Up-to-date: /home/ubuntu/ros_workspace/install/robot_custom_msgs/include/robot_custom_msgs/robot_custom_msgs/srv/detail/average__rosidl_typesupport_fastrtps_c.h
[0.715s] -- Up-to-date: /home/ubuntu/ros_workspace/install/robot_custom_msgs/include/robot_custom_msgs/robot_custom_msgs/srv/detail/threshold__rosidl_typesupport_fastrtps_c.h
[0.715s] -- Up-to-date: /home/ubuntu/ros_workspace/install/robot_custom_msgs/include/robot_custom_msgs/robot_custom_msgs/msg
[0.715s] -- Up-to-date: /home/ubuntu/ros_workspace/install/robot_custom_msgs/include/robot_custom_msgs/robot_custom_msgs/msg/detail
[0.716s] -- Up-to-date: /home/ubuntu/ros_workspace/install/robot_custom_msgs/include/robot_custom_msgs/robot_custom_msgs/msg/detail/custom__rosidl_typesupport_fastrtps_c.h
[0.716s] -- Up-to-date: /home/ubuntu/ros_workspace/install/robot_custom_msgs/include/robot_custom_msgs/robot_custom_msgs/msg/rosidl_typesupport_fastrtps_c__visibility_control.h
[0.717s] -- Up-to-date: /home/ubuntu/ros_workspace/install/robot_custom_msgs/lib/librobot_custom_msgs__rosidl_typesupport_fastrtps_c.so
[0.717s] -- Up-to-date: /home/ubuntu/ros_workspace/install/robot_custom_msgs/include/robot_custom_msgs/robot_custom_msgs
[0.718s] -- Up-to-date: /home/ubuntu/ros_workspace/install/robot_custom_msgs/include/robot_custom_msgs/robot_custom_msgs/srv
[0.718s] -- Up-to-date: /home/ubuntu/ros_workspace/install/robot_custom_msgs/include/robot_custom_msgs/robot_custom_msgs/srv/detail
[0.719s] -- Up-to-date: /home/ubuntu/ros_workspace/install/robot_custom_msgs/include/robot_custom_msgs/robot_custom_msgs/srv/detail/threshold__rosidl_typesupport_introspection_c.h
[0.719s] -- Up-to-date: /home/ubuntu/ros_workspace/install/robot_custom_msgs/include/robot_custom_msgs/robot_custom_msgs/srv/detail/threshold__type_support.c
[0.719s] -- Up-to-date: /home/ubuntu/ros_workspace/install/robot_custom_msgs/include/robot_custom_msgs/robot_custom_msgs/srv/detail/average__rosidl_typesupport_introspection_c.h
[0.719s] -- Up-to-date: /home/ubuntu/ros_workspace/install/robot_custom_msgs/include/robot_custom_msgs/robot_custom_msgs/srv/detail/average__type_support.c
[0.719s] -- Up-to-date: /home/ubuntu/ros_workspace/install/robot_custom_msgs/include/robot_custom_msgs/robot_custom_msgs/srv/detail/velocity__type_support.c
[0.719s] -- Up-to-date: /home/ubuntu/ros_workspace/install/robot_custom_msgs/include/robot_custom_msgs/robot_custom_msgs/srv/detail/velocity__rosidl_typesupport_introspection_c.h
[0.719s] -- Up-to-date: /home/ubuntu/ros_workspace/install/robot_custom_msgs/include/robot_custom_msgs/robot_custom_msgs/msg
[0.720s] -- Up-to-date: /home/ubuntu/ros_workspace/install/robot_custom_msgs/include/robot_custom_msgs/robot_custom_msgs/msg/detail
[0.720s] -- Up-to-date: /home/ubuntu/ros_workspace/install/robot_custom_msgs/include/robot_custom_msgs/robot_custom_msgs/msg/detail/custom__rosidl_typesupport_introspection_c.h
[0.720s] -- Up-to-date: /home/ubuntu/ros_workspace/install/robot_custom_msgs/include/robot_custom_msgs/robot_custom_msgs/msg/detail/custom__type_support.c
[0.720s] -- Up-to-date: /home/ubuntu/ros_workspace/install/robot_custom_msgs/include/robot_custom_msgs/robot_custom_msgs/msg/rosidl_typesupport_introspection_c__visibility_control.h
[0.721s] -- Up-to-date: /home/ubuntu/ros_workspace/install/robot_custom_msgs/lib/librobot_custom_msgs__rosidl_typesupport_introspection_c.so
[0.722s] -- Up-to-date: /home/ubuntu/ros_workspace/install/robot_custom_msgs/lib/librobot_custom_msgs__rosidl_typesupport_c.so
[0.723s] -- Up-to-date: /home/ubuntu/ros_workspace/install/robot_custom_msgs/include/robot_custom_msgs/robot_custom_msgs
[0.723s] -- Up-to-date: /home/ubuntu/ros_workspace/install/robot_custom_msgs/include/robot_custom_msgs/robot_custom_msgs/srv
[0.724s] -- Up-to-date: /home/ubuntu/ros_workspace/install/robot_custom_msgs/include/robot_custom_msgs/robot_custom_msgs/srv/detail
[0.724s] -- Up-to-date: /home/ubuntu/ros_workspace/install/robot_custom_msgs/include/robot_custom_msgs/robot_custom_msgs/srv/detail/threshold__struct.hpp
[0.724s] -- Up-to-date: /home/ubuntu/ros_workspace/install/robot_custom_msgs/include/robot_custom_msgs/robot_custom_msgs/srv/detail/average__struct.hpp
[0.725s] -- Up-to-date: /home/ubuntu/ros_workspace/install/robot_custom_msgs/include/robot_custom_msgs/robot_custom_msgs/srv/detail/average__type_support.hpp
[0.725s] -- Up-to-date: /home/ubuntu/ros_workspace/install/robot_custom_msgs/include/robot_custom_msgs/robot_custom_msgs/srv/detail/threshold__builder.hpp
[0.725s] -- Up-to-date: /home/ubuntu/ros_workspace/install/robot_custom_msgs/include/robot_custom_msgs/robot_custom_msgs/srv/detail/velocity__traits.hpp
[0.725s] -- Up-to-date: /home/ubuntu/ros_workspace/install/robot_custom_msgs/include/robot_custom_msgs/robot_custom_msgs/srv/detail/threshold__type_support.hpp
[0.725s] -- Up-to-date: /home/ubuntu/ros_workspace/install/robot_custom_msgs/include/robot_custom_msgs/robot_custom_msgs/srv/detail/threshold__traits.hpp
[0.726s] -- Up-to-date: /home/ubuntu/ros_workspace/install/robot_custom_msgs/include/robot_custom_msgs/robot_custom_msgs/srv/detail/velocity__type_support.hpp
[0.726s] -- Up-to-date: /home/ubuntu/ros_workspace/install/robot_custom_msgs/include/robot_custom_msgs/robot_custom_msgs/srv/detail/average__traits.hpp
[0.726s] -- Up-to-date: /home/ubuntu/ros_workspace/install/robot_custom_msgs/include/robot_custom_msgs/robot_custom_msgs/srv/detail/average__builder.hpp
[0.726s] -- Up-to-date: /home/ubuntu/ros_workspace/install/robot_custom_msgs/include/robot_custom_msgs/robot_custom_msgs/srv/detail/velocity__builder.hpp
[0.726s] -- Up-to-date: /home/ubuntu/ros_workspace/install/robot_custom_msgs/include/robot_custom_msgs/robot_custom_msgs/srv/detail/velocity__struct.hpp
[0.726s] -- Up-to-date: /home/ubuntu/ros_workspace/install/robot_custom_msgs/include/robot_custom_msgs/robot_custom_msgs/srv/threshold.hpp
[0.726s] -- Up-to-date: /home/ubuntu/ros_workspace/install/robot_custom_msgs/include/robot_custom_msgs/robot_custom_msgs/srv/velocity.hpp
[0.727s] -- Up-to-date: /home/ubuntu/ros_workspace/install/robot_custom_msgs/include/robot_custom_msgs/robot_custom_msgs/srv/average.hpp
[0.727s] -- Up-to-date: /home/ubuntu/ros_workspace/install/robot_custom_msgs/include/robot_custom_msgs/robot_custom_msgs/msg
[0.727s] -- Up-to-date: /home/ubuntu/ros_workspace/install/robot_custom_msgs/include/robot_custom_msgs/robot_custom_msgs/msg/detail
[0.727s] -- Up-to-date: /home/ubuntu/ros_workspace/install/robot_custom_msgs/include/robot_custom_msgs/robot_custom_msgs/msg/detail/custom__builder.hpp
[0.727s] -- Up-to-date: /home/ubuntu/ros_workspace/install/robot_custom_msgs/include/robot_custom_msgs/robot_custom_msgs/msg/detail/custom__struct.hpp
[0.727s] -- Up-to-date: /home/ubuntu/ros_workspace/install/robot_custom_msgs/include/robot_custom_msgs/robot_custom_msgs/msg/detail/custom__traits.hpp
[0.727s] -- Up-to-date: /home/ubuntu/ros_workspace/install/robot_custom_msgs/include/robot_custom_msgs/robot_custom_msgs/msg/detail/custom__type_support.hpp
[0.728s] -- Up-to-date: /home/ubuntu/ros_workspace/install/robot_custom_msgs/include/robot_custom_msgs/robot_custom_msgs/msg/custom.hpp
[0.728s] -- Up-to-date: /home/ubuntu/ros_workspace/install/robot_custom_msgs/include/robot_custom_msgs/robot_custom_msgs/msg/rosidl_generator_cpp__visibility_control.hpp
[0.728s] -- Up-to-date: /home/ubuntu/ros_workspace/install/robot_custom_msgs/include/robot_custom_msgs/robot_custom_msgs
[0.728s] -- Up-to-date: /home/ubuntu/ros_workspace/install/robot_custom_msgs/include/robot_custom_msgs/robot_custom_msgs/srv
[0.728s] -- Up-to-date: /home/ubuntu/ros_workspace/install/robot_custom_msgs/include/robot_custom_msgs/robot_custom_msgs/srv/detail
[0.728s] -- Up-to-date: /home/ubuntu/ros_workspace/install/robot_custom_msgs/include/robot_custom_msgs/robot_custom_msgs/srv/detail/dds_fastrtps
[0.728s] -- Up-to-date: /home/ubuntu/ros_workspace/install/robot_custom_msgs/include/robot_custom_msgs/robot_custom_msgs/srv/detail/velocity__rosidl_typesupport_fastrtps_cpp.hpp
[0.728s] -- Up-to-date: /home/ubuntu/ros_workspace/install/robot_custom_msgs/include/robot_custom_msgs/robot_custom_msgs/srv/detail/average__rosidl_typesupport_fastrtps_cpp.hpp
[0.729s] -- Up-to-date: /home/ubuntu/ros_workspace/install/robot_custom_msgs/include/robot_custom_msgs/robot_custom_msgs/srv/detail/threshold__rosidl_typesupport_fastrtps_cpp.hpp
[0.729s] -- Up-to-date: /home/ubuntu/ros_workspace/install/robot_custom_msgs/include/robot_custom_msgs/robot_custom_msgs/msg
[0.729s] -- Up-to-date: /home/ubuntu/ros_workspace/install/robot_custom_msgs/include/robot_custom_msgs/robot_custom_msgs/msg/detail
[0.730s] -- Up-to-date: /home/ubuntu/ros_workspace/install/robot_custom_msgs/include/robot_custom_msgs/robot_custom_msgs/msg/detail/dds_fastrtps
[0.730s] -- Up-to-date: /home/ubuntu/ros_workspace/install/robot_custom_msgs/include/robot_custom_msgs/robot_custom_msgs/msg/detail/custom__rosidl_typesupport_fastrtps_cpp.hpp
[0.730s] -- Up-to-date: /home/ubuntu/ros_workspace/install/robot_custom_msgs/include/robot_custom_msgs/robot_custom_msgs/msg/rosidl_typesupport_fastrtps_cpp__visibility_control.h
[0.731s] -- Up-to-date: /home/ubuntu/ros_workspace/install/robot_custom_msgs/lib/librobot_custom_msgs__rosidl_typesupport_fastrtps_cpp.so
[0.731s] -- Up-to-date: /home/ubuntu/ros_workspace/install/robot_custom_msgs/include/robot_custom_msgs/robot_custom_msgs
[0.732s] -- Up-to-date: /home/ubuntu/ros_workspace/install/robot_custom_msgs/include/robot_custom_msgs/robot_custom_msgs/srv
[0.732s] -- Up-to-date: /home/ubuntu/ros_workspace/install/robot_custom_msgs/include/robot_custom_msgs/robot_custom_msgs/srv/detail
[0.733s] -- Up-to-date: /home/ubuntu/ros_workspace/install/robot_custom_msgs/include/robot_custom_msgs/robot_custom_msgs/srv/detail/average__rosidl_typesupport_introspection_cpp.hpp
[0.733s] -- Up-to-date: /home/ubuntu/ros_workspace/install/robot_custom_msgs/include/robot_custom_msgs/robot_custom_msgs/srv/detail/velocity__type_support.cpp
[0.733s] -- Up-to-date: /home/ubuntu/ros_workspace/install/robot_custom_msgs/include/robot_custom_msgs/robot_custom_msgs/srv/detail/average__type_support.cpp
[0.734s] -- Up-to-date: /home/ubuntu/ros_workspace/install/robot_custom_msgs/include/robot_custom_msgs/robot_custom_msgs/srv/detail/velocity__rosidl_typesupport_introspection_cpp.hpp
[0.734s] -- Up-to-date: /home/ubuntu/ros_workspace/install/robot_custom_msgs/include/robot_custom_msgs/robot_custom_msgs/srv/detail/threshold__rosidl_typesupport_introspection_cpp.hpp
[0.734s] -- Up-to-date: /home/ubuntu/ros_workspace/install/robot_custom_msgs/include/robot_custom_msgs/robot_custom_msgs/srv/detail/threshold__type_support.cpp
[0.734s] -- Up-to-date: /home/ubuntu/ros_workspace/install/robot_custom_msgs/include/robot_custom_msgs/robot_custom_msgs/msg
[0.734s] -- Up-to-date: /home/ubuntu/ros_workspace/install/robot_custom_msgs/include/robot_custom_msgs/robot_custom_msgs/msg/detail
[0.734s] -- Up-to-date: /home/ubuntu/ros_workspace/install/robot_custom_msgs/include/robot_custom_msgs/robot_custom_msgs/msg/detail/custom__type_support.cpp
[0.734s] -- Up-to-date: /home/ubuntu/ros_workspace/install/robot_custom_msgs/include/robot_custom_msgs/robot_custom_msgs/msg/detail/custom__rosidl_typesupport_introspection_cpp.hpp
[0.735s] -- Up-to-date: /home/ubuntu/ros_workspace/install/robot_custom_msgs/lib/librobot_custom_msgs__rosidl_typesupport_introspection_cpp.so
[0.737s] -- Up-to-date: /home/ubuntu/ros_workspace/install/robot_custom_msgs/lib/librobot_custom_msgs__rosidl_typesupport_cpp.so
[0.737s] -- Up-to-date: /home/ubuntu/ros_workspace/install/robot_custom_msgs/share/robot_custom_msgs/environment/pythonpath.sh
[0.737s] -- Up-to-date: /home/ubuntu/ros_workspace/install/robot_custom_msgs/share/robot_custom_msgs/environment/pythonpath.dsv
[0.737s] -- Up-to-date: /home/ubuntu/ros_workspace/install/robot_custom_msgs/lib/python3.12/site-packages/robot_custom_msgs-0.0.0-py3.12.egg-info
[0.738s] -- Installing: /home/ubuntu/ros_workspace/install/robot_custom_msgs/lib/python3.12/site-packages/robot_custom_msgs-0.0.0-py3.12.egg-info/top_level.txt
[0.738s] -- Installing: /home/ubuntu/ros_workspace/install/robot_custom_msgs/lib/python3.12/site-packages/robot_custom_msgs-0.0.0-py3.12.egg-info/SOURCES.txt
[0.738s] -- Installing: /home/ubuntu/ros_workspace/install/robot_custom_msgs/lib/python3.12/site-packages/robot_custom_msgs-0.0.0-py3.12.egg-info/PKG-INFO
[0.739s] -- Installing: /home/ubuntu/ros_workspace/install/robot_custom_msgs/lib/python3.12/site-packages/robot_custom_msgs-0.0.0-py3.12.egg-info/dependency_links.txt
[0.739s] -- Up-to-date: /home/ubuntu/ros_workspace/install/robot_custom_msgs/lib/python3.12/site-packages/robot_custom_msgs
[0.739s] -- Up-to-date: /home/ubuntu/ros_workspace/install/robot_custom_msgs/lib/python3.12/site-packages/robot_custom_msgs/_robot_custom_msgs_s.ep.rosidl_typesupport_introspection_c.c
[0.739s] -- Up-to-date: /home/ubuntu/ros_workspace/install/robot_custom_msgs/lib/python3.12/site-packages/robot_custom_msgs/robot_custom_msgs_s__rosidl_typesupport_introspection_c.so
[0.740s] -- Up-to-date: /home/ubuntu/ros_workspace/install/robot_custom_msgs/lib/python3.12/site-packages/robot_custom_msgs/robot_custom_msgs_s__rosidl_typesupport_fastrtps_c.so
[0.740s] -- Up-to-date: /home/ubuntu/ros_workspace/install/robot_custom_msgs/lib/python3.12/site-packages/robot_custom_msgs/robot_custom_msgs_s__rosidl_typesupport_c.so
[0.740s] -- Up-to-date: /home/ubuntu/ros_workspace/install/robot_custom_msgs/lib/python3.12/site-packages/robot_custom_msgs/__init__.py
[0.740s] -- Up-to-date: /home/ubuntu/ros_workspace/install/robot_custom_msgs/lib/python3.12/site-packages/robot_custom_msgs/srv
[0.741s] -- Up-to-date: /home/ubuntu/ros_workspace/install/robot_custom_msgs/lib/python3.12/site-packages/robot_custom_msgs/srv/_average.py
[0.741s] -- Up-to-date: /home/ubuntu/ros_workspace/install/robot_custom_msgs/lib/python3.12/site-packages/robot_custom_msgs/srv/_velocity.py
[0.741s] -- Up-to-date: /home/ubuntu/ros_workspace/install/robot_custom_msgs/lib/python3.12/site-packages/robot_custom_msgs/srv/_average_s.c
[0.741s] -- Up-to-date: /home/ubuntu/ros_workspace/install/robot_custom_msgs/lib/python3.12/site-packages/robot_custom_msgs/srv/_threshold_s.c
[0.741s] -- Up-to-date: /home/ubuntu/ros_workspace/install/robot_custom_msgs/lib/python3.12/site-packages/robot_custom_msgs/srv/_velocity_s.c
[0.741s] -- Up-to-date: /home/ubuntu/ros_workspace/install/robot_custom_msgs/lib/python3.12/site-packages/robot_custom_msgs/srv/__init__.py
[0.741s] -- Up-to-date: /home/ubuntu/ros_workspace/install/robot_custom_msgs/lib/python3.12/site-packages/robot_custom_msgs/srv/_threshold.py
[0.741s] -- Up-to-date: /home/ubuntu/ros_workspace/install/robot_custom_msgs/lib/python3.12/site-packages/robot_custom_msgs/_robot_custom_msgs_s.ep.rosidl_typesupport_fastrtps_c.c
[0.742s] -- Up-to-date: /home/ubuntu/ros_workspace/install/robot_custom_msgs/lib/python3.12/site-packages/robot_custom_msgs/_robot_custom_msgs_s.ep.rosidl_typesupport_c.c
[0.742s] -- Up-to-date: /home/ubuntu/ros_workspace/install/robot_custom_msgs/lib/python3.12/site-packages/robot_custom_msgs/msg
[0.742s] -- Up-to-date: /home/ubuntu/ros_workspace/install/robot_custom_msgs/lib/python3.12/site-packages/robot_custom_msgs/msg/_custom_s.c
[0.742s] -- Up-to-date: /home/ubuntu/ros_workspace/install/robot_custom_msgs/lib/python3.12/site-packages/robot_custom_msgs/msg/__init__.py
[0.742s] -- Up-to-date: /home/ubuntu/ros_workspace/install/robot_custom_msgs/lib/python3.12/site-packages/robot_custom_msgs/msg/_custom.py
[0.789s] Listing '/home/ubuntu/ros_workspace/install/robot_custom_msgs/lib/python3.12/site-packages/robot_custom_msgs'...
[0.790s] Listing '/home/ubuntu/ros_workspace/install/robot_custom_msgs/lib/python3.12/site-packages/robot_custom_msgs/msg'...
[0.790s] Listing '/home/ubuntu/ros_workspace/install/robot_custom_msgs/lib/python3.12/site-packages/robot_custom_msgs/srv'...
[0.797s] -- Up-to-date: /home/ubuntu/ros_workspace/install/robot_custom_msgs/lib/python3.12/site-packages/robot_custom_msgs/robot_custom_msgs_s__rosidl_typesupport_fastrtps_c.so
[0.798s] -- Up-to-date: /home/ubuntu/ros_workspace/install/robot_custom_msgs/lib/python3.12/site-packages/robot_custom_msgs/robot_custom_msgs_s__rosidl_typesupport_introspection_c.so
[0.800s] -- Up-to-date: /home/ubuntu/ros_workspace/install/robot_custom_msgs/lib/python3.12/site-packages/robot_custom_msgs/robot_custom_msgs_s__rosidl_typesupport_c.so
[0.802s] -- Up-to-date: /home/ubuntu/ros_workspace/install/robot_custom_msgs/lib/librobot_custom_msgs__rosidl_generator_py.so
[0.803s] -- Up-to-date: /home/ubuntu/ros_workspace/install/robot_custom_msgs/share/robot_custom_msgs/msg/Custom.idl
[0.803s] -- Up-to-date: /home/ubuntu/ros_workspace/install/robot_custom_msgs/share/robot_custom_msgs/srv/Velocity.idl
[0.803s] -- Up-to-date: /home/ubuntu/ros_workspace/install/robot_custom_msgs/share/robot_custom_msgs/srv/Average.idl
[0.803s] -- Up-to-date: /home/ubuntu/ros_workspace/install/robot_custom_msgs/share/robot_custom_msgs/srv/Threshold.idl
[0.804s] -- Up-to-date: /home/ubuntu/ros_workspace/install/robot_custom_msgs/share/robot_custom_msgs/msg/Custom.msg
[0.804s] -- Up-to-date: /home/ubuntu/ros_workspace/install/robot_custom_msgs/share/robot_custom_msgs/srv/Velocity.srv
[0.804s] -- Up-to-date: /home/ubuntu/ros_workspace/install/robot_custom_msgs/share/robot_custom_msgs/srv/Average.srv
[0.804s] -- Up-to-date: /home/ubuntu/ros_workspace/install/robot_custom_msgs/share/robot_custom_msgs/srv/Threshold.srv
[0.804s] -- Up-to-date: /home/ubuntu/ros_workspace/install/robot_custom_msgs/share/ament_index/resource_index/package_run_dependencies/robot_custom_msgs
[0.805s] -- Up-to-date: /home/ubuntu/ros_workspace/install/robot_custom_msgs/share/ament_index/resource_index/parent_prefix_path/robot_custom_msgs
[0.805s] -- Up-to-date: /home/ubuntu/ros_workspace/install/robot_custom_msgs/share/robot_custom_msgs/environment/ament_prefix_path.sh
[0.805s] -- Up-to-date: /home/ubuntu/ros_workspace/install/robot_custom_msgs/share/robot_custom_msgs/environment/ament_prefix_path.dsv
[0.805s] -- Up-to-date: /home/ubuntu/ros_workspace/install/robot_custom_msgs/share/robot_custom_msgs/environment/path.sh
[0.805s] -- Up-to-date: /home/ubuntu/ros_workspace/install/robot_custom_msgs/share/robot_custom_msgs/environment/path.dsv
[0.805s] -- Up-to-date: /home/ubuntu/ros_workspace/install/robot_custom_msgs/share/robot_custom_msgs/local_setup.bash
[0.805s] -- Up-to-date: /home/ubuntu/ros_workspace/install/robot_custom_msgs/share/robot_custom_msgs/local_setup.sh
[0.806s] -- Up-to-date: /home/ubuntu/ros_workspace/install/robot_custom_msgs/share/robot_custom_msgs/local_setup.zsh
[0.806s] -- Up-to-date: /home/ubuntu/ros_workspace/install/robot_custom_msgs/share/robot_custom_msgs/local_setup.dsv
[0.806s] -- Installing: /home/ubuntu/ros_workspace/install/robot_custom_msgs/share/robot_custom_msgs/package.dsv
[0.806s] -- Up-to-date: /home/ubuntu/ros_workspace/install/robot_custom_msgs/share/ament_index/resource_index/packages/robot_custom_msgs
[0.806s] -- Up-to-date: /home/ubuntu/ros_workspace/install/robot_custom_msgs/share/robot_custom_msgs/cmake/export_robot_custom_msgs__rosidl_generator_cExport.cmake
[0.806s] -- Up-to-date: /home/ubuntu/ros_workspace/install/robot_custom_msgs/share/robot_custom_msgs/cmake/export_robot_custom_msgs__rosidl_generator_cExport-noconfig.cmake
[0.807s] -- Up-to-date: /home/ubuntu/ros_workspace/install/robot_custom_msgs/share/robot_custom_msgs/cmake/export_robot_custom_msgs__rosidl_typesupport_fastrtps_cExport.cmake
[0.807s] -- Up-to-date: /home/ubuntu/ros_workspace/install/robot_custom_msgs/share/robot_custom_msgs/cmake/export_robot_custom_msgs__rosidl_typesupport_fastrtps_cExport-noconfig.cmake
[0.808s] -- Up-to-date: /home/ubuntu/ros_workspace/install/robot_custom_msgs/share/robot_custom_msgs/cmake/robot_custom_msgs__rosidl_typesupport_introspection_cExport.cmake
[0.808s] -- Up-to-date: /home/ubuntu/ros_workspace/install/robot_custom_msgs/share/robot_custom_msgs/cmake/robot_custom_msgs__rosidl_typesupport_introspection_cExport-noconfig.cmake
[0.809s] -- Up-to-date: /home/ubuntu/ros_workspace/install/robot_custom_msgs/share/robot_custom_msgs/cmake/robot_custom_msgs__rosidl_typesupport_cExport.cmake
[0.809s] -- Up-to-date: /home/ubuntu/ros_workspace/install/robot_custom_msgs/share/robot_custom_msgs/cmake/robot_custom_msgs__rosidl_typesupport_cExport-noconfig.cmake
[0.810s] -- Up-to-date: /home/ubuntu/ros_workspace/install/robot_custom_msgs/share/robot_custom_msgs/cmake/export_robot_custom_msgs__rosidl_generator_cppExport.cmake
[0.811s] -- Up-to-date: /home/ubuntu/ros_workspace/install/robot_custom_msgs/share/robot_custom_msgs/cmake/export_robot_custom_msgs__rosidl_typesupport_fastrtps_cppExport.cmake
[0.811s] -- Up-to-date: /home/ubuntu/ros_workspace/install/robot_custom_msgs/share/robot_custom_msgs/cmake/export_robot_custom_msgs__rosidl_typesupport_fastrtps_cppExport-noconfig.cmake
[0.812s] -- Up-to-date: /home/ubuntu/ros_workspace/install/robot_custom_msgs/share/robot_custom_msgs/cmake/robot_custom_msgs__rosidl_typesupport_introspection_cppExport.cmake
[0.812s] -- Up-to-date: /home/ubuntu/ros_workspace/install/robot_custom_msgs/share/robot_custom_msgs/cmake/robot_custom_msgs__rosidl_typesupport_introspection_cppExport-noconfig.cmake
[0.812s] -- Up-to-date: /home/ubuntu/ros_workspace/install/robot_custom_msgs/share/robot_custom_msgs/cmake/robot_custom_msgs__rosidl_typesupport_cppExport.cmake
[0.813s] -- Up-to-date: /home/ubuntu/ros_workspace/install/robot_custom_msgs/share/robot_custom_msgs/cmake/robot_custom_msgs__rosidl_typesupport_cppExport-noconfig.cmake
[0.813s] -- Up-to-date: /home/ubuntu/ros_workspace/install/robot_custom_msgs/share/robot_custom_msgs/cmake/export_robot_custom_msgs__rosidl_generator_pyExport.cmake
[0.813s] -- Up-to-date: /home/ubuntu/ros_workspace/install/robot_custom_msgs/share/robot_custom_msgs/cmake/export_robot_custom_msgs__rosidl_generator_pyExport-noconfig.cmake
[0.814s] -- Up-to-date: /home/ubuntu/ros_workspace/install/robot_custom_msgs/share/robot_custom_msgs/cmake/rosidl_cmake-extras.cmake
[0.814s] -- Up-to-date: /home/ubuntu/ros_workspace/install/robot_custom_msgs/share/robot_custom_msgs/cmake/ament_cmake_export_dependencies-extras.cmake
[0.814s] -- Up-to-date: /home/ubuntu/ros_workspace/install/robot_custom_msgs/share/robot_custom_msgs/cmake/ament_cmake_export_include_directories-extras.cmake
[0.814s] -- Up-to-date: /home/ubuntu/ros_workspace/install/robot_custom_msgs/share/robot_custom_msgs/cmake/ament_cmake_export_libraries-extras.cmake
[0.814s] -- Up-to-date: /home/ubuntu/ros_workspace/install/robot_custom_msgs/share/robot_custom_msgs/cmake/ament_cmake_export_targets-extras.cmake
[0.814s] -- Up-to-date: /home/ubuntu/ros_workspace/install/robot_custom_msgs/share/robot_custom_msgs/cmake/rosidl_cmake_export_typesupport_targets-extras.cmake
[0.814s] -- Up-to-date: /home/ubuntu/ros_workspace/install/robot_custom_msgs/share/robot_custom_msgs/cmake/rosidl_cmake_export_typesupport_libraries-extras.cmake
[0.814s] -- Up-to-date: /home/ubuntu/ros_workspace/install/robot_custom_msgs/share/robot_custom_msgs/cmake/robot_custom_msgsConfig.cmake
[0.815s] -- Up-to-date: /home/ubuntu/ros_workspace/install/robot_custom_msgs/share/robot_custom_msgs/cmake/robot_custom_msgsConfig-version.cmake
[0.815s] -- Up-to-date: /home/ubuntu/ros_workspace/install/robot_custom_msgs/share/robot_custom_msgs/package.xml
[0.818s] Invoked command in '/home/ubuntu/ros_workspace/build/robot_custom_msgs' returned '0': CMAKE_PREFIX_PATH=${CMAKE_PREFIX_PATH}:/home/ubuntu/ros_workspace/install/exam_example_2:/home/ubuntu/ros_workspace/install/assignment2_rt_py:/home/ubuntu/ros_workspace/install/assignment1_rt_py:/home/ubuntu/ros_workspace/install/python_package:/home/ubuntu/ros_workspace/install/first_package_py:/home/ubuntu/ros_workspace/install/exam_example:/opt/ros/jazzy /usr/bin/cmake --install /home/ubuntu/ros_workspace/build/robot_custom_msgs
