[0.017s] Invoking command in '/home/ubuntu/ros_workspace/build/turtlesim_custom_msgs': CMAKE_PREFIX_PATH=${CMAKE_PREFIX_PATH}:/home/ubuntu/ros_workspace/install/assignment2_rt_py:/home/ubuntu/ros_workspace/install/python_package:/home/ubuntu/ros_workspace/install/first_package_py:/home/ubuntu/ros_workspace/install/assignment1_rt_py:/opt/ros/jazzy /usr/bin/cmake --build /home/ubuntu/ros_workspace/build/turtlesim_custom_msgs -- -j16 -l16
[0.102s] -- Found ament_cmake: 2.5.4 (/opt/ros/jazzy/share/ament_cmake/cmake)
[0.140s] -- Found Python3: /usr/bin/python3 (found version "3.12.3") found components: Interpreter 
[0.253s] -- Found rosidl_default_generators: 1.6.0 (/opt/ros/jazzy/share/rosidl_default_generators/cmake)
[0.260s] -- Using all available rosidl_typesupport_c: rosidl_typesupport_fastrtps_c;rosidl_typesupport_introspection_c
[0.362s] -- Using all available rosidl_typesupport_cpp: rosidl_typesupport_fastrtps_cpp;rosidl_typesupport_introspection_cpp
[0.405s] -- Found rosidl_adapter: 4.6.6 (/opt/ros/jazzy/share/rosidl_adapter/cmake)
[0.746s] -- Found ament_cmake_ros: 0.12.0 (/opt/ros/jazzy/share/ament_cmake_ros/cmake)
[0.865s] -- Using all available rosidl_typesupport_c: rosidl_typesupport_fastrtps_c;rosidl_typesupport_introspection_c
[1.006s] -- Using all available rosidl_typesupport_cpp: rosidl_typesupport_fastrtps_cpp;rosidl_typesupport_introspection_cpp
[1.008s] -- Found python_cmake_module: 0.11.1 (/opt/ros/jazzy/share/python_cmake_module/cmake)
[1.275s] -- Found Python3: /usr/bin/python3 (found version "3.12.3") found components: Interpreter Development NumPy Development.Module Development.Embed 
[1.290s] -- Found ament_lint_auto: 0.17.3 (/opt/ros/jazzy/share/ament_lint_auto/cmake)
[1.323s] -- Added test 'lint_cmake' to check CMake code style
[1.325s] -- Added test 'xmllint' to check XML markup files
[1.331s] -- Configuring done (1.2s)
[1.432s] -- Generating done (0.1s)
[1.450s] -- Build files have been written to: /home/ubuntu/ros_workspace/build/turtlesim_custom_msgs
[1.520s] [  1%] [34m[1mGenerating type hashes for ROS interfaces[0m
[1.553s] [  1%] Built target ament_cmake_python_copy_turtlesim_custom_msgs
[1.761s] [  1%] Built target turtlesim_custom_msgs__rosidl_generator_type_description
[1.779s] [  3%] [34m[1mGenerating C code for ROS interfaces[0m
[1.785s] running egg_info
[1.798s] [  4%] [34m[1mGenerating C++ code for ROS interfaces[0m
[1.804s] writing turtlesim_custom_msgs.egg-info/PKG-INFO
[1.805s] writing dependency_links to turtlesim_custom_msgs.egg-info/dependency_links.txt
[1.805s] writing top-level names to turtlesim_custom_msgs.egg-info/top_level.txt
[1.864s] reading manifest file 'turtlesim_custom_msgs.egg-info/SOURCES.txt'
[1.865s] writing manifest file 'turtlesim_custom_msgs.egg-info/SOURCES.txt'
[1.914s] [  4%] Built target ament_cmake_python_build_turtlesim_custom_msgs_egg
[2.307s] [  4%] Built target turtlesim_custom_msgs__cpp
[2.403s] [  9%] [32mBuilding C object CMakeFiles/turtlesim_custom_msgs__rosidl_generator_c.dir/rosidl_generator_c/turtlesim_custom_msgs/srv/detail/velocity__type_support.c.o[0m
[2.403s] [  9%] [32mBuilding C object CMakeFiles/turtlesim_custom_msgs__rosidl_generator_c.dir/rosidl_generator_c/turtlesim_custom_msgs/msg/detail/vel__type_support.c.o[0m
[2.403s] [  9%] [32mBuilding C object CMakeFiles/turtlesim_custom_msgs__rosidl_generator_c.dir/rosidl_generator_c/turtlesim_custom_msgs/srv/detail/velocity__description.c.o[0m
[2.406s] [ 15%] [32mBuilding C object CMakeFiles/turtlesim_custom_msgs__rosidl_generator_c.dir/rosidl_generator_c/turtlesim_custom_msgs/msg/detail/vel__functions.c.o[0m
[2.406s] [ 15%] [32mBuilding C object CMakeFiles/turtlesim_custom_msgs__rosidl_generator_c.dir/rosidl_generator_c/turtlesim_custom_msgs/srv/detail/average__description.c.o[0m
[2.406s] [ 15%] [32mBuilding C object CMakeFiles/turtlesim_custom_msgs__rosidl_generator_c.dir/rosidl_generator_c/turtlesim_custom_msgs/srv/detail/threshold__description.c.o[0m
[2.407s] [ 12%] [32mBuilding C object CMakeFiles/turtlesim_custom_msgs__rosidl_generator_c.dir/rosidl_generator_c/turtlesim_custom_msgs/msg/detail/vel__description.c.o[0m
[2.407s] [ 17%] [32mBuilding C object CMakeFiles/turtlesim_custom_msgs__rosidl_generator_c.dir/rosidl_generator_c/turtlesim_custom_msgs/srv/detail/average__type_support.c.o[0m
[2.408s] [ 18%] [32mBuilding C object CMakeFiles/turtlesim_custom_msgs__rosidl_generator_c.dir/rosidl_generator_c/turtlesim_custom_msgs/srv/detail/threshold__type_support.c.o[0m
[2.409s] [ 20%] [32mBuilding C object CMakeFiles/turtlesim_custom_msgs__rosidl_generator_c.dir/rosidl_generator_c/turtlesim_custom_msgs/srv/detail/velocity__functions.c.o[0m
[2.410s] [ 21%] [32mBuilding C object CMakeFiles/turtlesim_custom_msgs__rosidl_generator_c.dir/rosidl_generator_c/turtlesim_custom_msgs/srv/detail/threshold__functions.c.o[0m
[2.418s] [ 23%] [32mBuilding C object CMakeFiles/turtlesim_custom_msgs__rosidl_generator_c.dir/rosidl_generator_c/turtlesim_custom_msgs/srv/detail/average__functions.c.o[0m
[2.606s] [ 25%] [32m[1mLinking C shared library libturtlesim_custom_msgs__rosidl_generator_c.so[0m
[2.708s] [ 25%] Built target turtlesim_custom_msgs__rosidl_generator_c
[2.739s] [ 28%] [34m[1mGenerating C++ introspection for ROS interfaces[0m
[2.741s] [ 28%] [34m[1mGenerating C++ type support dispatch for ROS interfaces[0m
[2.742s] [ 29%] [34m[1mGenerating C++ type support for eProsima Fast-RTPS[0m
[2.742s] [ 31%] [34m[1mGenerating C type support dispatch for ROS interfaces[0m
[2.746s] [ 34%] [34m[1mGenerating C type support for eProsima Fast-RTPS[0m
[2.746s] [ 34%] [34m[1mGenerating C introspection for ROS interfaces[0m
[3.343s] [ 35%] [32mBuilding CXX object CMakeFiles/turtlesim_custom_msgs__rosidl_typesupport_c.dir/rosidl_typesupport_c/turtlesim_custom_msgs/msg/vel__type_support.cpp.o[0m
[3.346s] [ 39%] [32mBuilding CXX object CMakeFiles/turtlesim_custom_msgs__rosidl_typesupport_c.dir/rosidl_typesupport_c/turtlesim_custom_msgs/srv/velocity__type_support.cpp.o[0m
[3.347s] [ 39%] [32mBuilding CXX object CMakeFiles/turtlesim_custom_msgs__rosidl_typesupport_c.dir/rosidl_typesupport_c/turtlesim_custom_msgs/srv/average__type_support.cpp.o[0m
[3.351s] [ 40%] [32mBuilding CXX object CMakeFiles/turtlesim_custom_msgs__rosidl_typesupport_c.dir/rosidl_typesupport_c/turtlesim_custom_msgs/srv/threshold__type_support.cpp.o[0m
[3.365s] [ 45%] [32mBuilding CXX object CMakeFiles/turtlesim_custom_msgs__rosidl_typesupport_cpp.dir/rosidl_typesupport_cpp/turtlesim_custom_msgs/msg/vel__type_support.cpp.o[0m
[3.366s] [ 45%] [32mBuilding CXX object CMakeFiles/turtlesim_custom_msgs__rosidl_typesupport_cpp.dir/rosidl_typesupport_cpp/turtlesim_custom_msgs/srv/threshold__type_support.cpp.o[0m
[3.366s] [ 45%] [32mBuilding CXX object CMakeFiles/turtlesim_custom_msgs__rosidl_typesupport_cpp.dir/rosidl_typesupport_cpp/turtlesim_custom_msgs/srv/velocity__type_support.cpp.o[0m
[3.366s] [ 46%] [32mBuilding CXX object CMakeFiles/turtlesim_custom_msgs__rosidl_typesupport_cpp.dir/rosidl_typesupport_cpp/turtlesim_custom_msgs/srv/average__type_support.cpp.o[0m
[3.505s] [ 48%] [32mBuilding CXX object CMakeFiles/turtlesim_custom_msgs__rosidl_typesupport_introspection_cpp.dir/rosidl_typesupport_introspection_cpp/turtlesim_custom_msgs/srv/detail/velocity__type_support.cpp.o[0m
[3.505s] [ 50%] [32mBuilding CXX object CMakeFiles/turtlesim_custom_msgs__rosidl_typesupport_introspection_cpp.dir/rosidl_typesupport_introspection_cpp/turtlesim_custom_msgs/msg/detail/vel__type_support.cpp.o[0m
[3.508s] [ 51%] [32mBuilding CXX object CMakeFiles/turtlesim_custom_msgs__rosidl_typesupport_introspection_cpp.dir/rosidl_typesupport_introspection_cpp/turtlesim_custom_msgs/srv/detail/threshold__type_support.cpp.o[0m
[3.510s] [ 53%] [32mBuilding CXX object CMakeFiles/turtlesim_custom_msgs__rosidl_typesupport_introspection_cpp.dir/rosidl_typesupport_introspection_cpp/turtlesim_custom_msgs/srv/detail/average__type_support.cpp.o[0m
[3.519s] [ 56%] [32mBuilding C object CMakeFiles/turtlesim_custom_msgs__rosidl_typesupport_introspection_c.dir/rosidl_typesupport_introspection_c/turtlesim_custom_msgs/srv/detail/velocity__type_support.c.o[0m
[3.520s] [ 56%] [32mBuilding C object CMakeFiles/turtlesim_custom_msgs__rosidl_typesupport_introspection_c.dir/rosidl_typesupport_introspection_c/turtlesim_custom_msgs/msg/detail/vel__type_support.c.o[0m
[3.557s] [ 57%] [32mBuilding C object CMakeFiles/turtlesim_custom_msgs__rosidl_typesupport_introspection_c.dir/rosidl_typesupport_introspection_c/turtlesim_custom_msgs/srv/detail/average__type_support.c.o[0m
[3.559s] [ 59%] [32m[1mLinking CXX shared library libturtlesim_custom_msgs__rosidl_typesupport_c.so[0m
[3.564s] [ 60%] [32mBuilding C object CMakeFiles/turtlesim_custom_msgs__rosidl_typesupport_introspection_c.dir/rosidl_typesupport_introspection_c/turtlesim_custom_msgs/srv/detail/threshold__type_support.c.o[0m
[3.672s] [ 60%] Built target turtlesim_custom_msgs__rosidl_typesupport_c
[3.681s] [ 62%] [32m[1mLinking C shared library libturtlesim_custom_msgs__rosidl_typesupport_introspection_c.so[0m
[3.775s] [ 64%] [32mBuilding CXX object CMakeFiles/turtlesim_custom_msgs__rosidl_typesupport_fastrtps_c.dir/rosidl_typesupport_fastrtps_c/turtlesim_custom_msgs/msg/detail/vel__type_support_c.cpp.o[0m
[3.790s] [ 65%] [32mBuilding CXX object CMakeFiles/turtlesim_custom_msgs__rosidl_typesupport_fastrtps_c.dir/rosidl_typesupport_fastrtps_c/turtlesim_custom_msgs/srv/detail/velocity__type_support_c.cpp.o[0m
[3.795s] [ 67%] [32mBuilding CXX object CMakeFiles/turtlesim_custom_msgs__rosidl_typesupport_fastrtps_c.dir/rosidl_typesupport_fastrtps_c/turtlesim_custom_msgs/srv/detail/average__type_support_c.cpp.o[0m
[3.795s] [ 67%] Built target turtlesim_custom_msgs__rosidl_typesupport_introspection_c
[3.802s] [ 68%] [32mBuilding CXX object CMakeFiles/turtlesim_custom_msgs__rosidl_typesupport_fastrtps_c.dir/rosidl_typesupport_fastrtps_c/turtlesim_custom_msgs/srv/detail/threshold__type_support_c.cpp.o[0m
[3.875s] [ 70%] [32mBuilding CXX object CMakeFiles/turtlesim_custom_msgs__rosidl_typesupport_fastrtps_cpp.dir/rosidl_typesupport_fastrtps_cpp/turtlesim_custom_msgs/msg/detail/dds_fastrtps/vel__type_support.cpp.o[0m
[3.876s] [ 71%] [32mBuilding CXX object CMakeFiles/turtlesim_custom_msgs__rosidl_typesupport_fastrtps_cpp.dir/rosidl_typesupport_fastrtps_cpp/turtlesim_custom_msgs/srv/detail/dds_fastrtps/velocity__type_support.cpp.o[0m
[3.876s] [ 73%] [32mBuilding CXX object CMakeFiles/turtlesim_custom_msgs__rosidl_typesupport_fastrtps_cpp.dir/rosidl_typesupport_fastrtps_cpp/turtlesim_custom_msgs/srv/detail/dds_fastrtps/average__type_support.cpp.o[0m
[3.882s] [ 75%] [32mBuilding CXX object CMakeFiles/turtlesim_custom_msgs__rosidl_typesupport_fastrtps_cpp.dir/rosidl_typesupport_fastrtps_cpp/turtlesim_custom_msgs/srv/detail/dds_fastrtps/threshold__type_support.cpp.o[0m
[4.294s] [ 76%] [32m[1mLinking CXX shared library libturtlesim_custom_msgs__rosidl_typesupport_cpp.so[0m
[4.377s] [ 78%] [32m[1mLinking CXX shared library libturtlesim_custom_msgs__rosidl_typesupport_introspection_cpp.so[0m
[4.514s] [ 78%] Built target turtlesim_custom_msgs__rosidl_typesupport_cpp
[4.599s] [ 78%] Built target turtlesim_custom_msgs__rosidl_typesupport_introspection_cpp
[4.806s] [ 79%] [32m[1mLinking CXX shared library libturtlesim_custom_msgs__rosidl_typesupport_fastrtps_c.so[0m
[4.928s] [ 81%] [32m[1mLinking CXX shared library libturtlesim_custom_msgs__rosidl_typesupport_fastrtps_cpp.so[0m
[4.937s] [ 81%] Built target turtlesim_custom_msgs__rosidl_typesupport_fastrtps_c
[5.056s] [ 81%] Built target turtlesim_custom_msgs__rosidl_typesupport_fastrtps_cpp
[5.094s] [ 81%] Built target turtlesim_custom_msgs
[5.132s] [ 82%] [34m[1mGenerating Python code for ROS interfaces[0m
[5.772s] [ 82%] Built target turtlesim_custom_msgs__py
[5.821s] [ 87%] [32mBuilding C object CMakeFiles/turtlesim_custom_msgs__rosidl_generator_py.dir/rosidl_generator_py/turtlesim_custom_msgs/msg/_vel_s.c.o[0m
[5.821s] [ 87%] [32mBuilding C object CMakeFiles/turtlesim_custom_msgs__rosidl_generator_py.dir/rosidl_generator_py/turtlesim_custom_msgs/srv/_average_s.c.o[0m
[5.821s] [ 87%] [32mBuilding C object CMakeFiles/turtlesim_custom_msgs__rosidl_generator_py.dir/rosidl_generator_py/turtlesim_custom_msgs/srv/_velocity_s.c.o[0m
[5.822s] [ 89%] [32mBuilding C object CMakeFiles/turtlesim_custom_msgs__rosidl_generator_py.dir/rosidl_generator_py/turtlesim_custom_msgs/srv/_threshold_s.c.o[0m
[6.078s] [ 90%] [32m[1mLinking C shared library libturtlesim_custom_msgs__rosidl_generator_py.so[0m
[6.142s] [ 90%] Built target turtlesim_custom_msgs__rosidl_generator_py
[6.183s] [ 93%] [32mBuilding C object CMakeFiles/turtlesim_custom_msgs_s__rosidl_typesupport_fastrtps_c.dir/rosidl_generator_py/turtlesim_custom_msgs/_turtlesim_custom_msgs_s.ep.rosidl_typesupport_fastrtps_c.c.o[0m
[6.183s] [ 93%] [32mBuilding C object CMakeFiles/turtlesim_custom_msgs_s__rosidl_typesupport_c.dir/rosidl_generator_py/turtlesim_custom_msgs/_turtlesim_custom_msgs_s.ep.rosidl_typesupport_c.c.o[0m
[6.183s] [ 95%] [32mBuilding C object CMakeFiles/turtlesim_custom_msgs_s__rosidl_typesupport_introspection_c.dir/rosidl_generator_py/turtlesim_custom_msgs/_turtlesim_custom_msgs_s.ep.rosidl_typesupport_introspection_c.c.o[0m
[6.339s] [ 98%] [32m[1mLinking C shared module rosidl_generator_py/turtlesim_custom_msgs/turtlesim_custom_msgs_s__rosidl_typesupport_fastrtps_c.so[0m
[6.340s] [ 98%] [32m[1mLinking C shared module rosidl_generator_py/turtlesim_custom_msgs/turtlesim_custom_msgs_s__rosidl_typesupport_c.so[0m
[6.340s] [100%] [32m[1mLinking C shared module rosidl_generator_py/turtlesim_custom_msgs/turtlesim_custom_msgs_s__rosidl_typesupport_introspection_c.so[0m
[6.393s] [100%] Built target turtlesim_custom_msgs_s__rosidl_typesupport_fastrtps_c
[6.393s] [100%] Built target turtlesim_custom_msgs_s__rosidl_typesupport_c
[6.393s] [100%] Built target turtlesim_custom_msgs_s__rosidl_typesupport_introspection_c
[6.416s] Invoked command in '/home/ubuntu/ros_workspace/build/turtlesim_custom_msgs' returned '0': CMAKE_PREFIX_PATH=${CMAKE_PREFIX_PATH}:/home/ubuntu/ros_workspace/install/assignment2_rt_py:/home/ubuntu/ros_workspace/install/python_package:/home/ubuntu/ros_workspace/install/first_package_py:/home/ubuntu/ros_workspace/install/assignment1_rt_py:/opt/ros/jazzy /usr/bin/cmake --build /home/ubuntu/ros_workspace/build/turtlesim_custom_msgs -- -j16 -l16
[6.432s] Invoking command in '/home/ubuntu/ros_workspace/build/turtlesim_custom_msgs': CMAKE_PREFIX_PATH=${CMAKE_PREFIX_PATH}:/home/ubuntu/ros_workspace/install/assignment2_rt_py:/home/ubuntu/ros_workspace/install/python_package:/home/ubuntu/ros_workspace/install/first_package_py:/home/ubuntu/ros_workspace/install/assignment1_rt_py:/opt/ros/jazzy /usr/bin/cmake --install /home/ubuntu/ros_workspace/build/turtlesim_custom_msgs
[6.447s] -- Install configuration: ""
[6.447s] -- Up-to-date: /home/ubuntu/ros_workspace/install/turtlesim_custom_msgs/share/ament_index/resource_index/rosidl_interfaces/turtlesim_custom_msgs
[6.447s] -- Installing: /home/ubuntu/ros_workspace/install/turtlesim_custom_msgs/share/turtlesim_custom_msgs/msg/Vel.json
[6.447s] -- Installing: /home/ubuntu/ros_workspace/install/turtlesim_custom_msgs/share/turtlesim_custom_msgs/srv/Velocity.json
[6.448s] -- Installing: /home/ubuntu/ros_workspace/install/turtlesim_custom_msgs/share/turtlesim_custom_msgs/srv/Average.json
[6.448s] -- Installing: /home/ubuntu/ros_workspace/install/turtlesim_custom_msgs/share/turtlesim_custom_msgs/srv/Threshold.json
[6.448s] -- Up-to-date: /home/ubuntu/ros_workspace/install/turtlesim_custom_msgs/include/turtlesim_custom_msgs/turtlesim_custom_msgs
[6.448s] -- Up-to-date: /home/ubuntu/ros_workspace/install/turtlesim_custom_msgs/include/turtlesim_custom_msgs/turtlesim_custom_msgs/srv
[6.449s] -- Up-to-date: /home/ubuntu/ros_workspace/install/turtlesim_custom_msgs/include/turtlesim_custom_msgs/turtlesim_custom_msgs/srv/detail
[6.449s] -- Installing: /home/ubuntu/ros_workspace/install/turtlesim_custom_msgs/include/turtlesim_custom_msgs/turtlesim_custom_msgs/srv/detail/velocity__struct.h
[6.449s] -- Installing: /home/ubuntu/ros_workspace/install/turtlesim_custom_msgs/include/turtlesim_custom_msgs/turtlesim_custom_msgs/srv/detail/average__functions.h
[6.450s] -- Installing: /home/ubuntu/ros_workspace/install/turtlesim_custom_msgs/include/turtlesim_custom_msgs/turtlesim_custom_msgs/srv/detail/average__type_support.h
[6.450s] -- Installing: /home/ubuntu/ros_workspace/install/turtlesim_custom_msgs/include/turtlesim_custom_msgs/turtlesim_custom_msgs/srv/detail/threshold__description.c
[6.450s] -- Installing: /home/ubuntu/ros_workspace/install/turtlesim_custom_msgs/include/turtlesim_custom_msgs/turtlesim_custom_msgs/srv/detail/threshold__functions.c
[6.451s] -- Installing: /home/ubuntu/ros_workspace/install/turtlesim_custom_msgs/include/turtlesim_custom_msgs/turtlesim_custom_msgs/srv/detail/threshold__type_support.h
[6.451s] -- Installing: /home/ubuntu/ros_workspace/install/turtlesim_custom_msgs/include/turtlesim_custom_msgs/turtlesim_custom_msgs/srv/detail/velocity__description.c
[6.452s] -- Installing: /home/ubuntu/ros_workspace/install/turtlesim_custom_msgs/include/turtlesim_custom_msgs/turtlesim_custom_msgs/srv/detail/threshold__type_support.c
[6.452s] -- Installing: /home/ubuntu/ros_workspace/install/turtlesim_custom_msgs/include/turtlesim_custom_msgs/turtlesim_custom_msgs/srv/detail/average__type_support.c
[6.453s] -- Installing: /home/ubuntu/ros_workspace/install/turtlesim_custom_msgs/include/turtlesim_custom_msgs/turtlesim_custom_msgs/srv/detail/velocity__type_support.h
[6.453s] -- Installing: /home/ubuntu/ros_workspace/install/turtlesim_custom_msgs/include/turtlesim_custom_msgs/turtlesim_custom_msgs/srv/detail/velocity__functions.h
[6.453s] -- Installing: /home/ubuntu/ros_workspace/install/turtlesim_custom_msgs/include/turtlesim_custom_msgs/turtlesim_custom_msgs/srv/detail/threshold__struct.h
[6.454s] -- Installing: /home/ubuntu/ros_workspace/install/turtlesim_custom_msgs/include/turtlesim_custom_msgs/turtlesim_custom_msgs/srv/detail/velocity__type_support.c
[6.454s] -- Installing: /home/ubuntu/ros_workspace/install/turtlesim_custom_msgs/include/turtlesim_custom_msgs/turtlesim_custom_msgs/srv/detail/velocity__functions.c
[6.454s] -- Installing: /home/ubuntu/ros_workspace/install/turtlesim_custom_msgs/include/turtlesim_custom_msgs/turtlesim_custom_msgs/srv/detail/average__functions.c
[6.455s] -- Installing: /home/ubuntu/ros_workspace/install/turtlesim_custom_msgs/include/turtlesim_custom_msgs/turtlesim_custom_msgs/srv/detail/threshold__functions.h
[6.455s] -- Installing: /home/ubuntu/ros_workspace/install/turtlesim_custom_msgs/include/turtlesim_custom_msgs/turtlesim_custom_msgs/srv/detail/average__description.c
[6.455s] -- Installing: /home/ubuntu/ros_workspace/install/turtlesim_custom_msgs/include/turtlesim_custom_msgs/turtlesim_custom_msgs/srv/detail/average__struct.h
[6.456s] -- Installing: /home/ubuntu/ros_workspace/install/turtlesim_custom_msgs/include/turtlesim_custom_msgs/turtlesim_custom_msgs/srv/velocity.h
[6.456s] -- Installing: /home/ubuntu/ros_workspace/install/turtlesim_custom_msgs/include/turtlesim_custom_msgs/turtlesim_custom_msgs/srv/threshold.h
[6.456s] -- Installing: /home/ubuntu/ros_workspace/install/turtlesim_custom_msgs/include/turtlesim_custom_msgs/turtlesim_custom_msgs/srv/average.h
[6.457s] -- Up-to-date: /home/ubuntu/ros_workspace/install/turtlesim_custom_msgs/include/turtlesim_custom_msgs/turtlesim_custom_msgs/msg
[6.457s] -- Up-to-date: /home/ubuntu/ros_workspace/install/turtlesim_custom_msgs/include/turtlesim_custom_msgs/turtlesim_custom_msgs/msg/detail
[6.457s] -- Installing: /home/ubuntu/ros_workspace/install/turtlesim_custom_msgs/include/turtlesim_custom_msgs/turtlesim_custom_msgs/msg/detail/vel__struct.h
[6.457s] -- Installing: /home/ubuntu/ros_workspace/install/turtlesim_custom_msgs/include/turtlesim_custom_msgs/turtlesim_custom_msgs/msg/detail/vel__type_support.h
[6.458s] -- Installing: /home/ubuntu/ros_workspace/install/turtlesim_custom_msgs/include/turtlesim_custom_msgs/turtlesim_custom_msgs/msg/detail/vel__type_support.c
[6.458s] -- Installing: /home/ubuntu/ros_workspace/install/turtlesim_custom_msgs/include/turtlesim_custom_msgs/turtlesim_custom_msgs/msg/detail/vel__description.c
[6.458s] -- Installing: /home/ubuntu/ros_workspace/install/turtlesim_custom_msgs/include/turtlesim_custom_msgs/turtlesim_custom_msgs/msg/detail/vel__functions.c
[6.459s] -- Installing: /home/ubuntu/ros_workspace/install/turtlesim_custom_msgs/include/turtlesim_custom_msgs/turtlesim_custom_msgs/msg/detail/vel__functions.h
[6.459s] -- Installing: /home/ubuntu/ros_workspace/install/turtlesim_custom_msgs/include/turtlesim_custom_msgs/turtlesim_custom_msgs/msg/vel.h
[6.459s] -- Up-to-date: /home/ubuntu/ros_workspace/install/turtlesim_custom_msgs/include/turtlesim_custom_msgs/turtlesim_custom_msgs/msg/rosidl_generator_c__visibility_control.h
[6.459s] -- Up-to-date: /home/ubuntu/ros_workspace/install/turtlesim_custom_msgs/share/turtlesim_custom_msgs/environment/library_path.sh
[6.460s] -- Up-to-date: /home/ubuntu/ros_workspace/install/turtlesim_custom_msgs/share/turtlesim_custom_msgs/environment/library_path.dsv
[6.460s] -- Installing: /home/ubuntu/ros_workspace/install/turtlesim_custom_msgs/lib/libturtlesim_custom_msgs__rosidl_generator_c.so
[6.461s] -- Set non-toolchain portion of runtime path of "/home/ubuntu/ros_workspace/install/turtlesim_custom_msgs/lib/libturtlesim_custom_msgs__rosidl_generator_c.so" to ""
[6.461s] -- Up-to-date: /home/ubuntu/ros_workspace/install/turtlesim_custom_msgs/include/turtlesim_custom_msgs/turtlesim_custom_msgs
[6.461s] -- Up-to-date: /home/ubuntu/ros_workspace/install/turtlesim_custom_msgs/include/turtlesim_custom_msgs/turtlesim_custom_msgs/srv
[6.461s] -- Up-to-date: /home/ubuntu/ros_workspace/install/turtlesim_custom_msgs/include/turtlesim_custom_msgs/turtlesim_custom_msgs/srv/detail
[6.461s] -- Installing: /home/ubuntu/ros_workspace/install/turtlesim_custom_msgs/include/turtlesim_custom_msgs/turtlesim_custom_msgs/srv/detail/velocity__rosidl_typesupport_fastrtps_c.h
[6.462s] -- Installing: /home/ubuntu/ros_workspace/install/turtlesim_custom_msgs/include/turtlesim_custom_msgs/turtlesim_custom_msgs/srv/detail/average__rosidl_typesupport_fastrtps_c.h
[6.462s] -- Installing: /home/ubuntu/ros_workspace/install/turtlesim_custom_msgs/include/turtlesim_custom_msgs/turtlesim_custom_msgs/srv/detail/threshold__rosidl_typesupport_fastrtps_c.h
[6.462s] -- Up-to-date: /home/ubuntu/ros_workspace/install/turtlesim_custom_msgs/include/turtlesim_custom_msgs/turtlesim_custom_msgs/msg
[6.463s] -- Up-to-date: /home/ubuntu/ros_workspace/install/turtlesim_custom_msgs/include/turtlesim_custom_msgs/turtlesim_custom_msgs/msg/detail
[6.463s] -- Installing: /home/ubuntu/ros_workspace/install/turtlesim_custom_msgs/include/turtlesim_custom_msgs/turtlesim_custom_msgs/msg/detail/vel__rosidl_typesupport_fastrtps_c.h
[6.463s] -- Up-to-date: /home/ubuntu/ros_workspace/install/turtlesim_custom_msgs/include/turtlesim_custom_msgs/turtlesim_custom_msgs/msg/rosidl_typesupport_fastrtps_c__visibility_control.h
[6.463s] -- Installing: /home/ubuntu/ros_workspace/install/turtlesim_custom_msgs/lib/libturtlesim_custom_msgs__rosidl_typesupport_fastrtps_c.so
[6.464s] -- Set non-toolchain portion of runtime path of "/home/ubuntu/ros_workspace/install/turtlesim_custom_msgs/lib/libturtlesim_custom_msgs__rosidl_typesupport_fastrtps_c.so" to ""
[6.464s] -- Up-to-date: /home/ubuntu/ros_workspace/install/turtlesim_custom_msgs/include/turtlesim_custom_msgs/turtlesim_custom_msgs
[6.465s] -- Up-to-date: /home/ubuntu/ros_workspace/install/turtlesim_custom_msgs/include/turtlesim_custom_msgs/turtlesim_custom_msgs/srv
[6.465s] -- Up-to-date: /home/ubuntu/ros_workspace/install/turtlesim_custom_msgs/include/turtlesim_custom_msgs/turtlesim_custom_msgs/srv/detail
[6.465s] -- Installing: /home/ubuntu/ros_workspace/install/turtlesim_custom_msgs/include/turtlesim_custom_msgs/turtlesim_custom_msgs/srv/detail/threshold__rosidl_typesupport_introspection_c.h
[6.465s] -- Installing: /home/ubuntu/ros_workspace/install/turtlesim_custom_msgs/include/turtlesim_custom_msgs/turtlesim_custom_msgs/srv/detail/threshold__type_support.c
[6.466s] -- Installing: /home/ubuntu/ros_workspace/install/turtlesim_custom_msgs/include/turtlesim_custom_msgs/turtlesim_custom_msgs/srv/detail/average__rosidl_typesupport_introspection_c.h
[6.466s] -- Installing: /home/ubuntu/ros_workspace/install/turtlesim_custom_msgs/include/turtlesim_custom_msgs/turtlesim_custom_msgs/srv/detail/average__type_support.c
[6.467s] -- Installing: /home/ubuntu/ros_workspace/install/turtlesim_custom_msgs/include/turtlesim_custom_msgs/turtlesim_custom_msgs/srv/detail/velocity__type_support.c
[6.467s] -- Installing: /home/ubuntu/ros_workspace/install/turtlesim_custom_msgs/include/turtlesim_custom_msgs/turtlesim_custom_msgs/srv/detail/velocity__rosidl_typesupport_introspection_c.h
[6.467s] -- Up-to-date: /home/ubuntu/ros_workspace/install/turtlesim_custom_msgs/include/turtlesim_custom_msgs/turtlesim_custom_msgs/msg
[6.467s] -- Up-to-date: /home/ubuntu/ros_workspace/install/turtlesim_custom_msgs/include/turtlesim_custom_msgs/turtlesim_custom_msgs/msg/detail
[6.468s] -- Installing: /home/ubuntu/ros_workspace/install/turtlesim_custom_msgs/include/turtlesim_custom_msgs/turtlesim_custom_msgs/msg/detail/vel__type_support.c
[6.468s] -- Installing: /home/ubuntu/ros_workspace/install/turtlesim_custom_msgs/include/turtlesim_custom_msgs/turtlesim_custom_msgs/msg/detail/vel__rosidl_typesupport_introspection_c.h
[6.468s] -- Up-to-date: /home/ubuntu/ros_workspace/install/turtlesim_custom_msgs/include/turtlesim_custom_msgs/turtlesim_custom_msgs/msg/rosidl_typesupport_introspection_c__visibility_control.h
[6.469s] -- Installing: /home/ubuntu/ros_workspace/install/turtlesim_custom_msgs/lib/libturtlesim_custom_msgs__rosidl_typesupport_introspection_c.so
[6.469s] -- Set non-toolchain portion of runtime path of "/home/ubuntu/ros_workspace/install/turtlesim_custom_msgs/lib/libturtlesim_custom_msgs__rosidl_typesupport_introspection_c.so" to ""
[6.470s] -- Installing: /home/ubuntu/ros_workspace/install/turtlesim_custom_msgs/lib/libturtlesim_custom_msgs__rosidl_typesupport_c.so
[6.470s] -- Set non-toolchain portion of runtime path of "/home/ubuntu/ros_workspace/install/turtlesim_custom_msgs/lib/libturtlesim_custom_msgs__rosidl_typesupport_c.so" to ""
[6.470s] -- Up-to-date: /home/ubuntu/ros_workspace/install/turtlesim_custom_msgs/include/turtlesim_custom_msgs/turtlesim_custom_msgs
[6.471s] -- Up-to-date: /home/ubuntu/ros_workspace/install/turtlesim_custom_msgs/include/turtlesim_custom_msgs/turtlesim_custom_msgs/srv
[6.471s] -- Up-to-date: /home/ubuntu/ros_workspace/install/turtlesim_custom_msgs/include/turtlesim_custom_msgs/turtlesim_custom_msgs/srv/detail
[6.471s] -- Installing: /home/ubuntu/ros_workspace/install/turtlesim_custom_msgs/include/turtlesim_custom_msgs/turtlesim_custom_msgs/srv/detail/threshold__struct.hpp
[6.471s] -- Installing: /home/ubuntu/ros_workspace/install/turtlesim_custom_msgs/include/turtlesim_custom_msgs/turtlesim_custom_msgs/srv/detail/average__struct.hpp
[6.471s] -- Installing: /home/ubuntu/ros_workspace/install/turtlesim_custom_msgs/include/turtlesim_custom_msgs/turtlesim_custom_msgs/srv/detail/average__type_support.hpp
[6.472s] -- Installing: /home/ubuntu/ros_workspace/install/turtlesim_custom_msgs/include/turtlesim_custom_msgs/turtlesim_custom_msgs/srv/detail/threshold__builder.hpp
[6.472s] -- Installing: /home/ubuntu/ros_workspace/install/turtlesim_custom_msgs/include/turtlesim_custom_msgs/turtlesim_custom_msgs/srv/detail/velocity__traits.hpp
[6.472s] -- Installing: /home/ubuntu/ros_workspace/install/turtlesim_custom_msgs/include/turtlesim_custom_msgs/turtlesim_custom_msgs/srv/detail/threshold__type_support.hpp
[6.473s] -- Installing: /home/ubuntu/ros_workspace/install/turtlesim_custom_msgs/include/turtlesim_custom_msgs/turtlesim_custom_msgs/srv/detail/threshold__traits.hpp
[6.473s] -- Installing: /home/ubuntu/ros_workspace/install/turtlesim_custom_msgs/include/turtlesim_custom_msgs/turtlesim_custom_msgs/srv/detail/velocity__type_support.hpp
[6.473s] -- Installing: /home/ubuntu/ros_workspace/install/turtlesim_custom_msgs/include/turtlesim_custom_msgs/turtlesim_custom_msgs/srv/detail/average__traits.hpp
[6.474s] -- Installing: /home/ubuntu/ros_workspace/install/turtlesim_custom_msgs/include/turtlesim_custom_msgs/turtlesim_custom_msgs/srv/detail/average__builder.hpp
[6.474s] -- Installing: /home/ubuntu/ros_workspace/install/turtlesim_custom_msgs/include/turtlesim_custom_msgs/turtlesim_custom_msgs/srv/detail/velocity__builder.hpp
[6.474s] -- Installing: /home/ubuntu/ros_workspace/install/turtlesim_custom_msgs/include/turtlesim_custom_msgs/turtlesim_custom_msgs/srv/detail/velocity__struct.hpp
[6.475s] -- Installing: /home/ubuntu/ros_workspace/install/turtlesim_custom_msgs/include/turtlesim_custom_msgs/turtlesim_custom_msgs/srv/threshold.hpp
[6.475s] -- Installing: /home/ubuntu/ros_workspace/install/turtlesim_custom_msgs/include/turtlesim_custom_msgs/turtlesim_custom_msgs/srv/velocity.hpp
[6.475s] -- Installing: /home/ubuntu/ros_workspace/install/turtlesim_custom_msgs/include/turtlesim_custom_msgs/turtlesim_custom_msgs/srv/average.hpp
[6.476s] -- Up-to-date: /home/ubuntu/ros_workspace/install/turtlesim_custom_msgs/include/turtlesim_custom_msgs/turtlesim_custom_msgs/msg
[6.476s] -- Up-to-date: /home/ubuntu/ros_workspace/install/turtlesim_custom_msgs/include/turtlesim_custom_msgs/turtlesim_custom_msgs/msg/detail
[6.476s] -- Installing: /home/ubuntu/ros_workspace/install/turtlesim_custom_msgs/include/turtlesim_custom_msgs/turtlesim_custom_msgs/msg/detail/vel__struct.hpp
[6.476s] -- Installing: /home/ubuntu/ros_workspace/install/turtlesim_custom_msgs/include/turtlesim_custom_msgs/turtlesim_custom_msgs/msg/detail/vel__builder.hpp
[6.477s] -- Installing: /home/ubuntu/ros_workspace/install/turtlesim_custom_msgs/include/turtlesim_custom_msgs/turtlesim_custom_msgs/msg/detail/vel__traits.hpp
[6.477s] -- Installing: /home/ubuntu/ros_workspace/install/turtlesim_custom_msgs/include/turtlesim_custom_msgs/turtlesim_custom_msgs/msg/detail/vel__type_support.hpp
[6.477s] -- Installing: /home/ubuntu/ros_workspace/install/turtlesim_custom_msgs/include/turtlesim_custom_msgs/turtlesim_custom_msgs/msg/rosidl_generator_cpp__visibility_control.hpp
[6.478s] -- Installing: /home/ubuntu/ros_workspace/install/turtlesim_custom_msgs/include/turtlesim_custom_msgs/turtlesim_custom_msgs/msg/vel.hpp
[6.478s] -- Up-to-date: /home/ubuntu/ros_workspace/install/turtlesim_custom_msgs/include/turtlesim_custom_msgs/turtlesim_custom_msgs
[6.478s] -- Up-to-date: /home/ubuntu/ros_workspace/install/turtlesim_custom_msgs/include/turtlesim_custom_msgs/turtlesim_custom_msgs/srv
[6.479s] -- Up-to-date: /home/ubuntu/ros_workspace/install/turtlesim_custom_msgs/include/turtlesim_custom_msgs/turtlesim_custom_msgs/srv/detail
[6.479s] -- Up-to-date: /home/ubuntu/ros_workspace/install/turtlesim_custom_msgs/include/turtlesim_custom_msgs/turtlesim_custom_msgs/srv/detail/dds_fastrtps
[6.479s] -- Installing: /home/ubuntu/ros_workspace/install/turtlesim_custom_msgs/include/turtlesim_custom_msgs/turtlesim_custom_msgs/srv/detail/velocity__rosidl_typesupport_fastrtps_cpp.hpp
[6.479s] -- Installing: /home/ubuntu/ros_workspace/install/turtlesim_custom_msgs/include/turtlesim_custom_msgs/turtlesim_custom_msgs/srv/detail/average__rosidl_typesupport_fastrtps_cpp.hpp
[6.479s] -- Installing: /home/ubuntu/ros_workspace/install/turtlesim_custom_msgs/include/turtlesim_custom_msgs/turtlesim_custom_msgs/srv/detail/threshold__rosidl_typesupport_fastrtps_cpp.hpp
[6.480s] -- Up-to-date: /home/ubuntu/ros_workspace/install/turtlesim_custom_msgs/include/turtlesim_custom_msgs/turtlesim_custom_msgs/msg
[6.480s] -- Up-to-date: /home/ubuntu/ros_workspace/install/turtlesim_custom_msgs/include/turtlesim_custom_msgs/turtlesim_custom_msgs/msg/detail
[6.480s] -- Up-to-date: /home/ubuntu/ros_workspace/install/turtlesim_custom_msgs/include/turtlesim_custom_msgs/turtlesim_custom_msgs/msg/detail/dds_fastrtps
[6.480s] -- Installing: /home/ubuntu/ros_workspace/install/turtlesim_custom_msgs/include/turtlesim_custom_msgs/turtlesim_custom_msgs/msg/detail/vel__rosidl_typesupport_fastrtps_cpp.hpp
[6.480s] -- Up-to-date: /home/ubuntu/ros_workspace/install/turtlesim_custom_msgs/include/turtlesim_custom_msgs/turtlesim_custom_msgs/msg/rosidl_typesupport_fastrtps_cpp__visibility_control.h
[6.481s] -- Installing: /home/ubuntu/ros_workspace/install/turtlesim_custom_msgs/lib/libturtlesim_custom_msgs__rosidl_typesupport_fastrtps_cpp.so
[6.483s] -- Set non-toolchain portion of runtime path of "/home/ubuntu/ros_workspace/install/turtlesim_custom_msgs/lib/libturtlesim_custom_msgs__rosidl_typesupport_fastrtps_cpp.so" to ""
[6.483s] -- Up-to-date: /home/ubuntu/ros_workspace/install/turtlesim_custom_msgs/include/turtlesim_custom_msgs/turtlesim_custom_msgs
[6.483s] -- Up-to-date: /home/ubuntu/ros_workspace/install/turtlesim_custom_msgs/include/turtlesim_custom_msgs/turtlesim_custom_msgs/srv
[6.483s] -- Up-to-date: /home/ubuntu/ros_workspace/install/turtlesim_custom_msgs/include/turtlesim_custom_msgs/turtlesim_custom_msgs/srv/detail
[6.483s] -- Installing: /home/ubuntu/ros_workspace/install/turtlesim_custom_msgs/include/turtlesim_custom_msgs/turtlesim_custom_msgs/srv/detail/average__rosidl_typesupport_introspection_cpp.hpp
[6.484s] -- Installing: /home/ubuntu/ros_workspace/install/turtlesim_custom_msgs/include/turtlesim_custom_msgs/turtlesim_custom_msgs/srv/detail/velocity__type_support.cpp
[6.484s] -- Installing: /home/ubuntu/ros_workspace/install/turtlesim_custom_msgs/include/turtlesim_custom_msgs/turtlesim_custom_msgs/srv/detail/average__type_support.cpp
[6.484s] -- Installing: /home/ubuntu/ros_workspace/install/turtlesim_custom_msgs/include/turtlesim_custom_msgs/turtlesim_custom_msgs/srv/detail/velocity__rosidl_typesupport_introspection_cpp.hpp
[6.485s] -- Installing: /home/ubuntu/ros_workspace/install/turtlesim_custom_msgs/include/turtlesim_custom_msgs/turtlesim_custom_msgs/srv/detail/threshold__rosidl_typesupport_introspection_cpp.hpp
[6.485s] -- Installing: /home/ubuntu/ros_workspace/install/turtlesim_custom_msgs/include/turtlesim_custom_msgs/turtlesim_custom_msgs/srv/detail/threshold__type_support.cpp
[6.485s] -- Up-to-date: /home/ubuntu/ros_workspace/install/turtlesim_custom_msgs/include/turtlesim_custom_msgs/turtlesim_custom_msgs/msg
[6.486s] -- Up-to-date: /home/ubuntu/ros_workspace/install/turtlesim_custom_msgs/include/turtlesim_custom_msgs/turtlesim_custom_msgs/msg/detail
[6.486s] -- Installing: /home/ubuntu/ros_workspace/install/turtlesim_custom_msgs/include/turtlesim_custom_msgs/turtlesim_custom_msgs/msg/detail/vel__type_support.cpp
[6.486s] -- Installing: /home/ubuntu/ros_workspace/install/turtlesim_custom_msgs/include/turtlesim_custom_msgs/turtlesim_custom_msgs/msg/detail/vel__rosidl_typesupport_introspection_cpp.hpp
[6.487s] -- Installing: /home/ubuntu/ros_workspace/install/turtlesim_custom_msgs/lib/libturtlesim_custom_msgs__rosidl_typesupport_introspection_cpp.so
[6.488s] -- Set non-toolchain portion of runtime path of "/home/ubuntu/ros_workspace/install/turtlesim_custom_msgs/lib/libturtlesim_custom_msgs__rosidl_typesupport_introspection_cpp.so" to ""
[6.489s] -- Installing: /home/ubuntu/ros_workspace/install/turtlesim_custom_msgs/lib/libturtlesim_custom_msgs__rosidl_typesupport_cpp.so
[6.491s] -- Set non-toolchain portion of runtime path of "/home/ubuntu/ros_workspace/install/turtlesim_custom_msgs/lib/libturtlesim_custom_msgs__rosidl_typesupport_cpp.so" to ""
[6.491s] -- Up-to-date: /home/ubuntu/ros_workspace/install/turtlesim_custom_msgs/share/turtlesim_custom_msgs/environment/pythonpath.sh
[6.491s] -- Up-to-date: /home/ubuntu/ros_workspace/install/turtlesim_custom_msgs/share/turtlesim_custom_msgs/environment/pythonpath.dsv
[6.491s] -- Up-to-date: /home/ubuntu/ros_workspace/install/turtlesim_custom_msgs/lib/python3.12/site-packages/turtlesim_custom_msgs-0.0.0-py3.12.egg-info
[6.491s] -- Installing: /home/ubuntu/ros_workspace/install/turtlesim_custom_msgs/lib/python3.12/site-packages/turtlesim_custom_msgs-0.0.0-py3.12.egg-info/top_level.txt
[6.491s] -- Installing: /home/ubuntu/ros_workspace/install/turtlesim_custom_msgs/lib/python3.12/site-packages/turtlesim_custom_msgs-0.0.0-py3.12.egg-info/SOURCES.txt
[6.492s] -- Installing: /home/ubuntu/ros_workspace/install/turtlesim_custom_msgs/lib/python3.12/site-packages/turtlesim_custom_msgs-0.0.0-py3.12.egg-info/PKG-INFO
[6.492s] -- Installing: /home/ubuntu/ros_workspace/install/turtlesim_custom_msgs/lib/python3.12/site-packages/turtlesim_custom_msgs-0.0.0-py3.12.egg-info/dependency_links.txt
[6.492s] -- Up-to-date: /home/ubuntu/ros_workspace/install/turtlesim_custom_msgs/lib/python3.12/site-packages/turtlesim_custom_msgs
[6.492s] -- Installing: /home/ubuntu/ros_workspace/install/turtlesim_custom_msgs/lib/python3.12/site-packages/turtlesim_custom_msgs/turtlesim_custom_msgs_s__rosidl_typesupport_introspection_c.so
[6.493s] -- Installing: /home/ubuntu/ros_workspace/install/turtlesim_custom_msgs/lib/python3.12/site-packages/turtlesim_custom_msgs/turtlesim_custom_msgs_s__rosidl_typesupport_c.so
[6.493s] -- Installing: /home/ubuntu/ros_workspace/install/turtlesim_custom_msgs/lib/python3.12/site-packages/turtlesim_custom_msgs/__init__.py
[6.494s] -- Installing: /home/ubuntu/ros_workspace/install/turtlesim_custom_msgs/lib/python3.12/site-packages/turtlesim_custom_msgs/_turtlesim_custom_msgs_s.ep.rosidl_typesupport_introspection_c.c
[6.494s] -- Installing: /home/ubuntu/ros_workspace/install/turtlesim_custom_msgs/lib/python3.12/site-packages/turtlesim_custom_msgs/_turtlesim_custom_msgs_s.ep.rosidl_typesupport_fastrtps_c.c
[6.494s] -- Installing: /home/ubuntu/ros_workspace/install/turtlesim_custom_msgs/lib/python3.12/site-packages/turtlesim_custom_msgs/turtlesim_custom_msgs_s__rosidl_typesupport_fastrtps_c.so
[6.495s] -- Up-to-date: /home/ubuntu/ros_workspace/install/turtlesim_custom_msgs/lib/python3.12/site-packages/turtlesim_custom_msgs/srv
[6.495s] -- Installing: /home/ubuntu/ros_workspace/install/turtlesim_custom_msgs/lib/python3.12/site-packages/turtlesim_custom_msgs/srv/_average.py
[6.495s] -- Installing: /home/ubuntu/ros_workspace/install/turtlesim_custom_msgs/lib/python3.12/site-packages/turtlesim_custom_msgs/srv/_velocity.py
[6.496s] -- Installing: /home/ubuntu/ros_workspace/install/turtlesim_custom_msgs/lib/python3.12/site-packages/turtlesim_custom_msgs/srv/_average_s.c
[6.496s] -- Installing: /home/ubuntu/ros_workspace/install/turtlesim_custom_msgs/lib/python3.12/site-packages/turtlesim_custom_msgs/srv/_threshold_s.c
[6.497s] -- Installing: /home/ubuntu/ros_workspace/install/turtlesim_custom_msgs/lib/python3.12/site-packages/turtlesim_custom_msgs/srv/_velocity_s.c
[6.497s] -- Installing: /home/ubuntu/ros_workspace/install/turtlesim_custom_msgs/lib/python3.12/site-packages/turtlesim_custom_msgs/srv/__init__.py
[6.498s] -- Installing: /home/ubuntu/ros_workspace/install/turtlesim_custom_msgs/lib/python3.12/site-packages/turtlesim_custom_msgs/srv/_threshold.py
[6.498s] -- Installing: /home/ubuntu/ros_workspace/install/turtlesim_custom_msgs/lib/python3.12/site-packages/turtlesim_custom_msgs/_turtlesim_custom_msgs_s.ep.rosidl_typesupport_c.c
[6.498s] -- Up-to-date: /home/ubuntu/ros_workspace/install/turtlesim_custom_msgs/lib/python3.12/site-packages/turtlesim_custom_msgs/msg
[6.498s] -- Installing: /home/ubuntu/ros_workspace/install/turtlesim_custom_msgs/lib/python3.12/site-packages/turtlesim_custom_msgs/msg/_vel.py
[6.499s] -- Installing: /home/ubuntu/ros_workspace/install/turtlesim_custom_msgs/lib/python3.12/site-packages/turtlesim_custom_msgs/msg/_vel_s.c
[6.499s] -- Installing: /home/ubuntu/ros_workspace/install/turtlesim_custom_msgs/lib/python3.12/site-packages/turtlesim_custom_msgs/msg/__init__.py
[6.553s] Listing '/home/ubuntu/ros_workspace/install/turtlesim_custom_msgs/lib/python3.12/site-packages/turtlesim_custom_msgs'...
[6.554s] Compiling '/home/ubuntu/ros_workspace/install/turtlesim_custom_msgs/lib/python3.12/site-packages/turtlesim_custom_msgs/__init__.py'...
[6.554s] Listing '/home/ubuntu/ros_workspace/install/turtlesim_custom_msgs/lib/python3.12/site-packages/turtlesim_custom_msgs/msg'...
[6.554s] Compiling '/home/ubuntu/ros_workspace/install/turtlesim_custom_msgs/lib/python3.12/site-packages/turtlesim_custom_msgs/msg/__init__.py'...
[6.554s] Compiling '/home/ubuntu/ros_workspace/install/turtlesim_custom_msgs/lib/python3.12/site-packages/turtlesim_custom_msgs/msg/_vel.py'...
[6.554s] Listing '/home/ubuntu/ros_workspace/install/turtlesim_custom_msgs/lib/python3.12/site-packages/turtlesim_custom_msgs/srv'...
[6.554s] Compiling '/home/ubuntu/ros_workspace/install/turtlesim_custom_msgs/lib/python3.12/site-packages/turtlesim_custom_msgs/srv/__init__.py'...
[6.554s] Compiling '/home/ubuntu/ros_workspace/install/turtlesim_custom_msgs/lib/python3.12/site-packages/turtlesim_custom_msgs/srv/_average.py'...
[6.554s] Compiling '/home/ubuntu/ros_workspace/install/turtlesim_custom_msgs/lib/python3.12/site-packages/turtlesim_custom_msgs/srv/_threshold.py'...
[6.554s] Compiling '/home/ubuntu/ros_workspace/install/turtlesim_custom_msgs/lib/python3.12/site-packages/turtlesim_custom_msgs/srv/_velocity.py'...
[6.562s] -- Installing: /home/ubuntu/ros_workspace/install/turtlesim_custom_msgs/lib/python3.12/site-packages/turtlesim_custom_msgs/turtlesim_custom_msgs_s__rosidl_typesupport_fastrtps_c.so
[6.563s] -- Set non-toolchain portion of runtime path of "/home/ubuntu/ros_workspace/install/turtlesim_custom_msgs/lib/python3.12/site-packages/turtlesim_custom_msgs/turtlesim_custom_msgs_s__rosidl_typesupport_fastrtps_c.so" to ""
[6.563s] -- Installing: /home/ubuntu/ros_workspace/install/turtlesim_custom_msgs/lib/python3.12/site-packages/turtlesim_custom_msgs/turtlesim_custom_msgs_s__rosidl_typesupport_introspection_c.so
[6.564s] -- Set non-toolchain portion of runtime path of "/home/ubuntu/ros_workspace/install/turtlesim_custom_msgs/lib/python3.12/site-packages/turtlesim_custom_msgs/turtlesim_custom_msgs_s__rosidl_typesupport_introspection_c.so" to ""
[6.564s] -- Installing: /home/ubuntu/ros_workspace/install/turtlesim_custom_msgs/lib/python3.12/site-packages/turtlesim_custom_msgs/turtlesim_custom_msgs_s__rosidl_typesupport_c.so
[6.565s] -- Set non-toolchain portion of runtime path of "/home/ubuntu/ros_workspace/install/turtlesim_custom_msgs/lib/python3.12/site-packages/turtlesim_custom_msgs/turtlesim_custom_msgs_s__rosidl_typesupport_c.so" to ""
[6.565s] -- Installing: /home/ubuntu/ros_workspace/install/turtlesim_custom_msgs/lib/libturtlesim_custom_msgs__rosidl_generator_py.so
[6.566s] -- Set non-toolchain portion of runtime path of "/home/ubuntu/ros_workspace/install/turtlesim_custom_msgs/lib/libturtlesim_custom_msgs__rosidl_generator_py.so" to ""
[6.566s] -- Up-to-date: /home/ubuntu/ros_workspace/install/turtlesim_custom_msgs/share/turtlesim_custom_msgs/msg/Vel.idl
[6.566s] -- Up-to-date: /home/ubuntu/ros_workspace/install/turtlesim_custom_msgs/share/turtlesim_custom_msgs/srv/Velocity.idl
[6.566s] -- Installing: /home/ubuntu/ros_workspace/install/turtlesim_custom_msgs/share/turtlesim_custom_msgs/srv/Average.idl
[6.566s] -- Up-to-date: /home/ubuntu/ros_workspace/install/turtlesim_custom_msgs/share/turtlesim_custom_msgs/srv/Threshold.idl
[6.567s] -- Up-to-date: /home/ubuntu/ros_workspace/install/turtlesim_custom_msgs/share/turtlesim_custom_msgs/msg/Vel.msg
[6.567s] -- Up-to-date: /home/ubuntu/ros_workspace/install/turtlesim_custom_msgs/share/turtlesim_custom_msgs/srv/Velocity.srv
[6.567s] -- Installing: /home/ubuntu/ros_workspace/install/turtlesim_custom_msgs/share/turtlesim_custom_msgs/srv/Average.srv
[6.567s] -- Up-to-date: /home/ubuntu/ros_workspace/install/turtlesim_custom_msgs/share/turtlesim_custom_msgs/srv/Threshold.srv
[6.567s] -- Up-to-date: /home/ubuntu/ros_workspace/install/turtlesim_custom_msgs/share/ament_index/resource_index/package_run_dependencies/turtlesim_custom_msgs
[6.567s] -- Installing: /home/ubuntu/ros_workspace/install/turtlesim_custom_msgs/share/ament_index/resource_index/parent_prefix_path/turtlesim_custom_msgs
[6.568s] -- Up-to-date: /home/ubuntu/ros_workspace/install/turtlesim_custom_msgs/share/turtlesim_custom_msgs/environment/ament_prefix_path.sh
[6.568s] -- Up-to-date: /home/ubuntu/ros_workspace/install/turtlesim_custom_msgs/share/turtlesim_custom_msgs/environment/ament_prefix_path.dsv
[6.568s] -- Up-to-date: /home/ubuntu/ros_workspace/install/turtlesim_custom_msgs/share/turtlesim_custom_msgs/environment/path.sh
[6.569s] -- Up-to-date: /home/ubuntu/ros_workspace/install/turtlesim_custom_msgs/share/turtlesim_custom_msgs/environment/path.dsv
[6.569s] -- Up-to-date: /home/ubuntu/ros_workspace/install/turtlesim_custom_msgs/share/turtlesim_custom_msgs/local_setup.bash
[6.569s] -- Up-to-date: /home/ubuntu/ros_workspace/install/turtlesim_custom_msgs/share/turtlesim_custom_msgs/local_setup.sh
[6.569s] -- Up-to-date: /home/ubuntu/ros_workspace/install/turtlesim_custom_msgs/share/turtlesim_custom_msgs/local_setup.zsh
[6.569s] -- Up-to-date: /home/ubuntu/ros_workspace/install/turtlesim_custom_msgs/share/turtlesim_custom_msgs/local_setup.dsv
[6.569s] -- Installing: /home/ubuntu/ros_workspace/install/turtlesim_custom_msgs/share/turtlesim_custom_msgs/package.dsv
[6.570s] -- Up-to-date: /home/ubuntu/ros_workspace/install/turtlesim_custom_msgs/share/ament_index/resource_index/packages/turtlesim_custom_msgs
[6.571s] -- Up-to-date: /home/ubuntu/ros_workspace/install/turtlesim_custom_msgs/share/turtlesim_custom_msgs/cmake/export_turtlesim_custom_msgs__rosidl_generator_cExport.cmake
[6.571s] -- Up-to-date: /home/ubuntu/ros_workspace/install/turtlesim_custom_msgs/share/turtlesim_custom_msgs/cmake/export_turtlesim_custom_msgs__rosidl_generator_cExport-noconfig.cmake
[6.571s] -- Up-to-date: /home/ubuntu/ros_workspace/install/turtlesim_custom_msgs/share/turtlesim_custom_msgs/cmake/export_turtlesim_custom_msgs__rosidl_typesupport_fastrtps_cExport.cmake
[6.571s] -- Up-to-date: /home/ubuntu/ros_workspace/install/turtlesim_custom_msgs/share/turtlesim_custom_msgs/cmake/export_turtlesim_custom_msgs__rosidl_typesupport_fastrtps_cExport-noconfig.cmake
[6.572s] -- Up-to-date: /home/ubuntu/ros_workspace/install/turtlesim_custom_msgs/share/turtlesim_custom_msgs/cmake/turtlesim_custom_msgs__rosidl_typesupport_introspection_cExport.cmake
[6.572s] -- Up-to-date: /home/ubuntu/ros_workspace/install/turtlesim_custom_msgs/share/turtlesim_custom_msgs/cmake/turtlesim_custom_msgs__rosidl_typesupport_introspection_cExport-noconfig.cmake
[6.572s] -- Up-to-date: /home/ubuntu/ros_workspace/install/turtlesim_custom_msgs/share/turtlesim_custom_msgs/cmake/turtlesim_custom_msgs__rosidl_typesupport_cExport.cmake
[6.572s] -- Up-to-date: /home/ubuntu/ros_workspace/install/turtlesim_custom_msgs/share/turtlesim_custom_msgs/cmake/turtlesim_custom_msgs__rosidl_typesupport_cExport-noconfig.cmake
[6.573s] -- Up-to-date: /home/ubuntu/ros_workspace/install/turtlesim_custom_msgs/share/turtlesim_custom_msgs/cmake/export_turtlesim_custom_msgs__rosidl_generator_cppExport.cmake
[6.573s] -- Up-to-date: /home/ubuntu/ros_workspace/install/turtlesim_custom_msgs/share/turtlesim_custom_msgs/cmake/export_turtlesim_custom_msgs__rosidl_typesupport_fastrtps_cppExport.cmake
[6.573s] -- Up-to-date: /home/ubuntu/ros_workspace/install/turtlesim_custom_msgs/share/turtlesim_custom_msgs/cmake/export_turtlesim_custom_msgs__rosidl_typesupport_fastrtps_cppExport-noconfig.cmake
[6.573s] -- Up-to-date: /home/ubuntu/ros_workspace/install/turtlesim_custom_msgs/share/turtlesim_custom_msgs/cmake/turtlesim_custom_msgs__rosidl_typesupport_introspection_cppExport.cmake
[6.574s] -- Up-to-date: /home/ubuntu/ros_workspace/install/turtlesim_custom_msgs/share/turtlesim_custom_msgs/cmake/turtlesim_custom_msgs__rosidl_typesupport_introspection_cppExport-noconfig.cmake
[6.574s] -- Up-to-date: /home/ubuntu/ros_workspace/install/turtlesim_custom_msgs/share/turtlesim_custom_msgs/cmake/turtlesim_custom_msgs__rosidl_typesupport_cppExport.cmake
[6.574s] -- Up-to-date: /home/ubuntu/ros_workspace/install/turtlesim_custom_msgs/share/turtlesim_custom_msgs/cmake/turtlesim_custom_msgs__rosidl_typesupport_cppExport-noconfig.cmake
[6.574s] -- Up-to-date: /home/ubuntu/ros_workspace/install/turtlesim_custom_msgs/share/turtlesim_custom_msgs/cmake/export_turtlesim_custom_msgs__rosidl_generator_pyExport.cmake
[6.575s] -- Up-to-date: /home/ubuntu/ros_workspace/install/turtlesim_custom_msgs/share/turtlesim_custom_msgs/cmake/export_turtlesim_custom_msgs__rosidl_generator_pyExport-noconfig.cmake
[6.575s] -- Up-to-date: /home/ubuntu/ros_workspace/install/turtlesim_custom_msgs/share/turtlesim_custom_msgs/cmake/rosidl_cmake-extras.cmake
[6.575s] -- Up-to-date: /home/ubuntu/ros_workspace/install/turtlesim_custom_msgs/share/turtlesim_custom_msgs/cmake/ament_cmake_export_dependencies-extras.cmake
[6.575s] -- Up-to-date: /home/ubuntu/ros_workspace/install/turtlesim_custom_msgs/share/turtlesim_custom_msgs/cmake/ament_cmake_export_include_directories-extras.cmake
[6.576s] -- Up-to-date: /home/ubuntu/ros_workspace/install/turtlesim_custom_msgs/share/turtlesim_custom_msgs/cmake/ament_cmake_export_libraries-extras.cmake
[6.576s] -- Up-to-date: /home/ubuntu/ros_workspace/install/turtlesim_custom_msgs/share/turtlesim_custom_msgs/cmake/ament_cmake_export_targets-extras.cmake
[6.576s] -- Up-to-date: /home/ubuntu/ros_workspace/install/turtlesim_custom_msgs/share/turtlesim_custom_msgs/cmake/rosidl_cmake_export_typesupport_targets-extras.cmake
[6.576s] -- Up-to-date: /home/ubuntu/ros_workspace/install/turtlesim_custom_msgs/share/turtlesim_custom_msgs/cmake/rosidl_cmake_export_typesupport_libraries-extras.cmake
[6.576s] -- Up-to-date: /home/ubuntu/ros_workspace/install/turtlesim_custom_msgs/share/turtlesim_custom_msgs/cmake/turtlesim_custom_msgsConfig.cmake
[6.576s] -- Up-to-date: /home/ubuntu/ros_workspace/install/turtlesim_custom_msgs/share/turtlesim_custom_msgs/cmake/turtlesim_custom_msgsConfig-version.cmake
[6.576s] -- Up-to-date: /home/ubuntu/ros_workspace/install/turtlesim_custom_msgs/share/turtlesim_custom_msgs/package.xml
[6.580s] Invoked command in '/home/ubuntu/ros_workspace/build/turtlesim_custom_msgs' returned '0': CMAKE_PREFIX_PATH=${CMAKE_PREFIX_PATH}:/home/ubuntu/ros_workspace/install/assignment2_rt_py:/home/ubuntu/ros_workspace/install/python_package:/home/ubuntu/ros_workspace/install/first_package_py:/home/ubuntu/ros_workspace/install/assignment1_rt_py:/opt/ros/jazzy /usr/bin/cmake --install /home/ubuntu/ros_workspace/build/turtlesim_custom_msgs
