[0.026s] Invoking command in '/home/ubuntu/ros_workspace/build/assignment1_rt': CMAKE_PREFIX_PATH=${CMAKE_PREFIX_PATH}:/opt/ros/jazzy /usr/bin/cmake --build /home/ubuntu/ros_workspace/build/assignment1_rt -- -j16 -l16
[0.211s] [ 50%] Built target distance
[0.220s] [ 75%] [32mBuilding CXX object CMakeFiles/turtles.dir/src/two_turtles.cpp.o[0m
[8.561s] [100%] [32m[1mLinking CXX executable turtles[0m
[9.032s] [100%] Built target turtles
[9.052s] Invoked command in '/home/ubuntu/ros_workspace/build/assignment1_rt' returned '0': CMAKE_PREFIX_PATH=${CMAKE_PREFIX_PATH}:/opt/ros/jazzy /usr/bin/cmake --build /home/ubuntu/ros_workspace/build/assignment1_rt -- -j16 -l16
[9.069s] Invoking command in '/home/ubuntu/ros_workspace/build/assignment1_rt': CMAKE_PREFIX_PATH=${CMAKE_PREFIX_PATH}:/opt/ros/jazzy /usr/bin/cmake --install /home/ubuntu/ros_workspace/build/assignment1_rt
[9.083s] -- Install configuration: ""
[9.085s] -- Installing: /home/ubuntu/ros_workspace/install/assignment1_rt/lib/assignment1_rt/turtles
[9.094s] -- Set non-toolchain portion of runtime path of "/home/ubuntu/ros_workspace/install/assignment1_rt/lib/assignment1_rt/turtles" to ""
[9.096s] -- Installing: /home/ubuntu/ros_workspace/install/assignment1_rt/lib/assignment1_rt/distance
[9.107s] -- Set non-toolchain portion of runtime path of "/home/ubuntu/ros_workspace/install/assignment1_rt/lib/assignment1_rt/distance" to ""
[9.107s] -- Up-to-date: /home/ubuntu/ros_workspace/install/assignment1_rt/lib/assignment1_rt/turtle2
[9.107s] -- Up-to-date: /home/ubuntu/ros_workspace/install/assignment1_rt/share/ament_index/resource_index/package_run_dependencies/assignment1_rt
[9.107s] -- Up-to-date: /home/ubuntu/ros_workspace/install/assignment1_rt/share/ament_index/resource_index/parent_prefix_path/assignment1_rt
[9.107s] -- Up-to-date: /home/ubuntu/ros_workspace/install/assignment1_rt/share/assignment1_rt/environment/ament_prefix_path.sh
[9.108s] -- Up-to-date: /home/ubuntu/ros_workspace/install/assignment1_rt/share/assignment1_rt/environment/ament_prefix_path.dsv
[9.108s] -- Up-to-date: /home/ubuntu/ros_workspace/install/assignment1_rt/share/assignment1_rt/environment/path.sh
[9.108s] -- Up-to-date: /home/ubuntu/ros_workspace/install/assignment1_rt/share/assignment1_rt/environment/path.dsv
[9.108s] -- Up-to-date: /home/ubuntu/ros_workspace/install/assignment1_rt/share/assignment1_rt/local_setup.bash
[9.108s] -- Up-to-date: /home/ubuntu/ros_workspace/install/assignment1_rt/share/assignment1_rt/local_setup.sh
[9.108s] -- Up-to-date: /home/ubuntu/ros_workspace/install/assignment1_rt/share/assignment1_rt/local_setup.zsh
[9.109s] -- Up-to-date: /home/ubuntu/ros_workspace/install/assignment1_rt/share/assignment1_rt/local_setup.dsv
[9.109s] -- Installing: /home/ubuntu/ros_workspace/install/assignment1_rt/share/assignment1_rt/package.dsv
[9.109s] -- Up-to-date: /home/ubuntu/ros_workspace/install/assignment1_rt/share/ament_index/resource_index/packages/assignment1_rt
[9.109s] -- Up-to-date: /home/ubuntu/ros_workspace/install/assignment1_rt/share/assignment1_rt/cmake/assignment1_rtConfig.cmake
[9.109s] -- Up-to-date: /home/ubuntu/ros_workspace/install/assignment1_rt/share/assignment1_rt/cmake/assignment1_rtConfig-version.cmake
[9.109s] -- Up-to-date: /home/ubuntu/ros_workspace/install/assignment1_rt/share/assignment1_rt/package.xml
[9.113s] Invoked command in '/home/ubuntu/ros_workspace/build/assignment1_rt' returned '0': CMAKE_PREFIX_PATH=${CMAKE_PREFIX_PATH}:/opt/ros/jazzy /usr/bin/cmake --install /home/ubuntu/ros_workspace/build/assignment1_rt
