[0.447s] DEBUG:colcon:Command line arguments: ['/usr/bin/colcon', 'build']
[0.447s] DEBUG:colcon:Parsed command line arguments: Namespace(log_base=None, log_level=None, verb_name='build', build_base='build', install_base='install', merge_install=False, symlink_install=False, test_result_base=None, continue_on_error=False, executor='parallel', parallel_workers=16, event_handlers=None, ignore_user_meta=False, metas=['./colcon.meta'], base_paths=['.'], packages_ignore=None, packages_ignore_regex=None, paths=None, packages_up_to=None, packages_up_to_regex=None, packages_above=None, packages_above_and_dependencies=None, packages_above_depth=None, packages_select_by_dep=None, packages_skip_by_dep=None, packages_skip_up_to=None, packages_select_build_failed=False, packages_skip_build_finished=False, packages_select_test_failures=False, packages_skip_test_passed=False, packages_select=None, packages_skip=None, packages_select_regex=None, packages_skip_regex=None, packages_start=None, packages_end=None, cmake_args=None, cmake_target=None, cmake_target_skip_unavailable=False, cmake_clean_cache=False, cmake_clean_first=False, cmake_force_configure=False, ament_cmake_args=None, catkin_cmake_args=None, catkin_skip_building_tests=False, mixin_files=None, mixin=None, verb_parser=<colcon_mixin.mixin.mixin_argument.MixinArgumentDecorator object at 0x72e0e017dbe0>, verb_extension=<colcon_core.verb.build.BuildVerb object at 0x72e0e02d6540>, main=<bound method BuildVerb.main of <colcon_core.verb.build.BuildVerb object at 0x72e0e02d6540>>, mixin_verb=('build',))
[0.579s] Level 1:colcon.colcon_core.package_discovery:discover_packages(colcon_meta) check parameters
[0.581s] INFO:colcon.colcon_metadata.package_discovery.colcon_meta:Using configuration from '/root/.colcon/metadata/default/Gazebo.meta'
[0.582s] INFO:colcon.colcon_metadata.package_discovery.colcon_meta:Using configuration from '/root/.colcon/metadata/default/fastdds.meta'
[0.583s] INFO:colcon.colcon_metadata.package_discovery.colcon_meta:Using configuration from '/root/.colcon/metadata/default/fastrtps.meta'
[0.583s] Level 1:colcon.colcon_core.package_discovery:discover_packages(recursive) check parameters
[0.583s] Level 1:colcon.colcon_core.package_discovery:discover_packages(ignore) check parameters
[0.583s] Level 1:colcon.colcon_core.package_discovery:discover_packages(path) check parameters
[0.583s] Level 1:colcon.colcon_core.package_discovery:discover_packages(colcon_meta) discover
[0.583s] Level 1:colcon.colcon_core.package_discovery:discover_packages(recursive) discover
[0.584s] INFO:colcon.colcon_core.package_discovery:Crawling recursively for packages in '/home/ubuntu/ros_workspace'
[0.584s] Level 1:colcon.colcon_core.package_identification:_identify(.) by extensions ['ignore', 'ignore_ament_install']
[0.584s] Level 1:colcon.colcon_core.package_identification:_identify(.) by extension 'ignore'
[0.584s] Level 1:colcon.colcon_core.package_identification:_identify(.) by extension 'ignore_ament_install'
[0.584s] Level 1:colcon.colcon_core.package_identification:_identify(.) by extensions ['colcon_pkg']
[0.584s] Level 1:colcon.colcon_core.package_identification:_identify(.) by extension 'colcon_pkg'
[0.584s] Level 1:colcon.colcon_core.package_identification:_identify(.) by extensions ['colcon_meta']
[0.584s] Level 1:colcon.colcon_core.package_identification:_identify(.) by extension 'colcon_meta'
[0.584s] Level 1:colcon.colcon_core.package_identification:_identify(.) by extensions ['ros']
[0.584s] Level 1:colcon.colcon_core.package_identification:_identify(.) by extension 'ros'
[0.642s] Level 1:colcon.colcon_core.package_identification:_identify(.) by extensions ['cmake', 'python']
[0.642s] Level 1:colcon.colcon_core.package_identification:_identify(.) by extension 'cmake'
[0.642s] Level 1:colcon.colcon_core.package_identification:_identify(.) by extension 'python'
[0.642s] Level 1:colcon.colcon_core.package_identification:_identify(.) by extensions ['python_setup_py']
[0.642s] Level 1:colcon.colcon_core.package_identification:_identify(.) by extension 'python_setup_py'
[0.642s] Level 1:colcon.colcon_core.package_identification:_identify(build) by extensions ['ignore', 'ignore_ament_install']
[0.642s] Level 1:colcon.colcon_core.package_identification:_identify(build) by extension 'ignore'
[0.643s] Level 1:colcon.colcon_core.package_identification:_identify(build) ignored
[0.643s] Level 1:colcon.colcon_core.package_identification:_identify(install) by extensions ['ignore', 'ignore_ament_install']
[0.643s] Level 1:colcon.colcon_core.package_identification:_identify(install) by extension 'ignore'
[0.643s] Level 1:colcon.colcon_core.package_identification:_identify(install) ignored
[0.644s] Level 1:colcon.colcon_core.package_identification:_identify(log) by extensions ['ignore', 'ignore_ament_install']
[0.645s] Level 1:colcon.colcon_core.package_identification:_identify(log) by extension 'ignore'
[0.645s] Level 1:colcon.colcon_core.package_identification:_identify(log) ignored
[0.645s] Level 1:colcon.colcon_core.package_identification:_identify(src) by extensions ['ignore', 'ignore_ament_install']
[0.645s] Level 1:colcon.colcon_core.package_identification:_identify(src) by extension 'ignore'
[0.645s] Level 1:colcon.colcon_core.package_identification:_identify(src) by extension 'ignore_ament_install'
[0.646s] Level 1:colcon.colcon_core.package_identification:_identify(src) by extensions ['colcon_pkg']
[0.646s] Level 1:colcon.colcon_core.package_identification:_identify(src) by extension 'colcon_pkg'
[0.646s] Level 1:colcon.colcon_core.package_identification:_identify(src) by extensions ['colcon_meta']
[0.646s] Level 1:colcon.colcon_core.package_identification:_identify(src) by extension 'colcon_meta'
[0.646s] Level 1:colcon.colcon_core.package_identification:_identify(src) by extensions ['ros']
[0.646s] Level 1:colcon.colcon_core.package_identification:_identify(src) by extension 'ros'
[0.646s] Level 1:colcon.colcon_core.package_identification:_identify(src) by extensions ['cmake', 'python']
[0.646s] Level 1:colcon.colcon_core.package_identification:_identify(src) by extension 'cmake'
[0.647s] Level 1:colcon.colcon_core.package_identification:_identify(src) by extension 'python'
[0.647s] Level 1:colcon.colcon_core.package_identification:_identify(src) by extensions ['python_setup_py']
[0.647s] Level 1:colcon.colcon_core.package_identification:_identify(src) by extension 'python_setup_py'
[0.647s] Level 1:colcon.colcon_core.package_identification:_identify(src/assignment1_rt) by extensions ['ignore', 'ignore_ament_install']
[0.647s] Level 1:colcon.colcon_core.package_identification:_identify(src/assignment1_rt) by extension 'ignore'
[0.647s] Level 1:colcon.colcon_core.package_identification:_identify(src/assignment1_rt) by extension 'ignore_ament_install'
[0.647s] Level 1:colcon.colcon_core.package_identification:_identify(src/assignment1_rt) by extensions ['colcon_pkg']
[0.648s] Level 1:colcon.colcon_core.package_identification:_identify(src/assignment1_rt) by extension 'colcon_pkg'
[0.648s] Level 1:colcon.colcon_core.package_identification:_identify(src/assignment1_rt) by extensions ['colcon_meta']
[0.648s] Level 1:colcon.colcon_core.package_identification:_identify(src/assignment1_rt) by extension 'colcon_meta'
[0.648s] Level 1:colcon.colcon_core.package_identification:_identify(src/assignment1_rt) by extensions ['ros']
[0.648s] Level 1:colcon.colcon_core.package_identification:_identify(src/assignment1_rt) by extension 'ros'
[0.653s] DEBUG:colcon.colcon_core.package_identification:Package 'src/assignment1_rt' with type 'ros.ament_cmake' and name 'assignment1_rt'
[0.653s] Level 1:colcon.colcon_core.package_identification:_identify(src/cmake_package) by extensions ['ignore', 'ignore_ament_install']
[0.654s] Level 1:colcon.colcon_core.package_identification:_identify(src/cmake_package) by extension 'ignore'
[0.654s] Level 1:colcon.colcon_core.package_identification:_identify(src/cmake_package) by extension 'ignore_ament_install'
[0.654s] Level 1:colcon.colcon_core.package_identification:_identify(src/cmake_package) by extensions ['colcon_pkg']
[0.654s] Level 1:colcon.colcon_core.package_identification:_identify(src/cmake_package) by extension 'colcon_pkg'
[0.654s] Level 1:colcon.colcon_core.package_identification:_identify(src/cmake_package) by extensions ['colcon_meta']
[0.654s] Level 1:colcon.colcon_core.package_identification:_identify(src/cmake_package) by extension 'colcon_meta'
[0.654s] Level 1:colcon.colcon_core.package_identification:_identify(src/cmake_package) by extensions ['ros']
[0.654s] Level 1:colcon.colcon_core.package_identification:_identify(src/cmake_package) by extension 'ros'
[0.655s] DEBUG:colcon.colcon_core.package_identification:Package 'src/cmake_package' with type 'ros.ament_cmake' and name 'cmake_package'
[0.655s] Level 1:colcon.colcon_core.package_identification:_identify(src/first_package_cpp) by extensions ['ignore', 'ignore_ament_install']
[0.656s] Level 1:colcon.colcon_core.package_identification:_identify(src/first_package_cpp) by extension 'ignore'
[0.656s] Level 1:colcon.colcon_core.package_identification:_identify(src/first_package_cpp) by extension 'ignore_ament_install'
[0.656s] Level 1:colcon.colcon_core.package_identification:_identify(src/first_package_cpp) by extensions ['colcon_pkg']
[0.656s] Level 1:colcon.colcon_core.package_identification:_identify(src/first_package_cpp) by extension 'colcon_pkg'
[0.656s] Level 1:colcon.colcon_core.package_identification:_identify(src/first_package_cpp) by extensions ['colcon_meta']
[0.656s] Level 1:colcon.colcon_core.package_identification:_identify(src/first_package_cpp) by extension 'colcon_meta'
[0.656s] Level 1:colcon.colcon_core.package_identification:_identify(src/first_package_cpp) by extensions ['ros']
[0.656s] Level 1:colcon.colcon_core.package_identification:_identify(src/first_package_cpp) by extension 'ros'
[0.657s] DEBUG:colcon.colcon_core.package_identification:Package 'src/first_package_cpp' with type 'ros.ament_cmake' and name 'first_package_cpp'
[0.657s] Level 1:colcon.colcon_core.package_identification:_identify(src/git_turtlesim_controller) by extensions ['ignore', 'ignore_ament_install']
[0.657s] Level 1:colcon.colcon_core.package_identification:_identify(src/git_turtlesim_controller) by extension 'ignore'
[0.658s] Level 1:colcon.colcon_core.package_identification:_identify(src/git_turtlesim_controller) by extension 'ignore_ament_install'
[0.658s] Level 1:colcon.colcon_core.package_identification:_identify(src/git_turtlesim_controller) by extensions ['colcon_pkg']
[0.658s] Level 1:colcon.colcon_core.package_identification:_identify(src/git_turtlesim_controller) by extension 'colcon_pkg'
[0.658s] Level 1:colcon.colcon_core.package_identification:_identify(src/git_turtlesim_controller) by extensions ['colcon_meta']
[0.658s] Level 1:colcon.colcon_core.package_identification:_identify(src/git_turtlesim_controller) by extension 'colcon_meta'
[0.658s] Level 1:colcon.colcon_core.package_identification:_identify(src/git_turtlesim_controller) by extensions ['ros']
[0.658s] Level 1:colcon.colcon_core.package_identification:_identify(src/git_turtlesim_controller) by extension 'ros'
[0.658s] Level 1:colcon.colcon_core.package_identification:_identify(src/git_turtlesim_controller) by extensions ['cmake', 'python']
[0.659s] Level 1:colcon.colcon_core.package_identification:_identify(src/git_turtlesim_controller) by extension 'cmake'
[0.659s] Level 1:colcon.colcon_core.package_identification:_identify(src/git_turtlesim_controller) by extension 'python'
[0.659s] Level 1:colcon.colcon_core.package_identification:_identify(src/git_turtlesim_controller) by extensions ['python_setup_py']
[0.659s] Level 1:colcon.colcon_core.package_identification:_identify(src/git_turtlesim_controller) by extension 'python_setup_py'
[0.659s] Level 1:colcon.colcon_core.package_identification:_identify(src/ob_first_package_cpp) by extensions ['ignore', 'ignore_ament_install']
[0.659s] Level 1:colcon.colcon_core.package_identification:_identify(src/ob_first_package_cpp) by extension 'ignore'
[0.659s] Level 1:colcon.colcon_core.package_identification:_identify(src/ob_first_package_cpp) by extension 'ignore_ament_install'
[0.659s] Level 1:colcon.colcon_core.package_identification:_identify(src/ob_first_package_cpp) by extensions ['colcon_pkg']
[0.660s] Level 1:colcon.colcon_core.package_identification:_identify(src/ob_first_package_cpp) by extension 'colcon_pkg'
[0.660s] Level 1:colcon.colcon_core.package_identification:_identify(src/ob_first_package_cpp) by extensions ['colcon_meta']
[0.660s] Level 1:colcon.colcon_core.package_identification:_identify(src/ob_first_package_cpp) by extension 'colcon_meta'
[0.660s] Level 1:colcon.colcon_core.package_identification:_identify(src/ob_first_package_cpp) by extensions ['ros']
[0.660s] Level 1:colcon.colcon_core.package_identification:_identify(src/ob_first_package_cpp) by extension 'ros'
[0.661s] DEBUG:colcon.colcon_core.package_identification:Package 'src/ob_first_package_cpp' with type 'ros.ament_cmake' and name 'ob_first_package_cpp'
[0.661s] Level 1:colcon.colcon_core.package_identification:_identify(src/python_package) by extensions ['ignore', 'ignore_ament_install']
[0.661s] Level 1:colcon.colcon_core.package_identification:_identify(src/python_package) by extension 'ignore'
[0.661s] Level 1:colcon.colcon_core.package_identification:_identify(src/python_package) by extension 'ignore_ament_install'
[0.662s] Level 1:colcon.colcon_core.package_identification:_identify(src/python_package) by extensions ['colcon_pkg']
[0.662s] Level 1:colcon.colcon_core.package_identification:_identify(src/python_package) by extension 'colcon_pkg'
[0.662s] Level 1:colcon.colcon_core.package_identification:_identify(src/python_package) by extensions ['colcon_meta']
[0.662s] Level 1:colcon.colcon_core.package_identification:_identify(src/python_package) by extension 'colcon_meta'
[0.662s] Level 1:colcon.colcon_core.package_identification:_identify(src/python_package) by extensions ['ros']
[0.662s] Level 1:colcon.colcon_core.package_identification:_identify(src/python_package) by extension 'ros'
[0.663s] DEBUG:colcon.colcon_core.package_identification:Package 'src/python_package' with type 'ros.ament_python' and name 'python_package'
[0.663s] Level 1:colcon.colcon_core.package_identification:_identify(src/turtlesim_controller) by extensions ['ignore', 'ignore_ament_install']
[0.663s] Level 1:colcon.colcon_core.package_identification:_identify(src/turtlesim_controller) by extension 'ignore'
[0.663s] Level 1:colcon.colcon_core.package_identification:_identify(src/turtlesim_controller) by extension 'ignore_ament_install'
[0.663s] Level 1:colcon.colcon_core.package_identification:_identify(src/turtlesim_controller) by extensions ['colcon_pkg']
[0.663s] Level 1:colcon.colcon_core.package_identification:_identify(src/turtlesim_controller) by extension 'colcon_pkg'
[0.664s] Level 1:colcon.colcon_core.package_identification:_identify(src/turtlesim_controller) by extensions ['colcon_meta']
[0.664s] Level 1:colcon.colcon_core.package_identification:_identify(src/turtlesim_controller) by extension 'colcon_meta'
[0.664s] Level 1:colcon.colcon_core.package_identification:_identify(src/turtlesim_controller) by extensions ['ros']
[0.664s] Level 1:colcon.colcon_core.package_identification:_identify(src/turtlesim_controller) by extension 'ros'
[0.664s] DEBUG:colcon.colcon_core.package_identification:Package 'src/turtlesim_controller' with type 'ros.ament_cmake' and name 'turtlesim_controller'
[0.664s] Level 1:colcon.colcon_core.package_discovery:discover_packages(recursive) using defaults
[0.665s] Level 1:colcon.colcon_core.package_discovery:discover_packages(ignore) discover
[0.665s] Level 1:colcon.colcon_core.package_discovery:discover_packages(ignore) using defaults
[0.665s] Level 1:colcon.colcon_core.package_discovery:discover_packages(path) discover
[0.665s] Level 1:colcon.colcon_core.package_discovery:discover_packages(path) using defaults
[0.715s] Level 5:colcon.colcon_core.verb:set package 'assignment1_rt' build argument 'cmake_args' from command line to 'None'
[0.716s] Level 5:colcon.colcon_core.verb:set package 'assignment1_rt' build argument 'cmake_target' from command line to 'None'
[0.716s] Level 5:colcon.colcon_core.verb:set package 'assignment1_rt' build argument 'cmake_target_skip_unavailable' from command line to 'False'
[0.716s] Level 5:colcon.colcon_core.verb:set package 'assignment1_rt' build argument 'cmake_clean_cache' from command line to 'False'
[0.716s] Level 5:colcon.colcon_core.verb:set package 'assignment1_rt' build argument 'cmake_clean_first' from command line to 'False'
[0.716s] Level 5:colcon.colcon_core.verb:set package 'assignment1_rt' build argument 'cmake_force_configure' from command line to 'False'
[0.716s] Level 5:colcon.colcon_core.verb:set package 'assignment1_rt' build argument 'ament_cmake_args' from command line to 'None'
[0.716s] Level 5:colcon.colcon_core.verb:set package 'assignment1_rt' build argument 'catkin_cmake_args' from command line to 'None'
[0.716s] Level 5:colcon.colcon_core.verb:set package 'assignment1_rt' build argument 'catkin_skip_building_tests' from command line to 'False'
[0.716s] DEBUG:colcon.colcon_core.verb:Building package 'assignment1_rt' with the following arguments: {'ament_cmake_args': None, 'build_base': '/home/ubuntu/ros_workspace/build/assignment1_rt', 'catkin_cmake_args': None, 'catkin_skip_building_tests': False, 'cmake_args': None, 'cmake_clean_cache': False, 'cmake_clean_first': False, 'cmake_force_configure': False, 'cmake_target': None, 'cmake_target_skip_unavailable': False, 'install_base': '/home/ubuntu/ros_workspace/install/assignment1_rt', 'merge_install': False, 'path': '/home/ubuntu/ros_workspace/src/assignment1_rt', 'symlink_install': False, 'test_result_base': None}
[0.717s] Level 5:colcon.colcon_core.verb:set package 'cmake_package' build argument 'cmake_args' from command line to 'None'
[0.717s] Level 5:colcon.colcon_core.verb:set package 'cmake_package' build argument 'cmake_target' from command line to 'None'
[0.717s] Level 5:colcon.colcon_core.verb:set package 'cmake_package' build argument 'cmake_target_skip_unavailable' from command line to 'False'
[0.717s] Level 5:colcon.colcon_core.verb:set package 'cmake_package' build argument 'cmake_clean_cache' from command line to 'False'
[0.717s] Level 5:colcon.colcon_core.verb:set package 'cmake_package' build argument 'cmake_clean_first' from command line to 'False'
[0.717s] Level 5:colcon.colcon_core.verb:set package 'cmake_package' build argument 'cmake_force_configure' from command line to 'False'
[0.717s] Level 5:colcon.colcon_core.verb:set package 'cmake_package' build argument 'ament_cmake_args' from command line to 'None'
[0.717s] Level 5:colcon.colcon_core.verb:set package 'cmake_package' build argument 'catkin_cmake_args' from command line to 'None'
[0.718s] Level 5:colcon.colcon_core.verb:set package 'cmake_package' build argument 'catkin_skip_building_tests' from command line to 'False'
[0.718s] DEBUG:colcon.colcon_core.verb:Building package 'cmake_package' with the following arguments: {'ament_cmake_args': None, 'build_base': '/home/ubuntu/ros_workspace/build/cmake_package', 'catkin_cmake_args': None, 'catkin_skip_building_tests': False, 'cmake_args': None, 'cmake_clean_cache': False, 'cmake_clean_first': False, 'cmake_force_configure': False, 'cmake_target': None, 'cmake_target_skip_unavailable': False, 'install_base': '/home/ubuntu/ros_workspace/install/cmake_package', 'merge_install': False, 'path': '/home/ubuntu/ros_workspace/src/cmake_package', 'symlink_install': False, 'test_result_base': None}
[0.718s] Level 5:colcon.colcon_core.verb:set package 'first_package_cpp' build argument 'cmake_args' from command line to 'None'
[0.718s] Level 5:colcon.colcon_core.verb:set package 'first_package_cpp' build argument 'cmake_target' from command line to 'None'
[0.719s] Level 5:colcon.colcon_core.verb:set package 'first_package_cpp' build argument 'cmake_target_skip_unavailable' from command line to 'False'
[0.719s] Level 5:colcon.colcon_core.verb:set package 'first_package_cpp' build argument 'cmake_clean_cache' from command line to 'False'
[0.719s] Level 5:colcon.colcon_core.verb:set package 'first_package_cpp' build argument 'cmake_clean_first' from command line to 'False'
[0.719s] Level 5:colcon.colcon_core.verb:set package 'first_package_cpp' build argument 'cmake_force_configure' from command line to 'False'
[0.719s] Level 5:colcon.colcon_core.verb:set package 'first_package_cpp' build argument 'ament_cmake_args' from command line to 'None'
[0.719s] Level 5:colcon.colcon_core.verb:set package 'first_package_cpp' build argument 'catkin_cmake_args' from command line to 'None'
[0.719s] Level 5:colcon.colcon_core.verb:set package 'first_package_cpp' build argument 'catkin_skip_building_tests' from command line to 'False'
[0.719s] DEBUG:colcon.colcon_core.verb:Building package 'first_package_cpp' with the following arguments: {'ament_cmake_args': None, 'build_base': '/home/ubuntu/ros_workspace/build/first_package_cpp', 'catkin_cmake_args': None, 'catkin_skip_building_tests': False, 'cmake_args': None, 'cmake_clean_cache': False, 'cmake_clean_first': False, 'cmake_force_configure': False, 'cmake_target': None, 'cmake_target_skip_unavailable': False, 'install_base': '/home/ubuntu/ros_workspace/install/first_package_cpp', 'merge_install': False, 'path': '/home/ubuntu/ros_workspace/src/first_package_cpp', 'symlink_install': False, 'test_result_base': None}
[0.720s] Level 5:colcon.colcon_core.verb:set package 'ob_first_package_cpp' build argument 'cmake_args' from command line to 'None'
[0.720s] Level 5:colcon.colcon_core.verb:set package 'ob_first_package_cpp' build argument 'cmake_target' from command line to 'None'
[0.720s] Level 5:colcon.colcon_core.verb:set package 'ob_first_package_cpp' build argument 'cmake_target_skip_unavailable' from command line to 'False'
[0.720s] Level 5:colcon.colcon_core.verb:set package 'ob_first_package_cpp' build argument 'cmake_clean_cache' from command line to 'False'
[0.720s] Level 5:colcon.colcon_core.verb:set package 'ob_first_package_cpp' build argument 'cmake_clean_first' from command line to 'False'
[0.720s] Level 5:colcon.colcon_core.verb:set package 'ob_first_package_cpp' build argument 'cmake_force_configure' from command line to 'False'
[0.721s] Level 5:colcon.colcon_core.verb:set package 'ob_first_package_cpp' build argument 'ament_cmake_args' from command line to 'None'
[0.721s] Level 5:colcon.colcon_core.verb:set package 'ob_first_package_cpp' build argument 'catkin_cmake_args' from command line to 'None'
[0.721s] Level 5:colcon.colcon_core.verb:set package 'ob_first_package_cpp' build argument 'catkin_skip_building_tests' from command line to 'False'
[0.721s] DEBUG:colcon.colcon_core.verb:Building package 'ob_first_package_cpp' with the following arguments: {'ament_cmake_args': None, 'build_base': '/home/ubuntu/ros_workspace/build/ob_first_package_cpp', 'catkin_cmake_args': None, 'catkin_skip_building_tests': False, 'cmake_args': None, 'cmake_clean_cache': False, 'cmake_clean_first': False, 'cmake_force_configure': False, 'cmake_target': None, 'cmake_target_skip_unavailable': False, 'install_base': '/home/ubuntu/ros_workspace/install/ob_first_package_cpp', 'merge_install': False, 'path': '/home/ubuntu/ros_workspace/src/ob_first_package_cpp', 'symlink_install': False, 'test_result_base': None}
[0.725s] Level 5:colcon.colcon_core.verb:set package 'python_package' build argument 'cmake_args' from command line to 'None'
[0.725s] Level 5:colcon.colcon_core.verb:set package 'python_package' build argument 'cmake_target' from command line to 'None'
[0.725s] Level 5:colcon.colcon_core.verb:set package 'python_package' build argument 'cmake_target_skip_unavailable' from command line to 'False'
[0.725s] Level 5:colcon.colcon_core.verb:set package 'python_package' build argument 'cmake_clean_cache' from command line to 'False'
[0.725s] Level 5:colcon.colcon_core.verb:set package 'python_package' build argument 'cmake_clean_first' from command line to 'False'
[0.725s] Level 5:colcon.colcon_core.verb:set package 'python_package' build argument 'cmake_force_configure' from command line to 'False'
[0.725s] Level 5:colcon.colcon_core.verb:set package 'python_package' build argument 'ament_cmake_args' from command line to 'None'
[0.725s] Level 5:colcon.colcon_core.verb:set package 'python_package' build argument 'catkin_cmake_args' from command line to 'None'
[0.726s] Level 5:colcon.colcon_core.verb:set package 'python_package' build argument 'catkin_skip_building_tests' from command line to 'False'
[0.726s] DEBUG:colcon.colcon_core.verb:Building package 'python_package' with the following arguments: {'ament_cmake_args': None, 'build_base': '/home/ubuntu/ros_workspace/build/python_package', 'catkin_cmake_args': None, 'catkin_skip_building_tests': False, 'cmake_args': None, 'cmake_clean_cache': False, 'cmake_clean_first': False, 'cmake_force_configure': False, 'cmake_target': None, 'cmake_target_skip_unavailable': False, 'install_base': '/home/ubuntu/ros_workspace/install/python_package', 'merge_install': False, 'path': '/home/ubuntu/ros_workspace/src/python_package', 'symlink_install': False, 'test_result_base': None}
[0.726s] Level 5:colcon.colcon_core.verb:set package 'turtlesim_controller' build argument 'cmake_args' from command line to 'None'
[0.727s] Level 5:colcon.colcon_core.verb:set package 'turtlesim_controller' build argument 'cmake_target' from command line to 'None'
[0.727s] Level 5:colcon.colcon_core.verb:set package 'turtlesim_controller' build argument 'cmake_target_skip_unavailable' from command line to 'False'
[0.727s] Level 5:colcon.colcon_core.verb:set package 'turtlesim_controller' build argument 'cmake_clean_cache' from command line to 'False'
[0.727s] Level 5:colcon.colcon_core.verb:set package 'turtlesim_controller' build argument 'cmake_clean_first' from command line to 'False'
[0.727s] Level 5:colcon.colcon_core.verb:set package 'turtlesim_controller' build argument 'cmake_force_configure' from command line to 'False'
[0.728s] Level 5:colcon.colcon_core.verb:set package 'turtlesim_controller' build argument 'ament_cmake_args' from command line to 'None'
[0.728s] Level 5:colcon.colcon_core.verb:set package 'turtlesim_controller' build argument 'catkin_cmake_args' from command line to 'None'
[0.728s] Level 5:colcon.colcon_core.verb:set package 'turtlesim_controller' build argument 'catkin_skip_building_tests' from command line to 'False'
[0.729s] DEBUG:colcon.colcon_core.verb:Building package 'turtlesim_controller' with the following arguments: {'ament_cmake_args': None, 'build_base': '/home/ubuntu/ros_workspace/build/turtlesim_controller', 'catkin_cmake_args': None, 'catkin_skip_building_tests': False, 'cmake_args': None, 'cmake_clean_cache': False, 'cmake_clean_first': False, 'cmake_force_configure': False, 'cmake_target': None, 'cmake_target_skip_unavailable': False, 'install_base': '/home/ubuntu/ros_workspace/install/turtlesim_controller', 'merge_install': False, 'path': '/home/ubuntu/ros_workspace/src/turtlesim_controller', 'symlink_install': False, 'test_result_base': None}
[0.730s] INFO:colcon.colcon_core.executor:Executing jobs using 'parallel' executor
[0.732s] DEBUG:colcon.colcon_parallel_executor.executor.parallel:run_until_complete
[0.732s] INFO:colcon.colcon_ros.task.ament_cmake.build:Building ROS package in '/home/ubuntu/ros_workspace/src/assignment1_rt' with build type 'ament_cmake'
[0.733s] INFO:colcon.colcon_cmake.task.cmake.build:Building CMake package in '/home/ubuntu/ros_workspace/src/assignment1_rt'
[0.746s] INFO:colcon.colcon_core.plugin_system:Skipping extension 'colcon_core.shell.bat': Not used on non-Windows systems
[0.746s] INFO:colcon.colcon_core.shell:Skip shell extension 'powershell' for command environment: Not usable outside of PowerShell
[0.747s] DEBUG:colcon.colcon_core.shell:Skip shell extension 'dsv' for command environment
[0.770s] INFO:colcon.colcon_ros.task.ament_cmake.build:Building ROS package in '/home/ubuntu/ros_workspace/src/cmake_package' with build type 'ament_cmake'
[0.770s] INFO:colcon.colcon_cmake.task.cmake.build:Building CMake package in '/home/ubuntu/ros_workspace/src/cmake_package'
[0.770s] INFO:colcon.colcon_core.shell:Skip shell extension 'powershell' for command environment: Not usable outside of PowerShell
[0.771s] DEBUG:colcon.colcon_core.shell:Skip shell extension 'dsv' for command environment
[0.778s] INFO:colcon.colcon_ros.task.ament_cmake.build:Building ROS package in '/home/ubuntu/ros_workspace/src/first_package_cpp' with build type 'ament_cmake'
[0.779s] INFO:colcon.colcon_cmake.task.cmake.build:Building CMake package in '/home/ubuntu/ros_workspace/src/first_package_cpp'
[0.779s] INFO:colcon.colcon_core.shell:Skip shell extension 'powershell' for command environment: Not usable outside of PowerShell
[0.779s] DEBUG:colcon.colcon_core.shell:Skip shell extension 'dsv' for command environment
[0.790s] INFO:colcon.colcon_ros.task.ament_cmake.build:Building ROS package in '/home/ubuntu/ros_workspace/src/ob_first_package_cpp' with build type 'ament_cmake'
[0.790s] INFO:colcon.colcon_cmake.task.cmake.build:Building CMake package in '/home/ubuntu/ros_workspace/src/ob_first_package_cpp'
[0.790s] INFO:colcon.colcon_core.shell:Skip shell extension 'powershell' for command environment: Not usable outside of PowerShell
[0.791s] DEBUG:colcon.colcon_core.shell:Skip shell extension 'dsv' for command environment
[0.806s] INFO:colcon.colcon_ros.task.ament_python.build:Building ROS package in '/home/ubuntu/ros_workspace/src/python_package' with build type 'ament_python'
[0.807s] Level 1:colcon.colcon_core.shell:create_environment_hook('python_package', 'ament_prefix_path')
[0.807s] INFO:colcon.colcon_core.shell:Creating environment hook '/home/ubuntu/ros_workspace/install/python_package/share/python_package/hook/ament_prefix_path.ps1'
[0.810s] INFO:colcon.colcon_core.shell:Creating environment descriptor '/home/ubuntu/ros_workspace/install/python_package/share/python_package/hook/ament_prefix_path.dsv'
[0.813s] INFO:colcon.colcon_core.shell:Creating environment hook '/home/ubuntu/ros_workspace/install/python_package/share/python_package/hook/ament_prefix_path.sh'
[0.815s] INFO:colcon.colcon_core.shell:Skip shell extension 'powershell' for command environment: Not usable outside of PowerShell
[0.815s] DEBUG:colcon.colcon_core.shell:Skip shell extension 'dsv' for command environment
[0.829s] INFO:colcon.colcon_ros.task.ament_cmake.build:Building ROS package in '/home/ubuntu/ros_workspace/src/turtlesim_controller' with build type 'ament_cmake'
[0.829s] INFO:colcon.colcon_cmake.task.cmake.build:Building CMake package in '/home/ubuntu/ros_workspace/src/turtlesim_controller'
[0.829s] INFO:colcon.colcon_core.shell:Skip shell extension 'powershell' for command environment: Not usable outside of PowerShell
[0.830s] DEBUG:colcon.colcon_core.shell:Skip shell extension 'dsv' for command environment
[0.858s] DEBUG:colcon.colcon_core.event_handler.log_command:Invoking command in '/home/ubuntu/ros_workspace/build/assignment1_rt': CMAKE_PREFIX_PATH=${CMAKE_PREFIX_PATH}:/opt/ros/jazzy /usr/bin/cmake --build /home/ubuntu/ros_workspace/build/assignment1_rt -- -j16 -l16
[0.873s] DEBUG:colcon.colcon_core.event_handler.log_command:Invoking command in '/home/ubuntu/ros_workspace/build/cmake_package': CMAKE_PREFIX_PATH=${CMAKE_PREFIX_PATH}:/opt/ros/jazzy /usr/bin/cmake --build /home/ubuntu/ros_workspace/build/cmake_package -- -j16 -l16
[0.879s] DEBUG:colcon.colcon_core.event_handler.log_command:Invoking command in '/home/ubuntu/ros_workspace/build/first_package_cpp': CMAKE_PREFIX_PATH=${CMAKE_PREFIX_PATH}:/opt/ros/jazzy /usr/bin/cmake --build /home/ubuntu/ros_workspace/build/first_package_cpp -- -j16 -l16
[0.883s] DEBUG:colcon.colcon_core.event_handler.log_command:Invoking command in '/home/ubuntu/ros_workspace/build/ob_first_package_cpp': CMAKE_PREFIX_PATH=${CMAKE_PREFIX_PATH}:/opt/ros/jazzy /usr/bin/cmake --build /home/ubuntu/ros_workspace/build/ob_first_package_cpp -- -j16 -l16
[1.371s] INFO:colcon.colcon_core.task.python.build:Building Python package in '/home/ubuntu/ros_workspace/src/python_package'
[1.372s] INFO:colcon.colcon_core.shell:Skip shell extension 'powershell' for command environment: Not usable outside of PowerShell
[1.372s] DEBUG:colcon.colcon_core.shell:Skip shell extension 'dsv' for command environment
[1.399s] DEBUG:colcon.colcon_core.event_handler.log_command:Invoking command in '/home/ubuntu/ros_workspace/build/turtlesim_controller': CMAKE_PREFIX_PATH=${CMAKE_PREFIX_PATH}:/opt/ros/jazzy /usr/bin/cmake --build /home/ubuntu/ros_workspace/build/turtlesim_controller -- -j16 -l16
[1.400s] DEBUG:colcon.colcon_core.event_handler.log_command:Invoked command in '/home/ubuntu/ros_workspace/build/cmake_package' returned '0': CMAKE_PREFIX_PATH=${CMAKE_PREFIX_PATH}:/opt/ros/jazzy /usr/bin/cmake --build /home/ubuntu/ros_workspace/build/cmake_package -- -j16 -l16
[1.427s] DEBUG:colcon.colcon_core.event_handler.log_command:Invoking command in '/home/ubuntu/ros_workspace/build/cmake_package': CMAKE_PREFIX_PATH=${CMAKE_PREFIX_PATH}:/opt/ros/jazzy /usr/bin/cmake --install /home/ubuntu/ros_workspace/build/cmake_package
[1.440s] DEBUG:colcon.colcon_core.event_handler.log_command:Invoked command in '/home/ubuntu/ros_workspace/build/assignment1_rt' returned '0': CMAKE_PREFIX_PATH=${CMAKE_PREFIX_PATH}:/opt/ros/jazzy /usr/bin/cmake --build /home/ubuntu/ros_workspace/build/assignment1_rt -- -j16 -l16
[1.444s] DEBUG:colcon.colcon_core.event_handler.log_command:Invoking command in '/home/ubuntu/ros_workspace/build/assignment1_rt': CMAKE_PREFIX_PATH=${CMAKE_PREFIX_PATH}:/opt/ros/jazzy /usr/bin/cmake --install /home/ubuntu/ros_workspace/build/assignment1_rt
[1.445s] DEBUG:colcon.colcon_core.event_handler.log_command:Invoked command in '/home/ubuntu/ros_workspace/build/first_package_cpp' returned '0': CMAKE_PREFIX_PATH=${CMAKE_PREFIX_PATH}:/opt/ros/jazzy /usr/bin/cmake --build /home/ubuntu/ros_workspace/build/first_package_cpp -- -j16 -l16
[1.450s] DEBUG:colcon.colcon_core.event_handler.log_command:Invoking command in '/home/ubuntu/ros_workspace/build/first_package_cpp': CMAKE_PREFIX_PATH=${CMAKE_PREFIX_PATH}:/opt/ros/jazzy /usr/bin/cmake --install /home/ubuntu/ros_workspace/build/first_package_cpp
[1.451s] DEBUG:colcon.colcon_core.event_handler.log_command:Invoked command in '/home/ubuntu/ros_workspace/build/ob_first_package_cpp' returned '0': CMAKE_PREFIX_PATH=${CMAKE_PREFIX_PATH}:/opt/ros/jazzy /usr/bin/cmake --build /home/ubuntu/ros_workspace/build/ob_first_package_cpp -- -j16 -l16
[1.462s] DEBUG:colcon.colcon_core.event_handler.log_command:Invoking command in '/home/ubuntu/ros_workspace/build/ob_first_package_cpp': CMAKE_PREFIX_PATH=${CMAKE_PREFIX_PATH}:/opt/ros/jazzy /usr/bin/cmake --install /home/ubuntu/ros_workspace/build/ob_first_package_cpp
[1.466s] Level 1:colcon.colcon_core.environment:create_environment_scripts_only(cmake_package)
[1.467s] DEBUG:colcon.colcon_core.event_handler.log_command:Invoked command in '/home/ubuntu/ros_workspace/build/cmake_package' returned '0': CMAKE_PREFIX_PATH=${CMAKE_PREFIX_PATH}:/opt/ros/jazzy /usr/bin/cmake --install /home/ubuntu/ros_workspace/build/cmake_package
[1.509s] Level 1:colcon.colcon_core.environment:checking '/home/ubuntu/ros_workspace/install/cmake_package' for CMake module files
[1.511s] Level 1:colcon.colcon_core.environment:checking '/home/ubuntu/ros_workspace/install/cmake_package' for CMake config files
[1.512s] Level 1:colcon.colcon_core.shell:create_environment_hook('cmake_package', 'cmake_prefix_path')
[1.512s] INFO:colcon.colcon_core.shell:Creating environment hook '/home/ubuntu/ros_workspace/install/cmake_package/share/cmake_package/hook/cmake_prefix_path.ps1'
[1.515s] INFO:colcon.colcon_core.shell:Creating environment descriptor '/home/ubuntu/ros_workspace/install/cmake_package/share/cmake_package/hook/cmake_prefix_path.dsv'
[1.516s] INFO:colcon.colcon_core.shell:Creating environment hook '/home/ubuntu/ros_workspace/install/cmake_package/share/cmake_package/hook/cmake_prefix_path.sh'
[1.518s] Level 1:colcon.colcon_core.environment:checking '/home/ubuntu/ros_workspace/install/cmake_package/bin'
[1.519s] Level 1:colcon.colcon_core.environment:checking '/home/ubuntu/ros_workspace/install/cmake_package/lib/pkgconfig/cmake_package.pc'
[1.519s] Level 1:colcon.colcon_core.environment:checking '/home/ubuntu/ros_workspace/install/cmake_package/lib/python3.12/site-packages'
[1.520s] Level 1:colcon.colcon_core.environment:checking '/home/ubuntu/ros_workspace/install/cmake_package/bin'
[1.520s] INFO:colcon.colcon_core.shell:Creating package script '/home/ubuntu/ros_workspace/install/cmake_package/share/cmake_package/package.ps1'
[1.523s] INFO:colcon.colcon_core.shell:Creating package descriptor '/home/ubuntu/ros_workspace/install/cmake_package/share/cmake_package/package.dsv'
[1.525s] INFO:colcon.colcon_core.shell:Creating package script '/home/ubuntu/ros_workspace/install/cmake_package/share/cmake_package/package.sh'
[1.528s] INFO:colcon.colcon_core.shell:Creating package script '/home/ubuntu/ros_workspace/install/cmake_package/share/cmake_package/package.bash'
[1.530s] INFO:colcon.colcon_core.shell:Creating package script '/home/ubuntu/ros_workspace/install/cmake_package/share/cmake_package/package.zsh'
[1.534s] Level 1:colcon.colcon_core.environment:create_file_with_runtime_dependencies(/home/ubuntu/ros_workspace/install/cmake_package/share/colcon-core/packages/cmake_package)
[1.536s] Level 1:colcon.colcon_core.environment:create_environment_scripts_only(cmake_package)
[1.536s] Level 1:colcon.colcon_core.environment:checking '/home/ubuntu/ros_workspace/install/cmake_package' for CMake module files
[1.538s] Level 1:colcon.colcon_core.environment:checking '/home/ubuntu/ros_workspace/install/cmake_package' for CMake config files
[1.538s] Level 1:colcon.colcon_core.shell:create_environment_hook('cmake_package', 'cmake_prefix_path')
[1.538s] INFO:colcon.colcon_core.shell:Creating environment hook '/home/ubuntu/ros_workspace/install/cmake_package/share/cmake_package/hook/cmake_prefix_path.ps1'
[1.540s] INFO:colcon.colcon_core.shell:Creating environment descriptor '/home/ubuntu/ros_workspace/install/cmake_package/share/cmake_package/hook/cmake_prefix_path.dsv'
[1.541s] INFO:colcon.colcon_core.shell:Creating environment hook '/home/ubuntu/ros_workspace/install/cmake_package/share/cmake_package/hook/cmake_prefix_path.sh'
[1.542s] Level 1:colcon.colcon_core.environment:checking '/home/ubuntu/ros_workspace/install/cmake_package/bin'
[1.543s] Level 1:colcon.colcon_core.environment:checking '/home/ubuntu/ros_workspace/install/cmake_package/lib/pkgconfig/cmake_package.pc'
[1.544s] Level 1:colcon.colcon_core.environment:checking '/home/ubuntu/ros_workspace/install/cmake_package/lib/python3.12/site-packages'
[1.545s] Level 1:colcon.colcon_core.environment:checking '/home/ubuntu/ros_workspace/install/cmake_package/bin'
[1.546s] INFO:colcon.colcon_core.shell:Creating package script '/home/ubuntu/ros_workspace/install/cmake_package/share/cmake_package/package.ps1'
[1.551s] INFO:colcon.colcon_core.shell:Creating package descriptor '/home/ubuntu/ros_workspace/install/cmake_package/share/cmake_package/package.dsv'
[1.553s] INFO:colcon.colcon_core.shell:Creating package script '/home/ubuntu/ros_workspace/install/cmake_package/share/cmake_package/package.sh'
[1.554s] INFO:colcon.colcon_core.shell:Creating package script '/home/ubuntu/ros_workspace/install/cmake_package/share/cmake_package/package.bash'
[1.555s] INFO:colcon.colcon_core.shell:Creating package script '/home/ubuntu/ros_workspace/install/cmake_package/share/cmake_package/package.zsh'
[1.556s] Level 1:colcon.colcon_core.environment:create_file_with_runtime_dependencies(/home/ubuntu/ros_workspace/install/cmake_package/share/colcon-core/packages/cmake_package)
[1.564s] Level 1:colcon.colcon_core.environment:create_environment_scripts_only(assignment1_rt)
[1.565s] Level 1:colcon.colcon_core.environment:checking '/home/ubuntu/ros_workspace/install/assignment1_rt' for CMake module files
[1.566s] DEBUG:colcon.colcon_core.event_handler.log_command:Invoked command in '/home/ubuntu/ros_workspace/build/assignment1_rt' returned '0': CMAKE_PREFIX_PATH=${CMAKE_PREFIX_PATH}:/opt/ros/jazzy /usr/bin/cmake --install /home/ubuntu/ros_workspace/build/assignment1_rt
[1.567s] Level 1:colcon.colcon_core.environment:checking '/home/ubuntu/ros_workspace/install/assignment1_rt' for CMake config files
[1.569s] Level 1:colcon.colcon_core.shell:create_environment_hook('assignment1_rt', 'cmake_prefix_path')
[1.569s] INFO:colcon.colcon_core.shell:Creating environment hook '/home/ubuntu/ros_workspace/install/assignment1_rt/share/assignment1_rt/hook/cmake_prefix_path.ps1'
[1.571s] INFO:colcon.colcon_core.shell:Creating environment descriptor '/home/ubuntu/ros_workspace/install/assignment1_rt/share/assignment1_rt/hook/cmake_prefix_path.dsv'
[1.573s] INFO:colcon.colcon_core.shell:Creating environment hook '/home/ubuntu/ros_workspace/install/assignment1_rt/share/assignment1_rt/hook/cmake_prefix_path.sh'
[1.574s] Level 1:colcon.colcon_core.environment:checking '/home/ubuntu/ros_workspace/install/assignment1_rt/lib'
[1.575s] Level 1:colcon.colcon_core.environment:checking '/home/ubuntu/ros_workspace/install/assignment1_rt/bin'
[1.575s] Level 1:colcon.colcon_core.environment:checking '/home/ubuntu/ros_workspace/install/assignment1_rt/lib/pkgconfig/assignment1_rt.pc'
[1.576s] Level 1:colcon.colcon_core.environment:checking '/home/ubuntu/ros_workspace/install/assignment1_rt/lib/python3.12/site-packages'
[1.576s] Level 1:colcon.colcon_core.environment:checking '/home/ubuntu/ros_workspace/install/assignment1_rt/bin'
[1.577s] INFO:colcon.colcon_core.shell:Creating package script '/home/ubuntu/ros_workspace/install/assignment1_rt/share/assignment1_rt/package.ps1'
[1.579s] INFO:colcon.colcon_core.shell:Creating package descriptor '/home/ubuntu/ros_workspace/install/assignment1_rt/share/assignment1_rt/package.dsv'
[1.580s] INFO:colcon.colcon_core.shell:Creating package script '/home/ubuntu/ros_workspace/install/assignment1_rt/share/assignment1_rt/package.sh'
[1.582s] INFO:colcon.colcon_core.shell:Creating package script '/home/ubuntu/ros_workspace/install/assignment1_rt/share/assignment1_rt/package.bash'
[1.583s] INFO:colcon.colcon_core.shell:Creating package script '/home/ubuntu/ros_workspace/install/assignment1_rt/share/assignment1_rt/package.zsh'
[1.583s] Level 1:colcon.colcon_core.environment:create_file_with_runtime_dependencies(/home/ubuntu/ros_workspace/install/assignment1_rt/share/colcon-core/packages/assignment1_rt)
[1.585s] Level 1:colcon.colcon_core.environment:create_environment_scripts_only(assignment1_rt)
[1.585s] Level 1:colcon.colcon_core.environment:checking '/home/ubuntu/ros_workspace/install/assignment1_rt' for CMake module files
[1.587s] Level 1:colcon.colcon_core.environment:checking '/home/ubuntu/ros_workspace/install/assignment1_rt' for CMake config files
[1.588s] Level 1:colcon.colcon_core.shell:create_environment_hook('assignment1_rt', 'cmake_prefix_path')
[1.589s] INFO:colcon.colcon_core.shell:Creating environment hook '/home/ubuntu/ros_workspace/install/assignment1_rt/share/assignment1_rt/hook/cmake_prefix_path.ps1'
[1.590s] INFO:colcon.colcon_core.shell:Creating environment descriptor '/home/ubuntu/ros_workspace/install/assignment1_rt/share/assignment1_rt/hook/cmake_prefix_path.dsv'
[1.591s] INFO:colcon.colcon_core.shell:Creating environment hook '/home/ubuntu/ros_workspace/install/assignment1_rt/share/assignment1_rt/hook/cmake_prefix_path.sh'
[1.593s] Level 1:colcon.colcon_core.environment:checking '/home/ubuntu/ros_workspace/install/assignment1_rt/lib'
[1.594s] Level 1:colcon.colcon_core.environment:checking '/home/ubuntu/ros_workspace/install/assignment1_rt/bin'
[1.594s] Level 1:colcon.colcon_core.environment:checking '/home/ubuntu/ros_workspace/install/assignment1_rt/lib/pkgconfig/assignment1_rt.pc'
[1.595s] Level 1:colcon.colcon_core.environment:checking '/home/ubuntu/ros_workspace/install/assignment1_rt/lib/python3.12/site-packages'
[1.595s] Level 1:colcon.colcon_core.environment:checking '/home/ubuntu/ros_workspace/install/assignment1_rt/bin'
[1.596s] INFO:colcon.colcon_core.shell:Creating package script '/home/ubuntu/ros_workspace/install/assignment1_rt/share/assignment1_rt/package.ps1'
[1.597s] INFO:colcon.colcon_core.shell:Creating package descriptor '/home/ubuntu/ros_workspace/install/assignment1_rt/share/assignment1_rt/package.dsv'
[1.598s] INFO:colcon.colcon_core.shell:Creating package script '/home/ubuntu/ros_workspace/install/assignment1_rt/share/assignment1_rt/package.sh'
[1.599s] INFO:colcon.colcon_core.shell:Creating package script '/home/ubuntu/ros_workspace/install/assignment1_rt/share/assignment1_rt/package.bash'
[1.600s] INFO:colcon.colcon_core.shell:Creating package script '/home/ubuntu/ros_workspace/install/assignment1_rt/share/assignment1_rt/package.zsh'
[1.601s] Level 1:colcon.colcon_core.environment:create_file_with_runtime_dependencies(/home/ubuntu/ros_workspace/install/assignment1_rt/share/colcon-core/packages/assignment1_rt)
[1.602s] Level 1:colcon.colcon_core.environment:create_environment_scripts_only(ob_first_package_cpp)
[1.603s] Level 1:colcon.colcon_core.environment:checking '/home/ubuntu/ros_workspace/install/ob_first_package_cpp' for CMake module files
[1.605s] DEBUG:colcon.colcon_core.event_handler.log_command:Invoked command in '/home/ubuntu/ros_workspace/build/ob_first_package_cpp' returned '0': CMAKE_PREFIX_PATH=${CMAKE_PREFIX_PATH}:/opt/ros/jazzy /usr/bin/cmake --install /home/ubuntu/ros_workspace/build/ob_first_package_cpp
[1.606s] Level 1:colcon.colcon_core.environment:checking '/home/ubuntu/ros_workspace/install/ob_first_package_cpp' for CMake config files
[1.607s] Level 1:colcon.colcon_core.shell:create_environment_hook('ob_first_package_cpp', 'cmake_prefix_path')
[1.607s] INFO:colcon.colcon_core.shell:Creating environment hook '/home/ubuntu/ros_workspace/install/ob_first_package_cpp/share/ob_first_package_cpp/hook/cmake_prefix_path.ps1'
[1.608s] INFO:colcon.colcon_core.shell:Creating environment descriptor '/home/ubuntu/ros_workspace/install/ob_first_package_cpp/share/ob_first_package_cpp/hook/cmake_prefix_path.dsv'
[1.609s] INFO:colcon.colcon_core.shell:Creating environment hook '/home/ubuntu/ros_workspace/install/ob_first_package_cpp/share/ob_first_package_cpp/hook/cmake_prefix_path.sh'
[1.611s] Level 1:colcon.colcon_core.environment:checking '/home/ubuntu/ros_workspace/install/ob_first_package_cpp/lib'
[1.611s] Level 1:colcon.colcon_core.environment:checking '/home/ubuntu/ros_workspace/install/ob_first_package_cpp/bin'
[1.611s] Level 1:colcon.colcon_core.environment:checking '/home/ubuntu/ros_workspace/install/ob_first_package_cpp/lib/pkgconfig/ob_first_package_cpp.pc'
[1.612s] Level 1:colcon.colcon_core.environment:checking '/home/ubuntu/ros_workspace/install/ob_first_package_cpp/lib/python3.12/site-packages'
[1.612s] Level 1:colcon.colcon_core.environment:checking '/home/ubuntu/ros_workspace/install/ob_first_package_cpp/bin'
[1.613s] INFO:colcon.colcon_core.shell:Creating package script '/home/ubuntu/ros_workspace/install/ob_first_package_cpp/share/ob_first_package_cpp/package.ps1'
[1.614s] INFO:colcon.colcon_core.shell:Creating package descriptor '/home/ubuntu/ros_workspace/install/ob_first_package_cpp/share/ob_first_package_cpp/package.dsv'
[1.615s] INFO:colcon.colcon_core.shell:Creating package script '/home/ubuntu/ros_workspace/install/ob_first_package_cpp/share/ob_first_package_cpp/package.sh'
[1.616s] INFO:colcon.colcon_core.shell:Creating package script '/home/ubuntu/ros_workspace/install/ob_first_package_cpp/share/ob_first_package_cpp/package.bash'
[1.617s] INFO:colcon.colcon_core.shell:Creating package script '/home/ubuntu/ros_workspace/install/ob_first_package_cpp/share/ob_first_package_cpp/package.zsh'
[1.617s] Level 1:colcon.colcon_core.environment:create_file_with_runtime_dependencies(/home/ubuntu/ros_workspace/install/ob_first_package_cpp/share/colcon-core/packages/ob_first_package_cpp)
[1.618s] Level 1:colcon.colcon_core.environment:create_environment_scripts_only(ob_first_package_cpp)
[1.619s] Level 1:colcon.colcon_core.environment:checking '/home/ubuntu/ros_workspace/install/ob_first_package_cpp' for CMake module files
[1.620s] Level 1:colcon.colcon_core.environment:checking '/home/ubuntu/ros_workspace/install/ob_first_package_cpp' for CMake config files
[1.621s] Level 1:colcon.colcon_core.shell:create_environment_hook('ob_first_package_cpp', 'cmake_prefix_path')
[1.622s] INFO:colcon.colcon_core.shell:Creating environment hook '/home/ubuntu/ros_workspace/install/ob_first_package_cpp/share/ob_first_package_cpp/hook/cmake_prefix_path.ps1'
[1.623s] INFO:colcon.colcon_core.shell:Creating environment descriptor '/home/ubuntu/ros_workspace/install/ob_first_package_cpp/share/ob_first_package_cpp/hook/cmake_prefix_path.dsv'
[1.624s] INFO:colcon.colcon_core.shell:Creating environment hook '/home/ubuntu/ros_workspace/install/ob_first_package_cpp/share/ob_first_package_cpp/hook/cmake_prefix_path.sh'
[1.625s] Level 1:colcon.colcon_core.environment:checking '/home/ubuntu/ros_workspace/install/ob_first_package_cpp/lib'
[1.625s] Level 1:colcon.colcon_core.environment:checking '/home/ubuntu/ros_workspace/install/ob_first_package_cpp/bin'
[1.626s] Level 1:colcon.colcon_core.environment:checking '/home/ubuntu/ros_workspace/install/ob_first_package_cpp/lib/pkgconfig/ob_first_package_cpp.pc'
[1.626s] Level 1:colcon.colcon_core.environment:checking '/home/ubuntu/ros_workspace/install/ob_first_package_cpp/lib/python3.12/site-packages'
[1.626s] Level 1:colcon.colcon_core.environment:checking '/home/ubuntu/ros_workspace/install/ob_first_package_cpp/bin'
[1.627s] INFO:colcon.colcon_core.shell:Creating package script '/home/ubuntu/ros_workspace/install/ob_first_package_cpp/share/ob_first_package_cpp/package.ps1'
[1.628s] INFO:colcon.colcon_core.shell:Creating package descriptor '/home/ubuntu/ros_workspace/install/ob_first_package_cpp/share/ob_first_package_cpp/package.dsv'
[1.630s] INFO:colcon.colcon_core.shell:Creating package script '/home/ubuntu/ros_workspace/install/ob_first_package_cpp/share/ob_first_package_cpp/package.sh'
[1.631s] INFO:colcon.colcon_core.shell:Creating package script '/home/ubuntu/ros_workspace/install/ob_first_package_cpp/share/ob_first_package_cpp/package.bash'
[1.632s] INFO:colcon.colcon_core.shell:Creating package script '/home/ubuntu/ros_workspace/install/ob_first_package_cpp/share/ob_first_package_cpp/package.zsh'
[1.632s] Level 1:colcon.colcon_core.environment:create_file_with_runtime_dependencies(/home/ubuntu/ros_workspace/install/ob_first_package_cpp/share/colcon-core/packages/ob_first_package_cpp)
[1.633s] Level 1:colcon.colcon_core.environment:create_environment_scripts_only(first_package_cpp)
[1.634s] Level 1:colcon.colcon_core.environment:checking '/home/ubuntu/ros_workspace/install/first_package_cpp' for CMake module files
[1.636s] DEBUG:colcon.colcon_core.event_handler.log_command:Invoked command in '/home/ubuntu/ros_workspace/build/first_package_cpp' returned '0': CMAKE_PREFIX_PATH=${CMAKE_PREFIX_PATH}:/opt/ros/jazzy /usr/bin/cmake --install /home/ubuntu/ros_workspace/build/first_package_cpp
[1.637s] Level 1:colcon.colcon_core.environment:checking '/home/ubuntu/ros_workspace/install/first_package_cpp' for CMake config files
[1.638s] Level 1:colcon.colcon_core.shell:create_environment_hook('first_package_cpp', 'cmake_prefix_path')
[1.638s] INFO:colcon.colcon_core.shell:Creating environment hook '/home/ubuntu/ros_workspace/install/first_package_cpp/share/first_package_cpp/hook/cmake_prefix_path.ps1'
[1.639s] INFO:colcon.colcon_core.shell:Creating environment descriptor '/home/ubuntu/ros_workspace/install/first_package_cpp/share/first_package_cpp/hook/cmake_prefix_path.dsv'
[1.640s] INFO:colcon.colcon_core.shell:Creating environment hook '/home/ubuntu/ros_workspace/install/first_package_cpp/share/first_package_cpp/hook/cmake_prefix_path.sh'
[1.641s] Level 1:colcon.colcon_core.environment:checking '/home/ubuntu/ros_workspace/install/first_package_cpp/lib'
[1.641s] Level 1:colcon.colcon_core.environment:checking '/home/ubuntu/ros_workspace/install/first_package_cpp/bin'
[1.642s] Level 1:colcon.colcon_core.environment:checking '/home/ubuntu/ros_workspace/install/first_package_cpp/lib/pkgconfig/first_package_cpp.pc'
[1.642s] Level 1:colcon.colcon_core.environment:checking '/home/ubuntu/ros_workspace/install/first_package_cpp/lib/python3.12/site-packages'
[1.643s] Level 1:colcon.colcon_core.environment:checking '/home/ubuntu/ros_workspace/install/first_package_cpp/bin'
[1.643s] INFO:colcon.colcon_core.shell:Creating package script '/home/ubuntu/ros_workspace/install/first_package_cpp/share/first_package_cpp/package.ps1'
[1.644s] INFO:colcon.colcon_core.shell:Creating package descriptor '/home/ubuntu/ros_workspace/install/first_package_cpp/share/first_package_cpp/package.dsv'
[1.645s] INFO:colcon.colcon_core.shell:Creating package script '/home/ubuntu/ros_workspace/install/first_package_cpp/share/first_package_cpp/package.sh'
[1.645s] INFO:colcon.colcon_core.shell:Creating package script '/home/ubuntu/ros_workspace/install/first_package_cpp/share/first_package_cpp/package.bash'
[1.646s] INFO:colcon.colcon_core.shell:Creating package script '/home/ubuntu/ros_workspace/install/first_package_cpp/share/first_package_cpp/package.zsh'
[1.647s] Level 1:colcon.colcon_core.environment:create_file_with_runtime_dependencies(/home/ubuntu/ros_workspace/install/first_package_cpp/share/colcon-core/packages/first_package_cpp)
[1.648s] Level 1:colcon.colcon_core.environment:create_environment_scripts_only(first_package_cpp)
[1.648s] Level 1:colcon.colcon_core.environment:checking '/home/ubuntu/ros_workspace/install/first_package_cpp' for CMake module files
[1.649s] Level 1:colcon.colcon_core.environment:checking '/home/ubuntu/ros_workspace/install/first_package_cpp' for CMake config files
[1.650s] Level 1:colcon.colcon_core.shell:create_environment_hook('first_package_cpp', 'cmake_prefix_path')
[1.650s] INFO:colcon.colcon_core.shell:Creating environment hook '/home/ubuntu/ros_workspace/install/first_package_cpp/share/first_package_cpp/hook/cmake_prefix_path.ps1'
[1.651s] INFO:colcon.colcon_core.shell:Creating environment descriptor '/home/ubuntu/ros_workspace/install/first_package_cpp/share/first_package_cpp/hook/cmake_prefix_path.dsv'
[1.652s] INFO:colcon.colcon_core.shell:Creating environment hook '/home/ubuntu/ros_workspace/install/first_package_cpp/share/first_package_cpp/hook/cmake_prefix_path.sh'
[1.653s] Level 1:colcon.colcon_core.environment:checking '/home/ubuntu/ros_workspace/install/first_package_cpp/lib'
[1.653s] Level 1:colcon.colcon_core.environment:checking '/home/ubuntu/ros_workspace/install/first_package_cpp/bin'
[1.653s] Level 1:colcon.colcon_core.environment:checking '/home/ubuntu/ros_workspace/install/first_package_cpp/lib/pkgconfig/first_package_cpp.pc'
[1.654s] Level 1:colcon.colcon_core.environment:checking '/home/ubuntu/ros_workspace/install/first_package_cpp/lib/python3.12/site-packages'
[1.654s] Level 1:colcon.colcon_core.environment:checking '/home/ubuntu/ros_workspace/install/first_package_cpp/bin'
[1.654s] INFO:colcon.colcon_core.shell:Creating package script '/home/ubuntu/ros_workspace/install/first_package_cpp/share/first_package_cpp/package.ps1'
[1.655s] INFO:colcon.colcon_core.shell:Creating package descriptor '/home/ubuntu/ros_workspace/install/first_package_cpp/share/first_package_cpp/package.dsv'
[1.656s] INFO:colcon.colcon_core.shell:Creating package script '/home/ubuntu/ros_workspace/install/first_package_cpp/share/first_package_cpp/package.sh'
[1.657s] INFO:colcon.colcon_core.shell:Creating package script '/home/ubuntu/ros_workspace/install/first_package_cpp/share/first_package_cpp/package.bash'
[1.658s] INFO:colcon.colcon_core.shell:Creating package script '/home/ubuntu/ros_workspace/install/first_package_cpp/share/first_package_cpp/package.zsh'
[1.659s] Level 1:colcon.colcon_core.environment:create_file_with_runtime_dependencies(/home/ubuntu/ros_workspace/install/first_package_cpp/share/colcon-core/packages/first_package_cpp)
[3.159s] DEBUG:colcon.colcon_core.event_handler.log_command:Invoked command in '/home/ubuntu/ros_workspace/build/turtlesim_controller' returned '2': CMAKE_PREFIX_PATH=${CMAKE_PREFIX_PATH}:/opt/ros/jazzy /usr/bin/cmake --build /home/ubuntu/ros_workspace/build/turtlesim_controller -- -j16 -l16
[3.162s] Level 1:colcon.colcon_core.environment:create_environment_scripts_only(turtlesim_controller)
[3.162s] Level 1:colcon.colcon_core.environment:checking '/home/ubuntu/ros_workspace/install/turtlesim_controller' for CMake module files
[3.164s] Level 1:colcon.colcon_core.environment:checking '/home/ubuntu/ros_workspace/install/turtlesim_controller' for CMake config files
[3.164s] Level 1:colcon.colcon_core.shell:create_environment_hook('turtlesim_controller', 'cmake_prefix_path')
[3.165s] INFO:colcon.colcon_core.shell:Creating environment hook '/home/ubuntu/ros_workspace/install/turtlesim_controller/share/turtlesim_controller/hook/cmake_prefix_path.ps1'
[3.166s] INFO:colcon.colcon_core.shell:Creating environment descriptor '/home/ubuntu/ros_workspace/install/turtlesim_controller/share/turtlesim_controller/hook/cmake_prefix_path.dsv'
[3.166s] INFO:colcon.colcon_core.shell:Creating environment hook '/home/ubuntu/ros_workspace/install/turtlesim_controller/share/turtlesim_controller/hook/cmake_prefix_path.sh'
[3.168s] Level 1:colcon.colcon_core.environment:checking '/home/ubuntu/ros_workspace/install/turtlesim_controller/lib'
[3.168s] Level 1:colcon.colcon_core.environment:checking '/home/ubuntu/ros_workspace/install/turtlesim_controller/bin'
[3.168s] Level 1:colcon.colcon_core.environment:checking '/home/ubuntu/ros_workspace/install/turtlesim_controller/lib/pkgconfig/turtlesim_controller.pc'
[3.168s] Level 1:colcon.colcon_core.environment:checking '/home/ubuntu/ros_workspace/install/turtlesim_controller/lib/python3.12/site-packages'
[3.169s] Level 1:colcon.colcon_core.environment:checking '/home/ubuntu/ros_workspace/install/turtlesim_controller/bin'
[3.169s] INFO:colcon.colcon_core.shell:Creating package script '/home/ubuntu/ros_workspace/install/turtlesim_controller/share/turtlesim_controller/package.ps1'
[3.170s] INFO:colcon.colcon_core.shell:Creating package descriptor '/home/ubuntu/ros_workspace/install/turtlesim_controller/share/turtlesim_controller/package.dsv'
[3.172s] INFO:colcon.colcon_core.shell:Creating package script '/home/ubuntu/ros_workspace/install/turtlesim_controller/share/turtlesim_controller/package.sh'
[3.173s] INFO:colcon.colcon_core.shell:Creating package script '/home/ubuntu/ros_workspace/install/turtlesim_controller/share/turtlesim_controller/package.bash'
[3.174s] INFO:colcon.colcon_core.shell:Creating package script '/home/ubuntu/ros_workspace/install/turtlesim_controller/share/turtlesim_controller/package.zsh'
[3.175s] Level 1:colcon.colcon_core.environment:create_file_with_runtime_dependencies(/home/ubuntu/ros_workspace/install/turtlesim_controller/share/colcon-core/packages/turtlesim_controller)
[3.254s] DEBUG:colcon.colcon_parallel_executor.executor.parallel:closing loop
[3.255s] DEBUG:colcon.colcon_parallel_executor.executor.parallel:loop closed
[3.255s] DEBUG:colcon.colcon_parallel_executor.executor.parallel:run_until_complete finished with '2'
[3.256s] DEBUG:colcon.colcon_core.event_reactor:joining thread
[3.281s] INFO:colcon.colcon_core.plugin_system:Skipping extension 'colcon_notification.desktop_notification.notify_send': Could not find 'notify-send'
[3.281s] INFO:colcon.colcon_core.plugin_system:Skipping extension 'colcon_notification.desktop_notification.terminal_notifier': Not used on non-Darwin systems
[3.282s] INFO:colcon.colcon_core.plugin_system:Skipping extension 'colcon_notification.desktop_notification.win32': Not used on non-Windows systems
[3.282s] INFO:colcon.colcon_notification.desktop_notification:Sending desktop notification using 'notify2'
[3.289s] DEBUG:colcon.colcon_notification.desktop_notification.notify2:Failed to initialize notify2: org.freedesktop.DBus.Error.Spawn.ExecFailed: /usr/bin/dbus-launch terminated abnormally without any error message
[3.289s] DEBUG:colcon.colcon_core.event_reactor:joined thread
[3.290s] INFO:colcon.colcon_core.shell:Creating prefix script '/home/ubuntu/ros_workspace/install/local_setup.ps1'
[3.293s] INFO:colcon.colcon_core.shell:Creating prefix util module '/home/ubuntu/ros_workspace/install/_local_setup_util_ps1.py'
[3.295s] INFO:colcon.colcon_core.shell:Creating prefix chain script '/home/ubuntu/ros_workspace/install/setup.ps1'
[3.298s] INFO:colcon.colcon_core.shell:Creating prefix script '/home/ubuntu/ros_workspace/install/local_setup.sh'
[3.299s] INFO:colcon.colcon_core.shell:Creating prefix util module '/home/ubuntu/ros_workspace/install/_local_setup_util_sh.py'
[3.300s] INFO:colcon.colcon_core.shell:Creating prefix chain script '/home/ubuntu/ros_workspace/install/setup.sh'
[3.303s] INFO:colcon.colcon_core.shell:Creating prefix script '/home/ubuntu/ros_workspace/install/local_setup.bash'
[3.305s] INFO:colcon.colcon_core.shell:Creating prefix chain script '/home/ubuntu/ros_workspace/install/setup.bash'
[3.308s] INFO:colcon.colcon_core.shell:Creating prefix script '/home/ubuntu/ros_workspace/install/local_setup.zsh'
[3.310s] INFO:colcon.colcon_core.shell:Creating prefix chain script '/home/ubuntu/ros_workspace/install/setup.zsh'
