[0.029s] Invoking command in '/home/ubuntu/ros_workspace/build/bme_gazebo_sensors': CMAKE_PREFIX_PATH=${CMAKE_PREFIX_PATH}:/home/ubuntu/ros_workspace/install/exam_example_2:/home/ubuntu/ros_workspace/install/assignment2_rt_py:/home/ubuntu/ros_workspace/install/assignment1_rt_py:/home/ubuntu/ros_workspace/install/python_package:/home/ubuntu/ros_workspace/install/first_package_py:/home/ubuntu/ros_workspace/install/exam_example:/opt/ros/jazzy /usr/bin/cmake --build /home/ubuntu/ros_workspace/build/bme_gazebo_sensors -- -j16 -l16
[0.120s] -- Found ament_cmake: 2.5.4 (/opt/ros/jazzy/share/ament_cmake/cmake)
[0.398s] -- Found ament_lint_auto: 0.17.3 (/opt/ros/jazzy/share/ament_lint_auto/cmake)
[0.532s] -- Added test 'flake8' to check Python code syntax and style conventions
[0.532s] -- Configured 'flake8' exclude dirs and/or files: 
[0.535s] -- Added test 'lint_cmake' to check CMake code style
[0.536s] -- Added test 'pep257' to check Python code against some of the docstring style conventions in PEP 257
[0.546s] -- Added test 'xmllint' to check XML markup files
[0.549s] -- Configuring done (0.4s)
[0.566s] -- Generating done (0.0s)
[0.571s] -- Build files have been written to: /home/ubuntu/ros_workspace/build/bme_gazebo_sensors
[0.615s] Invoked command in '/home/ubuntu/ros_workspace/build/bme_gazebo_sensors' returned '0': CMAKE_PREFIX_PATH=${CMAKE_PREFIX_PATH}:/home/ubuntu/ros_workspace/install/exam_example_2:/home/ubuntu/ros_workspace/install/assignment2_rt_py:/home/ubuntu/ros_workspace/install/assignment1_rt_py:/home/ubuntu/ros_workspace/install/python_package:/home/ubuntu/ros_workspace/install/first_package_py:/home/ubuntu/ros_workspace/install/exam_example:/opt/ros/jazzy /usr/bin/cmake --build /home/ubuntu/ros_workspace/build/bme_gazebo_sensors -- -j16 -l16
[0.633s] Invoking command in '/home/ubuntu/ros_workspace/build/bme_gazebo_sensors': CMAKE_PREFIX_PATH=${CMAKE_PREFIX_PATH}:/home/ubuntu/ros_workspace/install/exam_example_2:/home/ubuntu/ros_workspace/install/assignment2_rt_py:/home/ubuntu/ros_workspace/install/assignment1_rt_py:/home/ubuntu/ros_workspace/install/python_package:/home/ubuntu/ros_workspace/install/first_package_py:/home/ubuntu/ros_workspace/install/exam_example:/opt/ros/jazzy /usr/bin/cmake --install /home/ubuntu/ros_workspace/build/bme_gazebo_sensors
[0.647s] -- Install configuration: ""
[0.647s] -- Up-to-date: /home/ubuntu/ros_workspace/install/bme_gazebo_sensors/share/bme_gazebo_sensors/launch
[0.647s] -- Installing: /home/ubuntu/ros_workspace/install/bme_gazebo_sensors/share/bme_gazebo_sensors/launch/spawn_robot.exam.py
[0.648s] -- Installing: /home/ubuntu/ros_workspace/install/bme_gazebo_sensors/share/bme_gazebo_sensors/launch/world.launch.py
[0.648s] -- Installing: /home/ubuntu/ros_workspace/install/bme_gazebo_sensors/share/bme_gazebo_sensors/launch/spawn_robot.launch.py
[0.648s] -- Up-to-date: /home/ubuntu/ros_workspace/install/bme_gazebo_sensors/share/bme_gazebo_sensors/worlds
[0.648s] -- Installing: /home/ubuntu/ros_workspace/install/bme_gazebo_sensors/share/bme_gazebo_sensors/worlds/empty.sdf
[0.649s] -- Installing: /home/ubuntu/ros_workspace/install/bme_gazebo_sensors/share/bme_gazebo_sensors/worlds/my_world.sdf
[0.649s] -- Installing: /home/ubuntu/ros_workspace/install/bme_gazebo_sensors/share/bme_gazebo_sensors/worlds/world.sdf
[0.650s] -- Installing: /home/ubuntu/ros_workspace/install/bme_gazebo_sensors/share/bme_gazebo_sensors/worlds/my.sdf
[0.650s] -- Installing: /home/ubuntu/ros_workspace/install/bme_gazebo_sensors/share/bme_gazebo_sensors/worlds/home.sdf
[0.650s] -- Up-to-date: /home/ubuntu/ros_workspace/install/bme_gazebo_sensors/share/bme_gazebo_sensors/rviz
[0.651s] -- Installing: /home/ubuntu/ros_workspace/install/bme_gazebo_sensors/share/bme_gazebo_sensors/rviz/urdf.rviz
[0.651s] -- Installing: /home/ubuntu/ros_workspace/install/bme_gazebo_sensors/share/bme_gazebo_sensors/rviz/rviz.rviz
[0.651s] -- Installing: /home/ubuntu/ros_workspace/install/bme_gazebo_sensors/share/bme_gazebo_sensors/rviz/gps.rviz
[0.652s] -- Up-to-date: /home/ubuntu/ros_workspace/install/bme_gazebo_sensors/share/bme_gazebo_sensors/urdf
[0.652s] -- Installing: /home/ubuntu/ros_workspace/install/bme_gazebo_sensors/share/bme_gazebo_sensors/urdf/mogi_bot.gazebo
[0.652s] -- Installing: /home/ubuntu/ros_workspace/install/bme_gazebo_sensors/share/bme_gazebo_sensors/urdf/mogi_bot.urdf
[0.652s] -- Installing: /home/ubuntu/ros_workspace/install/bme_gazebo_sensors/share/bme_gazebo_sensors/urdf/materials.xacro
[0.653s] -- Up-to-date: /home/ubuntu/ros_workspace/install/bme_gazebo_sensors/share/bme_gazebo_sensors/meshes
[0.653s] -- Installing: /home/ubuntu/ros_workspace/install/bme_gazebo_sensors/share/bme_gazebo_sensors/meshes/mogi_bot.dae
[0.653s] -- Installing: /home/ubuntu/ros_workspace/install/bme_gazebo_sensors/share/bme_gazebo_sensors/meshes/wheel.dae
[0.654s] -- Installing: /home/ubuntu/ros_workspace/install/bme_gazebo_sensors/share/bme_gazebo_sensors/meshes/lidar.dae
[0.655s] -- Up-to-date: /home/ubuntu/ros_workspace/install/bme_gazebo_sensors/share/bme_gazebo_sensors/config
[0.656s] -- Installing: /home/ubuntu/ros_workspace/install/bme_gazebo_sensors/share/bme_gazebo_sensors/config/ekf.yaml
[0.656s] -- Up-to-date: /home/ubuntu/ros_workspace/install/bme_gazebo_sensors/share/ament_index/resource_index/package_run_dependencies/bme_gazebo_sensors
[0.656s] -- Installing: /home/ubuntu/ros_workspace/install/bme_gazebo_sensors/share/ament_index/resource_index/parent_prefix_path/bme_gazebo_sensors
[0.657s] -- Up-to-date: /home/ubuntu/ros_workspace/install/bme_gazebo_sensors/share/bme_gazebo_sensors/environment/ament_prefix_path.sh
[0.657s] -- Up-to-date: /home/ubuntu/ros_workspace/install/bme_gazebo_sensors/share/bme_gazebo_sensors/environment/ament_prefix_path.dsv
[0.657s] -- Up-to-date: /home/ubuntu/ros_workspace/install/bme_gazebo_sensors/share/bme_gazebo_sensors/environment/path.sh
[0.657s] -- Up-to-date: /home/ubuntu/ros_workspace/install/bme_gazebo_sensors/share/bme_gazebo_sensors/environment/path.dsv
[0.658s] -- Up-to-date: /home/ubuntu/ros_workspace/install/bme_gazebo_sensors/share/bme_gazebo_sensors/local_setup.bash
[0.658s] -- Up-to-date: /home/ubuntu/ros_workspace/install/bme_gazebo_sensors/share/bme_gazebo_sensors/local_setup.sh
[0.658s] -- Up-to-date: /home/ubuntu/ros_workspace/install/bme_gazebo_sensors/share/bme_gazebo_sensors/local_setup.zsh
[0.658s] -- Up-to-date: /home/ubuntu/ros_workspace/install/bme_gazebo_sensors/share/bme_gazebo_sensors/local_setup.dsv
[0.658s] -- Installing: /home/ubuntu/ros_workspace/install/bme_gazebo_sensors/share/bme_gazebo_sensors/package.dsv
[0.658s] -- Up-to-date: /home/ubuntu/ros_workspace/install/bme_gazebo_sensors/share/ament_index/resource_index/packages/bme_gazebo_sensors
[0.658s] -- Up-to-date: /home/ubuntu/ros_workspace/install/bme_gazebo_sensors/share/bme_gazebo_sensors/cmake/bme_gazebo_sensorsConfig.cmake
[0.658s] -- Up-to-date: /home/ubuntu/ros_workspace/install/bme_gazebo_sensors/share/bme_gazebo_sensors/cmake/bme_gazebo_sensorsConfig-version.cmake
[0.659s] -- Installing: /home/ubuntu/ros_workspace/install/bme_gazebo_sensors/share/bme_gazebo_sensors/package.xml
[0.662s] Invoked command in '/home/ubuntu/ros_workspace/build/bme_gazebo_sensors' returned '0': CMAKE_PREFIX_PATH=${CMAKE_PREFIX_PATH}:/home/ubuntu/ros_workspace/install/exam_example_2:/home/ubuntu/ros_workspace/install/assignment2_rt_py:/home/ubuntu/ros_workspace/install/assignment1_rt_py:/home/ubuntu/ros_workspace/install/python_package:/home/ubuntu/ros_workspace/install/first_package_py:/home/ubuntu/ros_workspace/install/exam_example:/opt/ros/jazzy /usr/bin/cmake --install /home/ubuntu/ros_workspace/build/bme_gazebo_sensors
