[ 16%] Built target cancel_client_exe
[ 33%] Built target server_exe
[ 50%] Built target client_exe
[ 66%] [32mBuilding CXX object CMakeFiles/client.dir/src/action_client.cpp.o[0m
[ 66%] [32mBuilding CXX object CMakeFiles/cancel_client.dir/src/cancel_action.cpp.o[0m
[ 75%] [32mBuilding CXX object CMakeFiles/server.dir/src/action_server.cpp.o[0m
[01m[K/home/ubuntu/ros_workspace/src/tutorial_1_action_cpp/src/cancel_action.cpp:[m[K In constructor ‘[01m[Ktutorial_1_action_cpp::RobotActionCancelClient::[01;32m[KRobotActionCancelClient[m[K(const rclcpp::NodeOptions&)[m[K’:
[01m[K/home/ubuntu/ros_workspace/src/tutorial_1_action_cpp/src/cancel_action.cpp:24:5:[m[K [01;31m[Kerror: [m[K‘[01m[Kclient_[m[K’ was not declared in this scope; did you mean ‘[01m[Kclient_ptr_[m[K’?
   24 |     [01;31m[Kclient_[m[K = rclcpp_action::create_client<Tut1>(this, "tutorial_1_action");
      |     [01;31m[K^~~~~~~[m[K
      |     [32m[Kclient_ptr_[m[K
[01m[K/home/ubuntu/ros_workspace/src/tutorial_1_action_cpp/src/cancel_action.cpp:[m[K In member function ‘[01m[Kvoid tutorial_1_action_cpp::RobotActionCancelClient::[01;32m[Ksend_goal[m[K(float)[m[K’:
[01m[K/home/ubuntu/ros_workspace/src/tutorial_1_action_cpp/src/cancel_action.cpp:42:63:[m[K [01;31m[Kerror: [m[K‘[01m[KTut1ActionClient[m[K’ has not been declared
   42 |         send_goal_options.goal_response_callback = std::bind(&[01;31m[KTut1ActionClient[m[K::goal_response_callback, this, std::placeholders::_1);
      |                                                               [01;31m[K^~~~~~~~~~~~~~~~[m[K
[01m[K/home/ubuntu/ros_workspace/src/tutorial_1_action_cpp/src/cancel_action.cpp:43:58:[m[K [01;31m[Kerror: [m[K‘[01m[KTut1ActionClient[m[K’ has not been declared
   43 |         send_goal_options.feedback_callback = std::bind(&[01;31m[KTut1ActionClient[m[K::feedback_callback, this, std::placeholders::_1, std::placeholders::_2);
      |                                                          [01;31m[K^~~~~~~~~~~~~~~~[m[K
[01m[K/home/ubuntu/ros_workspace/src/tutorial_1_action_cpp/src/cancel_action.cpp:44:56:[m[K [01;31m[Kerror: [m[K‘[01m[KTut1ActionClient[m[K’ has not been declared
   44 |         send_goal_options.result_callback = std::bind(&[01;31m[KTut1ActionClient[m[K::get_result_callback, this, std::placeholders::_1);
      |                                                        [01;31m[K^~~~~~~~~~~~~~~~[m[K
gmake[2]: *** [CMakeFiles/cancel_client.dir/build.make:76: CMakeFiles/cancel_client.dir/src/cancel_action.cpp.o] Error 1
gmake[1]: *** [CMakeFiles/Makefile2:199: CMakeFiles/cancel_client.dir/all] Error 2
gmake[1]: *** Waiting for unfinished jobs....
[ 83%] [32m[1mLinking CXX shared library libclient.so[0m
[ 83%] Built target client
[ 91%] [32m[1mLinking CXX shared library libserver.so[0m
[ 91%] Built target server
gmake: *** [Makefile:146: all] Error 2
