[01m[K/home/ubuntu/ros_workspace/src/turtlesim_controller/src/turtlesim_controller2.cpp:[m[K In constructor ‘[01m[KTurtlesimController::[01;32m[KTurtlesimController[m[K()[m[K’:
[01m[K/home/ubuntu/ros_workspace/src/turtlesim_controller/src/turtlesim_controller2.cpp:18:2:[m[K [01;31m[Kerror: [m[K‘[01m[Kkill_client_[m[K’ was not declared in this scope; did you mean ‘[01m[Krcl_client_t[m[K’?
   18 |  [01;31m[Kkill_client_[m[K = this->create_client<turtlesim::srv::Kill>("kill");
      |  [01;31m[K^~~~~~~~~~~~[m[K
      |  [32m[Krcl_client_t[m[K
[01m[K/home/ubuntu/ros_workspace/src/turtlesim_controller/src/turtlesim_controller2.cpp:19:2:[m[K [01;31m[Kerror: [m[K‘[01m[Kspawn_client_[m[K’ was not declared in this scope
   19 |  [01;31m[Kspawn_client_[m[K = this->create_client<turtlesim::srv::Spawn>("spawn");
      |  [01;31m[K^~~~~~~~~~~~~[m[K
[01m[K/home/ubuntu/ros_workspace/src/turtlesim_controller/src/turtlesim_controller2.cpp:[m[K In member function ‘[01m[Kvoid TurtlesimController::[01;32m[Krespawn_turtle[m[K()[m[K’:
[01m[K/home/ubuntu/ros_workspace/src/turtlesim_controller/src/turtlesim_controller2.cpp:28:13:[m[K [01;31m[Kerror: [m[K‘[01m[Kkill_client_[m[K’ was not declared in this scope; did you mean ‘[01m[Krcl_client_t[m[K’?
   28 |     while (![01;31m[Kkill_client_[m[K->wait_for_service(std::chrono::seconds(1))) {
      |             [01;31m[K^~~~~~~~~~~~[m[K
      |             [32m[Krcl_client_t[m[K
[01m[K/home/ubuntu/ros_workspace/src/turtlesim_controller/src/turtlesim_controller2.cpp:31:5:[m[K [01;31m[Kerror: [m[K‘[01m[Kkill_client_[m[K’ was not declared in this scope; did you mean ‘[01m[Krcl_client_t[m[K’?
   31 |     [01;31m[Kkill_client_[m[K->async_send_request(kill_request);
      |     [01;31m[K^~~~~~~~~~~~[m[K
      |     [32m[Krcl_client_t[m[K
[01m[K/home/ubuntu/ros_workspace/src/turtlesim_controller/src/turtlesim_controller2.cpp:39:13:[m[K [01;31m[Kerror: [m[K‘[01m[Kspawn_client_[m[K’ was not declared in this scope
   39 |     while (![01;31m[Kspawn_client_[m[K->wait_for_service(std::chrono::seconds(1))) {
      |             [01;31m[K^~~~~~~~~~~~~[m[K
[01m[K/home/ubuntu/ros_workspace/src/turtlesim_controller/src/turtlesim_controller2.cpp:44:33:[m[K [01;31m[Kerror: [m[K‘[01m[Kspawn_client_[m[K’ was not declared in this scope
   44 |      auto spawn_result_future = [01;31m[Kspawn_client_[m[K->async_send_request(spawn_request);
      |                                 [01;31m[K^~~~~~~~~~~~~[m[K
gmake[2]: *** [CMakeFiles/turtlesim_controller2.dir/build.make:76: CMakeFiles/turtlesim_controller2.dir/src/turtlesim_controller2.cpp.o] Error 1
gmake[1]: *** [CMakeFiles/Makefile2:169: CMakeFiles/turtlesim_controller2.dir/all] Error 2
gmake: *** [Makefile:146: all] Error 2
