-- Found ament_cmake: 2.5.4 (/opt/ros/jazzy/share/ament_cmake/cmake)
-- Found rclcpp: 28.1.11 (/opt/ros/jazzy/share/rclcpp/cmake)
-- Found rosidl_generator_c: 4.6.6 (/opt/ros/jazzy/share/rosidl_generator_c/cmake)
-- Found rosidl_generator_cpp: 4.6.6 (/opt/ros/jazzy/share/rosidl_generator_cpp/cmake)
-- Using all available rosidl_typesupport_c: rosidl_typesupport_fastrtps_c;rosidl_typesupport_introspection_c
-- Using all available rosidl_typesupport_cpp: rosidl_typesupport_fastrtps_cpp;rosidl_typesupport_introspection_cpp
-- Found rmw_implementation_cmake: 7.3.2 (/opt/ros/jazzy/share/rmw_implementation_cmake/cmake)
-- Found rmw_fastrtps_cpp: 8.4.3 (/opt/ros/jazzy/share/rmw_fastrtps_cpp/cmake)
-- Using RMW implementation 'rmw_fastrtps_cpp' as default
-- Found tf2: 0.36.14 (/opt/ros/jazzy/share/tf2/cmake)
-- Found tf2_ros: 0.36.19 (/opt/ros/jazzy/share/tf2_ros/cmake)
-- Found tf2_geometry_msgs: 0.36.14 (/opt/ros/jazzy/share/tf2_geometry_msgs/cmake)
-- Found eigen3_cmake_module: 0.3.0 (/opt/ros/jazzy/share/eigen3_cmake_module/cmake)
-- Ensuring Eigen3 include directory is part of orocos-kdl CMake target
-- Found action_tutorials_interfaces: 0.0.0 (/home/ubuntu/ros_workspace/install/action_tutorials_interfaces/share/action_tutorials_interfaces/cmake)
-- Found nav_msgs: 5.3.6 (/opt/ros/jazzy/share/nav_msgs/cmake)
-- Found ament_lint_auto: 0.17.3 (/opt/ros/jazzy/share/ament_lint_auto/cmake)
-- Added test 'cppcheck' to perform static code analysis on C / C++ code
-- Configured cppcheck include dirs: 
-- Configured cppcheck exclude dirs and/or files: 
-- Added test 'flake8' to check Python code syntax and style conventions
-- Configured 'flake8' exclude dirs and/or files: 
-- Added test 'lint_cmake' to check CMake code style
-- Added test 'pep257' to check Python code against some of the docstring style conventions in PEP 257
-- Added test 'uncrustify' to check C / C++ code style
-- Configured uncrustify additional arguments: 
-- Added test 'xmllint' to check XML markup files
-- Configuring done (1.3s)
-- Generating done (0.1s)
-- Build files have been written to: /home/ubuntu/ros_workspace/build/assignment_1_rt2
[  8%] [32mBuilding CXX object CMakeFiles/cancel_client.dir/src/cancel_action.cpp.o[0m
[ 16%] [32mBuilding CXX object CMakeFiles/cancel_client_exe.dir/rclcpp_components/node_main_cancel_client_exe.cpp.o[0m
[ 41%] Built target server_exe
[ 50%] Built target client
[ 66%] Built target client_exe
[ 83%] Built target server
[01m[K/home/ubuntu/ros_workspace/src/assignment_1_rt2/src/cancel_action.cpp:[m[K In constructor ‘[01m[Kassignment_1_rt2::RobotActionCancelClient::[01;32m[KRobotActionCancelClient[m[K(const rclcpp::NodeOptions&)[m[K’:
[01m[K/home/ubuntu/ros_workspace/src/assignment_1_rt2/src/cancel_action.cpp:25:5:[m[K [01;31m[Kerror: [m[K‘[01m[Ksubscribe_user_interface_[m[K’ was not declared in this scope
   25 |     [01;31m[Ksubscribe_user_interface_[m[K = this->create_subscription<std_msgs::msg::String>(
      |     [01;31m[K^~~~~~~~~~~~~~~~~~~~~~~~~[m[K
[01m[K/home/ubuntu/ros_workspace/src/assignment_1_rt2/src/cancel_action.cpp:26:94:[m[K [01;31m[Kerror: [m[K‘[01m[K_1[m[K’ was not declared in this scope; did you mean ‘[01m[Kstd::placeholders::_1[m[K’?
   26 |       "cancel_topic", 10, std::bind(&RobotActionCancelClient::user_interface_callback, this, [01;31m[K_1[m[K));
      |                                                                                              [01;31m[K^~[m[K
      |                                                                                              [32m[Kstd::placeholders::_1[m[K
In file included from [01m[K/opt/ros/jazzy/include/rclcpp/rclcpp/utilities.hpp:19[m[K,
                 from [01m[K/opt/ros/jazzy/include/rclcpp/rclcpp/logging.hpp:25[m[K,
                 from [01m[K/opt/ros/jazzy/include/rclcpp/rclcpp/copy_all_parameter_values.hpp:27[m[K,
                 from [01m[K/opt/ros/jazzy/include/rclcpp/rclcpp/rclcpp.hpp:171[m[K,
                 from [01m[K/home/ubuntu/ros_workspace/src/assignment_1_rt2/src/cancel_action.cpp:3[m[K:
[01m[K/usr/include/c++/13/functional:294:48:[m[K [01;36m[Knote: [m[K‘[01m[Kstd::placeholders::_1[m[K’ declared here
  294 |     _GLIBCXX_PLACEHOLDER const _Placeholder<1> [01;36m[K_1[m[K;
      |                                                [01;36m[K^~[m[K
[01m[K/home/ubuntu/ros_workspace/src/assignment_1_rt2/src/cancel_action.cpp:[m[K In member function ‘[01m[Kvoid assignment_1_rt2::RobotActionCancelClient::[01;32m[Ksend_goal[m[K(float)[m[K’:
[01m[K/home/ubuntu/ros_workspace/src/assignment_1_rt2/src/cancel_action.cpp:38:18:[m[K [01;31m[Kerror: [m[K‘[01m[Kstruct action_tutorials_interfaces::action::Assignment1RT2_Goal_<std::allocator<void> >[m[K’ has no member named ‘[01m[Kgoal[m[K’
   38 |         goal_msg.[01;31m[Kgoal[m[K = target_goal;
      |                  [01;31m[K^~~~[m[K
[ 91%] [32m[1mLinking CXX executable cancel_client_exe[0m
[ 91%] Built target cancel_client_exe
gmake[2]: *** [CMakeFiles/cancel_client.dir/build.make:76: CMakeFiles/cancel_client.dir/src/cancel_action.cpp.o] Error 1
gmake[1]: *** [CMakeFiles/Makefile2:199: CMakeFiles/cancel_client.dir/all] Error 2
gmake: *** [Makefile:146: all] Error 2
