[0.391s] Invoking command in '/home/ubuntu/ros_workspace/build/turtlesim_controller': CMAKE_PREFIX_PATH=${CMAKE_PREFIX_PATH}:/home/ubuntu/ros_workspace/install/python_package:/opt/ros/jazzy /usr/bin/cmake --build /home/ubuntu/ros_workspace/build/turtlesim_controller -- -j16 -l16
[0.543s] [ 50%] [32mBuilding CXX object CMakeFiles/turtlesim_controller.dir/src/turtlesim_controller.cpp.o[0m
[10.067s] [100%] [32m[1mLinking CXX executable turtlesim_controller[0m
[10.491s] [100%] Built target turtlesim_controller
[10.529s] Invoked command in '/home/ubuntu/ros_workspace/build/turtlesim_controller' returned '0': CMAKE_PREFIX_PATH=${CMAKE_PREFIX_PATH}:/home/ubuntu/ros_workspace/install/python_package:/opt/ros/jazzy /usr/bin/cmake --build /home/ubuntu/ros_workspace/build/turtlesim_controller -- -j16 -l16
[10.530s] Invoking command in '/home/ubuntu/ros_workspace/build/turtlesim_controller': CMAKE_PREFIX_PATH=${CMAKE_PREFIX_PATH}:/home/ubuntu/ros_workspace/install/python_package:/opt/ros/jazzy /usr/bin/cmake --install /home/ubuntu/ros_workspace/build/turtlesim_controller
[10.546s] -- Install configuration: ""
[10.546s] -- Installing: /home/ubuntu/ros_workspace/install/turtlesim_controller/lib/turtlesim_controller/turtlesim_controller
[10.557s] -- Set non-toolchain portion of runtime path of "/home/ubuntu/ros_workspace/install/turtlesim_controller/lib/turtlesim_controller/turtlesim_controller" to ""
[10.558s] -- Up-to-date: /home/ubuntu/ros_workspace/install/turtlesim_controller/share/ament_index/resource_index/package_run_dependencies/turtlesim_controller
[10.558s] -- Up-to-date: /home/ubuntu/ros_workspace/install/turtlesim_controller/share/ament_index/resource_index/parent_prefix_path/turtlesim_controller
[10.558s] -- Up-to-date: /home/ubuntu/ros_workspace/install/turtlesim_controller/share/turtlesim_controller/environment/ament_prefix_path.sh
[10.558s] -- Up-to-date: /home/ubuntu/ros_workspace/install/turtlesim_controller/share/turtlesim_controller/environment/ament_prefix_path.dsv
[10.559s] -- Up-to-date: /home/ubuntu/ros_workspace/install/turtlesim_controller/share/turtlesim_controller/environment/path.sh
[10.559s] -- Up-to-date: /home/ubuntu/ros_workspace/install/turtlesim_controller/share/turtlesim_controller/environment/path.dsv
[10.559s] -- Up-to-date: /home/ubuntu/ros_workspace/install/turtlesim_controller/share/turtlesim_controller/local_setup.bash
[10.559s] -- Up-to-date: /home/ubuntu/ros_workspace/install/turtlesim_controller/share/turtlesim_controller/local_setup.sh
[10.560s] -- Up-to-date: /home/ubuntu/ros_workspace/install/turtlesim_controller/share/turtlesim_controller/local_setup.zsh
[10.560s] -- Up-to-date: /home/ubuntu/ros_workspace/install/turtlesim_controller/share/turtlesim_controller/local_setup.dsv
[10.560s] -- Installing: /home/ubuntu/ros_workspace/install/turtlesim_controller/share/turtlesim_controller/package.dsv
[10.560s] -- Up-to-date: /home/ubuntu/ros_workspace/install/turtlesim_controller/share/ament_index/resource_index/packages/turtlesim_controller
[10.560s] -- Up-to-date: /home/ubuntu/ros_workspace/install/turtlesim_controller/share/turtlesim_controller/cmake/turtlesim_controllerConfig.cmake
[10.560s] -- Up-to-date: /home/ubuntu/ros_workspace/install/turtlesim_controller/share/turtlesim_controller/cmake/turtlesim_controllerConfig-version.cmake
[10.560s] -- Up-to-date: /home/ubuntu/ros_workspace/install/turtlesim_controller/share/turtlesim_controller/package.xml
[10.563s] Invoked command in '/home/ubuntu/ros_workspace/build/turtlesim_controller' returned '0': CMAKE_PREFIX_PATH=${CMAKE_PREFIX_PATH}:/home/ubuntu/ros_workspace/install/python_package:/opt/ros/jazzy /usr/bin/cmake --install /home/ubuntu/ros_workspace/build/turtlesim_controller
