[0.019s] Invoking command in '/home/ubuntu/ros_workspace/build/robot_custom_msgs': CMAKE_PREFIX_PATH=${CMAKE_PREFIX_PATH}:/home/ubuntu/ros_workspace/install/exam_example_2:/home/ubuntu/ros_workspace/install/assignment2_rt_py:/home/ubuntu/ros_workspace/install/python_package:/home/ubuntu/ros_workspace/install/first_package_py:/home/ubuntu/ros_workspace/install/exam_example:/home/ubuntu/ros_workspace/install/assignment1_rt_py:/opt/ros/jazzy /usr/bin/cmake --build /home/ubuntu/ros_workspace/build/robot_custom_msgs -- -j16 -l16
[0.101s] [  1%] Built target robot_custom_msgs__rosidl_generator_type_description
[0.123s] [  1%] Built target ament_cmake_python_copy_robot_custom_msgs
[0.139s] [  3%] Built target robot_custom_msgs__cpp
[0.140s] [ 25%] Built target robot_custom_msgs__rosidl_generator_c
[0.181s] [ 59%] Built target robot_custom_msgs__rosidl_typesupport_introspection_c
[0.181s] [ 62%] Built target robot_custom_msgs__rosidl_typesupport_c
[0.181s] [ 62%] Built target robot_custom_msgs__rosidl_typesupport_introspection_cpp
[0.181s] [ 62%] Built target robot_custom_msgs__rosidl_typesupport_cpp
[0.182s] [ 71%] Built target robot_custom_msgs__rosidl_typesupport_fastrtps_cpp
[0.183s] [ 81%] Built target robot_custom_msgs__rosidl_typesupport_fastrtps_c
[0.224s] [ 81%] Built target robot_custom_msgs
[0.263s] [ 82%] Built target robot_custom_msgs__py
[0.304s] [ 90%] Built target robot_custom_msgs__rosidl_generator_py
[0.343s] [ 93%] Built target robot_custom_msgs_s__rosidl_typesupport_c
[0.343s] [ 96%] Built target robot_custom_msgs_s__rosidl_typesupport_introspection_c
[0.343s] [100%] Built target robot_custom_msgs_s__rosidl_typesupport_fastrtps_c
[0.344s] running egg_info
[0.362s] writing robot_custom_msgs.egg-info/PKG-INFO
[0.362s] writing dependency_links to robot_custom_msgs.egg-info/dependency_links.txt
[0.363s] writing top-level names to robot_custom_msgs.egg-info/top_level.txt
[0.413s] reading manifest file 'robot_custom_msgs.egg-info/SOURCES.txt'
[0.414s] writing manifest file 'robot_custom_msgs.egg-info/SOURCES.txt'
[0.450s] [100%] Built target ament_cmake_python_build_robot_custom_msgs_egg
[0.471s] Invoked command in '/home/ubuntu/ros_workspace/build/robot_custom_msgs' returned '0': CMAKE_PREFIX_PATH=${CMAKE_PREFIX_PATH}:/home/ubuntu/ros_workspace/install/exam_example_2:/home/ubuntu/ros_workspace/install/assignment2_rt_py:/home/ubuntu/ros_workspace/install/python_package:/home/ubuntu/ros_workspace/install/first_package_py:/home/ubuntu/ros_workspace/install/exam_example:/home/ubuntu/ros_workspace/install/assignment1_rt_py:/opt/ros/jazzy /usr/bin/cmake --build /home/ubuntu/ros_workspace/build/robot_custom_msgs -- -j16 -l16
[0.489s] Invoking command in '/home/ubuntu/ros_workspace/build/robot_custom_msgs': CMAKE_PREFIX_PATH=${CMAKE_PREFIX_PATH}:/home/ubuntu/ros_workspace/install/exam_example_2:/home/ubuntu/ros_workspace/install/assignment2_rt_py:/home/ubuntu/ros_workspace/install/python_package:/home/ubuntu/ros_workspace/install/first_package_py:/home/ubuntu/ros_workspace/install/exam_example:/home/ubuntu/ros_workspace/install/assignment1_rt_py:/opt/ros/jazzy /usr/bin/cmake --install /home/ubuntu/ros_workspace/build/robot_custom_msgs
[0.505s] -- Install configuration: ""
[0.505s] -- Up-to-date: /home/ubuntu/ros_workspace/install/robot_custom_msgs/share/ament_index/resource_index/rosidl_interfaces/robot_custom_msgs
[0.505s] -- Up-to-date: /home/ubuntu/ros_workspace/install/robot_custom_msgs/share/robot_custom_msgs/msg/Custom.json
[0.506s] -- Up-to-date: /home/ubuntu/ros_workspace/install/robot_custom_msgs/share/robot_custom_msgs/srv/Velocity.json
[0.506s] -- Up-to-date: /home/ubuntu/ros_workspace/install/robot_custom_msgs/share/robot_custom_msgs/srv/Average.json
[0.506s] -- Up-to-date: /home/ubuntu/ros_workspace/install/robot_custom_msgs/share/robot_custom_msgs/srv/Threshold.json
[0.506s] -- Up-to-date: /home/ubuntu/ros_workspace/install/robot_custom_msgs/include/robot_custom_msgs/robot_custom_msgs
[0.507s] -- Up-to-date: /home/ubuntu/ros_workspace/install/robot_custom_msgs/include/robot_custom_msgs/robot_custom_msgs/srv
[0.507s] -- Up-to-date: /home/ubuntu/ros_workspace/install/robot_custom_msgs/include/robot_custom_msgs/robot_custom_msgs/srv/detail
[0.507s] -- Up-to-date: /home/ubuntu/ros_workspace/install/robot_custom_msgs/include/robot_custom_msgs/robot_custom_msgs/srv/detail/velocity__struct.h
[0.507s] -- Up-to-date: /home/ubuntu/ros_workspace/install/robot_custom_msgs/include/robot_custom_msgs/robot_custom_msgs/srv/detail/average__functions.h
[0.507s] -- Up-to-date: /home/ubuntu/ros_workspace/install/robot_custom_msgs/include/robot_custom_msgs/robot_custom_msgs/srv/detail/average__type_support.h
[0.508s] -- Up-to-date: /home/ubuntu/ros_workspace/install/robot_custom_msgs/include/robot_custom_msgs/robot_custom_msgs/srv/detail/threshold__description.c
[0.508s] -- Up-to-date: /home/ubuntu/ros_workspace/install/robot_custom_msgs/include/robot_custom_msgs/robot_custom_msgs/srv/detail/threshold__functions.c
[0.508s] -- Up-to-date: /home/ubuntu/ros_workspace/install/robot_custom_msgs/include/robot_custom_msgs/robot_custom_msgs/srv/detail/threshold__type_support.h
[0.508s] -- Up-to-date: /home/ubuntu/ros_workspace/install/robot_custom_msgs/include/robot_custom_msgs/robot_custom_msgs/srv/detail/velocity__description.c
[0.508s] -- Up-to-date: /home/ubuntu/ros_workspace/install/robot_custom_msgs/include/robot_custom_msgs/robot_custom_msgs/srv/detail/threshold__type_support.c
[0.509s] -- Up-to-date: /home/ubuntu/ros_workspace/install/robot_custom_msgs/include/robot_custom_msgs/robot_custom_msgs/srv/detail/average__type_support.c
[0.509s] -- Up-to-date: /home/ubuntu/ros_workspace/install/robot_custom_msgs/include/robot_custom_msgs/robot_custom_msgs/srv/detail/velocity__type_support.h
[0.509s] -- Up-to-date: /home/ubuntu/ros_workspace/install/robot_custom_msgs/include/robot_custom_msgs/robot_custom_msgs/srv/detail/velocity__functions.h
[0.509s] -- Up-to-date: /home/ubuntu/ros_workspace/install/robot_custom_msgs/include/robot_custom_msgs/robot_custom_msgs/srv/detail/threshold__struct.h
[0.509s] -- Up-to-date: /home/ubuntu/ros_workspace/install/robot_custom_msgs/include/robot_custom_msgs/robot_custom_msgs/srv/detail/velocity__type_support.c
[0.509s] -- Up-to-date: /home/ubuntu/ros_workspace/install/robot_custom_msgs/include/robot_custom_msgs/robot_custom_msgs/srv/detail/velocity__functions.c
[0.509s] -- Up-to-date: /home/ubuntu/ros_workspace/install/robot_custom_msgs/include/robot_custom_msgs/robot_custom_msgs/srv/detail/average__functions.c
[0.510s] -- Up-to-date: /home/ubuntu/ros_workspace/install/robot_custom_msgs/include/robot_custom_msgs/robot_custom_msgs/srv/detail/threshold__functions.h
[0.510s] -- Up-to-date: /home/ubuntu/ros_workspace/install/robot_custom_msgs/include/robot_custom_msgs/robot_custom_msgs/srv/detail/average__description.c
[0.511s] -- Up-to-date: /home/ubuntu/ros_workspace/install/robot_custom_msgs/include/robot_custom_msgs/robot_custom_msgs/srv/detail/average__struct.h
[0.511s] -- Up-to-date: /home/ubuntu/ros_workspace/install/robot_custom_msgs/include/robot_custom_msgs/robot_custom_msgs/srv/velocity.h
[0.511s] -- Up-to-date: /home/ubuntu/ros_workspace/install/robot_custom_msgs/include/robot_custom_msgs/robot_custom_msgs/srv/threshold.h
[0.511s] -- Up-to-date: /home/ubuntu/ros_workspace/install/robot_custom_msgs/include/robot_custom_msgs/robot_custom_msgs/srv/average.h
[0.511s] -- Up-to-date: /home/ubuntu/ros_workspace/install/robot_custom_msgs/include/robot_custom_msgs/robot_custom_msgs/msg
[0.511s] -- Up-to-date: /home/ubuntu/ros_workspace/install/robot_custom_msgs/include/robot_custom_msgs/robot_custom_msgs/msg/detail
[0.511s] -- Up-to-date: /home/ubuntu/ros_workspace/install/robot_custom_msgs/include/robot_custom_msgs/robot_custom_msgs/msg/detail/custom__description.c
[0.512s] -- Up-to-date: /home/ubuntu/ros_workspace/install/robot_custom_msgs/include/robot_custom_msgs/robot_custom_msgs/msg/detail/custom__type_support.c
[0.512s] -- Up-to-date: /home/ubuntu/ros_workspace/install/robot_custom_msgs/include/robot_custom_msgs/robot_custom_msgs/msg/detail/custom__functions.c
[0.512s] -- Up-to-date: /home/ubuntu/ros_workspace/install/robot_custom_msgs/include/robot_custom_msgs/robot_custom_msgs/msg/detail/custom__type_support.h
[0.512s] -- Up-to-date: /home/ubuntu/ros_workspace/install/robot_custom_msgs/include/robot_custom_msgs/robot_custom_msgs/msg/detail/custom__functions.h
[0.512s] -- Up-to-date: /home/ubuntu/ros_workspace/install/robot_custom_msgs/include/robot_custom_msgs/robot_custom_msgs/msg/detail/custom__struct.h
[0.512s] -- Up-to-date: /home/ubuntu/ros_workspace/install/robot_custom_msgs/include/robot_custom_msgs/robot_custom_msgs/msg/custom.h
[0.513s] -- Up-to-date: /home/ubuntu/ros_workspace/install/robot_custom_msgs/include/robot_custom_msgs/robot_custom_msgs/msg/rosidl_generator_c__visibility_control.h
[0.513s] -- Up-to-date: /home/ubuntu/ros_workspace/install/robot_custom_msgs/share/robot_custom_msgs/environment/library_path.sh
[0.513s] -- Up-to-date: /home/ubuntu/ros_workspace/install/robot_custom_msgs/share/robot_custom_msgs/environment/library_path.dsv
[0.513s] -- Up-to-date: /home/ubuntu/ros_workspace/install/robot_custom_msgs/lib/librobot_custom_msgs__rosidl_generator_c.so
[0.513s] -- Up-to-date: /home/ubuntu/ros_workspace/install/robot_custom_msgs/include/robot_custom_msgs/robot_custom_msgs
[0.513s] -- Up-to-date: /home/ubuntu/ros_workspace/install/robot_custom_msgs/include/robot_custom_msgs/robot_custom_msgs/srv
[0.514s] -- Up-to-date: /home/ubuntu/ros_workspace/install/robot_custom_msgs/include/robot_custom_msgs/robot_custom_msgs/srv/detail
[0.514s] -- Up-to-date: /home/ubuntu/ros_workspace/install/robot_custom_msgs/include/robot_custom_msgs/robot_custom_msgs/srv/detail/velocity__rosidl_typesupport_fastrtps_c.h
[0.514s] -- Up-to-date: /home/ubuntu/ros_workspace/install/robot_custom_msgs/include/robot_custom_msgs/robot_custom_msgs/srv/detail/average__rosidl_typesupport_fastrtps_c.h
[0.514s] -- Up-to-date: /home/ubuntu/ros_workspace/install/robot_custom_msgs/include/robot_custom_msgs/robot_custom_msgs/srv/detail/threshold__rosidl_typesupport_fastrtps_c.h
[0.515s] -- Up-to-date: /home/ubuntu/ros_workspace/install/robot_custom_msgs/include/robot_custom_msgs/robot_custom_msgs/msg
[0.515s] -- Up-to-date: /home/ubuntu/ros_workspace/install/robot_custom_msgs/include/robot_custom_msgs/robot_custom_msgs/msg/detail
[0.515s] -- Up-to-date: /home/ubuntu/ros_workspace/install/robot_custom_msgs/include/robot_custom_msgs/robot_custom_msgs/msg/detail/custom__rosidl_typesupport_fastrtps_c.h
[0.515s] -- Up-to-date: /home/ubuntu/ros_workspace/install/robot_custom_msgs/include/robot_custom_msgs/robot_custom_msgs/msg/rosidl_typesupport_fastrtps_c__visibility_control.h
[0.516s] -- Up-to-date: /home/ubuntu/ros_workspace/install/robot_custom_msgs/lib/librobot_custom_msgs__rosidl_typesupport_fastrtps_c.so
[0.516s] -- Up-to-date: /home/ubuntu/ros_workspace/install/robot_custom_msgs/include/robot_custom_msgs/robot_custom_msgs
[0.516s] -- Up-to-date: /home/ubuntu/ros_workspace/install/robot_custom_msgs/include/robot_custom_msgs/robot_custom_msgs/srv
[0.516s] -- Up-to-date: /home/ubuntu/ros_workspace/install/robot_custom_msgs/include/robot_custom_msgs/robot_custom_msgs/srv/detail
[0.516s] -- Up-to-date: /home/ubuntu/ros_workspace/install/robot_custom_msgs/include/robot_custom_msgs/robot_custom_msgs/srv/detail/threshold__rosidl_typesupport_introspection_c.h
[0.517s] -- Up-to-date: /home/ubuntu/ros_workspace/install/robot_custom_msgs/include/robot_custom_msgs/robot_custom_msgs/srv/detail/threshold__type_support.c
[0.517s] -- Up-to-date: /home/ubuntu/ros_workspace/install/robot_custom_msgs/include/robot_custom_msgs/robot_custom_msgs/srv/detail/average__rosidl_typesupport_introspection_c.h
[0.517s] -- Up-to-date: /home/ubuntu/ros_workspace/install/robot_custom_msgs/include/robot_custom_msgs/robot_custom_msgs/srv/detail/average__type_support.c
[0.517s] -- Up-to-date: /home/ubuntu/ros_workspace/install/robot_custom_msgs/include/robot_custom_msgs/robot_custom_msgs/srv/detail/velocity__type_support.c
[0.517s] -- Up-to-date: /home/ubuntu/ros_workspace/install/robot_custom_msgs/include/robot_custom_msgs/robot_custom_msgs/srv/detail/velocity__rosidl_typesupport_introspection_c.h
[0.517s] -- Up-to-date: /home/ubuntu/ros_workspace/install/robot_custom_msgs/include/robot_custom_msgs/robot_custom_msgs/msg
[0.517s] -- Up-to-date: /home/ubuntu/ros_workspace/install/robot_custom_msgs/include/robot_custom_msgs/robot_custom_msgs/msg/detail
[0.518s] -- Up-to-date: /home/ubuntu/ros_workspace/install/robot_custom_msgs/include/robot_custom_msgs/robot_custom_msgs/msg/detail/custom__rosidl_typesupport_introspection_c.h
[0.518s] -- Up-to-date: /home/ubuntu/ros_workspace/install/robot_custom_msgs/include/robot_custom_msgs/robot_custom_msgs/msg/detail/custom__type_support.c
[0.518s] -- Up-to-date: /home/ubuntu/ros_workspace/install/robot_custom_msgs/include/robot_custom_msgs/robot_custom_msgs/msg/rosidl_typesupport_introspection_c__visibility_control.h
[0.518s] -- Up-to-date: /home/ubuntu/ros_workspace/install/robot_custom_msgs/lib/librobot_custom_msgs__rosidl_typesupport_introspection_c.so
[0.519s] -- Up-to-date: /home/ubuntu/ros_workspace/install/robot_custom_msgs/lib/librobot_custom_msgs__rosidl_typesupport_c.so
[0.519s] -- Up-to-date: /home/ubuntu/ros_workspace/install/robot_custom_msgs/include/robot_custom_msgs/robot_custom_msgs
[0.519s] -- Up-to-date: /home/ubuntu/ros_workspace/install/robot_custom_msgs/include/robot_custom_msgs/robot_custom_msgs/srv
[0.519s] -- Up-to-date: /home/ubuntu/ros_workspace/install/robot_custom_msgs/include/robot_custom_msgs/robot_custom_msgs/srv/detail
[0.519s] -- Up-to-date: /home/ubuntu/ros_workspace/install/robot_custom_msgs/include/robot_custom_msgs/robot_custom_msgs/srv/detail/threshold__struct.hpp
[0.520s] -- Up-to-date: /home/ubuntu/ros_workspace/install/robot_custom_msgs/include/robot_custom_msgs/robot_custom_msgs/srv/detail/average__struct.hpp
[0.520s] -- Up-to-date: /home/ubuntu/ros_workspace/install/robot_custom_msgs/include/robot_custom_msgs/robot_custom_msgs/srv/detail/average__type_support.hpp
[0.520s] -- Up-to-date: /home/ubuntu/ros_workspace/install/robot_custom_msgs/include/robot_custom_msgs/robot_custom_msgs/srv/detail/threshold__builder.hpp
[0.520s] -- Up-to-date: /home/ubuntu/ros_workspace/install/robot_custom_msgs/include/robot_custom_msgs/robot_custom_msgs/srv/detail/velocity__traits.hpp
[0.521s] -- Up-to-date: /home/ubuntu/ros_workspace/install/robot_custom_msgs/include/robot_custom_msgs/robot_custom_msgs/srv/detail/threshold__type_support.hpp
[0.521s] -- Up-to-date: /home/ubuntu/ros_workspace/install/robot_custom_msgs/include/robot_custom_msgs/robot_custom_msgs/srv/detail/threshold__traits.hpp
[0.521s] -- Up-to-date: /home/ubuntu/ros_workspace/install/robot_custom_msgs/include/robot_custom_msgs/robot_custom_msgs/srv/detail/velocity__type_support.hpp
[0.521s] -- Up-to-date: /home/ubuntu/ros_workspace/install/robot_custom_msgs/include/robot_custom_msgs/robot_custom_msgs/srv/detail/average__traits.hpp
[0.521s] -- Up-to-date: /home/ubuntu/ros_workspace/install/robot_custom_msgs/include/robot_custom_msgs/robot_custom_msgs/srv/detail/average__builder.hpp
[0.521s] -- Up-to-date: /home/ubuntu/ros_workspace/install/robot_custom_msgs/include/robot_custom_msgs/robot_custom_msgs/srv/detail/velocity__builder.hpp
[0.521s] -- Up-to-date: /home/ubuntu/ros_workspace/install/robot_custom_msgs/include/robot_custom_msgs/robot_custom_msgs/srv/detail/velocity__struct.hpp
[0.522s] -- Up-to-date: /home/ubuntu/ros_workspace/install/robot_custom_msgs/include/robot_custom_msgs/robot_custom_msgs/srv/threshold.hpp
[0.522s] -- Up-to-date: /home/ubuntu/ros_workspace/install/robot_custom_msgs/include/robot_custom_msgs/robot_custom_msgs/srv/velocity.hpp
[0.522s] -- Up-to-date: /home/ubuntu/ros_workspace/install/robot_custom_msgs/include/robot_custom_msgs/robot_custom_msgs/srv/average.hpp
[0.522s] -- Up-to-date: /home/ubuntu/ros_workspace/install/robot_custom_msgs/include/robot_custom_msgs/robot_custom_msgs/msg
[0.522s] -- Up-to-date: /home/ubuntu/ros_workspace/install/robot_custom_msgs/include/robot_custom_msgs/robot_custom_msgs/msg/detail
[0.523s] -- Up-to-date: /home/ubuntu/ros_workspace/install/robot_custom_msgs/include/robot_custom_msgs/robot_custom_msgs/msg/detail/custom__builder.hpp
[0.523s] -- Up-to-date: /home/ubuntu/ros_workspace/install/robot_custom_msgs/include/robot_custom_msgs/robot_custom_msgs/msg/detail/custom__struct.hpp
[0.523s] -- Up-to-date: /home/ubuntu/ros_workspace/install/robot_custom_msgs/include/robot_custom_msgs/robot_custom_msgs/msg/detail/custom__traits.hpp
[0.523s] -- Up-to-date: /home/ubuntu/ros_workspace/install/robot_custom_msgs/include/robot_custom_msgs/robot_custom_msgs/msg/detail/custom__type_support.hpp
[0.523s] -- Up-to-date: /home/ubuntu/ros_workspace/install/robot_custom_msgs/include/robot_custom_msgs/robot_custom_msgs/msg/custom.hpp
[0.523s] -- Up-to-date: /home/ubuntu/ros_workspace/install/robot_custom_msgs/include/robot_custom_msgs/robot_custom_msgs/msg/rosidl_generator_cpp__visibility_control.hpp
[0.523s] -- Up-to-date: /home/ubuntu/ros_workspace/install/robot_custom_msgs/include/robot_custom_msgs/robot_custom_msgs
[0.523s] -- Up-to-date: /home/ubuntu/ros_workspace/install/robot_custom_msgs/include/robot_custom_msgs/robot_custom_msgs/srv
[0.523s] -- Up-to-date: /home/ubuntu/ros_workspace/install/robot_custom_msgs/include/robot_custom_msgs/robot_custom_msgs/srv/detail
[0.523s] -- Up-to-date: /home/ubuntu/ros_workspace/install/robot_custom_msgs/include/robot_custom_msgs/robot_custom_msgs/srv/detail/dds_fastrtps
[0.524s] -- Up-to-date: /home/ubuntu/ros_workspace/install/robot_custom_msgs/include/robot_custom_msgs/robot_custom_msgs/srv/detail/velocity__rosidl_typesupport_fastrtps_cpp.hpp
[0.524s] -- Up-to-date: /home/ubuntu/ros_workspace/install/robot_custom_msgs/include/robot_custom_msgs/robot_custom_msgs/srv/detail/average__rosidl_typesupport_fastrtps_cpp.hpp
[0.524s] -- Up-to-date: /home/ubuntu/ros_workspace/install/robot_custom_msgs/include/robot_custom_msgs/robot_custom_msgs/srv/detail/threshold__rosidl_typesupport_fastrtps_cpp.hpp
[0.524s] -- Up-to-date: /home/ubuntu/ros_workspace/install/robot_custom_msgs/include/robot_custom_msgs/robot_custom_msgs/msg
[0.524s] -- Up-to-date: /home/ubuntu/ros_workspace/install/robot_custom_msgs/include/robot_custom_msgs/robot_custom_msgs/msg/detail
[0.524s] -- Up-to-date: /home/ubuntu/ros_workspace/install/robot_custom_msgs/include/robot_custom_msgs/robot_custom_msgs/msg/detail/dds_fastrtps
[0.524s] -- Up-to-date: /home/ubuntu/ros_workspace/install/robot_custom_msgs/include/robot_custom_msgs/robot_custom_msgs/msg/detail/custom__rosidl_typesupport_fastrtps_cpp.hpp
[0.524s] -- Up-to-date: /home/ubuntu/ros_workspace/install/robot_custom_msgs/include/robot_custom_msgs/robot_custom_msgs/msg/rosidl_typesupport_fastrtps_cpp__visibility_control.h
[0.524s] -- Up-to-date: /home/ubuntu/ros_workspace/install/robot_custom_msgs/lib/librobot_custom_msgs__rosidl_typesupport_fastrtps_cpp.so
[0.524s] -- Up-to-date: /home/ubuntu/ros_workspace/install/robot_custom_msgs/include/robot_custom_msgs/robot_custom_msgs
[0.524s] -- Up-to-date: /home/ubuntu/ros_workspace/install/robot_custom_msgs/include/robot_custom_msgs/robot_custom_msgs/srv
[0.524s] -- Up-to-date: /home/ubuntu/ros_workspace/install/robot_custom_msgs/include/robot_custom_msgs/robot_custom_msgs/srv/detail
[0.524s] -- Up-to-date: /home/ubuntu/ros_workspace/install/robot_custom_msgs/include/robot_custom_msgs/robot_custom_msgs/srv/detail/average__rosidl_typesupport_introspection_cpp.hpp
[0.525s] -- Up-to-date: /home/ubuntu/ros_workspace/install/robot_custom_msgs/include/robot_custom_msgs/robot_custom_msgs/srv/detail/velocity__type_support.cpp
[0.525s] -- Up-to-date: /home/ubuntu/ros_workspace/install/robot_custom_msgs/include/robot_custom_msgs/robot_custom_msgs/srv/detail/average__type_support.cpp
[0.525s] -- Up-to-date: /home/ubuntu/ros_workspace/install/robot_custom_msgs/include/robot_custom_msgs/robot_custom_msgs/srv/detail/velocity__rosidl_typesupport_introspection_cpp.hpp
[0.525s] -- Up-to-date: /home/ubuntu/ros_workspace/install/robot_custom_msgs/include/robot_custom_msgs/robot_custom_msgs/srv/detail/threshold__rosidl_typesupport_introspection_cpp.hpp
[0.525s] -- Up-to-date: /home/ubuntu/ros_workspace/install/robot_custom_msgs/include/robot_custom_msgs/robot_custom_msgs/srv/detail/threshold__type_support.cpp
[0.525s] -- Up-to-date: /home/ubuntu/ros_workspace/install/robot_custom_msgs/include/robot_custom_msgs/robot_custom_msgs/msg
[0.525s] -- Up-to-date: /home/ubuntu/ros_workspace/install/robot_custom_msgs/include/robot_custom_msgs/robot_custom_msgs/msg/detail
[0.525s] -- Up-to-date: /home/ubuntu/ros_workspace/install/robot_custom_msgs/include/robot_custom_msgs/robot_custom_msgs/msg/detail/custom__type_support.cpp
[0.525s] -- Up-to-date: /home/ubuntu/ros_workspace/install/robot_custom_msgs/include/robot_custom_msgs/robot_custom_msgs/msg/detail/custom__rosidl_typesupport_introspection_cpp.hpp
[0.525s] -- Up-to-date: /home/ubuntu/ros_workspace/install/robot_custom_msgs/lib/librobot_custom_msgs__rosidl_typesupport_introspection_cpp.so
[0.525s] -- Up-to-date: /home/ubuntu/ros_workspace/install/robot_custom_msgs/lib/librobot_custom_msgs__rosidl_typesupport_cpp.so
[0.525s] -- Up-to-date: /home/ubuntu/ros_workspace/install/robot_custom_msgs/share/robot_custom_msgs/environment/pythonpath.sh
[0.525s] -- Up-to-date: /home/ubuntu/ros_workspace/install/robot_custom_msgs/share/robot_custom_msgs/environment/pythonpath.dsv
[0.525s] -- Up-to-date: /home/ubuntu/ros_workspace/install/robot_custom_msgs/lib/python3.12/site-packages/robot_custom_msgs-0.0.0-py3.12.egg-info
[0.525s] -- Installing: /home/ubuntu/ros_workspace/install/robot_custom_msgs/lib/python3.12/site-packages/robot_custom_msgs-0.0.0-py3.12.egg-info/top_level.txt
[0.525s] -- Installing: /home/ubuntu/ros_workspace/install/robot_custom_msgs/lib/python3.12/site-packages/robot_custom_msgs-0.0.0-py3.12.egg-info/SOURCES.txt
[0.525s] -- Installing: /home/ubuntu/ros_workspace/install/robot_custom_msgs/lib/python3.12/site-packages/robot_custom_msgs-0.0.0-py3.12.egg-info/PKG-INFO
[0.525s] -- Installing: /home/ubuntu/ros_workspace/install/robot_custom_msgs/lib/python3.12/site-packages/robot_custom_msgs-0.0.0-py3.12.egg-info/dependency_links.txt
[0.526s] -- Up-to-date: /home/ubuntu/ros_workspace/install/robot_custom_msgs/lib/python3.12/site-packages/robot_custom_msgs
[0.526s] -- Up-to-date: /home/ubuntu/ros_workspace/install/robot_custom_msgs/lib/python3.12/site-packages/robot_custom_msgs/_robot_custom_msgs_s.ep.rosidl_typesupport_introspection_c.c
[0.526s] -- Up-to-date: /home/ubuntu/ros_workspace/install/robot_custom_msgs/lib/python3.12/site-packages/robot_custom_msgs/robot_custom_msgs_s__rosidl_typesupport_introspection_c.so
[0.526s] -- Up-to-date: /home/ubuntu/ros_workspace/install/robot_custom_msgs/lib/python3.12/site-packages/robot_custom_msgs/robot_custom_msgs_s__rosidl_typesupport_fastrtps_c.so
[0.526s] -- Up-to-date: /home/ubuntu/ros_workspace/install/robot_custom_msgs/lib/python3.12/site-packages/robot_custom_msgs/robot_custom_msgs_s__rosidl_typesupport_c.so
[0.526s] -- Up-to-date: /home/ubuntu/ros_workspace/install/robot_custom_msgs/lib/python3.12/site-packages/robot_custom_msgs/__init__.py
[0.526s] -- Up-to-date: /home/ubuntu/ros_workspace/install/robot_custom_msgs/lib/python3.12/site-packages/robot_custom_msgs/srv
[0.526s] -- Up-to-date: /home/ubuntu/ros_workspace/install/robot_custom_msgs/lib/python3.12/site-packages/robot_custom_msgs/srv/_average.py
[0.526s] -- Up-to-date: /home/ubuntu/ros_workspace/install/robot_custom_msgs/lib/python3.12/site-packages/robot_custom_msgs/srv/_velocity.py
[0.526s] -- Up-to-date: /home/ubuntu/ros_workspace/install/robot_custom_msgs/lib/python3.12/site-packages/robot_custom_msgs/srv/_average_s.c
[0.526s] -- Up-to-date: /home/ubuntu/ros_workspace/install/robot_custom_msgs/lib/python3.12/site-packages/robot_custom_msgs/srv/_threshold_s.c
[0.526s] -- Up-to-date: /home/ubuntu/ros_workspace/install/robot_custom_msgs/lib/python3.12/site-packages/robot_custom_msgs/srv/_velocity_s.c
[0.526s] -- Up-to-date: /home/ubuntu/ros_workspace/install/robot_custom_msgs/lib/python3.12/site-packages/robot_custom_msgs/srv/__init__.py
[0.526s] -- Up-to-date: /home/ubuntu/ros_workspace/install/robot_custom_msgs/lib/python3.12/site-packages/robot_custom_msgs/srv/_threshold.py
[0.526s] -- Up-to-date: /home/ubuntu/ros_workspace/install/robot_custom_msgs/lib/python3.12/site-packages/robot_custom_msgs/_robot_custom_msgs_s.ep.rosidl_typesupport_fastrtps_c.c
[0.527s] -- Up-to-date: /home/ubuntu/ros_workspace/install/robot_custom_msgs/lib/python3.12/site-packages/robot_custom_msgs/_robot_custom_msgs_s.ep.rosidl_typesupport_c.c
[0.527s] -- Up-to-date: /home/ubuntu/ros_workspace/install/robot_custom_msgs/lib/python3.12/site-packages/robot_custom_msgs/msg
[0.527s] -- Up-to-date: /home/ubuntu/ros_workspace/install/robot_custom_msgs/lib/python3.12/site-packages/robot_custom_msgs/msg/_custom_s.c
[0.527s] -- Up-to-date: /home/ubuntu/ros_workspace/install/robot_custom_msgs/lib/python3.12/site-packages/robot_custom_msgs/msg/__init__.py
[0.527s] -- Up-to-date: /home/ubuntu/ros_workspace/install/robot_custom_msgs/lib/python3.12/site-packages/robot_custom_msgs/msg/_custom.py
[0.570s] Listing '/home/ubuntu/ros_workspace/install/robot_custom_msgs/lib/python3.12/site-packages/robot_custom_msgs'...
[0.570s] Listing '/home/ubuntu/ros_workspace/install/robot_custom_msgs/lib/python3.12/site-packages/robot_custom_msgs/msg'...
[0.570s] Listing '/home/ubuntu/ros_workspace/install/robot_custom_msgs/lib/python3.12/site-packages/robot_custom_msgs/srv'...
[0.576s] -- Up-to-date: /home/ubuntu/ros_workspace/install/robot_custom_msgs/lib/python3.12/site-packages/robot_custom_msgs/robot_custom_msgs_s__rosidl_typesupport_fastrtps_c.so
[0.576s] -- Up-to-date: /home/ubuntu/ros_workspace/install/robot_custom_msgs/lib/python3.12/site-packages/robot_custom_msgs/robot_custom_msgs_s__rosidl_typesupport_introspection_c.so
[0.576s] -- Up-to-date: /home/ubuntu/ros_workspace/install/robot_custom_msgs/lib/python3.12/site-packages/robot_custom_msgs/robot_custom_msgs_s__rosidl_typesupport_c.so
[0.577s] -- Up-to-date: /home/ubuntu/ros_workspace/install/robot_custom_msgs/lib/librobot_custom_msgs__rosidl_generator_py.so
[0.577s] -- Up-to-date: /home/ubuntu/ros_workspace/install/robot_custom_msgs/share/robot_custom_msgs/msg/Custom.idl
[0.578s] -- Up-to-date: /home/ubuntu/ros_workspace/install/robot_custom_msgs/share/robot_custom_msgs/srv/Velocity.idl
[0.578s] -- Up-to-date: /home/ubuntu/ros_workspace/install/robot_custom_msgs/share/robot_custom_msgs/srv/Average.idl
[0.578s] -- Up-to-date: /home/ubuntu/ros_workspace/install/robot_custom_msgs/share/robot_custom_msgs/srv/Threshold.idl
[0.578s] -- Up-to-date: /home/ubuntu/ros_workspace/install/robot_custom_msgs/share/robot_custom_msgs/msg/Custom.msg
[0.578s] -- Up-to-date: /home/ubuntu/ros_workspace/install/robot_custom_msgs/share/robot_custom_msgs/srv/Velocity.srv
[0.579s] -- Up-to-date: /home/ubuntu/ros_workspace/install/robot_custom_msgs/share/robot_custom_msgs/srv/Average.srv
[0.579s] -- Up-to-date: /home/ubuntu/ros_workspace/install/robot_custom_msgs/share/robot_custom_msgs/srv/Threshold.srv
[0.579s] -- Up-to-date: /home/ubuntu/ros_workspace/install/robot_custom_msgs/share/ament_index/resource_index/package_run_dependencies/robot_custom_msgs
[0.579s] -- Up-to-date: /home/ubuntu/ros_workspace/install/robot_custom_msgs/share/ament_index/resource_index/parent_prefix_path/robot_custom_msgs
[0.579s] -- Up-to-date: /home/ubuntu/ros_workspace/install/robot_custom_msgs/share/robot_custom_msgs/environment/ament_prefix_path.sh
[0.579s] -- Up-to-date: /home/ubuntu/ros_workspace/install/robot_custom_msgs/share/robot_custom_msgs/environment/ament_prefix_path.dsv
[0.580s] -- Up-to-date: /home/ubuntu/ros_workspace/install/robot_custom_msgs/share/robot_custom_msgs/environment/path.sh
[0.580s] -- Up-to-date: /home/ubuntu/ros_workspace/install/robot_custom_msgs/share/robot_custom_msgs/environment/path.dsv
[0.580s] -- Up-to-date: /home/ubuntu/ros_workspace/install/robot_custom_msgs/share/robot_custom_msgs/local_setup.bash
[0.580s] -- Up-to-date: /home/ubuntu/ros_workspace/install/robot_custom_msgs/share/robot_custom_msgs/local_setup.sh
[0.580s] -- Up-to-date: /home/ubuntu/ros_workspace/install/robot_custom_msgs/share/robot_custom_msgs/local_setup.zsh
[0.580s] -- Up-to-date: /home/ubuntu/ros_workspace/install/robot_custom_msgs/share/robot_custom_msgs/local_setup.dsv
[0.581s] -- Installing: /home/ubuntu/ros_workspace/install/robot_custom_msgs/share/robot_custom_msgs/package.dsv
[0.581s] -- Up-to-date: /home/ubuntu/ros_workspace/install/robot_custom_msgs/share/ament_index/resource_index/packages/robot_custom_msgs
[0.581s] -- Up-to-date: /home/ubuntu/ros_workspace/install/robot_custom_msgs/share/robot_custom_msgs/cmake/export_robot_custom_msgs__rosidl_generator_cExport.cmake
[0.581s] -- Up-to-date: /home/ubuntu/ros_workspace/install/robot_custom_msgs/share/robot_custom_msgs/cmake/export_robot_custom_msgs__rosidl_generator_cExport-noconfig.cmake
[0.581s] -- Up-to-date: /home/ubuntu/ros_workspace/install/robot_custom_msgs/share/robot_custom_msgs/cmake/export_robot_custom_msgs__rosidl_typesupport_fastrtps_cExport.cmake
[0.581s] -- Up-to-date: /home/ubuntu/ros_workspace/install/robot_custom_msgs/share/robot_custom_msgs/cmake/export_robot_custom_msgs__rosidl_typesupport_fastrtps_cExport-noconfig.cmake
[0.582s] -- Up-to-date: /home/ubuntu/ros_workspace/install/robot_custom_msgs/share/robot_custom_msgs/cmake/robot_custom_msgs__rosidl_typesupport_introspection_cExport.cmake
[0.582s] -- Up-to-date: /home/ubuntu/ros_workspace/install/robot_custom_msgs/share/robot_custom_msgs/cmake/robot_custom_msgs__rosidl_typesupport_introspection_cExport-noconfig.cmake
[0.582s] -- Up-to-date: /home/ubuntu/ros_workspace/install/robot_custom_msgs/share/robot_custom_msgs/cmake/robot_custom_msgs__rosidl_typesupport_cExport.cmake
[0.582s] -- Up-to-date: /home/ubuntu/ros_workspace/install/robot_custom_msgs/share/robot_custom_msgs/cmake/robot_custom_msgs__rosidl_typesupport_cExport-noconfig.cmake
[0.582s] -- Up-to-date: /home/ubuntu/ros_workspace/install/robot_custom_msgs/share/robot_custom_msgs/cmake/export_robot_custom_msgs__rosidl_generator_cppExport.cmake
[0.582s] -- Up-to-date: /home/ubuntu/ros_workspace/install/robot_custom_msgs/share/robot_custom_msgs/cmake/export_robot_custom_msgs__rosidl_typesupport_fastrtps_cppExport.cmake
[0.583s] -- Up-to-date: /home/ubuntu/ros_workspace/install/robot_custom_msgs/share/robot_custom_msgs/cmake/export_robot_custom_msgs__rosidl_typesupport_fastrtps_cppExport-noconfig.cmake
[0.583s] -- Up-to-date: /home/ubuntu/ros_workspace/install/robot_custom_msgs/share/robot_custom_msgs/cmake/robot_custom_msgs__rosidl_typesupport_introspection_cppExport.cmake
[0.583s] -- Up-to-date: /home/ubuntu/ros_workspace/install/robot_custom_msgs/share/robot_custom_msgs/cmake/robot_custom_msgs__rosidl_typesupport_introspection_cppExport-noconfig.cmake
[0.583s] -- Up-to-date: /home/ubuntu/ros_workspace/install/robot_custom_msgs/share/robot_custom_msgs/cmake/robot_custom_msgs__rosidl_typesupport_cppExport.cmake
[0.583s] -- Up-to-date: /home/ubuntu/ros_workspace/install/robot_custom_msgs/share/robot_custom_msgs/cmake/robot_custom_msgs__rosidl_typesupport_cppExport-noconfig.cmake
[0.584s] -- Up-to-date: /home/ubuntu/ros_workspace/install/robot_custom_msgs/share/robot_custom_msgs/cmake/export_robot_custom_msgs__rosidl_generator_pyExport.cmake
[0.584s] -- Up-to-date: /home/ubuntu/ros_workspace/install/robot_custom_msgs/share/robot_custom_msgs/cmake/export_robot_custom_msgs__rosidl_generator_pyExport-noconfig.cmake
[0.584s] -- Up-to-date: /home/ubuntu/ros_workspace/install/robot_custom_msgs/share/robot_custom_msgs/cmake/rosidl_cmake-extras.cmake
[0.584s] -- Up-to-date: /home/ubuntu/ros_workspace/install/robot_custom_msgs/share/robot_custom_msgs/cmake/ament_cmake_export_dependencies-extras.cmake
[0.584s] -- Up-to-date: /home/ubuntu/ros_workspace/install/robot_custom_msgs/share/robot_custom_msgs/cmake/ament_cmake_export_include_directories-extras.cmake
[0.584s] -- Up-to-date: /home/ubuntu/ros_workspace/install/robot_custom_msgs/share/robot_custom_msgs/cmake/ament_cmake_export_libraries-extras.cmake
[0.584s] -- Up-to-date: /home/ubuntu/ros_workspace/install/robot_custom_msgs/share/robot_custom_msgs/cmake/ament_cmake_export_targets-extras.cmake
[0.584s] -- Up-to-date: /home/ubuntu/ros_workspace/install/robot_custom_msgs/share/robot_custom_msgs/cmake/rosidl_cmake_export_typesupport_targets-extras.cmake
[0.584s] -- Up-to-date: /home/ubuntu/ros_workspace/install/robot_custom_msgs/share/robot_custom_msgs/cmake/rosidl_cmake_export_typesupport_libraries-extras.cmake
[0.584s] -- Up-to-date: /home/ubuntu/ros_workspace/install/robot_custom_msgs/share/robot_custom_msgs/cmake/robot_custom_msgsConfig.cmake
[0.584s] -- Up-to-date: /home/ubuntu/ros_workspace/install/robot_custom_msgs/share/robot_custom_msgs/cmake/robot_custom_msgsConfig-version.cmake
[0.585s] -- Up-to-date: /home/ubuntu/ros_workspace/install/robot_custom_msgs/share/robot_custom_msgs/package.xml
[0.587s] Invoked command in '/home/ubuntu/ros_workspace/build/robot_custom_msgs' returned '0': CMAKE_PREFIX_PATH=${CMAKE_PREFIX_PATH}:/home/ubuntu/ros_workspace/install/exam_example_2:/home/ubuntu/ros_workspace/install/assignment2_rt_py:/home/ubuntu/ros_workspace/install/python_package:/home/ubuntu/ros_workspace/install/first_package_py:/home/ubuntu/ros_workspace/install/exam_example:/home/ubuntu/ros_workspace/install/assignment1_rt_py:/opt/ros/jazzy /usr/bin/cmake --install /home/ubuntu/ros_workspace/build/robot_custom_msgs
