[0.092s] Invoking command in '/home/ubuntu/ros_workspace/build/cmake_package': CMAKE_PREFIX_PATH=${CMAKE_PREFIX_PATH}:/home/ubuntu/ros_workspace/install/tutorial_1_action:/home/ubuntu/ros_workspace/install/exam_example_2:/home/ubuntu/ros_workspace/install/turtle_action_client:/home/ubuntu/ros_workspace/install/assignment2_rt_py:/home/ubuntu/ros_workspace/install/assignment1_rt_py:/home/ubuntu/ros_workspace/install/python_package:/home/ubuntu/ros_workspace/install/first_package_py:/home/ubuntu/ros_workspace/install/fibonacci:/home/ubuntu/ros_workspace/install/exam_example:/opt/ros/jazzy /usr/bin/cmake --build /home/ubuntu/ros_workspace/build/cmake_package -- -j16 -l16
[1.634s] Invoked command in '/home/ubuntu/ros_workspace/build/cmake_package' returned '0': CMAKE_PREFIX_PATH=${CMAKE_PREFIX_PATH}:/home/ubuntu/ros_workspace/install/tutorial_1_action:/home/ubuntu/ros_workspace/install/exam_example_2:/home/ubuntu/ros_workspace/install/turtle_action_client:/home/ubuntu/ros_workspace/install/assignment2_rt_py:/home/ubuntu/ros_workspace/install/assignment1_rt_py:/home/ubuntu/ros_workspace/install/python_package:/home/ubuntu/ros_workspace/install/first_package_py:/home/ubuntu/ros_workspace/install/fibonacci:/home/ubuntu/ros_workspace/install/exam_example:/opt/ros/jazzy /usr/bin/cmake --build /home/ubuntu/ros_workspace/build/cmake_package -- -j16 -l16
[1.636s] Invoking command in '/home/ubuntu/ros_workspace/build/cmake_package': CMAKE_PREFIX_PATH=${CMAKE_PREFIX_PATH}:/home/ubuntu/ros_workspace/install/tutorial_1_action:/home/ubuntu/ros_workspace/install/exam_example_2:/home/ubuntu/ros_workspace/install/turtle_action_client:/home/ubuntu/ros_workspace/install/assignment2_rt_py:/home/ubuntu/ros_workspace/install/assignment1_rt_py:/home/ubuntu/ros_workspace/install/python_package:/home/ubuntu/ros_workspace/install/first_package_py:/home/ubuntu/ros_workspace/install/fibonacci:/home/ubuntu/ros_workspace/install/exam_example:/opt/ros/jazzy /usr/bin/cmake --install /home/ubuntu/ros_workspace/build/cmake_package
[1.771s] -- Install configuration: ""
[1.771s] -- Up-to-date: /home/ubuntu/ros_workspace/install/cmake_package/share/ament_index/resource_index/package_run_dependencies/cmake_package
[1.771s] -- Up-to-date: /home/ubuntu/ros_workspace/install/cmake_package/share/ament_index/resource_index/parent_prefix_path/cmake_package
[1.771s] -- Up-to-date: /home/ubuntu/ros_workspace/install/cmake_package/share/cmake_package/environment/ament_prefix_path.sh
[1.771s] -- Up-to-date: /home/ubuntu/ros_workspace/install/cmake_package/share/cmake_package/environment/ament_prefix_path.dsv
[1.771s] -- Up-to-date: /home/ubuntu/ros_workspace/install/cmake_package/share/cmake_package/environment/path.sh
[1.771s] -- Up-to-date: /home/ubuntu/ros_workspace/install/cmake_package/share/cmake_package/environment/path.dsv
[1.771s] -- Up-to-date: /home/ubuntu/ros_workspace/install/cmake_package/share/cmake_package/local_setup.bash
[1.779s] -- Up-to-date: /home/ubuntu/ros_workspace/install/cmake_package/share/cmake_package/local_setup.sh
[1.780s] -- Up-to-date: /home/ubuntu/ros_workspace/install/cmake_package/share/cmake_package/local_setup.zsh
[1.780s] -- Up-to-date: /home/ubuntu/ros_workspace/install/cmake_package/share/cmake_package/local_setup.dsv
[1.780s] -- Up-to-date: /home/ubuntu/ros_workspace/install/cmake_package/share/cmake_package/package.dsv
[1.780s] -- Up-to-date: /home/ubuntu/ros_workspace/install/cmake_package/share/ament_index/resource_index/packages/cmake_package
[1.781s] -- Up-to-date: /home/ubuntu/ros_workspace/install/cmake_package/share/cmake_package/cmake/cmake_packageConfig.cmake
[1.781s] -- Up-to-date: /home/ubuntu/ros_workspace/install/cmake_package/share/cmake_package/cmake/cmake_packageConfig-version.cmake
[1.781s] -- Up-to-date: /home/ubuntu/ros_workspace/install/cmake_package/share/cmake_package/package.xml
[2.081s] Invoked command in '/home/ubuntu/ros_workspace/build/cmake_package' returned '0': CMAKE_PREFIX_PATH=${CMAKE_PREFIX_PATH}:/home/ubuntu/ros_workspace/install/tutorial_1_action:/home/ubuntu/ros_workspace/install/exam_example_2:/home/ubuntu/ros_workspace/install/turtle_action_client:/home/ubuntu/ros_workspace/install/assignment2_rt_py:/home/ubuntu/ros_workspace/install/assignment1_rt_py:/home/ubuntu/ros_workspace/install/python_package:/home/ubuntu/ros_workspace/install/first_package_py:/home/ubuntu/ros_workspace/install/fibonacci:/home/ubuntu/ros_workspace/install/exam_example:/opt/ros/jazzy /usr/bin/cmake --install /home/ubuntu/ros_workspace/build/cmake_package
