/home/ubuntu/ros_workspace/install/python_tf2_pkg/lib/python3.12/site-packages/python_tf2_pkg/carrot.py
/home/ubuntu/ros_workspace/install/python_tf2_pkg/lib/python3.12/site-packages/python_tf2_pkg/broadcaster.py
/home/ubuntu/ros_workspace/install/python_tf2_pkg/lib/python3.12/site-packages/python_tf2_pkg/static_broad.py
/home/ubuntu/ros_workspace/install/python_tf2_pkg/lib/python3.12/site-packages/python_tf2_pkg/simple_quaternions.py
/home/ubuntu/ros_workspace/install/python_tf2_pkg/lib/python3.12/site-packages/python_tf2_pkg/listener.py
/home/ubuntu/ros_workspace/install/python_tf2_pkg/lib/python3.12/site-packages/python_tf2_pkg/__init__.py
/home/ubuntu/ros_workspace/install/python_tf2_pkg/lib/python3.12/site-packages/python_tf2_pkg/__pycache__/carrot.cpython-312.pyc
/home/ubuntu/ros_workspace/install/python_tf2_pkg/lib/python3.12/site-packages/python_tf2_pkg/__pycache__/broadcaster.cpython-312.pyc
/home/ubuntu/ros_workspace/install/python_tf2_pkg/lib/python3.12/site-packages/python_tf2_pkg/__pycache__/static_broad.cpython-312.pyc
/home/ubuntu/ros_workspace/install/python_tf2_pkg/lib/python3.12/site-packages/python_tf2_pkg/__pycache__/simple_quaternions.cpython-312.pyc
/home/ubuntu/ros_workspace/install/python_tf2_pkg/lib/python3.12/site-packages/python_tf2_pkg/__pycache__/listener.cpython-312.pyc
/home/ubuntu/ros_workspace/install/python_tf2_pkg/lib/python3.12/site-packages/python_tf2_pkg/__pycache__/__init__.cpython-312.pyc
/home/ubuntu/ros_workspace/install/python_tf2_pkg/share/ament_index/resource_index/packages/python_tf2_pkg
/home/ubuntu/ros_workspace/install/python_tf2_pkg/share/python_tf2_pkg/package.xml
/home/ubuntu/ros_workspace/install/python_tf2_pkg/share/python_tf2_pkg/launch/broadcaster.launch.py
/home/ubuntu/ros_workspace/install/python_tf2_pkg/share/python_tf2_pkg/launch/demo.launch.py
/home/ubuntu/ros_workspace/install/python_tf2_pkg/share/python_tf2_pkg/launch/broadcaster2.launch.py
/home/ubuntu/ros_workspace/install/python_tf2_pkg/share/python_tf2_pkg/launch/demo2.launch.py
/home/ubuntu/ros_workspace/install/python_tf2_pkg/lib/python3.12/site-packages/python_tf2_pkg-0.0.0-py3.12.egg-info/top_level.txt
/home/ubuntu/ros_workspace/install/python_tf2_pkg/lib/python3.12/site-packages/python_tf2_pkg-0.0.0-py3.12.egg-info/SOURCES.txt
/home/ubuntu/ros_workspace/install/python_tf2_pkg/lib/python3.12/site-packages/python_tf2_pkg-0.0.0-py3.12.egg-info/PKG-INFO
/home/ubuntu/ros_workspace/install/python_tf2_pkg/lib/python3.12/site-packages/python_tf2_pkg-0.0.0-py3.12.egg-info/zip-safe
/home/ubuntu/ros_workspace/install/python_tf2_pkg/lib/python3.12/site-packages/python_tf2_pkg-0.0.0-py3.12.egg-info/requires.txt
/home/ubuntu/ros_workspace/install/python_tf2_pkg/lib/python3.12/site-packages/python_tf2_pkg-0.0.0-py3.12.egg-info/dependency_links.txt
/home/ubuntu/ros_workspace/install/python_tf2_pkg/lib/python3.12/site-packages/python_tf2_pkg-0.0.0-py3.12.egg-info/entry_points.txt
/home/ubuntu/ros_workspace/install/python_tf2_pkg/lib/python_tf2_pkg/carrot
/home/ubuntu/ros_workspace/install/python_tf2_pkg/lib/python_tf2_pkg/simple_quaternion
/home/ubuntu/ros_workspace/install/python_tf2_pkg/lib/python_tf2_pkg/static_broadcaster
/home/ubuntu/ros_workspace/install/python_tf2_pkg/lib/python_tf2_pkg/turtle_broadcaster
/home/ubuntu/ros_workspace/install/python_tf2_pkg/lib/python_tf2_pkg/turtle_listener
