[0.056s] Invoking command in '/home/ubuntu/ros_workspace/build/assignment1_rt': CMAKE_PREFIX_PATH=${CMAKE_PREFIX_PATH}:/opt/ros/jazzy /usr/bin/cmake --build /home/ubuntu/ros_workspace/build/assignment1_rt -- -j16 -l16
[0.317s] -- Found ament_cmake: 2.5.4 (/opt/ros/jazzy/share/ament_cmake/cmake)
[0.533s] -- Found rclcpp: 28.1.11 (/opt/ros/jazzy/share/rclcpp/cmake)
[0.687s] -- Found rosidl_generator_c: 4.6.6 (/opt/ros/jazzy/share/rosidl_generator_c/cmake)
[0.728s] -- Found rosidl_generator_cpp: 4.6.6 (/opt/ros/jazzy/share/rosidl_generator_cpp/cmake)
[0.784s] -- Using all available rosidl_typesupport_c: rosidl_typesupport_fastrtps_c;rosidl_typesupport_introspection_c
[0.831s] -- Using all available rosidl_typesupport_cpp: rosidl_typesupport_fastrtps_cpp;rosidl_typesupport_introspection_cpp
[1.012s] -- Found rmw_implementation_cmake: 7.3.2 (/opt/ros/jazzy/share/rmw_implementation_cmake/cmake)
[1.025s] -- Found rmw_fastrtps_cpp: 8.4.3 (/opt/ros/jazzy/share/rmw_fastrtps_cpp/cmake)
[1.268s] -- Found OpenSSL: /usr/lib/x86_64-linux-gnu/libcrypto.so (found version "3.0.13")  
[1.300s] -- Found FastRTPS: /opt/ros/jazzy/include (Required is at least version "2.13") 
[1.329s] -- Using RMW implementation 'rmw_fastrtps_cpp' as default
[1.482s] -- Found turtlesim: 1.8.3 (/opt/ros/jazzy/share/turtlesim/cmake)
[1.583s] -- Found geometry_msgs: 5.3.6 (/opt/ros/jazzy/share/geometry_msgs/cmake)
[1.638s] [31mCMake Error at CMakeLists.txt:17 (install):
[1.638s]   install TARGETS given target "turtlesim_controller" which does not exist.
[1.638s] 
[1.638s] [0m
[1.639s] -- Found ament_lint_auto: 0.17.3 (/opt/ros/jazzy/share/ament_lint_auto/cmake)
[1.752s] -- Added test 'cppcheck' to perform static code analysis on C / C++ code
[1.752s] -- Configured cppcheck include dirs: 
[1.752s] -- Configured cppcheck exclude dirs and/or files: 
[1.753s] -- Added test 'flake8' to check Python code syntax and style conventions
[1.753s] -- Configured 'flake8' exclude dirs and/or files: 
[1.754s] -- Added test 'lint_cmake' to check CMake code style
[1.754s] -- Added test 'pep257' to check Python code against some of the docstring style conventions in PEP 257
[1.756s] -- Added test 'uncrustify' to check C / C++ code style
[1.756s] -- Configured uncrustify additional arguments: 
[1.757s] -- Added test 'xmllint' to check XML markup files
[1.760s] -- Configuring incomplete, errors occurred!
[1.769s] gmake: *** [Makefile:226: cmake_check_build_system] Error 1
[1.773s] Invoked command in '/home/ubuntu/ros_workspace/build/assignment1_rt' returned '2': CMAKE_PREFIX_PATH=${CMAKE_PREFIX_PATH}:/opt/ros/jazzy /usr/bin/cmake --build /home/ubuntu/ros_workspace/build/assignment1_rt -- -j16 -l16
