[0.022s] Invoking command in '/home/ubuntu/ros_workspace/build/assignment_1_rt2': AMENT_PREFIX_PATH=/home/ubuntu/ros_workspace/install/bme_gazebo_sensors:/home/ubuntu/ros_workspace/install/action_tutorials_interfaces:${AMENT_PREFIX_PATH} CMAKE_PREFIX_PATH=/home/ubuntu/ros_workspace/install/bme_gazebo_sensors:/home/ubuntu/ros_workspace/install/action_tutorials_interfaces:/opt/ros/jazzy/opt/gz_launch_vendor:/opt/ros/jazzy/opt/gz_sim_vendor:/opt/ros/jazzy/opt/gz_sensors_vendor:/opt/ros/jazzy/opt/gz_physics_vendor:/opt/ros/jazzy/opt/sdformat_vendor:/opt/ros/jazzy/opt/gz_gui_vendor:/opt/ros/jazzy/opt/gz_transport_vendor:/opt/ros/jazzy/opt/gz_rendering_vendor:/opt/ros/jazzy/opt/gz_plugin_vendor:/opt/ros/jazzy/opt/gz_fuel_tools_vendor:/opt/ros/jazzy/opt/gz_msgs_vendor:/opt/ros/jazzy/opt/gz_common_vendor:/opt/ros/jazzy/opt/gz_math_vendor:/opt/ros/jazzy/opt/gz_utils_vendor:/opt/ros/jazzy/opt/gz_tools_vendor:/opt/ros/jazzy/opt/gz_ogre_next_vendor:/opt/ros/jazzy/opt/gz_dartsim_vendor:/opt/ros/jazzy/opt/gz_cmake_vendor:/opt/ros/jazzy LD_LIBRARY_PATH=/home/ubuntu/ros_workspace/install/action_tutorials_interfaces/lib:${LD_LIBRARY_PATH} PYTHONPATH=/home/ubuntu/ros_workspace/install/action_tutorials_interfaces/lib/python3.12/site-packages:${PYTHONPATH} /usr/bin/cmake --build /home/ubuntu/ros_workspace/build/assignment_1_rt2 -- -j16 -l16
[0.079s] -- Found ament_cmake: 2.5.4 (/opt/ros/jazzy/share/ament_cmake/cmake)
[0.338s] -- Found rclcpp: 28.1.11 (/opt/ros/jazzy/share/rclcpp/cmake)
[0.399s] -- Found rosidl_generator_c: 4.6.6 (/opt/ros/jazzy/share/rosidl_generator_c/cmake)
[0.412s] -- Found rosidl_generator_cpp: 4.6.6 (/opt/ros/jazzy/share/rosidl_generator_cpp/cmake)
[0.435s] -- Using all available rosidl_typesupport_c: rosidl_typesupport_fastrtps_c;rosidl_typesupport_introspection_c
[0.457s] -- Using all available rosidl_typesupport_cpp: rosidl_typesupport_fastrtps_cpp;rosidl_typesupport_introspection_cpp
[0.550s] -- Found rmw_implementation_cmake: 7.3.2 (/opt/ros/jazzy/share/rmw_implementation_cmake/cmake)
[0.555s] -- Found rmw_fastrtps_cpp: 8.4.3 (/opt/ros/jazzy/share/rmw_fastrtps_cpp/cmake)
[0.657s] -- Using RMW implementation 'rmw_fastrtps_cpp' as default
[0.747s] -- Found tf2: 0.36.14 (/opt/ros/jazzy/share/tf2/cmake)
[0.795s] -- Found tf2_ros: 0.36.19 (/opt/ros/jazzy/share/tf2_ros/cmake)
[0.939s] -- Found tf2_geometry_msgs: 0.36.14 (/opt/ros/jazzy/share/tf2_geometry_msgs/cmake)
[0.947s] -- Found eigen3_cmake_module: 0.3.0 (/opt/ros/jazzy/share/eigen3_cmake_module/cmake)
[0.949s] -- Ensuring Eigen3 include directory is part of orocos-kdl CMake target
[0.952s] -- Found action_tutorials_interfaces: 0.0.0 (/home/ubuntu/ros_workspace/install/action_tutorials_interfaces/share/action_tutorials_interfaces/cmake)
[0.979s] -- Found nav_msgs: 5.3.6 (/opt/ros/jazzy/share/nav_msgs/cmake)
[1.022s] -- Found ament_lint_auto: 0.17.3 (/opt/ros/jazzy/share/ament_lint_auto/cmake)
[1.125s] -- Added test 'cppcheck' to perform static code analysis on C / C++ code
[1.125s] -- Configured cppcheck include dirs: 
[1.125s] -- Configured cppcheck exclude dirs and/or files: 
[1.125s] -- Added test 'flake8' to check Python code syntax and style conventions
[1.126s] -- Configured 'flake8' exclude dirs and/or files: 
[1.126s] -- Added test 'lint_cmake' to check CMake code style
[1.127s] -- Added test 'pep257' to check Python code against some of the docstring style conventions in PEP 257
[1.129s] -- Added test 'uncrustify' to check C / C++ code style
[1.129s] -- Configured uncrustify additional arguments: 
[1.129s] -- Added test 'xmllint' to check XML markup files
[1.133s] -- Configuring done (1.1s)
[1.203s] -- Generating done (0.1s)
[1.218s] -- Build files have been written to: /home/ubuntu/ros_workspace/build/assignment_1_rt2
[1.295s] [ 16%] Built target client_exe
[1.295s] [ 33%] Built target server_exe
[1.296s] [ 50%] Built target client
[1.297s] [ 75%] Built target cancel_client_exe
[1.297s] [ 83%] Built target cancel_client
[1.302s] [ 91%] [32mBuilding CXX object CMakeFiles/server.dir/src/action_server.cpp.o[0m
[4.606s] [01m[K/home/ubuntu/ros_workspace/src/assignment_1_rt2/src/action_server.cpp:[m[K In member function ‘[01m[Kvoid assignment_1_rt2::RobotActionServer::[01;32m[Kexecute_callback[m[K(std::shared_ptr<rclcpp_action::ServerGoalHandle<action_tutorials_interfaces::action::Assignment1RT2> >)[m[K’:
[4.607s] [01m[K/home/ubuntu/ros_workspace/src/assignment_1_rt2/src/action_server.cpp:247:42:[m[K [01;31m[Kerror: [m[K‘[01m[Katan2[m[K’ is not a member of ‘[01m[Ktf2[m[K’
[4.607s]   247 |                 float error_theta = tf2::[01;31m[Katan2[m[K(error_x, error_y);
[4.607s]       |                                          [01;31m[K^~~~~[m[K
[4.607s] [01m[K/home/ubuntu/ros_workspace/src/assignment_1_rt2/src/action_server.cpp:247:42:[m[K [01;36m[Knote: [m[Ksuggested alternatives:
[4.607s] In file included from [01m[K/opt/ros/jazzy/include/libstatistics_collector/libstatistics_collector/moving_average_statistics/types.hpp:18[m[K,
[4.607s]                  from [01m[K/opt/ros/jazzy/include/libstatistics_collector/libstatistics_collector/collector/generate_statistics_message.hpp:24[m[K,
[4.607s]                  from [01m[K/opt/ros/jazzy/include/rclcpp/rclcpp/topic_statistics/subscription_topic_statistics.hpp:23[m[K,
[4.607s]                  from [01m[K/opt/ros/jazzy/include/rclcpp/rclcpp/subscription.hpp:50[m[K,
[4.607s]                  from [01m[K/opt/ros/jazzy/include/rclcpp/rclcpp/any_executable.hpp:25[m[K,
[4.607s]                  from [01m[K/opt/ros/jazzy/include/rclcpp/rclcpp/memory_strategy.hpp:25[m[K,
[4.607s]                  from [01m[K/opt/ros/jazzy/include/rclcpp/rclcpp/memory_strategies.hpp:18[m[K,
[4.608s]                  from [01m[K/opt/ros/jazzy/include/rclcpp/rclcpp/executor_options.hpp:22[m[K,
[4.608s]                  from [01m[K/opt/ros/jazzy/include/rclcpp/rclcpp/executor.hpp:38[m[K,
[4.608s]                  from [01m[K/opt/ros/jazzy/include/rclcpp/rclcpp/executors/multi_threaded_executor.hpp:25[m[K,
[4.608s]                  from [01m[K/opt/ros/jazzy/include/rclcpp/rclcpp/executors.hpp:21[m[K,
[4.608s]                  from [01m[K/opt/ros/jazzy/include/rclcpp/rclcpp/rclcpp.hpp:172[m[K,
[4.608s]                  from [01m[K/home/ubuntu/ros_workspace/src/assignment_1_rt2/src/action_server.cpp:10[m[K:
[4.608s] [01m[K/usr/include/c++/13/cmath:146:3:[m[K [01;36m[Knote: [m[K  ‘[01m[Katan2[m[K’
[4.608s]   146 |   [01;36m[Katan2[m[K(float __y, float __x)
[4.608s]       |   [01;36m[K^~~~~[m[K
[4.608s] [01m[K/usr/include/c++/13/cmath:1052:5:[m[K [01;36m[Knote: [m[K  ‘[01m[Kstd::atan2[m[K’
[4.608s]  1052 |     [01;36m[Katan2[m[K(_Tp __y, _Up __x)
[4.608s]       |     [01;36m[K^~~~~[m[K
[4.608s] In file included from [01m[K/usr/include/features.h:502[m[K,
[4.608s]                  from [01m[K/usr/include/x86_64-linux-gnu/c++/13/bits/os_defines.h:39[m[K,
[4.608s]                  from [01m[K/usr/include/x86_64-linux-gnu/c++/13/bits/c++config.h:679[m[K,
[4.608s]                  from [01m[K/usr/include/c++/13/functional:48[m[K,
[4.608s]                  from [01m[K/home/ubuntu/ros_workspace/src/assignment_1_rt2/src/action_server.cpp:1[m[K:
[4.608s] [01m[K/usr/include/x86_64-linux-gnu/bits/mathcalls.h:59:1:[m[K [01;36m[Knote: [m[K  ‘[01m[Kstd::atan2[m[K’
[4.608s]    59 | [01;36m[K__MATHCALL_VEC[m[K (atan2,, (_Mdouble_ __y, _Mdouble_ __x));
[4.608s]       | [01;36m[K^~~~~~~~~~~~~~[m[K
[4.616s] [01m[K/home/ubuntu/ros_workspace/src/assignment_1_rt2/src/action_server.cpp:259:52:[m[K [01;31m[Kerror: [m[K‘[01m[Kdistance_to_goal[m[K’ was not declared in this scope
[4.616s]   259 |                     cmd_vel.linear.x = Kp_linear * [01;31m[Kdistance_to_goal[m[K;
[4.616s]       |                                                    [01;31m[K^~~~~~~~~~~~~~~~[m[K
[8.239s] gmake[2]: *** [CMakeFiles/server.dir/build.make:76: CMakeFiles/server.dir/src/action_server.cpp.o] Error 1
[8.239s] gmake[1]: *** [CMakeFiles/Makefile2:173: CMakeFiles/server.dir/all] Error 2
[8.239s] gmake: *** [Makefile:146: all] Error 2
[8.243s] Invoked command in '/home/ubuntu/ros_workspace/build/assignment_1_rt2' returned '2': AMENT_PREFIX_PATH=/home/ubuntu/ros_workspace/install/bme_gazebo_sensors:/home/ubuntu/ros_workspace/install/action_tutorials_interfaces:${AMENT_PREFIX_PATH} CMAKE_PREFIX_PATH=/home/ubuntu/ros_workspace/install/bme_gazebo_sensors:/home/ubuntu/ros_workspace/install/action_tutorials_interfaces:/opt/ros/jazzy/opt/gz_launch_vendor:/opt/ros/jazzy/opt/gz_sim_vendor:/opt/ros/jazzy/opt/gz_sensors_vendor:/opt/ros/jazzy/opt/gz_physics_vendor:/opt/ros/jazzy/opt/sdformat_vendor:/opt/ros/jazzy/opt/gz_gui_vendor:/opt/ros/jazzy/opt/gz_transport_vendor:/opt/ros/jazzy/opt/gz_rendering_vendor:/opt/ros/jazzy/opt/gz_plugin_vendor:/opt/ros/jazzy/opt/gz_fuel_tools_vendor:/opt/ros/jazzy/opt/gz_msgs_vendor:/opt/ros/jazzy/opt/gz_common_vendor:/opt/ros/jazzy/opt/gz_math_vendor:/opt/ros/jazzy/opt/gz_utils_vendor:/opt/ros/jazzy/opt/gz_tools_vendor:/opt/ros/jazzy/opt/gz_ogre_next_vendor:/opt/ros/jazzy/opt/gz_dartsim_vendor:/opt/ros/jazzy/opt/gz_cmake_vendor:/opt/ros/jazzy LD_LIBRARY_PATH=/home/ubuntu/ros_workspace/install/action_tutorials_interfaces/lib:${LD_LIBRARY_PATH} PYTHONPATH=/home/ubuntu/ros_workspace/install/action_tutorials_interfaces/lib/python3.12/site-packages:${PYTHONPATH} /usr/bin/cmake --build /home/ubuntu/ros_workspace/build/assignment_1_rt2 -- -j16 -l16
