[3.677s] Invoking command in '/home/ubuntu/ros_workspace/src/python_package': PYTHONPATH=/home/ubuntu/ros_workspace/build/python_package/prefix_override:/usr/lib/python3/dist-packages/colcon_core/task/python/colcon_distutils_commands:/home/ubuntu/ros_workspace/install/python_package/lib/python3.12/site-packages:${PYTHONPATH} /usr/bin/python3 -W ignore:setup.py install is deprecated -W ignore:easy_install command is deprecated setup.py egg_info --egg-base ../../build/python_package build --build-base /home/ubuntu/ros_workspace/build/python_package/build install --record /home/ubuntu/ros_workspace/build/python_package/install.log --single-version-externally-managed install_data
[4.090s] running egg_info
[4.091s] creating ../../build/python_package/python_package.egg-info
[4.122s] writing ../../build/python_package/python_package.egg-info/PKG-INFO
[4.122s] writing dependency_links to ../../build/python_package/python_package.egg-info/dependency_links.txt
[4.122s] writing requirements to ../../build/python_package/python_package.egg-info/requires.txt
[4.122s] writing top-level names to ../../build/python_package/python_package.egg-info/top_level.txt
[4.123s] writing manifest file '../../build/python_package/python_package.egg-info/SOURCES.txt'
[4.187s] reading manifest file '../../build/python_package/python_package.egg-info/SOURCES.txt'
[4.188s] writing manifest file '../../build/python_package/python_package.egg-info/SOURCES.txt'
[4.188s] running build
[4.188s] running build_py
[4.188s] creating /home/ubuntu/ros_workspace/build/python_package/build
[4.188s] creating /home/ubuntu/ros_workspace/build/python_package/build/lib
[4.188s] creating /home/ubuntu/ros_workspace/build/python_package/build/lib/python_package
[4.189s] copying python_package/__init__.py -> /home/ubuntu/ros_workspace/build/python_package/build/lib/python_package
[4.189s] running install
[4.196s] running install_lib
[4.226s] creating /home/ubuntu/ros_workspace/install/python_package/lib/python3.12/site-packages/python_package
[4.236s] copying /home/ubuntu/ros_workspace/build/python_package/build/lib/python_package/__init__.py -> /home/ubuntu/ros_workspace/install/python_package/lib/python3.12/site-packages/python_package
[4.237s] byte-compiling /home/ubuntu/ros_workspace/install/python_package/lib/python3.12/site-packages/python_package/__init__.py to __init__.cpython-312.pyc
[4.241s] running install_data
[4.241s] creating /home/ubuntu/ros_workspace/install/python_package/share/ament_index
[4.241s] creating /home/ubuntu/ros_workspace/install/python_package/share/ament_index/resource_index
[4.241s] creating /home/ubuntu/ros_workspace/install/python_package/share/ament_index/resource_index/packages
[4.251s] copying resource/python_package -> /home/ubuntu/ros_workspace/install/python_package/share/ament_index/resource_index/packages
[4.251s] copying package.xml -> /home/ubuntu/ros_workspace/install/python_package/share/python_package
[4.251s] running install_egg_info
[4.272s] Copying ../../build/python_package/python_package.egg-info to /home/ubuntu/ros_workspace/install/python_package/lib/python3.12/site-packages/python_package-0.0.0-py3.12.egg-info
[4.272s] running install_scripts
[4.544s] writing list of installed files to '/home/ubuntu/ros_workspace/build/python_package/install.log'
[4.659s] Invoked command in '/home/ubuntu/ros_workspace/src/python_package' returned '0': PYTHONPATH=/home/ubuntu/ros_workspace/build/python_package/prefix_override:/usr/lib/python3/dist-packages/colcon_core/task/python/colcon_distutils_commands:/home/ubuntu/ros_workspace/install/python_package/lib/python3.12/site-packages:${PYTHONPATH} /usr/bin/python3 -W ignore:setup.py install is deprecated -W ignore:easy_install command is deprecated setup.py egg_info --egg-base ../../build/python_package build --build-base /home/ubuntu/ros_workspace/build/python_package/build install --record /home/ubuntu/ros_workspace/build/python_package/install.log --single-version-externally-managed install_data
