[0.045s] Invoking command in '/home/ubuntu/ros_workspace/build/assignment_1_rt2': AMENT_PREFIX_PATH=/home/ubuntu/ros_workspace/install/bme_gazebo_sensors:/home/ubuntu/ros_workspace/install/action_tutorials_interfaces:${AMENT_PREFIX_PATH} CMAKE_PREFIX_PATH=/home/ubuntu/ros_workspace/install/bme_gazebo_sensors:/home/ubuntu/ros_workspace/install/action_tutorials_interfaces:/opt/ros/jazzy/opt/gz_launch_vendor:/opt/ros/jazzy/opt/gz_sim_vendor:/opt/ros/jazzy/opt/gz_sensors_vendor:/opt/ros/jazzy/opt/gz_physics_vendor:/opt/ros/jazzy/opt/sdformat_vendor:/opt/ros/jazzy/opt/gz_gui_vendor:/opt/ros/jazzy/opt/gz_transport_vendor:/opt/ros/jazzy/opt/gz_rendering_vendor:/opt/ros/jazzy/opt/gz_plugin_vendor:/opt/ros/jazzy/opt/gz_fuel_tools_vendor:/opt/ros/jazzy/opt/gz_msgs_vendor:/opt/ros/jazzy/opt/gz_common_vendor:/opt/ros/jazzy/opt/gz_math_vendor:/opt/ros/jazzy/opt/gz_utils_vendor:/opt/ros/jazzy/opt/gz_tools_vendor:/opt/ros/jazzy/opt/gz_ogre_next_vendor:/opt/ros/jazzy/opt/gz_dartsim_vendor:/opt/ros/jazzy/opt/gz_cmake_vendor:/opt/ros/jazzy LD_LIBRARY_PATH=/home/ubuntu/ros_workspace/install/action_tutorials_interfaces/lib:${LD_LIBRARY_PATH} PYTHONPATH=/home/ubuntu/ros_workspace/install/action_tutorials_interfaces/lib/python3.12/site-packages:${PYTHONPATH} /usr/bin/cmake --build /home/ubuntu/ros_workspace/build/assignment_1_rt2 -- -j16 -l16
[0.294s] [  8%] [32mBuilding CXX object CMakeFiles/server.dir/src/action_server.cpp.o[0m
[0.295s] [ 33%] Built target client_exe
[0.295s] [ 41%] Built target cancel_client
[0.296s] [ 58%] Built target client
[0.296s] [ 75%] Built target server_exe
[0.297s] [ 91%] Built target cancel_client_exe
[14.090s] [100%] [32m[1mLinking CXX shared library libserver.so[0m
[14.928s] [100%] Built target server
[14.949s] Invoked command in '/home/ubuntu/ros_workspace/build/assignment_1_rt2' returned '0': AMENT_PREFIX_PATH=/home/ubuntu/ros_workspace/install/bme_gazebo_sensors:/home/ubuntu/ros_workspace/install/action_tutorials_interfaces:${AMENT_PREFIX_PATH} CMAKE_PREFIX_PATH=/home/ubuntu/ros_workspace/install/bme_gazebo_sensors:/home/ubuntu/ros_workspace/install/action_tutorials_interfaces:/opt/ros/jazzy/opt/gz_launch_vendor:/opt/ros/jazzy/opt/gz_sim_vendor:/opt/ros/jazzy/opt/gz_sensors_vendor:/opt/ros/jazzy/opt/gz_physics_vendor:/opt/ros/jazzy/opt/sdformat_vendor:/opt/ros/jazzy/opt/gz_gui_vendor:/opt/ros/jazzy/opt/gz_transport_vendor:/opt/ros/jazzy/opt/gz_rendering_vendor:/opt/ros/jazzy/opt/gz_plugin_vendor:/opt/ros/jazzy/opt/gz_fuel_tools_vendor:/opt/ros/jazzy/opt/gz_msgs_vendor:/opt/ros/jazzy/opt/gz_common_vendor:/opt/ros/jazzy/opt/gz_math_vendor:/opt/ros/jazzy/opt/gz_utils_vendor:/opt/ros/jazzy/opt/gz_tools_vendor:/opt/ros/jazzy/opt/gz_ogre_next_vendor:/opt/ros/jazzy/opt/gz_dartsim_vendor:/opt/ros/jazzy/opt/gz_cmake_vendor:/opt/ros/jazzy LD_LIBRARY_PATH=/home/ubuntu/ros_workspace/install/action_tutorials_interfaces/lib:${LD_LIBRARY_PATH} PYTHONPATH=/home/ubuntu/ros_workspace/install/action_tutorials_interfaces/lib/python3.12/site-packages:${PYTHONPATH} /usr/bin/cmake --build /home/ubuntu/ros_workspace/build/assignment_1_rt2 -- -j16 -l16
[14.969s] Invoking command in '/home/ubuntu/ros_workspace/build/assignment_1_rt2': AMENT_PREFIX_PATH=/home/ubuntu/ros_workspace/install/bme_gazebo_sensors:/home/ubuntu/ros_workspace/install/action_tutorials_interfaces:${AMENT_PREFIX_PATH} CMAKE_PREFIX_PATH=/home/ubuntu/ros_workspace/install/bme_gazebo_sensors:/home/ubuntu/ros_workspace/install/action_tutorials_interfaces:/opt/ros/jazzy/opt/gz_launch_vendor:/opt/ros/jazzy/opt/gz_sim_vendor:/opt/ros/jazzy/opt/gz_sensors_vendor:/opt/ros/jazzy/opt/gz_physics_vendor:/opt/ros/jazzy/opt/sdformat_vendor:/opt/ros/jazzy/opt/gz_gui_vendor:/opt/ros/jazzy/opt/gz_transport_vendor:/opt/ros/jazzy/opt/gz_rendering_vendor:/opt/ros/jazzy/opt/gz_plugin_vendor:/opt/ros/jazzy/opt/gz_fuel_tools_vendor:/opt/ros/jazzy/opt/gz_msgs_vendor:/opt/ros/jazzy/opt/gz_common_vendor:/opt/ros/jazzy/opt/gz_math_vendor:/opt/ros/jazzy/opt/gz_utils_vendor:/opt/ros/jazzy/opt/gz_tools_vendor:/opt/ros/jazzy/opt/gz_ogre_next_vendor:/opt/ros/jazzy/opt/gz_dartsim_vendor:/opt/ros/jazzy/opt/gz_cmake_vendor:/opt/ros/jazzy LD_LIBRARY_PATH=/home/ubuntu/ros_workspace/install/action_tutorials_interfaces/lib:${LD_LIBRARY_PATH} PYTHONPATH=/home/ubuntu/ros_workspace/install/action_tutorials_interfaces/lib/python3.12/site-packages:${PYTHONPATH} /usr/bin/cmake --install /home/ubuntu/ros_workspace/build/assignment_1_rt2
[14.984s] -- Install configuration: ""
[14.988s] -- Up-to-date: /home/ubuntu/ros_workspace/install/assignment_1_rt2/lib/assignment_1_rt2/client_exe
[14.990s] -- Up-to-date: /home/ubuntu/ros_workspace/install/assignment_1_rt2/lib/assignment_1_rt2/server_exe
[14.991s] -- Up-to-date: /home/ubuntu/ros_workspace/install/assignment_1_rt2/lib/assignment_1_rt2/cancel_client_exe
[14.993s] -- Up-to-date: /home/ubuntu/ros_workspace/install/assignment_1_rt2/lib/libclient.so
[14.995s] -- Installing: /home/ubuntu/ros_workspace/install/assignment_1_rt2/lib/libserver.so
[15.015s] -- Set non-toolchain portion of runtime path of "/home/ubuntu/ros_workspace/install/assignment_1_rt2/lib/libserver.so" to ""
[15.017s] -- Up-to-date: /home/ubuntu/ros_workspace/install/assignment_1_rt2/lib/libcancel_client.so
[15.017s] -- Installing: /home/ubuntu/ros_workspace/install/assignment_1_rt2/lib/assignment_1_rt2/user_interface.py
[15.018s] -- Up-to-date: /home/ubuntu/ros_workspace/install/assignment_1_rt2/share/assignment_1_rt2/launch
[15.018s] -- Up-to-date: /home/ubuntu/ros_workspace/install/assignment_1_rt2/share/assignment_1_rt2/launch/simulation.launch.py
[15.018s] -- Up-to-date: /home/ubuntu/ros_workspace/install/assignment_1_rt2/share/ament_index/resource_index/package_run_dependencies/assignment_1_rt2
[15.018s] -- Up-to-date: /home/ubuntu/ros_workspace/install/assignment_1_rt2/share/ament_index/resource_index/parent_prefix_path/assignment_1_rt2
[15.019s] -- Up-to-date: /home/ubuntu/ros_workspace/install/assignment_1_rt2/share/assignment_1_rt2/environment/ament_prefix_path.sh
[15.019s] -- Up-to-date: /home/ubuntu/ros_workspace/install/assignment_1_rt2/share/assignment_1_rt2/environment/ament_prefix_path.dsv
[15.019s] -- Up-to-date: /home/ubuntu/ros_workspace/install/assignment_1_rt2/share/assignment_1_rt2/environment/path.sh
[15.020s] -- Up-to-date: /home/ubuntu/ros_workspace/install/assignment_1_rt2/share/assignment_1_rt2/environment/path.dsv
[15.020s] -- Up-to-date: /home/ubuntu/ros_workspace/install/assignment_1_rt2/share/assignment_1_rt2/local_setup.bash
[15.020s] -- Up-to-date: /home/ubuntu/ros_workspace/install/assignment_1_rt2/share/assignment_1_rt2/local_setup.sh
[15.020s] -- Up-to-date: /home/ubuntu/ros_workspace/install/assignment_1_rt2/share/assignment_1_rt2/local_setup.zsh
[15.020s] -- Up-to-date: /home/ubuntu/ros_workspace/install/assignment_1_rt2/share/assignment_1_rt2/local_setup.dsv
[15.020s] -- Installing: /home/ubuntu/ros_workspace/install/assignment_1_rt2/share/assignment_1_rt2/package.dsv
[15.020s] -- Up-to-date: /home/ubuntu/ros_workspace/install/assignment_1_rt2/share/ament_index/resource_index/packages/assignment_1_rt2
[15.021s] -- Up-to-date: /home/ubuntu/ros_workspace/install/assignment_1_rt2/share/ament_index/resource_index/rclcpp_components/assignment_1_rt2
[15.021s] -- Up-to-date: /home/ubuntu/ros_workspace/install/assignment_1_rt2/share/assignment_1_rt2/cmake/export_assignment_1_rt2_clientExport.cmake
[15.021s] -- Up-to-date: /home/ubuntu/ros_workspace/install/assignment_1_rt2/share/assignment_1_rt2/cmake/export_assignment_1_rt2_clientExport-noconfig.cmake
[15.022s] -- Up-to-date: /home/ubuntu/ros_workspace/install/assignment_1_rt2/share/assignment_1_rt2/cmake/export_assignment_1_rt2_serverExport.cmake
[15.023s] -- Up-to-date: /home/ubuntu/ros_workspace/install/assignment_1_rt2/share/assignment_1_rt2/cmake/export_assignment_1_rt2_serverExport-noconfig.cmake
[15.023s] -- Up-to-date: /home/ubuntu/ros_workspace/install/assignment_1_rt2/share/assignment_1_rt2/cmake/export_assignment_1_rt2_cancel_clientExport.cmake
[15.023s] -- Up-to-date: /home/ubuntu/ros_workspace/install/assignment_1_rt2/share/assignment_1_rt2/cmake/export_assignment_1_rt2_cancel_clientExport-noconfig.cmake
[15.024s] -- Up-to-date: /home/ubuntu/ros_workspace/install/assignment_1_rt2/share/assignment_1_rt2/cmake/ament_cmake_export_targets-extras.cmake
[15.024s] -- Up-to-date: /home/ubuntu/ros_workspace/install/assignment_1_rt2/share/assignment_1_rt2/cmake/assignment_1_rt2Config.cmake
[15.024s] -- Up-to-date: /home/ubuntu/ros_workspace/install/assignment_1_rt2/share/assignment_1_rt2/cmake/assignment_1_rt2Config-version.cmake
[15.024s] -- Up-to-date: /home/ubuntu/ros_workspace/install/assignment_1_rt2/share/assignment_1_rt2/package.xml
[15.027s] Invoked command in '/home/ubuntu/ros_workspace/build/assignment_1_rt2' returned '0': AMENT_PREFIX_PATH=/home/ubuntu/ros_workspace/install/bme_gazebo_sensors:/home/ubuntu/ros_workspace/install/action_tutorials_interfaces:${AMENT_PREFIX_PATH} CMAKE_PREFIX_PATH=/home/ubuntu/ros_workspace/install/bme_gazebo_sensors:/home/ubuntu/ros_workspace/install/action_tutorials_interfaces:/opt/ros/jazzy/opt/gz_launch_vendor:/opt/ros/jazzy/opt/gz_sim_vendor:/opt/ros/jazzy/opt/gz_sensors_vendor:/opt/ros/jazzy/opt/gz_physics_vendor:/opt/ros/jazzy/opt/sdformat_vendor:/opt/ros/jazzy/opt/gz_gui_vendor:/opt/ros/jazzy/opt/gz_transport_vendor:/opt/ros/jazzy/opt/gz_rendering_vendor:/opt/ros/jazzy/opt/gz_plugin_vendor:/opt/ros/jazzy/opt/gz_fuel_tools_vendor:/opt/ros/jazzy/opt/gz_msgs_vendor:/opt/ros/jazzy/opt/gz_common_vendor:/opt/ros/jazzy/opt/gz_math_vendor:/opt/ros/jazzy/opt/gz_utils_vendor:/opt/ros/jazzy/opt/gz_tools_vendor:/opt/ros/jazzy/opt/gz_ogre_next_vendor:/opt/ros/jazzy/opt/gz_dartsim_vendor:/opt/ros/jazzy/opt/gz_cmake_vendor:/opt/ros/jazzy LD_LIBRARY_PATH=/home/ubuntu/ros_workspace/install/action_tutorials_interfaces/lib:${LD_LIBRARY_PATH} PYTHONPATH=/home/ubuntu/ros_workspace/install/action_tutorials_interfaces/lib/python3.12/site-packages:${PYTHONPATH} /usr/bin/cmake --install /home/ubuntu/ros_workspace/build/assignment_1_rt2
