[0.242s] DEBUG:colcon:Command line arguments: ['/usr/bin/colcon', 'build']
[0.242s] DEBUG:colcon:Parsed command line arguments: Namespace(log_base=None, log_level=None, verb_name='build', build_base='build', install_base='install', merge_install=False, symlink_install=False, test_result_base=None, continue_on_error=False, executor='parallel', parallel_workers=16, event_handlers=None, ignore_user_meta=False, metas=['./colcon.meta'], base_paths=['.'], packages_ignore=None, packages_ignore_regex=None, paths=None, packages_up_to=None, packages_up_to_regex=None, packages_above=None, packages_above_and_dependencies=None, packages_above_depth=None, packages_select_by_dep=None, packages_skip_by_dep=None, packages_skip_up_to=None, packages_select_build_failed=False, packages_skip_build_finished=False, packages_select_test_failures=False, packages_skip_test_passed=False, packages_select=None, packages_skip=None, packages_select_regex=None, packages_skip_regex=None, packages_start=None, packages_end=None, cmake_args=None, cmake_target=None, cmake_target_skip_unavailable=False, cmake_clean_cache=False, cmake_clean_first=False, cmake_force_configure=False, ament_cmake_args=None, catkin_cmake_args=None, catkin_skip_building_tests=False, mixin_files=None, mixin=None, verb_parser=<colcon_mixin.mixin.mixin_argument.MixinArgumentDecorator object at 0x71ce8ce89dc0>, verb_extension=<colcon_core.verb.build.BuildVerb object at 0x71ce8cfd9a00>, main=<bound method BuildVerb.main of <colcon_core.verb.build.BuildVerb object at 0x71ce8cfd9a00>>, mixin_verb=('build',))
[0.313s] Level 1:colcon.colcon_core.package_discovery:discover_packages(colcon_meta) check parameters
[0.314s] INFO:colcon.colcon_metadata.package_discovery.colcon_meta:Using configuration from '/root/.colcon/metadata/default/Gazebo.meta'
[0.315s] INFO:colcon.colcon_metadata.package_discovery.colcon_meta:Using configuration from '/root/.colcon/metadata/default/fastdds.meta'
[0.315s] INFO:colcon.colcon_metadata.package_discovery.colcon_meta:Using configuration from '/root/.colcon/metadata/default/fastrtps.meta'
[0.315s] Level 1:colcon.colcon_core.package_discovery:discover_packages(recursive) check parameters
[0.315s] Level 1:colcon.colcon_core.package_discovery:discover_packages(ignore) check parameters
[0.315s] Level 1:colcon.colcon_core.package_discovery:discover_packages(path) check parameters
[0.315s] Level 1:colcon.colcon_core.package_discovery:discover_packages(colcon_meta) discover
[0.315s] Level 1:colcon.colcon_core.package_discovery:discover_packages(recursive) discover
[0.315s] INFO:colcon.colcon_core.package_discovery:Crawling recursively for packages in '/home/ubuntu/ros_workspace'
[0.316s] Level 1:colcon.colcon_core.package_identification:_identify(.) by extensions ['ignore', 'ignore_ament_install']
[0.316s] Level 1:colcon.colcon_core.package_identification:_identify(.) by extension 'ignore'
[0.316s] Level 1:colcon.colcon_core.package_identification:_identify(.) by extension 'ignore_ament_install'
[0.316s] Level 1:colcon.colcon_core.package_identification:_identify(.) by extensions ['colcon_pkg']
[0.316s] Level 1:colcon.colcon_core.package_identification:_identify(.) by extension 'colcon_pkg'
[0.316s] Level 1:colcon.colcon_core.package_identification:_identify(.) by extensions ['colcon_meta']
[0.316s] Level 1:colcon.colcon_core.package_identification:_identify(.) by extension 'colcon_meta'
[0.316s] Level 1:colcon.colcon_core.package_identification:_identify(.) by extensions ['ros']
[0.316s] Level 1:colcon.colcon_core.package_identification:_identify(.) by extension 'ros'
[0.354s] Level 1:colcon.colcon_core.package_identification:_identify(.) by extensions ['cmake', 'python']
[0.354s] Level 1:colcon.colcon_core.package_identification:_identify(.) by extension 'cmake'
[0.354s] Level 1:colcon.colcon_core.package_identification:_identify(.) by extension 'python'
[0.354s] Level 1:colcon.colcon_core.package_identification:_identify(.) by extensions ['python_setup_py']
[0.354s] Level 1:colcon.colcon_core.package_identification:_identify(.) by extension 'python_setup_py'
[0.354s] Level 1:colcon.colcon_core.package_identification:_identify(build) by extensions ['ignore', 'ignore_ament_install']
[0.354s] Level 1:colcon.colcon_core.package_identification:_identify(build) by extension 'ignore'
[0.355s] Level 1:colcon.colcon_core.package_identification:_identify(build) ignored
[0.355s] Level 1:colcon.colcon_core.package_identification:_identify(install) by extensions ['ignore', 'ignore_ament_install']
[0.355s] Level 1:colcon.colcon_core.package_identification:_identify(install) by extension 'ignore'
[0.355s] Level 1:colcon.colcon_core.package_identification:_identify(install) ignored
[0.356s] Level 1:colcon.colcon_core.package_identification:_identify(log) by extensions ['ignore', 'ignore_ament_install']
[0.356s] Level 1:colcon.colcon_core.package_identification:_identify(log) by extension 'ignore'
[0.356s] Level 1:colcon.colcon_core.package_identification:_identify(log) ignored
[0.356s] Level 1:colcon.colcon_core.package_identification:_identify(src) by extensions ['ignore', 'ignore_ament_install']
[0.356s] Level 1:colcon.colcon_core.package_identification:_identify(src) by extension 'ignore'
[0.356s] Level 1:colcon.colcon_core.package_identification:_identify(src) by extension 'ignore_ament_install'
[0.356s] Level 1:colcon.colcon_core.package_identification:_identify(src) by extensions ['colcon_pkg']
[0.356s] Level 1:colcon.colcon_core.package_identification:_identify(src) by extension 'colcon_pkg'
[0.356s] Level 1:colcon.colcon_core.package_identification:_identify(src) by extensions ['colcon_meta']
[0.356s] Level 1:colcon.colcon_core.package_identification:_identify(src) by extension 'colcon_meta'
[0.356s] Level 1:colcon.colcon_core.package_identification:_identify(src) by extensions ['ros']
[0.356s] Level 1:colcon.colcon_core.package_identification:_identify(src) by extension 'ros'
[0.356s] Level 1:colcon.colcon_core.package_identification:_identify(src) by extensions ['cmake', 'python']
[0.356s] Level 1:colcon.colcon_core.package_identification:_identify(src) by extension 'cmake'
[0.356s] Level 1:colcon.colcon_core.package_identification:_identify(src) by extension 'python'
[0.356s] Level 1:colcon.colcon_core.package_identification:_identify(src) by extensions ['python_setup_py']
[0.356s] Level 1:colcon.colcon_core.package_identification:_identify(src) by extension 'python_setup_py'
[0.357s] Level 1:colcon.colcon_core.package_identification:_identify(src/cmake_package) by extensions ['ignore', 'ignore_ament_install']
[0.357s] Level 1:colcon.colcon_core.package_identification:_identify(src/cmake_package) by extension 'ignore'
[0.357s] Level 1:colcon.colcon_core.package_identification:_identify(src/cmake_package) by extension 'ignore_ament_install'
[0.357s] Level 1:colcon.colcon_core.package_identification:_identify(src/cmake_package) by extensions ['colcon_pkg']
[0.357s] Level 1:colcon.colcon_core.package_identification:_identify(src/cmake_package) by extension 'colcon_pkg'
[0.357s] Level 1:colcon.colcon_core.package_identification:_identify(src/cmake_package) by extensions ['colcon_meta']
[0.357s] Level 1:colcon.colcon_core.package_identification:_identify(src/cmake_package) by extension 'colcon_meta'
[0.357s] Level 1:colcon.colcon_core.package_identification:_identify(src/cmake_package) by extensions ['ros']
[0.357s] Level 1:colcon.colcon_core.package_identification:_identify(src/cmake_package) by extension 'ros'
[0.361s] DEBUG:colcon.colcon_core.package_identification:Package 'src/cmake_package' with type 'ros.ament_cmake' and name 'cmake_package'
[0.361s] Level 1:colcon.colcon_core.package_identification:_identify(src/first_package_cpp) by extensions ['ignore', 'ignore_ament_install']
[0.361s] Level 1:colcon.colcon_core.package_identification:_identify(src/first_package_cpp) by extension 'ignore'
[0.361s] Level 1:colcon.colcon_core.package_identification:_identify(src/first_package_cpp) by extension 'ignore_ament_install'
[0.362s] Level 1:colcon.colcon_core.package_identification:_identify(src/first_package_cpp) by extensions ['colcon_pkg']
[0.362s] Level 1:colcon.colcon_core.package_identification:_identify(src/first_package_cpp) by extension 'colcon_pkg'
[0.362s] Level 1:colcon.colcon_core.package_identification:_identify(src/first_package_cpp) by extensions ['colcon_meta']
[0.362s] Level 1:colcon.colcon_core.package_identification:_identify(src/first_package_cpp) by extension 'colcon_meta'
[0.362s] Level 1:colcon.colcon_core.package_identification:_identify(src/first_package_cpp) by extensions ['ros']
[0.362s] Level 1:colcon.colcon_core.package_identification:_identify(src/first_package_cpp) by extension 'ros'
[0.363s] DEBUG:colcon.colcon_core.package_identification:Package 'src/first_package_cpp' with type 'ros.ament_cmake' and name 'first_package_cpp'
[0.363s] Level 1:colcon.colcon_core.package_identification:_identify(src/ob_first_package_cpp) by extensions ['ignore', 'ignore_ament_install']
[0.363s] Level 1:colcon.colcon_core.package_identification:_identify(src/ob_first_package_cpp) by extension 'ignore'
[0.363s] Level 1:colcon.colcon_core.package_identification:_identify(src/ob_first_package_cpp) by extension 'ignore_ament_install'
[0.363s] Level 1:colcon.colcon_core.package_identification:_identify(src/ob_first_package_cpp) by extensions ['colcon_pkg']
[0.363s] Level 1:colcon.colcon_core.package_identification:_identify(src/ob_first_package_cpp) by extension 'colcon_pkg'
[0.363s] Level 1:colcon.colcon_core.package_identification:_identify(src/ob_first_package_cpp) by extensions ['colcon_meta']
[0.363s] Level 1:colcon.colcon_core.package_identification:_identify(src/ob_first_package_cpp) by extension 'colcon_meta'
[0.363s] Level 1:colcon.colcon_core.package_identification:_identify(src/ob_first_package_cpp) by extensions ['ros']
[0.363s] Level 1:colcon.colcon_core.package_identification:_identify(src/ob_first_package_cpp) by extension 'ros'
[0.364s] DEBUG:colcon.colcon_core.package_identification:Package 'src/ob_first_package_cpp' with type 'ros.ament_cmake' and name 'ob_first_package_cpp'
[0.364s] Level 1:colcon.colcon_core.package_identification:_identify(src/python_package) by extensions ['ignore', 'ignore_ament_install']
[0.364s] Level 1:colcon.colcon_core.package_identification:_identify(src/python_package) by extension 'ignore'
[0.365s] Level 1:colcon.colcon_core.package_identification:_identify(src/python_package) by extension 'ignore_ament_install'
[0.365s] Level 1:colcon.colcon_core.package_identification:_identify(src/python_package) by extensions ['colcon_pkg']
[0.365s] Level 1:colcon.colcon_core.package_identification:_identify(src/python_package) by extension 'colcon_pkg'
[0.365s] Level 1:colcon.colcon_core.package_identification:_identify(src/python_package) by extensions ['colcon_meta']
[0.365s] Level 1:colcon.colcon_core.package_identification:_identify(src/python_package) by extension 'colcon_meta'
[0.365s] Level 1:colcon.colcon_core.package_identification:_identify(src/python_package) by extensions ['ros']
[0.365s] Level 1:colcon.colcon_core.package_identification:_identify(src/python_package) by extension 'ros'
[0.365s] DEBUG:colcon.colcon_core.package_identification:Package 'src/python_package' with type 'ros.ament_python' and name 'python_package'
[0.366s] Level 1:colcon.colcon_core.package_identification:_identify(src/turtlesim_controller) by extensions ['ignore', 'ignore_ament_install']
[0.366s] Level 1:colcon.colcon_core.package_identification:_identify(src/turtlesim_controller) by extension 'ignore'
[0.366s] Level 1:colcon.colcon_core.package_identification:_identify(src/turtlesim_controller) by extension 'ignore_ament_install'
[0.366s] Level 1:colcon.colcon_core.package_identification:_identify(src/turtlesim_controller) by extensions ['colcon_pkg']
[0.366s] Level 1:colcon.colcon_core.package_identification:_identify(src/turtlesim_controller) by extension 'colcon_pkg'
[0.366s] Level 1:colcon.colcon_core.package_identification:_identify(src/turtlesim_controller) by extensions ['colcon_meta']
[0.366s] Level 1:colcon.colcon_core.package_identification:_identify(src/turtlesim_controller) by extension 'colcon_meta'
[0.366s] Level 1:colcon.colcon_core.package_identification:_identify(src/turtlesim_controller) by extensions ['ros']
[0.366s] Level 1:colcon.colcon_core.package_identification:_identify(src/turtlesim_controller) by extension 'ros'
[0.367s] DEBUG:colcon.colcon_core.package_identification:Package 'src/turtlesim_controller' with type 'ros.ament_cmake' and name 'turtlesim_controller'
[0.367s] Level 1:colcon.colcon_core.package_discovery:discover_packages(recursive) using defaults
[0.367s] Level 1:colcon.colcon_core.package_discovery:discover_packages(ignore) discover
[0.367s] Level 1:colcon.colcon_core.package_discovery:discover_packages(ignore) using defaults
[0.367s] Level 1:colcon.colcon_core.package_discovery:discover_packages(path) discover
[0.367s] Level 1:colcon.colcon_core.package_discovery:discover_packages(path) using defaults
[0.397s] Level 5:colcon.colcon_core.verb:set package 'cmake_package' build argument 'cmake_args' from command line to 'None'
[0.398s] Level 5:colcon.colcon_core.verb:set package 'cmake_package' build argument 'cmake_target' from command line to 'None'
[0.398s] Level 5:colcon.colcon_core.verb:set package 'cmake_package' build argument 'cmake_target_skip_unavailable' from command line to 'False'
[0.398s] Level 5:colcon.colcon_core.verb:set package 'cmake_package' build argument 'cmake_clean_cache' from command line to 'False'
[0.398s] Level 5:colcon.colcon_core.verb:set package 'cmake_package' build argument 'cmake_clean_first' from command line to 'False'
[0.398s] Level 5:colcon.colcon_core.verb:set package 'cmake_package' build argument 'cmake_force_configure' from command line to 'False'
[0.398s] Level 5:colcon.colcon_core.verb:set package 'cmake_package' build argument 'ament_cmake_args' from command line to 'None'
[0.398s] Level 5:colcon.colcon_core.verb:set package 'cmake_package' build argument 'catkin_cmake_args' from command line to 'None'
[0.398s] Level 5:colcon.colcon_core.verb:set package 'cmake_package' build argument 'catkin_skip_building_tests' from command line to 'False'
[0.398s] DEBUG:colcon.colcon_core.verb:Building package 'cmake_package' with the following arguments: {'ament_cmake_args': None, 'build_base': '/home/ubuntu/ros_workspace/build/cmake_package', 'catkin_cmake_args': None, 'catkin_skip_building_tests': False, 'cmake_args': None, 'cmake_clean_cache': False, 'cmake_clean_first': False, 'cmake_force_configure': False, 'cmake_target': None, 'cmake_target_skip_unavailable': False, 'install_base': '/home/ubuntu/ros_workspace/install/cmake_package', 'merge_install': False, 'path': '/home/ubuntu/ros_workspace/src/cmake_package', 'symlink_install': False, 'test_result_base': None}
[0.398s] Level 5:colcon.colcon_core.verb:set package 'first_package_cpp' build argument 'cmake_args' from command line to 'None'
[0.398s] Level 5:colcon.colcon_core.verb:set package 'first_package_cpp' build argument 'cmake_target' from command line to 'None'
[0.398s] Level 5:colcon.colcon_core.verb:set package 'first_package_cpp' build argument 'cmake_target_skip_unavailable' from command line to 'False'
[0.398s] Level 5:colcon.colcon_core.verb:set package 'first_package_cpp' build argument 'cmake_clean_cache' from command line to 'False'
[0.398s] Level 5:colcon.colcon_core.verb:set package 'first_package_cpp' build argument 'cmake_clean_first' from command line to 'False'
[0.398s] Level 5:colcon.colcon_core.verb:set package 'first_package_cpp' build argument 'cmake_force_configure' from command line to 'False'
[0.398s] Level 5:colcon.colcon_core.verb:set package 'first_package_cpp' build argument 'ament_cmake_args' from command line to 'None'
[0.398s] Level 5:colcon.colcon_core.verb:set package 'first_package_cpp' build argument 'catkin_cmake_args' from command line to 'None'
[0.398s] Level 5:colcon.colcon_core.verb:set package 'first_package_cpp' build argument 'catkin_skip_building_tests' from command line to 'False'
[0.398s] DEBUG:colcon.colcon_core.verb:Building package 'first_package_cpp' with the following arguments: {'ament_cmake_args': None, 'build_base': '/home/ubuntu/ros_workspace/build/first_package_cpp', 'catkin_cmake_args': None, 'catkin_skip_building_tests': False, 'cmake_args': None, 'cmake_clean_cache': False, 'cmake_clean_first': False, 'cmake_force_configure': False, 'cmake_target': None, 'cmake_target_skip_unavailable': False, 'install_base': '/home/ubuntu/ros_workspace/install/first_package_cpp', 'merge_install': False, 'path': '/home/ubuntu/ros_workspace/src/first_package_cpp', 'symlink_install': False, 'test_result_base': None}
[0.398s] Level 5:colcon.colcon_core.verb:set package 'ob_first_package_cpp' build argument 'cmake_args' from command line to 'None'
[0.399s] Level 5:colcon.colcon_core.verb:set package 'ob_first_package_cpp' build argument 'cmake_target' from command line to 'None'
[0.399s] Level 5:colcon.colcon_core.verb:set package 'ob_first_package_cpp' build argument 'cmake_target_skip_unavailable' from command line to 'False'
[0.399s] Level 5:colcon.colcon_core.verb:set package 'ob_first_package_cpp' build argument 'cmake_clean_cache' from command line to 'False'
[0.399s] Level 5:colcon.colcon_core.verb:set package 'ob_first_package_cpp' build argument 'cmake_clean_first' from command line to 'False'
[0.399s] Level 5:colcon.colcon_core.verb:set package 'ob_first_package_cpp' build argument 'cmake_force_configure' from command line to 'False'
[0.399s] Level 5:colcon.colcon_core.verb:set package 'ob_first_package_cpp' build argument 'ament_cmake_args' from command line to 'None'
[0.399s] Level 5:colcon.colcon_core.verb:set package 'ob_first_package_cpp' build argument 'catkin_cmake_args' from command line to 'None'
[0.399s] Level 5:colcon.colcon_core.verb:set package 'ob_first_package_cpp' build argument 'catkin_skip_building_tests' from command line to 'False'
[0.399s] DEBUG:colcon.colcon_core.verb:Building package 'ob_first_package_cpp' with the following arguments: {'ament_cmake_args': None, 'build_base': '/home/ubuntu/ros_workspace/build/ob_first_package_cpp', 'catkin_cmake_args': None, 'catkin_skip_building_tests': False, 'cmake_args': None, 'cmake_clean_cache': False, 'cmake_clean_first': False, 'cmake_force_configure': False, 'cmake_target': None, 'cmake_target_skip_unavailable': False, 'install_base': '/home/ubuntu/ros_workspace/install/ob_first_package_cpp', 'merge_install': False, 'path': '/home/ubuntu/ros_workspace/src/ob_first_package_cpp', 'symlink_install': False, 'test_result_base': None}
[0.399s] Level 5:colcon.colcon_core.verb:set package 'python_package' build argument 'cmake_args' from command line to 'None'
[0.399s] Level 5:colcon.colcon_core.verb:set package 'python_package' build argument 'cmake_target' from command line to 'None'
[0.399s] Level 5:colcon.colcon_core.verb:set package 'python_package' build argument 'cmake_target_skip_unavailable' from command line to 'False'
[0.399s] Level 5:colcon.colcon_core.verb:set package 'python_package' build argument 'cmake_clean_cache' from command line to 'False'
[0.399s] Level 5:colcon.colcon_core.verb:set package 'python_package' build argument 'cmake_clean_first' from command line to 'False'
[0.399s] Level 5:colcon.colcon_core.verb:set package 'python_package' build argument 'cmake_force_configure' from command line to 'False'
[0.399s] Level 5:colcon.colcon_core.verb:set package 'python_package' build argument 'ament_cmake_args' from command line to 'None'
[0.399s] Level 5:colcon.colcon_core.verb:set package 'python_package' build argument 'catkin_cmake_args' from command line to 'None'
[0.399s] Level 5:colcon.colcon_core.verb:set package 'python_package' build argument 'catkin_skip_building_tests' from command line to 'False'
[0.399s] DEBUG:colcon.colcon_core.verb:Building package 'python_package' with the following arguments: {'ament_cmake_args': None, 'build_base': '/home/ubuntu/ros_workspace/build/python_package', 'catkin_cmake_args': None, 'catkin_skip_building_tests': False, 'cmake_args': None, 'cmake_clean_cache': False, 'cmake_clean_first': False, 'cmake_force_configure': False, 'cmake_target': None, 'cmake_target_skip_unavailable': False, 'install_base': '/home/ubuntu/ros_workspace/install/python_package', 'merge_install': False, 'path': '/home/ubuntu/ros_workspace/src/python_package', 'symlink_install': False, 'test_result_base': None}
[0.399s] Level 5:colcon.colcon_core.verb:set package 'turtlesim_controller' build argument 'cmake_args' from command line to 'None'
[0.399s] Level 5:colcon.colcon_core.verb:set package 'turtlesim_controller' build argument 'cmake_target' from command line to 'None'
[0.399s] Level 5:colcon.colcon_core.verb:set package 'turtlesim_controller' build argument 'cmake_target_skip_unavailable' from command line to 'False'
[0.399s] Level 5:colcon.colcon_core.verb:set package 'turtlesim_controller' build argument 'cmake_clean_cache' from command line to 'False'
[0.399s] Level 5:colcon.colcon_core.verb:set package 'turtlesim_controller' build argument 'cmake_clean_first' from command line to 'False'
[0.399s] Level 5:colcon.colcon_core.verb:set package 'turtlesim_controller' build argument 'cmake_force_configure' from command line to 'False'
[0.399s] Level 5:colcon.colcon_core.verb:set package 'turtlesim_controller' build argument 'ament_cmake_args' from command line to 'None'
[0.399s] Level 5:colcon.colcon_core.verb:set package 'turtlesim_controller' build argument 'catkin_cmake_args' from command line to 'None'
[0.399s] Level 5:colcon.colcon_core.verb:set package 'turtlesim_controller' build argument 'catkin_skip_building_tests' from command line to 'False'
[0.399s] DEBUG:colcon.colcon_core.verb:Building package 'turtlesim_controller' with the following arguments: {'ament_cmake_args': None, 'build_base': '/home/ubuntu/ros_workspace/build/turtlesim_controller', 'catkin_cmake_args': None, 'catkin_skip_building_tests': False, 'cmake_args': None, 'cmake_clean_cache': False, 'cmake_clean_first': False, 'cmake_force_configure': False, 'cmake_target': None, 'cmake_target_skip_unavailable': False, 'install_base': '/home/ubuntu/ros_workspace/install/turtlesim_controller', 'merge_install': False, 'path': '/home/ubuntu/ros_workspace/src/turtlesim_controller', 'symlink_install': False, 'test_result_base': None}
[0.400s] INFO:colcon.colcon_core.executor:Executing jobs using 'parallel' executor
[0.401s] DEBUG:colcon.colcon_parallel_executor.executor.parallel:run_until_complete
[0.401s] INFO:colcon.colcon_ros.task.ament_cmake.build:Building ROS package in '/home/ubuntu/ros_workspace/src/cmake_package' with build type 'ament_cmake'
[0.401s] INFO:colcon.colcon_cmake.task.cmake.build:Building CMake package in '/home/ubuntu/ros_workspace/src/cmake_package'
[0.407s] INFO:colcon.colcon_core.plugin_system:Skipping extension 'colcon_core.shell.bat': Not used on non-Windows systems
[0.407s] INFO:colcon.colcon_core.shell:Skip shell extension 'powershell' for command environment: Not usable outside of PowerShell
[0.407s] DEBUG:colcon.colcon_core.shell:Skip shell extension 'dsv' for command environment
[0.422s] INFO:colcon.colcon_ros.task.ament_cmake.build:Building ROS package in '/home/ubuntu/ros_workspace/src/first_package_cpp' with build type 'ament_cmake'
[0.422s] INFO:colcon.colcon_cmake.task.cmake.build:Building CMake package in '/home/ubuntu/ros_workspace/src/first_package_cpp'
[0.423s] INFO:colcon.colcon_core.shell:Skip shell extension 'powershell' for command environment: Not usable outside of PowerShell
[0.423s] DEBUG:colcon.colcon_core.shell:Skip shell extension 'dsv' for command environment
[0.427s] INFO:colcon.colcon_ros.task.ament_cmake.build:Building ROS package in '/home/ubuntu/ros_workspace/src/ob_first_package_cpp' with build type 'ament_cmake'
[0.427s] INFO:colcon.colcon_cmake.task.cmake.build:Building CMake package in '/home/ubuntu/ros_workspace/src/ob_first_package_cpp'
[0.427s] INFO:colcon.colcon_core.shell:Skip shell extension 'powershell' for command environment: Not usable outside of PowerShell
[0.428s] DEBUG:colcon.colcon_core.shell:Skip shell extension 'dsv' for command environment
[0.434s] INFO:colcon.colcon_ros.task.ament_python.build:Building ROS package in '/home/ubuntu/ros_workspace/src/python_package' with build type 'ament_python'
[0.434s] Level 1:colcon.colcon_core.shell:create_environment_hook('python_package', 'ament_prefix_path')
[0.434s] INFO:colcon.colcon_core.shell:Creating environment hook '/home/ubuntu/ros_workspace/install/python_package/share/python_package/hook/ament_prefix_path.ps1'
[0.435s] INFO:colcon.colcon_core.shell:Creating environment descriptor '/home/ubuntu/ros_workspace/install/python_package/share/python_package/hook/ament_prefix_path.dsv'
[0.436s] INFO:colcon.colcon_core.shell:Creating environment hook '/home/ubuntu/ros_workspace/install/python_package/share/python_package/hook/ament_prefix_path.sh'
[0.438s] INFO:colcon.colcon_core.shell:Skip shell extension 'powershell' for command environment: Not usable outside of PowerShell
[0.438s] DEBUG:colcon.colcon_core.shell:Skip shell extension 'dsv' for command environment
[0.443s] INFO:colcon.colcon_ros.task.ament_cmake.build:Building ROS package in '/home/ubuntu/ros_workspace/src/turtlesim_controller' with build type 'ament_cmake'
[0.444s] INFO:colcon.colcon_cmake.task.cmake.build:Building CMake package in '/home/ubuntu/ros_workspace/src/turtlesim_controller'
[0.444s] INFO:colcon.colcon_core.shell:Skip shell extension 'powershell' for command environment: Not usable outside of PowerShell
[0.444s] DEBUG:colcon.colcon_core.shell:Skip shell extension 'dsv' for command environment
[0.459s] DEBUG:colcon.colcon_core.event_handler.log_command:Invoking command in '/home/ubuntu/ros_workspace/build/cmake_package': CMAKE_PREFIX_PATH=${CMAKE_PREFIX_PATH}:/home/ubuntu/ros_workspace/install/python_package:/opt/ros/jazzy /usr/bin/cmake --build /home/ubuntu/ros_workspace/build/cmake_package -- -j16 -l16
[0.467s] DEBUG:colcon.colcon_core.event_handler.log_command:Invoking command in '/home/ubuntu/ros_workspace/build/first_package_cpp': CMAKE_PREFIX_PATH=${CMAKE_PREFIX_PATH}:/home/ubuntu/ros_workspace/install/python_package:/opt/ros/jazzy /usr/bin/cmake --build /home/ubuntu/ros_workspace/build/first_package_cpp -- -j16 -l16
[0.471s] DEBUG:colcon.colcon_core.event_handler.log_command:Invoking command in '/home/ubuntu/ros_workspace/build/ob_first_package_cpp': CMAKE_PREFIX_PATH=${CMAKE_PREFIX_PATH}:/home/ubuntu/ros_workspace/install/python_package:/opt/ros/jazzy /usr/bin/cmake --build /home/ubuntu/ros_workspace/build/ob_first_package_cpp -- -j16 -l16
[0.686s] INFO:colcon.colcon_core.task.python.build:Building Python package in '/home/ubuntu/ros_workspace/src/python_package'
[0.686s] INFO:colcon.colcon_core.shell:Skip shell extension 'powershell' for command environment: Not usable outside of PowerShell
[0.686s] DEBUG:colcon.colcon_core.shell:Skip shell extension 'dsv' for command environment
[0.697s] DEBUG:colcon.colcon_core.event_handler.log_command:Invoked command in '/home/ubuntu/ros_workspace/build/cmake_package' returned '0': CMAKE_PREFIX_PATH=${CMAKE_PREFIX_PATH}:/home/ubuntu/ros_workspace/install/python_package:/opt/ros/jazzy /usr/bin/cmake --build /home/ubuntu/ros_workspace/build/cmake_package -- -j16 -l16
[0.715s] DEBUG:colcon.colcon_core.event_handler.log_command:Invoking command in '/home/ubuntu/ros_workspace/build/cmake_package': CMAKE_PREFIX_PATH=${CMAKE_PREFIX_PATH}:/home/ubuntu/ros_workspace/install/python_package:/opt/ros/jazzy /usr/bin/cmake --install /home/ubuntu/ros_workspace/build/cmake_package
[0.716s] DEBUG:colcon.colcon_core.event_handler.log_command:Invoked command in '/home/ubuntu/ros_workspace/build/first_package_cpp' returned '0': CMAKE_PREFIX_PATH=${CMAKE_PREFIX_PATH}:/home/ubuntu/ros_workspace/install/python_package:/opt/ros/jazzy /usr/bin/cmake --build /home/ubuntu/ros_workspace/build/first_package_cpp -- -j16 -l16
[0.718s] DEBUG:colcon.colcon_core.event_handler.log_command:Invoking command in '/home/ubuntu/ros_workspace/build/first_package_cpp': CMAKE_PREFIX_PATH=${CMAKE_PREFIX_PATH}:/home/ubuntu/ros_workspace/install/python_package:/opt/ros/jazzy /usr/bin/cmake --install /home/ubuntu/ros_workspace/build/first_package_cpp
[0.719s] DEBUG:colcon.colcon_core.event_handler.log_command:Invoked command in '/home/ubuntu/ros_workspace/build/ob_first_package_cpp' returned '0': CMAKE_PREFIX_PATH=${CMAKE_PREFIX_PATH}:/home/ubuntu/ros_workspace/install/python_package:/opt/ros/jazzy /usr/bin/cmake --build /home/ubuntu/ros_workspace/build/ob_first_package_cpp -- -j16 -l16
[0.721s] DEBUG:colcon.colcon_core.event_handler.log_command:Invoking command in '/home/ubuntu/ros_workspace/build/ob_first_package_cpp': CMAKE_PREFIX_PATH=${CMAKE_PREFIX_PATH}:/home/ubuntu/ros_workspace/install/python_package:/opt/ros/jazzy /usr/bin/cmake --install /home/ubuntu/ros_workspace/build/ob_first_package_cpp
[0.728s] DEBUG:colcon.colcon_core.event_handler.log_command:Invoking command in '/home/ubuntu/ros_workspace/build/turtlesim_controller': CMAKE_PREFIX_PATH=${CMAKE_PREFIX_PATH}:/home/ubuntu/ros_workspace/install/python_package:/opt/ros/jazzy /usr/bin/cmake --build /home/ubuntu/ros_workspace/build/turtlesim_controller -- -j16 -l16
[0.742s] Level 1:colcon.colcon_core.environment:create_environment_scripts_only(cmake_package)
[0.747s] DEBUG:colcon.colcon_core.event_handler.log_command:Invoked command in '/home/ubuntu/ros_workspace/build/cmake_package' returned '0': CMAKE_PREFIX_PATH=${CMAKE_PREFIX_PATH}:/home/ubuntu/ros_workspace/install/python_package:/opt/ros/jazzy /usr/bin/cmake --install /home/ubuntu/ros_workspace/build/cmake_package
[0.754s] Level 1:colcon.colcon_core.environment:checking '/home/ubuntu/ros_workspace/install/cmake_package' for CMake module files
[0.755s] Level 1:colcon.colcon_core.environment:checking '/home/ubuntu/ros_workspace/install/cmake_package' for CMake config files
[0.755s] Level 1:colcon.colcon_core.shell:create_environment_hook('cmake_package', 'cmake_prefix_path')
[0.755s] INFO:colcon.colcon_core.shell:Creating environment hook '/home/ubuntu/ros_workspace/install/cmake_package/share/cmake_package/hook/cmake_prefix_path.ps1'
[0.756s] INFO:colcon.colcon_core.shell:Creating environment descriptor '/home/ubuntu/ros_workspace/install/cmake_package/share/cmake_package/hook/cmake_prefix_path.dsv'
[0.756s] INFO:colcon.colcon_core.shell:Creating environment hook '/home/ubuntu/ros_workspace/install/cmake_package/share/cmake_package/hook/cmake_prefix_path.sh'
[0.757s] Level 1:colcon.colcon_core.environment:checking '/home/ubuntu/ros_workspace/install/cmake_package/bin'
[0.757s] Level 1:colcon.colcon_core.environment:checking '/home/ubuntu/ros_workspace/install/cmake_package/lib/pkgconfig/cmake_package.pc'
[0.757s] Level 1:colcon.colcon_core.environment:checking '/home/ubuntu/ros_workspace/install/cmake_package/lib/python3.12/site-packages'
[0.758s] Level 1:colcon.colcon_core.environment:checking '/home/ubuntu/ros_workspace/install/cmake_package/bin'
[0.758s] INFO:colcon.colcon_core.shell:Creating package script '/home/ubuntu/ros_workspace/install/cmake_package/share/cmake_package/package.ps1'
[0.759s] INFO:colcon.colcon_core.shell:Creating package descriptor '/home/ubuntu/ros_workspace/install/cmake_package/share/cmake_package/package.dsv'
[0.760s] INFO:colcon.colcon_core.shell:Creating package script '/home/ubuntu/ros_workspace/install/cmake_package/share/cmake_package/package.sh'
[0.761s] INFO:colcon.colcon_core.shell:Creating package script '/home/ubuntu/ros_workspace/install/cmake_package/share/cmake_package/package.bash'
[0.763s] INFO:colcon.colcon_core.shell:Creating package script '/home/ubuntu/ros_workspace/install/cmake_package/share/cmake_package/package.zsh'
[0.764s] Level 1:colcon.colcon_core.environment:create_file_with_runtime_dependencies(/home/ubuntu/ros_workspace/install/cmake_package/share/colcon-core/packages/cmake_package)
[0.765s] Level 1:colcon.colcon_core.environment:create_environment_scripts_only(cmake_package)
[0.765s] Level 1:colcon.colcon_core.environment:checking '/home/ubuntu/ros_workspace/install/cmake_package' for CMake module files
[0.766s] Level 1:colcon.colcon_core.environment:checking '/home/ubuntu/ros_workspace/install/cmake_package' for CMake config files
[0.766s] Level 1:colcon.colcon_core.shell:create_environment_hook('cmake_package', 'cmake_prefix_path')
[0.766s] INFO:colcon.colcon_core.shell:Creating environment hook '/home/ubuntu/ros_workspace/install/cmake_package/share/cmake_package/hook/cmake_prefix_path.ps1'
[0.766s] INFO:colcon.colcon_core.shell:Creating environment descriptor '/home/ubuntu/ros_workspace/install/cmake_package/share/cmake_package/hook/cmake_prefix_path.dsv'
[0.767s] INFO:colcon.colcon_core.shell:Creating environment hook '/home/ubuntu/ros_workspace/install/cmake_package/share/cmake_package/hook/cmake_prefix_path.sh'
[0.767s] Level 1:colcon.colcon_core.environment:checking '/home/ubuntu/ros_workspace/install/cmake_package/bin'
[0.767s] Level 1:colcon.colcon_core.environment:checking '/home/ubuntu/ros_workspace/install/cmake_package/lib/pkgconfig/cmake_package.pc'
[0.768s] Level 1:colcon.colcon_core.environment:checking '/home/ubuntu/ros_workspace/install/cmake_package/lib/python3.12/site-packages'
[0.768s] Level 1:colcon.colcon_core.environment:checking '/home/ubuntu/ros_workspace/install/cmake_package/bin'
[0.768s] INFO:colcon.colcon_core.shell:Creating package script '/home/ubuntu/ros_workspace/install/cmake_package/share/cmake_package/package.ps1'
[0.768s] INFO:colcon.colcon_core.shell:Creating package descriptor '/home/ubuntu/ros_workspace/install/cmake_package/share/cmake_package/package.dsv'
[0.769s] INFO:colcon.colcon_core.shell:Creating package script '/home/ubuntu/ros_workspace/install/cmake_package/share/cmake_package/package.sh'
[0.769s] INFO:colcon.colcon_core.shell:Creating package script '/home/ubuntu/ros_workspace/install/cmake_package/share/cmake_package/package.bash'
[0.770s] INFO:colcon.colcon_core.shell:Creating package script '/home/ubuntu/ros_workspace/install/cmake_package/share/cmake_package/package.zsh'
[0.770s] Level 1:colcon.colcon_core.environment:create_file_with_runtime_dependencies(/home/ubuntu/ros_workspace/install/cmake_package/share/colcon-core/packages/cmake_package)
[0.771s] Level 1:colcon.colcon_core.environment:create_environment_scripts_only(first_package_cpp)
[0.772s] Level 1:colcon.colcon_core.environment:checking '/home/ubuntu/ros_workspace/install/first_package_cpp' for CMake module files
[0.772s] DEBUG:colcon.colcon_core.event_handler.log_command:Invoked command in '/home/ubuntu/ros_workspace/build/first_package_cpp' returned '0': CMAKE_PREFIX_PATH=${CMAKE_PREFIX_PATH}:/home/ubuntu/ros_workspace/install/python_package:/opt/ros/jazzy /usr/bin/cmake --install /home/ubuntu/ros_workspace/build/first_package_cpp
[0.774s] Level 1:colcon.colcon_core.environment:checking '/home/ubuntu/ros_workspace/install/first_package_cpp' for CMake config files
[0.776s] Level 1:colcon.colcon_core.shell:create_environment_hook('first_package_cpp', 'cmake_prefix_path')
[0.777s] INFO:colcon.colcon_core.shell:Creating environment hook '/home/ubuntu/ros_workspace/install/first_package_cpp/share/first_package_cpp/hook/cmake_prefix_path.ps1'
[0.777s] INFO:colcon.colcon_core.shell:Creating environment descriptor '/home/ubuntu/ros_workspace/install/first_package_cpp/share/first_package_cpp/hook/cmake_prefix_path.dsv'
[0.777s] INFO:colcon.colcon_core.shell:Creating environment hook '/home/ubuntu/ros_workspace/install/first_package_cpp/share/first_package_cpp/hook/cmake_prefix_path.sh'
[0.778s] Level 1:colcon.colcon_core.environment:checking '/home/ubuntu/ros_workspace/install/first_package_cpp/lib'
[0.778s] Level 1:colcon.colcon_core.environment:checking '/home/ubuntu/ros_workspace/install/first_package_cpp/bin'
[0.778s] Level 1:colcon.colcon_core.environment:checking '/home/ubuntu/ros_workspace/install/first_package_cpp/lib/pkgconfig/first_package_cpp.pc'
[0.779s] Level 1:colcon.colcon_core.environment:checking '/home/ubuntu/ros_workspace/install/first_package_cpp/lib/python3.12/site-packages'
[0.779s] Level 1:colcon.colcon_core.environment:checking '/home/ubuntu/ros_workspace/install/first_package_cpp/bin'
[0.779s] INFO:colcon.colcon_core.shell:Creating package script '/home/ubuntu/ros_workspace/install/first_package_cpp/share/first_package_cpp/package.ps1'
[0.780s] INFO:colcon.colcon_core.shell:Creating package descriptor '/home/ubuntu/ros_workspace/install/first_package_cpp/share/first_package_cpp/package.dsv'
[0.780s] INFO:colcon.colcon_core.shell:Creating package script '/home/ubuntu/ros_workspace/install/first_package_cpp/share/first_package_cpp/package.sh'
[0.780s] INFO:colcon.colcon_core.shell:Creating package script '/home/ubuntu/ros_workspace/install/first_package_cpp/share/first_package_cpp/package.bash'
[0.781s] INFO:colcon.colcon_core.shell:Creating package script '/home/ubuntu/ros_workspace/install/first_package_cpp/share/first_package_cpp/package.zsh'
[0.781s] Level 1:colcon.colcon_core.environment:create_file_with_runtime_dependencies(/home/ubuntu/ros_workspace/install/first_package_cpp/share/colcon-core/packages/first_package_cpp)
[0.782s] Level 1:colcon.colcon_core.environment:create_environment_scripts_only(first_package_cpp)
[0.782s] Level 1:colcon.colcon_core.environment:checking '/home/ubuntu/ros_workspace/install/first_package_cpp' for CMake module files
[0.782s] Level 1:colcon.colcon_core.environment:checking '/home/ubuntu/ros_workspace/install/first_package_cpp' for CMake config files
[0.783s] Level 1:colcon.colcon_core.shell:create_environment_hook('first_package_cpp', 'cmake_prefix_path')
[0.783s] INFO:colcon.colcon_core.shell:Creating environment hook '/home/ubuntu/ros_workspace/install/first_package_cpp/share/first_package_cpp/hook/cmake_prefix_path.ps1'
[0.783s] INFO:colcon.colcon_core.shell:Creating environment descriptor '/home/ubuntu/ros_workspace/install/first_package_cpp/share/first_package_cpp/hook/cmake_prefix_path.dsv'
[0.784s] INFO:colcon.colcon_core.shell:Creating environment hook '/home/ubuntu/ros_workspace/install/first_package_cpp/share/first_package_cpp/hook/cmake_prefix_path.sh'
[0.784s] Level 1:colcon.colcon_core.environment:checking '/home/ubuntu/ros_workspace/install/first_package_cpp/lib'
[0.784s] Level 1:colcon.colcon_core.environment:checking '/home/ubuntu/ros_workspace/install/first_package_cpp/bin'
[0.784s] Level 1:colcon.colcon_core.environment:checking '/home/ubuntu/ros_workspace/install/first_package_cpp/lib/pkgconfig/first_package_cpp.pc'
[0.785s] Level 1:colcon.colcon_core.environment:checking '/home/ubuntu/ros_workspace/install/first_package_cpp/lib/python3.12/site-packages'
[0.785s] Level 1:colcon.colcon_core.environment:checking '/home/ubuntu/ros_workspace/install/first_package_cpp/bin'
[0.785s] INFO:colcon.colcon_core.shell:Creating package script '/home/ubuntu/ros_workspace/install/first_package_cpp/share/first_package_cpp/package.ps1'
[0.786s] INFO:colcon.colcon_core.shell:Creating package descriptor '/home/ubuntu/ros_workspace/install/first_package_cpp/share/first_package_cpp/package.dsv'
[0.786s] INFO:colcon.colcon_core.shell:Creating package script '/home/ubuntu/ros_workspace/install/first_package_cpp/share/first_package_cpp/package.sh'
[0.787s] INFO:colcon.colcon_core.shell:Creating package script '/home/ubuntu/ros_workspace/install/first_package_cpp/share/first_package_cpp/package.bash'
[0.787s] INFO:colcon.colcon_core.shell:Creating package script '/home/ubuntu/ros_workspace/install/first_package_cpp/share/first_package_cpp/package.zsh'
[0.787s] Level 1:colcon.colcon_core.environment:create_file_with_runtime_dependencies(/home/ubuntu/ros_workspace/install/first_package_cpp/share/colcon-core/packages/first_package_cpp)
[0.789s] Level 1:colcon.colcon_core.environment:create_environment_scripts_only(ob_first_package_cpp)
[0.789s] Level 1:colcon.colcon_core.environment:checking '/home/ubuntu/ros_workspace/install/ob_first_package_cpp' for CMake module files
[0.790s] DEBUG:colcon.colcon_core.event_handler.log_command:Invoked command in '/home/ubuntu/ros_workspace/build/ob_first_package_cpp' returned '0': CMAKE_PREFIX_PATH=${CMAKE_PREFIX_PATH}:/home/ubuntu/ros_workspace/install/python_package:/opt/ros/jazzy /usr/bin/cmake --install /home/ubuntu/ros_workspace/build/ob_first_package_cpp
[0.792s] Level 1:colcon.colcon_core.environment:checking '/home/ubuntu/ros_workspace/install/ob_first_package_cpp' for CMake config files
[0.795s] Level 1:colcon.colcon_core.shell:create_environment_hook('ob_first_package_cpp', 'cmake_prefix_path')
[0.795s] INFO:colcon.colcon_core.shell:Creating environment hook '/home/ubuntu/ros_workspace/install/ob_first_package_cpp/share/ob_first_package_cpp/hook/cmake_prefix_path.ps1'
[0.796s] INFO:colcon.colcon_core.shell:Creating environment descriptor '/home/ubuntu/ros_workspace/install/ob_first_package_cpp/share/ob_first_package_cpp/hook/cmake_prefix_path.dsv'
[0.796s] INFO:colcon.colcon_core.shell:Creating environment hook '/home/ubuntu/ros_workspace/install/ob_first_package_cpp/share/ob_first_package_cpp/hook/cmake_prefix_path.sh'
[0.797s] Level 1:colcon.colcon_core.environment:checking '/home/ubuntu/ros_workspace/install/ob_first_package_cpp/lib'
[0.797s] Level 1:colcon.colcon_core.environment:checking '/home/ubuntu/ros_workspace/install/ob_first_package_cpp/bin'
[0.797s] Level 1:colcon.colcon_core.environment:checking '/home/ubuntu/ros_workspace/install/ob_first_package_cpp/lib/pkgconfig/ob_first_package_cpp.pc'
[0.797s] Level 1:colcon.colcon_core.environment:checking '/home/ubuntu/ros_workspace/install/ob_first_package_cpp/lib/python3.12/site-packages'
[0.797s] Level 1:colcon.colcon_core.environment:checking '/home/ubuntu/ros_workspace/install/ob_first_package_cpp/bin'
[0.798s] INFO:colcon.colcon_core.shell:Creating package script '/home/ubuntu/ros_workspace/install/ob_first_package_cpp/share/ob_first_package_cpp/package.ps1'
[0.798s] INFO:colcon.colcon_core.shell:Creating package descriptor '/home/ubuntu/ros_workspace/install/ob_first_package_cpp/share/ob_first_package_cpp/package.dsv'
[0.799s] INFO:colcon.colcon_core.shell:Creating package script '/home/ubuntu/ros_workspace/install/ob_first_package_cpp/share/ob_first_package_cpp/package.sh'
[0.800s] INFO:colcon.colcon_core.shell:Creating package script '/home/ubuntu/ros_workspace/install/ob_first_package_cpp/share/ob_first_package_cpp/package.bash'
[0.800s] INFO:colcon.colcon_core.shell:Creating package script '/home/ubuntu/ros_workspace/install/ob_first_package_cpp/share/ob_first_package_cpp/package.zsh'
[0.801s] Level 1:colcon.colcon_core.environment:create_file_with_runtime_dependencies(/home/ubuntu/ros_workspace/install/ob_first_package_cpp/share/colcon-core/packages/ob_first_package_cpp)
[0.802s] Level 1:colcon.colcon_core.environment:create_environment_scripts_only(ob_first_package_cpp)
[0.802s] Level 1:colcon.colcon_core.environment:checking '/home/ubuntu/ros_workspace/install/ob_first_package_cpp' for CMake module files
[0.802s] Level 1:colcon.colcon_core.environment:checking '/home/ubuntu/ros_workspace/install/ob_first_package_cpp' for CMake config files
[0.803s] Level 1:colcon.colcon_core.shell:create_environment_hook('ob_first_package_cpp', 'cmake_prefix_path')
[0.803s] INFO:colcon.colcon_core.shell:Creating environment hook '/home/ubuntu/ros_workspace/install/ob_first_package_cpp/share/ob_first_package_cpp/hook/cmake_prefix_path.ps1'
[0.804s] INFO:colcon.colcon_core.shell:Creating environment descriptor '/home/ubuntu/ros_workspace/install/ob_first_package_cpp/share/ob_first_package_cpp/hook/cmake_prefix_path.dsv'
[0.804s] INFO:colcon.colcon_core.shell:Creating environment hook '/home/ubuntu/ros_workspace/install/ob_first_package_cpp/share/ob_first_package_cpp/hook/cmake_prefix_path.sh'
[0.805s] Level 1:colcon.colcon_core.environment:checking '/home/ubuntu/ros_workspace/install/ob_first_package_cpp/lib'
[0.805s] Level 1:colcon.colcon_core.environment:checking '/home/ubuntu/ros_workspace/install/ob_first_package_cpp/bin'
[0.806s] Level 1:colcon.colcon_core.environment:checking '/home/ubuntu/ros_workspace/install/ob_first_package_cpp/lib/pkgconfig/ob_first_package_cpp.pc'
[0.806s] Level 1:colcon.colcon_core.environment:checking '/home/ubuntu/ros_workspace/install/ob_first_package_cpp/lib/python3.12/site-packages'
[0.806s] Level 1:colcon.colcon_core.environment:checking '/home/ubuntu/ros_workspace/install/ob_first_package_cpp/bin'
[0.806s] INFO:colcon.colcon_core.shell:Creating package script '/home/ubuntu/ros_workspace/install/ob_first_package_cpp/share/ob_first_package_cpp/package.ps1'
[0.807s] INFO:colcon.colcon_core.shell:Creating package descriptor '/home/ubuntu/ros_workspace/install/ob_first_package_cpp/share/ob_first_package_cpp/package.dsv'
[0.807s] INFO:colcon.colcon_core.shell:Creating package script '/home/ubuntu/ros_workspace/install/ob_first_package_cpp/share/ob_first_package_cpp/package.sh'
[0.808s] INFO:colcon.colcon_core.shell:Creating package script '/home/ubuntu/ros_workspace/install/ob_first_package_cpp/share/ob_first_package_cpp/package.bash'
[0.808s] INFO:colcon.colcon_core.shell:Creating package script '/home/ubuntu/ros_workspace/install/ob_first_package_cpp/share/ob_first_package_cpp/package.zsh'
[0.809s] Level 1:colcon.colcon_core.environment:create_file_with_runtime_dependencies(/home/ubuntu/ros_workspace/install/ob_first_package_cpp/share/colcon-core/packages/ob_first_package_cpp)
[1.666s] DEBUG:colcon.colcon_core.event_handler.log_command:Invoking command in '/home/ubuntu/ros_workspace/src/python_package': PYTHONPATH=/home/ubuntu/ros_workspace/build/python_package/prefix_override:/usr/lib/python3/dist-packages/colcon_core/task/python/colcon_distutils_commands:/home/ubuntu/ros_workspace/install/python_package/lib/python3.12/site-packages:${PYTHONPATH} /usr/bin/python3 -W ignore:setup.py install is deprecated -W ignore:easy_install command is deprecated setup.py egg_info --egg-base ../../build/python_package build --build-base /home/ubuntu/ros_workspace/build/python_package/build install --record /home/ubuntu/ros_workspace/build/python_package/install.log --single-version-externally-managed install_data
[2.174s] Level 1:colcon.colcon_core.environment:checking '/home/ubuntu/ros_workspace/install/python_package' for CMake module files
[2.175s] DEBUG:colcon.colcon_core.event_handler.log_command:Invoked command in '/home/ubuntu/ros_workspace/src/python_package' returned '0': PYTHONPATH=/home/ubuntu/ros_workspace/build/python_package/prefix_override:/usr/lib/python3/dist-packages/colcon_core/task/python/colcon_distutils_commands:/home/ubuntu/ros_workspace/install/python_package/lib/python3.12/site-packages:${PYTHONPATH} /usr/bin/python3 -W ignore:setup.py install is deprecated -W ignore:easy_install command is deprecated setup.py egg_info --egg-base ../../build/python_package build --build-base /home/ubuntu/ros_workspace/build/python_package/build install --record /home/ubuntu/ros_workspace/build/python_package/install.log --single-version-externally-managed install_data
[2.176s] Level 1:colcon.colcon_core.environment:checking '/home/ubuntu/ros_workspace/install/python_package' for CMake config files
[2.180s] Level 1:colcon.colcon_core.environment:checking '/home/ubuntu/ros_workspace/install/python_package/lib'
[2.180s] Level 1:colcon.colcon_core.environment:checking '/home/ubuntu/ros_workspace/install/python_package/bin'
[2.180s] Level 1:colcon.colcon_core.environment:checking '/home/ubuntu/ros_workspace/install/python_package/lib/pkgconfig/python_package.pc'
[2.180s] Level 1:colcon.colcon_core.environment:checking '/home/ubuntu/ros_workspace/install/python_package/lib/python3.12/site-packages'
[2.180s] Level 1:colcon.colcon_core.shell:create_environment_hook('python_package', 'pythonpath')
[2.180s] INFO:colcon.colcon_core.shell:Creating environment hook '/home/ubuntu/ros_workspace/install/python_package/share/python_package/hook/pythonpath.ps1'
[2.181s] INFO:colcon.colcon_core.shell:Creating environment descriptor '/home/ubuntu/ros_workspace/install/python_package/share/python_package/hook/pythonpath.dsv'
[2.181s] INFO:colcon.colcon_core.shell:Creating environment hook '/home/ubuntu/ros_workspace/install/python_package/share/python_package/hook/pythonpath.sh'
[2.182s] Level 1:colcon.colcon_core.environment:checking '/home/ubuntu/ros_workspace/install/python_package/bin'
[2.182s] Level 1:colcon.colcon_core.environment:create_environment_scripts_only(python_package)
[2.182s] INFO:colcon.colcon_core.shell:Creating package script '/home/ubuntu/ros_workspace/install/python_package/share/python_package/package.ps1'
[2.183s] INFO:colcon.colcon_core.shell:Creating package descriptor '/home/ubuntu/ros_workspace/install/python_package/share/python_package/package.dsv'
[2.183s] INFO:colcon.colcon_core.shell:Creating package script '/home/ubuntu/ros_workspace/install/python_package/share/python_package/package.sh'
[2.183s] INFO:colcon.colcon_core.shell:Creating package script '/home/ubuntu/ros_workspace/install/python_package/share/python_package/package.bash'
[2.184s] INFO:colcon.colcon_core.shell:Creating package script '/home/ubuntu/ros_workspace/install/python_package/share/python_package/package.zsh'
[2.184s] Level 1:colcon.colcon_core.environment:create_file_with_runtime_dependencies(/home/ubuntu/ros_workspace/install/python_package/share/colcon-core/packages/python_package)
[6.034s] DEBUG:colcon.colcon_core.event_handler.log_command:Invoked command in '/home/ubuntu/ros_workspace/build/turtlesim_controller' returned '2': CMAKE_PREFIX_PATH=${CMAKE_PREFIX_PATH}:/home/ubuntu/ros_workspace/install/python_package:/opt/ros/jazzy /usr/bin/cmake --build /home/ubuntu/ros_workspace/build/turtlesim_controller -- -j16 -l16
[6.035s] Level 1:colcon.colcon_core.environment:create_environment_scripts_only(turtlesim_controller)
[6.035s] Level 1:colcon.colcon_core.environment:checking '/home/ubuntu/ros_workspace/install/turtlesim_controller' for CMake module files
[6.037s] Level 1:colcon.colcon_core.environment:checking '/home/ubuntu/ros_workspace/install/turtlesim_controller' for CMake config files
[6.038s] Level 1:colcon.colcon_core.shell:create_environment_hook('turtlesim_controller', 'cmake_prefix_path')
[6.038s] INFO:colcon.colcon_core.shell:Creating environment hook '/home/ubuntu/ros_workspace/install/turtlesim_controller/share/turtlesim_controller/hook/cmake_prefix_path.ps1'
[6.039s] INFO:colcon.colcon_core.shell:Creating environment descriptor '/home/ubuntu/ros_workspace/install/turtlesim_controller/share/turtlesim_controller/hook/cmake_prefix_path.dsv'
[6.039s] INFO:colcon.colcon_core.shell:Creating environment hook '/home/ubuntu/ros_workspace/install/turtlesim_controller/share/turtlesim_controller/hook/cmake_prefix_path.sh'
[6.040s] Level 1:colcon.colcon_core.environment:checking '/home/ubuntu/ros_workspace/install/turtlesim_controller/lib'
[6.040s] Level 1:colcon.colcon_core.environment:checking '/home/ubuntu/ros_workspace/install/turtlesim_controller/bin'
[6.040s] Level 1:colcon.colcon_core.environment:checking '/home/ubuntu/ros_workspace/install/turtlesim_controller/lib/pkgconfig/turtlesim_controller.pc'
[6.041s] Level 1:colcon.colcon_core.environment:checking '/home/ubuntu/ros_workspace/install/turtlesim_controller/lib/python3.12/site-packages'
[6.041s] Level 1:colcon.colcon_core.environment:checking '/home/ubuntu/ros_workspace/install/turtlesim_controller/bin'
[6.041s] INFO:colcon.colcon_core.shell:Creating package script '/home/ubuntu/ros_workspace/install/turtlesim_controller/share/turtlesim_controller/package.ps1'
[6.042s] INFO:colcon.colcon_core.shell:Creating package descriptor '/home/ubuntu/ros_workspace/install/turtlesim_controller/share/turtlesim_controller/package.dsv'
[6.042s] INFO:colcon.colcon_core.shell:Creating package script '/home/ubuntu/ros_workspace/install/turtlesim_controller/share/turtlesim_controller/package.sh'
[6.043s] INFO:colcon.colcon_core.shell:Creating package script '/home/ubuntu/ros_workspace/install/turtlesim_controller/share/turtlesim_controller/package.bash'
[6.043s] INFO:colcon.colcon_core.shell:Creating package script '/home/ubuntu/ros_workspace/install/turtlesim_controller/share/turtlesim_controller/package.zsh'
[6.044s] Level 1:colcon.colcon_core.environment:create_file_with_runtime_dependencies(/home/ubuntu/ros_workspace/install/turtlesim_controller/share/colcon-core/packages/turtlesim_controller)
[6.054s] DEBUG:colcon.colcon_parallel_executor.executor.parallel:closing loop
[6.055s] DEBUG:colcon.colcon_parallel_executor.executor.parallel:loop closed
[6.055s] DEBUG:colcon.colcon_parallel_executor.executor.parallel:run_until_complete finished with '2'
[6.055s] DEBUG:colcon.colcon_core.event_reactor:joining thread
[6.072s] INFO:colcon.colcon_core.plugin_system:Skipping extension 'colcon_notification.desktop_notification.notify_send': Could not find 'notify-send'
[6.072s] INFO:colcon.colcon_core.plugin_system:Skipping extension 'colcon_notification.desktop_notification.terminal_notifier': Not used on non-Darwin systems
[6.072s] INFO:colcon.colcon_core.plugin_system:Skipping extension 'colcon_notification.desktop_notification.win32': Not used on non-Windows systems
[6.072s] INFO:colcon.colcon_notification.desktop_notification:Sending desktop notification using 'notify2'
[6.076s] DEBUG:colcon.colcon_notification.desktop_notification.notify2:Failed to initialize notify2: org.freedesktop.DBus.Error.Spawn.ExecFailed: /usr/bin/dbus-launch terminated abnormally without any error message
[6.077s] DEBUG:colcon.colcon_core.event_reactor:joined thread
[6.078s] INFO:colcon.colcon_core.shell:Creating prefix script '/home/ubuntu/ros_workspace/install/local_setup.ps1'
[6.079s] INFO:colcon.colcon_core.shell:Creating prefix util module '/home/ubuntu/ros_workspace/install/_local_setup_util_ps1.py'
[6.081s] INFO:colcon.colcon_core.shell:Creating prefix chain script '/home/ubuntu/ros_workspace/install/setup.ps1'
[6.083s] INFO:colcon.colcon_core.shell:Creating prefix script '/home/ubuntu/ros_workspace/install/local_setup.sh'
[6.084s] INFO:colcon.colcon_core.shell:Creating prefix util module '/home/ubuntu/ros_workspace/install/_local_setup_util_sh.py'
[6.085s] INFO:colcon.colcon_core.shell:Creating prefix chain script '/home/ubuntu/ros_workspace/install/setup.sh'
[6.087s] INFO:colcon.colcon_core.shell:Creating prefix script '/home/ubuntu/ros_workspace/install/local_setup.bash'
[6.088s] INFO:colcon.colcon_core.shell:Creating prefix chain script '/home/ubuntu/ros_workspace/install/setup.bash'
[6.089s] INFO:colcon.colcon_core.shell:Creating prefix script '/home/ubuntu/ros_workspace/install/local_setup.zsh'
[6.090s] INFO:colcon.colcon_core.shell:Creating prefix chain script '/home/ubuntu/ros_workspace/install/setup.zsh'
