[1.588s] Invoking command in '/home/ubuntu/ros_workspace/src/exam_example_2': CMAKE_PREFIX_PATH=/home/ubuntu/ros_workspace/install/bme_gazebo_sensors:/home/ubuntu/ros_workspace/install/turtlesim_controller:/home/ubuntu/ros_workspace/install/turtlesim_custom_msgs:/home/ubuntu/ros_workspace/install/robot_custom_msgs:/home/ubuntu/ros_workspace/install/ob_first_package_cpp:/home/ubuntu/ros_workspace/install/first_package_cpp:/home/ubuntu/ros_workspace/install/cmake_package:/home/ubuntu/ros_workspace/install/assignment1_rt:/home/ubuntu/ros_workspace/install/action_tutorials_interfaces:/home/ubuntu/ros_workspace/install/action_assignment:/opt/ros/jazzy/opt/gz_launch_vendor:/opt/ros/jazzy/opt/gz_sim_vendor:/opt/ros/jazzy/opt/gz_sensors_vendor:/opt/ros/jazzy/opt/gz_physics_vendor:/opt/ros/jazzy/opt/sdformat_vendor:/opt/ros/jazzy/opt/gz_gui_vendor:/opt/ros/jazzy/opt/gz_transport_vendor:/opt/ros/jazzy/opt/gz_rendering_vendor:/opt/ros/jazzy/opt/gz_plugin_vendor:/opt/ros/jazzy/opt/gz_fuel_tools_vendor:/opt/ros/jazzy/opt/gz_msgs_vendor:/opt/ros/jazzy/opt/gz_common_vendor:/opt/ros/jazzy/opt/gz_math_vendor:/opt/ros/jazzy/opt/gz_utils_vendor:/opt/ros/jazzy/opt/gz_tools_vendor:/opt/ros/jazzy/opt/gz_ogre_next_vendor:/opt/ros/jazzy/opt/gz_dartsim_vendor:/opt/ros/jazzy/opt/gz_cmake_vendor PYTHONPATH=/home/ubuntu/ros_workspace/build/exam_example_2/prefix_override:/usr/lib/python3/dist-packages/colcon_core/task/python/colcon_distutils_commands:/home/ubuntu/ros_workspace/install/exam_example_2/lib/python3.12/site-packages:${PYTHONPATH} /usr/bin/python3 -W ignore:setup.py install is deprecated -W ignore:easy_install command is deprecated setup.py egg_info --egg-base ../../build/exam_example_2 build --build-base /home/ubuntu/ros_workspace/build/exam_example_2/build install --record /home/ubuntu/ros_workspace/build/exam_example_2/install.log --single-version-externally-managed install_data
[2.043s] running egg_info
[2.043s] creating ../../build/exam_example_2/exam_example_2.egg-info
[2.078s] writing ../../build/exam_example_2/exam_example_2.egg-info/PKG-INFO
[2.080s] writing dependency_links to ../../build/exam_example_2/exam_example_2.egg-info/dependency_links.txt
[2.080s] writing entry points to ../../build/exam_example_2/exam_example_2.egg-info/entry_points.txt
[2.080s] writing requirements to ../../build/exam_example_2/exam_example_2.egg-info/requires.txt
[2.080s] writing top-level names to ../../build/exam_example_2/exam_example_2.egg-info/top_level.txt
[2.080s] writing manifest file '../../build/exam_example_2/exam_example_2.egg-info/SOURCES.txt'
[2.158s] reading manifest file '../../build/exam_example_2/exam_example_2.egg-info/SOURCES.txt'
[2.159s] writing manifest file '../../build/exam_example_2/exam_example_2.egg-info/SOURCES.txt'
[2.161s] running build
[2.161s] running build_py
[2.161s] creating /home/ubuntu/ros_workspace/build/exam_example_2/build
[2.167s] creating /home/ubuntu/ros_workspace/build/exam_example_2/build/lib
[2.167s] creating /home/ubuntu/ros_workspace/build/exam_example_2/build/lib/exam_example_2
[2.171s] copying exam_example_2/robot_controller.py -> /home/ubuntu/ros_workspace/build/exam_example_2/build/lib/exam_example_2
[2.171s] copying exam_example_2/__init__.py -> /home/ubuntu/ros_workspace/build/exam_example_2/build/lib/exam_example_2
[2.171s] copying exam_example_2/distance_calc.py -> /home/ubuntu/ros_workspace/build/exam_example_2/build/lib/exam_example_2
[2.175s] running install
[2.199s] running install_lib
[2.231s] creating /home/ubuntu/ros_workspace/install/exam_example_2/lib/python3.12/site-packages/exam_example_2
[2.233s] copying /home/ubuntu/ros_workspace/build/exam_example_2/build/lib/exam_example_2/robot_controller.py -> /home/ubuntu/ros_workspace/install/exam_example_2/lib/python3.12/site-packages/exam_example_2
[2.233s] copying /home/ubuntu/ros_workspace/build/exam_example_2/build/lib/exam_example_2/__init__.py -> /home/ubuntu/ros_workspace/install/exam_example_2/lib/python3.12/site-packages/exam_example_2
[2.233s] copying /home/ubuntu/ros_workspace/build/exam_example_2/build/lib/exam_example_2/distance_calc.py -> /home/ubuntu/ros_workspace/install/exam_example_2/lib/python3.12/site-packages/exam_example_2
[2.253s] byte-compiling /home/ubuntu/ros_workspace/install/exam_example_2/lib/python3.12/site-packages/exam_example_2/robot_controller.py to robot_controller.cpython-312.pyc
[2.258s] byte-compiling /home/ubuntu/ros_workspace/install/exam_example_2/lib/python3.12/site-packages/exam_example_2/__init__.py to __init__.cpython-312.pyc
[2.259s] byte-compiling /home/ubuntu/ros_workspace/install/exam_example_2/lib/python3.12/site-packages/exam_example_2/distance_calc.py to distance_calc.cpython-312.pyc
[2.259s] running install_data
[2.259s] creating /home/ubuntu/ros_workspace/install/exam_example_2/share/ament_index
[2.259s] creating /home/ubuntu/ros_workspace/install/exam_example_2/share/ament_index/resource_index
[2.259s] creating /home/ubuntu/ros_workspace/install/exam_example_2/share/ament_index/resource_index/packages
[2.259s] copying resource/exam_example_2 -> /home/ubuntu/ros_workspace/install/exam_example_2/share/ament_index/resource_index/packages
[2.263s] copying package.xml -> /home/ubuntu/ros_workspace/install/exam_example_2/share/exam_example_2
[2.263s] creating /home/ubuntu/ros_workspace/install/exam_example_2/share/exam_example_2/launch
[2.269s] copying launch/simulation.launch.py -> /home/ubuntu/ros_workspace/install/exam_example_2/share/exam_example_2/launch
[2.269s] running install_egg_info
[2.315s] Copying ../../build/exam_example_2/exam_example_2.egg-info to /home/ubuntu/ros_workspace/install/exam_example_2/lib/python3.12/site-packages/exam_example_2-0.0.0-py3.12.egg-info
[2.315s] running install_scripts
[2.588s] Installing distance script to /home/ubuntu/ros_workspace/install/exam_example_2/lib/exam_example_2
[2.590s] Installing robot_controller script to /home/ubuntu/ros_workspace/install/exam_example_2/lib/exam_example_2
[2.591s] writing list of installed files to '/home/ubuntu/ros_workspace/build/exam_example_2/install.log'
[2.701s] Invoked command in '/home/ubuntu/ros_workspace/src/exam_example_2' returned '0': CMAKE_PREFIX_PATH=/home/ubuntu/ros_workspace/install/bme_gazebo_sensors:/home/ubuntu/ros_workspace/install/turtlesim_controller:/home/ubuntu/ros_workspace/install/turtlesim_custom_msgs:/home/ubuntu/ros_workspace/install/robot_custom_msgs:/home/ubuntu/ros_workspace/install/ob_first_package_cpp:/home/ubuntu/ros_workspace/install/first_package_cpp:/home/ubuntu/ros_workspace/install/cmake_package:/home/ubuntu/ros_workspace/install/assignment1_rt:/home/ubuntu/ros_workspace/install/action_tutorials_interfaces:/home/ubuntu/ros_workspace/install/action_assignment:/opt/ros/jazzy/opt/gz_launch_vendor:/opt/ros/jazzy/opt/gz_sim_vendor:/opt/ros/jazzy/opt/gz_sensors_vendor:/opt/ros/jazzy/opt/gz_physics_vendor:/opt/ros/jazzy/opt/sdformat_vendor:/opt/ros/jazzy/opt/gz_gui_vendor:/opt/ros/jazzy/opt/gz_transport_vendor:/opt/ros/jazzy/opt/gz_rendering_vendor:/opt/ros/jazzy/opt/gz_plugin_vendor:/opt/ros/jazzy/opt/gz_fuel_tools_vendor:/opt/ros/jazzy/opt/gz_msgs_vendor:/opt/ros/jazzy/opt/gz_common_vendor:/opt/ros/jazzy/opt/gz_math_vendor:/opt/ros/jazzy/opt/gz_utils_vendor:/opt/ros/jazzy/opt/gz_tools_vendor:/opt/ros/jazzy/opt/gz_ogre_next_vendor:/opt/ros/jazzy/opt/gz_dartsim_vendor:/opt/ros/jazzy/opt/gz_cmake_vendor PYTHONPATH=/home/ubuntu/ros_workspace/build/exam_example_2/prefix_override:/usr/lib/python3/dist-packages/colcon_core/task/python/colcon_distutils_commands:/home/ubuntu/ros_workspace/install/exam_example_2/lib/python3.12/site-packages:${PYTHONPATH} /usr/bin/python3 -W ignore:setup.py install is deprecated -W ignore:easy_install command is deprecated setup.py egg_info --egg-base ../../build/exam_example_2 build --build-base /home/ubuntu/ros_workspace/build/exam_example_2/build install --record /home/ubuntu/ros_workspace/build/exam_example_2/install.log --single-version-externally-managed install_data
