[01m[K/home/ubuntu/ros_workspace/src/turtlesim_controller/src/turtlesim_controller.cpp:145:4:[m[K [01;31m[Kerror: [m[Kexpected ‘[01m[K}[m[K’ at end of input
  145 |   }
      |    [01;31m[K^[m[K
[01m[K/home/ubuntu/ros_workspace/src/turtlesim_controller/src/turtlesim_controller.cpp:10:2:[m[K [01;36m[Knote: [m[Kto match this ‘[01m[K{[m[K’
   10 |  [01;36m[K{[m[K
      |  [01;36m[K^[m[K
[01m[K/home/ubuntu/ros_workspace/src/turtlesim_controller/src/turtlesim_controller.cpp:[m[K In constructor ‘[01m[KTurtlesimController::[01;32m[KTurtlesimController[m[K()[m[K’:
[01m[K/home/ubuntu/ros_workspace/src/turtlesim_controller/src/turtlesim_controller.cpp:14:7:[m[K [01;31m[Kerror: [m[K‘[01m[Ksubscription[m[K’ was not declared in this scope
   14 |       [01;31m[Ksubscription[m[K =this-> create_subscription<turtlesim::msg::Pose>("turtle1/pose",10,std::bind(&TurtlesimController::topic_callback, this, _1));
      |       [01;31m[K^~~~~~~~~~~~[m[K
[01m[K/home/ubuntu/ros_workspace/src/turtlesim_controller/src/turtlesim_controller.cpp:15:7:[m[K [01;31m[Kerror: [m[K‘[01m[Kpublisher_[m[K’ was not declared in this scope; did you mean ‘[01m[Krmw_publisher_t[m[K’?
   15 |       [01;31m[Kpublisher_[m[K = this->create_publisher<geometry_msgs::msg::Twist>("turtle1/cmd_vel", 10);
      |       [01;31m[K^~~~~~~~~~[m[K
      |       [32m[Krmw_publisher_t[m[K
[01m[K/home/ubuntu/ros_workspace/src/turtlesim_controller/src/turtlesim_controller.cpp:16:7:[m[K [01;31m[Kerror: [m[K‘[01m[Ktimer_[m[K’ was not declared in this scope; did you mean ‘[01m[Ktimer_t[m[K’?
   16 |       [01;31m[Ktimer_[m[K = this->create_wall_timer(std::chrono::milliseconds(200), std::bind(&TurtlesimController::timer_callback, this));
      |       [01;31m[K^~~~~~[m[K
      |       [32m[Ktimer_t[m[K
[01m[K/home/ubuntu/ros_workspace/src/turtlesim_controller/src/turtlesim_controller.cpp:[m[K In member function ‘[01m[Kvoid TurtlesimController::[01;32m[Ktopic_callback[m[K(turtlesim::msg::Pose_<std::allocator<void> >::SharedPtr)[m[K’:
[01m[K/home/ubuntu/ros_workspace/src/turtlesim_controller/src/turtlesim_controller.cpp:23:4:[m[K [01;31m[Kerror: [m[K‘[01m[Kx_[m[K’ was not declared in this scope
   23 |    [01;31m[Kx_[m[K= msg->x;
      |    [01;31m[K^~[m[K
[01m[K/home/ubuntu/ros_workspace/src/turtlesim_controller/src/turtlesim_controller.cpp:24:4:[m[K [01;31m[Kerror: [m[K‘[01m[Ky_[m[K’ was not declared in this scope; did you mean ‘[01m[Kyn[m[K’?
   24 |    [01;31m[Ky_[m[K= msg->y;
      |    [01;31m[K^~[m[K
      |    [32m[Kyn[m[K
[01m[K/home/ubuntu/ros_workspace/src/turtlesim_controller/src/turtlesim_controller.cpp:25:4:[m[K [01;31m[Kerror: [m[K‘[01m[Ktheta_[m[K’ was not declared in this scope
   25 |    [01;31m[Ktheta_[m[K= msg->theta;
      |    [01;31m[K^~~~~~[m[K
[01m[K/home/ubuntu/ros_workspace/src/turtlesim_controller/src/turtlesim_controller.cpp:[m[K In member function ‘[01m[Kvoid TurtlesimController::[01;32m[Ktimer_callback[m[K()[m[K’:
[01m[K/home/ubuntu/ros_workspace/src/turtlesim_controller/src/turtlesim_controller.cpp:33:5:[m[K [01;31m[Kerror: [m[K‘[01m[Kx_[m[K’ was not declared in this scope
   33 | if ([01;31m[Kx_[m[K >= MIN_X && x_ <= MAX_X && y_ >= MIN_Y && y_ <= MAX_Y) {
      |     [01;31m[K^~[m[K
[01m[K/home/ubuntu/ros_workspace/src/turtlesim_controller/src/turtlesim_controller.cpp:33:11:[m[K [01;31m[Kerror: [m[K‘[01m[KMIN_X[m[K’ was not declared in this scope
   33 | if (x_ >= [01;31m[KMIN_X[m[K && x_ <= MAX_X && y_ >= MIN_Y && y_ <= MAX_Y) {
      |           [01;31m[K^~~~~[m[K
[01m[K/home/ubuntu/ros_workspace/src/turtlesim_controller/src/turtlesim_controller.cpp:33:26:[m[K [01;31m[Kerror: [m[K‘[01m[KMAX_X[m[K’ was not declared in this scope
   33 | if (x_ >= MIN_X && x_ <= [01;31m[KMAX_X[m[K && y_ >= MIN_Y && y_ <= MAX_Y) {
      |                          [01;31m[K^~~~~[m[K
[01m[K/home/ubuntu/ros_workspace/src/turtlesim_controller/src/turtlesim_controller.cpp:33:35:[m[K [01;31m[Kerror: [m[K‘[01m[Ky_[m[K’ was not declared in this scope; did you mean ‘[01m[Kyn[m[K’?
   33 | if (x_ >= MIN_X && x_ <= MAX_X && [01;31m[Ky_[m[K >= MIN_Y && y_ <= MAX_Y) {
      |                                   [01;31m[K^~[m[K
      |                                   [32m[Kyn[m[K
[01m[K/home/ubuntu/ros_workspace/src/turtlesim_controller/src/turtlesim_controller.cpp:33:41:[m[K [01;31m[Kerror: [m[K‘[01m[KMIN_Y[m[K’ was not declared in this scope
   33 | if (x_ >= MIN_X && x_ <= MAX_X && y_ >= [01;31m[KMIN_Y[m[K && y_ <= MAX_Y) {
      |                                         [01;31m[K^~~~~[m[K
[01m[K/home/ubuntu/ros_workspace/src/turtlesim_controller/src/turtlesim_controller.cpp:33:56:[m[K [01;31m[Kerror: [m[K‘[01m[KMAX_Y[m[K’ was not declared in this scope
   33 | if (x_ >= MIN_X && x_ <= MAX_X && y_ >= MIN_Y && y_ <= [01;31m[KMAX_Y[m[K) {
      |                                                        [01;31m[K^~~~~[m[K
[01m[K/home/ubuntu/ros_workspace/src/turtlesim_controller/src/turtlesim_controller.cpp:37:7:[m[K [01;31m[Kerror: [m[K‘[01m[Kmessage[m[K’ was not declared in this scope
   37 |       [01;31m[Kmessage[m[K.linear.x = 1.0;
      |       [01;31m[K^~~~~~~[m[K
[01m[K/home/ubuntu/ros_workspace/src/turtlesim_controller/src/turtlesim_controller.cpp:41:3:[m[K [01;31m[Kerror: [m[Kexpected ‘[01m[K}[m[K’ before ‘[01m[Kelse[m[K’
   41 |   [01;31m[Kelse[m[K if (x_ > 9.0) {
      |   [01;31m[K^~~~[m[K
[01m[K/home/ubuntu/ros_workspace/src/turtlesim_controller/src/turtlesim_controller.cpp:36:31:[m[K [01;36m[Knote: [m[Kto match this ‘[01m[K{[m[K’
   36 |   if (x_ <= 9.0 && x_ >= 3.0) [01;36m[K{[m[K
      |                               [01;36m[K^[m[K
[01m[K/home/ubuntu/ros_workspace/src/turtlesim_controller/src/turtlesim_controller.cpp:43:12:[m[K [01;31m[Kerror: [m[K‘[01m[Kturn_complete_[m[K’ was not declared in this scope
   43 |       if (![01;31m[Kturn_complete_[m[K) {
      |            [01;31m[K^~~~~~~~~~~~~~[m[K
[01m[K/home/ubuntu/ros_workspace/src/turtlesim_controller/src/turtlesim_controller.cpp:44:13:[m[K [01;31m[Kerror: [m[K‘[01m[Ktick_count_[m[K’ was not declared in this scope
   44 |           ++[01;31m[Ktick_count_[m[K;
      |             [01;31m[K^~~~~~~~~~~[m[K
[01m[K/home/ubuntu/ros_workspace/src/turtlesim_controller/src/turtlesim_controller.cpp:46:11:[m[K [01;31m[Kerror: [m[K‘[01m[Kmessage[m[K’ was not declared in this scope
   46 |           [01;31m[Kmessage[m[K.linear.x = INITIAL_FORWARD_SPEED;
      |           [01;31m[K^~~~~~~[m[K
[01m[K/home/ubuntu/ros_workspace/src/turtlesim_controller/src/turtlesim_controller.cpp:46:30:[m[K [01;31m[Kerror: [m[K‘[01m[KINITIAL_FORWARD_SPEED[m[K’ was not declared in this scope
   46 |           message.linear.x = [01;31m[KINITIAL_FORWARD_SPEED[m[K;
      |                              [01;31m[K^~~~~~~~~~~~~~~~~~~~~[m[K
[01m[K/home/ubuntu/ros_workspace/src/turtlesim_controller/src/turtlesim_controller.cpp:47:31:[m[K [01;31m[Kerror: [m[K‘[01m[KCIRCULAR_SPEED[m[K’ was not declared in this scope
   47 |           message.angular.z = [01;31m[KCIRCULAR_SPEED[m[K;
      |                               [01;31m[K^~~~~~~~~~~~~~[m[K
[01m[K/home/ubuntu/ros_workspace/src/turtlesim_controller/src/turtlesim_controller.cpp:48:11:[m[K [01;31m[Kerror: [m[K‘[01m[Kpublisher_[m[K’ was not declared in this scope; did you mean ‘[01m[Krmw_publisher_t[m[K’?
   48 |           [01;31m[Kpublisher_[m[K->publish(message);
      |           [01;31m[K^~~~~~~~~~[m[K
      |           [32m[Krmw_publisher_t[m[K
[01m[K/home/ubuntu/ros_workspace/src/turtlesim_controller/src/turtlesim_controller.cpp:50:30:[m[K [01;31m[Kerror: [m[K‘[01m[Kticks_in_circle[m[K’ was not declared in this scope
   50 |           if (tick_count_ >= [01;31m[Kticks_in_circle[m[K) {
      |                              [01;31m[K^~~~~~~~~~~~~~~[m[K
[01m[K/home/ubuntu/ros_workspace/src/turtlesim_controller/src/turtlesim_controller.cpp:58:7:[m[K [01;31m[Kerror: [m[K‘[01m[Kmessage[m[K’ was not declared in this scope
   58 |       [01;31m[Kmessage[m[K.linear.x = 1.0;
      |       [01;31m[K^~~~~~~[m[K
[01m[K/home/ubuntu/ros_workspace/src/turtlesim_controller/src/turtlesim_controller.cpp:65:12:[m[K [01;31m[Kerror: [m[K‘[01m[Kturn_complete_[m[K’ was not declared in this scope
   65 |       if (![01;31m[Kturn_complete_[m[K) {
      |            [01;31m[K^~~~~~~~~~~~~~[m[K
[01m[K/home/ubuntu/ros_workspace/src/turtlesim_controller/src/turtlesim_controller.cpp:66:13:[m[K [01;31m[Kerror: [m[K‘[01m[Ktick_count_[m[K’ was not declared in this scope
   66 |           ++[01;31m[Ktick_count_[m[K;
      |             [01;31m[K^~~~~~~~~~~[m[K
[01m[K/home/ubuntu/ros_workspace/src/turtlesim_controller/src/turtlesim_controller.cpp:68:11:[m[K [01;31m[Kerror: [m[K‘[01m[Kmessage[m[K’ was not declared in this scope
   68 |           [01;31m[Kmessage[m[K.linear.x = INITIAL_FORWARD_SPEED;
      |           [01;31m[K^~~~~~~[m[K
[01m[K/home/ubuntu/ros_workspace/src/turtlesim_controller/src/turtlesim_controller.cpp:68:30:[m[K [01;31m[Kerror: [m[K‘[01m[KINITIAL_FORWARD_SPEED[m[K’ was not declared in this scope
   68 |           message.linear.x = [01;31m[KINITIAL_FORWARD_SPEED[m[K;
      |                              [01;31m[K^~~~~~~~~~~~~~~~~~~~~[m[K
[01m[K/home/ubuntu/ros_workspace/src/turtlesim_controller/src/turtlesim_controller.cpp:69:32:[m[K [01;31m[Kerror: [m[K‘[01m[KCIRCULAR_SPEED[m[K’ was not declared in this scope
   69 |           message.angular.z = -[01;31m[KCIRCULAR_SPEED[m[K;
      |                                [01;31m[K^~~~~~~~~~~~~~[m[K
[01m[K/home/ubuntu/ros_workspace/src/turtlesim_controller/src/turtlesim_controller.cpp:70:11:[m[K [01;31m[Kerror: [m[K‘[01m[Kpublisher_[m[K’ was not declared in this scope; did you mean ‘[01m[Krmw_publisher_t[m[K’?
   70 |           [01;31m[Kpublisher_[m[K->publish(message);
      |           [01;31m[K^~~~~~~~~~[m[K
      |           [32m[Krmw_publisher_t[m[K
[01m[K/home/ubuntu/ros_workspace/src/turtlesim_controller/src/turtlesim_controller.cpp:72:30:[m[K [01;31m[Kerror: [m[K‘[01m[Kticks_in_circle[m[K’ was not declared in this scope
   72 |           if (tick_count_ >= [01;31m[Kticks_in_circle[m[K) {
      |                              [01;31m[K^~~~~~~~~~~~~~~[m[K
[01m[K/home/ubuntu/ros_workspace/src/turtlesim_controller/src/turtlesim_controller.cpp:80:7:[m[K [01;31m[Kerror: [m[K‘[01m[Kmessage[m[K’ was not declared in this scope
   80 |       [01;31m[Kmessage[m[K.linear.x = 1.0;
      |       [01;31m[K^~~~~~~[m[K
[01m[K/home/ubuntu/ros_workspace/src/turtlesim_controller/src/turtlesim_controller.cpp:86:5:[m[K [01;31m[Kerror: [m[K‘[01m[Kmessage[m[K’ was not declared in this scope
   86 |     [01;31m[Kmessage[m[K.linear.x = 0.0;
      |     [01;31m[K^~~~~~~[m[K
[01m[K/home/ubuntu/ros_workspace/src/turtlesim_controller/src/turtlesim_controller.cpp:91:3:[m[K [01;31m[Kerror: [m[K‘[01m[Kpublisher_[m[K’ was not declared in this scope; did you mean ‘[01m[Krmw_publisher_t[m[K’?
   91 |   [01;31m[Kpublisher_[m[K->publish(message);
      |   [01;31m[K^~~~~~~~~~[m[K
      |   [32m[Krmw_publisher_t[m[K
[01m[K/home/ubuntu/ros_workspace/src/turtlesim_controller/src/turtlesim_controller.cpp:91:23:[m[K [01;31m[Kerror: [m[K‘[01m[Kmessage[m[K’ was not declared in this scope
   91 |   publisher_->publish([01;31m[Kmessage[m[K);
      |                       [01;31m[K^~~~~~~[m[K
[01m[K/home/ubuntu/ros_workspace/src/turtlesim_controller/src/turtlesim_controller.cpp:[m[K At global scope:
[01m[K/home/ubuntu/ros_workspace/src/turtlesim_controller/src/turtlesim_controller.cpp:145:4:[m[K [01;31m[Kerror: [m[Kexpected unqualified-id at end of input
  145 |   }
      |    [01;31m[K^[m[K
gmake[2]: *** [CMakeFiles/turtlesim_controller.dir/build.make:76: CMakeFiles/turtlesim_controller.dir/src/turtlesim_controller.cpp.o] Error 1
gmake[1]: *** [CMakeFiles/Makefile2:137: CMakeFiles/turtlesim_controller.dir/all] Error 2
gmake: *** [Makefile:146: all] Error 2
