[1.099s] Invoking command in '/home/ubuntu/ros_workspace/src/exam_example': PYTHONPATH=/home/ubuntu/ros_workspace/build/exam_example/prefix_override:/usr/lib/python3/dist-packages/colcon_core/task/python/colcon_distutils_commands:/home/ubuntu/ros_workspace/install/exam_example/lib/python3.12/site-packages:${PYTHONPATH} /usr/bin/python3 -W ignore:setup.py install is deprecated -W ignore:easy_install command is deprecated setup.py egg_info --egg-base ../../build/exam_example build --build-base /home/ubuntu/ros_workspace/build/exam_example/build install --record /home/ubuntu/ros_workspace/build/exam_example/install.log --single-version-externally-managed install_data
[1.327s] running egg_info
[1.343s] writing ../../build/exam_example/exam_example.egg-info/PKG-INFO
[1.343s] writing dependency_links to ../../build/exam_example/exam_example.egg-info/dependency_links.txt
[1.344s] writing entry points to ../../build/exam_example/exam_example.egg-info/entry_points.txt
[1.344s] writing requirements to ../../build/exam_example/exam_example.egg-info/requires.txt
[1.344s] writing top-level names to ../../build/exam_example/exam_example.egg-info/top_level.txt
[1.377s] reading manifest file '../../build/exam_example/exam_example.egg-info/SOURCES.txt'
[1.378s] writing manifest file '../../build/exam_example/exam_example.egg-info/SOURCES.txt'
[1.378s] running build
[1.378s] running build_py
[1.378s] copying exam_example/distance_calc.py -> /home/ubuntu/ros_workspace/build/exam_example/build/lib/exam_example
[1.379s] running install
[1.385s] running install_lib
[1.401s] copying /home/ubuntu/ros_workspace/build/exam_example/build/lib/exam_example/distance_calc.py -> /home/ubuntu/ros_workspace/install/exam_example/lib/python3.12/site-packages/exam_example
[1.401s] byte-compiling /home/ubuntu/ros_workspace/install/exam_example/lib/python3.12/site-packages/exam_example/distance_calc.py to distance_calc.cpython-312.pyc
[1.403s] running install_data
[1.403s] copying package.xml -> /home/ubuntu/ros_workspace/install/exam_example/share/exam_example
[1.403s] running install_egg_info
[1.420s] removing '/home/ubuntu/ros_workspace/install/exam_example/lib/python3.12/site-packages/exam_example-0.0.0-py3.12.egg-info' (and everything under it)
[1.421s] Copying ../../build/exam_example/exam_example.egg-info to /home/ubuntu/ros_workspace/install/exam_example/lib/python3.12/site-packages/exam_example-0.0.0-py3.12.egg-info
[1.424s] running install_scripts
[1.550s] Installing distance script to /home/ubuntu/ros_workspace/install/exam_example/lib/exam_example
[1.551s] Installing turtle2 script to /home/ubuntu/ros_workspace/install/exam_example/lib/exam_example
[1.552s] Installing turtles script to /home/ubuntu/ros_workspace/install/exam_example/lib/exam_example
[1.552s] writing list of installed files to '/home/ubuntu/ros_workspace/build/exam_example/install.log'
[1.593s] Invoked command in '/home/ubuntu/ros_workspace/src/exam_example' returned '0': PYTHONPATH=/home/ubuntu/ros_workspace/build/exam_example/prefix_override:/usr/lib/python3/dist-packages/colcon_core/task/python/colcon_distutils_commands:/home/ubuntu/ros_workspace/install/exam_example/lib/python3.12/site-packages:${PYTHONPATH} /usr/bin/python3 -W ignore:setup.py install is deprecated -W ignore:easy_install command is deprecated setup.py egg_info --egg-base ../../build/exam_example build --build-base /home/ubuntu/ros_workspace/build/exam_example/build install --record /home/ubuntu/ros_workspace/build/exam_example/install.log --single-version-externally-managed install_data
