[0.828s] Invoking command in '/home/ubuntu/ros_workspace/src/fibonacci': PYTHONPATH=/home/ubuntu/ros_workspace/build/fibonacci/prefix_override:/usr/lib/python3/dist-packages/colcon_core/task/python/colcon_distutils_commands:/home/ubuntu/ros_workspace/install/fibonacci/lib/python3.12/site-packages:${PYTHONPATH} /usr/bin/python3 -W ignore:setup.py install is deprecated -W ignore:easy_install command is deprecated setup.py egg_info --egg-base ../../build/fibonacci build --build-base /home/ubuntu/ros_workspace/build/fibonacci/build install --record /home/ubuntu/ros_workspace/build/fibonacci/install.log --single-version-externally-managed install_data
[1.082s] running egg_info
[1.100s] writing ../../build/fibonacci/fibonacci.egg-info/PKG-INFO
[1.100s] writing dependency_links to ../../build/fibonacci/fibonacci.egg-info/dependency_links.txt
[1.100s] writing entry points to ../../build/fibonacci/fibonacci.egg-info/entry_points.txt
[1.101s] writing requirements to ../../build/fibonacci/fibonacci.egg-info/requires.txt
[1.101s] writing top-level names to ../../build/fibonacci/fibonacci.egg-info/top_level.txt
[1.140s] reading manifest file '../../build/fibonacci/fibonacci.egg-info/SOURCES.txt'
[1.141s] writing manifest file '../../build/fibonacci/fibonacci.egg-info/SOURCES.txt'
[1.142s] running build
[1.142s] running build_py
[1.143s] running install
[1.149s] running install_lib
[1.169s] running install_data
[1.170s] running install_egg_info
[1.190s] removing '/home/ubuntu/ros_workspace/install/fibonacci/lib/python3.12/site-packages/fibonacci-0.0.0-py3.12.egg-info' (and everything under it)
[1.190s] Copying ../../build/fibonacci/fibonacci.egg-info to /home/ubuntu/ros_workspace/install/fibonacci/lib/python3.12/site-packages/fibonacci-0.0.0-py3.12.egg-info
[1.193s] running install_scripts
[1.329s] Installing fibonacci_client script to /home/ubuntu/ros_workspace/install/fibonacci/lib/fibonacci
[1.329s] Installing fibonacci_client_2 script to /home/ubuntu/ros_workspace/install/fibonacci/lib/fibonacci
[1.329s] Installing fibonacci_client_3 script to /home/ubuntu/ros_workspace/install/fibonacci/lib/fibonacci
[1.330s] Installing fibonacci_server script to /home/ubuntu/ros_workspace/install/fibonacci/lib/fibonacci
[1.330s] Installing fibonacci_server_2 script to /home/ubuntu/ros_workspace/install/fibonacci/lib/fibonacci
[1.330s] Installing fibonacci_server_3 script to /home/ubuntu/ros_workspace/install/fibonacci/lib/fibonacci
[1.330s] Installing fibonacci_server_4 script to /home/ubuntu/ros_workspace/install/fibonacci/lib/fibonacci
[1.330s] Installing fibonacci_server_5 script to /home/ubuntu/ros_workspace/install/fibonacci/lib/fibonacci
[1.331s] writing list of installed files to '/home/ubuntu/ros_workspace/build/fibonacci/install.log'
[1.383s] Invoked command in '/home/ubuntu/ros_workspace/src/fibonacci' returned '0': PYTHONPATH=/home/ubuntu/ros_workspace/build/fibonacci/prefix_override:/usr/lib/python3/dist-packages/colcon_core/task/python/colcon_distutils_commands:/home/ubuntu/ros_workspace/install/fibonacci/lib/python3.12/site-packages:${PYTHONPATH} /usr/bin/python3 -W ignore:setup.py install is deprecated -W ignore:easy_install command is deprecated setup.py egg_info --egg-base ../../build/fibonacci build --build-base /home/ubuntu/ros_workspace/build/fibonacci/build install --record /home/ubuntu/ros_workspace/build/fibonacci/install.log --single-version-externally-managed install_data
