running egg_info
writing ../../build/assignment2_rt_py/assignment2_rt_py.egg-info/PKG-INFO
writing dependency_links to ../../build/assignment2_rt_py/assignment2_rt_py.egg-info/dependency_links.txt
writing entry points to ../../build/assignment2_rt_py/assignment2_rt_py.egg-info/entry_points.txt
writing requirements to ../../build/assignment2_rt_py/assignment2_rt_py.egg-info/requires.txt
writing top-level names to ../../build/assignment2_rt_py/assignment2_rt_py.egg-info/top_level.txt
reading manifest file '../../build/assignment2_rt_py/assignment2_rt_py.egg-info/SOURCES.txt'
writing manifest file '../../build/assignment2_rt_py/assignment2_rt_py.egg-info/SOURCES.txt'
running build
running build_py
copying assignment2_rt_py/robot_controller2.py -> /home/ubuntu/ros_workspace/build/assignment2_rt_py/build/lib/assignment2_rt_py
copying assignment2_rt_py/robot_controller.py -> /home/ubuntu/ros_workspace/build/assignment2_rt_py/build/lib/assignment2_rt_py
running install
running install_lib
copying /home/ubuntu/ros_workspace/build/assignment2_rt_py/build/lib/assignment2_rt_py/robot_controller2.py -> /home/ubuntu/ros_workspace/install/assignment2_rt_py/lib/python3.12/site-packages/assignment2_rt_py
copying /home/ubuntu/ros_workspace/build/assignment2_rt_py/build/lib/assignment2_rt_py/robot_controller.py -> /home/ubuntu/ros_workspace/install/assignment2_rt_py/lib/python3.12/site-packages/assignment2_rt_py
byte-compiling /home/ubuntu/ros_workspace/install/assignment2_rt_py/lib/python3.12/site-packages/assignment2_rt_py/robot_controller2.py to robot_controller2.cpython-312.pyc
byte-compiling /home/ubuntu/ros_workspace/install/assignment2_rt_py/lib/python3.12/site-packages/assignment2_rt_py/robot_controller.py to robot_controller.cpython-312.pyc
Sorry: IndentationError: unindent does not match any outer indentation level (robot_controller.py, line 306)
running install_data
copying launch/simulation.launch.py -> /home/ubuntu/ros_workspace/install/assignment2_rt_py/share/assignment2_rt_py/launch
running install_egg_info
removing '/home/ubuntu/ros_workspace/install/assignment2_rt_py/lib/python3.12/site-packages/assignment2_rt_py-0.0.0-py3.12.egg-info' (and everything under it)
Copying ../../build/assignment2_rt_py/assignment2_rt_py.egg-info to /home/ubuntu/ros_workspace/install/assignment2_rt_py/lib/python3.12/site-packages/assignment2_rt_py-0.0.0-py3.12.egg-info
running install_scripts
Installing distance script to /home/ubuntu/ros_workspace/install/assignment2_rt_py/lib/assignment2_rt_py
Installing robot_controller2 script to /home/ubuntu/ros_workspace/install/assignment2_rt_py/lib/assignment2_rt_py
writing list of installed files to '/home/ubuntu/ros_workspace/build/assignment2_rt_py/install.log'
