[1.215s] Invoking command in '/home/ubuntu/ros_workspace/src/assignment2_rt_py': CMAKE_PREFIX_PATH=/home/ubuntu/ros_workspace/install/turtlesim_custom_msgs:/home/ubuntu/ros_workspace/install/bme_gazebo_sensors:/home/ubuntu/ros_workspace/install/turtlesim_controller:/home/ubuntu/ros_workspace/install/ob_first_package_cpp:/home/ubuntu/ros_workspace/install/first_package_cpp:/home/ubuntu/ros_workspace/install/cmake_package:/home/ubuntu/ros_workspace/install/assignment1_rt:/opt/ros/jazzy/opt/gz_launch_vendor:/opt/ros/jazzy/opt/gz_sim_vendor:/opt/ros/jazzy/opt/gz_sensors_vendor:/opt/ros/jazzy/opt/gz_physics_vendor:/opt/ros/jazzy/opt/sdformat_vendor:/opt/ros/jazzy/opt/gz_gui_vendor:/opt/ros/jazzy/opt/gz_transport_vendor:/opt/ros/jazzy/opt/gz_rendering_vendor:/opt/ros/jazzy/opt/gz_plugin_vendor:/opt/ros/jazzy/opt/gz_fuel_tools_vendor:/opt/ros/jazzy/opt/gz_msgs_vendor:/opt/ros/jazzy/opt/gz_common_vendor:/opt/ros/jazzy/opt/gz_math_vendor:/opt/ros/jazzy/opt/gz_utils_vendor:/opt/ros/jazzy/opt/gz_tools_vendor:/opt/ros/jazzy/opt/gz_ogre_next_vendor:/opt/ros/jazzy/opt/gz_dartsim_vendor:/opt/ros/jazzy/opt/gz_cmake_vendor PYTHONPATH=/home/ubuntu/ros_workspace/build/assignment2_rt_py/prefix_override:/usr/lib/python3/dist-packages/colcon_core/task/python/colcon_distutils_commands:/home/ubuntu/ros_workspace/install/assignment2_rt_py/lib/python3.12/site-packages:/home/ubuntu/ros_workspace/install/turtlesim_custom_msgs/lib/python3.12/site-packages:/home/ubuntu/ros_workspace/install/assignment2_rt_py/lib/python3.12/site-packages:/home/ubuntu/ros_workspace/install/python_package/lib/python3.12/site-packages:/home/ubuntu/ros_workspace/install/first_package_py/lib/python3.12/site-packages:/home/ubuntu/ros_workspace/install/assignment1_rt_py/lib/python3.12/site-packages:/opt/ros/jazzy/lib/python3.12/site-packages /usr/bin/python3 -W ignore:setup.py install is deprecated -W ignore:easy_install command is deprecated setup.py egg_info --egg-base ../../build/assignment2_rt_py build --build-base /home/ubuntu/ros_workspace/build/assignment2_rt_py/build install --record /home/ubuntu/ros_workspace/build/assignment2_rt_py/install.log --single-version-externally-managed install_data
[1.488s] running egg_info
[1.505s] writing ../../build/assignment2_rt_py/assignment2_rt_py.egg-info/PKG-INFO
[1.506s] writing dependency_links to ../../build/assignment2_rt_py/assignment2_rt_py.egg-info/dependency_links.txt
[1.506s] writing entry points to ../../build/assignment2_rt_py/assignment2_rt_py.egg-info/entry_points.txt
[1.506s] writing requirements to ../../build/assignment2_rt_py/assignment2_rt_py.egg-info/requires.txt
[1.507s] writing top-level names to ../../build/assignment2_rt_py/assignment2_rt_py.egg-info/top_level.txt
[1.543s] reading manifest file '../../build/assignment2_rt_py/assignment2_rt_py.egg-info/SOURCES.txt'
[1.544s] writing manifest file '../../build/assignment2_rt_py/assignment2_rt_py.egg-info/SOURCES.txt'
[1.545s] running build
[1.545s] running build_py
[1.545s] copying assignment2_rt_py/robot_controller2.py -> /home/ubuntu/ros_workspace/build/assignment2_rt_py/build/lib/assignment2_rt_py
[1.545s] copying assignment2_rt_py/robot_controller.py -> /home/ubuntu/ros_workspace/build/assignment2_rt_py/build/lib/assignment2_rt_py
[1.546s] running install
[1.552s] running install_lib
[1.570s] copying /home/ubuntu/ros_workspace/build/assignment2_rt_py/build/lib/assignment2_rt_py/robot_controller2.py -> /home/ubuntu/ros_workspace/install/assignment2_rt_py/lib/python3.12/site-packages/assignment2_rt_py
[1.571s] copying /home/ubuntu/ros_workspace/build/assignment2_rt_py/build/lib/assignment2_rt_py/robot_controller.py -> /home/ubuntu/ros_workspace/install/assignment2_rt_py/lib/python3.12/site-packages/assignment2_rt_py
[1.572s] byte-compiling /home/ubuntu/ros_workspace/install/assignment2_rt_py/lib/python3.12/site-packages/assignment2_rt_py/robot_controller2.py to robot_controller2.cpython-312.pyc
[1.574s] byte-compiling /home/ubuntu/ros_workspace/install/assignment2_rt_py/lib/python3.12/site-packages/assignment2_rt_py/robot_controller.py to robot_controller.cpython-312.pyc
[1.575s] Sorry: IndentationError: unindent does not match any outer indentation level (robot_controller.py, line 306)
[1.575s] running install_data
[1.575s] copying launch/simulation.launch.py -> /home/ubuntu/ros_workspace/install/assignment2_rt_py/share/assignment2_rt_py/launch
[1.576s] running install_egg_info
[1.595s] removing '/home/ubuntu/ros_workspace/install/assignment2_rt_py/lib/python3.12/site-packages/assignment2_rt_py-0.0.0-py3.12.egg-info' (and everything under it)
[1.595s] Copying ../../build/assignment2_rt_py/assignment2_rt_py.egg-info to /home/ubuntu/ros_workspace/install/assignment2_rt_py/lib/python3.12/site-packages/assignment2_rt_py-0.0.0-py3.12.egg-info
[1.598s] running install_scripts
[1.734s] Installing distance script to /home/ubuntu/ros_workspace/install/assignment2_rt_py/lib/assignment2_rt_py
[1.734s] Installing robot_controller2 script to /home/ubuntu/ros_workspace/install/assignment2_rt_py/lib/assignment2_rt_py
[1.735s] writing list of installed files to '/home/ubuntu/ros_workspace/build/assignment2_rt_py/install.log'
[1.779s] Invoked command in '/home/ubuntu/ros_workspace/src/assignment2_rt_py' returned '0': CMAKE_PREFIX_PATH=/home/ubuntu/ros_workspace/install/turtlesim_custom_msgs:/home/ubuntu/ros_workspace/install/bme_gazebo_sensors:/home/ubuntu/ros_workspace/install/turtlesim_controller:/home/ubuntu/ros_workspace/install/ob_first_package_cpp:/home/ubuntu/ros_workspace/install/first_package_cpp:/home/ubuntu/ros_workspace/install/cmake_package:/home/ubuntu/ros_workspace/install/assignment1_rt:/opt/ros/jazzy/opt/gz_launch_vendor:/opt/ros/jazzy/opt/gz_sim_vendor:/opt/ros/jazzy/opt/gz_sensors_vendor:/opt/ros/jazzy/opt/gz_physics_vendor:/opt/ros/jazzy/opt/sdformat_vendor:/opt/ros/jazzy/opt/gz_gui_vendor:/opt/ros/jazzy/opt/gz_transport_vendor:/opt/ros/jazzy/opt/gz_rendering_vendor:/opt/ros/jazzy/opt/gz_plugin_vendor:/opt/ros/jazzy/opt/gz_fuel_tools_vendor:/opt/ros/jazzy/opt/gz_msgs_vendor:/opt/ros/jazzy/opt/gz_common_vendor:/opt/ros/jazzy/opt/gz_math_vendor:/opt/ros/jazzy/opt/gz_utils_vendor:/opt/ros/jazzy/opt/gz_tools_vendor:/opt/ros/jazzy/opt/gz_ogre_next_vendor:/opt/ros/jazzy/opt/gz_dartsim_vendor:/opt/ros/jazzy/opt/gz_cmake_vendor PYTHONPATH=/home/ubuntu/ros_workspace/build/assignment2_rt_py/prefix_override:/usr/lib/python3/dist-packages/colcon_core/task/python/colcon_distutils_commands:/home/ubuntu/ros_workspace/install/assignment2_rt_py/lib/python3.12/site-packages:/home/ubuntu/ros_workspace/install/turtlesim_custom_msgs/lib/python3.12/site-packages:/home/ubuntu/ros_workspace/install/assignment2_rt_py/lib/python3.12/site-packages:/home/ubuntu/ros_workspace/install/python_package/lib/python3.12/site-packages:/home/ubuntu/ros_workspace/install/first_package_py/lib/python3.12/site-packages:/home/ubuntu/ros_workspace/install/assignment1_rt_py/lib/python3.12/site-packages:/opt/ros/jazzy/lib/python3.12/site-packages /usr/bin/python3 -W ignore:setup.py install is deprecated -W ignore:easy_install command is deprecated setup.py egg_info --egg-base ../../build/assignment2_rt_py build --build-base /home/ubuntu/ros_workspace/build/assignment2_rt_py/build install --record /home/ubuntu/ros_workspace/build/assignment2_rt_py/install.log --single-version-externally-managed install_data
