[0.086s] Invoking command in '/home/ubuntu/ros_workspace/build/cmake_package': CMAKE_PREFIX_PATH=${CMAKE_PREFIX_PATH}:/home/ubuntu/ros_workspace/install/python_package:/opt/ros/jazzy /usr/bin/cmake --build /home/ubuntu/ros_workspace/build/cmake_package -- -j16 -l16
[0.547s] Invoked command in '/home/ubuntu/ros_workspace/build/cmake_package' returned '0': CMAKE_PREFIX_PATH=${CMAKE_PREFIX_PATH}:/home/ubuntu/ros_workspace/install/python_package:/opt/ros/jazzy /usr/bin/cmake --build /home/ubuntu/ros_workspace/build/cmake_package -- -j16 -l16
[0.549s] Invoking command in '/home/ubuntu/ros_workspace/build/cmake_package': CMAKE_PREFIX_PATH=${CMAKE_PREFIX_PATH}:/home/ubuntu/ros_workspace/install/python_package:/opt/ros/jazzy /usr/bin/cmake --install /home/ubuntu/ros_workspace/build/cmake_package
[0.574s] -- Install configuration: ""
[0.576s] -- Up-to-date: /home/ubuntu/ros_workspace/install/cmake_package/share/ament_index/resource_index/package_run_dependencies/cmake_package
[0.577s] -- Up-to-date: /home/ubuntu/ros_workspace/install/cmake_package/share/ament_index/resource_index/parent_prefix_path/cmake_package
[0.578s] -- Up-to-date: /home/ubuntu/ros_workspace/install/cmake_package/share/cmake_package/environment/ament_prefix_path.sh
[0.578s] -- Up-to-date: /home/ubuntu/ros_workspace/install/cmake_package/share/cmake_package/environment/ament_prefix_path.dsv
[0.580s] -- Up-to-date: /home/ubuntu/ros_workspace/install/cmake_package/share/cmake_package/environment/path.sh
[0.581s] -- Up-to-date: /home/ubuntu/ros_workspace/install/cmake_package/share/cmake_package/environment/path.dsv
[0.582s] -- Up-to-date: /home/ubuntu/ros_workspace/install/cmake_package/share/cmake_package/local_setup.bash
[0.583s] -- Up-to-date: /home/ubuntu/ros_workspace/install/cmake_package/share/cmake_package/local_setup.sh
[0.583s] -- Up-to-date: /home/ubuntu/ros_workspace/install/cmake_package/share/cmake_package/local_setup.zsh
[0.585s] -- Up-to-date: /home/ubuntu/ros_workspace/install/cmake_package/share/cmake_package/local_setup.dsv
[0.585s] -- Installing: /home/ubuntu/ros_workspace/install/cmake_package/share/cmake_package/package.dsv
[0.586s] -- Up-to-date: /home/ubuntu/ros_workspace/install/cmake_package/share/ament_index/resource_index/packages/cmake_package
[0.586s] -- Up-to-date: /home/ubuntu/ros_workspace/install/cmake_package/share/cmake_package/cmake/cmake_packageConfig.cmake
[0.587s] -- Up-to-date: /home/ubuntu/ros_workspace/install/cmake_package/share/cmake_package/cmake/cmake_packageConfig-version.cmake
[0.588s] -- Up-to-date: /home/ubuntu/ros_workspace/install/cmake_package/share/cmake_package/package.xml
[0.625s] Invoked command in '/home/ubuntu/ros_workspace/build/cmake_package' returned '0': CMAKE_PREFIX_PATH=${CMAKE_PREFIX_PATH}:/home/ubuntu/ros_workspace/install/python_package:/opt/ros/jazzy /usr/bin/cmake --install /home/ubuntu/ros_workspace/build/cmake_package
