[0.013s] Invoking command in '/home/ubuntu/ros_workspace/build/assignment1_rt': CMAKE_PREFIX_PATH=${CMAKE_PREFIX_PATH}:/opt/ros/jazzy /usr/bin/cmake --build /home/ubuntu/ros_workspace/build/assignment1_rt -- -j16 -l16
[0.101s] [ 50%] Built target distance
[0.110s] [ 75%] [32mBuilding CXX object CMakeFiles/turtles.dir/src/two_turtles.cpp.o[0m
[2.452s] [01m[K/home/ubuntu/ros_workspace/src/assignment1_rt/src/two_turtles.cpp:[m[K In constructor ‘[01m[KTwoTurtles::[01;32m[KTwoTurtles[m[K()[m[K’:
[2.453s] [01m[K/home/ubuntu/ros_workspace/src/assignment1_rt/src/two_turtles.cpp:21:71:[m[K [01;31m[Kerror: [m[Kno matching function for call to ‘[01m[KTwoTurtles::create_subscription<turtlesim::msg::Pose>(const char [13], int)[m[K’
[2.453s]    21 |       subscription_1 =[01;31m[Kthis-> create_subscription<turtlesim::msg::Pose>("turtle1/pose",10)[m[K;
[2.453s]       |                       [01;31m[K~~~~~~~~~~~~~~~~~~~~~~~~~~~~~~~~~~~~~~~~~~~~~~~~^~~~~~~~~~~~~~~~~~~[m[K
[2.453s] In file included from [01m[K/opt/ros/jazzy/include/rclcpp/rclcpp/executors/single_threaded_executor.hpp:28[m[K,
[2.453s]                  from [01m[K/opt/ros/jazzy/include/rclcpp/rclcpp/executors.hpp:22[m[K,
[2.453s]                  from [01m[K/opt/ros/jazzy/include/rclcpp/rclcpp/rclcpp.hpp:172[m[K,
[2.453s]                  from [01m[K/home/ubuntu/ros_workspace/src/assignment1_rt/src/two_turtles.cpp:1[m[K:
[2.453s] [01m[K/opt/ros/jazzy/include/rclcpp/rclcpp/node.hpp:221:3:[m[K [01;36m[Knote: [m[Kcandidate: ‘[01m[Ktemplate<class MessageT, class CallbackT, class AllocatorT, class SubscriptionT, class MessageMemoryStrategyT> std::shared_ptr<ROSMessageT> rclcpp::Node::[01;32m[Kcreate_subscription[m[K(const std::string&, const rclcpp::QoS&, CallbackT&&, const rclcpp::SubscriptionOptionsWithAllocator<AllocatorT>&, typename MessageMemoryStrategyT::SharedPtr)[m[K’
[2.453s]   221 |   [01;36m[Kcreate_subscription[m[K(
[2.453s]       |   [01;36m[K^~~~~~~~~~~~~~~~~~~[m[K
[2.453s] [01m[K/opt/ros/jazzy/include/rclcpp/rclcpp/node.hpp:221:3:[m[K [01;36m[Knote: [m[K  candidate expects 3 arguments, 2 provided
[2.453s] [01m[K/home/ubuntu/ros_workspace/src/assignment1_rt/src/two_turtles.cpp:22:71:[m[K [01;31m[Kerror: [m[Kno matching function for call to ‘[01m[KTwoTurtles::create_subscription<turtlesim::msg::Pose>(const char [13], int)[m[K’
[2.453s]    22 |       subscription_2 =[01;31m[Kthis-> create_subscription<turtlesim::msg::Pose>("turtle2/pose",10)[m[K;
[2.453s]       |                       [01;31m[K~~~~~~~~~~~~~~~~~~~~~~~~~~~~~~~~~~~~~~~~~~~~~~~~^~~~~~~~~~~~~~~~~~~[m[K
[2.453s] [01m[K/opt/ros/jazzy/include/rclcpp/rclcpp/node.hpp:221:3:[m[K [01;36m[Knote: [m[Kcandidate: ‘[01m[Ktemplate<class MessageT, class CallbackT, class AllocatorT, class SubscriptionT, class MessageMemoryStrategyT> std::shared_ptr<ROSMessageT> rclcpp::Node::[01;32m[Kcreate_subscription[m[K(const std::string&, const rclcpp::QoS&, CallbackT&&, const rclcpp::SubscriptionOptionsWithAllocator<AllocatorT>&, typename MessageMemoryStrategyT::SharedPtr)[m[K’
[2.454s]   221 |   [01;36m[Kcreate_subscription[m[K(
[2.454s]       |   [01;36m[K^~~~~~~~~~~~~~~~~~~[m[K
[2.454s] [01m[K/opt/ros/jazzy/include/rclcpp/rclcpp/node.hpp:221:3:[m[K [01;36m[Knote: [m[K  candidate expects 3 arguments, 2 provided
[2.454s] [01m[K/home/ubuntu/ros_workspace/src/assignment1_rt/src/two_turtles.cpp:27:26:[m[K [01;31m[Kerror: [m[K‘[01m[Kclass TwoTurtles[m[K’ has no member named ‘[01m[Kcreate_subscriber[m[K’; did you mean ‘[01m[Kcreate_subscription[m[K’?
[2.454s]    27 |       subscribe_ = this->[01;31m[Kcreate_subscriber[m[K<std_msgs::msg::String>("distance_topic",10,std::bind(&TwoTurtles::topic_callback, this, _1));
[2.454s]       |                          [01;31m[K^~~~~~~~~~~~~~~~~[m[K
[2.454s]       |                          [32m[Kcreate_subscription[m[K
[2.454s] [01m[K/home/ubuntu/ros_workspace/src/assignment1_rt/src/two_turtles.cpp:27:65:[m[K [01;31m[Kerror: [m[Kexpected primary-expression before ‘[01m[K>[m[K’ token
[2.454s]    27 |       subscribe_ = this->create_subscriber<std_msgs::msg::String[01;31m[K>[m[K("distance_topic",10,std::bind(&TwoTurtles::topic_callback, this, _1));
[2.454s]       |                                                                 [01;31m[K^[m[K
[2.454s] [01m[K/home/ubuntu/ros_workspace/src/assignment1_rt/src/two_turtles.cpp:27:67:[m[K [01;35m[Kwarning: [m[Kleft operand of comma operator has no effect [[01;35m[K]8;;https://gcc.gnu.org/onlinedocs/gcc/Warning-Options.html#index-Wunused-value-Wunused-value]8;;[m[K]
[2.454s]    27 |       subscribe_ = this->create_subscriber<std_msgs::msg::String>([01;35m[K"distance_topic"[m[K,10,std::bind(&TwoTurtles::topic_callback, this, _1));
[2.454s]       |                                                                   [01;35m[K^~~~~~~~~~~~~~~~[m[K
[2.460s] [01m[K/home/ubuntu/ros_workspace/src/assignment1_rt/src/two_turtles.cpp:27:134:[m[K [01;35m[Kwarning: [m[Kright operand of comma operator has no effect [[01;35m[K]8;;https://gcc.gnu.org/onlinedocs/gcc/Warning-Options.html#index-Wunused-value-Wunused-value]8;;[m[K]
[2.460s]    27 | be_ = this->create_subscriber<std_msgs::msg::String>("distance_topic",10,std::bind(&TwoTurtles::topic_callback, this, _1[01;35m[K)[m[K);
[2.460s]       |                                                                                                                         [01;35m[K^[m[K
[2.460s] 
[2.469s] [01m[K/home/ubuntu/ros_workspace/src/assignment1_rt/src/two_turtles.cpp:[m[K In member function ‘[01m[Kvoid TwoTurtles::[01;32m[Ktimer_callback[m[K()[m[K’:
[2.469s] [01m[K/home/ubuntu/ros_workspace/src/assignment1_rt/src/two_turtles.cpp:114:17:[m[K [01;31m[Kerror: [m[Kexpected ‘[01m[K}[m[K’ before ‘[01m[Kelse[m[K’
[2.469s]   114 |                 [01;31m[Kelse[m[K {
[2.469s]       |                 [01;31m[K^~~~[m[K
[2.469s] [01m[K/home/ubuntu/ros_workspace/src/assignment1_rt/src/two_turtles.cpp:63:24:[m[K [01;36m[Knote: [m[Kto match this ‘[01m[K{[m[K’
[2.470s]    63 |             if (!stop_)[01;36m[K{[m[K
[2.470s]       |                        [01;36m[K^[m[K
[3.435s] gmake[2]: *** [CMakeFiles/turtles.dir/build.make:76: CMakeFiles/turtles.dir/src/two_turtles.cpp.o] Error 1
[3.436s] gmake[1]: *** [CMakeFiles/Makefile2:139: CMakeFiles/turtles.dir/all] Error 2
[3.436s] gmake: *** [Makefile:146: all] Error 2
[3.440s] Invoked command in '/home/ubuntu/ros_workspace/build/assignment1_rt' returned '2': CMAKE_PREFIX_PATH=${CMAKE_PREFIX_PATH}:/opt/ros/jazzy /usr/bin/cmake --build /home/ubuntu/ros_workspace/build/assignment1_rt -- -j16 -l16
