[1.394s] Invoking command in '/home/ubuntu/ros_workspace/src/assignment1_rt_py': PYTHONPATH=/home/ubuntu/ros_workspace/build/assignment1_rt_py/prefix_override:/usr/lib/python3/dist-packages/colcon_core/task/python/colcon_distutils_commands:/home/ubuntu/ros_workspace/install/assignment1_rt_py/lib/python3.12/site-packages:${PYTHONPATH} /usr/bin/python3 -W ignore:setup.py install is deprecated -W ignore:easy_install command is deprecated setup.py egg_info --egg-base ../../build/assignment1_rt_py build --build-base /home/ubuntu/ros_workspace/build/assignment1_rt_py/build install --record /home/ubuntu/ros_workspace/build/assignment1_rt_py/install.log --single-version-externally-managed install_data
[1.647s] running egg_info
[1.664s] writing ../../build/assignment1_rt_py/assignment1_rt_py.egg-info/PKG-INFO
[1.664s] writing dependency_links to ../../build/assignment1_rt_py/assignment1_rt_py.egg-info/dependency_links.txt
[1.665s] writing entry points to ../../build/assignment1_rt_py/assignment1_rt_py.egg-info/entry_points.txt
[1.665s] writing requirements to ../../build/assignment1_rt_py/assignment1_rt_py.egg-info/requires.txt
[1.665s] writing top-level names to ../../build/assignment1_rt_py/assignment1_rt_py.egg-info/top_level.txt
[1.705s] reading manifest file '../../build/assignment1_rt_py/assignment1_rt_py.egg-info/SOURCES.txt'
[1.707s] writing manifest file '../../build/assignment1_rt_py/assignment1_rt_py.egg-info/SOURCES.txt'
[1.707s] running build
[1.707s] running build_py
[1.707s] running install
[1.713s] running install_lib
[1.731s] running install_data
[1.732s] running install_egg_info
[1.750s] removing '/home/ubuntu/ros_workspace/install/assignment1_rt_py/lib/python3.12/site-packages/assignment1_rt_py-0.0.0-py3.12.egg-info' (and everything under it)
[1.751s] Copying ../../build/assignment1_rt_py/assignment1_rt_py.egg-info to /home/ubuntu/ros_workspace/install/assignment1_rt_py/lib/python3.12/site-packages/assignment1_rt_py-0.0.0-py3.12.egg-info
[1.754s] running install_scripts
[1.885s] Installing distance_calc script to /home/ubuntu/ros_workspace/install/assignment1_rt_py/lib/assignment1_rt_py
[1.885s] Installing simple_spawner script to /home/ubuntu/ros_workspace/install/assignment1_rt_py/lib/assignment1_rt_py
[1.886s] Installing two_turtles script to /home/ubuntu/ros_workspace/install/assignment1_rt_py/lib/assignment1_rt_py
[1.886s] writing list of installed files to '/home/ubuntu/ros_workspace/build/assignment1_rt_py/install.log'
[1.919s] Invoked command in '/home/ubuntu/ros_workspace/src/assignment1_rt_py' returned '0': PYTHONPATH=/home/ubuntu/ros_workspace/build/assignment1_rt_py/prefix_override:/usr/lib/python3/dist-packages/colcon_core/task/python/colcon_distutils_commands:/home/ubuntu/ros_workspace/install/assignment1_rt_py/lib/python3.12/site-packages:${PYTHONPATH} /usr/bin/python3 -W ignore:setup.py install is deprecated -W ignore:easy_install command is deprecated setup.py egg_info --egg-base ../../build/assignment1_rt_py build --build-base /home/ubuntu/ros_workspace/build/assignment1_rt_py/build install --record /home/ubuntu/ros_workspace/build/assignment1_rt_py/install.log --single-version-externally-managed install_data
