[0.266s] Invoking command in '/home/ubuntu/ros_workspace/build/turtlesim_controller': CMAKE_PREFIX_PATH=${CMAKE_PREFIX_PATH}:/home/ubuntu/ros_workspace/install/python_package:/opt/ros/jazzy /usr/bin/cmake --build /home/ubuntu/ros_workspace/build/turtlesim_controller -- -j16 -l16
[0.382s] [ 50%] [32mBuilding CXX object CMakeFiles/turtlesim_controller.dir/src/turtlesim_controller.cpp.o[0m
[2.796s] [01m[K/home/ubuntu/ros_workspace/src/turtlesim_controller/src/turtlesim_controller.cpp:[m[K In member function ‘[01m[Kvoid TurtlesimController::[01;32m[Ktimer_callback[m[K()[m[K’:
[2.797s] [01m[K/home/ubuntu/ros_workspace/src/turtlesim_controller/src/turtlesim_controller.cpp:30:9:[m[K [01;35m[Kwarning: [m[Kunused variable ‘[01m[Kstate[m[K’ [[01;35m[K]8;;https://gcc.gnu.org/onlinedocs/gcc/Warning-Options.html#index-Wunused-variable-Wunused-variable]8;;[m[K]
[2.797s]    30 |     int [01;35m[Kstate[m[K = 0;
[2.797s]       |         [01;35m[K^~~~~[m[K
[8.461s] [100%] [32m[1mLinking CXX executable turtlesim_controller[0m
[8.831s] [100%] Built target turtlesim_controller
[8.851s] Invoked command in '/home/ubuntu/ros_workspace/build/turtlesim_controller' returned '0': CMAKE_PREFIX_PATH=${CMAKE_PREFIX_PATH}:/home/ubuntu/ros_workspace/install/python_package:/opt/ros/jazzy /usr/bin/cmake --build /home/ubuntu/ros_workspace/build/turtlesim_controller -- -j16 -l16
[8.852s] Invoking command in '/home/ubuntu/ros_workspace/build/turtlesim_controller': CMAKE_PREFIX_PATH=${CMAKE_PREFIX_PATH}:/home/ubuntu/ros_workspace/install/python_package:/opt/ros/jazzy /usr/bin/cmake --install /home/ubuntu/ros_workspace/build/turtlesim_controller
[8.866s] -- Install configuration: ""
[8.866s] -- Installing: /home/ubuntu/ros_workspace/install/turtlesim_controller/lib/turtlesim_controller/turtlesim_controller
[8.876s] -- Set non-toolchain portion of runtime path of "/home/ubuntu/ros_workspace/install/turtlesim_controller/lib/turtlesim_controller/turtlesim_controller" to ""
[8.876s] -- Up-to-date: /home/ubuntu/ros_workspace/install/turtlesim_controller/share/ament_index/resource_index/package_run_dependencies/turtlesim_controller
[8.876s] -- Up-to-date: /home/ubuntu/ros_workspace/install/turtlesim_controller/share/ament_index/resource_index/parent_prefix_path/turtlesim_controller
[8.877s] -- Up-to-date: /home/ubuntu/ros_workspace/install/turtlesim_controller/share/turtlesim_controller/environment/ament_prefix_path.sh
[8.877s] -- Up-to-date: /home/ubuntu/ros_workspace/install/turtlesim_controller/share/turtlesim_controller/environment/ament_prefix_path.dsv
[8.877s] -- Up-to-date: /home/ubuntu/ros_workspace/install/turtlesim_controller/share/turtlesim_controller/environment/path.sh
[8.877s] -- Up-to-date: /home/ubuntu/ros_workspace/install/turtlesim_controller/share/turtlesim_controller/environment/path.dsv
[8.877s] -- Up-to-date: /home/ubuntu/ros_workspace/install/turtlesim_controller/share/turtlesim_controller/local_setup.bash
[8.877s] -- Up-to-date: /home/ubuntu/ros_workspace/install/turtlesim_controller/share/turtlesim_controller/local_setup.sh
[8.878s] -- Up-to-date: /home/ubuntu/ros_workspace/install/turtlesim_controller/share/turtlesim_controller/local_setup.zsh
[8.878s] -- Up-to-date: /home/ubuntu/ros_workspace/install/turtlesim_controller/share/turtlesim_controller/local_setup.dsv
[8.878s] -- Installing: /home/ubuntu/ros_workspace/install/turtlesim_controller/share/turtlesim_controller/package.dsv
[8.878s] -- Up-to-date: /home/ubuntu/ros_workspace/install/turtlesim_controller/share/ament_index/resource_index/packages/turtlesim_controller
[8.878s] -- Up-to-date: /home/ubuntu/ros_workspace/install/turtlesim_controller/share/turtlesim_controller/cmake/turtlesim_controllerConfig.cmake
[8.878s] -- Up-to-date: /home/ubuntu/ros_workspace/install/turtlesim_controller/share/turtlesim_controller/cmake/turtlesim_controllerConfig-version.cmake
[8.878s] -- Up-to-date: /home/ubuntu/ros_workspace/install/turtlesim_controller/share/turtlesim_controller/package.xml
[8.881s] Invoked command in '/home/ubuntu/ros_workspace/build/turtlesim_controller' returned '0': CMAKE_PREFIX_PATH=${CMAKE_PREFIX_PATH}:/home/ubuntu/ros_workspace/install/python_package:/opt/ros/jazzy /usr/bin/cmake --install /home/ubuntu/ros_workspace/build/turtlesim_controller
