[0.033s] Invoking command in '/home/ubuntu/ros_workspace/build/robot_custom_msgs': CMAKE_PREFIX_PATH=${CMAKE_PREFIX_PATH}:/home/ubuntu/ros_workspace/install/exam_example_2:/home/ubuntu/ros_workspace/install/assignment2_rt_py:/home/ubuntu/ros_workspace/install/assignment1_rt_py:/home/ubuntu/ros_workspace/install/python_package:/home/ubuntu/ros_workspace/install/first_package_py:/home/ubuntu/ros_workspace/install/exam_example:/opt/ros/jazzy /usr/bin/cmake --build /home/ubuntu/ros_workspace/build/robot_custom_msgs -- -j16 -l16
[0.166s] -- Found ament_cmake: 2.5.4 (/opt/ros/jazzy/share/ament_cmake/cmake)
[0.327s] -- Found rosidl_default_generators: 1.6.0 (/opt/ros/jazzy/share/rosidl_default_generators/cmake)
[0.335s] -- Using all available rosidl_typesupport_c: rosidl_typesupport_fastrtps_c;rosidl_typesupport_introspection_c
[0.445s] -- Using all available rosidl_typesupport_cpp: rosidl_typesupport_fastrtps_cpp;rosidl_typesupport_introspection_cpp
[0.496s] -- Found rosidl_adapter: 4.6.6 (/opt/ros/jazzy/share/rosidl_adapter/cmake)
[0.842s] -- Found ament_cmake_ros: 0.12.0 (/opt/ros/jazzy/share/ament_cmake_ros/cmake)
[0.951s] -- Using all available rosidl_typesupport_c: rosidl_typesupport_fastrtps_c;rosidl_typesupport_introspection_c
[1.087s] -- Using all available rosidl_typesupport_cpp: rosidl_typesupport_fastrtps_cpp;rosidl_typesupport_introspection_cpp
[1.089s] -- Found python_cmake_module: 0.11.1 (/opt/ros/jazzy/share/python_cmake_module/cmake)
[1.461s] -- Found Python3: /usr/bin/python3 (found version "3.12.3") found components: Interpreter Development NumPy Development.Module Development.Embed 
[1.477s] -- Found ament_lint_auto: 0.17.3 (/opt/ros/jazzy/share/ament_lint_auto/cmake)
[1.510s] -- Added test 'lint_cmake' to check CMake code style
[1.513s] -- Added test 'xmllint' to check XML markup files
[1.520s] -- Configuring done (1.4s)
[1.628s] -- Generating done (0.1s)
[1.645s] -- Build files have been written to: /home/ubuntu/ros_workspace/build/robot_custom_msgs
[1.711s] [  1%] [34m[1mGenerating type hashes for ROS interfaces[0m
[1.740s] [  1%] Built target ament_cmake_python_copy_robot_custom_msgs
[1.961s] [  1%] Built target robot_custom_msgs__rosidl_generator_type_description
[1.975s] running egg_info
[1.979s] [  2%] [34m[1mGenerating C code for ROS interfaces[0m
[1.994s] writing robot_custom_msgs.egg-info/PKG-INFO
[1.994s] writing dependency_links to robot_custom_msgs.egg-info/dependency_links.txt
[1.995s] writing top-level names to robot_custom_msgs.egg-info/top_level.txt
[1.999s] [  4%] [34m[1mGenerating C++ code for ROS interfaces[0m
[2.049s] reading manifest file 'robot_custom_msgs.egg-info/SOURCES.txt'
[2.050s] writing manifest file 'robot_custom_msgs.egg-info/SOURCES.txt'
[2.086s] [  4%] Built target ament_cmake_python_build_robot_custom_msgs_egg
[2.458s] [  4%] Built target robot_custom_msgs__cpp
[2.602s] [  6%] [32mBuilding C object CMakeFiles/robot_custom_msgs__rosidl_generator_c.dir/rosidl_generator_c/robot_custom_msgs/msg/detail/exam_custom__type_support.c.o[0m
[2.602s] [  8%] [32mBuilding C object CMakeFiles/robot_custom_msgs__rosidl_generator_c.dir/rosidl_generator_c/robot_custom_msgs/msg/detail/custom__type_support.c.o[0m
[2.602s] [ 10%] [32mBuilding C object CMakeFiles/robot_custom_msgs__rosidl_generator_c.dir/rosidl_generator_c/robot_custom_msgs/msg/detail/exam_custom__functions.c.o[0m
[2.602s] [ 10%] [32mBuilding C object CMakeFiles/robot_custom_msgs__rosidl_generator_c.dir/rosidl_generator_c/robot_custom_msgs/srv/detail/velocity__type_support.c.o[0m
[2.603s] [ 10%] [32mBuilding C object CMakeFiles/robot_custom_msgs__rosidl_generator_c.dir/rosidl_generator_c/robot_custom_msgs/msg/detail/exam_custom__description.c.o[0m
[2.603s] [ 12%] [32mBuilding C object CMakeFiles/robot_custom_msgs__rosidl_generator_c.dir/rosidl_generator_c/robot_custom_msgs/srv/detail/velocity__description.c.o[0m
[2.605s] [ 14%] [32mBuilding C object CMakeFiles/robot_custom_msgs__rosidl_generator_c.dir/rosidl_generator_c/robot_custom_msgs/srv/detail/average__description.c.o[0m
[2.605s] [ 14%] [32mBuilding C object CMakeFiles/robot_custom_msgs__rosidl_generator_c.dir/rosidl_generator_c/robot_custom_msgs/msg/detail/custom__functions.c.o[0m
[2.605s] [ 17%] [32mBuilding C object CMakeFiles/robot_custom_msgs__rosidl_generator_c.dir/rosidl_generator_c/robot_custom_msgs/srv/detail/threshold__functions.c.o[0m
[2.605s] [ 17%] [32mBuilding C object CMakeFiles/robot_custom_msgs__rosidl_generator_c.dir/rosidl_generator_c/robot_custom_msgs/msg/detail/custom__description.c.o[0m
[2.606s] [ 18%] [32mBuilding C object CMakeFiles/robot_custom_msgs__rosidl_generator_c.dir/rosidl_generator_c/robot_custom_msgs/srv/detail/threshold__description.c.o[0m
[2.606s] [ 20%] [32mBuilding C object CMakeFiles/robot_custom_msgs__rosidl_generator_c.dir/rosidl_generator_c/robot_custom_msgs/srv/detail/average__type_support.c.o[0m
[2.610s] [ 21%] [32mBuilding C object CMakeFiles/robot_custom_msgs__rosidl_generator_c.dir/rosidl_generator_c/robot_custom_msgs/srv/detail/velocity__functions.c.o[0m
[2.610s] [ 22%] [32mBuilding C object CMakeFiles/robot_custom_msgs__rosidl_generator_c.dir/rosidl_generator_c/robot_custom_msgs/srv/detail/average__functions.c.o[0m
[2.613s] [ 24%] [32mBuilding C object CMakeFiles/robot_custom_msgs__rosidl_generator_c.dir/rosidl_generator_c/robot_custom_msgs/srv/detail/threshold__type_support.c.o[0m
[2.809s] [ 25%] [32m[1mLinking C shared library librobot_custom_msgs__rosidl_generator_c.so[0m
[2.894s] [ 25%] Built target robot_custom_msgs__rosidl_generator_c
[2.913s] [ 31%] [34m[1mGenerating C type support dispatch for ROS interfaces[0m
[2.914s] [ 31%] [34m[1mGenerating C type support for eProsima Fast-RTPS[0m
[2.914s] [ 31%] [34m[1mGenerating C++ type support dispatch for ROS interfaces[0m
[2.914s] [ 31%] [34m[1mGenerating C++ introspection for ROS interfaces[0m
[2.916s] [ 33%] [34m[1mGenerating C++ type support for eProsima Fast-RTPS[0m
[2.916s] [ 33%] [34m[1mGenerating C introspection for ROS interfaces[0m
[3.342s] [ 35%] [32mBuilding CXX object CMakeFiles/robot_custom_msgs__rosidl_typesupport_c.dir/rosidl_typesupport_c/robot_custom_msgs/msg/custom__type_support.cpp.o[0m
[3.351s] [ 36%] [32mBuilding CXX object CMakeFiles/robot_custom_msgs__rosidl_typesupport_c.dir/rosidl_typesupport_c/robot_custom_msgs/srv/velocity__type_support.cpp.o[0m
[3.352s] [ 39%] [32mBuilding CXX object CMakeFiles/robot_custom_msgs__rosidl_typesupport_c.dir/rosidl_typesupport_c/robot_custom_msgs/srv/average__type_support.cpp.o[0m
[3.352s] [ 39%] [32mBuilding CXX object CMakeFiles/robot_custom_msgs__rosidl_typesupport_c.dir/rosidl_typesupport_c/robot_custom_msgs/msg/exam_custom__type_support.cpp.o[0m
[3.364s] [ 40%] [32mBuilding CXX object CMakeFiles/robot_custom_msgs__rosidl_typesupport_cpp.dir/rosidl_typesupport_cpp/robot_custom_msgs/msg/exam_custom__type_support.cpp.o[0m
[3.364s] [ 41%] [32mBuilding CXX object CMakeFiles/robot_custom_msgs__rosidl_typesupport_cpp.dir/rosidl_typesupport_cpp/robot_custom_msgs/srv/velocity__type_support.cpp.o[0m
[3.365s] [ 43%] [32mBuilding CXX object CMakeFiles/robot_custom_msgs__rosidl_typesupport_cpp.dir/rosidl_typesupport_cpp/robot_custom_msgs/msg/custom__type_support.cpp.o[0m
[3.366s] [ 44%] [32mBuilding CXX object CMakeFiles/robot_custom_msgs__rosidl_typesupport_c.dir/rosidl_typesupport_c/robot_custom_msgs/srv/threshold__type_support.cpp.o[0m
[3.370s] [ 45%] [32mBuilding CXX object CMakeFiles/robot_custom_msgs__rosidl_typesupport_cpp.dir/rosidl_typesupport_cpp/robot_custom_msgs/srv/threshold__type_support.cpp.o[0m
[3.370s] [ 47%] [32mBuilding CXX object CMakeFiles/robot_custom_msgs__rosidl_typesupport_cpp.dir/rosidl_typesupport_cpp/robot_custom_msgs/srv/average__type_support.cpp.o[0m
[3.443s] [ 48%] [32mBuilding CXX object CMakeFiles/robot_custom_msgs__rosidl_typesupport_introspection_cpp.dir/rosidl_typesupport_introspection_cpp/robot_custom_msgs/msg/detail/custom__type_support.cpp.o[0m
[3.446s] [ 50%] [32mBuilding CXX object CMakeFiles/robot_custom_msgs__rosidl_typesupport_introspection_cpp.dir/rosidl_typesupport_introspection_cpp/robot_custom_msgs/msg/detail/exam_custom__type_support.cpp.o[0m
[3.470s] [ 51%] [32mBuilding CXX object CMakeFiles/robot_custom_msgs__rosidl_typesupport_introspection_cpp.dir/rosidl_typesupport_introspection_cpp/robot_custom_msgs/srv/detail/velocity__type_support.cpp.o[0m
[3.537s] [ 52%] [32mBuilding C object CMakeFiles/robot_custom_msgs__rosidl_typesupport_introspection_c.dir/rosidl_typesupport_introspection_c/robot_custom_msgs/msg/detail/custom__type_support.c.o[0m
[3.560s] [ 54%] [32mBuilding C object CMakeFiles/robot_custom_msgs__rosidl_typesupport_introspection_c.dir/rosidl_typesupport_introspection_c/robot_custom_msgs/msg/detail/exam_custom__type_support.c.o[0m
[3.565s] [ 56%] [32mBuilding CXX object CMakeFiles/robot_custom_msgs__rosidl_typesupport_introspection_cpp.dir/rosidl_typesupport_introspection_cpp/robot_custom_msgs/srv/detail/threshold__type_support.cpp.o[0m
[3.566s] [ 56%] [32mBuilding CXX object CMakeFiles/robot_custom_msgs__rosidl_typesupport_introspection_cpp.dir/rosidl_typesupport_introspection_cpp/robot_custom_msgs/srv/detail/average__type_support.cpp.o[0m
[3.570s] [ 58%] [32m[1mLinking CXX shared library librobot_custom_msgs__rosidl_typesupport_c.so[0m
[3.574s] [ 59%] [32mBuilding C object CMakeFiles/robot_custom_msgs__rosidl_typesupport_introspection_c.dir/rosidl_typesupport_introspection_c/robot_custom_msgs/srv/detail/velocity__type_support.c.o[0m
[3.692s] [ 60%] [32mBuilding C object CMakeFiles/robot_custom_msgs__rosidl_typesupport_introspection_c.dir/rosidl_typesupport_introspection_c/robot_custom_msgs/srv/detail/average__type_support.c.o[0m
[3.694s] [ 62%] [32mBuilding C object CMakeFiles/robot_custom_msgs__rosidl_typesupport_introspection_c.dir/rosidl_typesupport_introspection_c/robot_custom_msgs/srv/detail/threshold__type_support.c.o[0m
[3.716s] [ 62%] Built target robot_custom_msgs__rosidl_typesupport_c
[3.813s] [ 63%] [32m[1mLinking C shared library librobot_custom_msgs__rosidl_typesupport_introspection_c.so[0m
[3.847s] [ 64%] [32mBuilding CXX object CMakeFiles/robot_custom_msgs__rosidl_typesupport_fastrtps_cpp.dir/rosidl_typesupport_fastrtps_cpp/robot_custom_msgs/msg/detail/dds_fastrtps/exam_custom__type_support.cpp.o[0m
[3.857s] [ 66%] [32mBuilding CXX object CMakeFiles/robot_custom_msgs__rosidl_typesupport_fastrtps_cpp.dir/rosidl_typesupport_fastrtps_cpp/robot_custom_msgs/srv/detail/dds_fastrtps/average__type_support.cpp.o[0m
[3.857s] [ 67%] [32mBuilding CXX object CMakeFiles/robot_custom_msgs__rosidl_typesupport_fastrtps_cpp.dir/rosidl_typesupport_fastrtps_cpp/robot_custom_msgs/msg/detail/dds_fastrtps/custom__type_support.cpp.o[0m
[3.857s] [ 68%] [32mBuilding CXX object CMakeFiles/robot_custom_msgs__rosidl_typesupport_fastrtps_cpp.dir/rosidl_typesupport_fastrtps_cpp/robot_custom_msgs/srv/detail/dds_fastrtps/velocity__type_support.cpp.o[0m
[3.858s] [ 70%] [32mBuilding CXX object CMakeFiles/robot_custom_msgs__rosidl_typesupport_fastrtps_c.dir/rosidl_typesupport_fastrtps_c/robot_custom_msgs/msg/detail/custom__type_support_c.cpp.o[0m
[3.937s] [ 70%] Built target robot_custom_msgs__rosidl_typesupport_introspection_c
[3.977s] [ 71%] [32mBuilding CXX object CMakeFiles/robot_custom_msgs__rosidl_typesupport_fastrtps_cpp.dir/rosidl_typesupport_fastrtps_cpp/robot_custom_msgs/srv/detail/dds_fastrtps/threshold__type_support.cpp.o[0m
[4.084s] [ 72%] [32mBuilding CXX object CMakeFiles/robot_custom_msgs__rosidl_typesupport_fastrtps_c.dir/rosidl_typesupport_fastrtps_c/robot_custom_msgs/msg/detail/exam_custom__type_support_c.cpp.o[0m
[4.094s] [ 74%] [32mBuilding CXX object CMakeFiles/robot_custom_msgs__rosidl_typesupport_fastrtps_c.dir/rosidl_typesupport_fastrtps_c/robot_custom_msgs/srv/detail/velocity__type_support_c.cpp.o[0m
[4.152s] [ 75%] [32mBuilding CXX object CMakeFiles/robot_custom_msgs__rosidl_typesupport_fastrtps_c.dir/rosidl_typesupport_fastrtps_c/robot_custom_msgs/srv/detail/average__type_support_c.cpp.o[0m
[4.178s] [ 77%] [32mBuilding CXX object CMakeFiles/robot_custom_msgs__rosidl_typesupport_fastrtps_c.dir/rosidl_typesupport_fastrtps_c/robot_custom_msgs/srv/detail/threshold__type_support_c.cpp.o[0m
[4.316s] [ 78%] [32m[1mLinking CXX shared library librobot_custom_msgs__rosidl_typesupport_cpp.so[0m
[4.468s] [ 79%] [32m[1mLinking CXX shared library librobot_custom_msgs__rosidl_typesupport_introspection_cpp.so[0m
[4.578s] [ 79%] Built target robot_custom_msgs__rosidl_typesupport_cpp
[4.695s] [ 79%] Built target robot_custom_msgs__rosidl_typesupport_introspection_cpp
[5.011s] [ 81%] [32m[1mLinking CXX shared library librobot_custom_msgs__rosidl_typesupport_fastrtps_c.so[0m
[5.018s] [ 82%] [32m[1mLinking CXX shared library librobot_custom_msgs__rosidl_typesupport_fastrtps_cpp.so[0m
[5.136s] [ 82%] Built target robot_custom_msgs__rosidl_typesupport_fastrtps_c
[5.143s] [ 82%] Built target robot_custom_msgs__rosidl_typesupport_fastrtps_cpp
[5.181s] [ 82%] Built target robot_custom_msgs
[5.219s] [ 83%] [34m[1mGenerating Python code for ROS interfaces[0m
[5.918s] [ 83%] Built target robot_custom_msgs__py
[5.996s] [ 86%] [32mBuilding C object CMakeFiles/robot_custom_msgs__rosidl_generator_py.dir/rosidl_generator_py/robot_custom_msgs/msg/_custom_s.c.o[0m
[5.996s] [ 86%] [32mBuilding C object CMakeFiles/robot_custom_msgs__rosidl_generator_py.dir/rosidl_generator_py/robot_custom_msgs/msg/_exam_custom_s.c.o[0m
[5.996s] [ 87%] [32mBuilding C object CMakeFiles/robot_custom_msgs__rosidl_generator_py.dir/rosidl_generator_py/robot_custom_msgs/srv/_velocity_s.c.o[0m
[5.996s] [ 89%] [32mBuilding C object CMakeFiles/robot_custom_msgs__rosidl_generator_py.dir/rosidl_generator_py/robot_custom_msgs/srv/_threshold_s.c.o[0m
[5.996s] [ 90%] [32mBuilding C object CMakeFiles/robot_custom_msgs__rosidl_generator_py.dir/rosidl_generator_py/robot_custom_msgs/srv/_average_s.c.o[0m
[6.247s] [ 91%] [32m[1mLinking C shared library librobot_custom_msgs__rosidl_generator_py.so[0m
[6.327s] [ 91%] Built target robot_custom_msgs__rosidl_generator_py
[6.371s] [ 94%] [32mBuilding C object CMakeFiles/robot_custom_msgs_s__rosidl_typesupport_introspection_c.dir/rosidl_generator_py/robot_custom_msgs/_robot_custom_msgs_s.ep.rosidl_typesupport_introspection_c.c.o[0m
[6.371s] [ 94%] [32mBuilding C object CMakeFiles/robot_custom_msgs_s__rosidl_typesupport_fastrtps_c.dir/rosidl_generator_py/robot_custom_msgs/_robot_custom_msgs_s.ep.rosidl_typesupport_fastrtps_c.c.o[0m
[6.372s] [ 95%] [32mBuilding C object CMakeFiles/robot_custom_msgs_s__rosidl_typesupport_c.dir/rosidl_generator_py/robot_custom_msgs/_robot_custom_msgs_s.ep.rosidl_typesupport_c.c.o[0m
[6.611s] [ 97%] [32m[1mLinking C shared module rosidl_generator_py/robot_custom_msgs/robot_custom_msgs_s__rosidl_typesupport_fastrtps_c.so[0m
[6.679s] [ 98%] [32m[1mLinking C shared module rosidl_generator_py/robot_custom_msgs/robot_custom_msgs_s__rosidl_typesupport_c.so[0m
[6.690s] [100%] [32m[1mLinking C shared module rosidl_generator_py/robot_custom_msgs/robot_custom_msgs_s__rosidl_typesupport_introspection_c.so[0m
[6.729s] [100%] Built target robot_custom_msgs_s__rosidl_typesupport_fastrtps_c
[6.769s] [100%] Built target robot_custom_msgs_s__rosidl_typesupport_c
[6.778s] [100%] Built target robot_custom_msgs_s__rosidl_typesupport_introspection_c
[6.804s] Invoked command in '/home/ubuntu/ros_workspace/build/robot_custom_msgs' returned '0': CMAKE_PREFIX_PATH=${CMAKE_PREFIX_PATH}:/home/ubuntu/ros_workspace/install/exam_example_2:/home/ubuntu/ros_workspace/install/assignment2_rt_py:/home/ubuntu/ros_workspace/install/assignment1_rt_py:/home/ubuntu/ros_workspace/install/python_package:/home/ubuntu/ros_workspace/install/first_package_py:/home/ubuntu/ros_workspace/install/exam_example:/opt/ros/jazzy /usr/bin/cmake --build /home/ubuntu/ros_workspace/build/robot_custom_msgs -- -j16 -l16
[6.825s] Invoking command in '/home/ubuntu/ros_workspace/build/robot_custom_msgs': CMAKE_PREFIX_PATH=${CMAKE_PREFIX_PATH}:/home/ubuntu/ros_workspace/install/exam_example_2:/home/ubuntu/ros_workspace/install/assignment2_rt_py:/home/ubuntu/ros_workspace/install/assignment1_rt_py:/home/ubuntu/ros_workspace/install/python_package:/home/ubuntu/ros_workspace/install/first_package_py:/home/ubuntu/ros_workspace/install/exam_example:/opt/ros/jazzy /usr/bin/cmake --install /home/ubuntu/ros_workspace/build/robot_custom_msgs
[6.844s] -- Install configuration: ""
[6.845s] -- Installing: /home/ubuntu/ros_workspace/install/robot_custom_msgs/share/ament_index/resource_index/rosidl_interfaces/robot_custom_msgs
[6.845s] -- Installing: /home/ubuntu/ros_workspace/install/robot_custom_msgs/share/robot_custom_msgs/msg/Custom.json
[6.846s] -- Installing: /home/ubuntu/ros_workspace/install/robot_custom_msgs/share/robot_custom_msgs/msg/ExamCustom.json
[6.846s] -- Installing: /home/ubuntu/ros_workspace/install/robot_custom_msgs/share/robot_custom_msgs/srv/Velocity.json
[6.847s] -- Installing: /home/ubuntu/ros_workspace/install/robot_custom_msgs/share/robot_custom_msgs/srv/Average.json
[6.847s] -- Installing: /home/ubuntu/ros_workspace/install/robot_custom_msgs/share/robot_custom_msgs/srv/Threshold.json
[6.848s] -- Up-to-date: /home/ubuntu/ros_workspace/install/robot_custom_msgs/include/robot_custom_msgs/robot_custom_msgs
[6.848s] -- Up-to-date: /home/ubuntu/ros_workspace/install/robot_custom_msgs/include/robot_custom_msgs/robot_custom_msgs/srv
[6.848s] -- Up-to-date: /home/ubuntu/ros_workspace/install/robot_custom_msgs/include/robot_custom_msgs/robot_custom_msgs/srv/detail
[6.848s] -- Installing: /home/ubuntu/ros_workspace/install/robot_custom_msgs/include/robot_custom_msgs/robot_custom_msgs/srv/detail/velocity__struct.h
[6.849s] -- Installing: /home/ubuntu/ros_workspace/install/robot_custom_msgs/include/robot_custom_msgs/robot_custom_msgs/srv/detail/average__functions.h
[6.849s] -- Installing: /home/ubuntu/ros_workspace/install/robot_custom_msgs/include/robot_custom_msgs/robot_custom_msgs/srv/detail/average__type_support.h
[6.850s] -- Installing: /home/ubuntu/ros_workspace/install/robot_custom_msgs/include/robot_custom_msgs/robot_custom_msgs/srv/detail/threshold__description.c
[6.850s] -- Installing: /home/ubuntu/ros_workspace/install/robot_custom_msgs/include/robot_custom_msgs/robot_custom_msgs/srv/detail/threshold__functions.c
[6.850s] -- Installing: /home/ubuntu/ros_workspace/install/robot_custom_msgs/include/robot_custom_msgs/robot_custom_msgs/srv/detail/threshold__type_support.h
[6.851s] -- Installing: /home/ubuntu/ros_workspace/install/robot_custom_msgs/include/robot_custom_msgs/robot_custom_msgs/srv/detail/velocity__description.c
[6.851s] -- Installing: /home/ubuntu/ros_workspace/install/robot_custom_msgs/include/robot_custom_msgs/robot_custom_msgs/srv/detail/threshold__type_support.c
[6.851s] -- Installing: /home/ubuntu/ros_workspace/install/robot_custom_msgs/include/robot_custom_msgs/robot_custom_msgs/srv/detail/average__type_support.c
[6.852s] -- Installing: /home/ubuntu/ros_workspace/install/robot_custom_msgs/include/robot_custom_msgs/robot_custom_msgs/srv/detail/velocity__type_support.h
[6.852s] -- Installing: /home/ubuntu/ros_workspace/install/robot_custom_msgs/include/robot_custom_msgs/robot_custom_msgs/srv/detail/velocity__functions.h
[6.853s] -- Installing: /home/ubuntu/ros_workspace/install/robot_custom_msgs/include/robot_custom_msgs/robot_custom_msgs/srv/detail/threshold__struct.h
[6.853s] -- Installing: /home/ubuntu/ros_workspace/install/robot_custom_msgs/include/robot_custom_msgs/robot_custom_msgs/srv/detail/velocity__type_support.c
[6.853s] -- Installing: /home/ubuntu/ros_workspace/install/robot_custom_msgs/include/robot_custom_msgs/robot_custom_msgs/srv/detail/velocity__functions.c
[6.854s] -- Installing: /home/ubuntu/ros_workspace/install/robot_custom_msgs/include/robot_custom_msgs/robot_custom_msgs/srv/detail/average__functions.c
[6.854s] -- Installing: /home/ubuntu/ros_workspace/install/robot_custom_msgs/include/robot_custom_msgs/robot_custom_msgs/srv/detail/threshold__functions.h
[6.854s] -- Installing: /home/ubuntu/ros_workspace/install/robot_custom_msgs/include/robot_custom_msgs/robot_custom_msgs/srv/detail/average__description.c
[6.855s] -- Installing: /home/ubuntu/ros_workspace/install/robot_custom_msgs/include/robot_custom_msgs/robot_custom_msgs/srv/detail/average__struct.h
[6.855s] -- Installing: /home/ubuntu/ros_workspace/install/robot_custom_msgs/include/robot_custom_msgs/robot_custom_msgs/srv/velocity.h
[6.856s] -- Installing: /home/ubuntu/ros_workspace/install/robot_custom_msgs/include/robot_custom_msgs/robot_custom_msgs/srv/threshold.h
[6.856s] -- Installing: /home/ubuntu/ros_workspace/install/robot_custom_msgs/include/robot_custom_msgs/robot_custom_msgs/srv/average.h
[6.856s] -- Up-to-date: /home/ubuntu/ros_workspace/install/robot_custom_msgs/include/robot_custom_msgs/robot_custom_msgs/msg
[6.857s] -- Up-to-date: /home/ubuntu/ros_workspace/install/robot_custom_msgs/include/robot_custom_msgs/robot_custom_msgs/msg/detail
[6.857s] -- Installing: /home/ubuntu/ros_workspace/install/robot_custom_msgs/include/robot_custom_msgs/robot_custom_msgs/msg/detail/custom__description.c
[6.857s] -- Installing: /home/ubuntu/ros_workspace/install/robot_custom_msgs/include/robot_custom_msgs/robot_custom_msgs/msg/detail/exam_custom__functions.c
[6.858s] -- Installing: /home/ubuntu/ros_workspace/install/robot_custom_msgs/include/robot_custom_msgs/robot_custom_msgs/msg/detail/exam_custom__description.c
[6.858s] -- Installing: /home/ubuntu/ros_workspace/install/robot_custom_msgs/include/robot_custom_msgs/robot_custom_msgs/msg/detail/custom__type_support.c
[6.859s] -- Installing: /home/ubuntu/ros_workspace/install/robot_custom_msgs/include/robot_custom_msgs/robot_custom_msgs/msg/detail/custom__functions.c
[6.859s] -- Installing: /home/ubuntu/ros_workspace/install/robot_custom_msgs/include/robot_custom_msgs/robot_custom_msgs/msg/detail/exam_custom__type_support.c
[6.859s] -- Installing: /home/ubuntu/ros_workspace/install/robot_custom_msgs/include/robot_custom_msgs/robot_custom_msgs/msg/detail/exam_custom__type_support.h
[6.860s] -- Installing: /home/ubuntu/ros_workspace/install/robot_custom_msgs/include/robot_custom_msgs/robot_custom_msgs/msg/detail/exam_custom__struct.h
[6.860s] -- Installing: /home/ubuntu/ros_workspace/install/robot_custom_msgs/include/robot_custom_msgs/robot_custom_msgs/msg/detail/exam_custom__functions.h
[6.861s] -- Installing: /home/ubuntu/ros_workspace/install/robot_custom_msgs/include/robot_custom_msgs/robot_custom_msgs/msg/detail/custom__type_support.h
[6.861s] -- Installing: /home/ubuntu/ros_workspace/install/robot_custom_msgs/include/robot_custom_msgs/robot_custom_msgs/msg/detail/custom__functions.h
[6.862s] -- Installing: /home/ubuntu/ros_workspace/install/robot_custom_msgs/include/robot_custom_msgs/robot_custom_msgs/msg/detail/custom__struct.h
[6.862s] -- Installing: /home/ubuntu/ros_workspace/install/robot_custom_msgs/include/robot_custom_msgs/robot_custom_msgs/msg/exam_custom.h
[6.862s] -- Installing: /home/ubuntu/ros_workspace/install/robot_custom_msgs/include/robot_custom_msgs/robot_custom_msgs/msg/custom.h
[6.863s] -- Up-to-date: /home/ubuntu/ros_workspace/install/robot_custom_msgs/include/robot_custom_msgs/robot_custom_msgs/msg/rosidl_generator_c__visibility_control.h
[6.863s] -- Up-to-date: /home/ubuntu/ros_workspace/install/robot_custom_msgs/share/robot_custom_msgs/environment/library_path.sh
[6.863s] -- Up-to-date: /home/ubuntu/ros_workspace/install/robot_custom_msgs/share/robot_custom_msgs/environment/library_path.dsv
[6.864s] -- Installing: /home/ubuntu/ros_workspace/install/robot_custom_msgs/lib/librobot_custom_msgs__rosidl_generator_c.so
[6.865s] -- Set non-toolchain portion of runtime path of "/home/ubuntu/ros_workspace/install/robot_custom_msgs/lib/librobot_custom_msgs__rosidl_generator_c.so" to ""
[6.865s] -- Up-to-date: /home/ubuntu/ros_workspace/install/robot_custom_msgs/include/robot_custom_msgs/robot_custom_msgs
[6.865s] -- Up-to-date: /home/ubuntu/ros_workspace/install/robot_custom_msgs/include/robot_custom_msgs/robot_custom_msgs/srv
[6.866s] -- Up-to-date: /home/ubuntu/ros_workspace/install/robot_custom_msgs/include/robot_custom_msgs/robot_custom_msgs/srv/detail
[6.866s] -- Installing: /home/ubuntu/ros_workspace/install/robot_custom_msgs/include/robot_custom_msgs/robot_custom_msgs/srv/detail/velocity__rosidl_typesupport_fastrtps_c.h
[6.866s] -- Installing: /home/ubuntu/ros_workspace/install/robot_custom_msgs/include/robot_custom_msgs/robot_custom_msgs/srv/detail/average__rosidl_typesupport_fastrtps_c.h
[6.866s] -- Installing: /home/ubuntu/ros_workspace/install/robot_custom_msgs/include/robot_custom_msgs/robot_custom_msgs/srv/detail/threshold__rosidl_typesupport_fastrtps_c.h
[6.867s] -- Up-to-date: /home/ubuntu/ros_workspace/install/robot_custom_msgs/include/robot_custom_msgs/robot_custom_msgs/msg
[6.867s] -- Up-to-date: /home/ubuntu/ros_workspace/install/robot_custom_msgs/include/robot_custom_msgs/robot_custom_msgs/msg/detail
[6.867s] -- Installing: /home/ubuntu/ros_workspace/install/robot_custom_msgs/include/robot_custom_msgs/robot_custom_msgs/msg/detail/custom__rosidl_typesupport_fastrtps_c.h
[6.867s] -- Installing: /home/ubuntu/ros_workspace/install/robot_custom_msgs/include/robot_custom_msgs/robot_custom_msgs/msg/detail/exam_custom__rosidl_typesupport_fastrtps_c.h
[6.868s] -- Up-to-date: /home/ubuntu/ros_workspace/install/robot_custom_msgs/include/robot_custom_msgs/robot_custom_msgs/msg/rosidl_typesupport_fastrtps_c__visibility_control.h
[6.868s] -- Installing: /home/ubuntu/ros_workspace/install/robot_custom_msgs/lib/librobot_custom_msgs__rosidl_typesupport_fastrtps_c.so
[6.869s] -- Set non-toolchain portion of runtime path of "/home/ubuntu/ros_workspace/install/robot_custom_msgs/lib/librobot_custom_msgs__rosidl_typesupport_fastrtps_c.so" to ""
[6.869s] -- Up-to-date: /home/ubuntu/ros_workspace/install/robot_custom_msgs/include/robot_custom_msgs/robot_custom_msgs
[6.869s] -- Up-to-date: /home/ubuntu/ros_workspace/install/robot_custom_msgs/include/robot_custom_msgs/robot_custom_msgs/srv
[6.869s] -- Up-to-date: /home/ubuntu/ros_workspace/install/robot_custom_msgs/include/robot_custom_msgs/robot_custom_msgs/srv/detail
[6.870s] -- Installing: /home/ubuntu/ros_workspace/install/robot_custom_msgs/include/robot_custom_msgs/robot_custom_msgs/srv/detail/threshold__rosidl_typesupport_introspection_c.h
[6.870s] -- Installing: /home/ubuntu/ros_workspace/install/robot_custom_msgs/include/robot_custom_msgs/robot_custom_msgs/srv/detail/threshold__type_support.c
[6.870s] -- Installing: /home/ubuntu/ros_workspace/install/robot_custom_msgs/include/robot_custom_msgs/robot_custom_msgs/srv/detail/average__rosidl_typesupport_introspection_c.h
[6.871s] -- Installing: /home/ubuntu/ros_workspace/install/robot_custom_msgs/include/robot_custom_msgs/robot_custom_msgs/srv/detail/average__type_support.c
[6.871s] -- Installing: /home/ubuntu/ros_workspace/install/robot_custom_msgs/include/robot_custom_msgs/robot_custom_msgs/srv/detail/velocity__type_support.c
[6.872s] -- Installing: /home/ubuntu/ros_workspace/install/robot_custom_msgs/include/robot_custom_msgs/robot_custom_msgs/srv/detail/velocity__rosidl_typesupport_introspection_c.h
[6.872s] -- Up-to-date: /home/ubuntu/ros_workspace/install/robot_custom_msgs/include/robot_custom_msgs/robot_custom_msgs/msg
[6.872s] -- Up-to-date: /home/ubuntu/ros_workspace/install/robot_custom_msgs/include/robot_custom_msgs/robot_custom_msgs/msg/detail
[6.872s] -- Installing: /home/ubuntu/ros_workspace/install/robot_custom_msgs/include/robot_custom_msgs/robot_custom_msgs/msg/detail/custom__rosidl_typesupport_introspection_c.h
[6.873s] -- Installing: /home/ubuntu/ros_workspace/install/robot_custom_msgs/include/robot_custom_msgs/robot_custom_msgs/msg/detail/exam_custom__rosidl_typesupport_introspection_c.h
[6.874s] -- Installing: /home/ubuntu/ros_workspace/install/robot_custom_msgs/include/robot_custom_msgs/robot_custom_msgs/msg/detail/custom__type_support.c
[6.874s] -- Installing: /home/ubuntu/ros_workspace/install/robot_custom_msgs/include/robot_custom_msgs/robot_custom_msgs/msg/detail/exam_custom__type_support.c
[6.874s] -- Up-to-date: /home/ubuntu/ros_workspace/install/robot_custom_msgs/include/robot_custom_msgs/robot_custom_msgs/msg/rosidl_typesupport_introspection_c__visibility_control.h
[6.875s] -- Installing: /home/ubuntu/ros_workspace/install/robot_custom_msgs/lib/librobot_custom_msgs__rosidl_typesupport_introspection_c.so
[6.876s] -- Set non-toolchain portion of runtime path of "/home/ubuntu/ros_workspace/install/robot_custom_msgs/lib/librobot_custom_msgs__rosidl_typesupport_introspection_c.so" to ""
[6.876s] -- Installing: /home/ubuntu/ros_workspace/install/robot_custom_msgs/lib/librobot_custom_msgs__rosidl_typesupport_c.so
[6.877s] -- Set non-toolchain portion of runtime path of "/home/ubuntu/ros_workspace/install/robot_custom_msgs/lib/librobot_custom_msgs__rosidl_typesupport_c.so" to ""
[6.878s] -- Up-to-date: /home/ubuntu/ros_workspace/install/robot_custom_msgs/include/robot_custom_msgs/robot_custom_msgs
[6.878s] -- Up-to-date: /home/ubuntu/ros_workspace/install/robot_custom_msgs/include/robot_custom_msgs/robot_custom_msgs/srv
[6.878s] -- Up-to-date: /home/ubuntu/ros_workspace/install/robot_custom_msgs/include/robot_custom_msgs/robot_custom_msgs/srv/detail
[6.878s] -- Installing: /home/ubuntu/ros_workspace/install/robot_custom_msgs/include/robot_custom_msgs/robot_custom_msgs/srv/detail/threshold__struct.hpp
[6.878s] -- Installing: /home/ubuntu/ros_workspace/install/robot_custom_msgs/include/robot_custom_msgs/robot_custom_msgs/srv/detail/average__struct.hpp
[6.879s] -- Installing: /home/ubuntu/ros_workspace/install/robot_custom_msgs/include/robot_custom_msgs/robot_custom_msgs/srv/detail/average__type_support.hpp
[6.879s] -- Installing: /home/ubuntu/ros_workspace/install/robot_custom_msgs/include/robot_custom_msgs/robot_custom_msgs/srv/detail/threshold__builder.hpp
[6.880s] -- Installing: /home/ubuntu/ros_workspace/install/robot_custom_msgs/include/robot_custom_msgs/robot_custom_msgs/srv/detail/velocity__traits.hpp
[6.880s] -- Installing: /home/ubuntu/ros_workspace/install/robot_custom_msgs/include/robot_custom_msgs/robot_custom_msgs/srv/detail/threshold__type_support.hpp
[6.881s] -- Installing: /home/ubuntu/ros_workspace/install/robot_custom_msgs/include/robot_custom_msgs/robot_custom_msgs/srv/detail/threshold__traits.hpp
[6.881s] -- Installing: /home/ubuntu/ros_workspace/install/robot_custom_msgs/include/robot_custom_msgs/robot_custom_msgs/srv/detail/velocity__type_support.hpp
[6.882s] -- Installing: /home/ubuntu/ros_workspace/install/robot_custom_msgs/include/robot_custom_msgs/robot_custom_msgs/srv/detail/average__traits.hpp
[6.882s] -- Installing: /home/ubuntu/ros_workspace/install/robot_custom_msgs/include/robot_custom_msgs/robot_custom_msgs/srv/detail/average__builder.hpp
[6.883s] -- Installing: /home/ubuntu/ros_workspace/install/robot_custom_msgs/include/robot_custom_msgs/robot_custom_msgs/srv/detail/velocity__builder.hpp
[6.883s] -- Installing: /home/ubuntu/ros_workspace/install/robot_custom_msgs/include/robot_custom_msgs/robot_custom_msgs/srv/detail/velocity__struct.hpp
[6.883s] -- Installing: /home/ubuntu/ros_workspace/install/robot_custom_msgs/include/robot_custom_msgs/robot_custom_msgs/srv/threshold.hpp
[6.884s] -- Installing: /home/ubuntu/ros_workspace/install/robot_custom_msgs/include/robot_custom_msgs/robot_custom_msgs/srv/velocity.hpp
[6.884s] -- Installing: /home/ubuntu/ros_workspace/install/robot_custom_msgs/include/robot_custom_msgs/robot_custom_msgs/srv/average.hpp
[6.885s] -- Up-to-date: /home/ubuntu/ros_workspace/install/robot_custom_msgs/include/robot_custom_msgs/robot_custom_msgs/msg
[6.885s] -- Up-to-date: /home/ubuntu/ros_workspace/install/robot_custom_msgs/include/robot_custom_msgs/robot_custom_msgs/msg/detail
[6.885s] -- Installing: /home/ubuntu/ros_workspace/install/robot_custom_msgs/include/robot_custom_msgs/robot_custom_msgs/msg/detail/exam_custom__type_support.hpp
[6.885s] -- Installing: /home/ubuntu/ros_workspace/install/robot_custom_msgs/include/robot_custom_msgs/robot_custom_msgs/msg/detail/custom__builder.hpp
[6.886s] -- Installing: /home/ubuntu/ros_workspace/install/robot_custom_msgs/include/robot_custom_msgs/robot_custom_msgs/msg/detail/exam_custom__traits.hpp
[6.886s] -- Installing: /home/ubuntu/ros_workspace/install/robot_custom_msgs/include/robot_custom_msgs/robot_custom_msgs/msg/detail/custom__struct.hpp
[6.886s] -- Installing: /home/ubuntu/ros_workspace/install/robot_custom_msgs/include/robot_custom_msgs/robot_custom_msgs/msg/detail/custom__traits.hpp
[6.887s] -- Installing: /home/ubuntu/ros_workspace/install/robot_custom_msgs/include/robot_custom_msgs/robot_custom_msgs/msg/detail/exam_custom__builder.hpp
[6.887s] -- Installing: /home/ubuntu/ros_workspace/install/robot_custom_msgs/include/robot_custom_msgs/robot_custom_msgs/msg/detail/custom__type_support.hpp
[6.887s] -- Installing: /home/ubuntu/ros_workspace/install/robot_custom_msgs/include/robot_custom_msgs/robot_custom_msgs/msg/detail/exam_custom__struct.hpp
[6.888s] -- Installing: /home/ubuntu/ros_workspace/install/robot_custom_msgs/include/robot_custom_msgs/robot_custom_msgs/msg/custom.hpp
[6.888s] -- Installing: /home/ubuntu/ros_workspace/install/robot_custom_msgs/include/robot_custom_msgs/robot_custom_msgs/msg/rosidl_generator_cpp__visibility_control.hpp
[6.889s] -- Installing: /home/ubuntu/ros_workspace/install/robot_custom_msgs/include/robot_custom_msgs/robot_custom_msgs/msg/exam_custom.hpp
[6.889s] -- Up-to-date: /home/ubuntu/ros_workspace/install/robot_custom_msgs/include/robot_custom_msgs/robot_custom_msgs
[6.889s] -- Up-to-date: /home/ubuntu/ros_workspace/install/robot_custom_msgs/include/robot_custom_msgs/robot_custom_msgs/srv
[6.890s] -- Up-to-date: /home/ubuntu/ros_workspace/install/robot_custom_msgs/include/robot_custom_msgs/robot_custom_msgs/srv/detail
[6.890s] -- Up-to-date: /home/ubuntu/ros_workspace/install/robot_custom_msgs/include/robot_custom_msgs/robot_custom_msgs/srv/detail/dds_fastrtps
[6.890s] -- Installing: /home/ubuntu/ros_workspace/install/robot_custom_msgs/include/robot_custom_msgs/robot_custom_msgs/srv/detail/velocity__rosidl_typesupport_fastrtps_cpp.hpp
[6.890s] -- Installing: /home/ubuntu/ros_workspace/install/robot_custom_msgs/include/robot_custom_msgs/robot_custom_msgs/srv/detail/average__rosidl_typesupport_fastrtps_cpp.hpp
[6.891s] -- Installing: /home/ubuntu/ros_workspace/install/robot_custom_msgs/include/robot_custom_msgs/robot_custom_msgs/srv/detail/threshold__rosidl_typesupport_fastrtps_cpp.hpp
[6.891s] -- Up-to-date: /home/ubuntu/ros_workspace/install/robot_custom_msgs/include/robot_custom_msgs/robot_custom_msgs/msg
[6.891s] -- Up-to-date: /home/ubuntu/ros_workspace/install/robot_custom_msgs/include/robot_custom_msgs/robot_custom_msgs/msg/detail
[6.891s] -- Up-to-date: /home/ubuntu/ros_workspace/install/robot_custom_msgs/include/robot_custom_msgs/robot_custom_msgs/msg/detail/dds_fastrtps
[6.892s] -- Installing: /home/ubuntu/ros_workspace/install/robot_custom_msgs/include/robot_custom_msgs/robot_custom_msgs/msg/detail/custom__rosidl_typesupport_fastrtps_cpp.hpp
[6.892s] -- Installing: /home/ubuntu/ros_workspace/install/robot_custom_msgs/include/robot_custom_msgs/robot_custom_msgs/msg/detail/exam_custom__rosidl_typesupport_fastrtps_cpp.hpp
[6.892s] -- Up-to-date: /home/ubuntu/ros_workspace/install/robot_custom_msgs/include/robot_custom_msgs/robot_custom_msgs/msg/rosidl_typesupport_fastrtps_cpp__visibility_control.h
[6.893s] -- Installing: /home/ubuntu/ros_workspace/install/robot_custom_msgs/lib/librobot_custom_msgs__rosidl_typesupport_fastrtps_cpp.so
[6.894s] -- Set non-toolchain portion of runtime path of "/home/ubuntu/ros_workspace/install/robot_custom_msgs/lib/librobot_custom_msgs__rosidl_typesupport_fastrtps_cpp.so" to ""
[6.894s] -- Up-to-date: /home/ubuntu/ros_workspace/install/robot_custom_msgs/include/robot_custom_msgs/robot_custom_msgs
[6.895s] -- Up-to-date: /home/ubuntu/ros_workspace/install/robot_custom_msgs/include/robot_custom_msgs/robot_custom_msgs/srv
[6.895s] -- Up-to-date: /home/ubuntu/ros_workspace/install/robot_custom_msgs/include/robot_custom_msgs/robot_custom_msgs/srv/detail
[6.895s] -- Installing: /home/ubuntu/ros_workspace/install/robot_custom_msgs/include/robot_custom_msgs/robot_custom_msgs/srv/detail/average__rosidl_typesupport_introspection_cpp.hpp
[6.895s] -- Installing: /home/ubuntu/ros_workspace/install/robot_custom_msgs/include/robot_custom_msgs/robot_custom_msgs/srv/detail/velocity__type_support.cpp
[6.895s] -- Installing: /home/ubuntu/ros_workspace/install/robot_custom_msgs/include/robot_custom_msgs/robot_custom_msgs/srv/detail/average__type_support.cpp
[6.896s] -- Installing: /home/ubuntu/ros_workspace/install/robot_custom_msgs/include/robot_custom_msgs/robot_custom_msgs/srv/detail/velocity__rosidl_typesupport_introspection_cpp.hpp
[6.896s] -- Installing: /home/ubuntu/ros_workspace/install/robot_custom_msgs/include/robot_custom_msgs/robot_custom_msgs/srv/detail/threshold__rosidl_typesupport_introspection_cpp.hpp
[6.897s] -- Installing: /home/ubuntu/ros_workspace/install/robot_custom_msgs/include/robot_custom_msgs/robot_custom_msgs/srv/detail/threshold__type_support.cpp
[6.897s] -- Up-to-date: /home/ubuntu/ros_workspace/install/robot_custom_msgs/include/robot_custom_msgs/robot_custom_msgs/msg
[6.897s] -- Up-to-date: /home/ubuntu/ros_workspace/install/robot_custom_msgs/include/robot_custom_msgs/robot_custom_msgs/msg/detail
[6.897s] -- Installing: /home/ubuntu/ros_workspace/install/robot_custom_msgs/include/robot_custom_msgs/robot_custom_msgs/msg/detail/exam_custom__type_support.cpp
[6.898s] -- Installing: /home/ubuntu/ros_workspace/install/robot_custom_msgs/include/robot_custom_msgs/robot_custom_msgs/msg/detail/custom__type_support.cpp
[6.898s] -- Installing: /home/ubuntu/ros_workspace/install/robot_custom_msgs/include/robot_custom_msgs/robot_custom_msgs/msg/detail/custom__rosidl_typesupport_introspection_cpp.hpp
[6.899s] -- Installing: /home/ubuntu/ros_workspace/install/robot_custom_msgs/include/robot_custom_msgs/robot_custom_msgs/msg/detail/exam_custom__rosidl_typesupport_introspection_cpp.hpp
[6.899s] -- Installing: /home/ubuntu/ros_workspace/install/robot_custom_msgs/lib/librobot_custom_msgs__rosidl_typesupport_introspection_cpp.so
[6.901s] -- Set non-toolchain portion of runtime path of "/home/ubuntu/ros_workspace/install/robot_custom_msgs/lib/librobot_custom_msgs__rosidl_typesupport_introspection_cpp.so" to ""
[6.902s] -- Installing: /home/ubuntu/ros_workspace/install/robot_custom_msgs/lib/librobot_custom_msgs__rosidl_typesupport_cpp.so
[6.904s] -- Set non-toolchain portion of runtime path of "/home/ubuntu/ros_workspace/install/robot_custom_msgs/lib/librobot_custom_msgs__rosidl_typesupport_cpp.so" to ""
[6.904s] -- Up-to-date: /home/ubuntu/ros_workspace/install/robot_custom_msgs/share/robot_custom_msgs/environment/pythonpath.sh
[6.904s] -- Up-to-date: /home/ubuntu/ros_workspace/install/robot_custom_msgs/share/robot_custom_msgs/environment/pythonpath.dsv
[6.905s] -- Up-to-date: /home/ubuntu/ros_workspace/install/robot_custom_msgs/lib/python3.12/site-packages/robot_custom_msgs-0.0.0-py3.12.egg-info
[6.905s] -- Installing: /home/ubuntu/ros_workspace/install/robot_custom_msgs/lib/python3.12/site-packages/robot_custom_msgs-0.0.0-py3.12.egg-info/top_level.txt
[6.905s] -- Installing: /home/ubuntu/ros_workspace/install/robot_custom_msgs/lib/python3.12/site-packages/robot_custom_msgs-0.0.0-py3.12.egg-info/SOURCES.txt
[6.905s] -- Installing: /home/ubuntu/ros_workspace/install/robot_custom_msgs/lib/python3.12/site-packages/robot_custom_msgs-0.0.0-py3.12.egg-info/PKG-INFO
[6.906s] -- Installing: /home/ubuntu/ros_workspace/install/robot_custom_msgs/lib/python3.12/site-packages/robot_custom_msgs-0.0.0-py3.12.egg-info/dependency_links.txt
[6.906s] -- Up-to-date: /home/ubuntu/ros_workspace/install/robot_custom_msgs/lib/python3.12/site-packages/robot_custom_msgs
[6.906s] -- Installing: /home/ubuntu/ros_workspace/install/robot_custom_msgs/lib/python3.12/site-packages/robot_custom_msgs/_robot_custom_msgs_s.ep.rosidl_typesupport_introspection_c.c
[6.907s] -- Installing: /home/ubuntu/ros_workspace/install/robot_custom_msgs/lib/python3.12/site-packages/robot_custom_msgs/robot_custom_msgs_s__rosidl_typesupport_introspection_c.so
[6.907s] -- Installing: /home/ubuntu/ros_workspace/install/robot_custom_msgs/lib/python3.12/site-packages/robot_custom_msgs/robot_custom_msgs_s__rosidl_typesupport_fastrtps_c.so
[6.908s] -- Installing: /home/ubuntu/ros_workspace/install/robot_custom_msgs/lib/python3.12/site-packages/robot_custom_msgs/robot_custom_msgs_s__rosidl_typesupport_c.so
[6.908s] -- Installing: /home/ubuntu/ros_workspace/install/robot_custom_msgs/lib/python3.12/site-packages/robot_custom_msgs/__init__.py
[6.909s] -- Up-to-date: /home/ubuntu/ros_workspace/install/robot_custom_msgs/lib/python3.12/site-packages/robot_custom_msgs/srv
[6.909s] -- Installing: /home/ubuntu/ros_workspace/install/robot_custom_msgs/lib/python3.12/site-packages/robot_custom_msgs/srv/_average.py
[6.909s] -- Installing: /home/ubuntu/ros_workspace/install/robot_custom_msgs/lib/python3.12/site-packages/robot_custom_msgs/srv/_velocity.py
[6.910s] -- Installing: /home/ubuntu/ros_workspace/install/robot_custom_msgs/lib/python3.12/site-packages/robot_custom_msgs/srv/_average_s.c
[6.911s] -- Installing: /home/ubuntu/ros_workspace/install/robot_custom_msgs/lib/python3.12/site-packages/robot_custom_msgs/srv/_threshold_s.c
[6.911s] -- Installing: /home/ubuntu/ros_workspace/install/robot_custom_msgs/lib/python3.12/site-packages/robot_custom_msgs/srv/_velocity_s.c
[6.912s] -- Installing: /home/ubuntu/ros_workspace/install/robot_custom_msgs/lib/python3.12/site-packages/robot_custom_msgs/srv/__init__.py
[6.912s] -- Installing: /home/ubuntu/ros_workspace/install/robot_custom_msgs/lib/python3.12/site-packages/robot_custom_msgs/srv/_threshold.py
[6.912s] -- Installing: /home/ubuntu/ros_workspace/install/robot_custom_msgs/lib/python3.12/site-packages/robot_custom_msgs/_robot_custom_msgs_s.ep.rosidl_typesupport_fastrtps_c.c
[6.913s] -- Installing: /home/ubuntu/ros_workspace/install/robot_custom_msgs/lib/python3.12/site-packages/robot_custom_msgs/_robot_custom_msgs_s.ep.rosidl_typesupport_c.c
[6.913s] -- Up-to-date: /home/ubuntu/ros_workspace/install/robot_custom_msgs/lib/python3.12/site-packages/robot_custom_msgs/msg
[6.914s] -- Installing: /home/ubuntu/ros_workspace/install/robot_custom_msgs/lib/python3.12/site-packages/robot_custom_msgs/msg/_custom_s.c
[6.914s] -- Installing: /home/ubuntu/ros_workspace/install/robot_custom_msgs/lib/python3.12/site-packages/robot_custom_msgs/msg/__init__.py
[6.914s] -- Installing: /home/ubuntu/ros_workspace/install/robot_custom_msgs/lib/python3.12/site-packages/robot_custom_msgs/msg/_exam_custom_s.c
[6.914s] -- Installing: /home/ubuntu/ros_workspace/install/robot_custom_msgs/lib/python3.12/site-packages/robot_custom_msgs/msg/_custom.py
[6.915s] -- Installing: /home/ubuntu/ros_workspace/install/robot_custom_msgs/lib/python3.12/site-packages/robot_custom_msgs/msg/_exam_custom.py
[6.975s] Listing '/home/ubuntu/ros_workspace/install/robot_custom_msgs/lib/python3.12/site-packages/robot_custom_msgs'...
[6.975s] Compiling '/home/ubuntu/ros_workspace/install/robot_custom_msgs/lib/python3.12/site-packages/robot_custom_msgs/__init__.py'...
[6.975s] Listing '/home/ubuntu/ros_workspace/install/robot_custom_msgs/lib/python3.12/site-packages/robot_custom_msgs/msg'...
[6.975s] Compiling '/home/ubuntu/ros_workspace/install/robot_custom_msgs/lib/python3.12/site-packages/robot_custom_msgs/msg/__init__.py'...
[6.975s] Compiling '/home/ubuntu/ros_workspace/install/robot_custom_msgs/lib/python3.12/site-packages/robot_custom_msgs/msg/_custom.py'...
[6.975s] Compiling '/home/ubuntu/ros_workspace/install/robot_custom_msgs/lib/python3.12/site-packages/robot_custom_msgs/msg/_exam_custom.py'...
[6.975s] Listing '/home/ubuntu/ros_workspace/install/robot_custom_msgs/lib/python3.12/site-packages/robot_custom_msgs/srv'...
[6.975s] Compiling '/home/ubuntu/ros_workspace/install/robot_custom_msgs/lib/python3.12/site-packages/robot_custom_msgs/srv/__init__.py'...
[6.975s] Compiling '/home/ubuntu/ros_workspace/install/robot_custom_msgs/lib/python3.12/site-packages/robot_custom_msgs/srv/_average.py'...
[6.975s] Compiling '/home/ubuntu/ros_workspace/install/robot_custom_msgs/lib/python3.12/site-packages/robot_custom_msgs/srv/_threshold.py'...
[6.976s] Compiling '/home/ubuntu/ros_workspace/install/robot_custom_msgs/lib/python3.12/site-packages/robot_custom_msgs/srv/_velocity.py'...
[6.983s] -- Installing: /home/ubuntu/ros_workspace/install/robot_custom_msgs/lib/python3.12/site-packages/robot_custom_msgs/robot_custom_msgs_s__rosidl_typesupport_fastrtps_c.so
[6.984s] -- Set non-toolchain portion of runtime path of "/home/ubuntu/ros_workspace/install/robot_custom_msgs/lib/python3.12/site-packages/robot_custom_msgs/robot_custom_msgs_s__rosidl_typesupport_fastrtps_c.so" to ""
[6.985s] -- Installing: /home/ubuntu/ros_workspace/install/robot_custom_msgs/lib/python3.12/site-packages/robot_custom_msgs/robot_custom_msgs_s__rosidl_typesupport_introspection_c.so
[6.985s] -- Set non-toolchain portion of runtime path of "/home/ubuntu/ros_workspace/install/robot_custom_msgs/lib/python3.12/site-packages/robot_custom_msgs/robot_custom_msgs_s__rosidl_typesupport_introspection_c.so" to ""
[6.986s] -- Installing: /home/ubuntu/ros_workspace/install/robot_custom_msgs/lib/python3.12/site-packages/robot_custom_msgs/robot_custom_msgs_s__rosidl_typesupport_c.so
[6.987s] -- Set non-toolchain portion of runtime path of "/home/ubuntu/ros_workspace/install/robot_custom_msgs/lib/python3.12/site-packages/robot_custom_msgs/robot_custom_msgs_s__rosidl_typesupport_c.so" to ""
[6.987s] -- Installing: /home/ubuntu/ros_workspace/install/robot_custom_msgs/lib/librobot_custom_msgs__rosidl_generator_py.so
[6.988s] -- Set non-toolchain portion of runtime path of "/home/ubuntu/ros_workspace/install/robot_custom_msgs/lib/librobot_custom_msgs__rosidl_generator_py.so" to ""
[6.988s] -- Up-to-date: /home/ubuntu/ros_workspace/install/robot_custom_msgs/share/robot_custom_msgs/msg/Custom.idl
[6.988s] -- Installing: /home/ubuntu/ros_workspace/install/robot_custom_msgs/share/robot_custom_msgs/msg/ExamCustom.idl
[6.988s] -- Up-to-date: /home/ubuntu/ros_workspace/install/robot_custom_msgs/share/robot_custom_msgs/srv/Velocity.idl
[6.989s] -- Up-to-date: /home/ubuntu/ros_workspace/install/robot_custom_msgs/share/robot_custom_msgs/srv/Average.idl
[6.989s] -- Up-to-date: /home/ubuntu/ros_workspace/install/robot_custom_msgs/share/robot_custom_msgs/srv/Threshold.idl
[6.989s] -- Up-to-date: /home/ubuntu/ros_workspace/install/robot_custom_msgs/share/robot_custom_msgs/msg/Custom.msg
[6.989s] -- Installing: /home/ubuntu/ros_workspace/install/robot_custom_msgs/share/robot_custom_msgs/msg/ExamCustom.msg
[6.989s] -- Up-to-date: /home/ubuntu/ros_workspace/install/robot_custom_msgs/share/robot_custom_msgs/srv/Velocity.srv
[6.989s] -- Up-to-date: /home/ubuntu/ros_workspace/install/robot_custom_msgs/share/robot_custom_msgs/srv/Average.srv
[6.990s] -- Up-to-date: /home/ubuntu/ros_workspace/install/robot_custom_msgs/share/robot_custom_msgs/srv/Threshold.srv
[6.990s] -- Up-to-date: /home/ubuntu/ros_workspace/install/robot_custom_msgs/share/ament_index/resource_index/package_run_dependencies/robot_custom_msgs
[6.990s] -- Installing: /home/ubuntu/ros_workspace/install/robot_custom_msgs/share/ament_index/resource_index/parent_prefix_path/robot_custom_msgs
[6.990s] -- Up-to-date: /home/ubuntu/ros_workspace/install/robot_custom_msgs/share/robot_custom_msgs/environment/ament_prefix_path.sh
[6.990s] -- Up-to-date: /home/ubuntu/ros_workspace/install/robot_custom_msgs/share/robot_custom_msgs/environment/ament_prefix_path.dsv
[6.991s] -- Up-to-date: /home/ubuntu/ros_workspace/install/robot_custom_msgs/share/robot_custom_msgs/environment/path.sh
[6.991s] -- Up-to-date: /home/ubuntu/ros_workspace/install/robot_custom_msgs/share/robot_custom_msgs/environment/path.dsv
[6.991s] -- Up-to-date: /home/ubuntu/ros_workspace/install/robot_custom_msgs/share/robot_custom_msgs/local_setup.bash
[6.991s] -- Up-to-date: /home/ubuntu/ros_workspace/install/robot_custom_msgs/share/robot_custom_msgs/local_setup.sh
[6.991s] -- Up-to-date: /home/ubuntu/ros_workspace/install/robot_custom_msgs/share/robot_custom_msgs/local_setup.zsh
[6.991s] -- Up-to-date: /home/ubuntu/ros_workspace/install/robot_custom_msgs/share/robot_custom_msgs/local_setup.dsv
[6.991s] -- Installing: /home/ubuntu/ros_workspace/install/robot_custom_msgs/share/robot_custom_msgs/package.dsv
[6.992s] -- Up-to-date: /home/ubuntu/ros_workspace/install/robot_custom_msgs/share/ament_index/resource_index/packages/robot_custom_msgs
[6.992s] -- Up-to-date: /home/ubuntu/ros_workspace/install/robot_custom_msgs/share/robot_custom_msgs/cmake/export_robot_custom_msgs__rosidl_generator_cExport.cmake
[6.992s] -- Up-to-date: /home/ubuntu/ros_workspace/install/robot_custom_msgs/share/robot_custom_msgs/cmake/export_robot_custom_msgs__rosidl_generator_cExport-noconfig.cmake
[6.992s] -- Up-to-date: /home/ubuntu/ros_workspace/install/robot_custom_msgs/share/robot_custom_msgs/cmake/export_robot_custom_msgs__rosidl_typesupport_fastrtps_cExport.cmake
[6.992s] -- Up-to-date: /home/ubuntu/ros_workspace/install/robot_custom_msgs/share/robot_custom_msgs/cmake/export_robot_custom_msgs__rosidl_typesupport_fastrtps_cExport-noconfig.cmake
[6.992s] -- Up-to-date: /home/ubuntu/ros_workspace/install/robot_custom_msgs/share/robot_custom_msgs/cmake/robot_custom_msgs__rosidl_typesupport_introspection_cExport.cmake
[6.992s] -- Up-to-date: /home/ubuntu/ros_workspace/install/robot_custom_msgs/share/robot_custom_msgs/cmake/robot_custom_msgs__rosidl_typesupport_introspection_cExport-noconfig.cmake
[6.993s] -- Up-to-date: /home/ubuntu/ros_workspace/install/robot_custom_msgs/share/robot_custom_msgs/cmake/robot_custom_msgs__rosidl_typesupport_cExport.cmake
[6.993s] -- Up-to-date: /home/ubuntu/ros_workspace/install/robot_custom_msgs/share/robot_custom_msgs/cmake/robot_custom_msgs__rosidl_typesupport_cExport-noconfig.cmake
[6.993s] -- Up-to-date: /home/ubuntu/ros_workspace/install/robot_custom_msgs/share/robot_custom_msgs/cmake/export_robot_custom_msgs__rosidl_generator_cppExport.cmake
[6.993s] -- Up-to-date: /home/ubuntu/ros_workspace/install/robot_custom_msgs/share/robot_custom_msgs/cmake/export_robot_custom_msgs__rosidl_typesupport_fastrtps_cppExport.cmake
[6.993s] -- Up-to-date: /home/ubuntu/ros_workspace/install/robot_custom_msgs/share/robot_custom_msgs/cmake/export_robot_custom_msgs__rosidl_typesupport_fastrtps_cppExport-noconfig.cmake
[6.993s] -- Up-to-date: /home/ubuntu/ros_workspace/install/robot_custom_msgs/share/robot_custom_msgs/cmake/robot_custom_msgs__rosidl_typesupport_introspection_cppExport.cmake
[6.993s] -- Up-to-date: /home/ubuntu/ros_workspace/install/robot_custom_msgs/share/robot_custom_msgs/cmake/robot_custom_msgs__rosidl_typesupport_introspection_cppExport-noconfig.cmake
[6.994s] -- Up-to-date: /home/ubuntu/ros_workspace/install/robot_custom_msgs/share/robot_custom_msgs/cmake/robot_custom_msgs__rosidl_typesupport_cppExport.cmake
[6.994s] -- Up-to-date: /home/ubuntu/ros_workspace/install/robot_custom_msgs/share/robot_custom_msgs/cmake/robot_custom_msgs__rosidl_typesupport_cppExport-noconfig.cmake
[6.994s] -- Up-to-date: /home/ubuntu/ros_workspace/install/robot_custom_msgs/share/robot_custom_msgs/cmake/export_robot_custom_msgs__rosidl_generator_pyExport.cmake
[6.994s] -- Up-to-date: /home/ubuntu/ros_workspace/install/robot_custom_msgs/share/robot_custom_msgs/cmake/export_robot_custom_msgs__rosidl_generator_pyExport-noconfig.cmake
[6.995s] -- Installing: /home/ubuntu/ros_workspace/install/robot_custom_msgs/share/robot_custom_msgs/cmake/rosidl_cmake-extras.cmake
[6.995s] -- Up-to-date: /home/ubuntu/ros_workspace/install/robot_custom_msgs/share/robot_custom_msgs/cmake/ament_cmake_export_dependencies-extras.cmake
[6.995s] -- Up-to-date: /home/ubuntu/ros_workspace/install/robot_custom_msgs/share/robot_custom_msgs/cmake/ament_cmake_export_include_directories-extras.cmake
[6.995s] -- Up-to-date: /home/ubuntu/ros_workspace/install/robot_custom_msgs/share/robot_custom_msgs/cmake/ament_cmake_export_libraries-extras.cmake
[6.996s] -- Up-to-date: /home/ubuntu/ros_workspace/install/robot_custom_msgs/share/robot_custom_msgs/cmake/ament_cmake_export_targets-extras.cmake
[6.996s] -- Up-to-date: /home/ubuntu/ros_workspace/install/robot_custom_msgs/share/robot_custom_msgs/cmake/rosidl_cmake_export_typesupport_targets-extras.cmake
[6.996s] -- Up-to-date: /home/ubuntu/ros_workspace/install/robot_custom_msgs/share/robot_custom_msgs/cmake/rosidl_cmake_export_typesupport_libraries-extras.cmake
[6.996s] -- Up-to-date: /home/ubuntu/ros_workspace/install/robot_custom_msgs/share/robot_custom_msgs/cmake/robot_custom_msgsConfig.cmake
[6.996s] -- Up-to-date: /home/ubuntu/ros_workspace/install/robot_custom_msgs/share/robot_custom_msgs/cmake/robot_custom_msgsConfig-version.cmake
[6.996s] -- Up-to-date: /home/ubuntu/ros_workspace/install/robot_custom_msgs/share/robot_custom_msgs/package.xml
[6.998s] Invoked command in '/home/ubuntu/ros_workspace/build/robot_custom_msgs' returned '0': CMAKE_PREFIX_PATH=${CMAKE_PREFIX_PATH}:/home/ubuntu/ros_workspace/install/exam_example_2:/home/ubuntu/ros_workspace/install/assignment2_rt_py:/home/ubuntu/ros_workspace/install/assignment1_rt_py:/home/ubuntu/ros_workspace/install/python_package:/home/ubuntu/ros_workspace/install/first_package_py:/home/ubuntu/ros_workspace/install/exam_example:/opt/ros/jazzy /usr/bin/cmake --install /home/ubuntu/ros_workspace/build/robot_custom_msgs
