[0.722s] Invoking command in '/home/ubuntu/ros_workspace/src/assignment2_rt_py': CMAKE_PREFIX_PATH=/home/ubuntu/ros_workspace/install/turtlesim_custom_msgs:/home/ubuntu/ros_workspace/install/bme_gazebo_sensors:/home/ubuntu/ros_workspace/install/turtlesim_controller:/home/ubuntu/ros_workspace/install/ob_first_package_cpp:/home/ubuntu/ros_workspace/install/first_package_cpp:/home/ubuntu/ros_workspace/install/cmake_package:/home/ubuntu/ros_workspace/install/assignment1_rt:/opt/ros/jazzy/opt/gz_launch_vendor:/opt/ros/jazzy/opt/gz_sim_vendor:/opt/ros/jazzy/opt/gz_sensors_vendor:/opt/ros/jazzy/opt/gz_physics_vendor:/opt/ros/jazzy/opt/sdformat_vendor:/opt/ros/jazzy/opt/gz_gui_vendor:/opt/ros/jazzy/opt/gz_transport_vendor:/opt/ros/jazzy/opt/gz_rendering_vendor:/opt/ros/jazzy/opt/gz_plugin_vendor:/opt/ros/jazzy/opt/gz_fuel_tools_vendor:/opt/ros/jazzy/opt/gz_msgs_vendor:/opt/ros/jazzy/opt/gz_common_vendor:/opt/ros/jazzy/opt/gz_math_vendor:/opt/ros/jazzy/opt/gz_utils_vendor:/opt/ros/jazzy/opt/gz_tools_vendor:/opt/ros/jazzy/opt/gz_ogre_next_vendor:/opt/ros/jazzy/opt/gz_dartsim_vendor:/opt/ros/jazzy/opt/gz_cmake_vendor PYTHONPATH=/home/ubuntu/ros_workspace/build/assignment2_rt_py/prefix_override:/usr/lib/python3/dist-packages/colcon_core/task/python/colcon_distutils_commands:/home/ubuntu/ros_workspace/install/assignment2_rt_py/lib/python3.12/site-packages:${PYTHONPATH} /usr/bin/python3 -W ignore:setup.py install is deprecated -W ignore:easy_install command is deprecated setup.py egg_info --egg-base ../../build/assignment2_rt_py build --build-base /home/ubuntu/ros_workspace/build/assignment2_rt_py/build install --record /home/ubuntu/ros_workspace/build/assignment2_rt_py/install.log --single-version-externally-managed install_data
[0.952s] running egg_info
[0.967s] writing ../../build/assignment2_rt_py/assignment2_rt_py.egg-info/PKG-INFO
[0.967s] writing dependency_links to ../../build/assignment2_rt_py/assignment2_rt_py.egg-info/dependency_links.txt
[0.967s] writing entry points to ../../build/assignment2_rt_py/assignment2_rt_py.egg-info/entry_points.txt
[0.968s] writing requirements to ../../build/assignment2_rt_py/assignment2_rt_py.egg-info/requires.txt
[0.968s] writing top-level names to ../../build/assignment2_rt_py/assignment2_rt_py.egg-info/top_level.txt
[1.000s] reading manifest file '../../build/assignment2_rt_py/assignment2_rt_py.egg-info/SOURCES.txt'
[1.001s] writing manifest file '../../build/assignment2_rt_py/assignment2_rt_py.egg-info/SOURCES.txt'
[1.001s] running build
[1.001s] running build_py
[1.001s] copying assignment2_rt_py/robot_controller.py -> /home/ubuntu/ros_workspace/build/assignment2_rt_py/build/lib/assignment2_rt_py
[1.002s] running install
[1.007s] running install_lib
[1.024s] copying /home/ubuntu/ros_workspace/build/assignment2_rt_py/build/lib/assignment2_rt_py/robot_controller.py -> /home/ubuntu/ros_workspace/install/assignment2_rt_py/lib/python3.12/site-packages/assignment2_rt_py
[1.025s] byte-compiling /home/ubuntu/ros_workspace/install/assignment2_rt_py/lib/python3.12/site-packages/assignment2_rt_py/robot_controller.py to robot_controller.cpython-312.pyc
[1.026s] running install_data
[1.026s] running install_egg_info
[1.044s] removing '/home/ubuntu/ros_workspace/install/assignment2_rt_py/lib/python3.12/site-packages/assignment2_rt_py-0.0.0-py3.12.egg-info' (and everything under it)
[1.044s] Copying ../../build/assignment2_rt_py/assignment2_rt_py.egg-info to /home/ubuntu/ros_workspace/install/assignment2_rt_py/lib/python3.12/site-packages/assignment2_rt_py-0.0.0-py3.12.egg-info
[1.046s] running install_scripts
[1.164s] Installing distance script to /home/ubuntu/ros_workspace/install/assignment2_rt_py/lib/assignment2_rt_py
[1.165s] Installing robot_controller script to /home/ubuntu/ros_workspace/install/assignment2_rt_py/lib/assignment2_rt_py
[1.165s] writing list of installed files to '/home/ubuntu/ros_workspace/build/assignment2_rt_py/install.log'
[1.192s] Invoked command in '/home/ubuntu/ros_workspace/src/assignment2_rt_py' returned '0': CMAKE_PREFIX_PATH=/home/ubuntu/ros_workspace/install/turtlesim_custom_msgs:/home/ubuntu/ros_workspace/install/bme_gazebo_sensors:/home/ubuntu/ros_workspace/install/turtlesim_controller:/home/ubuntu/ros_workspace/install/ob_first_package_cpp:/home/ubuntu/ros_workspace/install/first_package_cpp:/home/ubuntu/ros_workspace/install/cmake_package:/home/ubuntu/ros_workspace/install/assignment1_rt:/opt/ros/jazzy/opt/gz_launch_vendor:/opt/ros/jazzy/opt/gz_sim_vendor:/opt/ros/jazzy/opt/gz_sensors_vendor:/opt/ros/jazzy/opt/gz_physics_vendor:/opt/ros/jazzy/opt/sdformat_vendor:/opt/ros/jazzy/opt/gz_gui_vendor:/opt/ros/jazzy/opt/gz_transport_vendor:/opt/ros/jazzy/opt/gz_rendering_vendor:/opt/ros/jazzy/opt/gz_plugin_vendor:/opt/ros/jazzy/opt/gz_fuel_tools_vendor:/opt/ros/jazzy/opt/gz_msgs_vendor:/opt/ros/jazzy/opt/gz_common_vendor:/opt/ros/jazzy/opt/gz_math_vendor:/opt/ros/jazzy/opt/gz_utils_vendor:/opt/ros/jazzy/opt/gz_tools_vendor:/opt/ros/jazzy/opt/gz_ogre_next_vendor:/opt/ros/jazzy/opt/gz_dartsim_vendor:/opt/ros/jazzy/opt/gz_cmake_vendor PYTHONPATH=/home/ubuntu/ros_workspace/build/assignment2_rt_py/prefix_override:/usr/lib/python3/dist-packages/colcon_core/task/python/colcon_distutils_commands:/home/ubuntu/ros_workspace/install/assignment2_rt_py/lib/python3.12/site-packages:${PYTHONPATH} /usr/bin/python3 -W ignore:setup.py install is deprecated -W ignore:easy_install command is deprecated setup.py egg_info --egg-base ../../build/assignment2_rt_py build --build-base /home/ubuntu/ros_workspace/build/assignment2_rt_py/build install --record /home/ubuntu/ros_workspace/build/assignment2_rt_py/install.log --single-version-externally-managed install_data
