[  2%] Built target turtlesim_custom_msgs__rosidl_generator_type_description
[  2%] Built target ament_cmake_python_copy_turtlesim_custom_msgs
[  4%] Built target turtlesim_custom_msgs__cpp
[ 22%] Built target turtlesim_custom_msgs__rosidl_generator_c
[ 54%] Built target turtlesim_custom_msgs__rosidl_typesupport_introspection_c
[ 52%] Built target turtlesim_custom_msgs__rosidl_typesupport_c
[ 59%] Built target turtlesim_custom_msgs__rosidl_typesupport_introspection_cpp
[ 65%] Built target turtlesim_custom_msgs__rosidl_typesupport_fastrtps_c
[ 68%] Built target turtlesim_custom_msgs__rosidl_typesupport_cpp
[ 77%] Built target turtlesim_custom_msgs__rosidl_typesupport_fastrtps_cpp
[ 77%] Built target turtlesim_custom_msgs
[ 79%] Built target turtlesim_custom_msgs__py
[ 86%] Built target turtlesim_custom_msgs__rosidl_generator_py
[ 95%] Built target turtlesim_custom_msgs_s__rosidl_typesupport_c
[ 95%] Built target turtlesim_custom_msgs_s__rosidl_typesupport_fastrtps_c
[100%] Built target turtlesim_custom_msgs_s__rosidl_typesupport_introspection_c
running egg_info
writing turtlesim_custom_msgs.egg-info/PKG-INFO
writing dependency_links to turtlesim_custom_msgs.egg-info/dependency_links.txt
writing top-level names to turtlesim_custom_msgs.egg-info/top_level.txt
reading manifest file 'turtlesim_custom_msgs.egg-info/SOURCES.txt'
writing manifest file 'turtlesim_custom_msgs.egg-info/SOURCES.txt'
[100%] Built target ament_cmake_python_build_turtlesim_custom_msgs_egg
-- Install configuration: ""
-- Up-to-date: /home/ubuntu/ros_workspace/install/turtlesim_custom_msgs/share/ament_index/resource_index/rosidl_interfaces/turtlesim_custom_msgs
-- Up-to-date: /home/ubuntu/ros_workspace/install/turtlesim_custom_msgs/share/turtlesim_custom_msgs/msg/Vel.json
-- Up-to-date: /home/ubuntu/ros_workspace/install/turtlesim_custom_msgs/share/turtlesim_custom_msgs/srv/Velocity.json
-- Up-to-date: /home/ubuntu/ros_workspace/install/turtlesim_custom_msgs/include/turtlesim_custom_msgs/turtlesim_custom_msgs
-- Up-to-date: /home/ubuntu/ros_workspace/install/turtlesim_custom_msgs/include/turtlesim_custom_msgs/turtlesim_custom_msgs/srv
-- Up-to-date: /home/ubuntu/ros_workspace/install/turtlesim_custom_msgs/include/turtlesim_custom_msgs/turtlesim_custom_msgs/srv/detail
-- Up-to-date: /home/ubuntu/ros_workspace/install/turtlesim_custom_msgs/include/turtlesim_custom_msgs/turtlesim_custom_msgs/srv/detail/velocity__struct.h
-- Up-to-date: /home/ubuntu/ros_workspace/install/turtlesim_custom_msgs/include/turtlesim_custom_msgs/turtlesim_custom_msgs/srv/detail/velocity__description.c
-- Up-to-date: /home/ubuntu/ros_workspace/install/turtlesim_custom_msgs/include/turtlesim_custom_msgs/turtlesim_custom_msgs/srv/detail/velocity__type_support.h
-- Up-to-date: /home/ubuntu/ros_workspace/install/turtlesim_custom_msgs/include/turtlesim_custom_msgs/turtlesim_custom_msgs/srv/detail/velocity__functions.h
-- Up-to-date: /home/ubuntu/ros_workspace/install/turtlesim_custom_msgs/include/turtlesim_custom_msgs/turtlesim_custom_msgs/srv/detail/velocity__type_support.c
-- Up-to-date: /home/ubuntu/ros_workspace/install/turtlesim_custom_msgs/include/turtlesim_custom_msgs/turtlesim_custom_msgs/srv/detail/velocity__functions.c
-- Up-to-date: /home/ubuntu/ros_workspace/install/turtlesim_custom_msgs/include/turtlesim_custom_msgs/turtlesim_custom_msgs/srv/velocity.h
-- Up-to-date: /home/ubuntu/ros_workspace/install/turtlesim_custom_msgs/include/turtlesim_custom_msgs/turtlesim_custom_msgs/msg
-- Up-to-date: /home/ubuntu/ros_workspace/install/turtlesim_custom_msgs/include/turtlesim_custom_msgs/turtlesim_custom_msgs/msg/detail
-- Up-to-date: /home/ubuntu/ros_workspace/install/turtlesim_custom_msgs/include/turtlesim_custom_msgs/turtlesim_custom_msgs/msg/detail/vel__struct.h
-- Up-to-date: /home/ubuntu/ros_workspace/install/turtlesim_custom_msgs/include/turtlesim_custom_msgs/turtlesim_custom_msgs/msg/detail/vel__type_support.h
-- Up-to-date: /home/ubuntu/ros_workspace/install/turtlesim_custom_msgs/include/turtlesim_custom_msgs/turtlesim_custom_msgs/msg/detail/vel__type_support.c
-- Up-to-date: /home/ubuntu/ros_workspace/install/turtlesim_custom_msgs/include/turtlesim_custom_msgs/turtlesim_custom_msgs/msg/detail/vel__description.c
-- Up-to-date: /home/ubuntu/ros_workspace/install/turtlesim_custom_msgs/include/turtlesim_custom_msgs/turtlesim_custom_msgs/msg/detail/vel__functions.c
-- Up-to-date: /home/ubuntu/ros_workspace/install/turtlesim_custom_msgs/include/turtlesim_custom_msgs/turtlesim_custom_msgs/msg/detail/vel__functions.h
-- Up-to-date: /home/ubuntu/ros_workspace/install/turtlesim_custom_msgs/include/turtlesim_custom_msgs/turtlesim_custom_msgs/msg/vel.h
-- Up-to-date: /home/ubuntu/ros_workspace/install/turtlesim_custom_msgs/include/turtlesim_custom_msgs/turtlesim_custom_msgs/msg/rosidl_generator_c__visibility_control.h
-- Up-to-date: /home/ubuntu/ros_workspace/install/turtlesim_custom_msgs/share/turtlesim_custom_msgs/environment/library_path.sh
-- Up-to-date: /home/ubuntu/ros_workspace/install/turtlesim_custom_msgs/share/turtlesim_custom_msgs/environment/library_path.dsv
-- Up-to-date: /home/ubuntu/ros_workspace/install/turtlesim_custom_msgs/lib/libturtlesim_custom_msgs__rosidl_generator_c.so
-- Up-to-date: /home/ubuntu/ros_workspace/install/turtlesim_custom_msgs/include/turtlesim_custom_msgs/turtlesim_custom_msgs
-- Up-to-date: /home/ubuntu/ros_workspace/install/turtlesim_custom_msgs/include/turtlesim_custom_msgs/turtlesim_custom_msgs/srv
-- Up-to-date: /home/ubuntu/ros_workspace/install/turtlesim_custom_msgs/include/turtlesim_custom_msgs/turtlesim_custom_msgs/srv/detail
-- Up-to-date: /home/ubuntu/ros_workspace/install/turtlesim_custom_msgs/include/turtlesim_custom_msgs/turtlesim_custom_msgs/srv/detail/velocity__rosidl_typesupport_fastrtps_c.h
-- Up-to-date: /home/ubuntu/ros_workspace/install/turtlesim_custom_msgs/include/turtlesim_custom_msgs/turtlesim_custom_msgs/msg
-- Up-to-date: /home/ubuntu/ros_workspace/install/turtlesim_custom_msgs/include/turtlesim_custom_msgs/turtlesim_custom_msgs/msg/detail
-- Up-to-date: /home/ubuntu/ros_workspace/install/turtlesim_custom_msgs/include/turtlesim_custom_msgs/turtlesim_custom_msgs/msg/detail/vel__rosidl_typesupport_fastrtps_c.h
-- Up-to-date: /home/ubuntu/ros_workspace/install/turtlesim_custom_msgs/include/turtlesim_custom_msgs/turtlesim_custom_msgs/msg/rosidl_typesupport_fastrtps_c__visibility_control.h
-- Up-to-date: /home/ubuntu/ros_workspace/install/turtlesim_custom_msgs/lib/libturtlesim_custom_msgs__rosidl_typesupport_fastrtps_c.so
-- Up-to-date: /home/ubuntu/ros_workspace/install/turtlesim_custom_msgs/include/turtlesim_custom_msgs/turtlesim_custom_msgs
-- Up-to-date: /home/ubuntu/ros_workspace/install/turtlesim_custom_msgs/include/turtlesim_custom_msgs/turtlesim_custom_msgs/srv
-- Up-to-date: /home/ubuntu/ros_workspace/install/turtlesim_custom_msgs/include/turtlesim_custom_msgs/turtlesim_custom_msgs/srv/detail
-- Up-to-date: /home/ubuntu/ros_workspace/install/turtlesim_custom_msgs/include/turtlesim_custom_msgs/turtlesim_custom_msgs/srv/detail/velocity__type_support.c
-- Up-to-date: /home/ubuntu/ros_workspace/install/turtlesim_custom_msgs/include/turtlesim_custom_msgs/turtlesim_custom_msgs/srv/detail/velocity__rosidl_typesupport_introspection_c.h
-- Up-to-date: /home/ubuntu/ros_workspace/install/turtlesim_custom_msgs/include/turtlesim_custom_msgs/turtlesim_custom_msgs/msg
-- Up-to-date: /home/ubuntu/ros_workspace/install/turtlesim_custom_msgs/include/turtlesim_custom_msgs/turtlesim_custom_msgs/msg/detail
-- Up-to-date: /home/ubuntu/ros_workspace/install/turtlesim_custom_msgs/include/turtlesim_custom_msgs/turtlesim_custom_msgs/msg/detail/vel__type_support.c
-- Up-to-date: /home/ubuntu/ros_workspace/install/turtlesim_custom_msgs/include/turtlesim_custom_msgs/turtlesim_custom_msgs/msg/detail/vel__rosidl_typesupport_introspection_c.h
-- Up-to-date: /home/ubuntu/ros_workspace/install/turtlesim_custom_msgs/include/turtlesim_custom_msgs/turtlesim_custom_msgs/msg/rosidl_typesupport_introspection_c__visibility_control.h
-- Up-to-date: /home/ubuntu/ros_workspace/install/turtlesim_custom_msgs/lib/libturtlesim_custom_msgs__rosidl_typesupport_introspection_c.so
-- Up-to-date: /home/ubuntu/ros_workspace/install/turtlesim_custom_msgs/lib/libturtlesim_custom_msgs__rosidl_typesupport_c.so
-- Up-to-date: /home/ubuntu/ros_workspace/install/turtlesim_custom_msgs/include/turtlesim_custom_msgs/turtlesim_custom_msgs
-- Up-to-date: /home/ubuntu/ros_workspace/install/turtlesim_custom_msgs/include/turtlesim_custom_msgs/turtlesim_custom_msgs/srv
-- Up-to-date: /home/ubuntu/ros_workspace/install/turtlesim_custom_msgs/include/turtlesim_custom_msgs/turtlesim_custom_msgs/srv/detail
-- Up-to-date: /home/ubuntu/ros_workspace/install/turtlesim_custom_msgs/include/turtlesim_custom_msgs/turtlesim_custom_msgs/srv/detail/velocity__traits.hpp
-- Up-to-date: /home/ubuntu/ros_workspace/install/turtlesim_custom_msgs/include/turtlesim_custom_msgs/turtlesim_custom_msgs/srv/detail/velocity__type_support.hpp
-- Up-to-date: /home/ubuntu/ros_workspace/install/turtlesim_custom_msgs/include/turtlesim_custom_msgs/turtlesim_custom_msgs/srv/detail/velocity__builder.hpp
-- Up-to-date: /home/ubuntu/ros_workspace/install/turtlesim_custom_msgs/include/turtlesim_custom_msgs/turtlesim_custom_msgs/srv/detail/velocity__struct.hpp
-- Up-to-date: /home/ubuntu/ros_workspace/install/turtlesim_custom_msgs/include/turtlesim_custom_msgs/turtlesim_custom_msgs/srv/velocity.hpp
-- Up-to-date: /home/ubuntu/ros_workspace/install/turtlesim_custom_msgs/include/turtlesim_custom_msgs/turtlesim_custom_msgs/msg
-- Up-to-date: /home/ubuntu/ros_workspace/install/turtlesim_custom_msgs/include/turtlesim_custom_msgs/turtlesim_custom_msgs/msg/detail
-- Up-to-date: /home/ubuntu/ros_workspace/install/turtlesim_custom_msgs/include/turtlesim_custom_msgs/turtlesim_custom_msgs/msg/detail/vel__struct.hpp
-- Up-to-date: /home/ubuntu/ros_workspace/install/turtlesim_custom_msgs/include/turtlesim_custom_msgs/turtlesim_custom_msgs/msg/detail/vel__builder.hpp
-- Up-to-date: /home/ubuntu/ros_workspace/install/turtlesim_custom_msgs/include/turtlesim_custom_msgs/turtlesim_custom_msgs/msg/detail/vel__traits.hpp
-- Up-to-date: /home/ubuntu/ros_workspace/install/turtlesim_custom_msgs/include/turtlesim_custom_msgs/turtlesim_custom_msgs/msg/detail/vel__type_support.hpp
-- Up-to-date: /home/ubuntu/ros_workspace/install/turtlesim_custom_msgs/include/turtlesim_custom_msgs/turtlesim_custom_msgs/msg/rosidl_generator_cpp__visibility_control.hpp
-- Up-to-date: /home/ubuntu/ros_workspace/install/turtlesim_custom_msgs/include/turtlesim_custom_msgs/turtlesim_custom_msgs/msg/vel.hpp
-- Up-to-date: /home/ubuntu/ros_workspace/install/turtlesim_custom_msgs/include/turtlesim_custom_msgs/turtlesim_custom_msgs
-- Up-to-date: /home/ubuntu/ros_workspace/install/turtlesim_custom_msgs/include/turtlesim_custom_msgs/turtlesim_custom_msgs/srv
-- Up-to-date: /home/ubuntu/ros_workspace/install/turtlesim_custom_msgs/include/turtlesim_custom_msgs/turtlesim_custom_msgs/srv/detail
-- Up-to-date: /home/ubuntu/ros_workspace/install/turtlesim_custom_msgs/include/turtlesim_custom_msgs/turtlesim_custom_msgs/srv/detail/dds_fastrtps
-- Up-to-date: /home/ubuntu/ros_workspace/install/turtlesim_custom_msgs/include/turtlesim_custom_msgs/turtlesim_custom_msgs/srv/detail/velocity__rosidl_typesupport_fastrtps_cpp.hpp
-- Up-to-date: /home/ubuntu/ros_workspace/install/turtlesim_custom_msgs/include/turtlesim_custom_msgs/turtlesim_custom_msgs/msg
-- Up-to-date: /home/ubuntu/ros_workspace/install/turtlesim_custom_msgs/include/turtlesim_custom_msgs/turtlesim_custom_msgs/msg/detail
-- Up-to-date: /home/ubuntu/ros_workspace/install/turtlesim_custom_msgs/include/turtlesim_custom_msgs/turtlesim_custom_msgs/msg/detail/dds_fastrtps
-- Up-to-date: /home/ubuntu/ros_workspace/install/turtlesim_custom_msgs/include/turtlesim_custom_msgs/turtlesim_custom_msgs/msg/detail/vel__rosidl_typesupport_fastrtps_cpp.hpp
-- Up-to-date: /home/ubuntu/ros_workspace/install/turtlesim_custom_msgs/include/turtlesim_custom_msgs/turtlesim_custom_msgs/msg/rosidl_typesupport_fastrtps_cpp__visibility_control.h
-- Up-to-date: /home/ubuntu/ros_workspace/install/turtlesim_custom_msgs/lib/libturtlesim_custom_msgs__rosidl_typesupport_fastrtps_cpp.so
-- Up-to-date: /home/ubuntu/ros_workspace/install/turtlesim_custom_msgs/include/turtlesim_custom_msgs/turtlesim_custom_msgs
-- Up-to-date: /home/ubuntu/ros_workspace/install/turtlesim_custom_msgs/include/turtlesim_custom_msgs/turtlesim_custom_msgs/srv
-- Up-to-date: /home/ubuntu/ros_workspace/install/turtlesim_custom_msgs/include/turtlesim_custom_msgs/turtlesim_custom_msgs/srv/detail
-- Up-to-date: /home/ubuntu/ros_workspace/install/turtlesim_custom_msgs/include/turtlesim_custom_msgs/turtlesim_custom_msgs/srv/detail/velocity__type_support.cpp
-- Up-to-date: /home/ubuntu/ros_workspace/install/turtlesim_custom_msgs/include/turtlesim_custom_msgs/turtlesim_custom_msgs/srv/detail/velocity__rosidl_typesupport_introspection_cpp.hpp
-- Up-to-date: /home/ubuntu/ros_workspace/install/turtlesim_custom_msgs/include/turtlesim_custom_msgs/turtlesim_custom_msgs/msg
-- Up-to-date: /home/ubuntu/ros_workspace/install/turtlesim_custom_msgs/include/turtlesim_custom_msgs/turtlesim_custom_msgs/msg/detail
-- Up-to-date: /home/ubuntu/ros_workspace/install/turtlesim_custom_msgs/include/turtlesim_custom_msgs/turtlesim_custom_msgs/msg/detail/vel__type_support.cpp
-- Up-to-date: /home/ubuntu/ros_workspace/install/turtlesim_custom_msgs/include/turtlesim_custom_msgs/turtlesim_custom_msgs/msg/detail/vel__rosidl_typesupport_introspection_cpp.hpp
-- Up-to-date: /home/ubuntu/ros_workspace/install/turtlesim_custom_msgs/lib/libturtlesim_custom_msgs__rosidl_typesupport_introspection_cpp.so
-- Up-to-date: /home/ubuntu/ros_workspace/install/turtlesim_custom_msgs/lib/libturtlesim_custom_msgs__rosidl_typesupport_cpp.so
-- Up-to-date: /home/ubuntu/ros_workspace/install/turtlesim_custom_msgs/share/turtlesim_custom_msgs/environment/pythonpath.sh
-- Up-to-date: /home/ubuntu/ros_workspace/install/turtlesim_custom_msgs/share/turtlesim_custom_msgs/environment/pythonpath.dsv
-- Up-to-date: /home/ubuntu/ros_workspace/install/turtlesim_custom_msgs/lib/python3.12/site-packages/turtlesim_custom_msgs-0.0.0-py3.12.egg-info
-- Installing: /home/ubuntu/ros_workspace/install/turtlesim_custom_msgs/lib/python3.12/site-packages/turtlesim_custom_msgs-0.0.0-py3.12.egg-info/top_level.txt
-- Installing: /home/ubuntu/ros_workspace/install/turtlesim_custom_msgs/lib/python3.12/site-packages/turtlesim_custom_msgs-0.0.0-py3.12.egg-info/SOURCES.txt
-- Installing: /home/ubuntu/ros_workspace/install/turtlesim_custom_msgs/lib/python3.12/site-packages/turtlesim_custom_msgs-0.0.0-py3.12.egg-info/PKG-INFO
-- Installing: /home/ubuntu/ros_workspace/install/turtlesim_custom_msgs/lib/python3.12/site-packages/turtlesim_custom_msgs-0.0.0-py3.12.egg-info/dependency_links.txt
-- Up-to-date: /home/ubuntu/ros_workspace/install/turtlesim_custom_msgs/lib/python3.12/site-packages/turtlesim_custom_msgs
-- Up-to-date: /home/ubuntu/ros_workspace/install/turtlesim_custom_msgs/lib/python3.12/site-packages/turtlesim_custom_msgs/turtlesim_custom_msgs_s__rosidl_typesupport_introspection_c.so
-- Up-to-date: /home/ubuntu/ros_workspace/install/turtlesim_custom_msgs/lib/python3.12/site-packages/turtlesim_custom_msgs/turtlesim_custom_msgs_s__rosidl_typesupport_c.so
-- Up-to-date: /home/ubuntu/ros_workspace/install/turtlesim_custom_msgs/lib/python3.12/site-packages/turtlesim_custom_msgs/__init__.py
-- Up-to-date: /home/ubuntu/ros_workspace/install/turtlesim_custom_msgs/lib/python3.12/site-packages/turtlesim_custom_msgs/_turtlesim_custom_msgs_s.ep.rosidl_typesupport_introspection_c.c
-- Up-to-date: /home/ubuntu/ros_workspace/install/turtlesim_custom_msgs/lib/python3.12/site-packages/turtlesim_custom_msgs/_turtlesim_custom_msgs_s.ep.rosidl_typesupport_fastrtps_c.c
-- Up-to-date: /home/ubuntu/ros_workspace/install/turtlesim_custom_msgs/lib/python3.12/site-packages/turtlesim_custom_msgs/turtlesim_custom_msgs_s__rosidl_typesupport_fastrtps_c.so
-- Up-to-date: /home/ubuntu/ros_workspace/install/turtlesim_custom_msgs/lib/python3.12/site-packages/turtlesim_custom_msgs/srv
-- Up-to-date: /home/ubuntu/ros_workspace/install/turtlesim_custom_msgs/lib/python3.12/site-packages/turtlesim_custom_msgs/srv/_velocity.py
-- Up-to-date: /home/ubuntu/ros_workspace/install/turtlesim_custom_msgs/lib/python3.12/site-packages/turtlesim_custom_msgs/srv/_velocity_s.c
-- Up-to-date: /home/ubuntu/ros_workspace/install/turtlesim_custom_msgs/lib/python3.12/site-packages/turtlesim_custom_msgs/srv/__init__.py
-- Up-to-date: /home/ubuntu/ros_workspace/install/turtlesim_custom_msgs/lib/python3.12/site-packages/turtlesim_custom_msgs/_turtlesim_custom_msgs_s.ep.rosidl_typesupport_c.c
-- Up-to-date: /home/ubuntu/ros_workspace/install/turtlesim_custom_msgs/lib/python3.12/site-packages/turtlesim_custom_msgs/msg
-- Up-to-date: /home/ubuntu/ros_workspace/install/turtlesim_custom_msgs/lib/python3.12/site-packages/turtlesim_custom_msgs/msg/_vel.py
-- Up-to-date: /home/ubuntu/ros_workspace/install/turtlesim_custom_msgs/lib/python3.12/site-packages/turtlesim_custom_msgs/msg/_vel_s.c
-- Up-to-date: /home/ubuntu/ros_workspace/install/turtlesim_custom_msgs/lib/python3.12/site-packages/turtlesim_custom_msgs/msg/__init__.py
Listing '/home/ubuntu/ros_workspace/install/turtlesim_custom_msgs/lib/python3.12/site-packages/turtlesim_custom_msgs'...
Listing '/home/ubuntu/ros_workspace/install/turtlesim_custom_msgs/lib/python3.12/site-packages/turtlesim_custom_msgs/msg'...
Listing '/home/ubuntu/ros_workspace/install/turtlesim_custom_msgs/lib/python3.12/site-packages/turtlesim_custom_msgs/srv'...
-- Up-to-date: /home/ubuntu/ros_workspace/install/turtlesim_custom_msgs/lib/python3.12/site-packages/turtlesim_custom_msgs/turtlesim_custom_msgs_s__rosidl_typesupport_fastrtps_c.so
-- Up-to-date: /home/ubuntu/ros_workspace/install/turtlesim_custom_msgs/lib/python3.12/site-packages/turtlesim_custom_msgs/turtlesim_custom_msgs_s__rosidl_typesupport_introspection_c.so
-- Up-to-date: /home/ubuntu/ros_workspace/install/turtlesim_custom_msgs/lib/python3.12/site-packages/turtlesim_custom_msgs/turtlesim_custom_msgs_s__rosidl_typesupport_c.so
-- Up-to-date: /home/ubuntu/ros_workspace/install/turtlesim_custom_msgs/lib/libturtlesim_custom_msgs__rosidl_generator_py.so
-- Up-to-date: /home/ubuntu/ros_workspace/install/turtlesim_custom_msgs/share/turtlesim_custom_msgs/msg/Vel.idl
-- Up-to-date: /home/ubuntu/ros_workspace/install/turtlesim_custom_msgs/share/turtlesim_custom_msgs/srv/Velocity.idl
-- Up-to-date: /home/ubuntu/ros_workspace/install/turtlesim_custom_msgs/share/turtlesim_custom_msgs/msg/Vel.msg
-- Up-to-date: /home/ubuntu/ros_workspace/install/turtlesim_custom_msgs/share/turtlesim_custom_msgs/srv/Velocity.srv
-- Up-to-date: /home/ubuntu/ros_workspace/install/turtlesim_custom_msgs/share/ament_index/resource_index/package_run_dependencies/turtlesim_custom_msgs
-- Up-to-date: /home/ubuntu/ros_workspace/install/turtlesim_custom_msgs/share/ament_index/resource_index/parent_prefix_path/turtlesim_custom_msgs
-- Up-to-date: /home/ubuntu/ros_workspace/install/turtlesim_custom_msgs/share/turtlesim_custom_msgs/environment/ament_prefix_path.sh
-- Up-to-date: /home/ubuntu/ros_workspace/install/turtlesim_custom_msgs/share/turtlesim_custom_msgs/environment/ament_prefix_path.dsv
-- Up-to-date: /home/ubuntu/ros_workspace/install/turtlesim_custom_msgs/share/turtlesim_custom_msgs/environment/path.sh
-- Up-to-date: /home/ubuntu/ros_workspace/install/turtlesim_custom_msgs/share/turtlesim_custom_msgs/environment/path.dsv
-- Up-to-date: /home/ubuntu/ros_workspace/install/turtlesim_custom_msgs/share/turtlesim_custom_msgs/local_setup.bash
-- Up-to-date: /home/ubuntu/ros_workspace/install/turtlesim_custom_msgs/share/turtlesim_custom_msgs/local_setup.sh
-- Up-to-date: /home/ubuntu/ros_workspace/install/turtlesim_custom_msgs/share/turtlesim_custom_msgs/local_setup.zsh
-- Up-to-date: /home/ubuntu/ros_workspace/install/turtlesim_custom_msgs/share/turtlesim_custom_msgs/local_setup.dsv
-- Installing: /home/ubuntu/ros_workspace/install/turtlesim_custom_msgs/share/turtlesim_custom_msgs/package.dsv
-- Up-to-date: /home/ubuntu/ros_workspace/install/turtlesim_custom_msgs/share/ament_index/resource_index/packages/turtlesim_custom_msgs
-- Up-to-date: /home/ubuntu/ros_workspace/install/turtlesim_custom_msgs/share/turtlesim_custom_msgs/cmake/export_turtlesim_custom_msgs__rosidl_generator_cExport.cmake
-- Up-to-date: /home/ubuntu/ros_workspace/install/turtlesim_custom_msgs/share/turtlesim_custom_msgs/cmake/export_turtlesim_custom_msgs__rosidl_generator_cExport-noconfig.cmake
-- Up-to-date: /home/ubuntu/ros_workspace/install/turtlesim_custom_msgs/share/turtlesim_custom_msgs/cmake/export_turtlesim_custom_msgs__rosidl_typesupport_fastrtps_cExport.cmake
-- Up-to-date: /home/ubuntu/ros_workspace/install/turtlesim_custom_msgs/share/turtlesim_custom_msgs/cmake/export_turtlesim_custom_msgs__rosidl_typesupport_fastrtps_cExport-noconfig.cmake
-- Up-to-date: /home/ubuntu/ros_workspace/install/turtlesim_custom_msgs/share/turtlesim_custom_msgs/cmake/turtlesim_custom_msgs__rosidl_typesupport_introspection_cExport.cmake
-- Up-to-date: /home/ubuntu/ros_workspace/install/turtlesim_custom_msgs/share/turtlesim_custom_msgs/cmake/turtlesim_custom_msgs__rosidl_typesupport_introspection_cExport-noconfig.cmake
-- Up-to-date: /home/ubuntu/ros_workspace/install/turtlesim_custom_msgs/share/turtlesim_custom_msgs/cmake/turtlesim_custom_msgs__rosidl_typesupport_cExport.cmake
-- Up-to-date: /home/ubuntu/ros_workspace/install/turtlesim_custom_msgs/share/turtlesim_custom_msgs/cmake/turtlesim_custom_msgs__rosidl_typesupport_cExport-noconfig.cmake
-- Up-to-date: /home/ubuntu/ros_workspace/install/turtlesim_custom_msgs/share/turtlesim_custom_msgs/cmake/export_turtlesim_custom_msgs__rosidl_generator_cppExport.cmake
-- Up-to-date: /home/ubuntu/ros_workspace/install/turtlesim_custom_msgs/share/turtlesim_custom_msgs/cmake/export_turtlesim_custom_msgs__rosidl_typesupport_fastrtps_cppExport.cmake
-- Up-to-date: /home/ubuntu/ros_workspace/install/turtlesim_custom_msgs/share/turtlesim_custom_msgs/cmake/export_turtlesim_custom_msgs__rosidl_typesupport_fastrtps_cppExport-noconfig.cmake
-- Up-to-date: /home/ubuntu/ros_workspace/install/turtlesim_custom_msgs/share/turtlesim_custom_msgs/cmake/turtlesim_custom_msgs__rosidl_typesupport_introspection_cppExport.cmake
-- Up-to-date: /home/ubuntu/ros_workspace/install/turtlesim_custom_msgs/share/turtlesim_custom_msgs/cmake/turtlesim_custom_msgs__rosidl_typesupport_introspection_cppExport-noconfig.cmake
-- Up-to-date: /home/ubuntu/ros_workspace/install/turtlesim_custom_msgs/share/turtlesim_custom_msgs/cmake/turtlesim_custom_msgs__rosidl_typesupport_cppExport.cmake
-- Up-to-date: /home/ubuntu/ros_workspace/install/turtlesim_custom_msgs/share/turtlesim_custom_msgs/cmake/turtlesim_custom_msgs__rosidl_typesupport_cppExport-noconfig.cmake
-- Up-to-date: /home/ubuntu/ros_workspace/install/turtlesim_custom_msgs/share/turtlesim_custom_msgs/cmake/export_turtlesim_custom_msgs__rosidl_generator_pyExport.cmake
-- Up-to-date: /home/ubuntu/ros_workspace/install/turtlesim_custom_msgs/share/turtlesim_custom_msgs/cmake/export_turtlesim_custom_msgs__rosidl_generator_pyExport-noconfig.cmake
-- Up-to-date: /home/ubuntu/ros_workspace/install/turtlesim_custom_msgs/share/turtlesim_custom_msgs/cmake/rosidl_cmake-extras.cmake
-- Up-to-date: /home/ubuntu/ros_workspace/install/turtlesim_custom_msgs/share/turtlesim_custom_msgs/cmake/ament_cmake_export_dependencies-extras.cmake
-- Up-to-date: /home/ubuntu/ros_workspace/install/turtlesim_custom_msgs/share/turtlesim_custom_msgs/cmake/ament_cmake_export_include_directories-extras.cmake
-- Up-to-date: /home/ubuntu/ros_workspace/install/turtlesim_custom_msgs/share/turtlesim_custom_msgs/cmake/ament_cmake_export_libraries-extras.cmake
-- Up-to-date: /home/ubuntu/ros_workspace/install/turtlesim_custom_msgs/share/turtlesim_custom_msgs/cmake/ament_cmake_export_targets-extras.cmake
-- Up-to-date: /home/ubuntu/ros_workspace/install/turtlesim_custom_msgs/share/turtlesim_custom_msgs/cmake/rosidl_cmake_export_typesupport_targets-extras.cmake
-- Up-to-date: /home/ubuntu/ros_workspace/install/turtlesim_custom_msgs/share/turtlesim_custom_msgs/cmake/rosidl_cmake_export_typesupport_libraries-extras.cmake
-- Up-to-date: /home/ubuntu/ros_workspace/install/turtlesim_custom_msgs/share/turtlesim_custom_msgs/cmake/turtlesim_custom_msgsConfig.cmake
-- Up-to-date: /home/ubuntu/ros_workspace/install/turtlesim_custom_msgs/share/turtlesim_custom_msgs/cmake/turtlesim_custom_msgsConfig-version.cmake
-- Up-to-date: /home/ubuntu/ros_workspace/install/turtlesim_custom_msgs/share/turtlesim_custom_msgs/package.xml
