[0.827s] Invoking command in '/home/ubuntu/ros_workspace/src/assignment2_rt_py': AMENT_PREFIX_PATH=/home/ubuntu/ros_workspace/install/turtlesim_custom_msgs:/home/ubuntu/ros_workspace/install/bme_gazebo_sensors:${AMENT_PREFIX_PATH} CMAKE_PREFIX_PATH=/home/ubuntu/ros_workspace/install/turtlesim_custom_msgs:/home/ubuntu/ros_workspace/install/bme_gazebo_sensors:${CMAKE_PREFIX_PATH} LD_LIBRARY_PATH=/home/ubuntu/ros_workspace/install/turtlesim_custom_msgs/lib:${LD_LIBRARY_PATH} PYTHONPATH=/home/ubuntu/ros_workspace/build/assignment2_rt_py/prefix_override:/usr/lib/python3/dist-packages/colcon_core/task/python/colcon_distutils_commands:/home/ubuntu/ros_workspace/install/assignment2_rt_py/lib/python3.12/site-packages:/home/ubuntu/ros_workspace/install/turtlesim_custom_msgs/lib/python3.12/site-packages:${PYTHONPATH} /usr/bin/python3 -W ignore:setup.py install is deprecated -W ignore:easy_install command is deprecated setup.py egg_info --egg-base ../../build/assignment2_rt_py build --build-base /home/ubuntu/ros_workspace/build/assignment2_rt_py/build install --record /home/ubuntu/ros_workspace/build/assignment2_rt_py/install.log --single-version-externally-managed install_data
[1.067s] running egg_info
[1.083s] writing ../../build/assignment2_rt_py/assignment2_rt_py.egg-info/PKG-INFO
[1.084s] writing dependency_links to ../../build/assignment2_rt_py/assignment2_rt_py.egg-info/dependency_links.txt
[1.084s] writing entry points to ../../build/assignment2_rt_py/assignment2_rt_py.egg-info/entry_points.txt
[1.084s] writing requirements to ../../build/assignment2_rt_py/assignment2_rt_py.egg-info/requires.txt
[1.085s] writing top-level names to ../../build/assignment2_rt_py/assignment2_rt_py.egg-info/top_level.txt
[1.118s] reading manifest file '../../build/assignment2_rt_py/assignment2_rt_py.egg-info/SOURCES.txt'
[1.119s] writing manifest file '../../build/assignment2_rt_py/assignment2_rt_py.egg-info/SOURCES.txt'
[1.119s] running build
[1.120s] running build_py
[1.120s] running install
[1.125s] running install_lib
[1.143s] byte-compiling /home/ubuntu/ros_workspace/install/assignment2_rt_py/lib/python3.12/site-packages/assignment2_rt_py/robot_controller.py to robot_controller.cpython-312.pyc
[1.145s] Sorry: IndentationError: expected an indented block after 'if' statement on line 203 (robot_controller.py, line 204)
[1.145s] byte-compiling /home/ubuntu/ros_workspace/install/assignment2_rt_py/lib/python3.12/site-packages/assignment2_rt_py/distance_calc.py to distance_calc.cpython-312.pyc
[1.146s]   File "/home/ubuntu/ros_workspace/install/assignment2_rt_py/lib/python3.12/site-packages/assignment2_rt_py/distance_calc.py", line 72
[1.146s]     else self.lidar <= self.threshold_:
[1.146s]          ^^^^
[1.146s] SyntaxError: expected ':'
[1.146s] 
[1.147s] running install_data
[1.147s] running install_egg_info
[1.165s] removing '/home/ubuntu/ros_workspace/install/assignment2_rt_py/lib/python3.12/site-packages/assignment2_rt_py-0.0.0-py3.12.egg-info' (and everything under it)
[1.165s] Copying ../../build/assignment2_rt_py/assignment2_rt_py.egg-info to /home/ubuntu/ros_workspace/install/assignment2_rt_py/lib/python3.12/site-packages/assignment2_rt_py-0.0.0-py3.12.egg-info
[1.168s] running install_scripts
[1.292s] Installing distance script to /home/ubuntu/ros_workspace/install/assignment2_rt_py/lib/assignment2_rt_py
[1.292s] Installing robot_controller script to /home/ubuntu/ros_workspace/install/assignment2_rt_py/lib/assignment2_rt_py
[1.293s] writing list of installed files to '/home/ubuntu/ros_workspace/build/assignment2_rt_py/install.log'
[1.321s] Invoked command in '/home/ubuntu/ros_workspace/src/assignment2_rt_py' returned '0': AMENT_PREFIX_PATH=/home/ubuntu/ros_workspace/install/turtlesim_custom_msgs:/home/ubuntu/ros_workspace/install/bme_gazebo_sensors:${AMENT_PREFIX_PATH} CMAKE_PREFIX_PATH=/home/ubuntu/ros_workspace/install/turtlesim_custom_msgs:/home/ubuntu/ros_workspace/install/bme_gazebo_sensors:${CMAKE_PREFIX_PATH} LD_LIBRARY_PATH=/home/ubuntu/ros_workspace/install/turtlesim_custom_msgs/lib:${LD_LIBRARY_PATH} PYTHONPATH=/home/ubuntu/ros_workspace/build/assignment2_rt_py/prefix_override:/usr/lib/python3/dist-packages/colcon_core/task/python/colcon_distutils_commands:/home/ubuntu/ros_workspace/install/assignment2_rt_py/lib/python3.12/site-packages:/home/ubuntu/ros_workspace/install/turtlesim_custom_msgs/lib/python3.12/site-packages:${PYTHONPATH} /usr/bin/python3 -W ignore:setup.py install is deprecated -W ignore:easy_install command is deprecated setup.py egg_info --egg-base ../../build/assignment2_rt_py build --build-base /home/ubuntu/ros_workspace/build/assignment2_rt_py/build install --record /home/ubuntu/ros_workspace/build/assignment2_rt_py/install.log --single-version-externally-managed install_data
